#
# A fatal error has been detected by the Java Runtime Environment:
#
#  SIGSEGV (0xb) at pc=0x00007f3cedeb3998, pid=10665, tid=139900127393536
#
# JRE version: Java(TM) SE Runtime Environment (8.0_51-b16) (build 1.8.0_51-b16)
# Java VM: Java HotSpot(TM) 64-Bit Server VM (25.51-b03 mixed mode linux-amd64 compressed oops)
# Problematic frame:
# C  [i965_dri.so+0x3c9998]
#
# Failed to write core dump. Core dumps have been disabled. To enable core dumping, try "ulimit -c unlimited" before starting Java again
#
# If you would like to submit a bug report, please visit:
#   http://bugreport.java.com/bugreport/crash.jsp
# The crash happened outside the Java Virtual Machine in native code.
# See problematic frame for where to report the bug.
#

---------------  T H R E A D  ---------------

Current thread (0x00007f3d64679000):  JavaThread "main-Display-.x11_:0-1-EDT-1" daemon [_thread_in_native, id=10705, stack(0x00007f3d0955b000,0x00007f3d0965c000)]

siginfo: si_signo: 11 (SIGSEGV), si_code: 1 (SEGV_MAPERR), si_addr: 0x0000000100000000

Registers:
RAX=0x00007f3cedeb3990, RBX=0x00007f3cd004f900, RCX=0x0000000000000000, RDX=0x0000000000000001
RSP=0x00007f3d09659110, RBP=0x00007f3ce8022100, RSI=0x00007f3cd004f9e0, RDI=0x0000000100000000
R8 =0x0000000000000000, R9 =0x00007f3d08f08fc0, R10=0x00007f3d556a30c7, R11=0x0000000000000000
R12=0x00007f3ce801fc20, R13=0x0000000000000000, R14=0x00007f3ce80232c0, R15=0x0000000000000000
RIP=0x00007f3cedeb3998, EFLAGS=0x0000000000010202, CSGSFS=0x0000000000000033, ERR=0x0000000000000004
  TRAPNO=0x000000000000000e

Top of Stack: (sp=0x00007f3d09659110)
0x00007f3d09659110:   00007f3d09659200 0000000000000000
0x00007f3d09659120:   00007f3cd004f900 00007f3ce8022100
0x00007f3d09659130:   00007f3ce801fc20 00007f3d08f0904e
0x00007f3d09659140:   00007f3d09659178 00007f3d09156660
0x00007f3d09659150:   00007f3ce8014b10 00007f3d00000000
0x00007f3d09659160:   0000000000000000 0000000000000000
0x00007f3d09659170:   00007f3d09659480 00007f3cd004f900
0x00007f3d09659180:   0000000004200002 00000007c0122058
0x00007f3d09659190:   00007f3d09659200 0000000000000000
0x00007f3d096591a0:   00007f3d09659498 00007f3d09659240
0x00007f3d096591b0:   00007f3d64679000 00007f3cef5cdba7
0x00007f3d096591c0:   0000000000000000 00007f3d08ee2ab0
0x00007f3d096591d0:   0000000004200002 00007f3ce8014b10
0x00007f3d096591e0:   00007f3d09659240 00007f3d646791f8
0x00007f3d096591f0:   00007f3d0928b510 00007f3d08ee2ab0
0x00007f3d09659200:   00007f3d09659250 00007f3d556a313d
0x00007f3d09659210:   fffffffe00000000 0000000000000000
0x00007f3d09659220:   00000006c742a060 00000006c742a070
0x00007f3d09659230:   00000000000003d8 00007f3d6461ad40
0x00007f3d09659240:   00000006c7586d58 00000007c0169668
0x00007f3d09659250:   00007f3d096594e0 00007f3d556a3efc
0x00007f3d09659260:   00000006c7429b20 00000006c7429b30
0x00007f3d09659270:   fffffffe00000000 0000000000000000
0x00007f3d09659280:   0000000000000031 00000006c742a070
0x00007f3d09659290:   00007f3d09659498 00007f3d5502df03
0x00007f3d096592a0:   00007f3d096594e0 00007f3d55504274
0x00007f3d096592b0:   00007f3d096594e0 00007f3d09659498
0x00007f3d096592c0:   0000000000000031 00000006c7429b30
0x00007f3d096592d0:   00000006c742a050 00007f3d00000000
0x00007f3d096592e0:   00007f3d096594e0 00007f3d5562cd24
0x00007f3d096592f0:   00007f3d09659498 00007f3d5502df03
0x00007f3d09659300:   00007f3d550055d0 00007f3d00000000 

Instructions: (pc=0x00007f3cedeb3998)
0x00007f3cedeb3978:   0f 1f 84 00 00 00 00 00 48 83 c4 10 5b 5d 41 5c
0x00007f3cedeb3988:   c3 0f 1f 80 00 00 00 00 41 54 55 53 48 83 ec 10
0x00007f3cedeb3998:   48 8b 1f 48 85 db 74 3d f6 83 48 05 00 00 01 49
0x00007f3cedeb39a8:   89 f4 89 cd 75 72 83 e2 01 75 5d 83 e5 fd 74 38 

Register to memory mapping:

RAX=0x00007f3cedeb3990: <offset 0x3c9990> in /usr/lib/x86_64-linux-gnu/dri/i965_dri.so at 0x00007f3cedaea000
RBX=0x00007f3cd004f900 is an unknown value
RCX=0x0000000000000000 is an unknown value
RDX=0x0000000000000001 is an unknown value
RSP=0x00007f3d09659110 is pointing into the stack for thread: 0x00007f3d64679000
RBP=0x00007f3ce8022100 is an unknown value
RSI=0x00007f3cd004f9e0 is an unknown value
RDI=0x0000000100000000 is an unknown value
R8 =0x0000000000000000 is an unknown value
R9 =0x00007f3d08f08fc0: <offset 0x42fc0> in /usr/lib/x86_64-linux-gnu/mesa/libGL.so.1 at 0x00007f3d08ec6000
R10=0x00007f3d556a30c7 is at entry_point+71 in (nmethod*)0x00007f3d556a2f10
R11=0x0000000000000000 is an unknown value
R12=0x00007f3ce801fc20 is an unknown value
R13=0x0000000000000000 is an unknown value
R14=0x00007f3ce80232c0 is an unknown value
R15=0x0000000000000000 is an unknown value


Stack: [0x00007f3d0955b000,0x00007f3d0965c000],  sp=0x00007f3d09659110,  free space=1016k
Native frames: (J=compiled Java code, j=interpreted, Vv=VM code, C=native code)
C  [i965_dri.so+0x3c9998]

Java frames: (J=compiled Java code, j=interpreted, Vv=VM code)
J 1729  jogamp.opengl.x11.glx.GLX.dispatch_glXSwapBuffers0(JJJ)V (0 bytes) @ 0x00007f3d556a30c7 [0x00007f3d556a3080+0x47]
J 1728 C1 jogamp.opengl.x11.glx.GLX.glXSwapBuffers(JJ)V (45 bytes) @ 0x00007f3d556a3efc [0x00007f3d556a34e0+0xa1c]
J 1727 C1 jogamp.opengl.x11.glx.X11GLXDrawable.swapBuffersImpl(Z)V (21 bytes) @ 0x00007f3d556a2ccc [0x00007f3d556a2a20+0x2ac]
J 1670 C1 jogamp.opengl.GLDrawableImpl.swapBuffers()V (138 bytes) @ 0x00007f3d55670b34 [0x00007f3d55670460+0x6d4]
j  jogamp.opengl.GLAutoDrawableBase.defaultSwapBuffers()V+23
j  com.jogamp.newt.opengl.GLWindow.swapBuffers()V+1
j  processing.opengl.PJOGL.swapBuffers()V+15
j  processing.opengl.PGraphicsOpenGL.dispose()V+15
j  processing.core.PApplet.dispose()V+28
j  processing.opengl.PSurfaceJOGL$NEWTWindowListener.windowDestroyNotify(Lcom/jogamp/newt/event/WindowEvent;)V+7
j  jogamp.newt.WindowImpl.consumeWindowEvent(Lcom/jogamp/newt/event/WindowEvent;)V+254
j  jogamp.newt.WindowImpl.sendWindowEvent(I)V+14
j  jogamp.newt.WindowImpl$1.run()V+143
j  jogamp.newt.DisplayImpl.runOnEDTIfAvail(ZLjava/lang/Runnable;)V+172
j  jogamp.newt.WindowImpl.runOnEDTIfAvail(ZLjava/lang/Runnable;)V+36
j  jogamp.newt.WindowImpl.destroy()V+11
j  com.jogamp.newt.opengl.GLWindow.destroy()V+4
j  jogamp.opengl.GLAutoDrawableBase.destroyAvoidAwareOfLocking()V+31
j  jogamp.opengl.GLAutoDrawableBase.defaultWindowDestroyNotifyOp()V+43
j  com.jogamp.newt.opengl.GLWindow.access$000(Lcom/jogamp/newt/opengl/GLWindow;)V+1
j  com.jogamp.newt.opengl.GLWindow$1.run()V+4
j  jogamp.newt.WindowImpl.windowDestroyNotify(Z)Z+147
v  ~StubRoutines::call_stub
J 1520  jogamp.newt.driver.x11.DisplayDriver.DispatchMessages0(JJJII)V (0 bytes) @ 0x00007f3d555e0dff [0x00007f3d555e0dc0+0x3f]
J 1519 C1 jogamp.newt.driver.x11.DisplayDriver.dispatchMessagesNative()V (66 bytes) @ 0x00007f3d555e0314 [0x00007f3d555dff80+0x394]
J 1431 C1 jogamp.newt.DisplayImpl.dispatchMessages()V (116 bytes) @ 0x00007f3d55576474 [0x00007f3d55575a20+0xa54]
J 1430 C1 jogamp.newt.DisplayImpl$7.run()V (8 bytes) @ 0x00007f3d555755cc [0x00007f3d555754c0+0x10c]
j  jogamp.newt.DefaultEDTUtil$NEDT.run()V+67
v  ~StubRoutines::call_stub

---------------  P R O C E S S  ---------------

Java Threads: ( => current thread )
  0x00007f3cd0131800 JavaThread "Thread-6" [_thread_blocked, id=10727, stack(0x00007f3ce32fc000,0x00007f3ce33fd000)]
  0x00007f3cd011d800 JavaThread "Java Sound Event Dispatcher" daemon [_thread_blocked, id=10722, stack(0x00007f3ce33fd000,0x00007f3ce34fe000)]
  0x00007f3d6400f800 JavaThread "DestroyJavaVM" [_thread_blocked, id=10666, stack(0x00007f3d6bf6b000,0x00007f3d6c06c000)]
  0x00007f3d646e2800 JavaThread "Thread-2" [_thread_blocked, id=10708, stack(0x00007f3ce3cff000,0x00007f3ce3e00000)]
  0x00007f3d646d8000 JavaThread "main-SharedResourceRunner" daemon [_thread_blocked, id=10707, stack(0x00007f3cee26d000,0x00007f3cee36e000)]
  0x00007f3d646ae000 JavaThread "main-SharedResourceRunner" daemon [_thread_blocked, id=10706, stack(0x00007f3cef434000,0x00007f3cef535000)]
=>0x00007f3d64679000 JavaThread "main-Display-.x11_:0-1-EDT-1" daemon [_thread_in_native, id=10705, stack(0x00007f3d0955b000,0x00007f3d0965c000)]
  0x00007f3d6452c000 JavaThread "process reaper" daemon [_thread_blocked, id=10698, stack(0x00007f3d0ad78000,0x00007f3d0adb1000)]
  0x00007f3d642d9800 JavaThread "AWT-XAWT" daemon [_thread_in_native, id=10694, stack(0x00007f3d0b255000,0x00007f3d0b356000)]
  0x00007f3d642b9800 JavaThread "Java2D Disposer" daemon [_thread_blocked, id=10693, stack(0x00007f3d38070000,0x00007f3d38171000)]
  0x00007f3d640d6800 JavaThread "Service Thread" daemon [_thread_blocked, id=10691, stack(0x00007f3d4d1e0000,0x00007f3d4d2e1000)]
  0x00007f3d640d1000 JavaThread "C1 CompilerThread2" daemon [_thread_blocked, id=10690, stack(0x00007f3d4d2e1000,0x00007f3d4d3e2000)]
  0x00007f3d640cf800 JavaThread "C2 CompilerThread1" daemon [_thread_blocked, id=10689, stack(0x00007f3d4d3e2000,0x00007f3d4d4e3000)]
  0x00007f3d640cc800 JavaThread "C2 CompilerThread0" daemon [_thread_blocked, id=10688, stack(0x00007f3d4d4e3000,0x00007f3d4d5e4000)]
  0x00007f3d28001000 JavaThread "JDWP Command Reader" daemon [_thread_in_native, id=10681, stack(0x00007f3d4d5e4000,0x00007f3d4d6e5000)]
  0x00007f3d640ca800 JavaThread "JDWP Event Helper Thread" daemon [_thread_blocked, id=10677, stack(0x00007f3d4d6e5000,0x00007f3d4d7e6000)]
  0x00007f3d640c7000 JavaThread "JDWP Transport Listener: dt_socket" daemon [_thread_blocked, id=10676, stack(0x00007f3d4d7e6000,0x00007f3d4d8e7000)]
  0x00007f3d640b9800 JavaThread "Signal Dispatcher" daemon [_thread_blocked, id=10675, stack(0x00007f3d4daeb000,0x00007f3d4dbec000)]
  0x00007f3d64084800 JavaThread "Finalizer" daemon [_thread_blocked, id=10674, stack(0x00007f3d4dbec000,0x00007f3d4dced000)]
  0x00007f3d64082800 JavaThread "Reference Handler" daemon [_thread_blocked, id=10673, stack(0x00007f3d4dced000,0x00007f3d4ddee000)]

Other Threads:
  0x00007f3d6407d000 VMThread [stack: 0x00007f3d4ddee000,0x00007f3d4deef000] [id=10672]
  0x00007f3d640d9000 WatcherThread [stack: 0x00007f3d4d0df000,0x00007f3d4d1e0000] [id=10692]

VM state:not at safepoint (normal execution)

VM Mutex/Monitor currently owned by a thread: None

Heap:
 PSYoungGen      total 242688K, used 79796K [0x000000076d100000, 0x000000077d480000, 0x00000007c0000000)
  eden space 238080K, 33% used [0x000000076d100000,0x0000000771edd290,0x000000077b980000)
  from space 4608K, 1% used [0x000000077d000000,0x000000077d010000,0x000000077d480000)
  to   space 13824K, 0% used [0x000000077b980000,0x000000077b980000,0x000000077c700000)
 ParOldGen       total 171008K, used 9692K [0x00000006c7200000, 0x00000006d1900000, 0x000000076d100000)
  object space 171008K, 5% used [0x00000006c7200000,0x00000006c7b77138,0x00000006d1900000)
 Metaspace       used 17395K, capacity 17642K, committed 17792K, reserved 1064960K
  class space    used 1551K, capacity 1630K, committed 1664K, reserved 1048576K

Card table byte_map: [0x00007f3d54838000,0x00007f3d55000000] byte_map_base: 0x00007f3d511ff000

Marking Bits: (ParMarkBitMap*) 0x00007f3d6b449660
 Begin Bits: [0x00007f3d38390000, 0x00007f3d3c1c8000)
 End Bits:   [0x00007f3d3c1c8000, 0x00007f3d40000000)

Polling page: 0x00007f3d6c090000

CodeCache: size=245760Kb used=6986Kb max_used=6986Kb free=238773Kb
 bounds [0x00007f3d55000000, 0x00007f3d556e0000, 0x00007f3d64000000]
 total_blobs=2748 nmethods=1793 adapters=877
 compilation: enabled

Compilation events (10 events):
Event: 13.790 Thread 0x00007f3d640d1000 1791   !   3       com.sun.media.sound.DirectAudioDevice$DirectDL::available (42 bytes)
Event: 13.790 Thread 0x00007f3d640d1000 nmethod 1791 0x00007f3d556d37d0 code [0x00007f3d556d3960, 0x00007f3d556d3d88]
Event: 13.790 Thread 0x00007f3d640d1000 1792       3       com.sun.media.sound.DirectAudioDevice::access$1400 (6 bytes)
Event: 13.791 Thread 0x00007f3d640d1000 nmethod 1792 0x00007f3d556d3f10 code [0x00007f3d556d4080, 0x00007f3d556d4208]
Event: 13.791 Thread 0x00007f3d640d1000 1794   !   3       com.sun.media.sound.DirectAudioDevice$DirectDL::write (344 bytes)
Event: 13.795 Thread 0x00007f3d640d1000 nmethod 1794 0x00007f3d556d4290 code [0x00007f3d556d4660, 0x00007f3d556d6ce8]
Event: 13.795 Thread 0x00007f3d640d1000 1795       3       com.sun.media.sound.DirectAudioDevice::access$1800 (15 bytes)
Event: 13.795 Thread 0x00007f3d640d1000 nmethod 1795 0x00007f3d556d7f90 code [0x00007f3d556d8100, 0x00007f3d556d82c8]
Event: 13.832 Thread 0x00007f3d640d1000 1798       3       sun.util.logging.PlatformLogger$Level::intValue (9 bytes)
Event: 13.832 Thread 0x00007f3d640d1000 nmethod 1798 0x00007f3d556d8710 code [0x00007f3d556d8880, 0x00007f3d556d8a90]

GC Heap History (10 events):
Event: 4.893 GC heap before
{Heap before GC invocations=4 (full 0):
 PSYoungGen      total 74752K, used 72502K [0x000000076d100000, 0x0000000776300000, 0x00000007c0000000)
  eden space 64512K, 100% used [0x000000076d100000,0x0000000771000000,0x0000000771000000)
  from space 10240K, 78% used [0x0000000771000000,0x00000007717cd9a0,0x0000000771a00000)
  to   space 10240K, 0% used [0x0000000775900000,0x0000000775900000,0x0000000776300000)
 ParOldGen       total 171008K, used 1681K [0x00000006c7200000, 0x00000006d1900000, 0x000000076d100000)
  object space 171008K, 0% used [0x00000006c7200000,0x00000006c73a4680,0x00000006d1900000)
 Metaspace       used 17183K, capacity 17386K, committed 17536K, reserved 1064960K
  class space    used 1551K, capacity 1630K, committed 1664K, reserved 1048576K
Event: 4.907 GC heap after
Heap after GC invocations=4 (full 0):
 PSYoungGen      total 139264K, used 8054K [0x000000076d100000, 0x0000000776300000, 0x00000007c0000000)
  eden space 129024K, 0% used [0x000000076d100000,0x000000076d100000,0x0000000774f00000)
  from space 10240K, 78% used [0x0000000775900000,0x00000007760dd9a0,0x0000000776300000)
  to   space 10240K, 0% used [0x0000000774f00000,0x0000000774f00000,0x0000000775900000)
 ParOldGen       total 171008K, used 1689K [0x00000006c7200000, 0x00000006d1900000, 0x000000076d100000)
  object space 171008K, 0% used [0x00000006c7200000,0x00000006c73a6680,0x00000006d1900000)
 Metaspace       used 17183K, capacity 17386K, committed 17536K, reserved 1064960K
  class space    used 1551K, capacity 1630K, committed 1664K, reserved 1048576K
}
Event: 6.319 GC heap before
{Heap before GC invocations=5 (full 0):
 PSYoungGen      total 139264K, used 137078K [0x000000076d100000, 0x0000000776300000, 0x00000007c0000000)
  eden space 129024K, 100% used [0x000000076d100000,0x0000000774f00000,0x0000000774f00000)
  from space 10240K, 78% used [0x0000000775900000,0x00000007760dd9a0,0x0000000776300000)
  to   space 10240K, 0% used [0x0000000774f00000,0x0000000774f00000,0x0000000775900000)
 ParOldGen       total 171008K, used 1689K [0x00000006c7200000, 0x00000006d1900000, 0x000000076d100000)
  object space 171008K, 0% used [0x00000006c7200000,0x00000006c73a6680,0x00000006d1900000)
 Metaspace       used 17212K, capacity 17386K, committed 17536K, reserved 1064960K
  class space    used 1551K, capacity 1630K, committed 1664K, reserved 1048576K
Event: 6.332 GC heap after
Heap after GC invocations=5 (full 0):
 PSYoungGen      total 139264K, used 8070K [0x000000076d100000, 0x000000077e400000, 0x00000007c0000000)
  eden space 129024K, 0% used [0x000000076d100000,0x000000076d100000,0x0000000774f00000)
  from space 10240K, 78% used [0x0000000774f00000,0x00000007756e19d0,0x0000000775900000)
  to   space 11776K, 0% used [0x000000077d880000,0x000000077d880000,0x000000077e400000)
 ParOldGen       total 171008K, used 1697K [0x00000006c7200000, 0x00000006d1900000, 0x000000076d100000)
  object space 171008K, 0% used [0x00000006c7200000,0x00000006c73a8680,0x00000006d1900000)
 Metaspace       used 17212K, capacity 17386K, committed 17536K, reserved 1064960K
  class space    used 1551K, capacity 1630K, committed 1664K, reserved 1048576K
}
Event: 7.815 GC heap before
{Heap before GC invocations=6 (full 0):
 PSYoungGen      total 139264K, used 137094K [0x000000076d100000, 0x000000077e400000, 0x00000007c0000000)
  eden space 129024K, 100% used [0x000000076d100000,0x0000000774f00000,0x0000000774f00000)
  from space 10240K, 78% used [0x0000000774f00000,0x00000007756e19d0,0x0000000775900000)
  to   space 11776K, 0% used [0x000000077d880000,0x000000077d880000,0x000000077e400000)
 ParOldGen       total 171008K, used 1697K [0x00000006c7200000, 0x00000006d1900000, 0x000000076d100000)
  object space 171008K, 0% used [0x00000006c7200000,0x00000006c73a8680,0x00000006d1900000)
 Metaspace       used 17226K, capacity 17386K, committed 17536K, reserved 1064960K
  class space    used 1551K, capacity 1630K, committed 1664K, reserved 1048576K
Event: 7.824 GC heap after
Heap after GC invocations=6 (full 0):
 PSYoungGen      total 269824K, used 8038K [0x000000076d100000, 0x000000077e400000, 0x00000007c0000000)
  eden space 258048K, 0% used [0x000000076d100000,0x000000076d100000,0x000000077cd00000)
  from space 11776K, 68% used [0x000000077d880000,0x000000077e0599d0,0x000000077e400000)
  to   space 11776K, 0% used [0x000000077cd00000,0x000000077cd00000,0x000000077d880000)
 ParOldGen       total 171008K, used 1705K [0x00000006c7200000, 0x00000006d1900000, 0x000000076d100000)
  object space 171008K, 0% used [0x00000006c7200000,0x00000006c73aa680,0x00000006d1900000)
 Metaspace       used 17226K, capacity 17386K, committed 17536K, reserved 1064960K
  class space    used 1551K, capacity 1630K, committed 1664K, reserved 1048576K
}
Event: 10.491 GC heap before
{Heap before GC invocations=7 (full 0):
 PSYoungGen      total 269824K, used 266086K [0x000000076d100000, 0x000000077e400000, 0x00000007c0000000)
  eden space 258048K, 100% used [0x000000076d100000,0x000000077cd00000,0x000000077cd00000)
  from space 11776K, 68% used [0x000000077d880000,0x000000077e0599d0,0x000000077e400000)
  to   space 11776K, 0% used [0x000000077cd00000,0x000000077cd00000,0x000000077d880000)
 ParOldGen       total 171008K, used 1705K [0x00000006c7200000, 0x00000006d1900000, 0x000000076d100000)
  object space 171008K, 0% used [0x00000006c7200000,0x00000006c73aa680,0x00000006d1900000)
 Metaspace       used 17294K, capacity 17450K, committed 17792K, reserved 1064960K
  class space    used 1551K, capacity 1630K, committed 1664K, reserved 1048576K
Event: 10.500 GC heap after
Heap after GC invocations=7 (full 0):
 PSYoungGen      total 248320K, used 128K [0x000000076d100000, 0x000000077dd00000, 0x00000007c0000000)
  eden space 247808K, 0% used [0x000000076d100000,0x000000076d100000,0x000000077c300000)
  from space 512K, 25% used [0x000000077cd00000,0x000000077cd20000,0x000000077cd80000)
  to   space 13312K, 0% used [0x000000077d000000,0x000000077d000000,0x000000077dd00000)
 ParOldGen       total 171008K, used 9668K [0x00000006c7200000, 0x00000006d1900000, 0x000000076d100000)
  object space 171008K, 5% used [0x00000006c7200000,0x00000006c7b71138,0x00000006d1900000)
 Metaspace       used 17294K, capacity 17450K, committed 17792K, reserved 1064960K
  class space    used 1551K, capacity 1630K, committed 1664K, reserved 1048576K
}
Event: 13.112 GC heap before
{Heap before GC invocations=8 (full 0):
 PSYoungGen      total 248320K, used 247936K [0x000000076d100000, 0x000000077dd00000, 0x00000007c0000000)
  eden space 247808K, 100% used [0x000000076d100000,0x000000077c300000,0x000000077c300000)
  from space 512K, 25% used [0x000000077cd00000,0x000000077cd20000,0x000000077cd80000)
  to   space 13312K, 0% used [0x000000077d000000,0x000000077d000000,0x000000077dd00000)
 ParOldGen       total 171008K, used 9668K [0x00000006c7200000, 0x00000006d1900000, 0x000000076d100000)
  object space 171008K, 5% used [0x00000006c7200000,0x00000006c7b71138,0x00000006d1900000)
 Metaspace       used 17353K, capacity 17514K, committed 17792K, reserved 1064960K
  class space    used 1551K, capacity 1630K, committed 1664K, reserved 1048576K
Event: 13.114 GC heap after
Heap after GC invocations=8 (full 0):
 PSYoungGen      total 242688K, used 64K [0x000000076d100000, 0x000000077d480000, 0x00000007c0000000)
  eden space 238080K, 0% used [0x000000076d100000,0x000000076d100000,0x000000077b980000)
  from space 4608K, 1% used [0x000000077d000000,0x000000077d010000,0x000000077d480000)
  to   space 13824K, 0% used [0x000000077b980000,0x000000077b980000,0x000000077c700000)
 ParOldGen       total 171008K, used 9692K [0x00000006c7200000, 0x00000006d1900000, 0x000000076d100000)
  object space 171008K, 5% used [0x00000006c7200000,0x00000006c7b77138,0x00000006d1900000)
 Metaspace       used 17353K, capacity 17514K, committed 17792K, reserved 1064960K
  class space    used 1551K, capacity 1630K, committed 1664K, reserved 1048576K
}

Deoptimization events (10 events):
Event: 1.745 Thread 0x00007f3d6400f800 Uncommon trap: reason=unstable_if action=reinterpret pc=0x00007f3d5538fb2c method=java.lang.reflect.AccessibleObject.setAccessible0(Ljava/lang/reflect/AccessibleObject;Z)V @ 4
Event: 1.879 Thread 0x00007f3d646e9000 Uncommon trap: reason=unstable_if action=reinterpret pc=0x00007f3d552be3b4 method=sun.misc.MetaIndex.mayContain(Ljava/lang/String;)Z @ 38
Event: 1.882 Thread 0x00007f3d646e9000 Uncommon trap: reason=unstable_if action=reinterpret pc=0x00007f3d55398db4 method=java.util.StringTokenizer.scanToken(I)I @ 7
Event: 1.947 Thread 0x00007f3d646e9000 Uncommon trap: reason=unstable_if action=reinterpret pc=0x00007f3d553c538c method=javax.sound.sampled.AudioFormat.matches(Ljavax/sound/sampled/AudioFormat;)Z @ 112
Event: 2.259 Thread 0x00007f3d646e9000 Uncommon trap: reason=unstable_if action=reinterpret pc=0x00007f3d554553f4 method=processing.opengl.PGraphicsOpenGL$Tessellator.addLineSegment3D(IIIII[SZ)I @ 68
Event: 4.176 Thread 0x00007f3cd0131800 Uncommon trap: reason=unstable_if action=reinterpret pc=0x00007f3d5555356c method=ddf.minim.javasound.FloatSampleTools.quantize16(FF)I @ 21
Event: 4.176 Thread 0x00007f3cd0131800 Uncommon trap: reason=unstable_if action=reinterpret pc=0x00007f3d553ce7d0 method=ddf.minim.javasound.FloatSampleTools.quantize16(FF)I @ 21
Event: 4.933 Thread 0x00007f3cd0131800 Uncommon trap: reason=unstable_if action=reinterpret pc=0x00007f3d555ccb94 method=ddf.minim.javasound.FloatSampleTools.quantize16(FF)I @ 32
Event: 6.739 Thread 0x00007f3d646e9000 Uncommon trap: reason=unstable_if action=reinterpret pc=0x00007f3d554cae58 method=processing.core.PGraphics.colorCalc(IF)V @ 5
Event: 7.618 Thread 0x00007f3d646e9000 Uncommon trap: reason=unstable_if action=reinterpret pc=0x00007f3d555490f0 method=sun.misc.FloatingDecimal$BinaryToASCIIBuffer.dtoa(IJIZ)V @ 714

Internal exceptions (10 events):
Event: 0.605 Thread 0x00007f3d6400f800 Exception <a 'java/security/PrivilegedActionException'> (0x000000076d7b0d20) thrown at [/HUDSON/workspace/8-2-build-linux-amd64/jdk8u51/3951/hotspot/src/share/vm/prims/jvm.cpp, line 1382]
Event: 0.605 Thread 0x00007f3d6400f800 Exception <a 'java/security/PrivilegedActionException'> (0x000000076d7b0ed8) thrown at [/HUDSON/workspace/8-2-build-linux-amd64/jdk8u51/3951/hotspot/src/share/vm/prims/jvm.cpp, line 1382]
Event: 0.606 Thread 0x00007f3d6400f800 Exception <a 'java/security/PrivilegedActionException'> (0x000000076d7b3190) thrown at [/HUDSON/workspace/8-2-build-linux-amd64/jdk8u51/3951/hotspot/src/share/vm/prims/jvm.cpp, line 1382]
Event: 0.606 Thread 0x00007f3d6400f800 Exception <a 'java/security/PrivilegedActionException'> (0x000000076d7b3348) thrown at [/HUDSON/workspace/8-2-build-linux-amd64/jdk8u51/3951/hotspot/src/share/vm/prims/jvm.cpp, line 1382]
Event: 0.611 Thread 0x00007f3d6400f800 Exception <a 'java/io/FileNotFoundException'> (0x000000076d7bd0a0) thrown at [/HUDSON/workspace/8-2-build-linux-amd64/jdk8u51/3951/hotspot/src/share/vm/prims/jni.cpp, line 709]
Event: 0.611 Thread 0x00007f3d6400f800 Exception <a 'java/io/FileNotFoundException'> (0x000000076d7bda28) thrown at [/HUDSON/workspace/8-2-build-linux-amd64/jdk8u51/3951/hotspot/src/share/vm/prims/jni.cpp, line 709]
Event: 0.679 Thread 0x00007f3d6400f800 Exception <a 'java/lang/NoSuchFieldError': method resolution failed> (0x000000076d8c3988) thrown at [/HUDSON/workspace/8-2-build-linux-amd64/jdk8u51/3951/hotspot/src/share/vm/prims/methodHandles.cpp, line 1125]
Event: 0.681 Thread 0x00007f3d6400f800 Exception <a 'java/lang/NoSuchFieldError': method resolution failed> (0x000000076d8d2348) thrown at [/HUDSON/workspace/8-2-build-linux-amd64/jdk8u51/3951/hotspot/src/share/vm/prims/methodHandles.cpp, line 1125]
Event: 1.564 Thread 0x00007f3d6400f800 Exception <a 'java/lang/InterruptedException'> (0x000000076f3d51b0) thrown at [/HUDSON/workspace/8-2-build-linux-amd64/jdk8u51/3951/hotspot/src/share/vm/runtime/objectMonitor.cpp, line 1683]
Event: 1.742 Thread 0x00007f3d6400f800 Exception <a 'java/lang/InterruptedException'> (0x000000076f3e0650) thrown at [/HUDSON/workspace/8-2-build-linux-amd64/jdk8u51/3951/hotspot/src/share/vm/runtime/objectMonitor.cpp, line 1683]

Events (10 events):
Event: 13.875 Thread 0x00007f3d646e9000 DEOPT UNPACKING pc=0x00007f3d55047633 sp=0x00007f3ce3cfccc8 mode 1
Event: 13.933 Thread 0x00007f3d646e9000 DEOPT PACKING pc=0x00007f3d556c4d49 sp=0x00007f3ce3cfcee0
Event: 13.933 Thread 0x00007f3d646e9000 DEOPT UNPACKING pc=0x00007f3d55047633 sp=0x00007f3ce3cfcc78 mode 1
Event: 13.933 Thread 0x00007f3d646e9000 DEOPT PACKING pc=0x00007f3d556c346c sp=0x00007f3ce3cfcf70
Event: 13.933 Thread 0x00007f3d646e9000 DEOPT UNPACKING pc=0x00007f3d55047633 sp=0x00007f3ce3cfccc8 mode 1
Event: 13.973 Thread 0x00007f3d646e9000 DEOPT PACKING pc=0x00007f3d556c4d49 sp=0x00007f3ce3cfcee0
Event: 13.973 Thread 0x00007f3d646e9000 DEOPT UNPACKING pc=0x00007f3d55047633 sp=0x00007f3ce3cfcc78 mode 1
Event: 13.973 Thread 0x00007f3d646e9000 DEOPT PACKING pc=0x00007f3d556c346c sp=0x00007f3ce3cfcf70
Event: 13.973 Thread 0x00007f3d646e9000 DEOPT UNPACKING pc=0x00007f3d55047633 sp=0x00007f3ce3cfccc8 mode 1
Event: 14.003 Thread 0x00007f3d646e9000 Thread exited: 0x00007f3d646e9000


Dynamic libraries:
00400000-00401000 r-xp 00000000 08:02 6695910                            /usr/bin/processing-3.0/java/bin/java
00600000-00601000 rw-p 00000000 08:02 6695910                            /usr/bin/processing-3.0/java/bin/java
00bdb000-00bfc000 rw-p 00000000 00:00 0                                  [heap]
6c7200000-6d1900000 rw-p 00000000 00:00 0 
6d1900000-76d100000 ---p 00000000 00:00 0 
76d100000-77d480000 rw-p 00000000 00:00 0 
77d480000-7c0000000 ---p 00000000 00:00 0 
7c0000000-7c01a0000 rw-p 00000000 00:00 0 
7c01a0000-800000000 ---p 00000000 00:00 0 
7f3cb4000000-7f3cb4294000 rw-p 00000000 00:00 0 
7f3cb4294000-7f3cb8000000 ---p 00000000 00:00 0 
7f3cbffff000-7f3cc4000000 r--s 00000000 00:16 18791                      /run/shm/pulse-shm-3302753902
7f3cc4000000-7f3cc4021000 rw-p 00000000 00:00 0 
7f3cc4021000-7f3cc8000000 ---p 00000000 00:00 0 
7f3ccbfff000-7f3cd0000000 rw-s 00000000 00:16 179268                     /run/shm/pulse-shm-2212054079
7f3cd0000000-7f3cd0bc7000 rw-p 00000000 00:00 0 
7f3cd0bc7000-7f3cd4000000 ---p 00000000 00:00 0 
7f3cd4000000-7f3cd4021000 rw-p 00000000 00:00 0 
7f3cd4021000-7f3cd8000000 ---p 00000000 00:00 0 
7f3cd8000000-7f3cd8021000 rw-p 00000000 00:00 0 
7f3cd8021000-7f3cdc000000 ---p 00000000 00:00 0 
7f3cdc000000-7f3cdf082000 rw-p 00000000 00:00 0 
7f3cdf082000-7f3ce0000000 ---p 00000000 00:00 0 
7f3ce066f000-7f3ce0670000 ---p 00000000 00:00 0 
7f3ce0670000-7f3ce0e70000 rw-p 00000000 00:00 0 
7f3ce0e70000-7f3ce0e71000 ---p 00000000 00:00 0 
7f3ce0e71000-7f3ce1671000 rw-p 00000000 00:00 0                          [stack:10723]
7f3ce1671000-7f3ce1677000 r-xp 00000000 08:02 6947199                    /usr/lib/x86_64-linux-gnu/alsa-lib/libasound_module_pcm_pulse.so
7f3ce1677000-7f3ce1876000 ---p 00006000 08:02 6947199                    /usr/lib/x86_64-linux-gnu/alsa-lib/libasound_module_pcm_pulse.so
7f3ce1876000-7f3ce1877000 r--p 00005000 08:02 6947199                    /usr/lib/x86_64-linux-gnu/alsa-lib/libasound_module_pcm_pulse.so
7f3ce1877000-7f3ce1878000 rw-p 00006000 08:02 6947199                    /usr/lib/x86_64-linux-gnu/alsa-lib/libasound_module_pcm_pulse.so
7f3ce1878000-7f3ce188f000 r-xp 00000000 08:02 13635816                   /lib/x86_64-linux-gnu/libresolv-2.19.so
7f3ce188f000-7f3ce1a8f000 ---p 00017000 08:02 13635816                   /lib/x86_64-linux-gnu/libresolv-2.19.so
7f3ce1a8f000-7f3ce1a90000 r--p 00017000 08:02 13635816                   /lib/x86_64-linux-gnu/libresolv-2.19.so
7f3ce1a90000-7f3ce1a91000 rw-p 00018000 08:02 13635816                   /lib/x86_64-linux-gnu/libresolv-2.19.so
7f3ce1a91000-7f3ce1a93000 rw-p 00000000 00:00 0 
7f3ce1a93000-7f3ce1a9a000 r-xp 00000000 08:02 6562227                    /usr/lib/x86_64-linux-gnu/libogg.so.0.8.1
7f3ce1a9a000-7f3ce1c9a000 ---p 00007000 08:02 6562227                    /usr/lib/x86_64-linux-gnu/libogg.so.0.8.1
7f3ce1c9a000-7f3ce1c9b000 r--p 00007000 08:02 6562227                    /usr/lib/x86_64-linux-gnu/libogg.so.0.8.1
7f3ce1c9b000-7f3ce1c9c000 rw-p 00008000 08:02 6562227                    /usr/lib/x86_64-linux-gnu/libogg.so.0.8.1
7f3ce1c9c000-7f3ce1cc8000 r-xp 00000000 08:02 6562501                    /usr/lib/x86_64-linux-gnu/libvorbis.so.0.4.5
7f3ce1cc8000-7f3ce1ec7000 ---p 0002c000 08:02 6562501                    /usr/lib/x86_64-linux-gnu/libvorbis.so.0.4.5
7f3ce1ec7000-7f3ce1ec8000 r--p 0002b000 08:02 6562501                    /usr/lib/x86_64-linux-gnu/libvorbis.so.0.4.5
7f3ce1ec8000-7f3ce1ec9000 rw-p 0002c000 08:02 6562501                    /usr/lib/x86_64-linux-gnu/libvorbis.so.0.4.5
7f3ce1ec9000-7f3ce217c000 r-xp 00000000 08:02 6562503                    /usr/lib/x86_64-linux-gnu/libvorbisenc.so.2.0.8
7f3ce217c000-7f3ce237b000 ---p 002b3000 08:02 6562503                    /usr/lib/x86_64-linux-gnu/libvorbisenc.so.2.0.8
7f3ce237b000-7f3ce2397000 r--p 002b2000 08:02 6562503                    /usr/lib/x86_64-linux-gnu/libvorbisenc.so.2.0.8
7f3ce2397000-7f3ce2398000 rw-p 002ce000 08:02 6562503                    /usr/lib/x86_64-linux-gnu/libvorbisenc.so.2.0.8
7f3ce2398000-7f3ce23c8000 r-xp 00000000 08:02 6561366                    /usr/lib/x86_64-linux-gnu/libFLAC.so.8.3.0
7f3ce23c8000-7f3ce25c7000 ---p 00030000 08:02 6561366                    /usr/lib/x86_64-linux-gnu/libFLAC.so.8.3.0
7f3ce25c7000-7f3ce25c8000 r--p 0002f000 08:02 6561366                    /usr/lib/x86_64-linux-gnu/libFLAC.so.8.3.0
7f3ce25c8000-7f3ce25c9000 rw-p 00030000 08:02 6561366                    /usr/lib/x86_64-linux-gnu/libFLAC.so.8.3.0
7f3ce25c9000-7f3ce25ce000 r-xp 00000000 08:02 6561598                    /usr/lib/x86_64-linux-gnu/libasyncns.so.0.3.1
7f3ce25ce000-7f3ce27cd000 ---p 00005000 08:02 6561598                    /usr/lib/x86_64-linux-gnu/libasyncns.so.0.3.1
7f3ce27cd000-7f3ce27ce000 r--p 00004000 08:02 6561598                    /usr/lib/x86_64-linux-gnu/libasyncns.so.0.3.1
7f3ce27ce000-7f3ce27cf000 rw-p 00005000 08:02 6561598                    /usr/lib/x86_64-linux-gnu/libasyncns.so.0.3.1
7f3ce27cf000-7f3ce2830000 r-xp 00000000 08:02 6562384                    /usr/lib/x86_64-linux-gnu/libsndfile.so.1.0.25
7f3ce2830000-7f3ce2a30000 ---p 00061000 08:02 6562384                    /usr/lib/x86_64-linux-gnu/libsndfile.so.1.0.25
7f3ce2a30000-7f3ce2a32000 r--p 00061000 08:02 6562384                    /usr/lib/x86_64-linux-gnu/libsndfile.so.1.0.25
7f3ce2a32000-7f3ce2a33000 rw-p 00063000 08:02 6562384                    /usr/lib/x86_64-linux-gnu/libsndfile.so.1.0.25
7f3ce2a33000-7f3ce2a37000 rw-p 00000000 00:00 0 
7f3ce2a37000-7f3ce2a3f000 r-xp 00000000 08:02 13635850                   /lib/x86_64-linux-gnu/libwrap.so.0.7.6
7f3ce2a3f000-7f3ce2c3e000 ---p 00008000 08:02 13635850                   /lib/x86_64-linux-gnu/libwrap.so.0.7.6
7f3ce2c3e000-7f3ce2c3f000 r--p 00007000 08:02 13635850                   /lib/x86_64-linux-gnu/libwrap.so.0.7.6
7f3ce2c3f000-7f3ce2c40000 rw-p 00008000 08:02 13635850                   /lib/x86_64-linux-gnu/libwrap.so.0.7.6
7f3ce2c40000-7f3ce2c41000 rw-p 00000000 00:00 0 
7f3ce2c41000-7f3ce2ca7000 r-xp 00000000 08:02 6948471                    /usr/lib/x86_64-linux-gnu/pulseaudio/libpulsecommon-4.0.so
7f3ce2ca7000-7f3ce2ea6000 ---p 00066000 08:02 6948471                    /usr/lib/x86_64-linux-gnu/pulseaudio/libpulsecommon-4.0.so
7f3ce2ea6000-7f3ce2ea7000 r--p 00065000 08:02 6948471                    /usr/lib/x86_64-linux-gnu/pulseaudio/libpulsecommon-4.0.so
7f3ce2ea7000-7f3ce2ea8000 rw-p 00066000 08:02 6948471                    /usr/lib/x86_64-linux-gnu/pulseaudio/libpulsecommon-4.0.so
7f3ce2ea8000-7f3ce2eb2000 r-xp 00000000 08:02 13635730                   /lib/x86_64-linux-gnu/libjson-c.so.2.0.0
7f3ce2eb2000-7f3ce30b1000 ---p 0000a000 08:02 13635730                   /lib/x86_64-linux-gnu/libjson-c.so.2.0.0
7f3ce30b1000-7f3ce30b2000 r--p 00009000 08:02 13635730                   /lib/x86_64-linux-gnu/libjson-c.so.2.0.0
7f3ce30b2000-7f3ce30b3000 rw-p 0000a000 08:02 13635730                   /lib/x86_64-linux-gnu/libjson-c.so.2.0.0
7f3ce30b3000-7f3ce30fa000 r-xp 00000000 08:02 6562296                    /usr/lib/x86_64-linux-gnu/libpulse.so.0.16.2
7f3ce30fa000-7f3ce32fa000 ---p 00047000 08:02 6562296                    /usr/lib/x86_64-linux-gnu/libpulse.so.0.16.2
7f3ce32fa000-7f3ce32fb000 r--p 00047000 08:02 6562296                    /usr/lib/x86_64-linux-gnu/libpulse.so.0.16.2
7f3ce32fb000-7f3ce32fc000 rw-p 00048000 08:02 6562296                    /usr/lib/x86_64-linux-gnu/libpulse.so.0.16.2
7f3ce32fc000-7f3ce32ff000 ---p 00000000 00:00 0 
7f3ce32ff000-7f3ce33fd000 rw-p 00000000 00:00 0                          [stack:10727]
7f3ce33fd000-7f3ce3400000 ---p 00000000 00:00 0 
7f3ce3400000-7f3ce34fe000 rw-p 00000000 00:00 0                          [stack:10722]
7f3ce34fe000-7f3ce35e7000 r-xp 00000000 08:02 6561590                    /usr/lib/x86_64-linux-gnu/libasound.so.2.0.0
7f3ce35e7000-7f3ce37e6000 ---p 000e9000 08:02 6561590                    /usr/lib/x86_64-linux-gnu/libasound.so.2.0.0
7f3ce37e6000-7f3ce37ed000 r--p 000e8000 08:02 6561590                    /usr/lib/x86_64-linux-gnu/libasound.so.2.0.0
7f3ce37ed000-7f3ce37ee000 rw-p 000ef000 08:02 6561590                    /usr/lib/x86_64-linux-gnu/libasound.so.2.0.0
7f3ce37ee000-7f3ce37fd000 r-xp 00000000 08:02 8012164                    /usr/bin/processing-3.0/java/lib/amd64/libjsoundalsa.so
7f3ce37fd000-7f3ce39fc000 ---p 0000f000 08:02 8012164                    /usr/bin/processing-3.0/java/lib/amd64/libjsoundalsa.so
7f3ce39fc000-7f3ce39fd000 rw-p 0000e000 08:02 8012164                    /usr/bin/processing-3.0/java/lib/amd64/libjsoundalsa.so
7f3ce39fd000-7f3ce39fe000 r-xp 00000000 08:02 8012181                    /usr/bin/processing-3.0/java/lib/amd64/libjsound.so
7f3ce39fe000-7f3ce3bfd000 ---p 00001000 08:02 8012181                    /usr/bin/processing-3.0/java/lib/amd64/libjsound.so
7f3ce3bfd000-7f3ce3bfe000 rw-p 00000000 08:02 8012181                    /usr/bin/processing-3.0/java/lib/amd64/libjsound.so
7f3ce3bfe000-7f3ce3c01000 ---p 00000000 00:00 0 
7f3ce3c01000-7f3ce3cff000 rw-p 00000000 00:00 0 
7f3ce3cff000-7f3ce3d02000 ---p 00000000 00:00 0 
7f3ce3d02000-7f3ce3fc0000 rw-p 00000000 00:00 0                          [stack:10708]
7f3ce3fc0000-7f3ce4000000 ---p 00000000 00:00 0 
7f3ce4000000-7f3ce6ded000 rw-p 00000000 00:00 0 
7f3ce6ded000-7f3ce8000000 ---p 00000000 00:00 0 
7f3ce8000000-7f3ce874e000 rw-p 00000000 00:00 0 
7f3ce874e000-7f3cec000000 ---p 00000000 00:00 0 
7f3cec07c000-7f3cec084000 rw-s 00000000 00:05 177665                     /drm mm object (deleted)
7f3cec084000-7f3cec0c4000 rw-s 148f06000 00:06 10208                     /dev/dri/card0
7f3cec0c4000-7f3cec108000 r-xp 00000000 08:02 13635704                   /lib/x86_64-linux-gnu/libdbus-1.so.3.7.6
7f3cec108000-7f3cec307000 ---p 00044000 08:02 13635704                   /lib/x86_64-linux-gnu/libdbus-1.so.3.7.6
7f3cec307000-7f3cec308000 r--p 00043000 08:02 13635704                   /lib/x86_64-linux-gnu/libdbus-1.so.3.7.6
7f3cec308000-7f3cec309000 rw-p 00044000 08:02 13635704                   /lib/x86_64-linux-gnu/libdbus-1.so.3.7.6
7f3cec309000-7f3cec311000 r-xp 00000000 08:02 13635752                   /lib/x86_64-linux-gnu/libnih-dbus.so.1.0.0
7f3cec311000-7f3cec511000 ---p 00008000 08:02 13635752                   /lib/x86_64-linux-gnu/libnih-dbus.so.1.0.0
7f3cec511000-7f3cec512000 r--p 00008000 08:02 13635752                   /lib/x86_64-linux-gnu/libnih-dbus.so.1.0.0
7f3cec512000-7f3cec513000 rw-p 00009000 08:02 13635752                   /lib/x86_64-linux-gnu/libnih-dbus.so.1.0.0
7f3cec513000-7f3cec52a000 r-xp 00000000 08:02 13635754                   /lib/x86_64-linux-gnu/libnih.so.1.0.0
7f3cec52a000-7f3cec729000 ---p 00017000 08:02 13635754                   /lib/x86_64-linux-gnu/libnih.so.1.0.0
7f3cec729000-7f3cec72a000 r--p 00016000 08:02 13635754                   /lib/x86_64-linux-gnu/libnih.so.1.0.0
7f3cec72a000-7f3cec72b000 rw-p 00017000 08:02 13635754                   /lib/x86_64-linux-gnu/libnih.so.1.0.0
7f3cec72b000-7f3cec744000 r-xp 00000000 08:02 13635695                   /lib/x86_64-linux-gnu/libcgmanager.so.0.0.0
7f3cec744000-7f3cec943000 ---p 00019000 08:02 13635695                   /lib/x86_64-linux-gnu/libcgmanager.so.0.0.0
7f3cec943000-7f3cec945000 r--p 00018000 08:02 13635695                   /lib/x86_64-linux-gnu/libcgmanager.so.0.0.0
7f3cec945000-7f3cec946000 rw-p 0001a000 08:02 13635695                   /lib/x86_64-linux-gnu/libcgmanager.so.0.0.0
7f3cec946000-7f3cec956000 r-xp 00000000 08:02 13635838                   /lib/x86_64-linux-gnu/libudev.so.1.3.5
7f3cec956000-7f3cecb55000 ---p 00010000 08:02 13635838                   /lib/x86_64-linux-gnu/libudev.so.1.3.5
7f3cecb55000-7f3cecb56000 r--p 0000f000 08:02 13635838                   /lib/x86_64-linux-gnu/libudev.so.1.3.5
7f3cecb56000-7f3cecb57000 rw-p 00010000 08:02 13635838                   /lib/x86_64-linux-gnu/libudev.so.1.3.5
7f3cecb57000-7f3cecb8e000 r-xp 00000000 08:02 6562454                    /usr/lib/x86_64-linux-gnu/libtxc_dxtn_s2tc.so.0.0.0
7f3cecb8e000-7f3cecd8d000 ---p 00037000 08:02 6562454                    /usr/lib/x86_64-linux-gnu/libtxc_dxtn_s2tc.so.0.0.0
7f3cecd8d000-7f3cecd8e000 r--p 00036000 08:02 6562454                    /usr/lib/x86_64-linux-gnu/libtxc_dxtn_s2tc.so.0.0.0
7f3cecd8e000-7f3cecd8f000 rw-p 00037000 08:02 6562454                    /usr/lib/x86_64-linux-gnu/libtxc_dxtn_s2tc.so.0.0.0
7f3cecd8f000-7f3cecda7000 r-xp 00000000 08:02 13635853                   /lib/x86_64-linux-gnu/libz.so.1.2.8
7f3cecda7000-7f3cecfa6000 ---p 00018000 08:02 13635853                   /lib/x86_64-linux-gnu/libz.so.1.2.8
7f3cecfa6000-7f3cecfa7000 r--p 00017000 08:02 13635853                   /lib/x86_64-linux-gnu/libz.so.1.2.8
7f3cecfa7000-7f3cecfa8000 rw-p 00018000 08:02 13635853                   /lib/x86_64-linux-gnu/libz.so.1.2.8
7f3cecfa8000-7f3cecfb0000 r-xp 00000000 08:02 6562259                    /usr/lib/x86_64-linux-gnu/libpciaccess.so.0.11.1
7f3cecfb0000-7f3ced1af000 ---p 00008000 08:02 6562259                    /usr/lib/x86_64-linux-gnu/libpciaccess.so.0.11.1
7f3ced1af000-7f3ced1b0000 r--p 00007000 08:02 6562259                    /usr/lib/x86_64-linux-gnu/libpciaccess.so.0.11.1
7f3ced1b0000-7f3ced1b1000 rw-p 00008000 08:02 6562259                    /usr/lib/x86_64-linux-gnu/libpciaccess.so.0.11.1
7f3ced1b1000-7f3ced297000 r-xp 00000000 08:02 6562412                    /usr/lib/x86_64-linux-gnu/libstdc++.so.6.0.19
7f3ced297000-7f3ced496000 ---p 000e6000 08:02 6562412                    /usr/lib/x86_64-linux-gnu/libstdc++.so.6.0.19
7f3ced496000-7f3ced49e000 r--p 000e5000 08:02 6562412                    /usr/lib/x86_64-linux-gnu/libstdc++.so.6.0.19
7f3ced49e000-7f3ced4a0000 rw-p 000ed000 08:02 6562412                    /usr/lib/x86_64-linux-gnu/libstdc++.so.6.0.19
7f3ced4a0000-7f3ced4b5000 rw-p 00000000 00:00 0 
7f3ced4b5000-7f3ced4c1000 r-xp 00000000 08:02 6561756                    /usr/lib/x86_64-linux-gnu/libdrm_radeon.so.1.0.1
7f3ced4c1000-7f3ced6c0000 ---p 0000c000 08:02 6561756                    /usr/lib/x86_64-linux-gnu/libdrm_radeon.so.1.0.1
7f3ced6c0000-7f3ced6c1000 r--p 0000b000 08:02 6561756                    /usr/lib/x86_64-linux-gnu/libdrm_radeon.so.1.0.1
7f3ced6c1000-7f3ced6c2000 rw-p 0000c000 08:02 6561756                    /usr/lib/x86_64-linux-gnu/libdrm_radeon.so.1.0.1
7f3ced6c2000-7f3ced6c8000 r-xp 00000000 08:02 6561754                    /usr/lib/x86_64-linux-gnu/libdrm_nouveau.so.2.0.0
7f3ced6c8000-7f3ced8c7000 ---p 00006000 08:02 6561754                    /usr/lib/x86_64-linux-gnu/libdrm_nouveau.so.2.0.0
7f3ced8c7000-7f3ced8c8000 r--p 00005000 08:02 6561754                    /usr/lib/x86_64-linux-gnu/libdrm_nouveau.so.2.0.0
7f3ced8c8000-7f3ced8c9000 rw-p 00006000 08:02 6561754                    /usr/lib/x86_64-linux-gnu/libdrm_nouveau.so.2.0.0
7f3ced8c9000-7f3ced8e9000 r-xp 00000000 08:02 6561752                    /usr/lib/x86_64-linux-gnu/libdrm_intel.so.1.0.0
7f3ced8e9000-7f3cedae8000 ---p 00020000 08:02 6561752                    /usr/lib/x86_64-linux-gnu/libdrm_intel.so.1.0.0
7f3cedae8000-7f3cedae9000 r--p 0001f000 08:02 6561752                    /usr/lib/x86_64-linux-gnu/libdrm_intel.so.1.0.0
7f3cedae9000-7f3cedaea000 rw-p 00020000 08:02 6561752                    /usr/lib/x86_64-linux-gnu/libdrm_intel.so.1.0.0
7f3cedaea000-7f3cee03e000 r-xp 00000000 08:02 6947244                    /usr/lib/x86_64-linux-gnu/dri/i965_dri.so
7f3cee03e000-7f3cee23e000 ---p 00554000 08:02 6947244                    /usr/lib/x86_64-linux-gnu/dri/i965_dri.so
7f3cee23e000-7f3cee25f000 r--p 00554000 08:02 6947244                    /usr/lib/x86_64-linux-gnu/dri/i965_dri.so
7f3cee25f000-7f3cee266000 rw-p 00575000 08:02 6947244                    /usr/lib/x86_64-linux-gnu/dri/i965_dri.so
7f3cee266000-7f3cee26d000 rw-p 00000000 00:00 0 
7f3cee26d000-7f3cee270000 ---p 00000000 00:00 0 
7f3cee270000-7f3cee36e000 rw-p 00000000 00:00 0                          [stack:10707]
7f3cee36e000-7f3cee3c7000 r-xp 00000000 08:02 4461996                    /tmp/jogamp_0000/file_cache/jln8455778275813543097/jln6707164545988131175/libjogl_mobile.so
7f3cee3c7000-7f3cee5c7000 ---p 00059000 08:02 4461996                    /tmp/jogamp_0000/file_cache/jln8455778275813543097/jln6707164545988131175/libjogl_mobile.so
7f3cee5c7000-7f3cee5c8000 rw-p 00059000 08:02 4461996                    /tmp/jogamp_0000/file_cache/jln8455778275813543097/jln6707164545988131175/libjogl_mobile.so
7f3cee5c8000-7f3cee5cf000 r-xp 00000000 08:02 6561790                    /usr/lib/x86_64-linux-gnu/libffi.so.6.0.1
7f3cee5cf000-7f3cee7ce000 ---p 00007000 08:02 6561790                    /usr/lib/x86_64-linux-gnu/libffi.so.6.0.1
7f3cee7ce000-7f3cee7cf000 r--p 00006000 08:02 6561790                    /usr/lib/x86_64-linux-gnu/libffi.so.6.0.1
7f3cee7cf000-7f3cee7d0000 rw-p 00007000 08:02 6561790                    /usr/lib/x86_64-linux-gnu/libffi.so.6.0.1
7f3cee7d0000-7f3cee7dc000 r-xp 00000000 08:02 6561843                    /usr/lib/x86_64-linux-gnu/libgbm.so.1.0.0
7f3cee7dc000-7f3cee9dc000 ---p 0000c000 08:02 6561843                    /usr/lib/x86_64-linux-gnu/libgbm.so.1.0.0
7f3cee9dc000-7f3cee9dd000 r--p 0000c000 08:02 6561843                    /usr/lib/x86_64-linux-gnu/libgbm.so.1.0.0
7f3cee9dd000-7f3cee9de000 rw-p 0000d000 08:02 6561843                    /usr/lib/x86_64-linux-gnu/libgbm.so.1.0.0
7f3cee9de000-7f3cee9ed000 r-xp 00000000 08:02 6562520                    /usr/lib/x86_64-linux-gnu/libwayland-server.so.0.1.0
7f3cee9ed000-7f3ceebec000 ---p 0000f000 08:02 6562520                    /usr/lib/x86_64-linux-gnu/libwayland-server.so.0.1.0
7f3ceebec000-7f3ceebee000 r--p 0000e000 08:02 6562520                    /usr/lib/x86_64-linux-gnu/libwayland-server.so.0.1.0
7f3ceebee000-7f3ceebef000 rw-p 00010000 08:02 6562520                    /usr/lib/x86_64-linux-gnu/libwayland-server.so.0.1.0
7f3ceebef000-7f3ceebfa000 r-xp 00000000 08:02 6562514                    /usr/lib/x86_64-linux-gnu/libwayland-client.so.0.2.0
7f3ceebfa000-7f3ceedf9000 ---p 0000b000 08:02 6562514                    /usr/lib/x86_64-linux-gnu/libwayland-client.so.0.2.0
7f3ceedf9000-7f3ceedfb000 r--p 0000a000 08:02 6562514                    /usr/lib/x86_64-linux-gnu/libwayland-client.so.0.2.0
7f3ceedfb000-7f3ceedfc000 rw-p 0000c000 08:02 6562514                    /usr/lib/x86_64-linux-gnu/libwayland-client.so.0.2.0
7f3ceedfc000-7f3ceee01000 r-xp 00000000 08:02 6562570                    /usr/lib/x86_64-linux-gnu/libxcb-xfixes.so.0.0.0
7f3ceee01000-7f3cef001000 ---p 00005000 08:02 6562570                    /usr/lib/x86_64-linux-gnu/libxcb-xfixes.so.0.0.0
7f3cef001000-7f3cef002000 r--p 00005000 08:02 6562570                    /usr/lib/x86_64-linux-gnu/libxcb-xfixes.so.0.0.0
7f3cef002000-7f3cef003000 rw-p 00006000 08:02 6562570                    /usr/lib/x86_64-linux-gnu/libxcb-xfixes.so.0.0.0
7f3cef003000-7f3cef02a000 r-xp 00000000 08:02 6948353                    /usr/lib/x86_64-linux-gnu/mesa-egl/libEGL.so.1.0.0
7f3cef02a000-7f3cef22a000 ---p 00027000 08:02 6948353                    /usr/lib/x86_64-linux-gnu/mesa-egl/libEGL.so.1.0.0
7f3cef22a000-7f3cef22b000 r--p 00027000 08:02 6948353                    /usr/lib/x86_64-linux-gnu/mesa-egl/libEGL.so.1.0.0
7f3cef22b000-7f3cef22c000 rw-p 00028000 08:02 6948353                    /usr/lib/x86_64-linux-gnu/mesa-egl/libEGL.so.1.0.0
7f3cef22c000-7f3cef22d000 rw-p 00000000 00:00 0 
7f3cef22d000-7f3cef233000 r-xp 00000000 08:02 6948357                    /usr/lib/x86_64-linux-gnu/mesa-egl/libGLESv2.so.2.0.0
7f3cef233000-7f3cef432000 ---p 00006000 08:02 6948357                    /usr/lib/x86_64-linux-gnu/mesa-egl/libGLESv2.so.2.0.0
7f3cef432000-7f3cef433000 r--p 00005000 08:02 6948357                    /usr/lib/x86_64-linux-gnu/mesa-egl/libGLESv2.so.2.0.0
7f3cef433000-7f3cef434000 rw-p 00006000 08:02 6948357                    /usr/lib/x86_64-linux-gnu/mesa-egl/libGLESv2.so.2.0.0
7f3cef434000-7f3cef437000 ---p 00000000 00:00 0 
7f3cef437000-7f3cef535000 rw-p 00000000 00:00 0                          [stack:10706]
7f3cef535000-7f3cef5e8000 r-xp 00000000 08:02 4461995                    /tmp/jogamp_0000/file_cache/jln8455778275813543097/jln6707164545988131175/libjogl_desktop.so
7f3cef5e8000-7f3cef7e8000 ---p 000b3000 08:02 4461995                    /tmp/jogamp_0000/file_cache/jln8455778275813543097/jln6707164545988131175/libjogl_desktop.so
7f3cef7e8000-7f3cef7e9000 rw-p 000b3000 08:02 4461995                    /tmp/jogamp_0000/file_cache/jln8455778275813543097/jln6707164545988131175/libjogl_desktop.so
7f3cef7e9000-7f3cef7f4000 r-xp 00000000 08:02 6561750                    /usr/lib/x86_64-linux-gnu/libdrm.so.2.4.0
7f3cef7f4000-7f3cef9f3000 ---p 0000b000 08:02 6561750                    /usr/lib/x86_64-linux-gnu/libdrm.so.2.4.0
7f3cef9f3000-7f3cef9f4000 r--p 0000a000 08:02 6561750                    /usr/lib/x86_64-linux-gnu/libdrm.so.2.4.0
7f3cef9f4000-7f3cef9f5000 rw-p 0000b000 08:02 6561750                    /usr/lib/x86_64-linux-gnu/libdrm.so.2.4.0
7f3cef9f5000-7f3cef9f6000 r-xp 00000000 08:02 6562584                    /usr/lib/x86_64-linux-gnu/libxshmfence.so.1.0.0
7f3cef9f6000-7f3cefbf5000 ---p 00001000 08:02 6562584                    /usr/lib/x86_64-linux-gnu/libxshmfence.so.1.0.0
7f3cefbf5000-7f3cefbf6000 r--p 00000000 08:02 6562584                    /usr/lib/x86_64-linux-gnu/libxshmfence.so.1.0.0
7f3cefbf6000-7f3cefbf7000 rw-p 00001000 08:02 6562584                    /usr/lib/x86_64-linux-gnu/libxshmfence.so.1.0.0
7f3cefbf7000-7f3cefbfc000 r-xp 00000000 08:02 6562566                    /usr/lib/x86_64-linux-gnu/libxcb-sync.so.1.0.0
7f3cefbfc000-7f3cefdfb000 ---p 00005000 08:02 6562566                    /usr/lib/x86_64-linux-gnu/libxcb-sync.so.1.0.0
7f3cefdfb000-7f3cefdfc000 r--p 00004000 08:02 6562566                    /usr/lib/x86_64-linux-gnu/libxcb-sync.so.1.0.0
7f3cefdfc000-7f3cefdfd000 rw-p 00005000 08:02 6562566                    /usr/lib/x86_64-linux-gnu/libxcb-sync.so.1.0.0
7f3cefdfd000-7f3cefdff000 r-xp 00000000 08:02 6562554                    /usr/lib/x86_64-linux-gnu/libxcb-present.so.0.0.0
7f3cefdff000-7f3cefffe000 ---p 00002000 08:02 6562554                    /usr/lib/x86_64-linux-gnu/libxcb-present.so.0.0.0
7f3cefffe000-7f3ceffff000 r--p 00001000 08:02 6562554                    /usr/lib/x86_64-linux-gnu/libxcb-present.so.0.0.0
7f3ceffff000-7f3cf0000000 rw-p 00002000 08:02 6562554                    /usr/lib/x86_64-linux-gnu/libxcb-present.so.0.0.0
7f3cf0000000-7f3cf0021000 rw-p 00000000 00:00 0 
7f3cf0021000-7f3cf4000000 ---p 00000000 00:00 0 
7f3cf4000000-7f3cf4021000 rw-p 00000000 00:00 0 
7f3cf4021000-7f3cf8000000 ---p 00000000 00:00 0 
7f3cf8000000-7f3cf8021000 rw-p 00000000 00:00 0 
7f3cf8021000-7f3cfc000000 ---p 00000000 00:00 0 
7f3cfc000000-7f3cfc021000 rw-p 00000000 00:00 0 
7f3cfc021000-7f3d00000000 ---p 00000000 00:00 0 
7f3d00000000-7f3d00021000 rw-p 00000000 00:00 0 
7f3d00021000-7f3d04000000 ---p 00000000 00:00 0 
7f3d04000000-7f3d04021000 rw-p 00000000 00:00 0 
7f3d04021000-7f3d08000000 ---p 00000000 00:00 0 
7f3d08005000-7f3d08006000 rw-p 00000000 00:00 0 
7f3d08006000-7f3d0800e000 rw-s 00000000 00:05 177664                     /drm mm object (deleted)
7f3d0800e000-7f3d08010000 rw-s 148f47000 00:06 10208                     /dev/dri/card0
7f3d08010000-7f3d08018000 rw-s 00000000 00:05 177658                     /drm mm object (deleted)
7f3d08018000-7f3d08019000 rw-s 148f46000 00:06 10208                     /dev/dri/card0
7f3d08019000-7f3d0801a000 rw-s 81000000 00:06 94744                      /dev/snd/pcmC2D0p
7f3d0801a000-7f3d0801b000 r--s 80000000 00:06 94744                      /dev/snd/pcmC2D0p
7f3d0801b000-7f3d08022000 r--s 00000000 08:02 6947811                    /usr/lib/x86_64-linux-gnu/gconv/gconv-modules.cache
7f3d08022000-7f3d08035000 r--s 00344000 08:02 6695996                    /usr/bin/processing-3.0/java/lib/resources.jar
7f3d08035000-7f3d0803d000 rw-s 00000000 00:05 179244                     /drm mm object (deleted)
7f3d0803d000-7f3d0803e000 rw-s 148f05000 00:06 10208                     /dev/dri/card0
7f3d0803e000-7f3d08046000 rw-s 00000000 00:05 177626                     /drm mm object (deleted)
7f3d08046000-7f3d0804e000 rw-s 00000000 00:05 178503                     /drm mm object (deleted)
7f3d0804e000-7f3d08050000 r-xp 00000000 08:02 6562544                    /usr/lib/x86_64-linux-gnu/libxcb-dri3.so.0.0.0
7f3d08050000-7f3d0824f000 ---p 00002000 08:02 6562544                    /usr/lib/x86_64-linux-gnu/libxcb-dri3.so.0.0.0
7f3d0824f000-7f3d08250000 r--p 00001000 08:02 6562544                    /usr/lib/x86_64-linux-gnu/libxcb-dri3.so.0.0.0
7f3d08250000-7f3d08251000 rw-p 00002000 08:02 6562544                    /usr/lib/x86_64-linux-gnu/libxcb-dri3.so.0.0.0
7f3d08251000-7f3d08254000 r-xp 00000000 08:02 6562542                    /usr/lib/x86_64-linux-gnu/libxcb-dri2.so.0.0.0
7f3d08254000-7f3d08454000 ---p 00003000 08:02 6562542                    /usr/lib/x86_64-linux-gnu/libxcb-dri2.so.0.0.0
7f3d08454000-7f3d08455000 r--p 00003000 08:02 6562542                    /usr/lib/x86_64-linux-gnu/libxcb-dri2.so.0.0.0
7f3d08455000-7f3d08456000 rw-p 00004000 08:02 6562542                    /usr/lib/x86_64-linux-gnu/libxcb-dri2.so.0.0.0
7f3d08456000-7f3d0846b000 r-xp 00000000 08:02 6562546                    /usr/lib/x86_64-linux-gnu/libxcb-glx.so.0.0.0
7f3d0846b000-7f3d0866a000 ---p 00015000 08:02 6562546                    /usr/lib/x86_64-linux-gnu/libxcb-glx.so.0.0.0
7f3d0866a000-7f3d0866c000 r--p 00014000 08:02 6562546                    /usr/lib/x86_64-linux-gnu/libxcb-glx.so.0.0.0
7f3d0866c000-7f3d0866d000 rw-p 00016000 08:02 6562546                    /usr/lib/x86_64-linux-gnu/libxcb-glx.so.0.0.0
7f3d0866d000-7f3d0866e000 r-xp 00000000 08:02 6561502                    /usr/lib/x86_64-linux-gnu/libX11-xcb.so.1.0.0
7f3d0866e000-7f3d0886d000 ---p 00001000 08:02 6561502                    /usr/lib/x86_64-linux-gnu/libX11-xcb.so.1.0.0
7f3d0886d000-7f3d0886e000 r--p 00000000 08:02 6561502                    /usr/lib/x86_64-linux-gnu/libX11-xcb.so.1.0.0
7f3d0886e000-7f3d0886f000 rw-p 00001000 08:02 6561502                    /usr/lib/x86_64-linux-gnu/libX11-xcb.so.1.0.0
7f3d0886f000-7f3d08871000 r-xp 00000000 08:02 6561517                    /usr/lib/x86_64-linux-gnu/libXdamage.so.1.1.0
7f3d08871000-7f3d08a70000 ---p 00002000 08:02 6561517                    /usr/lib/x86_64-linux-gnu/libXdamage.so.1.1.0
7f3d08a70000-7f3d08a71000 r--p 00001000 08:02 6561517                    /usr/lib/x86_64-linux-gnu/libXdamage.so.1.1.0
7f3d08a71000-7f3d08a72000 rw-p 00002000 08:02 6561517                    /usr/lib/x86_64-linux-gnu/libXdamage.so.1.1.0
7f3d08a72000-7f3d08a97000 r-xp 00000000 08:02 6561895                    /usr/lib/x86_64-linux-gnu/libglapi.so.0.0.0
7f3d08a97000-7f3d08c97000 ---p 00025000 08:02 6561895                    /usr/lib/x86_64-linux-gnu/libglapi.so.0.0.0
7f3d08c97000-7f3d08c9a000 r--p 00025000 08:02 6561895                    /usr/lib/x86_64-linux-gnu/libglapi.so.0.0.0
7f3d08c9a000-7f3d08c9b000 rw-p 00028000 08:02 6561895                    /usr/lib/x86_64-linux-gnu/libglapi.so.0.0.0
7f3d08c9b000-7f3d08c9c000 rw-p 00000000 00:00 0 
7f3d08c9c000-7f3d08cc3000 r-xp 00000000 08:02 13637323                   /lib/x86_64-linux-gnu/libexpat.so.1.6.0
7f3d08cc3000-7f3d08ec3000 ---p 00027000 08:02 13637323                   /lib/x86_64-linux-gnu/libexpat.so.1.6.0
7f3d08ec3000-7f3d08ec5000 r--p 00027000 08:02 13637323                   /lib/x86_64-linux-gnu/libexpat.so.1.6.0
7f3d08ec5000-7f3d08ec6000 rw-p 00029000 08:02 13637323                   /lib/x86_64-linux-gnu/libexpat.so.1.6.0
7f3d08ec6000-7f3d08f54000 r-xp 00000000 08:02 6948350                    /usr/lib/x86_64-linux-gnu/mesa/libGL.so.1.2.0
7f3d08f54000-7f3d09153000 ---p 0008e000 08:02 6948350                    /usr/lib/x86_64-linux-gnu/mesa/libGL.so.1.2.0
7f3d09153000-7f3d09156000 r--p 0008d000 08:02 6948350                    /usr/lib/x86_64-linux-gnu/mesa/libGL.so.1.2.0
7f3d09156000-7f3d09157000 rw-p 00090000 08:02 6948350                    /usr/lib/x86_64-linux-gnu/mesa/libGL.so.1.2.0
7f3d09157000-7f3d09358000 rw-p 00000000 00:00 0 
7f3d09358000-7f3d0935a000 r-xp 00000000 08:02 6561531                    /usr/lib/x86_64-linux-gnu/libXinerama.so.1.0.0
7f3d0935a000-7f3d09559000 ---p 00002000 08:02 6561531                    /usr/lib/x86_64-linux-gnu/libXinerama.so.1.0.0
7f3d09559000-7f3d0955a000 r--p 00001000 08:02 6561531                    /usr/lib/x86_64-linux-gnu/libXinerama.so.1.0.0
7f3d0955a000-7f3d0955b000 rw-p 00002000 08:02 6561531                    /usr/lib/x86_64-linux-gnu/libXinerama.so.1.0.0
7f3d0955b000-7f3d0955e000 ---p 00000000 00:00 0 
7f3d0955e000-7f3d09b0c000 rw-p 00000000 00:00 0                          [stack:10705]
7f3d09b0c000-7f3d09b1b000 r-xp 00000000 08:02 4461999                    /tmp/jogamp_0000/file_cache/jln8455778275813543097/jln6707164545988131175/libnewt.so
7f3d09b1b000-7f3d09d1a000 ---p 0000f000 08:02 4461999                    /tmp/jogamp_0000/file_cache/jln8455778275813543097/jln6707164545988131175/libnewt.so
7f3d09d1a000-7f3d09d1b000 rw-p 0000e000 08:02 4461999                    /tmp/jogamp_0000/file_cache/jln8455778275813543097/jln6707164545988131175/libnewt.so
7f3d09d1b000-7f3d09d22000 r-xp 00000000 08:02 4461998                    /tmp/jogamp_0000/file_cache/jln8455778275813543097/jln6707164545988131175/libnativewindow_x11.so
7f3d09d22000-7f3d09f21000 ---p 00007000 08:02 4461998                    /tmp/jogamp_0000/file_cache/jln8455778275813543097/jln6707164545988131175/libnativewindow_x11.so
7f3d09f21000-7f3d09f22000 rw-p 00006000 08:02 4461998                    /tmp/jogamp_0000/file_cache/jln8455778275813543097/jln6707164545988131175/libnativewindow_x11.so
7f3d09f22000-7f3d09f25000 ---p 00000000 00:00 0 
7f3d09f25000-7f3d0a023000 rw-p 00000000 00:00 0 
7f3d0a023000-7f3d0a027000 r-xp 00000000 08:02 6561559                    /usr/lib/x86_64-linux-gnu/libXxf86vm.so.1.0.0
7f3d0a027000-7f3d0a227000 ---p 00004000 08:02 6561559                    /usr/lib/x86_64-linux-gnu/libXxf86vm.so.1.0.0
7f3d0a227000-7f3d0a228000 r--p 00004000 08:02 6561559                    /usr/lib/x86_64-linux-gnu/libXxf86vm.so.1.0.0
7f3d0a228000-7f3d0a229000 rw-p 00005000 08:02 6561559                    /usr/lib/x86_64-linux-gnu/libXxf86vm.so.1.0.0
7f3d0a229000-7f3d0a22a000 rw-s 148f04000 00:06 10208                     /dev/dri/card0
7f3d0a22a000-7f3d0a232000 rw-s 00000000 00:05 176953                     /drm mm object (deleted)
7f3d0a232000-7f3d0a23a000 rw-s 00000000 00:05 174042                     /drm mm object (deleted)
7f3d0a23a000-7f3d0a242000 rw-s 00000000 00:05 179202                     /drm mm object (deleted)
7f3d0a242000-7f3d0a24a000 rw-s 00000000 00:05 174031                     /drm mm object (deleted)
7f3d0a24a000-7f3d0a24c000 r-xp 00000000 08:02 4461997                    /tmp/jogamp_0000/file_cache/jln8455778275813543097/jln6707164545988131175/libnativewindow_awt.so
7f3d0a24c000-7f3d0a44b000 ---p 00002000 08:02 4461997                    /tmp/jogamp_0000/file_cache/jln8455778275813543097/jln6707164545988131175/libnativewindow_awt.so
7f3d0a44b000-7f3d0a44c000 rw-p 00001000 08:02 4461997                    /tmp/jogamp_0000/file_cache/jln8455778275813543097/jln6707164545988131175/libnativewindow_awt.so
7f3d0a44c000-7f3d0a44d000 r-xp 00000000 08:02 8012156                    /usr/bin/processing-3.0/java/lib/amd64/libjawt.so
7f3d0a44d000-7f3d0a64c000 ---p 00001000 08:02 8012156                    /usr/bin/processing-3.0/java/lib/amd64/libjawt.so
7f3d0a64c000-7f3d0a64d000 rw-p 00000000 08:02 8012156                    /usr/bin/processing-3.0/java/lib/amd64/libjawt.so
7f3d0a64d000-7f3d0a64f000 r-xp 00000000 08:02 4461994                    /tmp/jogamp_0000/file_cache/jln8455778275813543097/jln6707164545988131175/libgluegen-rt.so
7f3d0a64f000-7f3d0a84e000 ---p 00002000 08:02 4461994                    /tmp/jogamp_0000/file_cache/jln8455778275813543097/jln6707164545988131175/libgluegen-rt.so
7f3d0a84e000-7f3d0a84f000 rw-p 00001000 08:02 4461994                    /tmp/jogamp_0000/file_cache/jln8455778275813543097/jln6707164545988131175/libgluegen-rt.so
7f3d0a84f000-7f3d0a852000 ---p 00000000 00:00 0 
7f3d0a852000-7f3d0a950000 rw-p 00000000 00:00 0 
7f3d0a950000-7f3d0a961000 r-xp 00000000 08:02 8012203                    /usr/bin/processing-3.0/java/lib/amd64/libnio.so
7f3d0a961000-7f3d0ab60000 ---p 00011000 08:02 8012203                    /usr/bin/processing-3.0/java/lib/amd64/libnio.so
7f3d0ab60000-7f3d0ab61000 rw-p 00010000 08:02 8012203                    /usr/bin/processing-3.0/java/lib/amd64/libnio.so
7f3d0ab61000-7f3d0ab77000 r-xp 00000000 08:02 8012151                    /usr/bin/processing-3.0/java/lib/amd64/libnet.so
7f3d0ab77000-7f3d0ad77000 ---p 00016000 08:02 8012151                    /usr/bin/processing-3.0/java/lib/amd64/libnet.so
7f3d0ad77000-7f3d0ad78000 rw-p 00016000 08:02 8012151                    /usr/bin/processing-3.0/java/lib/amd64/libnet.so
7f3d0ad78000-7f3d0ad7b000 ---p 00000000 00:00 0 
7f3d0ad7b000-7f3d0adb1000 rw-p 00000000 00:00 0                          [stack:10698]
7f3d0adb1000-7f3d0adb5000 r--s 00095000 08:02 6696012                    /usr/bin/processing-3.0/java/lib/jsse.jar
7f3d0adb5000-7f3d0afb5000 rw-p 00000000 00:00 0 
7f3d0afb5000-7f3d0afb8000 r--s 00041000 08:02 8014028                    /usr/bin/processing-3.0/modes/java/mode/org.netbeans.swing.outline.jar
7f3d0afb8000-7f3d0aff0000 r--s 00515000 08:02 8014044                    /usr/bin/processing-3.0/modes/java/mode/org.eclipse.jdt.core.jar
7f3d0aff0000-7f3d0b04b000 r--s 009e2000 08:02 8014039                    /usr/bin/processing-3.0/modes/java/mode/com.ibm.icu.jar
7f3d0b04b000-7f3d0b054000 r-xp 00000000 08:02 6561541                    /usr/lib/x86_64-linux-gnu/libXrandr.so.2.2.0
7f3d0b054000-7f3d0b253000 ---p 00009000 08:02 6561541                    /usr/lib/x86_64-linux-gnu/libXrandr.so.2.2.0
7f3d0b253000-7f3d0b254000 r--p 00008000 08:02 6561541                    /usr/lib/x86_64-linux-gnu/libXrandr.so.2.2.0
7f3d0b254000-7f3d0b255000 rw-p 00009000 08:02 6561541                    /usr/lib/x86_64-linux-gnu/libXrandr.so.2.2.0
7f3d0b255000-7f3d0b258000 ---p 00000000 00:00 0 
7f3d0b258000-7f3d0b356000 rw-p 00000000 00:00 0                          [stack:10694]
7f3d0b356000-7f3d0b35b000 r-xp 00000000 08:02 6561523                    /usr/lib/x86_64-linux-gnu/libXfixes.so.3.1.0
7f3d0b35b000-7f3d0b55a000 ---p 00005000 08:02 6561523                    /usr/lib/x86_64-linux-gnu/libXfixes.so.3.1.0
7f3d0b55a000-7f3d0b55b000 r--p 00004000 08:02 6561523                    /usr/lib/x86_64-linux-gnu/libXfixes.so.3.1.0
7f3d0b55b000-7f3d0b55c000 rw-p 00005000 08:02 6561523                    /usr/lib/x86_64-linux-gnu/libXfixes.so.3.1.0
7f3d0b55c000-7f3d0b565000 r-xp 00000000 08:02 6561515                    /usr/lib/x86_64-linux-gnu/libXcursor.so.1.0.2
7f3d0b565000-7f3d0b764000 ---p 00009000 08:02 6561515                    /usr/lib/x86_64-linux-gnu/libXcursor.so.1.0.2
7f3d0b764000-7f3d0b765000 r--p 00008000 08:02 6561515                    /usr/lib/x86_64-linux-gnu/libXcursor.so.1.0.2
7f3d0b765000-7f3d0b766000 rw-p 00009000 08:02 6561515                    /usr/lib/x86_64-linux-gnu/libXcursor.so.1.0.2
7f3d0b766000-7f3d0b77c000 r-xp 00000000 08:02 13635717                   /lib/x86_64-linux-gnu/libgcc_s.so.1
7f3d0b77c000-7f3d0b97b000 ---p 00016000 08:02 13635717                   /lib/x86_64-linux-gnu/libgcc_s.so.1
7f3d0b97b000-7f3d0b97c000 rw-p 00015000 08:02 13635717                   /lib/x86_64-linux-gnu/libgcc_s.so.1
7f3d0b97c000-7f3d0b9e2000 r-xp 00000000 08:02 8012146                    /usr/bin/processing-3.0/java/lib/amd64/libfontmanager.so
7f3d0b9e2000-7f3d0bbe1000 ---p 00066000 08:02 8012146                    /usr/bin/processing-3.0/java/lib/amd64/libfontmanager.so
7f3d0bbe1000-7f3d0bbe5000 rw-p 00065000 08:02 8012146                    /usr/bin/processing-3.0/java/lib/amd64/libfontmanager.so
7f3d0bbe5000-7f3d0bbf6000 rw-p 00000000 00:00 0 
7f3d0bbf6000-7f3d0bbfb000 r-xp 00000000 08:02 6561519                    /usr/lib/x86_64-linux-gnu/libXdmcp.so.6.0.0
7f3d0bbfb000-7f3d0bdfa000 ---p 00005000 08:02 6561519                    /usr/lib/x86_64-linux-gnu/libXdmcp.so.6.0.0
7f3d0bdfa000-7f3d0bdfb000 r--p 00004000 08:02 6561519                    /usr/lib/x86_64-linux-gnu/libXdmcp.so.6.0.0
7f3d0bdfb000-7f3d0bdfc000 rw-p 00005000 08:02 6561519                    /usr/lib/x86_64-linux-gnu/libXdmcp.so.6.0.0
7f3d0bdfc000-7f3d0bdfe000 r-xp 00000000 08:02 6561508                    /usr/lib/x86_64-linux-gnu/libXau.so.6.0.0
7f3d0bdfe000-7f3d0bffe000 ---p 00002000 08:02 6561508                    /usr/lib/x86_64-linux-gnu/libXau.so.6.0.0
7f3d0bffe000-7f3d0bfff000 r--p 00002000 08:02 6561508                    /usr/lib/x86_64-linux-gnu/libXau.so.6.0.0
7f3d0bfff000-7f3d0c000000 rw-p 00003000 08:02 6561508                    /usr/lib/x86_64-linux-gnu/libXau.so.6.0.0
7f3d0c000000-7f3d0c385000 rw-p 00000000 00:00 0 
7f3d0c385000-7f3d10000000 ---p 00000000 00:00 0 
7f3d10000000-7f3d10021000 rw-p 00000000 00:00 0 
7f3d10021000-7f3d14000000 ---p 00000000 00:00 0 
7f3d14000000-7f3d14317000 rw-p 00000000 00:00 0 
7f3d14317000-7f3d18000000 ---p 00000000 00:00 0 
7f3d18000000-7f3d18b4d000 rw-p 00000000 00:00 0 
7f3d18b4d000-7f3d1c000000 ---p 00000000 00:00 0 
7f3d1c000000-7f3d1c021000 rw-p 00000000 00:00 0 
7f3d1c021000-7f3d20000000 ---p 00000000 00:00 0 
7f3d20000000-7f3d20021000 rw-p 00000000 00:00 0 
7f3d20021000-7f3d24000000 ---p 00000000 00:00 0 
7f3d24000000-7f3d24021000 rw-p 00000000 00:00 0 
7f3d24021000-7f3d28000000 ---p 00000000 00:00 0 
7f3d28000000-7f3d28021000 rw-p 00000000 00:00 0 
7f3d28021000-7f3d2c000000 ---p 00000000 00:00 0 
7f3d2c000000-7f3d2c021000 rw-p 00000000 00:00 0 
7f3d2c021000-7f3d30000000 ---p 00000000 00:00 0 
7f3d30000000-7f3d30021000 rw-p 00000000 00:00 0 
7f3d30021000-7f3d34000000 ---p 00000000 00:00 0 
7f3d34000000-7f3d34021000 rw-p 00000000 00:00 0 
7f3d34021000-7f3d38000000 ---p 00000000 00:00 0 
7f3d38000000-7f3d38001000 rwxp 00000000 00:00 0 
7f3d38001000-7f3d38002000 rw-s 148f03000 00:06 10208                     /dev/dri/card0
7f3d38002000-7f3d38007000 r--s 00038000 08:02 8014038                    /usr/bin/processing-3.0/modes/java/mode/org.eclipse.text.jar
7f3d38007000-7f3d3801b000 r--s 00121000 08:02 8014045                    /usr/bin/processing-3.0/modes/java/mode/org.eclipse.osgi.jar
7f3d3801b000-7f3d3801e000 r--s 0001c000 08:02 8014042                    /usr/bin/processing-3.0/modes/java/mode/org.eclipse.equinox.preferences.jar
7f3d3801e000-7f3d38021000 r--s 00018000 08:02 8014034                    /usr/bin/processing-3.0/modes/java/mode/org.eclipse.equinox.common.jar
7f3d38021000-7f3d38023000 r--s 00011000 08:02 8014037                    /usr/bin/processing-3.0/modes/java/mode/org.eclipse.core.runtime.jar
7f3d38023000-7f3d3802e000 r--s 000c1000 08:02 8014040                    /usr/bin/processing-3.0/modes/java/mode/org.eclipse.core.resources.jar
7f3d3802e000-7f3d38030000 r--s 00016000 08:02 8014027                    /usr/bin/processing-3.0/modes/java/mode/org.eclipse.core.jobs.jar
7f3d38030000-7f3d38032000 r--s 00015000 08:02 8014029                    /usr/bin/processing-3.0/modes/java/mode/org.eclipse.core.contenttype.jar
7f3d38032000-7f3d38037000 r--s 0003f000 08:02 8014032                    /usr/bin/processing-3.0/modes/java/mode/jsoup-1.7.1.jar
7f3d38037000-7f3d38044000 r--s 000cb000 08:02 8014036                    /usr/bin/processing-3.0/modes/java/mode/jdimodel.jar
7f3d38044000-7f3d38048000 r--s 0000e000 08:02 8014030                    /usr/bin/processing-3.0/modes/java/mode/jdi.jar
7f3d38048000-7f3d38052000 r--s 00097000 08:02 6695776                    /usr/bin/processing-3.0/lib/pde.jar
7f3d38052000-7f3d38070000 r--s 001bb000 08:02 6695851                    /usr/bin/processing-3.0/lib/ant.jar
7f3d38070000-7f3d38073000 ---p 00000000 00:00 0 
7f3d38073000-7f3d38171000 rw-p 00000000 00:00 0                          [stack:10693]
7f3d38171000-7f3d3818e000 r-xp 00000000 08:02 6562574                    /usr/lib/x86_64-linux-gnu/libxcb.so.1.1.0
7f3d3818e000-7f3d3838e000 ---p 0001d000 08:02 6562574                    /usr/lib/x86_64-linux-gnu/libxcb.so.1.1.0
7f3d3838e000-7f3d3838f000 r--p 0001d000 08:02 6562574                    /usr/lib/x86_64-linux-gnu/libxcb.so.1.1.0
7f3d3838f000-7f3d38390000 rw-p 0001e000 08:02 6562574                    /usr/lib/x86_64-linux-gnu/libxcb.so.1.1.0
7f3d38390000-7f3d40000000 rw-p 00000000 00:00 0 
7f3d40000000-7f3d40021000 rw-p 00000000 00:00 0 
7f3d40021000-7f3d44000000 ---p 00000000 00:00 0 
7f3d44000000-7f3d44021000 rw-p 00000000 00:00 0 
7f3d44021000-7f3d48000000 ---p 00000000 00:00 0 
7f3d48000000-7f3d48021000 rw-p 00000000 00:00 0 
7f3d48021000-7f3d4c000000 ---p 00000000 00:00 0 
7f3d4c000000-7f3d4c001000 r--p 00000000 00:00 0 
7f3d4c001000-7f3d4c002000 r--s 00003000 08:02 8014046                    /usr/bin/processing-3.0/modes/java/mode/jdtCompilerAdapter.jar
7f3d4c002000-7f3d4c008000 r--s 0007d000 08:02 8014033                    /usr/bin/processing-3.0/modes/java/mode/JavaMode.jar
7f3d4c008000-7f3d4c009000 r--s 00003000 08:02 8014035                    /usr/bin/processing-3.0/modes/java/mode/classpath-explorer-1.0.jar
7f3d4c009000-7f3d4c02c000 r--s 00308000 08:02 6569034                    /usr/bin/processing-3.0/core/library/jogl-all.jar
7f3d4c02c000-7f3d4c03b000 r-xp 00000000 08:02 6561529                    /usr/lib/x86_64-linux-gnu/libXi.so.6.1.0
7f3d4c03b000-7f3d4c23a000 ---p 0000f000 08:02 6561529                    /usr/lib/x86_64-linux-gnu/libXi.so.6.1.0
7f3d4c23a000-7f3d4c23b000 r--p 0000e000 08:02 6561529                    /usr/lib/x86_64-linux-gnu/libXi.so.6.1.0
7f3d4c23b000-7f3d4c23c000 rw-p 0000f000 08:02 6561529                    /usr/lib/x86_64-linux-gnu/libXi.so.6.1.0
7f3d4c23c000-7f3d4c241000 r-xp 00000000 08:02 6561549                    /usr/lib/x86_64-linux-gnu/libXtst.so.6.1.0
7f3d4c241000-7f3d4c440000 ---p 00005000 08:02 6561549                    /usr/lib/x86_64-linux-gnu/libXtst.so.6.1.0
7f3d4c440000-7f3d4c441000 r--p 00004000 08:02 6561549                    /usr/lib/x86_64-linux-gnu/libXtst.so.6.1.0
7f3d4c441000-7f3d4c442000 rw-p 00005000 08:02 6561549                    /usr/lib/x86_64-linux-gnu/libXtst.so.6.1.0
7f3d4c442000-7f3d4c44b000 r-xp 00000000 08:02 6561543                    /usr/lib/x86_64-linux-gnu/libXrender.so.1.3.0
7f3d4c44b000-7f3d4c64a000 ---p 00009000 08:02 6561543                    /usr/lib/x86_64-linux-gnu/libXrender.so.1.3.0
7f3d4c64a000-7f3d4c64b000 r--p 00008000 08:02 6561543                    /usr/lib/x86_64-linux-gnu/libXrender.so.1.3.0
7f3d4c64b000-7f3d4c64c000 rw-p 00009000 08:02 6561543                    /usr/lib/x86_64-linux-gnu/libXrender.so.1.3.0
7f3d4c64c000-7f3d4c77c000 r-xp 00000000 08:02 6561504                    /usr/lib/x86_64-linux-gnu/libX11.so.6.3.0
7f3d4c77c000-7f3d4c97c000 ---p 00130000 08:02 6561504                    /usr/lib/x86_64-linux-gnu/libX11.so.6.3.0
7f3d4c97c000-7f3d4c97d000 r--p 00130000 08:02 6561504                    /usr/lib/x86_64-linux-gnu/libX11.so.6.3.0
7f3d4c97d000-7f3d4c981000 rw-p 00131000 08:02 6561504                    /usr/lib/x86_64-linux-gnu/libX11.so.6.3.0
7f3d4c981000-7f3d4c992000 r-xp 00000000 08:02 6561521                    /usr/lib/x86_64-linux-gnu/libXext.so.6.4.0
7f3d4c992000-7f3d4cb91000 ---p 00011000 08:02 6561521                    /usr/lib/x86_64-linux-gnu/libXext.so.6.4.0
7f3d4cb91000-7f3d4cb92000 r--p 00010000 08:02 6561521                    /usr/lib/x86_64-linux-gnu/libXext.so.6.4.0
7f3d4cb92000-7f3d4cb93000 rw-p 00011000 08:02 6561521                    /usr/lib/x86_64-linux-gnu/libXext.so.6.4.0
7f3d4cb93000-7f3d4cb98000 r--s 00068000 08:02 8014043                    /usr/bin/processing-3.0/modes/java/mode/antlr.jar
7f3d4cb98000-7f3d4cbac000 r--s 00127000 08:02 6695832                    /usr/bin/processing-3.0/lib/jna.jar
7f3d4cbac000-7f3d4cbae000 r--s 00002000 08:02 6695836                    /usr/bin/processing-3.0/lib/ant-launcher.jar
7f3d4cbae000-7f3d4cbb0000 r--s 00005000 08:02 4591938                    /home/akelly/sketchbook/libraries/minim/library/mp3spi1.9.5.jar
7f3d4cbb0000-7f3d4cbb4000 r--s 00040000 08:02 4591936                    /home/akelly/sketchbook/libraries/minim/library/jl1.0.1.jar
7f3d4cbb4000-7f3d4cc08000 r-xp 00000000 08:02 8012182                    /usr/bin/processing-3.0/java/lib/amd64/libawt_xawt.so
7f3d4cc08000-7f3d4ce08000 ---p 00054000 08:02 8012182                    /usr/bin/processing-3.0/java/lib/amd64/libawt_xawt.so
7f3d4ce08000-7f3d4ce0c000 rw-p 00054000 08:02 8012182                    /usr/bin/processing-3.0/java/lib/amd64/libawt_xawt.so
7f3d4ce0c000-7f3d4ce0d000 rw-p 00000000 00:00 0 
7f3d4ce0d000-7f3d4ceaf000 r-xp 00000000 08:02 8012174                    /usr/bin/processing-3.0/java/lib/amd64/libawt.so
7f3d4ceaf000-7f3d4d0af000 ---p 000a2000 08:02 8012174                    /usr/bin/processing-3.0/java/lib/amd64/libawt.so
7f3d4d0af000-7f3d4d0bb000 rw-p 000a2000 08:02 8012174                    /usr/bin/processing-3.0/java/lib/amd64/libawt.so
7f3d4d0bb000-7f3d4d0df000 rw-p 00000000 00:00 0 
7f3d4d0df000-7f3d4d0e0000 ---p 00000000 00:00 0 
7f3d4d0e0000-7f3d4d1e0000 rw-p 00000000 00:00 0                          [stack:10692]
7f3d4d1e0000-7f3d4d1e3000 ---p 00000000 00:00 0 
7f3d4d1e3000-7f3d4d2e1000 rw-p 00000000 00:00 0                          [stack:10691]
7f3d4d2e1000-7f3d4d2e4000 ---p 00000000 00:00 0 
7f3d4d2e4000-7f3d4d3e2000 rw-p 00000000 00:00 0                          [stack:10690]
7f3d4d3e2000-7f3d4d3e5000 ---p 00000000 00:00 0 
7f3d4d3e5000-7f3d4d4e3000 rw-p 00000000 00:00 0                          [stack:10689]
7f3d4d4e3000-7f3d4d4e6000 ---p 00000000 00:00 0 
7f3d4d4e6000-7f3d4d5e4000 rw-p 00000000 00:00 0                          [stack:10688]
7f3d4d5e4000-7f3d4d5e7000 ---p 00000000 00:00 0 
7f3d4d5e7000-7f3d4d6e5000 rw-p 00000000 00:00 0                          [stack:10681]
7f3d4d6e5000-7f3d4d6e8000 ---p 00000000 00:00 0 
7f3d4d6e8000-7f3d4d7e6000 rw-p 00000000 00:00 0                          [stack:10677]
7f3d4d7e6000-7f3d4d7e9000 ---p 00000000 00:00 0 
7f3d4d7e9000-7f3d4d8e7000 rw-p 00000000 00:00 0                          [stack:10676]
7f3d4d8e7000-7f3d4d8eb000 r-xp 00000000 08:02 8012175                    /usr/bin/processing-3.0/java/lib/amd64/libdt_socket.so
7f3d4d8eb000-7f3d4daea000 ---p 00004000 08:02 8012175                    /usr/bin/processing-3.0/java/lib/amd64/libdt_socket.so
7f3d4daea000-7f3d4daeb000 rw-p 00003000 08:02 8012175                    /usr/bin/processing-3.0/java/lib/amd64/libdt_socket.so
7f3d4daeb000-7f3d4daee000 ---p 00000000 00:00 0 
7f3d4daee000-7f3d4dbec000 rw-p 00000000 00:00 0                          [stack:10675]
7f3d4dbec000-7f3d4dbef000 ---p 00000000 00:00 0 
7f3d4dbef000-7f3d4dced000 rw-p 00000000 00:00 0                          [stack:10674]
7f3d4dced000-7f3d4dcf0000 ---p 00000000 00:00 0 
7f3d4dcf0000-7f3d4ddee000 rw-p 00000000 00:00 0                          [stack:10673]
7f3d4ddee000-7f3d4ddef000 ---p 00000000 00:00 0 
7f3d4ddef000-7f3d4ee61000 rw-p 00000000 00:00 0                          [stack:10672]
7f3d4ee61000-7f3d4f039000 r--s 03d0c000 08:02 6695974                    /usr/bin/processing-3.0/java/lib/rt.jar
7f3d4f039000-7f3d50000000 rw-p 00000000 00:00 0 
7f3d50000000-7f3d50021000 rw-p 00000000 00:00 0 
7f3d50021000-7f3d54000000 ---p 00000000 00:00 0 
7f3d54000000-7f3d54003000 r--s 00017000 08:02 4591933                    /home/akelly/sketchbook/libraries/minim/library/tritonus_share.jar
7f3d54003000-7f3d54006000 r--s 00016000 08:02 4591932                    /home/akelly/sketchbook/libraries/minim/library/minim.jar
7f3d54006000-7f3d54020000 r--s 01689000 08:02 6569030                    /usr/bin/processing-3.0/core/library/jogl-java-src.zip
7f3d54020000-7f3d54106000 rw-p 00000000 00:00 0 
7f3d54106000-7f3d54107000 ---p 00000000 00:00 0 
7f3d54107000-7f3d54207000 rw-p 00000000 00:00 0                          [stack:10671]
7f3d54207000-7f3d54208000 ---p 00000000 00:00 0 
7f3d54208000-7f3d5435c000 rw-p 00000000 00:00 0                          [stack:10670]
7f3d5435c000-7f3d54838000 ---p 00000000 00:00 0 
7f3d54838000-7f3d5488c000 rw-p 00000000 00:00 0 
7f3d5488c000-7f3d54d67000 ---p 00000000 00:00 0 
7f3d54d67000-7f3d54dea000 rw-p 00000000 00:00 0 
7f3d54dea000-7f3d54fff000 ---p 00000000 00:00 0 
7f3d54fff000-7f3d55000000 rw-p 00000000 00:00 0 
7f3d55000000-7f3d556e0000 rwxp 00000000 00:00 0 
7f3d556e0000-7f3d64000000 ---p 00000000 00:00 0 
7f3d64000000-7f3d6489d000 rw-p 00000000 00:00 0 
7f3d6489d000-7f3d68000000 ---p 00000000 00:00 0 
7f3d68000000-7f3d68001000 r--s 0000b000 08:02 4591937                    /home/akelly/sketchbook/libraries/minim/library/jsminim.jar
7f3d68001000-7f3d68009000 r--s 003d3000 08:02 6569026                    /usr/bin/processing-3.0/core/library/gluegen-java-src.zip
7f3d68009000-7f3d6802a000 rw-p 00000000 00:00 0 
7f3d6802a000-7f3d6802b000 ---p 00000000 00:00 0 
7f3d6802b000-7f3d6812b000 rw-p 00000000 00:00 0                          [stack:10669]
7f3d6812b000-7f3d6812c000 ---p 00000000 00:00 0 
7f3d6812c000-7f3d68248000 rw-p 00000000 00:00 0                          [stack:10668]
7f3d68248000-7f3d685ec000 ---p 00000000 00:00 0 
7f3d685ec000-7f3d68606000 r-xp 00000000 08:02 8012189                    /usr/bin/processing-3.0/java/lib/amd64/libzip.so
7f3d68606000-7f3d68806000 ---p 0001a000 08:02 8012189                    /usr/bin/processing-3.0/java/lib/amd64/libzip.so
7f3d68806000-7f3d68807000 rw-p 0001a000 08:02 8012189                    /usr/bin/processing-3.0/java/lib/amd64/libzip.so
7f3d68807000-7f3d68812000 r-xp 00000000 08:02 13635765                   /lib/x86_64-linux-gnu/libnss_files-2.19.so
7f3d68812000-7f3d68a11000 ---p 0000b000 08:02 13635765                   /lib/x86_64-linux-gnu/libnss_files-2.19.so
7f3d68a11000-7f3d68a12000 r--p 0000a000 08:02 13635765                   /lib/x86_64-linux-gnu/libnss_files-2.19.so
7f3d68a12000-7f3d68a13000 rw-p 0000b000 08:02 13635765                   /lib/x86_64-linux-gnu/libnss_files-2.19.so
7f3d68a13000-7f3d68a1e000 r-xp 00000000 08:02 13635775                   /lib/x86_64-linux-gnu/libnss_nis-2.19.so
7f3d68a1e000-7f3d68c1d000 ---p 0000b000 08:02 13635775                   /lib/x86_64-linux-gnu/libnss_nis-2.19.so
7f3d68c1d000-7f3d68c1e000 r--p 0000a000 08:02 13635775                   /lib/x86_64-linux-gnu/libnss_nis-2.19.so
7f3d68c1e000-7f3d68c1f000 rw-p 0000b000 08:02 13635775                   /lib/x86_64-linux-gnu/libnss_nis-2.19.so
7f3d68c1f000-7f3d68c36000 r-xp 00000000 08:02 13635759                   /lib/x86_64-linux-gnu/libnsl-2.19.so
7f3d68c36000-7f3d68e35000 ---p 00017000 08:02 13635759                   /lib/x86_64-linux-gnu/libnsl-2.19.so
7f3d68e35000-7f3d68e36000 r--p 00016000 08:02 13635759                   /lib/x86_64-linux-gnu/libnsl-2.19.so
7f3d68e36000-7f3d68e37000 rw-p 00017000 08:02 13635759                   /lib/x86_64-linux-gnu/libnsl-2.19.so
7f3d68e37000-7f3d68e39000 rw-p 00000000 00:00 0 
7f3d68e39000-7f3d68e42000 r-xp 00000000 08:02 13635761                   /lib/x86_64-linux-gnu/libnss_compat-2.19.so
7f3d68e42000-7f3d69041000 ---p 00009000 08:02 13635761                   /lib/x86_64-linux-gnu/libnss_compat-2.19.so
7f3d69041000-7f3d69042000 r--p 00008000 08:02 13635761                   /lib/x86_64-linux-gnu/libnss_compat-2.19.so
7f3d69042000-7f3d69043000 rw-p 00009000 08:02 13635761                   /lib/x86_64-linux-gnu/libnss_compat-2.19.so
7f3d69043000-7f3d69725000 r--p 00000000 08:02 6560506                    /usr/lib/locale/locale-archive
7f3d69725000-7f3d69727000 r-xp 00000000 08:02 8012169                    /usr/bin/processing-3.0/java/lib/amd64/libnpt.so
7f3d69727000-7f3d69927000 ---p 00002000 08:02 8012169                    /usr/bin/processing-3.0/java/lib/amd64/libnpt.so
7f3d69927000-7f3d69928000 rw-p 00002000 08:02 8012169                    /usr/bin/processing-3.0/java/lib/amd64/libnpt.so
7f3d69928000-7f3d69961000 r-xp 00000000 08:02 8012184                    /usr/bin/processing-3.0/java/lib/amd64/libjdwp.so
7f3d69961000-7f3d69b60000 ---p 00039000 08:02 8012184                    /usr/bin/processing-3.0/java/lib/amd64/libjdwp.so
7f3d69b60000-7f3d69b62000 rw-p 00038000 08:02 8012184                    /usr/bin/processing-3.0/java/lib/amd64/libjdwp.so
7f3d69b62000-7f3d69b8c000 r-xp 00000000 08:02 8012204                    /usr/bin/processing-3.0/java/lib/amd64/libjava.so
7f3d69b8c000-7f3d69d8c000 ---p 0002a000 08:02 8012204                    /usr/bin/processing-3.0/java/lib/amd64/libjava.so
7f3d69d8c000-7f3d69d8e000 rw-p 0002a000 08:02 8012204                    /usr/bin/processing-3.0/java/lib/amd64/libjava.so
7f3d69d8e000-7f3d69d9b000 r-xp 00000000 08:02 8012148                    /usr/bin/processing-3.0/java/lib/amd64/libverify.so
7f3d69d9b000-7f3d69f9b000 ---p 0000d000 08:02 8012148                    /usr/bin/processing-3.0/java/lib/amd64/libverify.so
7f3d69f9b000-7f3d69f9d000 rw-p 0000d000 08:02 8012148                    /usr/bin/processing-3.0/java/lib/amd64/libverify.so
7f3d69f9d000-7f3d69fa4000 r-xp 00000000 08:02 13635818                   /lib/x86_64-linux-gnu/librt-2.19.so
7f3d69fa4000-7f3d6a1a3000 ---p 00007000 08:02 13635818                   /lib/x86_64-linux-gnu/librt-2.19.so
7f3d6a1a3000-7f3d6a1a4000 r--p 00006000 08:02 13635818                   /lib/x86_64-linux-gnu/librt-2.19.so
7f3d6a1a4000-7f3d6a1a5000 rw-p 00007000 08:02 13635818                   /lib/x86_64-linux-gnu/librt-2.19.so
7f3d6a1a5000-7f3d6a2aa000 r-xp 00000000 08:02 13635740                   /lib/x86_64-linux-gnu/libm-2.19.so
7f3d6a2aa000-7f3d6a4a9000 ---p 00105000 08:02 13635740                   /lib/x86_64-linux-gnu/libm-2.19.so
7f3d6a4a9000-7f3d6a4aa000 r--p 00104000 08:02 13635740                   /lib/x86_64-linux-gnu/libm-2.19.so
7f3d6a4aa000-7f3d6a4ab000 rw-p 00105000 08:02 13635740                   /lib/x86_64-linux-gnu/libm-2.19.so
7f3d6a4ab000-7f3d6b159000 r-xp 00000000 08:02 8012167                    /usr/bin/processing-3.0/java/lib/amd64/server/libjvm.so
7f3d6b159000-7f3d6b359000 ---p 00cae000 08:02 8012167                    /usr/bin/processing-3.0/java/lib/amd64/server/libjvm.so
7f3d6b359000-7f3d6b430000 rw-p 00cae000 08:02 8012167                    /usr/bin/processing-3.0/java/lib/amd64/server/libjvm.so
7f3d6b430000-7f3d6b474000 rw-p 00000000 00:00 0 
7f3d6b474000-7f3d6b62f000 r-xp 00000000 08:02 13635690                   /lib/x86_64-linux-gnu/libc-2.19.so
7f3d6b62f000-7f3d6b82e000 ---p 001bb000 08:02 13635690                   /lib/x86_64-linux-gnu/libc-2.19.so
7f3d6b82e000-7f3d6b832000 r--p 001ba000 08:02 13635690                   /lib/x86_64-linux-gnu/libc-2.19.so
7f3d6b832000-7f3d6b834000 rw-p 001be000 08:02 13635690                   /lib/x86_64-linux-gnu/libc-2.19.so
7f3d6b834000-7f3d6b839000 rw-p 00000000 00:00 0 
7f3d6b839000-7f3d6b83c000 r-xp 00000000 08:02 13635707                   /lib/x86_64-linux-gnu/libdl-2.19.so
7f3d6b83c000-7f3d6ba3b000 ---p 00003000 08:02 13635707                   /lib/x86_64-linux-gnu/libdl-2.19.so
7f3d6ba3b000-7f3d6ba3c000 r--p 00002000 08:02 13635707                   /lib/x86_64-linux-gnu/libdl-2.19.so
7f3d6ba3c000-7f3d6ba3d000 rw-p 00003000 08:02 13635707                   /lib/x86_64-linux-gnu/libdl-2.19.so
7f3d6ba3d000-7f3d6ba52000 r-xp 00000000 08:02 8012145                    /usr/bin/processing-3.0/java/lib/amd64/jli/libjli.so
7f3d6ba52000-7f3d6bc52000 ---p 00015000 08:02 8012145                    /usr/bin/processing-3.0/java/lib/amd64/jli/libjli.so
7f3d6bc52000-7f3d6bc53000 rw-p 00015000 08:02 8012145                    /usr/bin/processing-3.0/java/lib/amd64/jli/libjli.so
7f3d6bc53000-7f3d6bc6c000 r-xp 00000000 08:02 13635810                   /lib/x86_64-linux-gnu/libpthread-2.19.so
7f3d6bc6c000-7f3d6be6b000 ---p 00019000 08:02 13635810                   /lib/x86_64-linux-gnu/libpthread-2.19.so
7f3d6be6b000-7f3d6be6c000 r--p 00018000 08:02 13635810                   /lib/x86_64-linux-gnu/libpthread-2.19.so
7f3d6be6c000-7f3d6be6d000 rw-p 00019000 08:02 13635810                   /lib/x86_64-linux-gnu/libpthread-2.19.so
7f3d6be6d000-7f3d6be71000 rw-p 00000000 00:00 0 
7f3d6be71000-7f3d6be94000 r-xp 00000000 08:02 13635666                   /lib/x86_64-linux-gnu/ld-2.19.so
7f3d6be94000-7f3d6be95000 r--s 00002000 08:02 4591935                    /home/akelly/sketchbook/libraries/minim/library/tritonus_aos.jar
7f3d6be95000-7f3d6be96000 r--s 00001000 08:02 6569033                    /usr/bin/processing-3.0/core/library/gluegen-rt-natives-macosx-universal.jar
7f3d6be96000-7f3d6be98000 r--s 00038000 08:02 6569032                    /usr/bin/processing-3.0/core/library/jogl-all-natives-windows-amd64.jar
7f3d6be98000-7f3d6be99000 r--s 00034000 08:02 6569031                    /usr/bin/processing-3.0/core/library/jogl-all-natives-linux-amd64.jar
7f3d6be99000-7f3d6be9a000 r--s 00001000 08:02 6569036                    /usr/bin/processing-3.0/core/library/gluegen-rt-natives-windows-i586.jar
7f3d6be9a000-7f3d6bf6b000 rw-p 00000000 00:00 0 
7f3d6bf6b000-7f3d6bf6e000 ---p 00000000 00:00 0 
7f3d6bf6e000-7f3d6c070000 rw-p 00000000 00:00 0                          [stack:10666]
7f3d6c070000-7f3d6c076000 r--s 0004a000 08:02 6569021                    /usr/bin/processing-3.0/core/library/gluegen-rt.jar
7f3d6c076000-7f3d6c077000 r--s 00000000 08:02 6569035                    /usr/bin/processing-3.0/core/library/gluegen-rt-natives-linux-armv6hf.jar
7f3d6c077000-7f3d6c078000 r--s 00031000 08:02 6569019                    /usr/bin/processing-3.0/core/library/jogl-all-natives-windows-i586.jar
7f3d6c078000-7f3d6c079000 r--s 00001000 08:02 6569022                    /usr/bin/processing-3.0/core/library/gluegen-rt-natives-windows-amd64.jar
7f3d6c079000-7f3d6c07b000 r--s 0006c000 08:02 6569020                    /usr/bin/processing-3.0/core/library/jogl-all-natives-macosx-universal.jar
7f3d6c07b000-7f3d6c080000 r--s 000f0000 08:02 6569027                    /usr/bin/processing-3.0/core/library/core.jar
7f3d6c080000-7f3d6c082000 r--s 00000000 08:02 6569025                    /usr/bin/processing-3.0/core/library/gluegen-rt-natives-linux-amd64.jar
7f3d6c082000-7f3d6c083000 r--s 00026000 08:02 6569028                    /usr/bin/processing-3.0/core/library/jogl-all-natives-linux-armv6hf.jar
7f3d6c083000-7f3d6c084000 r--s 00032000 08:02 6569024                    /usr/bin/processing-3.0/core/library/jogl-all-natives-linux-i586.jar
7f3d6c084000-7f3d6c086000 r--s 00000000 08:02 6569023                    /usr/bin/processing-3.0/core/library/gluegen-rt-natives-linux-i586.jar
7f3d6c086000-7f3d6c087000 rw-p 00000000 00:00 0 
7f3d6c087000-7f3d6c08f000 rw-s 00000000 08:02 4325390                    /tmp/hsperfdata_akelly/10665
7f3d6c08f000-7f3d6c090000 rw-p 00000000 00:00 0 
7f3d6c090000-7f3d6c091000 r--p 00000000 00:00 0 
7f3d6c091000-7f3d6c093000 rw-p 00000000 00:00 0 
7f3d6c093000-7f3d6c094000 r--p 00022000 08:02 13635666                   /lib/x86_64-linux-gnu/ld-2.19.so
7f3d6c094000-7f3d6c095000 rw-p 00023000 08:02 13635666                   /lib/x86_64-linux-gnu/ld-2.19.so
7f3d6c095000-7f3d6c096000 rw-p 00000000 00:00 0 
7fffb1ecb000-7fffb1eee000 rw-p 00000000 00:00 0                          [stack]
7fffb1f17000-7fffb1f19000 r--p 00000000 00:00 0                          [vvar]
7fffb1f19000-7fffb1f1b000 r-xp 00000000 00:00 0                          [vdso]
ffffffffff600000-ffffffffff601000 r-xp 00000000 00:00 0                  [vsyscall]

VM Arguments:
jvm_args: -agentlib:jdwp=transport=dt_socket,address=8024,server=y,suspend=y -Djava.library.path=:/usr/bin/processing-3.0/core/library:/home/akelly/sketchbook/libraries/minim/library:/usr/java/packages/lib/amd64:/usr/lib64:/lib64:/lib:/usr/lib -ea 
java_command: processing.core.PApplet --display=1 --sketch-path=/home/akelly/sketchbook/_audioVisualizer/_audioVisualizer/build build
java_class_path (initial): /home/akelly/sketchbook/_audioVisualizer/_audioVisualizer/build/build-tmp:/usr/bin/processing-3.0/core/library/gluegen-rt-natives-linux-i586.jar:/usr/bin/processing-3.0/core/library/jogl-all-natives-linux-i586.jar:/usr/bin/processing-3.0/core/library/jogl-all-natives-linux-armv6hf.jar:/usr/bin/processing-3.0/core/library/gluegen-rt-natives-linux-amd64.jar:/usr/bin/processing-3.0/core/library/core.jar:/usr/bin/processing-3.0/core/library/jogl-all-natives-macosx-universal.jar:/usr/bin/processing-3.0/core/library/gluegen-rt-natives-windows-amd64.jar:/usr/bin/processing-3.0/core/library/jogl-all-natives-windows-i586.jar:/usr/bin/processing-3.0/core/library/gluegen-rt-natives-linux-armv6hf.jar:/usr/bin/processing-3.0/core/library/gluegen-rt.jar:/usr/bin/processing-3.0/core/library/gluegen-rt-natives-windows-i586.jar:/usr/bin/processing-3.0/core/library/jogl-all.jar:/usr/bin/processing-3.0/core/library/jogl-all-natives-linux-amd64.jar:/usr/bin/processing-3.0/core/library/jogl-all-natives-windows-amd64.jar:/usr/bin/processing-3.0/core/library/gluegen-java-src.zip:/usr/bin/processing-3.0/core/library/jogl-java-src.zip:/usr/bin/processing-3.0/core/library/gluegen-rt-natives-macosx-universal.jar:/usr/bin/processing-3.0/core/library/gluegen-rt-natives-linux-i586.jar:/usr/bin/processing-3.0/core/library/jogl-all-natives-linux-i586.jar:/usr/bin/processing-3.0/core/library/jogl-all-natives-linux-armv6hf.jar:/usr/bin/processing-3.0/core/library/gluegen-rt-natives-linux-amd64.jar:/usr/bin/processing-3.0/core/library/core.jar:/usr/bin/processing-3.0/core/library/jogl-all-natives-macosx-universal.jar:/usr/bin/processing-3.0/core/library/gluegen-rt-natives-windows-amd64.jar:/usr/bin/processing-3.0/core/library/jogl-all-natives-windows-i586.jar:/usr/bin/processing-3.0/core/library/gluegen-rt-natives-linux-armv6hf.jar:/usr/bin/processing-3.0/core/library/gluegen-rt.jar:/usr/bin/processing-3.0/core/library/gluegen-rt-natives-windows-i586.jar:/usr/bin/processi
Launcher Type: SUN_STANDARD

Environment Variables:
PATH=/usr/bin/processing-3.0/java/bin:/usr/local/sbin:/usr/local/bin:/usr/sbin:/usr/bin:/sbin:/bin:/usr/games:/usr/local/games
SHELL=/bin/bash
DISPLAY=:0

Signal Handlers:
SIGSEGV: [libjvm.so+0xaad540], sa_mask[0]=11111111011111111101111111111110, sa_flags=SA_RESTART|SA_SIGINFO
SIGBUS: [libjvm.so+0xaad540], sa_mask[0]=11111111011111111101111111111110, sa_flags=SA_RESTART|SA_SIGINFO
SIGFPE: [libjvm.so+0x90b6b0], sa_mask[0]=11111111011111111101111111111110, sa_flags=SA_RESTART|SA_SIGINFO
SIGPIPE: [libjvm.so+0x90b6b0], sa_mask[0]=11111111011111111101111111111110, sa_flags=SA_RESTART|SA_SIGINFO
SIGXFSZ: [libjvm.so+0x90b6b0], sa_mask[0]=11111111011111111101111111111110, sa_flags=SA_RESTART|SA_SIGINFO
SIGILL: [libjvm.so+0x90b6b0], sa_mask[0]=11111111011111111101111111111110, sa_flags=SA_RESTART|SA_SIGINFO
SIGUSR1: SIG_DFL, sa_mask[0]=00000000000000000000000000000000, sa_flags=none
SIGUSR2: [libjvm.so+0x90ccf0], sa_mask[0]=00100000000000000000000000000000, sa_flags=SA_RESTART|SA_SIGINFO
SIGHUP: [libjvm.so+0x90e040], sa_mask[0]=11111111011111111101111111111110, sa_flags=SA_RESTART|SA_SIGINFO
SIGINT: [libjvm.so+0x90e040], sa_mask[0]=11111111011111111101111111111110, sa_flags=SA_RESTART|SA_SIGINFO
SIGTERM: [libjvm.so+0x90e040], sa_mask[0]=11111111011111111101111111111110, sa_flags=SA_RESTART|SA_SIGINFO
SIGQUIT: [libjvm.so+0x90e040], sa_mask[0]=11111111011111111101111111111110, sa_flags=SA_RESTART|SA_SIGINFO


---------------  S Y S T E M  ---------------

OS:DISTRIB_ID=Ubuntu
DISTRIB_RELEASE=14.04
DISTRIB_CODENAME=trusty
DISTRIB_DESCRIPTION="Ubuntu 14.04.3 LTS"

uname:Linux 3.19.0-28-generic #30~14.04.1-Ubuntu SMP Tue Sep 1 09:32:55 UTC 2015 x86_64
libc:glibc 2.19 NPTL 2.19 
rlimit: STACK 8192k, CORE 0k, NPROC 63284, NOFILE 4096, AS infinity
load average:1.94 2.72 2.71

/proc/meminfo:
MemTotal:       16309452 kB
MemFree:        11085104 kB
MemAvailable:   12369976 kB
Buffers:          120636 kB
Cached:          1679588 kB
SwapCached:           48 kB
Active:          4199112 kB
Inactive:         757336 kB
Active(anon):    3239288 kB
Inactive(anon):   307960 kB
Active(file):     959824 kB
Inactive(file):   449376 kB
Unevictable:          92 kB
Mlocked:              92 kB
SwapTotal:      16653308 kB
SwapFree:       16584364 kB
Dirty:              3524 kB
Writeback:             0 kB
AnonPages:       3156272 kB
Mapped:           526564 kB
Shmem:            391028 kB
Slab:             130700 kB
SReclaimable:      89228 kB
SUnreclaim:        41472 kB
KernelStack:       10336 kB
PageTables:        50888 kB
NFS_Unstable:          0 kB
Bounce:                0 kB
WritebackTmp:          0 kB
CommitLimit:    24808032 kB
Committed_AS:    8822424 kB
VmallocTotal:   34359738367 kB
VmallocUsed:      384844 kB
VmallocChunk:   34359343192 kB
HardwareCorrupted:     0 kB
AnonHugePages:   1236992 kB
CmaTotal:              0 kB
CmaFree:               0 kB
HugePages_Total:       0
HugePages_Free:        0
HugePages_Rsvd:        0
HugePages_Surp:        0
Hugepagesize:       2048 kB
DirectMap4k:      210348 kB
DirectMap2M:    13297664 kB
DirectMap1G:     3145728 kB


CPU:total 4 (2 cores per cpu, 2 threads per core) family 6 model 61 stepping 4, cmov, cx8, fxsr, mmx, sse, sse2, sse3, ssse3, sse4.1, sse4.2, popcnt, avx, avx2, aes, clmul, erms, rtm, 3dnowpref, lzcnt, ht, tsc, tscinvbit, bmi1, bmi2, adx

/proc/cpuinfo:
processor	: 0
vendor_id	: GenuineIntel
cpu family	: 6
model		: 61
model name	: Intel(R) Core(TM) i7-5600U CPU @ 2.60GHz
stepping	: 4
microcode	: 0x19
cpu MHz		: 1536.437
cache size	: 4096 KB
physical id	: 0
siblings	: 4
core id		: 0
cpu cores	: 2
apicid		: 0
initial apicid	: 0
fpu		: yes
fpu_exception	: yes
cpuid level	: 20
wp		: yes
flags		: fpu vme de pse tsc msr pae mce cx8 apic sep mtrr pge mca cmov pat pse36 clflush dts acpi mmx fxsr sse sse2 ss ht tm pbe syscall nx pdpe1gb rdtscp lm constant_tsc arch_perfmon pebs bts rep_good nopl xtopology nonstop_tsc aperfmperf eagerfpu pni pclmulqdq dtes64 monitor ds_cpl vmx smx est tm2 ssse3 fma cx16 xtpr pdcm pcid sse4_1 sse4_2 x2apic movbe popcnt tsc_deadline_timer aes xsave avx f16c rdrand lahf_lm abm 3dnowprefetch ida arat epb pln pts dtherm tpr_shadow vnmi flexpriority ept vpid fsgsbase tsc_adjust bmi1 hle avx2 smep bmi2 erms invpcid rtm rdseed adx smap xsaveopt
bugs		:
bogomips	: 5188.48
clflush size	: 64
cache_alignment	: 64
address sizes	: 39 bits physical, 48 bits virtual
power management:

processor	: 1
vendor_id	: GenuineIntel
cpu family	: 6
model		: 61
model name	: Intel(R) Core(TM) i7-5600U CPU @ 2.60GHz
stepping	: 4
microcode	: 0x19
cpu MHz		: 1537.656
cache size	: 4096 KB
physical id	: 0
siblings	: 4
core id		: 0
cpu cores	: 2
apicid		: 1
initial apicid	: 1
fpu		: yes
fpu_exception	: yes
cpuid level	: 20
wp		: yes
flags		: fpu vme de pse tsc msr pae mce cx8 apic sep mtrr pge mca cmov pat pse36 clflush dts acpi mmx fxsr sse sse2 ss ht tm pbe syscall nx pdpe1gb rdtscp lm constant_tsc arch_perfmon pebs bts rep_good nopl xtopology nonstop_tsc aperfmperf eagerfpu pni pclmulqdq dtes64 monitor ds_cpl vmx smx est tm2 ssse3 fma cx16 xtpr pdcm pcid sse4_1 sse4_2 x2apic movbe popcnt tsc_deadline_timer aes xsave avx f16c rdrand lahf_lm abm 3dnowprefetch ida arat epb pln pts dtherm tpr_shadow vnmi flexpriority ept vpid fsgsbase tsc_adjust bmi1 hle avx2 smep bmi2 erms invpcid rtm rdseed adx smap xsaveopt
bugs		:
bogomips	: 5188.48
clflush size	: 64
cache_alignment	: 64
address sizes	: 39 bits physical, 48 bits virtual
power management:

processor	: 2
vendor_id	: GenuineIntel
cpu family	: 6
model		: 61
model name	: Intel(R) Core(TM) i7-5600U CPU @ 2.60GHz
stepping	: 4
microcode	: 0x19
cpu MHz		: 1599.914
cache size	: 4096 KB
physical id	: 0
siblings	: 4
core id		: 1
cpu cores	: 2
apicid		: 2
initial apicid	: 2
fpu		: yes
fpu_exception	: yes
cpuid level	: 20
wp		: yes
flags		: fpu vme de pse tsc msr pae mce cx8 apic sep mtrr pge mca cmov pat pse36 clflush dts acpi mmx fxsr sse sse2 ss ht tm pbe syscall nx pdpe1gb rdtscp lm constant_tsc arch_perfmon pebs bts rep_good nopl xtopology nonstop_tsc aperfmperf eagerfpu pni pclmulqdq dtes64 monitor ds_cpl vmx smx est tm2 ssse3 fma cx16 xtpr pdcm pcid sse4_1 sse4_2 x2apic movbe popcnt tsc_deadline_timer aes xsave avx f16c rdrand lahf_lm abm 3dnowprefetch ida arat epb pln pts dtherm tpr_shadow vnmi flexpriority ept vpid fsgsbase tsc_adjust bmi1 hle avx2 smep bmi2 erms invpcid rtm rdseed adx smap xsaveopt
bugs		:
bogomips	: 5188.48
clflush size	: 64
cache_alignment	: 64
address sizes	: 39 bits physical, 48 bits virtual
power management:

processor	: 3
vendor_id	: GenuineIntel
cpu family	: 6
model		: 61
model name	: Intel(R) Core(TM) i7-5600U CPU @ 2.60GHz
stepping	: 4
microcode	: 0x19
cpu MHz		: 1599.812
cache size	: 4096 KB
physical id	: 0
siblings	: 4
core id		: 1
cpu cores	: 2
apicid		: 3
initial apicid	: 3
fpu		: yes
fpu_exception	: yes
cpuid level	: 20
wp		: yes
flags		: fpu vme de pse tsc msr pae mce cx8 apic sep mtrr pge mca cmov pat pse36 clflush dts acpi mmx fxsr sse sse2 ss ht tm pbe syscall nx pdpe1gb rdtscp lm constant_tsc arch_perfmon pebs bts rep_good nopl xtopology nonstop_tsc aperfmperf eagerfpu pni pclmulqdq dtes64 monitor ds_cpl vmx smx est tm2 ssse3 fma cx16 xtpr pdcm pcid sse4_1 sse4_2 x2apic movbe popcnt tsc_deadline_timer aes xsave avx f16c rdrand lahf_lm abm 3dnowprefetch ida arat epb pln pts dtherm tpr_shadow vnmi flexpriority ept vpid fsgsbase tsc_adjust bmi1 hle avx2 smep bmi2 erms invpcid rtm rdseed adx smap xsaveopt
bugs		:
bogomips	: 5188.48
clflush size	: 64
cache_alignment	: 64
address sizes	: 39 bits physical, 48 bits virtual
power management:



Memory: 4k page, physical 16309452k(11085104k free), swap 16653308k(16584364k free)

vm_info: Java HotSpot(TM) 64-Bit Server VM (25.51-b03) for linux-amd64 JRE (1.8.0_51-b16), built on Jun  8 2015 19:28:07 by "java_re" with gcc 4.3.0 20080428 (Red Hat 4.3.0-8)

time: Sat Oct 10 16:22:20 2015
elapsed time: 14 seconds (0d 0h 0m 14s)

