#
# A fatal error has been detected by the Java Runtime Environment:
#
#  SIGSEGV (0xb) at pc=0x00007f645dfb4998, pid=10030, tid=140069511288576
#
# JRE version: Java(TM) SE Runtime Environment (8.0_51-b16) (build 1.8.0_51-b16)
# Java VM: Java HotSpot(TM) 64-Bit Server VM (25.51-b03 mixed mode linux-amd64 compressed oops)
# Problematic frame:
# C  [i965_dri.so+0x3c9998]
#
# Failed to write core dump. Core dumps have been disabled. To enable core dumping, try "ulimit -c unlimited" before starting Java again
#
# If you would like to submit a bug report, please visit:
#   http://bugreport.java.com/bugreport/crash.jsp
# The crash happened outside the Java Virtual Machine in native code.
# See problematic frame for where to report the bug.
#

---------------  T H R E A D  ---------------

Current thread (0x00007f64d4673800):  JavaThread "main-Display-.x11_:0-1-EDT-1" daemon [_thread_in_native, id=10070, stack(0x00007f647966d000,0x00007f647976e000)]

siginfo: si_signo: 11 (SIGSEGV), si_code: 1 (SEGV_MAPERR), si_addr: 0x0000000100000000

Registers:
RAX=0x00007f645dfb4990, RBX=0x00007f6460059dd0, RCX=0x0000000000000000, RDX=0x0000000000000001
RSP=0x00007f647976b490, RBP=0x00007f64580222b0, RSI=0x00007f6460059eb0, RDI=0x0000000100000000
R8 =0x0000000000000000, R9 =0x00007f647901afc0, R10=0x00007f64c56c8f07, R11=0x0000000000000000
R12=0x00007f645801fd60, R13=0x0000000000000000, R14=0x00007f64580234a0, R15=0x0000000000000000
RIP=0x00007f645dfb4998, EFLAGS=0x0000000000010206, CSGSFS=0x0000000000000033, ERR=0x0000000000000004
  TRAPNO=0x000000000000000e

Top of Stack: (sp=0x00007f647976b490)
0x00007f647976b490:   00007f647976b580 0000000000000000
0x00007f647976b4a0:   00007f6460059dd0 00007f64580222b0
0x00007f647976b4b0:   00007f645801fd60 00007f647901b04e
0x00007f647976b4c0:   00007f647976b4f8 00007f6479268660
0x00007f647976b4d0:   00007f6458014b10 00007f6400000000
0x00007f647976b4e0:   0000000000000000 0000000000000000
0x00007f647976b4f0:   00007f647976b800 00007f6460059dd0
0x00007f647976b500:   0000000004200002 00000007c0122058
0x00007f647976b510:   00007f647976b580 0000000000000000
0x00007f647976b520:   00007f647976b818 00007f647976b5c0
0x00007f647976b530:   00007f64d4673800 00007f645f5cdba7
0x00007f647976b540:   0000000000000000 00007f6478ff4ab0
0x00007f647976b550:   0000000004200002 00007f6458014b10
0x00007f647976b560:   00007f647976b5c0 00007f64d46739f8
0x00007f647976b570:   00007f647939d8b8 00007f6478ff4ab0
0x00007f647976b580:   00007f647976b5d0 00007f64c56c8f7d
0x00007f647976b590:   fffffffe00000000 0000000000000000
0x00007f647976b5a0:   00000006c7474950 00000006c7474960
0x00007f647976b5b0:   00000000000003d8 00007f64d4629290
0x00007f647976b5c0:   00000006c753b610 00000007c0169668
0x00007f647976b5d0:   00007f647976b860 00007f64c56d17bc
0x00007f647976b5e0:   00000006c742d048 00000006c742d058
0x00007f647976b5f0:   fffffffe00000000 0000000000000000
0x00007f647976b600:   0000000000000031 00000006c7474960
0x00007f647976b610:   00007f647976b818 00007f64c502df03
0x00007f647976b620:   00007f647976b860 00007f64c54f12b4
0x00007f647976b630:   00007f647976b860 00007f647976b818
0x00007f647976b640:   0000000000000031 00000006c742d058
0x00007f647976b650:   00000006c7474940 00007f6400000000
0x00007f647976b660:   00007f647976b860 00007f64c564eb64
0x00007f647976b670:   00007f647976b818 00007f64c502df03
0x00007f647976b680:   00007f64c50055d0 00007f6400000000 

Instructions: (pc=0x00007f645dfb4998)
0x00007f645dfb4978:   0f 1f 84 00 00 00 00 00 48 83 c4 10 5b 5d 41 5c
0x00007f645dfb4988:   c3 0f 1f 80 00 00 00 00 41 54 55 53 48 83 ec 10
0x00007f645dfb4998:   48 8b 1f 48 85 db 74 3d f6 83 48 05 00 00 01 49
0x00007f645dfb49a8:   89 f4 89 cd 75 72 83 e2 01 75 5d 83 e5 fd 74 38 

Register to memory mapping:

RAX=0x00007f645dfb4990: <offset 0x3c9990> in /usr/lib/x86_64-linux-gnu/dri/i965_dri.so at 0x00007f645dbeb000
RBX=0x00007f6460059dd0 is an unknown value
RCX=0x0000000000000000 is an unknown value
RDX=0x0000000000000001 is an unknown value
RSP=0x00007f647976b490 is pointing into the stack for thread: 0x00007f64d4673800
RBP=0x00007f64580222b0 is an unknown value
RSI=0x00007f6460059eb0 is an unknown value
RDI=0x0000000100000000 is an unknown value
R8 =0x0000000000000000 is an unknown value
R9 =0x00007f647901afc0: <offset 0x42fc0> in /usr/lib/x86_64-linux-gnu/mesa/libGL.so.1 at 0x00007f6478fd8000
R10=0x00007f64c56c8f07 is at entry_point+71 in (nmethod*)0x00007f64c56c8d50
R11=0x0000000000000000 is an unknown value
R12=0x00007f645801fd60 is an unknown value
R13=0x0000000000000000 is an unknown value
R14=0x00007f64580234a0 is an unknown value
R15=0x0000000000000000 is an unknown value


Stack: [0x00007f647966d000,0x00007f647976e000],  sp=0x00007f647976b490,  free space=1017k
Native frames: (J=compiled Java code, j=interpreted, Vv=VM code, C=native code)
C  [i965_dri.so+0x3c9998]

Java frames: (J=compiled Java code, j=interpreted, Vv=VM code)
J 1799  jogamp.opengl.x11.glx.GLX.dispatch_glXSwapBuffers0(JJJ)V (0 bytes) @ 0x00007f64c56c8f07 [0x00007f64c56c8ec0+0x47]
J 1798 C1 jogamp.opengl.x11.glx.GLX.glXSwapBuffers(JJ)V (45 bytes) @ 0x00007f64c56d17bc [0x00007f64c56d0da0+0xa1c]
J 1797 C1 jogamp.opengl.x11.glx.X11GLXDrawable.swapBuffersImpl(Z)V (21 bytes) @ 0x00007f64c56d090c [0x00007f64c56d0660+0x2ac]
J 1796 C1 jogamp.opengl.GLDrawableImpl.swapBuffers()V (138 bytes) @ 0x00007f64c56cf1f4 [0x00007f64c56ceb20+0x6d4]
j  jogamp.opengl.GLAutoDrawableBase.defaultSwapBuffers()V+23
j  com.jogamp.newt.opengl.GLWindow.swapBuffers()V+1
j  processing.opengl.PJOGL.swapBuffers()V+15
j  processing.opengl.PGraphicsOpenGL.dispose()V+15
j  processing.core.PApplet.dispose()V+28
j  processing.opengl.PSurfaceJOGL$NEWTWindowListener.windowDestroyNotify(Lcom/jogamp/newt/event/WindowEvent;)V+7
j  jogamp.newt.WindowImpl.consumeWindowEvent(Lcom/jogamp/newt/event/WindowEvent;)V+254
j  jogamp.newt.WindowImpl.sendWindowEvent(I)V+14
j  jogamp.newt.WindowImpl$1.run()V+143
j  jogamp.newt.DisplayImpl.runOnEDTIfAvail(ZLjava/lang/Runnable;)V+172
j  jogamp.newt.WindowImpl.runOnEDTIfAvail(ZLjava/lang/Runnable;)V+36
j  jogamp.newt.WindowImpl.destroy()V+11
j  com.jogamp.newt.opengl.GLWindow.destroy()V+4
j  jogamp.opengl.GLAutoDrawableBase.destroyAvoidAwareOfLocking()V+31
j  jogamp.opengl.GLAutoDrawableBase.defaultWindowDestroyNotifyOp()V+43
j  com.jogamp.newt.opengl.GLWindow.access$000(Lcom/jogamp/newt/opengl/GLWindow;)V+1
j  com.jogamp.newt.opengl.GLWindow$1.run()V+4
j  jogamp.newt.WindowImpl.windowDestroyNotify(Z)Z+147
v  ~StubRoutines::call_stub
J 1393  jogamp.newt.driver.x11.DisplayDriver.DispatchMessages0(JJJII)V (0 bytes) @ 0x00007f64c55524bf [0x00007f64c5552480+0x3f]
J 1392 C1 jogamp.newt.driver.x11.DisplayDriver.dispatchMessagesNative()V (66 bytes) @ 0x00007f64c55519d4 [0x00007f64c5551640+0x394]
J 1397 C1 jogamp.newt.DisplayImpl.dispatchMessages()V (116 bytes) @ 0x00007f64c5557fb4 [0x00007f64c5557560+0xa54]
J 1396 C1 jogamp.newt.DisplayImpl$7.run()V (8 bytes) @ 0x00007f64c5555bcc [0x00007f64c5555ac0+0x10c]
j  jogamp.newt.DefaultEDTUtil$NEDT.run()V+67
v  ~StubRoutines::call_stub

---------------  P R O C E S S  ---------------

Java Threads: ( => current thread )
  0x00007f646013b800 JavaThread "Thread-6" [_thread_blocked, id=10092, stack(0x00007f64534fe000,0x00007f64535ff000)]
  0x00007f6460127800 JavaThread "Java Sound Event Dispatcher" daemon [_thread_blocked, id=10087, stack(0x00007f64535ff000,0x00007f6453700000)]
  0x00007f64d400f800 JavaThread "DestroyJavaVM" [_thread_blocked, id=10032, stack(0x00007f64dc07b000,0x00007f64dc17c000)]
  0x00007f64d46df800 JavaThread "Thread-2" [_thread_blocked, id=10073, stack(0x00007f647a034000,0x00007f647a135000)]
  0x00007f64d46d2000 JavaThread "main-SharedResourceRunner" daemon [_thread_blocked, id=10072, stack(0x00007f645e36e000,0x00007f645e46f000)]
  0x00007f64d46a8800 JavaThread "main-SharedResourceRunner" daemon [_thread_blocked, id=10071, stack(0x00007f647805f000,0x00007f6478160000)]
=>0x00007f64d4673800 JavaThread "main-Display-.x11_:0-1-EDT-1" daemon [_thread_in_native, id=10070, stack(0x00007f647966d000,0x00007f647976e000)]
  0x00007f64d450e000 JavaThread "process reaper" daemon [_thread_blocked, id=10063, stack(0x00007f647ae8a000,0x00007f647aec3000)]
  0x00007f64d42ac000 JavaThread "AWT-XAWT" daemon [_thread_in_native, id=10059, stack(0x00007f647b358000,0x00007f647b459000)]
  0x00007f64d428c000 JavaThread "Java2D Disposer" daemon [_thread_blocked, id=10058, stack(0x00007f647b869000,0x00007f647b96a000)]
  0x00007f64d40e0800 JavaThread "Service Thread" daemon [_thread_blocked, id=10056, stack(0x00007f64b9691000,0x00007f64b9792000)]
  0x00007f64d40d3800 JavaThread "C1 CompilerThread2" daemon [_thread_blocked, id=10055, stack(0x00007f64b9792000,0x00007f64b9893000)]
  0x00007f64d40d1800 JavaThread "C2 CompilerThread1" daemon [_thread_blocked, id=10054, stack(0x00007f64b9893000,0x00007f64b9994000)]
  0x00007f64d40ce800 JavaThread "C2 CompilerThread0" daemon [_thread_blocked, id=10053, stack(0x00007f64b9994000,0x00007f64b9a95000)]
  0x00007f6498001000 JavaThread "JDWP Command Reader" daemon [_thread_in_native, id=10047, stack(0x00007f64b9a95000,0x00007f64b9b96000)]
  0x00007f64d40cc800 JavaThread "JDWP Event Helper Thread" daemon [_thread_blocked, id=10043, stack(0x00007f64b9b96000,0x00007f64b9c97000)]
  0x00007f64d40c9000 JavaThread "JDWP Transport Listener: dt_socket" daemon [_thread_blocked, id=10042, stack(0x00007f64b9c97000,0x00007f64b9d98000)]
  0x00007f64d40bb800 JavaThread "Signal Dispatcher" daemon [_thread_blocked, id=10040, stack(0x00007f64b9f9c000,0x00007f64ba09d000)]
  0x00007f64d4084800 JavaThread "Finalizer" daemon [_thread_blocked, id=10039, stack(0x00007f64ba09d000,0x00007f64ba19e000)]
  0x00007f64d4082800 JavaThread "Reference Handler" daemon [_thread_blocked, id=10038, stack(0x00007f64ba19e000,0x00007f64ba29f000)]

Other Threads:
  0x00007f64d407d000 VMThread [stack: 0x00007f64ba29f000,0x00007f64ba3a0000] [id=10037]
  0x00007f64d40e3800 WatcherThread [stack: 0x00007f64b9590000,0x00007f64b9691000] [id=10057]

VM state:not at safepoint (normal execution)

VM Mutex/Monitor currently owned by a thread: None

Heap:
 PSYoungGen      total 98304K, used 97625K [0x000000076d100000, 0x000000077a500000, 0x00000007c0000000)
  eden space 97792K, 99% used [0x000000076d100000,0x000000077304e7e0,0x0000000773080000)
  from space 512K, 6% used [0x000000077a480000,0x000000077a488000,0x000000077a500000)
  to   space 12800K, 0% used [0x0000000778c00000,0x0000000778c00000,0x0000000779880000)
 ParOldGen       total 171008K, used 9935K [0x00000006c7200000, 0x00000006d1900000, 0x000000076d100000)
  object space 171008K, 5% used [0x00000006c7200000,0x00000006c7bb3c70,0x00000006d1900000)
 Metaspace       used 17400K, capacity 17642K, committed 17792K, reserved 1064960K
  class space    used 1546K, capacity 1630K, committed 1664K, reserved 1048576K

Card table byte_map: [0x00007f64c4838000,0x00007f64c5000000] byte_map_base: 0x00007f64c11ff000

Marking Bits: (ParMarkBitMap*) 0x00007f64db559660
 Begin Bits: [0x00007f64bc597000, 0x00007f64c03cf000)
 End Bits:   [0x00007f64c03cf000, 0x00007f64c4207000)

Polling page: 0x00007f64dc1a0000

CodeCache: size=245760Kb used=7103Kb max_used=7103Kb free=238656Kb
 bounds [0x00007f64c5000000, 0x00007f64c5700000, 0x00007f64d4000000]
 total_blobs=2796 nmethods=1841 adapters=877
 compilation: enabled

Compilation events (10 events):
Event: 24.335 Thread 0x00007f64d40d3800 1844       3       processing.opengl.PGL::getDrawFramebuffer (37 bytes)
Event: 24.335 Thread 0x00007f64d40d3800 nmethod 1844 0x00007f64c56e4a50 code [0x00007f64c56e4be0, 0x00007f64c56e4f78]
Event: 24.335 Thread 0x00007f64d40d3800 1845       3       processing.opengl.PGL::getReadFramebuffer (20 bytes)
Event: 24.335 Thread 0x00007f64d40d3800 nmethod 1845 0x00007f64c56f3910 code [0x00007f64c56f3a80, 0x00007f64c56f3d08]
Event: 24.362 Thread 0x00007f64d40d3800 1846   !   3       jogamp.nativewindow.SurfaceUpdatedHelper::surfaceUpdated (76 bytes)
Event: 24.363 Thread 0x00007f64d40d3800 nmethod 1846 0x00007f64c56f3dd0 code [0x00007f64c56f3fc0, 0x00007f64c56f4948]
Event: 24.399 Thread 0x00007f64d40d3800 1847       3       processing.core.PGraphics::textMode (114 bytes)
Event: 24.400 Thread 0x00007f64d40d3800 nmethod 1847 0x00007f64c56f5150 code [0x00007f64c56f53a0, 0x00007f64c56f6048]
Event: 24.400 Thread 0x00007f64d40d3800 1848       3       processing.opengl.PGraphicsOpenGL::textModeCheck (20 bytes)
Event: 24.400 Thread 0x00007f64d40d3800 nmethod 1848 0x00007f64c56f65d0 code [0x00007f64c56f6740, 0x00007f64c56f6970]

GC Heap History (10 events):
Event: 17.741 GC heap before
{Heap before GC invocations=12 (full 0):
 PSYoungGen      total 128512K, used 113728K [0x000000076d100000, 0x000000077cd00000, 0x00000007c0000000)
  eden space 113664K, 100% used [0x000000076d100000,0x0000000774000000,0x0000000774000000)
  from space 14848K, 0% used [0x000000077b000000,0x000000077b010000,0x000000077be80000)
  to   space 14848K, 0% used [0x000000077be80000,0x000000077be80000,0x000000077cd00000)
 ParOldGen       total 171008K, used 9903K [0x00000006c7200000, 0x00000006d1900000, 0x000000076d100000)
  object space 171008K, 5% used [0x00000006c7200000,0x00000006c7babc70,0x00000006d1900000)
 Metaspace       used 17297K, capacity 17514K, committed 17792K, reserved 1064960K
  class space    used 1546K, capacity 1630K, committed 1664K, reserved 1048576K
Event: 17.743 GC heap after
Heap after GC invocations=12 (full 0):
 PSYoungGen      total 110592K, used 64K [0x000000076d100000, 0x000000077bf00000, 0x00000007c0000000)
  eden space 110080K, 0% used [0x000000076d100000,0x000000076d100000,0x0000000773c80000)
  from space 512K, 12% used [0x000000077be80000,0x000000077be90000,0x000000077bf00000)
  to   space 14336K, 0% used [0x000000077a300000,0x000000077a300000,0x000000077b100000)
 ParOldGen       total 171008K, used 9903K [0x00000006c7200000, 0x00000006d1900000, 0x000000076d100000)
  object space 171008K, 5% used [0x00000006c7200000,0x00000006c7babc70,0x00000006d1900000)
 Metaspace       used 17297K, capacity 17514K, committed 17792K, reserved 1064960K
  class space    used 1546K, capacity 1630K, committed 1664K, reserved 1048576K
}
Event: 19.158 GC heap before
{Heap before GC invocations=13 (full 0):
 PSYoungGen      total 110592K, used 110144K [0x000000076d100000, 0x000000077bf00000, 0x00000007c0000000)
  eden space 110080K, 100% used [0x000000076d100000,0x0000000773c80000,0x0000000773c80000)
  from space 512K, 12% used [0x000000077be80000,0x000000077be90000,0x000000077bf00000)
  to   space 14336K, 0% used [0x000000077a300000,0x000000077a300000,0x000000077b100000)
 ParOldGen       total 171008K, used 9903K [0x00000006c7200000, 0x00000006d1900000, 0x000000076d100000)
  object space 171008K, 5% used [0x00000006c7200000,0x00000006c7babc70,0x00000006d1900000)
 Metaspace       used 17366K, capacity 17578K, committed 17792K, reserved 1064960K
  class space    used 1546K, capacity 1630K, committed 1664K, reserved 1048576K
Event: 19.160 GC heap after
Heap after GC invocations=13 (full 0):
 PSYoungGen      total 121344K, used 64K [0x000000076d100000, 0x000000077bf00000, 0x00000007c0000000)
  eden space 107008K, 0% used [0x000000076d100000,0x000000076d100000,0x0000000773980000)
  from space 14336K, 0% used [0x000000077a300000,0x000000077a310000,0x000000077b100000)
  to   space 14336K, 0% used [0x000000077b100000,0x000000077b100000,0x000000077bf00000)
 ParOldGen       total 171008K, used 9911K [0x00000006c7200000, 0x00000006d1900000, 0x000000076d100000)
  object space 171008K, 5% used [0x00000006c7200000,0x00000006c7badc70,0x00000006d1900000)
 Metaspace       used 17366K, capacity 17578K, committed 17792K, reserved 1064960K
  class space    used 1546K, capacity 1630K, committed 1664K, reserved 1048576K
}
Event: 20.553 GC heap before
{Heap before GC invocations=14 (full 0):
 PSYoungGen      total 121344K, used 107072K [0x000000076d100000, 0x000000077bf00000, 0x00000007c0000000)
  eden space 107008K, 100% used [0x000000076d100000,0x0000000773980000,0x0000000773980000)
  from space 14336K, 0% used [0x000000077a300000,0x000000077a310000,0x000000077b100000)
  to   space 14336K, 0% used [0x000000077b100000,0x000000077b100000,0x000000077bf00000)
 ParOldGen       total 171008K, used 9911K [0x00000006c7200000, 0x00000006d1900000, 0x000000076d100000)
  object space 171008K, 5% used [0x00000006c7200000,0x00000006c7badc70,0x00000006d1900000)
 Metaspace       used 17366K, capacity 17578K, committed 17792K, reserved 1064960K
  class space    used 1546K, capacity 1630K, committed 1664K, reserved 1048576K
Event: 20.555 GC heap after
Heap after GC invocations=14 (full 0):
 PSYoungGen      total 104448K, used 64K [0x000000076d100000, 0x000000077b180000, 0x00000007c0000000)
  eden space 103936K, 0% used [0x000000076d100000,0x000000076d100000,0x0000000773680000)
  from space 512K, 12% used [0x000000077b100000,0x000000077b110000,0x000000077b180000)
  to   space 13824K, 0% used [0x0000000779680000,0x0000000779680000,0x000000077a400000)
 ParOldGen       total 171008K, used 9927K [0x00000006c7200000, 0x00000006d1900000, 0x000000076d100000)
  object space 171008K, 5% used [0x00000006c7200000,0x00000006c7bb1c70,0x00000006d1900000)
 Metaspace       used 17366K, capacity 17578K, committed 17792K, reserved 1064960K
  class space    used 1546K, capacity 1630K, committed 1664K, reserved 1048576K
}
Event: 22.082 GC heap before
{Heap before GC invocations=15 (full 0):
 PSYoungGen      total 104448K, used 104000K [0x000000076d100000, 0x000000077b180000, 0x00000007c0000000)
  eden space 103936K, 100% used [0x000000076d100000,0x0000000773680000,0x0000000773680000)
  from space 512K, 12% used [0x000000077b100000,0x000000077b110000,0x000000077b180000)
  to   space 13824K, 0% used [0x0000000779680000,0x0000000779680000,0x000000077a400000)
 ParOldGen       total 171008K, used 9927K [0x00000006c7200000, 0x00000006d1900000, 0x000000076d100000)
  object space 171008K, 5% used [0x00000006c7200000,0x00000006c7bb1c70,0x00000006d1900000)
 Metaspace       used 17367K, capacity 17578K, committed 17792K, reserved 1064960K
  class space    used 1546K, capacity 1630K, committed 1664K, reserved 1048576K
Event: 22.085 GC heap after
Heap after GC invocations=15 (full 0):
 PSYoungGen      total 114688K, used 32K [0x000000076d100000, 0x000000077b180000, 0x00000007c0000000)
  eden space 100864K, 0% used [0x000000076d100000,0x000000076d100000,0x0000000773380000)
  from space 13824K, 0% used [0x0000000779680000,0x0000000779688000,0x000000077a400000)
  to   space 13312K, 0% used [0x000000077a480000,0x000000077a480000,0x000000077b180000)
 ParOldGen       total 171008K, used 9935K [0x00000006c7200000, 0x00000006d1900000, 0x000000076d100000)
  object space 171008K, 5% used [0x00000006c7200000,0x00000006c7bb3c70,0x00000006d1900000)
 Metaspace       used 17367K, capacity 17578K, committed 17792K, reserved 1064960K
  class space    used 1546K, capacity 1630K, committed 1664K, reserved 1048576K
}
Event: 23.432 GC heap before
{Heap before GC invocations=16 (full 0):
 PSYoungGen      total 114688K, used 100896K [0x000000076d100000, 0x000000077b180000, 0x00000007c0000000)
  eden space 100864K, 100% used [0x000000076d100000,0x0000000773380000,0x0000000773380000)
  from space 13824K, 0% used [0x0000000779680000,0x0000000779688000,0x000000077a400000)
  to   space 13312K, 0% used [0x000000077a480000,0x000000077a480000,0x000000077b180000)
 ParOldGen       total 171008K, used 9935K [0x00000006c7200000, 0x00000006d1900000, 0x000000076d100000)
  object space 171008K, 5% used [0x00000006c7200000,0x00000006c7bb3c70,0x00000006d1900000)
 Metaspace       used 17367K, capacity 17578K, committed 17792K, reserved 1064960K
  class space    used 1546K, capacity 1630K, committed 1664K, reserved 1048576K
Event: 23.434 GC heap after
Heap after GC invocations=16 (full 0):
 PSYoungGen      total 98304K, used 32K [0x000000076d100000, 0x000000077a500000, 0x00000007c0000000)
  eden space 97792K, 0% used [0x000000076d100000,0x000000076d100000,0x0000000773080000)
  from space 512K, 6% used [0x000000077a480000,0x000000077a488000,0x000000077a500000)
  to   space 12800K, 0% used [0x0000000778c00000,0x0000000778c00000,0x0000000779880000)
 ParOldGen       total 171008K, used 9935K [0x00000006c7200000, 0x00000006d1900000, 0x000000076d100000)
  object space 171008K, 5% used [0x00000006c7200000,0x00000006c7bb3c70,0x00000006d1900000)
 Metaspace       used 17367K, capacity 17578K, committed 17792K, reserved 1064960K
  class space    used 1546K, capacity 1630K, committed 1664K, reserved 1048576K
}

Deoptimization events (10 events):
Event: 1.217 Thread 0x00007f64d400f800 Uncommon trap: reason=unstable_if action=reinterpret pc=0x00007f64c51bc57c method=java.lang.String.indexOf([CII[CIII)I @ 3
Event: 2.368 Thread 0x00007f64d400f800 Uncommon trap: reason=unstable_if action=reinterpret pc=0x00007f64c539452c method=java.lang.reflect.AccessibleObject.setAccessible0(Ljava/lang/reflect/AccessibleObject;Z)V @ 4
Event: 2.536 Thread 0x00007f64d46e0000 Uncommon trap: reason=unstable_if action=reinterpret pc=0x00007f64c52eecb4 method=sun.misc.MetaIndex.mayContain(Ljava/lang/String;)Z @ 38
Event: 2.558 Thread 0x00007f64d46e0000 Uncommon trap: reason=unstable_if action=reinterpret pc=0x00007f64c5293358 method=sun.misc.MetaIndex.mayContain(Ljava/lang/String;)Z @ 38
Event: 2.620 Thread 0x00007f64d46e0000 Uncommon trap: reason=unstable_if action=reinterpret pc=0x00007f64c53c41cc method=javax.sound.sampled.AudioFormat.matches(Ljavax/sound/sampled/AudioFormat;)Z @ 112
Event: 2.860 Thread 0x00007f64d46e0000 Uncommon trap: reason=unstable_if action=reinterpret pc=0x00007f64c5408ad0 method=processing.core.PApplet.max(II)I @ 2
Event: 2.990 Thread 0x00007f64d46e0000 Uncommon trap: reason=unstable_if action=reinterpret pc=0x00007f64c5427574 method=processing.opengl.PGraphicsOpenGL$Tessellator.addLineSegment3D(IIIII[SZ)I @ 68
Event: 8.156 Thread 0x00007f64d46e0000 Uncommon trap: reason=unstable_if action=reinterpret pc=0x00007f64c5570840 method=sun.misc.FloatingDecimal$BinaryToASCIIBuffer.dtoa(IJIZ)V @ 97
Event: 9.463 Thread 0x00007f64d46e0000 Uncommon trap: reason=unstable_if action=reinterpret pc=0x00007f64c5621a70 method=sun.misc.FloatingDecimal$BinaryToASCIIBuffer.dtoa(IJIZ)V @ 714
Event: 12.563 Thread 0x00007f64d46e0000 Uncommon trap: reason=unstable_if action=reinterpret pc=0x00007f64c5640644 method=sun.misc.FloatingDecimal$BinaryToASCIIBuffer.dtoa(IJIZ)V @ 921

Internal exceptions (10 events):
Event: 0.826 Thread 0x00007f64d400f800 Exception <a 'java/security/PrivilegedActionException'> (0x000000076d66e380) thrown at [/HUDSON/workspace/8-2-build-linux-amd64/jdk8u51/3951/hotspot/src/share/vm/prims/jvm.cpp, line 1382]
Event: 0.826 Thread 0x00007f64d400f800 Exception <a 'java/security/PrivilegedActionException'> (0x000000076d66e538) thrown at [/HUDSON/workspace/8-2-build-linux-amd64/jdk8u51/3951/hotspot/src/share/vm/prims/jvm.cpp, line 1382]
Event: 0.826 Thread 0x00007f64d400f800 Exception <a 'java/security/PrivilegedActionException'> (0x000000076d6707f0) thrown at [/HUDSON/workspace/8-2-build-linux-amd64/jdk8u51/3951/hotspot/src/share/vm/prims/jvm.cpp, line 1382]
Event: 0.826 Thread 0x00007f64d400f800 Exception <a 'java/security/PrivilegedActionException'> (0x000000076d6709a8) thrown at [/HUDSON/workspace/8-2-build-linux-amd64/jdk8u51/3951/hotspot/src/share/vm/prims/jvm.cpp, line 1382]
Event: 0.835 Thread 0x00007f64d400f800 Exception <a 'java/io/FileNotFoundException'> (0x000000076d67a700) thrown at [/HUDSON/workspace/8-2-build-linux-amd64/jdk8u51/3951/hotspot/src/share/vm/prims/jni.cpp, line 709]
Event: 0.835 Thread 0x00007f64d400f800 Exception <a 'java/io/FileNotFoundException'> (0x000000076d67b088) thrown at [/HUDSON/workspace/8-2-build-linux-amd64/jdk8u51/3951/hotspot/src/share/vm/prims/jni.cpp, line 709]
Event: 0.935 Thread 0x00007f64d400f800 Exception <a 'java/lang/NoSuchFieldError': method resolution failed> (0x000000076d780fe8) thrown at [/HUDSON/workspace/8-2-build-linux-amd64/jdk8u51/3951/hotspot/src/share/vm/prims/methodHandles.cpp, line 1125]
Event: 0.937 Thread 0x00007f64d400f800 Exception <a 'java/lang/NoSuchFieldError': method resolution failed> (0x000000076d78f9a8) thrown at [/HUDSON/workspace/8-2-build-linux-amd64/jdk8u51/3951/hotspot/src/share/vm/prims/methodHandles.cpp, line 1125]
Event: 2.153 Thread 0x00007f64d400f800 Exception <a 'java/lang/InterruptedException'> (0x000000076f292818) thrown at [/HUDSON/workspace/8-2-build-linux-amd64/jdk8u51/3951/hotspot/src/share/vm/runtime/objectMonitor.cpp, line 1683]
Event: 2.362 Thread 0x00007f64d400f800 Exception <a 'java/lang/InterruptedException'> (0x000000076f29dcb8) thrown at [/HUDSON/workspace/8-2-build-linux-amd64/jdk8u51/3951/hotspot/src/share/vm/runtime/objectMonitor.cpp, line 1683]

Events (10 events):
Event: 24.576 Thread 0x00007f64d46e0000 DEOPT PACKING pc=0x00007f64c5677b2c sp=0x00007f647aa5fef0
Event: 24.576 Thread 0x00007f64d46e0000 DEOPT UNPACKING pc=0x00007f64c5047633 sp=0x00007f647aa5fc48 mode 1
Event: 24.616 Thread 0x00007f64d46e0000 DEOPT PACKING pc=0x00007f64c569db89 sp=0x00007f647aa5fe60
Event: 24.616 Thread 0x00007f64d46e0000 DEOPT UNPACKING pc=0x00007f64c5047633 sp=0x00007f647aa5fbf8 mode 1
Event: 24.616 Thread 0x00007f64d46e0000 DEOPT PACKING pc=0x00007f64c5677b2c sp=0x00007f647aa5fef0
Event: 24.617 Thread 0x00007f64d46e0000 DEOPT UNPACKING pc=0x00007f64c5047633 sp=0x00007f647aa5fc48 mode 1
Event: 24.651 Thread 0x00007f64d46e0000 DEOPT PACKING pc=0x00007f64c569db89 sp=0x00007f647aa5fe60
Event: 24.651 Thread 0x00007f64d46e0000 DEOPT UNPACKING pc=0x00007f64c5047633 sp=0x00007f647aa5fbf8 mode 1
Event: 24.651 Thread 0x00007f64d46e0000 DEOPT PACKING pc=0x00007f64c5677b2c sp=0x00007f647aa5fef0
Event: 24.651 Thread 0x00007f64d46e0000 DEOPT UNPACKING pc=0x00007f64c5047633 sp=0x00007f647aa5fc48 mode 1


Dynamic libraries:
00400000-00401000 r-xp 00000000 08:02 6695910                            /usr/bin/processing-3.0/java/bin/java
00600000-00601000 rw-p 00000000 08:02 6695910                            /usr/bin/processing-3.0/java/bin/java
01b87000-01ba8000 rw-p 00000000 00:00 0                                  [heap]
6c7200000-6d1900000 rw-p 00000000 00:00 0 
6d1900000-76d100000 ---p 00000000 00:00 0 
76d100000-77a500000 rw-p 00000000 00:00 0 
77a500000-7c0000000 ---p 00000000 00:00 0 
7c0000000-7c01a0000 rw-p 00000000 00:00 0 
7c01a0000-800000000 ---p 00000000 00:00 0 
7f6433fff000-7f6438000000 r--s 00000000 00:16 18791                      /run/shm/pulse-shm-3302753902
7f6438000000-7f6438021000 rw-p 00000000 00:00 0 
7f6438021000-7f643c000000 ---p 00000000 00:00 0 
7f643c000000-7f643c28b000 rw-p 00000000 00:00 0 
7f643c28b000-7f6440000000 ---p 00000000 00:00 0 
7f6440000000-7f6440021000 rw-p 00000000 00:00 0 
7f6440021000-7f6444000000 ---p 00000000 00:00 0 
7f6447fff000-7f644c000000 rw-s 00000000 00:16 164721                     /run/shm/pulse-shm-1449932092
7f644c000000-7f644f082000 rw-p 00000000 00:00 0 
7f644f082000-7f6450000000 ---p 00000000 00:00 0 
7f6450871000-7f6450872000 ---p 00000000 00:00 0 
7f6450872000-7f6451072000 rw-p 00000000 00:00 0 
7f6451072000-7f6451073000 ---p 00000000 00:00 0 
7f6451073000-7f6451873000 rw-p 00000000 00:00 0                          [stack:10088]
7f6451873000-7f6451879000 r-xp 00000000 08:02 6947199                    /usr/lib/x86_64-linux-gnu/alsa-lib/libasound_module_pcm_pulse.so
7f6451879000-7f6451a78000 ---p 00006000 08:02 6947199                    /usr/lib/x86_64-linux-gnu/alsa-lib/libasound_module_pcm_pulse.so
7f6451a78000-7f6451a79000 r--p 00005000 08:02 6947199                    /usr/lib/x86_64-linux-gnu/alsa-lib/libasound_module_pcm_pulse.so
7f6451a79000-7f6451a7a000 rw-p 00006000 08:02 6947199                    /usr/lib/x86_64-linux-gnu/alsa-lib/libasound_module_pcm_pulse.so
7f6451a7a000-7f6451a91000 r-xp 00000000 08:02 13635816                   /lib/x86_64-linux-gnu/libresolv-2.19.so
7f6451a91000-7f6451c91000 ---p 00017000 08:02 13635816                   /lib/x86_64-linux-gnu/libresolv-2.19.so
7f6451c91000-7f6451c92000 r--p 00017000 08:02 13635816                   /lib/x86_64-linux-gnu/libresolv-2.19.so
7f6451c92000-7f6451c93000 rw-p 00018000 08:02 13635816                   /lib/x86_64-linux-gnu/libresolv-2.19.so
7f6451c93000-7f6451c95000 rw-p 00000000 00:00 0 
7f6451c95000-7f6451c9c000 r-xp 00000000 08:02 6562227                    /usr/lib/x86_64-linux-gnu/libogg.so.0.8.1
7f6451c9c000-7f6451e9c000 ---p 00007000 08:02 6562227                    /usr/lib/x86_64-linux-gnu/libogg.so.0.8.1
7f6451e9c000-7f6451e9d000 r--p 00007000 08:02 6562227                    /usr/lib/x86_64-linux-gnu/libogg.so.0.8.1
7f6451e9d000-7f6451e9e000 rw-p 00008000 08:02 6562227                    /usr/lib/x86_64-linux-gnu/libogg.so.0.8.1
7f6451e9e000-7f6451eca000 r-xp 00000000 08:02 6562501                    /usr/lib/x86_64-linux-gnu/libvorbis.so.0.4.5
7f6451eca000-7f64520c9000 ---p 0002c000 08:02 6562501                    /usr/lib/x86_64-linux-gnu/libvorbis.so.0.4.5
7f64520c9000-7f64520ca000 r--p 0002b000 08:02 6562501                    /usr/lib/x86_64-linux-gnu/libvorbis.so.0.4.5
7f64520ca000-7f64520cb000 rw-p 0002c000 08:02 6562501                    /usr/lib/x86_64-linux-gnu/libvorbis.so.0.4.5
7f64520cb000-7f645237e000 r-xp 00000000 08:02 6562503                    /usr/lib/x86_64-linux-gnu/libvorbisenc.so.2.0.8
7f645237e000-7f645257d000 ---p 002b3000 08:02 6562503                    /usr/lib/x86_64-linux-gnu/libvorbisenc.so.2.0.8
7f645257d000-7f6452599000 r--p 002b2000 08:02 6562503                    /usr/lib/x86_64-linux-gnu/libvorbisenc.so.2.0.8
7f6452599000-7f645259a000 rw-p 002ce000 08:02 6562503                    /usr/lib/x86_64-linux-gnu/libvorbisenc.so.2.0.8
7f645259a000-7f64525ca000 r-xp 00000000 08:02 6561366                    /usr/lib/x86_64-linux-gnu/libFLAC.so.8.3.0
7f64525ca000-7f64527c9000 ---p 00030000 08:02 6561366                    /usr/lib/x86_64-linux-gnu/libFLAC.so.8.3.0
7f64527c9000-7f64527ca000 r--p 0002f000 08:02 6561366                    /usr/lib/x86_64-linux-gnu/libFLAC.so.8.3.0
7f64527ca000-7f64527cb000 rw-p 00030000 08:02 6561366                    /usr/lib/x86_64-linux-gnu/libFLAC.so.8.3.0
7f64527cb000-7f64527d0000 r-xp 00000000 08:02 6561598                    /usr/lib/x86_64-linux-gnu/libasyncns.so.0.3.1
7f64527d0000-7f64529cf000 ---p 00005000 08:02 6561598                    /usr/lib/x86_64-linux-gnu/libasyncns.so.0.3.1
7f64529cf000-7f64529d0000 r--p 00004000 08:02 6561598                    /usr/lib/x86_64-linux-gnu/libasyncns.so.0.3.1
7f64529d0000-7f64529d1000 rw-p 00005000 08:02 6561598                    /usr/lib/x86_64-linux-gnu/libasyncns.so.0.3.1
7f64529d1000-7f6452a32000 r-xp 00000000 08:02 6562384                    /usr/lib/x86_64-linux-gnu/libsndfile.so.1.0.25
7f6452a32000-7f6452c32000 ---p 00061000 08:02 6562384                    /usr/lib/x86_64-linux-gnu/libsndfile.so.1.0.25
7f6452c32000-7f6452c34000 r--p 00061000 08:02 6562384                    /usr/lib/x86_64-linux-gnu/libsndfile.so.1.0.25
7f6452c34000-7f6452c35000 rw-p 00063000 08:02 6562384                    /usr/lib/x86_64-linux-gnu/libsndfile.so.1.0.25
7f6452c35000-7f6452c39000 rw-p 00000000 00:00 0 
7f6452c39000-7f6452c41000 r-xp 00000000 08:02 13635850                   /lib/x86_64-linux-gnu/libwrap.so.0.7.6
7f6452c41000-7f6452e40000 ---p 00008000 08:02 13635850                   /lib/x86_64-linux-gnu/libwrap.so.0.7.6
7f6452e40000-7f6452e41000 r--p 00007000 08:02 13635850                   /lib/x86_64-linux-gnu/libwrap.so.0.7.6
7f6452e41000-7f6452e42000 rw-p 00008000 08:02 13635850                   /lib/x86_64-linux-gnu/libwrap.so.0.7.6
7f6452e42000-7f6452e43000 rw-p 00000000 00:00 0 
7f6452e43000-7f6452ea9000 r-xp 00000000 08:02 6948471                    /usr/lib/x86_64-linux-gnu/pulseaudio/libpulsecommon-4.0.so
7f6452ea9000-7f64530a8000 ---p 00066000 08:02 6948471                    /usr/lib/x86_64-linux-gnu/pulseaudio/libpulsecommon-4.0.so
7f64530a8000-7f64530a9000 r--p 00065000 08:02 6948471                    /usr/lib/x86_64-linux-gnu/pulseaudio/libpulsecommon-4.0.so
7f64530a9000-7f64530aa000 rw-p 00066000 08:02 6948471                    /usr/lib/x86_64-linux-gnu/pulseaudio/libpulsecommon-4.0.so
7f64530aa000-7f64530b4000 r-xp 00000000 08:02 13635730                   /lib/x86_64-linux-gnu/libjson-c.so.2.0.0
7f64530b4000-7f64532b3000 ---p 0000a000 08:02 13635730                   /lib/x86_64-linux-gnu/libjson-c.so.2.0.0
7f64532b3000-7f64532b4000 r--p 00009000 08:02 13635730                   /lib/x86_64-linux-gnu/libjson-c.so.2.0.0
7f64532b4000-7f64532b5000 rw-p 0000a000 08:02 13635730                   /lib/x86_64-linux-gnu/libjson-c.so.2.0.0
7f64532b5000-7f64532fc000 r-xp 00000000 08:02 6562296                    /usr/lib/x86_64-linux-gnu/libpulse.so.0.16.2
7f64532fc000-7f64534fc000 ---p 00047000 08:02 6562296                    /usr/lib/x86_64-linux-gnu/libpulse.so.0.16.2
7f64534fc000-7f64534fd000 r--p 00047000 08:02 6562296                    /usr/lib/x86_64-linux-gnu/libpulse.so.0.16.2
7f64534fd000-7f64534fe000 rw-p 00048000 08:02 6562296                    /usr/lib/x86_64-linux-gnu/libpulse.so.0.16.2
7f64534fe000-7f6453501000 ---p 00000000 00:00 0 
7f6453501000-7f64535ff000 rw-p 00000000 00:00 0                          [stack:10092]
7f64535ff000-7f6453602000 ---p 00000000 00:00 0 
7f6453602000-7f6453700000 rw-p 00000000 00:00 0                          [stack:10087]
7f6453700000-7f64537e9000 r-xp 00000000 08:02 6561590                    /usr/lib/x86_64-linux-gnu/libasound.so.2.0.0
7f64537e9000-7f64539e8000 ---p 000e9000 08:02 6561590                    /usr/lib/x86_64-linux-gnu/libasound.so.2.0.0
7f64539e8000-7f64539ef000 r--p 000e8000 08:02 6561590                    /usr/lib/x86_64-linux-gnu/libasound.so.2.0.0
7f64539ef000-7f64539f0000 rw-p 000ef000 08:02 6561590                    /usr/lib/x86_64-linux-gnu/libasound.so.2.0.0
7f64539f0000-7f64539ff000 r-xp 00000000 08:02 8012164                    /usr/bin/processing-3.0/java/lib/amd64/libjsoundalsa.so
7f64539ff000-7f6453bfe000 ---p 0000f000 08:02 8012164                    /usr/bin/processing-3.0/java/lib/amd64/libjsoundalsa.so
7f6453bfe000-7f6453bff000 rw-p 0000e000 08:02 8012164                    /usr/bin/processing-3.0/java/lib/amd64/libjsoundalsa.so
7f6453bff000-7f6453c00000 r-xp 00000000 08:02 8012181                    /usr/bin/processing-3.0/java/lib/amd64/libjsound.so
7f6453c00000-7f6453dff000 ---p 00001000 08:02 8012181                    /usr/bin/processing-3.0/java/lib/amd64/libjsound.so
7f6453dff000-7f6453e00000 rw-p 00000000 08:02 8012181                    /usr/bin/processing-3.0/java/lib/amd64/libjsound.so
7f6453e00000-7f6453fc0000 rw-p 00000000 00:00 0 
7f6453fc0000-7f6454000000 ---p 00000000 00:00 0 
7f6454000000-7f6456ded000 rw-p 00000000 00:00 0 
7f6456ded000-7f6458000000 ---p 00000000 00:00 0 
7f6458000000-7f645874c000 rw-p 00000000 00:00 0 
7f645874c000-7f645c000000 ---p 00000000 00:00 0 
7f645c0c5000-7f645c1c5000 rw-s 148f06000 00:06 10208                     /dev/dri/card0
7f645c1c5000-7f645c209000 r-xp 00000000 08:02 13635704                   /lib/x86_64-linux-gnu/libdbus-1.so.3.7.6
7f645c209000-7f645c408000 ---p 00044000 08:02 13635704                   /lib/x86_64-linux-gnu/libdbus-1.so.3.7.6
7f645c408000-7f645c409000 r--p 00043000 08:02 13635704                   /lib/x86_64-linux-gnu/libdbus-1.so.3.7.6
7f645c409000-7f645c40a000 rw-p 00044000 08:02 13635704                   /lib/x86_64-linux-gnu/libdbus-1.so.3.7.6
7f645c40a000-7f645c412000 r-xp 00000000 08:02 13635752                   /lib/x86_64-linux-gnu/libnih-dbus.so.1.0.0
7f645c412000-7f645c612000 ---p 00008000 08:02 13635752                   /lib/x86_64-linux-gnu/libnih-dbus.so.1.0.0
7f645c612000-7f645c613000 r--p 00008000 08:02 13635752                   /lib/x86_64-linux-gnu/libnih-dbus.so.1.0.0
7f645c613000-7f645c614000 rw-p 00009000 08:02 13635752                   /lib/x86_64-linux-gnu/libnih-dbus.so.1.0.0
7f645c614000-7f645c62b000 r-xp 00000000 08:02 13635754                   /lib/x86_64-linux-gnu/libnih.so.1.0.0
7f645c62b000-7f645c82a000 ---p 00017000 08:02 13635754                   /lib/x86_64-linux-gnu/libnih.so.1.0.0
7f645c82a000-7f645c82b000 r--p 00016000 08:02 13635754                   /lib/x86_64-linux-gnu/libnih.so.1.0.0
7f645c82b000-7f645c82c000 rw-p 00017000 08:02 13635754                   /lib/x86_64-linux-gnu/libnih.so.1.0.0
7f645c82c000-7f645c845000 r-xp 00000000 08:02 13635695                   /lib/x86_64-linux-gnu/libcgmanager.so.0.0.0
7f645c845000-7f645ca44000 ---p 00019000 08:02 13635695                   /lib/x86_64-linux-gnu/libcgmanager.so.0.0.0
7f645ca44000-7f645ca46000 r--p 00018000 08:02 13635695                   /lib/x86_64-linux-gnu/libcgmanager.so.0.0.0
7f645ca46000-7f645ca47000 rw-p 0001a000 08:02 13635695                   /lib/x86_64-linux-gnu/libcgmanager.so.0.0.0
7f645ca47000-7f645ca57000 r-xp 00000000 08:02 13635838                   /lib/x86_64-linux-gnu/libudev.so.1.3.5
7f645ca57000-7f645cc56000 ---p 00010000 08:02 13635838                   /lib/x86_64-linux-gnu/libudev.so.1.3.5
7f645cc56000-7f645cc57000 r--p 0000f000 08:02 13635838                   /lib/x86_64-linux-gnu/libudev.so.1.3.5
7f645cc57000-7f645cc58000 rw-p 00010000 08:02 13635838                   /lib/x86_64-linux-gnu/libudev.so.1.3.5
7f645cc58000-7f645cc8f000 r-xp 00000000 08:02 6562454                    /usr/lib/x86_64-linux-gnu/libtxc_dxtn_s2tc.so.0.0.0
7f645cc8f000-7f645ce8e000 ---p 00037000 08:02 6562454                    /usr/lib/x86_64-linux-gnu/libtxc_dxtn_s2tc.so.0.0.0
7f645ce8e000-7f645ce8f000 r--p 00036000 08:02 6562454                    /usr/lib/x86_64-linux-gnu/libtxc_dxtn_s2tc.so.0.0.0
7f645ce8f000-7f645ce90000 rw-p 00037000 08:02 6562454                    /usr/lib/x86_64-linux-gnu/libtxc_dxtn_s2tc.so.0.0.0
7f645ce90000-7f645cea8000 r-xp 00000000 08:02 13635853                   /lib/x86_64-linux-gnu/libz.so.1.2.8
7f645cea8000-7f645d0a7000 ---p 00018000 08:02 13635853                   /lib/x86_64-linux-gnu/libz.so.1.2.8
7f645d0a7000-7f645d0a8000 r--p 00017000 08:02 13635853                   /lib/x86_64-linux-gnu/libz.so.1.2.8
7f645d0a8000-7f645d0a9000 rw-p 00018000 08:02 13635853                   /lib/x86_64-linux-gnu/libz.so.1.2.8
7f645d0a9000-7f645d0b1000 r-xp 00000000 08:02 6562259                    /usr/lib/x86_64-linux-gnu/libpciaccess.so.0.11.1
7f645d0b1000-7f645d2b0000 ---p 00008000 08:02 6562259                    /usr/lib/x86_64-linux-gnu/libpciaccess.so.0.11.1
7f645d2b0000-7f645d2b1000 r--p 00007000 08:02 6562259                    /usr/lib/x86_64-linux-gnu/libpciaccess.so.0.11.1
7f645d2b1000-7f645d2b2000 rw-p 00008000 08:02 6562259                    /usr/lib/x86_64-linux-gnu/libpciaccess.so.0.11.1
7f645d2b2000-7f645d398000 r-xp 00000000 08:02 6562412                    /usr/lib/x86_64-linux-gnu/libstdc++.so.6.0.19
7f645d398000-7f645d597000 ---p 000e6000 08:02 6562412                    /usr/lib/x86_64-linux-gnu/libstdc++.so.6.0.19
7f645d597000-7f645d59f000 r--p 000e5000 08:02 6562412                    /usr/lib/x86_64-linux-gnu/libstdc++.so.6.0.19
7f645d59f000-7f645d5a1000 rw-p 000ed000 08:02 6562412                    /usr/lib/x86_64-linux-gnu/libstdc++.so.6.0.19
7f645d5a1000-7f645d5b6000 rw-p 00000000 00:00 0 
7f645d5b6000-7f645d5c2000 r-xp 00000000 08:02 6561756                    /usr/lib/x86_64-linux-gnu/libdrm_radeon.so.1.0.1
7f645d5c2000-7f645d7c1000 ---p 0000c000 08:02 6561756                    /usr/lib/x86_64-linux-gnu/libdrm_radeon.so.1.0.1
7f645d7c1000-7f645d7c2000 r--p 0000b000 08:02 6561756                    /usr/lib/x86_64-linux-gnu/libdrm_radeon.so.1.0.1
7f645d7c2000-7f645d7c3000 rw-p 0000c000 08:02 6561756                    /usr/lib/x86_64-linux-gnu/libdrm_radeon.so.1.0.1
7f645d7c3000-7f645d7c9000 r-xp 00000000 08:02 6561754                    /usr/lib/x86_64-linux-gnu/libdrm_nouveau.so.2.0.0
7f645d7c9000-7f645d9c8000 ---p 00006000 08:02 6561754                    /usr/lib/x86_64-linux-gnu/libdrm_nouveau.so.2.0.0
7f645d9c8000-7f645d9c9000 r--p 00005000 08:02 6561754                    /usr/lib/x86_64-linux-gnu/libdrm_nouveau.so.2.0.0
7f645d9c9000-7f645d9ca000 rw-p 00006000 08:02 6561754                    /usr/lib/x86_64-linux-gnu/libdrm_nouveau.so.2.0.0
7f645d9ca000-7f645d9ea000 r-xp 00000000 08:02 6561752                    /usr/lib/x86_64-linux-gnu/libdrm_intel.so.1.0.0
7f645d9ea000-7f645dbe9000 ---p 00020000 08:02 6561752                    /usr/lib/x86_64-linux-gnu/libdrm_intel.so.1.0.0
7f645dbe9000-7f645dbea000 r--p 0001f000 08:02 6561752                    /usr/lib/x86_64-linux-gnu/libdrm_intel.so.1.0.0
7f645dbea000-7f645dbeb000 rw-p 00020000 08:02 6561752                    /usr/lib/x86_64-linux-gnu/libdrm_intel.so.1.0.0
7f645dbeb000-7f645e13f000 r-xp 00000000 08:02 6947244                    /usr/lib/x86_64-linux-gnu/dri/i965_dri.so
7f645e13f000-7f645e33f000 ---p 00554000 08:02 6947244                    /usr/lib/x86_64-linux-gnu/dri/i965_dri.so
7f645e33f000-7f645e360000 r--p 00554000 08:02 6947244                    /usr/lib/x86_64-linux-gnu/dri/i965_dri.so
7f645e360000-7f645e367000 rw-p 00575000 08:02 6947244                    /usr/lib/x86_64-linux-gnu/dri/i965_dri.so
7f645e367000-7f645e36e000 rw-p 00000000 00:00 0 
7f645e36e000-7f645e371000 ---p 00000000 00:00 0 
7f645e371000-7f645e46f000 rw-p 00000000 00:00 0                          [stack:10072]
7f645e46f000-7f645e4c8000 r-xp 00000000 08:02 4721855                    /tmp/jogamp_0000/file_cache/jln8665318188087214483/jln5570214104724686550/libjogl_mobile.so
7f645e4c8000-7f645e6c8000 ---p 00059000 08:02 4721855                    /tmp/jogamp_0000/file_cache/jln8665318188087214483/jln5570214104724686550/libjogl_mobile.so
7f645e6c8000-7f645e6c9000 rw-p 00059000 08:02 4721855                    /tmp/jogamp_0000/file_cache/jln8665318188087214483/jln5570214104724686550/libjogl_mobile.so
7f645e6c9000-7f645e6d0000 r-xp 00000000 08:02 6561790                    /usr/lib/x86_64-linux-gnu/libffi.so.6.0.1
7f645e6d0000-7f645e8cf000 ---p 00007000 08:02 6561790                    /usr/lib/x86_64-linux-gnu/libffi.so.6.0.1
7f645e8cf000-7f645e8d0000 r--p 00006000 08:02 6561790                    /usr/lib/x86_64-linux-gnu/libffi.so.6.0.1
7f645e8d0000-7f645e8d1000 rw-p 00007000 08:02 6561790                    /usr/lib/x86_64-linux-gnu/libffi.so.6.0.1
7f645e8d1000-7f645e8dd000 r-xp 00000000 08:02 6561843                    /usr/lib/x86_64-linux-gnu/libgbm.so.1.0.0
7f645e8dd000-7f645eadd000 ---p 0000c000 08:02 6561843                    /usr/lib/x86_64-linux-gnu/libgbm.so.1.0.0
7f645eadd000-7f645eade000 r--p 0000c000 08:02 6561843                    /usr/lib/x86_64-linux-gnu/libgbm.so.1.0.0
7f645eade000-7f645eadf000 rw-p 0000d000 08:02 6561843                    /usr/lib/x86_64-linux-gnu/libgbm.so.1.0.0
7f645eadf000-7f645eaee000 r-xp 00000000 08:02 6562520                    /usr/lib/x86_64-linux-gnu/libwayland-server.so.0.1.0
7f645eaee000-7f645eced000 ---p 0000f000 08:02 6562520                    /usr/lib/x86_64-linux-gnu/libwayland-server.so.0.1.0
7f645eced000-7f645ecef000 r--p 0000e000 08:02 6562520                    /usr/lib/x86_64-linux-gnu/libwayland-server.so.0.1.0
7f645ecef000-7f645ecf0000 rw-p 00010000 08:02 6562520                    /usr/lib/x86_64-linux-gnu/libwayland-server.so.0.1.0
7f645ecf0000-7f645ecfb000 r-xp 00000000 08:02 6562514                    /usr/lib/x86_64-linux-gnu/libwayland-client.so.0.2.0
7f645ecfb000-7f645eefa000 ---p 0000b000 08:02 6562514                    /usr/lib/x86_64-linux-gnu/libwayland-client.so.0.2.0
7f645eefa000-7f645eefc000 r--p 0000a000 08:02 6562514                    /usr/lib/x86_64-linux-gnu/libwayland-client.so.0.2.0
7f645eefc000-7f645eefd000 rw-p 0000c000 08:02 6562514                    /usr/lib/x86_64-linux-gnu/libwayland-client.so.0.2.0
7f645eefd000-7f645ef02000 r-xp 00000000 08:02 6562570                    /usr/lib/x86_64-linux-gnu/libxcb-xfixes.so.0.0.0
7f645ef02000-7f645f102000 ---p 00005000 08:02 6562570                    /usr/lib/x86_64-linux-gnu/libxcb-xfixes.so.0.0.0
7f645f102000-7f645f103000 r--p 00005000 08:02 6562570                    /usr/lib/x86_64-linux-gnu/libxcb-xfixes.so.0.0.0
7f645f103000-7f645f104000 rw-p 00006000 08:02 6562570                    /usr/lib/x86_64-linux-gnu/libxcb-xfixes.so.0.0.0
7f645f104000-7f645f12b000 r-xp 00000000 08:02 6948353                    /usr/lib/x86_64-linux-gnu/mesa-egl/libEGL.so.1.0.0
7f645f12b000-7f645f32b000 ---p 00027000 08:02 6948353                    /usr/lib/x86_64-linux-gnu/mesa-egl/libEGL.so.1.0.0
7f645f32b000-7f645f32c000 r--p 00027000 08:02 6948353                    /usr/lib/x86_64-linux-gnu/mesa-egl/libEGL.so.1.0.0
7f645f32c000-7f645f32d000 rw-p 00028000 08:02 6948353                    /usr/lib/x86_64-linux-gnu/mesa-egl/libEGL.so.1.0.0
7f645f32d000-7f645f32e000 rw-p 00000000 00:00 0 
7f645f32e000-7f645f334000 r-xp 00000000 08:02 6948357                    /usr/lib/x86_64-linux-gnu/mesa-egl/libGLESv2.so.2.0.0
7f645f334000-7f645f533000 ---p 00006000 08:02 6948357                    /usr/lib/x86_64-linux-gnu/mesa-egl/libGLESv2.so.2.0.0
7f645f533000-7f645f534000 r--p 00005000 08:02 6948357                    /usr/lib/x86_64-linux-gnu/mesa-egl/libGLESv2.so.2.0.0
7f645f534000-7f645f535000 rw-p 00006000 08:02 6948357                    /usr/lib/x86_64-linux-gnu/mesa-egl/libGLESv2.so.2.0.0
7f645f535000-7f645f5e8000 r-xp 00000000 08:02 4721853                    /tmp/jogamp_0000/file_cache/jln8665318188087214483/jln5570214104724686550/libjogl_desktop.so
7f645f5e8000-7f645f7e8000 ---p 000b3000 08:02 4721853                    /tmp/jogamp_0000/file_cache/jln8665318188087214483/jln5570214104724686550/libjogl_desktop.so
7f645f7e8000-7f645f7e9000 rw-p 000b3000 08:02 4721853                    /tmp/jogamp_0000/file_cache/jln8665318188087214483/jln5570214104724686550/libjogl_desktop.so
7f645f7e9000-7f645f7f4000 r-xp 00000000 08:02 6561750                    /usr/lib/x86_64-linux-gnu/libdrm.so.2.4.0
7f645f7f4000-7f645f9f3000 ---p 0000b000 08:02 6561750                    /usr/lib/x86_64-linux-gnu/libdrm.so.2.4.0
7f645f9f3000-7f645f9f4000 r--p 0000a000 08:02 6561750                    /usr/lib/x86_64-linux-gnu/libdrm.so.2.4.0
7f645f9f4000-7f645f9f5000 rw-p 0000b000 08:02 6561750                    /usr/lib/x86_64-linux-gnu/libdrm.so.2.4.0
7f645f9f5000-7f645f9f6000 r-xp 00000000 08:02 6562584                    /usr/lib/x86_64-linux-gnu/libxshmfence.so.1.0.0
7f645f9f6000-7f645fbf5000 ---p 00001000 08:02 6562584                    /usr/lib/x86_64-linux-gnu/libxshmfence.so.1.0.0
7f645fbf5000-7f645fbf6000 r--p 00000000 08:02 6562584                    /usr/lib/x86_64-linux-gnu/libxshmfence.so.1.0.0
7f645fbf6000-7f645fbf7000 rw-p 00001000 08:02 6562584                    /usr/lib/x86_64-linux-gnu/libxshmfence.so.1.0.0
7f645fbf7000-7f645fbfc000 r-xp 00000000 08:02 6562566                    /usr/lib/x86_64-linux-gnu/libxcb-sync.so.1.0.0
7f645fbfc000-7f645fdfb000 ---p 00005000 08:02 6562566                    /usr/lib/x86_64-linux-gnu/libxcb-sync.so.1.0.0
7f645fdfb000-7f645fdfc000 r--p 00004000 08:02 6562566                    /usr/lib/x86_64-linux-gnu/libxcb-sync.so.1.0.0
7f645fdfc000-7f645fdfd000 rw-p 00005000 08:02 6562566                    /usr/lib/x86_64-linux-gnu/libxcb-sync.so.1.0.0
7f645fdfd000-7f645fdff000 r-xp 00000000 08:02 6562554                    /usr/lib/x86_64-linux-gnu/libxcb-present.so.0.0.0
7f645fdff000-7f645fffe000 ---p 00002000 08:02 6562554                    /usr/lib/x86_64-linux-gnu/libxcb-present.so.0.0.0
7f645fffe000-7f645ffff000 r--p 00001000 08:02 6562554                    /usr/lib/x86_64-linux-gnu/libxcb-present.so.0.0.0
7f645ffff000-7f6460000000 rw-p 00002000 08:02 6562554                    /usr/lib/x86_64-linux-gnu/libxcb-present.so.0.0.0
7f6460000000-7f6460bd2000 rw-p 00000000 00:00 0 
7f6460bd2000-7f6464000000 ---p 00000000 00:00 0 
7f6464000000-7f6464021000 rw-p 00000000 00:00 0 
7f6464021000-7f6468000000 ---p 00000000 00:00 0 
7f6468000000-7f6468021000 rw-p 00000000 00:00 0 
7f6468021000-7f646c000000 ---p 00000000 00:00 0 
7f646c000000-7f646c021000 rw-p 00000000 00:00 0 
7f646c021000-7f6470000000 ---p 00000000 00:00 0 
7f6470000000-7f6470021000 rw-p 00000000 00:00 0 
7f6470021000-7f6474000000 ---p 00000000 00:00 0 
7f6474000000-7f6474021000 rw-p 00000000 00:00 0 
7f6474021000-7f6478000000 ---p 00000000 00:00 0 
7f6478004000-7f6478005000 rw-p 00000000 00:00 0 
7f6478005000-7f647800d000 rw-s 00000000 00:05 165970                     /drm mm object (deleted)
7f647800d000-7f6478015000 rw-s 00000000 00:05 164762                     /drm mm object (deleted)
7f6478015000-7f647801d000 rw-s 00000000 00:05 166944                     /drm mm object (deleted)
7f647801d000-7f6478025000 rw-s 00000000 00:05 165465                     /drm mm object (deleted)
7f6478025000-7f647802c000 r--s 00000000 08:02 6947811                    /usr/lib/x86_64-linux-gnu/gconv/gconv-modules.cache
7f647802c000-7f647803f000 r--s 00344000 08:02 6695996                    /usr/bin/processing-3.0/java/lib/resources.jar
7f647803f000-7f6478047000 rw-s 00000000 00:05 165423                     /drm mm object (deleted)
7f6478047000-7f647804f000 rw-s 00000000 00:05 165397                     /drm mm object (deleted)
7f647804f000-7f6478057000 rw-s 00000000 00:05 164642                     /drm mm object (deleted)
7f6478057000-7f647805f000 rw-s 00000000 00:05 165903                     /drm mm object (deleted)
7f647805f000-7f6478062000 ---p 00000000 00:00 0 
7f6478062000-7f6478160000 rw-p 00000000 00:00 0                          [stack:10071]
7f6478160000-7f6478162000 r-xp 00000000 08:02 6562544                    /usr/lib/x86_64-linux-gnu/libxcb-dri3.so.0.0.0
7f6478162000-7f6478361000 ---p 00002000 08:02 6562544                    /usr/lib/x86_64-linux-gnu/libxcb-dri3.so.0.0.0
7f6478361000-7f6478362000 r--p 00001000 08:02 6562544                    /usr/lib/x86_64-linux-gnu/libxcb-dri3.so.0.0.0
7f6478362000-7f6478363000 rw-p 00002000 08:02 6562544                    /usr/lib/x86_64-linux-gnu/libxcb-dri3.so.0.0.0
7f6478363000-7f6478366000 r-xp 00000000 08:02 6562542                    /usr/lib/x86_64-linux-gnu/libxcb-dri2.so.0.0.0
7f6478366000-7f6478566000 ---p 00003000 08:02 6562542                    /usr/lib/x86_64-linux-gnu/libxcb-dri2.so.0.0.0
7f6478566000-7f6478567000 r--p 00003000 08:02 6562542                    /usr/lib/x86_64-linux-gnu/libxcb-dri2.so.0.0.0
7f6478567000-7f6478568000 rw-p 00004000 08:02 6562542                    /usr/lib/x86_64-linux-gnu/libxcb-dri2.so.0.0.0
7f6478568000-7f647857d000 r-xp 00000000 08:02 6562546                    /usr/lib/x86_64-linux-gnu/libxcb-glx.so.0.0.0
7f647857d000-7f647877c000 ---p 00015000 08:02 6562546                    /usr/lib/x86_64-linux-gnu/libxcb-glx.so.0.0.0
7f647877c000-7f647877e000 r--p 00014000 08:02 6562546                    /usr/lib/x86_64-linux-gnu/libxcb-glx.so.0.0.0
7f647877e000-7f647877f000 rw-p 00016000 08:02 6562546                    /usr/lib/x86_64-linux-gnu/libxcb-glx.so.0.0.0
7f647877f000-7f6478780000 r-xp 00000000 08:02 6561502                    /usr/lib/x86_64-linux-gnu/libX11-xcb.so.1.0.0
7f6478780000-7f647897f000 ---p 00001000 08:02 6561502                    /usr/lib/x86_64-linux-gnu/libX11-xcb.so.1.0.0
7f647897f000-7f6478980000 r--p 00000000 08:02 6561502                    /usr/lib/x86_64-linux-gnu/libX11-xcb.so.1.0.0
7f6478980000-7f6478981000 rw-p 00001000 08:02 6561502                    /usr/lib/x86_64-linux-gnu/libX11-xcb.so.1.0.0
7f6478981000-7f6478983000 r-xp 00000000 08:02 6561517                    /usr/lib/x86_64-linux-gnu/libXdamage.so.1.1.0
7f6478983000-7f6478b82000 ---p 00002000 08:02 6561517                    /usr/lib/x86_64-linux-gnu/libXdamage.so.1.1.0
7f6478b82000-7f6478b83000 r--p 00001000 08:02 6561517                    /usr/lib/x86_64-linux-gnu/libXdamage.so.1.1.0
7f6478b83000-7f6478b84000 rw-p 00002000 08:02 6561517                    /usr/lib/x86_64-linux-gnu/libXdamage.so.1.1.0
7f6478b84000-7f6478ba9000 r-xp 00000000 08:02 6561895                    /usr/lib/x86_64-linux-gnu/libglapi.so.0.0.0
7f6478ba9000-7f6478da9000 ---p 00025000 08:02 6561895                    /usr/lib/x86_64-linux-gnu/libglapi.so.0.0.0
7f6478da9000-7f6478dac000 r--p 00025000 08:02 6561895                    /usr/lib/x86_64-linux-gnu/libglapi.so.0.0.0
7f6478dac000-7f6478dad000 rw-p 00028000 08:02 6561895                    /usr/lib/x86_64-linux-gnu/libglapi.so.0.0.0
7f6478dad000-7f6478dae000 rw-p 00000000 00:00 0 
7f6478dae000-7f6478dd5000 r-xp 00000000 08:02 13637323                   /lib/x86_64-linux-gnu/libexpat.so.1.6.0
7f6478dd5000-7f6478fd5000 ---p 00027000 08:02 13637323                   /lib/x86_64-linux-gnu/libexpat.so.1.6.0
7f6478fd5000-7f6478fd7000 r--p 00027000 08:02 13637323                   /lib/x86_64-linux-gnu/libexpat.so.1.6.0
7f6478fd7000-7f6478fd8000 rw-p 00029000 08:02 13637323                   /lib/x86_64-linux-gnu/libexpat.so.1.6.0
7f6478fd8000-7f6479066000 r-xp 00000000 08:02 6948350                    /usr/lib/x86_64-linux-gnu/mesa/libGL.so.1.2.0
7f6479066000-7f6479265000 ---p 0008e000 08:02 6948350                    /usr/lib/x86_64-linux-gnu/mesa/libGL.so.1.2.0
7f6479265000-7f6479268000 r--p 0008d000 08:02 6948350                    /usr/lib/x86_64-linux-gnu/mesa/libGL.so.1.2.0
7f6479268000-7f6479269000 rw-p 00090000 08:02 6948350                    /usr/lib/x86_64-linux-gnu/mesa/libGL.so.1.2.0
7f6479269000-7f647946a000 rw-p 00000000 00:00 0 
7f647946a000-7f647946c000 r-xp 00000000 08:02 6561531                    /usr/lib/x86_64-linux-gnu/libXinerama.so.1.0.0
7f647946c000-7f647966b000 ---p 00002000 08:02 6561531                    /usr/lib/x86_64-linux-gnu/libXinerama.so.1.0.0
7f647966b000-7f647966c000 r--p 00001000 08:02 6561531                    /usr/lib/x86_64-linux-gnu/libXinerama.so.1.0.0
7f647966c000-7f647966d000 rw-p 00002000 08:02 6561531                    /usr/lib/x86_64-linux-gnu/libXinerama.so.1.0.0
7f647966d000-7f6479670000 ---p 00000000 00:00 0 
7f6479670000-7f6479c1e000 rw-p 00000000 00:00 0                          [stack:10070]
7f6479c1e000-7f6479c2d000 r-xp 00000000 08:02 4721861                    /tmp/jogamp_0000/file_cache/jln8665318188087214483/jln5570214104724686550/libnewt.so
7f6479c2d000-7f6479e2c000 ---p 0000f000 08:02 4721861                    /tmp/jogamp_0000/file_cache/jln8665318188087214483/jln5570214104724686550/libnewt.so
7f6479e2c000-7f6479e2d000 rw-p 0000e000 08:02 4721861                    /tmp/jogamp_0000/file_cache/jln8665318188087214483/jln5570214104724686550/libnewt.so
7f6479e2d000-7f6479e34000 r-xp 00000000 08:02 4721859                    /tmp/jogamp_0000/file_cache/jln8665318188087214483/jln5570214104724686550/libnativewindow_x11.so
7f6479e34000-7f647a033000 ---p 00007000 08:02 4721859                    /tmp/jogamp_0000/file_cache/jln8665318188087214483/jln5570214104724686550/libnativewindow_x11.so
7f647a033000-7f647a034000 rw-p 00006000 08:02 4721859                    /tmp/jogamp_0000/file_cache/jln8665318188087214483/jln5570214104724686550/libnativewindow_x11.so
7f647a034000-7f647a037000 ---p 00000000 00:00 0 
7f647a037000-7f647a135000 rw-p 00000000 00:00 0                          [stack:10073]
7f647a135000-7f647a139000 r-xp 00000000 08:02 6561559                    /usr/lib/x86_64-linux-gnu/libXxf86vm.so.1.0.0
7f647a139000-7f647a339000 ---p 00004000 08:02 6561559                    /usr/lib/x86_64-linux-gnu/libXxf86vm.so.1.0.0
7f647a339000-7f647a33a000 r--p 00004000 08:02 6561559                    /usr/lib/x86_64-linux-gnu/libXxf86vm.so.1.0.0
7f647a33a000-7f647a33b000 rw-p 00005000 08:02 6561559                    /usr/lib/x86_64-linux-gnu/libXxf86vm.so.1.0.0
7f647a33b000-7f647a33d000 rw-s 149007000 00:06 10208                     /dev/dri/card0
7f647a33d000-7f647a33e000 rw-s 149006000 00:06 10208                     /dev/dri/card0
7f647a33e000-7f647a33f000 rw-s 81000000 00:06 94744                      /dev/snd/pcmC2D0p
7f647a33f000-7f647a340000 r--s 80000000 00:06 94744                      /dev/snd/pcmC2D0p
7f647a340000-7f647a341000 rw-s 148f05000 00:06 10208                     /dev/dri/card0
7f647a341000-7f647a342000 rw-s 148f04000 00:06 10208                     /dev/dri/card0
7f647a342000-7f647a343000 rwxp 00000000 00:00 0 
7f647a343000-7f647a34b000 rw-s 00000000 00:05 162800                     /drm mm object (deleted)
7f647a34b000-7f647a353000 rw-s 00000000 00:05 163794                     /drm mm object (deleted)
7f647a353000-7f647a354000 rw-s 148f03000 00:06 10208                     /dev/dri/card0
7f647a354000-7f647a35c000 rw-s 00000000 00:05 162789                     /drm mm object (deleted)
7f647a35c000-7f647a35e000 r-xp 00000000 08:02 4721857                    /tmp/jogamp_0000/file_cache/jln8665318188087214483/jln5570214104724686550/libnativewindow_awt.so
7f647a35e000-7f647a55d000 ---p 00002000 08:02 4721857                    /tmp/jogamp_0000/file_cache/jln8665318188087214483/jln5570214104724686550/libnativewindow_awt.so
7f647a55d000-7f647a55e000 rw-p 00001000 08:02 4721857                    /tmp/jogamp_0000/file_cache/jln8665318188087214483/jln5570214104724686550/libnativewindow_awt.so
7f647a55e000-7f647a55f000 r-xp 00000000 08:02 8012156                    /usr/bin/processing-3.0/java/lib/amd64/libjawt.so
7f647a55f000-7f647a75e000 ---p 00001000 08:02 8012156                    /usr/bin/processing-3.0/java/lib/amd64/libjawt.so
7f647a75e000-7f647a75f000 rw-p 00000000 08:02 8012156                    /usr/bin/processing-3.0/java/lib/amd64/libjawt.so
7f647a75f000-7f647a761000 r-xp 00000000 08:02 4721851                    /tmp/jogamp_0000/file_cache/jln8665318188087214483/jln5570214104724686550/libgluegen-rt.so
7f647a761000-7f647a960000 ---p 00002000 08:02 4721851                    /tmp/jogamp_0000/file_cache/jln8665318188087214483/jln5570214104724686550/libgluegen-rt.so
7f647a960000-7f647a961000 rw-p 00001000 08:02 4721851                    /tmp/jogamp_0000/file_cache/jln8665318188087214483/jln5570214104724686550/libgluegen-rt.so
7f647a961000-7f647a964000 ---p 00000000 00:00 0 
7f647a964000-7f647aa62000 rw-p 00000000 00:00 0 
7f647aa62000-7f647aa73000 r-xp 00000000 08:02 8012203                    /usr/bin/processing-3.0/java/lib/amd64/libnio.so
7f647aa73000-7f647ac72000 ---p 00011000 08:02 8012203                    /usr/bin/processing-3.0/java/lib/amd64/libnio.so
7f647ac72000-7f647ac73000 rw-p 00010000 08:02 8012203                    /usr/bin/processing-3.0/java/lib/amd64/libnio.so
7f647ac73000-7f647ac89000 r-xp 00000000 08:02 8012151                    /usr/bin/processing-3.0/java/lib/amd64/libnet.so
7f647ac89000-7f647ae89000 ---p 00016000 08:02 8012151                    /usr/bin/processing-3.0/java/lib/amd64/libnet.so
7f647ae89000-7f647ae8a000 rw-p 00016000 08:02 8012151                    /usr/bin/processing-3.0/java/lib/amd64/libnet.so
7f647ae8a000-7f647ae8d000 ---p 00000000 00:00 0 
7f647ae8d000-7f647aec3000 rw-p 00000000 00:00 0                          [stack:10063]
7f647aec3000-7f647aec7000 r--s 00095000 08:02 6696012                    /usr/bin/processing-3.0/java/lib/jsse.jar
7f647aec7000-7f647b0c7000 rw-p 00000000 00:00 0 
7f647b0c7000-7f647b0ca000 r--s 00041000 08:02 8014028                    /usr/bin/processing-3.0/modes/java/mode/org.netbeans.swing.outline.jar
7f647b0ca000-7f647b0cf000 r--s 00038000 08:02 8014038                    /usr/bin/processing-3.0/modes/java/mode/org.eclipse.text.jar
7f647b0cf000-7f647b0e3000 r--s 00121000 08:02 8014045                    /usr/bin/processing-3.0/modes/java/mode/org.eclipse.osgi.jar
7f647b0e3000-7f647b11b000 r--s 00515000 08:02 8014044                    /usr/bin/processing-3.0/modes/java/mode/org.eclipse.jdt.core.jar
7f647b11b000-7f647b11e000 r--s 0001c000 08:02 8014042                    /usr/bin/processing-3.0/modes/java/mode/org.eclipse.equinox.preferences.jar
7f647b11e000-7f647b121000 r--s 00018000 08:02 8014034                    /usr/bin/processing-3.0/modes/java/mode/org.eclipse.equinox.common.jar
7f647b121000-7f647b123000 r--s 00011000 08:02 8014037                    /usr/bin/processing-3.0/modes/java/mode/org.eclipse.core.runtime.jar
7f647b123000-7f647b12e000 r--s 000c1000 08:02 8014040                    /usr/bin/processing-3.0/modes/java/mode/org.eclipse.core.resources.jar
7f647b12e000-7f647b130000 r--s 00016000 08:02 8014027                    /usr/bin/processing-3.0/modes/java/mode/org.eclipse.core.jobs.jar
7f647b130000-7f647b132000 r--s 00015000 08:02 8014029                    /usr/bin/processing-3.0/modes/java/mode/org.eclipse.core.contenttype.jar
7f647b132000-7f647b137000 r--s 0003f000 08:02 8014032                    /usr/bin/processing-3.0/modes/java/mode/jsoup-1.7.1.jar
7f647b137000-7f647b144000 r--s 000cb000 08:02 8014036                    /usr/bin/processing-3.0/modes/java/mode/jdimodel.jar
7f647b144000-7f647b148000 r--s 0000e000 08:02 8014030                    /usr/bin/processing-3.0/modes/java/mode/jdi.jar
7f647b148000-7f647b14e000 r--s 0007d000 08:02 8014033                    /usr/bin/processing-3.0/modes/java/mode/JavaMode.jar
7f647b14e000-7f647b157000 r-xp 00000000 08:02 6561541                    /usr/lib/x86_64-linux-gnu/libXrandr.so.2.2.0
7f647b157000-7f647b356000 ---p 00009000 08:02 6561541                    /usr/lib/x86_64-linux-gnu/libXrandr.so.2.2.0
7f647b356000-7f647b357000 r--p 00008000 08:02 6561541                    /usr/lib/x86_64-linux-gnu/libXrandr.so.2.2.0
7f647b357000-7f647b358000 rw-p 00009000 08:02 6561541                    /usr/lib/x86_64-linux-gnu/libXrandr.so.2.2.0
7f647b358000-7f647b35b000 ---p 00000000 00:00 0 
7f647b35b000-7f647b459000 rw-p 00000000 00:00 0                          [stack:10059]
7f647b459000-7f647b45e000 r-xp 00000000 08:02 6561523                    /usr/lib/x86_64-linux-gnu/libXfixes.so.3.1.0
7f647b45e000-7f647b65d000 ---p 00005000 08:02 6561523                    /usr/lib/x86_64-linux-gnu/libXfixes.so.3.1.0
7f647b65d000-7f647b65e000 r--p 00004000 08:02 6561523                    /usr/lib/x86_64-linux-gnu/libXfixes.so.3.1.0
7f647b65e000-7f647b65f000 rw-p 00005000 08:02 6561523                    /usr/lib/x86_64-linux-gnu/libXfixes.so.3.1.0
7f647b65f000-7f647b668000 r-xp 00000000 08:02 6561515                    /usr/lib/x86_64-linux-gnu/libXcursor.so.1.0.2
7f647b668000-7f647b867000 ---p 00009000 08:02 6561515                    /usr/lib/x86_64-linux-gnu/libXcursor.so.1.0.2
7f647b867000-7f647b868000 r--p 00008000 08:02 6561515                    /usr/lib/x86_64-linux-gnu/libXcursor.so.1.0.2
7f647b868000-7f647b869000 rw-p 00009000 08:02 6561515                    /usr/lib/x86_64-linux-gnu/libXcursor.so.1.0.2
7f647b869000-7f647b86c000 ---p 00000000 00:00 0 
7f647b86c000-7f647b96a000 rw-p 00000000 00:00 0                          [stack:10058]
7f647b96a000-7f647b980000 r-xp 00000000 08:02 13635717                   /lib/x86_64-linux-gnu/libgcc_s.so.1
7f647b980000-7f647bb7f000 ---p 00016000 08:02 13635717                   /lib/x86_64-linux-gnu/libgcc_s.so.1
7f647bb7f000-7f647bb80000 rw-p 00015000 08:02 13635717                   /lib/x86_64-linux-gnu/libgcc_s.so.1
7f647bb80000-7f647bbe6000 r-xp 00000000 08:02 8012146                    /usr/bin/processing-3.0/java/lib/amd64/libfontmanager.so
7f647bbe6000-7f647bde5000 ---p 00066000 08:02 8012146                    /usr/bin/processing-3.0/java/lib/amd64/libfontmanager.so
7f647bde5000-7f647bde9000 rw-p 00065000 08:02 8012146                    /usr/bin/processing-3.0/java/lib/amd64/libfontmanager.so
7f647bde9000-7f647bdfa000 rw-p 00000000 00:00 0 
7f647bdfa000-7f647bdff000 r-xp 00000000 08:02 6561519                    /usr/lib/x86_64-linux-gnu/libXdmcp.so.6.0.0
7f647bdff000-7f647bffe000 ---p 00005000 08:02 6561519                    /usr/lib/x86_64-linux-gnu/libXdmcp.so.6.0.0
7f647bffe000-7f647bfff000 r--p 00004000 08:02 6561519                    /usr/lib/x86_64-linux-gnu/libXdmcp.so.6.0.0
7f647bfff000-7f647c000000 rw-p 00005000 08:02 6561519                    /usr/lib/x86_64-linux-gnu/libXdmcp.so.6.0.0
7f647c000000-7f647c3d7000 rw-p 00000000 00:00 0 
7f647c3d7000-7f6480000000 ---p 00000000 00:00 0 
7f6480000000-7f6480021000 rw-p 00000000 00:00 0 
7f6480021000-7f6484000000 ---p 00000000 00:00 0 
7f6484000000-7f64848ba000 rw-p 00000000 00:00 0 
7f64848ba000-7f6488000000 ---p 00000000 00:00 0 
7f6488000000-7f6488349000 rw-p 00000000 00:00 0 
7f6488349000-7f648c000000 ---p 00000000 00:00 0 
7f648c000000-7f648c021000 rw-p 00000000 00:00 0 
7f648c021000-7f6490000000 ---p 00000000 00:00 0 
7f6490000000-7f6490021000 rw-p 00000000 00:00 0 
7f6490021000-7f6494000000 ---p 00000000 00:00 0 
7f6494000000-7f6494021000 rw-p 00000000 00:00 0 
7f6494021000-7f6498000000 ---p 00000000 00:00 0 
7f6498000000-7f6498021000 rw-p 00000000 00:00 0 
7f6498021000-7f649c000000 ---p 00000000 00:00 0 
7f649c000000-7f649c021000 rw-p 00000000 00:00 0 
7f649c021000-7f64a0000000 ---p 00000000 00:00 0 
7f64a0000000-7f64a0021000 rw-p 00000000 00:00 0 
7f64a0021000-7f64a4000000 ---p 00000000 00:00 0 
7f64a4000000-7f64a4021000 rw-p 00000000 00:00 0 
7f64a4021000-7f64a8000000 ---p 00000000 00:00 0 
7f64a8000000-7f64a8021000 rw-p 00000000 00:00 0 
7f64a8021000-7f64ac000000 ---p 00000000 00:00 0 
7f64ac000000-7f64ac021000 rw-p 00000000 00:00 0 
7f64ac021000-7f64b0000000 ---p 00000000 00:00 0 
7f64b0000000-7f64b0021000 rw-p 00000000 00:00 0 
7f64b0021000-7f64b4000000 ---p 00000000 00:00 0 
7f64b4000000-7f64b4021000 rw-p 00000000 00:00 0 
7f64b4021000-7f64b8000000 ---p 00000000 00:00 0 
7f64b8000000-7f64b805b000 r--s 009e2000 08:02 8014039                    /usr/bin/processing-3.0/modes/java/mode/com.ibm.icu.jar
7f64b805b000-7f64b8065000 r--s 00097000 08:02 6695776                    /usr/bin/processing-3.0/lib/pde.jar
7f64b8065000-7f64b8079000 r--s 00127000 08:02 6695832                    /usr/bin/processing-3.0/lib/jna.jar
7f64b8079000-7f64b8097000 r--s 001bb000 08:02 6695851                    /usr/bin/processing-3.0/lib/ant.jar
7f64b8097000-7f64b80ba000 r--s 00308000 08:02 6569034                    /usr/bin/processing-3.0/core/library/jogl-all.jar
7f64b80ba000-7f64b80bc000 r-xp 00000000 08:02 6561508                    /usr/lib/x86_64-linux-gnu/libXau.so.6.0.0
7f64b80bc000-7f64b82bc000 ---p 00002000 08:02 6561508                    /usr/lib/x86_64-linux-gnu/libXau.so.6.0.0
7f64b82bc000-7f64b82bd000 r--p 00002000 08:02 6561508                    /usr/lib/x86_64-linux-gnu/libXau.so.6.0.0
7f64b82bd000-7f64b82be000 rw-p 00003000 08:02 6561508                    /usr/lib/x86_64-linux-gnu/libXau.so.6.0.0
7f64b82be000-7f64b82db000 r-xp 00000000 08:02 6562574                    /usr/lib/x86_64-linux-gnu/libxcb.so.1.1.0
7f64b82db000-7f64b84db000 ---p 0001d000 08:02 6562574                    /usr/lib/x86_64-linux-gnu/libxcb.so.1.1.0
7f64b84db000-7f64b84dc000 r--p 0001d000 08:02 6562574                    /usr/lib/x86_64-linux-gnu/libxcb.so.1.1.0
7f64b84dc000-7f64b84dd000 rw-p 0001e000 08:02 6562574                    /usr/lib/x86_64-linux-gnu/libxcb.so.1.1.0
7f64b84dd000-7f64b84ec000 r-xp 00000000 08:02 6561529                    /usr/lib/x86_64-linux-gnu/libXi.so.6.1.0
7f64b84ec000-7f64b86eb000 ---p 0000f000 08:02 6561529                    /usr/lib/x86_64-linux-gnu/libXi.so.6.1.0
7f64b86eb000-7f64b86ec000 r--p 0000e000 08:02 6561529                    /usr/lib/x86_64-linux-gnu/libXi.so.6.1.0
7f64b86ec000-7f64b86ed000 rw-p 0000f000 08:02 6561529                    /usr/lib/x86_64-linux-gnu/libXi.so.6.1.0
7f64b86ed000-7f64b86f2000 r-xp 00000000 08:02 6561549                    /usr/lib/x86_64-linux-gnu/libXtst.so.6.1.0
7f64b86f2000-7f64b88f1000 ---p 00005000 08:02 6561549                    /usr/lib/x86_64-linux-gnu/libXtst.so.6.1.0
7f64b88f1000-7f64b88f2000 r--p 00004000 08:02 6561549                    /usr/lib/x86_64-linux-gnu/libXtst.so.6.1.0
7f64b88f2000-7f64b88f3000 rw-p 00005000 08:02 6561549                    /usr/lib/x86_64-linux-gnu/libXtst.so.6.1.0
7f64b88f3000-7f64b88fc000 r-xp 00000000 08:02 6561543                    /usr/lib/x86_64-linux-gnu/libXrender.so.1.3.0
7f64b88fc000-7f64b8afb000 ---p 00009000 08:02 6561543                    /usr/lib/x86_64-linux-gnu/libXrender.so.1.3.0
7f64b8afb000-7f64b8afc000 r--p 00008000 08:02 6561543                    /usr/lib/x86_64-linux-gnu/libXrender.so.1.3.0
7f64b8afc000-7f64b8afd000 rw-p 00009000 08:02 6561543                    /usr/lib/x86_64-linux-gnu/libXrender.so.1.3.0
7f64b8afd000-7f64b8c2d000 r-xp 00000000 08:02 6561504                    /usr/lib/x86_64-linux-gnu/libX11.so.6.3.0
7f64b8c2d000-7f64b8e2d000 ---p 00130000 08:02 6561504                    /usr/lib/x86_64-linux-gnu/libX11.so.6.3.0
7f64b8e2d000-7f64b8e2e000 r--p 00130000 08:02 6561504                    /usr/lib/x86_64-linux-gnu/libX11.so.6.3.0
7f64b8e2e000-7f64b8e32000 rw-p 00131000 08:02 6561504                    /usr/lib/x86_64-linux-gnu/libX11.so.6.3.0
7f64b8e32000-7f64b8e43000 r-xp 00000000 08:02 6561521                    /usr/lib/x86_64-linux-gnu/libXext.so.6.4.0
7f64b8e43000-7f64b9042000 ---p 00011000 08:02 6561521                    /usr/lib/x86_64-linux-gnu/libXext.so.6.4.0
7f64b9042000-7f64b9043000 r--p 00010000 08:02 6561521                    /usr/lib/x86_64-linux-gnu/libXext.so.6.4.0
7f64b9043000-7f64b9044000 rw-p 00011000 08:02 6561521                    /usr/lib/x86_64-linux-gnu/libXext.so.6.4.0
7f64b9044000-7f64b9045000 r--p 00000000 00:00 0 
7f64b9045000-7f64b9046000 r--s 00003000 08:02 8014046                    /usr/bin/processing-3.0/modes/java/mode/jdtCompilerAdapter.jar
7f64b9046000-7f64b904b000 r--s 00068000 08:02 8014043                    /usr/bin/processing-3.0/modes/java/mode/antlr.jar
7f64b904b000-7f64b9065000 r--s 01689000 08:02 6569030                    /usr/bin/processing-3.0/core/library/jogl-java-src.zip
7f64b9065000-7f64b90b9000 r-xp 00000000 08:02 8012182                    /usr/bin/processing-3.0/java/lib/amd64/libawt_xawt.so
7f64b90b9000-7f64b92b9000 ---p 00054000 08:02 8012182                    /usr/bin/processing-3.0/java/lib/amd64/libawt_xawt.so
7f64b92b9000-7f64b92bd000 rw-p 00054000 08:02 8012182                    /usr/bin/processing-3.0/java/lib/amd64/libawt_xawt.so
7f64b92bd000-7f64b92be000 rw-p 00000000 00:00 0 
7f64b92be000-7f64b9360000 r-xp 00000000 08:02 8012174                    /usr/bin/processing-3.0/java/lib/amd64/libawt.so
7f64b9360000-7f64b9560000 ---p 000a2000 08:02 8012174                    /usr/bin/processing-3.0/java/lib/amd64/libawt.so
7f64b9560000-7f64b956c000 rw-p 000a2000 08:02 8012174                    /usr/bin/processing-3.0/java/lib/amd64/libawt.so
7f64b956c000-7f64b9590000 rw-p 00000000 00:00 0 
7f64b9590000-7f64b9591000 ---p 00000000 00:00 0 
7f64b9591000-7f64b9691000 rw-p 00000000 00:00 0                          [stack:10057]
7f64b9691000-7f64b9694000 ---p 00000000 00:00 0 
7f64b9694000-7f64b9792000 rw-p 00000000 00:00 0                          [stack:10056]
7f64b9792000-7f64b9795000 ---p 00000000 00:00 0 
7f64b9795000-7f64b9893000 rw-p 00000000 00:00 0                          [stack:10055]
7f64b9893000-7f64b9896000 ---p 00000000 00:00 0 
7f64b9896000-7f64b9994000 rw-p 00000000 00:00 0                          [stack:10054]
7f64b9994000-7f64b9997000 ---p 00000000 00:00 0 
7f64b9997000-7f64b9a95000 rw-p 00000000 00:00 0                          [stack:10053]
7f64b9a95000-7f64b9a98000 ---p 00000000 00:00 0 
7f64b9a98000-7f64b9b96000 rw-p 00000000 00:00 0                          [stack:10047]
7f64b9b96000-7f64b9b99000 ---p 00000000 00:00 0 
7f64b9b99000-7f64b9c97000 rw-p 00000000 00:00 0                          [stack:10043]
7f64b9c97000-7f64b9c9a000 ---p 00000000 00:00 0 
7f64b9c9a000-7f64b9d98000 rw-p 00000000 00:00 0                          [stack:10042]
7f64b9d98000-7f64b9d9c000 r-xp 00000000 08:02 8012175                    /usr/bin/processing-3.0/java/lib/amd64/libdt_socket.so
7f64b9d9c000-7f64b9f9b000 ---p 00004000 08:02 8012175                    /usr/bin/processing-3.0/java/lib/amd64/libdt_socket.so
7f64b9f9b000-7f64b9f9c000 rw-p 00003000 08:02 8012175                    /usr/bin/processing-3.0/java/lib/amd64/libdt_socket.so
7f64b9f9c000-7f64b9f9f000 ---p 00000000 00:00 0 
7f64b9f9f000-7f64ba09d000 rw-p 00000000 00:00 0                          [stack:10040]
7f64ba09d000-7f64ba0a0000 ---p 00000000 00:00 0 
7f64ba0a0000-7f64ba19e000 rw-p 00000000 00:00 0                          [stack:10039]
7f64ba19e000-7f64ba1a1000 ---p 00000000 00:00 0 
7f64ba1a1000-7f64ba29f000 rw-p 00000000 00:00 0                          [stack:10038]
7f64ba29f000-7f64ba2a0000 ---p 00000000 00:00 0 
7f64ba2a0000-7f64bb382000 rw-p 00000000 00:00 0                          [stack:10037]
7f64bb382000-7f64bb55a000 r--s 03d0c000 08:02 6695974                    /usr/bin/processing-3.0/java/lib/rt.jar
7f64bb55a000-7f64c4207000 rw-p 00000000 00:00 0 
7f64c4207000-7f64c4208000 ---p 00000000 00:00 0 
7f64c4208000-7f64c435c000 rw-p 00000000 00:00 0                          [stack:10036]
7f64c435c000-7f64c4838000 ---p 00000000 00:00 0 
7f64c4838000-7f64c488c000 rw-p 00000000 00:00 0 
7f64c488c000-7f64c4d67000 ---p 00000000 00:00 0 
7f64c4d67000-7f64c4dd2000 rw-p 00000000 00:00 0 
7f64c4dd2000-7f64c4fff000 ---p 00000000 00:00 0 
7f64c4fff000-7f64c5000000 rw-p 00000000 00:00 0 
7f64c5000000-7f64c5700000 rwxp 00000000 00:00 0 
7f64c5700000-7f64d4000000 ---p 00000000 00:00 0 
7f64d4000000-7f64d484f000 rw-p 00000000 00:00 0 
7f64d484f000-7f64d8000000 ---p 00000000 00:00 0 
7f64d8000000-7f64d8001000 r--s 00003000 08:02 8014035                    /usr/bin/processing-3.0/modes/java/mode/classpath-explorer-1.0.jar
7f64d8001000-7f64d8003000 r--s 00002000 08:02 6695836                    /usr/bin/processing-3.0/lib/ant-launcher.jar
7f64d8003000-7f64d8005000 r--s 00005000 08:02 4591938                    /home/akelly/sketchbook/libraries/minim/library/mp3spi1.9.5.jar
7f64d8005000-7f64d8006000 r--s 0000b000 08:02 4591937                    /home/akelly/sketchbook/libraries/minim/library/jsminim.jar
7f64d8006000-7f64d800a000 r--s 00040000 08:02 4591936                    /home/akelly/sketchbook/libraries/minim/library/jl1.0.1.jar
7f64d800a000-7f64d800d000 r--s 00017000 08:02 4591933                    /home/akelly/sketchbook/libraries/minim/library/tritonus_share.jar
7f64d800d000-7f64d8010000 r--s 00016000 08:02 4591932                    /home/akelly/sketchbook/libraries/minim/library/minim.jar
7f64d8010000-7f64d8018000 r--s 003d3000 08:02 6569026                    /usr/bin/processing-3.0/core/library/gluegen-java-src.zip
7f64d8018000-7f64d8039000 rw-p 00000000 00:00 0 
7f64d8039000-7f64d803a000 ---p 00000000 00:00 0 
7f64d803a000-7f64d813a000 rw-p 00000000 00:00 0                          [stack:10035]
7f64d813a000-7f64d813b000 ---p 00000000 00:00 0 
7f64d813b000-7f64d823b000 rw-p 00000000 00:00 0                          [stack:10034]
7f64d823b000-7f64d823c000 ---p 00000000 00:00 0 
7f64d823c000-7f64d8358000 rw-p 00000000 00:00 0                          [stack:10033]
7f64d8358000-7f64d86fc000 ---p 00000000 00:00 0 
7f64d86fc000-7f64d8716000 r-xp 00000000 08:02 8012189                    /usr/bin/processing-3.0/java/lib/amd64/libzip.so
7f64d8716000-7f64d8916000 ---p 0001a000 08:02 8012189                    /usr/bin/processing-3.0/java/lib/amd64/libzip.so
7f64d8916000-7f64d8917000 rw-p 0001a000 08:02 8012189                    /usr/bin/processing-3.0/java/lib/amd64/libzip.so
7f64d8917000-7f64d8922000 r-xp 00000000 08:02 13635765                   /lib/x86_64-linux-gnu/libnss_files-2.19.so
7f64d8922000-7f64d8b21000 ---p 0000b000 08:02 13635765                   /lib/x86_64-linux-gnu/libnss_files-2.19.so
7f64d8b21000-7f64d8b22000 r--p 0000a000 08:02 13635765                   /lib/x86_64-linux-gnu/libnss_files-2.19.so
7f64d8b22000-7f64d8b23000 rw-p 0000b000 08:02 13635765                   /lib/x86_64-linux-gnu/libnss_files-2.19.so
7f64d8b23000-7f64d8b2e000 r-xp 00000000 08:02 13635775                   /lib/x86_64-linux-gnu/libnss_nis-2.19.so
7f64d8b2e000-7f64d8d2d000 ---p 0000b000 08:02 13635775                   /lib/x86_64-linux-gnu/libnss_nis-2.19.so
7f64d8d2d000-7f64d8d2e000 r--p 0000a000 08:02 13635775                   /lib/x86_64-linux-gnu/libnss_nis-2.19.so
7f64d8d2e000-7f64d8d2f000 rw-p 0000b000 08:02 13635775                   /lib/x86_64-linux-gnu/libnss_nis-2.19.so
7f64d8d2f000-7f64d8d46000 r-xp 00000000 08:02 13635759                   /lib/x86_64-linux-gnu/libnsl-2.19.so
7f64d8d46000-7f64d8f45000 ---p 00017000 08:02 13635759                   /lib/x86_64-linux-gnu/libnsl-2.19.so
7f64d8f45000-7f64d8f46000 r--p 00016000 08:02 13635759                   /lib/x86_64-linux-gnu/libnsl-2.19.so
7f64d8f46000-7f64d8f47000 rw-p 00017000 08:02 13635759                   /lib/x86_64-linux-gnu/libnsl-2.19.so
7f64d8f47000-7f64d8f49000 rw-p 00000000 00:00 0 
7f64d8f49000-7f64d8f52000 r-xp 00000000 08:02 13635761                   /lib/x86_64-linux-gnu/libnss_compat-2.19.so
7f64d8f52000-7f64d9151000 ---p 00009000 08:02 13635761                   /lib/x86_64-linux-gnu/libnss_compat-2.19.so
7f64d9151000-7f64d9152000 r--p 00008000 08:02 13635761                   /lib/x86_64-linux-gnu/libnss_compat-2.19.so
7f64d9152000-7f64d9153000 rw-p 00009000 08:02 13635761                   /lib/x86_64-linux-gnu/libnss_compat-2.19.so
7f64d9153000-7f64d9835000 r--p 00000000 08:02 6560506                    /usr/lib/locale/locale-archive
7f64d9835000-7f64d9837000 r-xp 00000000 08:02 8012169                    /usr/bin/processing-3.0/java/lib/amd64/libnpt.so
7f64d9837000-7f64d9a37000 ---p 00002000 08:02 8012169                    /usr/bin/processing-3.0/java/lib/amd64/libnpt.so
7f64d9a37000-7f64d9a38000 rw-p 00002000 08:02 8012169                    /usr/bin/processing-3.0/java/lib/amd64/libnpt.so
7f64d9a38000-7f64d9a71000 r-xp 00000000 08:02 8012184                    /usr/bin/processing-3.0/java/lib/amd64/libjdwp.so
7f64d9a71000-7f64d9c70000 ---p 00039000 08:02 8012184                    /usr/bin/processing-3.0/java/lib/amd64/libjdwp.so
7f64d9c70000-7f64d9c72000 rw-p 00038000 08:02 8012184                    /usr/bin/processing-3.0/java/lib/amd64/libjdwp.so
7f64d9c72000-7f64d9c9c000 r-xp 00000000 08:02 8012204                    /usr/bin/processing-3.0/java/lib/amd64/libjava.so
7f64d9c9c000-7f64d9e9c000 ---p 0002a000 08:02 8012204                    /usr/bin/processing-3.0/java/lib/amd64/libjava.so
7f64d9e9c000-7f64d9e9e000 rw-p 0002a000 08:02 8012204                    /usr/bin/processing-3.0/java/lib/amd64/libjava.so
7f64d9e9e000-7f64d9eab000 r-xp 00000000 08:02 8012148                    /usr/bin/processing-3.0/java/lib/amd64/libverify.so
7f64d9eab000-7f64da0ab000 ---p 0000d000 08:02 8012148                    /usr/bin/processing-3.0/java/lib/amd64/libverify.so
7f64da0ab000-7f64da0ad000 rw-p 0000d000 08:02 8012148                    /usr/bin/processing-3.0/java/lib/amd64/libverify.so
7f64da0ad000-7f64da0b4000 r-xp 00000000 08:02 13635818                   /lib/x86_64-linux-gnu/librt-2.19.so
7f64da0b4000-7f64da2b3000 ---p 00007000 08:02 13635818                   /lib/x86_64-linux-gnu/librt-2.19.so
7f64da2b3000-7f64da2b4000 r--p 00006000 08:02 13635818                   /lib/x86_64-linux-gnu/librt-2.19.so
7f64da2b4000-7f64da2b5000 rw-p 00007000 08:02 13635818                   /lib/x86_64-linux-gnu/librt-2.19.so
7f64da2b5000-7f64da3ba000 r-xp 00000000 08:02 13635740                   /lib/x86_64-linux-gnu/libm-2.19.so
7f64da3ba000-7f64da5b9000 ---p 00105000 08:02 13635740                   /lib/x86_64-linux-gnu/libm-2.19.so
7f64da5b9000-7f64da5ba000 r--p 00104000 08:02 13635740                   /lib/x86_64-linux-gnu/libm-2.19.so
7f64da5ba000-7f64da5bb000 rw-p 00105000 08:02 13635740                   /lib/x86_64-linux-gnu/libm-2.19.so
7f64da5bb000-7f64db269000 r-xp 00000000 08:02 8012167                    /usr/bin/processing-3.0/java/lib/amd64/server/libjvm.so
7f64db269000-7f64db469000 ---p 00cae000 08:02 8012167                    /usr/bin/processing-3.0/java/lib/amd64/server/libjvm.so
7f64db469000-7f64db540000 rw-p 00cae000 08:02 8012167                    /usr/bin/processing-3.0/java/lib/amd64/server/libjvm.so
7f64db540000-7f64db584000 rw-p 00000000 00:00 0 
7f64db584000-7f64db73f000 r-xp 00000000 08:02 13635690                   /lib/x86_64-linux-gnu/libc-2.19.so
7f64db73f000-7f64db93e000 ---p 001bb000 08:02 13635690                   /lib/x86_64-linux-gnu/libc-2.19.so
7f64db93e000-7f64db942000 r--p 001ba000 08:02 13635690                   /lib/x86_64-linux-gnu/libc-2.19.so
7f64db942000-7f64db944000 rw-p 001be000 08:02 13635690                   /lib/x86_64-linux-gnu/libc-2.19.so
7f64db944000-7f64db949000 rw-p 00000000 00:00 0 
7f64db949000-7f64db94c000 r-xp 00000000 08:02 13635707                   /lib/x86_64-linux-gnu/libdl-2.19.so
7f64db94c000-7f64dbb4b000 ---p 00003000 08:02 13635707                   /lib/x86_64-linux-gnu/libdl-2.19.so
7f64dbb4b000-7f64dbb4c000 r--p 00002000 08:02 13635707                   /lib/x86_64-linux-gnu/libdl-2.19.so
7f64dbb4c000-7f64dbb4d000 rw-p 00003000 08:02 13635707                   /lib/x86_64-linux-gnu/libdl-2.19.so
7f64dbb4d000-7f64dbb62000 r-xp 00000000 08:02 8012145                    /usr/bin/processing-3.0/java/lib/amd64/jli/libjli.so
7f64dbb62000-7f64dbd62000 ---p 00015000 08:02 8012145                    /usr/bin/processing-3.0/java/lib/amd64/jli/libjli.so
7f64dbd62000-7f64dbd63000 rw-p 00015000 08:02 8012145                    /usr/bin/processing-3.0/java/lib/amd64/jli/libjli.so
7f64dbd63000-7f64dbd7c000 r-xp 00000000 08:02 13635810                   /lib/x86_64-linux-gnu/libpthread-2.19.so
7f64dbd7c000-7f64dbf7b000 ---p 00019000 08:02 13635810                   /lib/x86_64-linux-gnu/libpthread-2.19.so
7f64dbf7b000-7f64dbf7c000 r--p 00018000 08:02 13635810                   /lib/x86_64-linux-gnu/libpthread-2.19.so
7f64dbf7c000-7f64dbf7d000 rw-p 00019000 08:02 13635810                   /lib/x86_64-linux-gnu/libpthread-2.19.so
7f64dbf7d000-7f64dbf81000 rw-p 00000000 00:00 0 
7f64dbf81000-7f64dbfa4000 r-xp 00000000 08:02 13635666                   /lib/x86_64-linux-gnu/ld-2.19.so
7f64dbfa4000-7f64dbfa5000 r--s 00002000 08:02 4591935                    /home/akelly/sketchbook/libraries/minim/library/tritonus_aos.jar
7f64dbfa5000-7f64dbfa6000 r--s 00001000 08:02 6569033                    /usr/bin/processing-3.0/core/library/gluegen-rt-natives-macosx-universal.jar
7f64dbfa6000-7f64dbfa8000 r--s 00038000 08:02 6569032                    /usr/bin/processing-3.0/core/library/jogl-all-natives-windows-amd64.jar
7f64dbfa8000-7f64dbfa9000 r--s 00034000 08:02 6569031                    /usr/bin/processing-3.0/core/library/jogl-all-natives-linux-amd64.jar
7f64dbfa9000-7f64dbfaa000 r--s 00001000 08:02 6569036                    /usr/bin/processing-3.0/core/library/gluegen-rt-natives-windows-i586.jar
7f64dbfaa000-7f64dc07b000 rw-p 00000000 00:00 0 
7f64dc07b000-7f64dc07e000 ---p 00000000 00:00 0 
7f64dc07e000-7f64dc180000 rw-p 00000000 00:00 0                          [stack:10032]
7f64dc180000-7f64dc186000 r--s 0004a000 08:02 6569021                    /usr/bin/processing-3.0/core/library/gluegen-rt.jar
7f64dc186000-7f64dc187000 r--s 00000000 08:02 6569035                    /usr/bin/processing-3.0/core/library/gluegen-rt-natives-linux-armv6hf.jar
7f64dc187000-7f64dc188000 r--s 00031000 08:02 6569019                    /usr/bin/processing-3.0/core/library/jogl-all-natives-windows-i586.jar
7f64dc188000-7f64dc189000 r--s 00001000 08:02 6569022                    /usr/bin/processing-3.0/core/library/gluegen-rt-natives-windows-amd64.jar
7f64dc189000-7f64dc18b000 r--s 0006c000 08:02 6569020                    /usr/bin/processing-3.0/core/library/jogl-all-natives-macosx-universal.jar
7f64dc18b000-7f64dc190000 r--s 000f0000 08:02 6569027                    /usr/bin/processing-3.0/core/library/core.jar
7f64dc190000-7f64dc192000 r--s 00000000 08:02 6569025                    /usr/bin/processing-3.0/core/library/gluegen-rt-natives-linux-amd64.jar
7f64dc192000-7f64dc193000 r--s 00026000 08:02 6569028                    /usr/bin/processing-3.0/core/library/jogl-all-natives-linux-armv6hf.jar
7f64dc193000-7f64dc194000 r--s 00032000 08:02 6569024                    /usr/bin/processing-3.0/core/library/jogl-all-natives-linux-i586.jar
7f64dc194000-7f64dc196000 r--s 00000000 08:02 6569023                    /usr/bin/processing-3.0/core/library/gluegen-rt-natives-linux-i586.jar
7f64dc196000-7f64dc197000 rw-p 00000000 00:00 0 
7f64dc197000-7f64dc19f000 rw-s 00000000 08:02 4325390                    /tmp/hsperfdata_akelly/10030
7f64dc19f000-7f64dc1a0000 rw-p 00000000 00:00 0 
7f64dc1a0000-7f64dc1a1000 r--p 00000000 00:00 0 
7f64dc1a1000-7f64dc1a3000 rw-p 00000000 00:00 0 
7f64dc1a3000-7f64dc1a4000 r--p 00022000 08:02 13635666                   /lib/x86_64-linux-gnu/ld-2.19.so
7f64dc1a4000-7f64dc1a5000 rw-p 00023000 08:02 13635666                   /lib/x86_64-linux-gnu/ld-2.19.so
7f64dc1a5000-7f64dc1a6000 rw-p 00000000 00:00 0 
7fff84008000-7fff8402b000 rw-p 00000000 00:00 0                          [stack]
7fff84131000-7fff84133000 r--p 00000000 00:00 0                          [vvar]
7fff84133000-7fff84135000 r-xp 00000000 00:00 0                          [vdso]
ffffffffff600000-ffffffffff601000 r-xp 00000000 00:00 0                  [vsyscall]

VM Arguments:
jvm_args: -agentlib:jdwp=transport=dt_socket,address=8515,server=y,suspend=y -Djava.library.path=:/usr/bin/processing-3.0/core/library:/home/akelly/sketchbook/libraries/minim/library:/usr/java/packages/lib/amd64:/usr/lib64:/lib64:/lib:/usr/lib -ea 
java_command: processing.core.PApplet --display=1 --sketch-path=/home/akelly/sketchbook/_audioVisualizer/_audioVisualizer/build build
java_class_path (initial): /home/akelly/sketchbook/_audioVisualizer/_audioVisualizer/build/build-tmp:/usr/bin/processing-3.0/core/library/gluegen-rt-natives-linux-i586.jar:/usr/bin/processing-3.0/core/library/jogl-all-natives-linux-i586.jar:/usr/bin/processing-3.0/core/library/jogl-all-natives-linux-armv6hf.jar:/usr/bin/processing-3.0/core/library/gluegen-rt-natives-linux-amd64.jar:/usr/bin/processing-3.0/core/library/core.jar:/usr/bin/processing-3.0/core/library/jogl-all-natives-macosx-universal.jar:/usr/bin/processing-3.0/core/library/gluegen-rt-natives-windows-amd64.jar:/usr/bin/processing-3.0/core/library/jogl-all-natives-windows-i586.jar:/usr/bin/processing-3.0/core/library/gluegen-rt-natives-linux-armv6hf.jar:/usr/bin/processing-3.0/core/library/gluegen-rt.jar:/usr/bin/processing-3.0/core/library/gluegen-rt-natives-windows-i586.jar:/usr/bin/processing-3.0/core/library/jogl-all.jar:/usr/bin/processing-3.0/core/library/jogl-all-natives-linux-amd64.jar:/usr/bin/processing-3.0/core/library/jogl-all-natives-windows-amd64.jar:/usr/bin/processing-3.0/core/library/gluegen-java-src.zip:/usr/bin/processing-3.0/core/library/jogl-java-src.zip:/usr/bin/processing-3.0/core/library/gluegen-rt-natives-macosx-universal.jar:/usr/bin/processing-3.0/core/library/gluegen-rt-natives-linux-i586.jar:/usr/bin/processing-3.0/core/library/jogl-all-natives-linux-i586.jar:/usr/bin/processing-3.0/core/library/jogl-all-natives-linux-armv6hf.jar:/usr/bin/processing-3.0/core/library/gluegen-rt-natives-linux-amd64.jar:/usr/bin/processing-3.0/core/library/core.jar:/usr/bin/processing-3.0/core/library/jogl-all-natives-macosx-universal.jar:/usr/bin/processing-3.0/core/library/gluegen-rt-natives-windows-amd64.jar:/usr/bin/processing-3.0/core/library/jogl-all-natives-windows-i586.jar:/usr/bin/processing-3.0/core/library/gluegen-rt-natives-linux-armv6hf.jar:/usr/bin/processing-3.0/core/library/gluegen-rt.jar:/usr/bin/processing-3.0/core/library/gluegen-rt-natives-windows-i586.jar:/usr/bin/processi
Launcher Type: SUN_STANDARD

Environment Variables:
PATH=/usr/bin/processing-3.0/java/bin:/usr/local/sbin:/usr/local/bin:/usr/sbin:/usr/bin:/sbin:/bin:/usr/games:/usr/local/games
SHELL=/bin/bash
DISPLAY=:0

Signal Handlers:
SIGSEGV: [libjvm.so+0xaad540], sa_mask[0]=11111111011111111101111111111110, sa_flags=SA_RESTART|SA_SIGINFO
SIGBUS: [libjvm.so+0xaad540], sa_mask[0]=11111111011111111101111111111110, sa_flags=SA_RESTART|SA_SIGINFO
SIGFPE: [libjvm.so+0x90b6b0], sa_mask[0]=11111111011111111101111111111110, sa_flags=SA_RESTART|SA_SIGINFO
SIGPIPE: [libjvm.so+0x90b6b0], sa_mask[0]=11111111011111111101111111111110, sa_flags=SA_RESTART|SA_SIGINFO
SIGXFSZ: [libjvm.so+0x90b6b0], sa_mask[0]=11111111011111111101111111111110, sa_flags=SA_RESTART|SA_SIGINFO
SIGILL: [libjvm.so+0x90b6b0], sa_mask[0]=11111111011111111101111111111110, sa_flags=SA_RESTART|SA_SIGINFO
SIGUSR1: SIG_DFL, sa_mask[0]=00000000000000000000000000000000, sa_flags=none
SIGUSR2: [libjvm.so+0x90ccf0], sa_mask[0]=00100000000000000000000000000000, sa_flags=SA_RESTART|SA_SIGINFO
SIGHUP: [libjvm.so+0x90e040], sa_mask[0]=11111111011111111101111111111110, sa_flags=SA_RESTART|SA_SIGINFO
SIGINT: [libjvm.so+0x90e040], sa_mask[0]=11111111011111111101111111111110, sa_flags=SA_RESTART|SA_SIGINFO
SIGTERM: [libjvm.so+0x90e040], sa_mask[0]=11111111011111111101111111111110, sa_flags=SA_RESTART|SA_SIGINFO
SIGQUIT: [libjvm.so+0x90e040], sa_mask[0]=11111111011111111101111111111110, sa_flags=SA_RESTART|SA_SIGINFO


---------------  S Y S T E M  ---------------

OS:DISTRIB_ID=Ubuntu
DISTRIB_RELEASE=14.04
DISTRIB_CODENAME=trusty
DISTRIB_DESCRIPTION="Ubuntu 14.04.3 LTS"

uname:Linux 3.19.0-28-generic #30~14.04.1-Ubuntu SMP Tue Sep 1 09:32:55 UTC 2015 x86_64
libc:glibc 2.19 NPTL 2.19 
rlimit: STACK 8192k, CORE 0k, NPROC 63284, NOFILE 4096, AS infinity
load average:2.98 2.99 2.63

/proc/meminfo:
MemTotal:       16309452 kB
MemFree:        10649648 kB
MemAvailable:   11895264 kB
Buffers:          119252 kB
Cached:          2229268 kB
SwapCached:           48 kB
Active:          4067268 kB
Inactive:        1322412 kB
Active(anon):    3124084 kB
Inactive(anon):   895196 kB
Active(file):     943184 kB
Inactive(file):   427216 kB
Unevictable:          92 kB
Mlocked:              92 kB
SwapTotal:      16653308 kB
SwapFree:       16584364 kB
Dirty:              1848 kB
Writeback:             0 kB
AnonPages:       3040556 kB
Mapped:          1039408 kB
Shmem:            978124 kB
Slab:             129860 kB
SReclaimable:      88320 kB
SUnreclaim:        41540 kB
KernelStack:       10480 kB
PageTables:        53536 kB
NFS_Unstable:          0 kB
Bounce:                0 kB
WritebackTmp:          0 kB
CommitLimit:    24808032 kB
Committed_AS:    9565212 kB
VmallocTotal:   34359738367 kB
VmallocUsed:      384868 kB
VmallocChunk:   34359343192 kB
HardwareCorrupted:     0 kB
AnonHugePages:   1050624 kB
CmaTotal:              0 kB
CmaFree:               0 kB
HugePages_Total:       0
HugePages_Free:        0
HugePages_Rsvd:        0
HugePages_Surp:        0
Hugepagesize:       2048 kB
DirectMap4k:      206252 kB
DirectMap2M:    12253184 kB
DirectMap1G:     4194304 kB


CPU:total 4 (2 cores per cpu, 2 threads per core) family 6 model 61 stepping 4, cmov, cx8, fxsr, mmx, sse, sse2, sse3, ssse3, sse4.1, sse4.2, popcnt, avx, avx2, aes, clmul, erms, rtm, 3dnowpref, lzcnt, ht, tsc, tscinvbit, bmi1, bmi2, adx

/proc/cpuinfo:
processor	: 0
vendor_id	: GenuineIntel
cpu family	: 6
model		: 61
model name	: Intel(R) Core(TM) i7-5600U CPU @ 2.60GHz
stepping	: 4
microcode	: 0x19
cpu MHz		: 1910.898
cache size	: 4096 KB
physical id	: 0
siblings	: 4
core id		: 0
cpu cores	: 2
apicid		: 0
initial apicid	: 0
fpu		: yes
fpu_exception	: yes
cpuid level	: 20
wp		: yes
flags		: fpu vme de pse tsc msr pae mce cx8 apic sep mtrr pge mca cmov pat pse36 clflush dts acpi mmx fxsr sse sse2 ss ht tm pbe syscall nx pdpe1gb rdtscp lm constant_tsc arch_perfmon pebs bts rep_good nopl xtopology nonstop_tsc aperfmperf eagerfpu pni pclmulqdq dtes64 monitor ds_cpl vmx smx est tm2 ssse3 fma cx16 xtpr pdcm pcid sse4_1 sse4_2 x2apic movbe popcnt tsc_deadline_timer aes xsave avx f16c rdrand lahf_lm abm 3dnowprefetch ida arat epb pln pts dtherm tpr_shadow vnmi flexpriority ept vpid fsgsbase tsc_adjust bmi1 hle avx2 smep bmi2 erms invpcid rtm rdseed adx smap xsaveopt
bugs		:
bogomips	: 5188.48
clflush size	: 64
cache_alignment	: 64
address sizes	: 39 bits physical, 48 bits virtual
power management:

processor	: 1
vendor_id	: GenuineIntel
cpu family	: 6
model		: 61
model name	: Intel(R) Core(TM) i7-5600U CPU @ 2.60GHz
stepping	: 4
microcode	: 0x19
cpu MHz		: 1716.914
cache size	: 4096 KB
physical id	: 0
siblings	: 4
core id		: 0
cpu cores	: 2
apicid		: 1
initial apicid	: 1
fpu		: yes
fpu_exception	: yes
cpuid level	: 20
wp		: yes
flags		: fpu vme de pse tsc msr pae mce cx8 apic sep mtrr pge mca cmov pat pse36 clflush dts acpi mmx fxsr sse sse2 ss ht tm pbe syscall nx pdpe1gb rdtscp lm constant_tsc arch_perfmon pebs bts rep_good nopl xtopology nonstop_tsc aperfmperf eagerfpu pni pclmulqdq dtes64 monitor ds_cpl vmx smx est tm2 ssse3 fma cx16 xtpr pdcm pcid sse4_1 sse4_2 x2apic movbe popcnt tsc_deadline_timer aes xsave avx f16c rdrand lahf_lm abm 3dnowprefetch ida arat epb pln pts dtherm tpr_shadow vnmi flexpriority ept vpid fsgsbase tsc_adjust bmi1 hle avx2 smep bmi2 erms invpcid rtm rdseed adx smap xsaveopt
bugs		:
bogomips	: 5188.48
clflush size	: 64
cache_alignment	: 64
address sizes	: 39 bits physical, 48 bits virtual
power management:

processor	: 2
vendor_id	: GenuineIntel
cpu family	: 6
model		: 61
model name	: Intel(R) Core(TM) i7-5600U CPU @ 2.60GHz
stepping	: 4
microcode	: 0x19
cpu MHz		: 1911.000
cache size	: 4096 KB
physical id	: 0
siblings	: 4
core id		: 1
cpu cores	: 2
apicid		: 2
initial apicid	: 2
fpu		: yes
fpu_exception	: yes
cpuid level	: 20
wp		: yes
flags		: fpu vme de pse tsc msr pae mce cx8 apic sep mtrr pge mca cmov pat pse36 clflush dts acpi mmx fxsr sse sse2 ss ht tm pbe syscall nx pdpe1gb rdtscp lm constant_tsc arch_perfmon pebs bts rep_good nopl xtopology nonstop_tsc aperfmperf eagerfpu pni pclmulqdq dtes64 monitor ds_cpl vmx smx est tm2 ssse3 fma cx16 xtpr pdcm pcid sse4_1 sse4_2 x2apic movbe popcnt tsc_deadline_timer aes xsave avx f16c rdrand lahf_lm abm 3dnowprefetch ida arat epb pln pts dtherm tpr_shadow vnmi flexpriority ept vpid fsgsbase tsc_adjust bmi1 hle avx2 smep bmi2 erms invpcid rtm rdseed adx smap xsaveopt
bugs		:
bogomips	: 5188.48
clflush size	: 64
cache_alignment	: 64
address sizes	: 39 bits physical, 48 bits virtual
power management:

processor	: 3
vendor_id	: GenuineIntel
cpu family	: 6
model		: 61
model name	: Intel(R) Core(TM) i7-5600U CPU @ 2.60GHz
stepping	: 4
microcode	: 0x19
cpu MHz		: 1745.757
cache size	: 4096 KB
physical id	: 0
siblings	: 4
core id		: 1
cpu cores	: 2
apicid		: 3
initial apicid	: 3
fpu		: yes
fpu_exception	: yes
cpuid level	: 20
wp		: yes
flags		: fpu vme de pse tsc msr pae mce cx8 apic sep mtrr pge mca cmov pat pse36 clflush dts acpi mmx fxsr sse sse2 ss ht tm pbe syscall nx pdpe1gb rdtscp lm constant_tsc arch_perfmon pebs bts rep_good nopl xtopology nonstop_tsc aperfmperf eagerfpu pni pclmulqdq dtes64 monitor ds_cpl vmx smx est tm2 ssse3 fma cx16 xtpr pdcm pcid sse4_1 sse4_2 x2apic movbe popcnt tsc_deadline_timer aes xsave avx f16c rdrand lahf_lm abm 3dnowprefetch ida arat epb pln pts dtherm tpr_shadow vnmi flexpriority ept vpid fsgsbase tsc_adjust bmi1 hle avx2 smep bmi2 erms invpcid rtm rdseed adx smap xsaveopt
bugs		:
bogomips	: 5188.48
clflush size	: 64
cache_alignment	: 64
address sizes	: 39 bits physical, 48 bits virtual
power management:



Memory: 4k page, physical 16309452k(10649648k free), swap 16653308k(16584364k free)

vm_info: Java HotSpot(TM) 64-Bit Server VM (25.51-b03) for linux-amd64 JRE (1.8.0_51-b16), built on Jun  8 2015 19:28:07 by "java_re" with gcc 4.3.0 20080428 (Red Hat 4.3.0-8)

time: Sat Oct 10 16:15:10 2015
elapsed time: 24 seconds (0d 0h 0m 24s)

