#
# A fatal error has been detected by the Java Runtime Environment:
#
#  SIGSEGV (0xb) at pc=0x00007fa509aab998, pid=8369, tid=140347269588736
#
# JRE version: Java(TM) SE Runtime Environment (8.0_51-b16) (build 1.8.0_51-b16)
# Java VM: Java HotSpot(TM) 64-Bit Server VM (25.51-b03 mixed mode linux-amd64 compressed oops)
# Problematic frame:
# C  [i965_dri.so+0x3c9998]
#
# Failed to write core dump. Core dumps have been disabled. To enable core dumping, try "ulimit -c unlimited" before starting Java again
#
# If you would like to submit a bug report, please visit:
#   http://bugreport.java.com/bugreport/crash.jsp
# The crash happened outside the Java Virtual Machine in native code.
# See problematic frame for where to report the bug.
#

---------------  T H R E A D  ---------------

Current thread (0x00007fa580685800):  JavaThread "main-Display-.x11_:0-1-EDT-1" daemon [_thread_in_native, id=8409, stack(0x00007fa525162000,0x00007fa525263000)]

siginfo: si_signo: 11 (SIGSEGV), si_code: 1 (SEGV_MAPERR), si_addr: 0x0000000100000000

Registers:
RAX=0x00007fa509aab990, RBX=0x00007fa4ec04f900, RCX=0x0000000000000000, RDX=0x0000000000000001
RSP=0x00007fa525260110, RBP=0x00007fa5040222f0, RSI=0x00007fa4ec04f9e0, RDI=0x0000000100000000
R8 =0x0000000000000000, R9 =0x00007fa524b0ffc0, R10=0x00007fa5717e0607, R11=0x00000006c7215610
R12=0x00007fa50401fda0, R13=0x0000000000000000, R14=0x00007fa5040234e0, R15=0x0000000000000000
RIP=0x00007fa509aab998, EFLAGS=0x0000000000010202, CSGSFS=0x0000000000000033, ERR=0x0000000000000004
  TRAPNO=0x000000000000000e

Top of Stack: (sp=0x00007fa525260110)
0x00007fa525260110:   00007fa525260200 0000000000000000
0x00007fa525260120:   00007fa4ec04f900 00007fa5040222f0
0x00007fa525260130:   00007fa50401fda0 00007fa524b1004e
0x00007fa525260140:   00007fa525260178 00007fa524d5d660
0x00007fa525260150:   00007fa504014b10 00007fa500000000
0x00007fa525260160:   0000000000000000 0000000000000000
0x00007fa525260170:   00007fa525260480 00007fa4ec04f900
0x00007fa525260180:   0000000004200002 00000007c0122058
0x00007fa525260190:   00007fa525260200 0000000000000000
0x00007fa5252601a0:   00007fa525260498 00007fa525260240
0x00007fa5252601b0:   00007fa580685800 00007fa50b1c5ba7
0x00007fa5252601c0:   00007fa528009ae0 00007fa524ae9ab0
0x00007fa5252601d0:   0000000004200002 00007fa504014b10
0x00007fa5252601e0:   00007fa525260240 00007fa5806859f8
0x00007fa5252601f0:   00007fa524e91ec0 00007fa524ae9ab0
0x00007fa525260200:   00007fa525260250 00007fa5717e067d
0x00007fa525260210:   fffffffe00000000 0000000000000000
0x00007fa525260220:   00000000d8e42ac2 00007fa528009eb8
0x00007fa525260230:   00000006c7215600 00007fa580684e10
0x00007fa525260240:   00000006c739d4a8 0000000000001388
0x00007fa525260250:   00007fa5252604e0 00007fa5717b9dbc
0x00007fa525260260:   00007fa4d8e42a1a 00007fa580685800
0x00007fa525260270:   00000006c7215600 00000006c7215610
0x00007fa525260280:   00000000d8e42ac2 00007fa528009eb8
0x00007fa525260290:   0000000000000031 00007fa571814aec
0x00007fa5252602a0:   00007fa5252604e0 00007fa5718134b4
0x00007fa5252602b0:   00000006c72150c0 00000006c72150d0
0x00007fa5252602c0:   00007fa5d8e42a1a 00007fa57102df03
0x00007fa5252602d0:   00000006c72155f0 00007fa500000000
0x00007fa5252602e0:   00007fa5252604e0 00007fa5716de264
0x00007fa5252602f0:   00007fa525260498 00007fa57102df03
0x00007fa525260300:   00007fa5710055d0 00007fa500000000 

Instructions: (pc=0x00007fa509aab998)
0x00007fa509aab978:   0f 1f 84 00 00 00 00 00 48 83 c4 10 5b 5d 41 5c
0x00007fa509aab988:   c3 0f 1f 80 00 00 00 00 41 54 55 53 48 83 ec 10
0x00007fa509aab998:   48 8b 1f 48 85 db 74 3d f6 83 48 05 00 00 01 49
0x00007fa509aab9a8:   89 f4 89 cd 75 72 83 e2 01 75 5d 83 e5 fd 74 38 

Register to memory mapping:

RAX=0x00007fa509aab990: <offset 0x3c9990> in /usr/lib/x86_64-linux-gnu/dri/i965_dri.so at 0x00007fa5096e2000
RBX=0x00007fa4ec04f900 is an unknown value
RCX=0x0000000000000000 is an unknown value
RDX=0x0000000000000001 is an unknown value
RSP=0x00007fa525260110 is pointing into the stack for thread: 0x00007fa580685800
RBP=0x00007fa5040222f0 is an unknown value
RSI=0x00007fa4ec04f9e0 is an unknown value
RDI=0x0000000100000000 is an unknown value
R8 =0x0000000000000000 is an unknown value
R9 =0x00007fa524b0ffc0: <offset 0x42fc0> in /usr/lib/x86_64-linux-gnu/mesa/libGL.so.1 at 0x00007fa524acd000
R10=0x00007fa5717e0607 is at entry_point+71 in (nmethod*)0x00007fa5717e0450
R11=0x00000006c7215610 is an oop
jogamp.common.util.locks.RecursiveLockImpl01Unfairish$SingleThreadSync 
 - klass: 'jogamp/common/util/locks/RecursiveLockImpl01Unfairish$SingleThreadSync'
R12=0x00007fa50401fda0 is an unknown value
R13=0x0000000000000000 is an unknown value
R14=0x00007fa5040234e0 is an unknown value
R15=0x0000000000000000 is an unknown value


Stack: [0x00007fa525162000,0x00007fa525263000],  sp=0x00007fa525260110,  free space=1016k
Native frames: (J=compiled Java code, j=interpreted, Vv=VM code, C=native code)
C  [i965_dri.so+0x3c9998]

Java frames: (J=compiled Java code, j=interpreted, Vv=VM code)
J 1987  jogamp.opengl.x11.glx.GLX.dispatch_glXSwapBuffers0(JJJ)V (0 bytes) @ 0x00007fa5717e0607 [0x00007fa5717e05c0+0x47]
J 1928 C1 jogamp.opengl.x11.glx.GLX.glXSwapBuffers(JJ)V (45 bytes) @ 0x00007fa5717b9dbc [0x00007fa5717b93a0+0xa1c]
J 1927 C1 jogamp.opengl.x11.glx.X11GLXDrawable.swapBuffersImpl(Z)V (21 bytes) @ 0x00007fa5717b8f0c [0x00007fa5717b8c60+0x2ac]
J 1926 C1 jogamp.opengl.GLDrawableImpl.swapBuffers()V (138 bytes) @ 0x00007fa5717b77f4 [0x00007fa5717b7120+0x6d4]
j  jogamp.opengl.GLAutoDrawableBase.defaultSwapBuffers()V+23
j  com.jogamp.newt.opengl.GLWindow.swapBuffers()V+1
j  processing.opengl.PJOGL.swapBuffers()V+15
j  processing.opengl.PGraphicsOpenGL.dispose()V+15
j  processing.core.PApplet.dispose()V+28
j  processing.opengl.PSurfaceJOGL$NEWTWindowListener.windowDestroyNotify(Lcom/jogamp/newt/event/WindowEvent;)V+7
j  jogamp.newt.WindowImpl.consumeWindowEvent(Lcom/jogamp/newt/event/WindowEvent;)V+254
j  jogamp.newt.WindowImpl.sendWindowEvent(I)V+14
j  jogamp.newt.WindowImpl$1.run()V+143
j  jogamp.newt.DisplayImpl.runOnEDTIfAvail(ZLjava/lang/Runnable;)V+172
j  jogamp.newt.WindowImpl.runOnEDTIfAvail(ZLjava/lang/Runnable;)V+36
j  jogamp.newt.WindowImpl.destroy()V+11
j  com.jogamp.newt.opengl.GLWindow.destroy()V+4
j  jogamp.opengl.GLAutoDrawableBase.destroyAvoidAwareOfLocking()V+31
j  jogamp.opengl.GLAutoDrawableBase.defaultWindowDestroyNotifyOp()V+43
j  com.jogamp.newt.opengl.GLWindow.access$000(Lcom/jogamp/newt/opengl/GLWindow;)V+1
j  com.jogamp.newt.opengl.GLWindow$1.run()V+4
j  jogamp.newt.WindowImpl.windowDestroyNotify(Z)Z+147
v  ~StubRoutines::call_stub
J 1725  jogamp.newt.driver.x11.DisplayDriver.DispatchMessages0(JJJII)V (0 bytes) @ 0x00007fa5716b1b7f [0x00007fa5716b1b40+0x3f]
J 1599 C1 jogamp.newt.driver.x11.DisplayDriver.dispatchMessagesNative()V (66 bytes) @ 0x00007fa57160792c [0x00007fa571607800+0x12c]
J 1598 C1 jogamp.newt.DisplayImpl.dispatchMessages()V (116 bytes) @ 0x00007fa571602134 [0x00007fa571601d80+0x3b4]
J 1597 C1 jogamp.newt.DisplayImpl$7.run()V (8 bytes) @ 0x00007fa5715f99b4 [0x00007fa5715f9940+0x74]
j  jogamp.newt.DefaultEDTUtil$NEDT.run()V+67
v  ~StubRoutines::call_stub

---------------  P R O C E S S  ---------------

Java Threads: ( => current thread )
  0x00007fa4ec133800 JavaThread "Thread-6" [_thread_blocked, id=8431, stack(0x00007fa4fef0e000,0x00007fa4ff00f000)]
  0x00007fa4ec11d800 JavaThread "Java Sound Event Dispatcher" daemon [_thread_blocked, id=8426, stack(0x00007fa4ff00f000,0x00007fa4ff110000)]
  0x00007fa58000f800 JavaThread "DestroyJavaVM" [_thread_blocked, id=8370, stack(0x00007fa587b70000,0x00007fa587c71000)]
  0x00007fa5806ec800 JavaThread "Thread-2" [_thread_blocked, id=8412, stack(0x00007fa50800a000,0x00007fa50810b000)]
  0x00007fa5806dc000 JavaThread "main-SharedResourceRunner" daemon [_thread_blocked, id=8411, stack(0x00007fa509e65000,0x00007fa509f66000)]
  0x00007fa5806b7000 JavaThread "main-SharedResourceRunner" daemon [_thread_blocked, id=8410, stack(0x00007fa50b02c000,0x00007fa50b12d000)]
=>0x00007fa580685800 JavaThread "main-Display-.x11_:0-1-EDT-1" daemon [_thread_in_native, id=8409, stack(0x00007fa525162000,0x00007fa525263000)]
  0x00007fa580506000 JavaThread "process reaper" daemon [_thread_blocked, id=8402, stack(0x00007fa52697f000,0x00007fa5269b8000)]
  0x00007fa5802b4000 JavaThread "AWT-XAWT" daemon [_thread_in_native, id=8398, stack(0x00007fa526e26000,0x00007fa526f27000)]
  0x00007fa580294000 JavaThread "Java2D Disposer" daemon [_thread_blocked, id=8397, stack(0x00007fa5640ef000,0x00007fa5641f0000)]
  0x00007fa5800e0800 JavaThread "Service Thread" daemon [_thread_blocked, id=8395, stack(0x00007fa565194000,0x00007fa565295000)]
  0x00007fa5800d3800 JavaThread "C1 CompilerThread2" daemon [_thread_blocked, id=8394, stack(0x00007fa565295000,0x00007fa565396000)]
  0x00007fa5800d1800 JavaThread "C2 CompilerThread1" daemon [_thread_blocked, id=8393, stack(0x00007fa565396000,0x00007fa565497000)]
  0x00007fa5800ce800 JavaThread "C2 CompilerThread0" daemon [_thread_blocked, id=8392, stack(0x00007fa565497000,0x00007fa565598000)]
  0x00007fa544001000 JavaThread "JDWP Command Reader" daemon [_thread_in_native, id=8386, stack(0x00007fa565598000,0x00007fa565699000)]
  0x00007fa5800cc800 JavaThread "JDWP Event Helper Thread" daemon [_thread_blocked, id=8381, stack(0x00007fa565699000,0x00007fa56579a000)]
  0x00007fa5800c9000 JavaThread "JDWP Transport Listener: dt_socket" daemon [_thread_blocked, id=8380, stack(0x00007fa56579a000,0x00007fa56589b000)]
  0x00007fa5800bb800 JavaThread "Signal Dispatcher" daemon [_thread_blocked, id=8379, stack(0x00007fa565a9f000,0x00007fa565ba0000)]
  0x00007fa580084800 JavaThread "Finalizer" daemon [_thread_blocked, id=8378, stack(0x00007fa565ba0000,0x00007fa565ca1000)]
  0x00007fa580082800 JavaThread "Reference Handler" daemon [_thread_blocked, id=8377, stack(0x00007fa565ca1000,0x00007fa565da2000)]

Other Threads:
  0x00007fa58007d000 VMThread [stack: 0x00007fa565da2000,0x00007fa565ea3000] [id=8376]
  0x00007fa5800e3800 WatcherThread [stack: 0x00007fa565093000,0x00007fa565194000] [id=8396]

VM state:not at safepoint (normal execution)

VM Mutex/Monitor currently owned by a thread: None

Heap:
 PSYoungGen      total 461824K, used 322088K [0x000000076d100000, 0x000000078ca00000, 0x00000007c0000000)
  eden space 451584K, 71% used [0x000000076d100000,0x0000000780b72018,0x0000000788a00000)
  from space 10240K, 0% used [0x000000078b600000,0x000000078b618000,0x000000078c000000)
  to   space 10240K, 0% used [0x000000078c000000,0x000000078c000000,0x000000078ca00000)
 ParOldGen       total 171008K, used 4904K [0x00000006c7200000, 0x00000006d1900000, 0x000000076d100000)
  object space 171008K, 2% used [0x00000006c7200000,0x00000006c76ca2c0,0x00000006d1900000)
 Metaspace       used 17642K, capacity 17874K, committed 18048K, reserved 1064960K
  class space    used 1573K, capacity 1662K, committed 1664K, reserved 1048576K

Card table byte_map: [0x00007fa570478000,0x00007fa570c40000] byte_map_base: 0x00007fa56ce3f000

Marking Bits: (ParMarkBitMap*) 0x00007fa58704e660
 Begin Bits: [0x00007fa567fd5000, 0x00007fa56be0d000)
 End Bits:   [0x00007fa56be0d000, 0x00007fa56fc45000)

Polling page: 0x00007fa587c95000

CodeCache: size=245760Kb used=8328Kb max_used=8340Kb free=237431Kb
 bounds [0x00007fa571000000, 0x00007fa571830000, 0x00007fa580000000]
 total_blobs=3004 nmethods=2049 adapters=877
 compilation: enabled

Compilation events (10 events):
Event: 16.567 Thread 0x00007fa5800d1800 2058       4       sun.misc.FloatingDecimal$BinaryToASCIIBuffer::roundup (104 bytes)
Event: 16.568 Thread 0x00007fa5800d1800 nmethod 2058 0x00007fa57181c310 code [0x00007fa57181c460, 0x00007fa57181c578]
Event: 16.584 Thread 0x00007fa5800ce800 2059       4       sun.misc.FloatingDecimal$BinaryToASCIIBuffer::dtoa (1509 bytes)
Event: 16.678 Thread 0x00007fa5800ce800 nmethod 2059 0x00007fa571828590 code [0x00007fa571828820, 0x00007fa57182bde8]
Event: 17.646 Thread 0x00007fa5800d3800 2060       3       ddf.minim.javasound.FloatSampleTools::getFormatType (100 bytes)
Event: 17.647 Thread 0x00007fa5800d3800 nmethod 2060 0x00007fa57181ced0 code [0x00007fa57181d0e0, 0x00007fa57181d858]
Event: 17.647 Thread 0x00007fa5800d3800 2061       3       ddf.minim.javasound.FloatSampleTools::checkSupportedSampleSize (68 bytes)
Event: 17.649 Thread 0x00007fa5800d3800 nmethod 2061 0x00007fa571827190 code [0x00007fa5718273c0, 0x00007fa571827fe8]
Event: 17.787 Thread 0x00007fa5800d1800 2062   !   4       jogamp.common.util.locks.RecursiveLockImpl01Unfairish::tryLock (582 bytes)
Event: 17.790 Thread 0x00007fa5800d1800 nmethod 2062 0x00007fa571823790 code [0x00007fa571823900, 0x00007fa571823df8]

GC Heap History (10 events):
Event: 6.947 GC heap before
{Heap before GC invocations=7 (full 0):
 PSYoungGen      total 266240K, used 262906K [0x000000076d100000, 0x000000077de00000, 0x00000007c0000000)
  eden space 258048K, 100% used [0x000000076d100000,0x000000077cd00000,0x000000077cd00000)
  from space 8192K, 59% used [0x000000077d600000,0x000000077dabeb20,0x000000077de00000)
  to   space 8704K, 0% used [0x000000077cd00000,0x000000077cd00000,0x000000077d580000)
 ParOldGen       total 171008K, used 56K [0x00000006c7200000, 0x00000006d1900000, 0x000000076d100000)
  object space 171008K, 0% used [0x00000006c7200000,0x00000006c720e000,0x00000006d1900000)
 Metaspace       used 17459K, capacity 17618K, committed 17792K, reserved 1064960K
  class space    used 1573K, capacity 1662K, committed 1664K, reserved 1048576K
Event: 6.962 GC heap after
Heap after GC invocations=7 (full 0):
 PSYoungGen      total 266752K, used 96K [0x000000076d100000, 0x000000078dc00000, 0x00000007c0000000)
  eden space 258048K, 0% used [0x000000076d100000,0x000000076d100000,0x000000077cd00000)
  from space 8704K, 1% used [0x000000077cd00000,0x000000077cd18000,0x000000077d580000)
  to   space 9728K, 0% used [0x000000078d280000,0x000000078d280000,0x000000078dc00000)
 ParOldGen       total 171008K, used 4800K [0x00000006c7200000, 0x00000006d1900000, 0x000000076d100000)
  object space 171008K, 2% used [0x00000006c7200000,0x00000006c76b02c0,0x00000006d1900000)
 Metaspace       used 17459K, capacity 17618K, committed 17792K, reserved 1064960K
  class space    used 1573K, capacity 1662K, committed 1664K, reserved 1048576K
}
Event: 8.376 GC heap before
{Heap before GC invocations=8 (full 0):
 PSYoungGen      total 266752K, used 258144K [0x000000076d100000, 0x000000078dc00000, 0x00000007c0000000)
  eden space 258048K, 100% used [0x000000076d100000,0x000000077cd00000,0x000000077cd00000)
  from space 8704K, 1% used [0x000000077cd00000,0x000000077cd18000,0x000000077d580000)
  to   space 9728K, 0% used [0x000000078d280000,0x000000078d280000,0x000000078dc00000)
 ParOldGen       total 171008K, used 4800K [0x00000006c7200000, 0x00000006d1900000, 0x000000076d100000)
  object space 171008K, 2% used [0x00000006c7200000,0x00000006c76b02c0,0x00000006d1900000)
 Metaspace       used 17522K, capacity 17746K, committed 18048K, reserved 1064960K
  class space    used 1573K, capacity 1662K, committed 1664K, reserved 1048576K
Event: 8.377 GC heap after
Heap after GC invocations=8 (full 0):
 PSYoungGen      total 525824K, used 128K [0x000000076d100000, 0x000000078dc00000, 0x00000007c0000000)
  eden space 516096K, 0% used [0x000000076d100000,0x000000076d100000,0x000000078c900000)
  from space 9728K, 1% used [0x000000078d280000,0x000000078d2a0000,0x000000078dc00000)
  to   space 9728K, 0% used [0x000000078c900000,0x000000078c900000,0x000000078d280000)
 ParOldGen       total 171008K, used 4824K [0x00000006c7200000, 0x00000006d1900000, 0x000000076d100000)
  object space 171008K, 2% used [0x00000006c7200000,0x00000006c76b62c0,0x00000006d1900000)
 Metaspace       used 17522K, capacity 17746K, committed 18048K, reserved 1064960K
  class space    used 1573K, capacity 1662K, committed 1664K, reserved 1048576K
}
Event: 11.315 GC heap before
{Heap before GC invocations=9 (full 0):
 PSYoungGen      total 525824K, used 516224K [0x000000076d100000, 0x000000078dc00000, 0x00000007c0000000)
  eden space 516096K, 100% used [0x000000076d100000,0x000000078c900000,0x000000078c900000)
  from space 9728K, 1% used [0x000000078d280000,0x000000078d2a0000,0x000000078dc00000)
  to   space 9728K, 0% used [0x000000078c900000,0x000000078c900000,0x000000078d280000)
 ParOldGen       total 171008K, used 4824K [0x00000006c7200000, 0x00000006d1900000, 0x000000076d100000)
  object space 171008K, 2% used [0x00000006c7200000,0x00000006c76b62c0,0x00000006d1900000)
 Metaspace       used 17635K, capacity 17874K, committed 18048K, reserved 1064960K
  class space    used 1573K, capacity 1662K, committed 1664K, reserved 1048576K
Event: 11.316 GC heap after
Heap after GC invocations=9 (full 0):
 PSYoungGen      total 494080K, used 128K [0x000000076d100000, 0x000000078d300000, 0x00000007c0000000)
  eden space 493568K, 0% used [0x000000076d100000,0x000000076d100000,0x000000078b300000)
  from space 512K, 25% used [0x000000078c900000,0x000000078c920000,0x000000078c980000)
  to   space 9728K, 0% used [0x000000078c980000,0x000000078c980000,0x000000078d300000)
 ParOldGen       total 171008K, used 4848K [0x00000006c7200000, 0x00000006d1900000, 0x000000076d100000)
  object space 171008K, 2% used [0x00000006c7200000,0x00000006c76bc2c0,0x00000006d1900000)
 Metaspace       used 17635K, capacity 17874K, committed 18048K, reserved 1064960K
  class space    used 1573K, capacity 1662K, committed 1664K, reserved 1048576K
}
Event: 14.054 GC heap before
{Heap before GC invocations=10 (full 0):
 PSYoungGen      total 494080K, used 493696K [0x000000076d100000, 0x000000078d300000, 0x00000007c0000000)
  eden space 493568K, 100% used [0x000000076d100000,0x000000078b300000,0x000000078b300000)
  from space 512K, 25% used [0x000000078c900000,0x000000078c920000,0x000000078c980000)
  to   space 9728K, 0% used [0x000000078c980000,0x000000078c980000,0x000000078d300000)
 ParOldGen       total 171008K, used 4848K [0x00000006c7200000, 0x00000006d1900000, 0x000000076d100000)
  object space 171008K, 2% used [0x00000006c7200000,0x00000006c76bc2c0,0x00000006d1900000)
 Metaspace       used 17641K, capacity 17874K, committed 18048K, reserved 1064960K
  class space    used 1573K, capacity 1662K, committed 1664K, reserved 1048576K
Event: 14.055 GC heap after
Heap after GC invocations=10 (full 0):
 PSYoungGen      total 472576K, used 96K [0x000000076d100000, 0x000000078ca00000, 0x00000007c0000000)
  eden space 472064K, 0% used [0x000000076d100000,0x000000076d100000,0x0000000789e00000)
  from space 512K, 18% used [0x000000078c980000,0x000000078c998000,0x000000078ca00000)
  to   space 10240K, 0% used [0x000000078b600000,0x000000078b600000,0x000000078c000000)
 ParOldGen       total 171008K, used 4888K [0x00000006c7200000, 0x00000006d1900000, 0x000000076d100000)
  object space 171008K, 2% used [0x00000006c7200000,0x00000006c76c62c0,0x00000006d1900000)
 Metaspace       used 17641K, capacity 17874K, committed 18048K, reserved 1064960K
  class space    used 1573K, capacity 1662K, committed 1664K, reserved 1048576K
}
Event: 16.720 GC heap before
{Heap before GC invocations=11 (full 0):
 PSYoungGen      total 472576K, used 472160K [0x000000076d100000, 0x000000078ca00000, 0x00000007c0000000)
  eden space 472064K, 100% used [0x000000076d100000,0x0000000789e00000,0x0000000789e00000)
  from space 512K, 18% used [0x000000078c980000,0x000000078c998000,0x000000078ca00000)
  to   space 10240K, 0% used [0x000000078b600000,0x000000078b600000,0x000000078c000000)
 ParOldGen       total 171008K, used 4888K [0x00000006c7200000, 0x00000006d1900000, 0x000000076d100000)
  object space 171008K, 2% used [0x00000006c7200000,0x00000006c76c62c0,0x00000006d1900000)
 Metaspace       used 17641K, capacity 17874K, committed 18048K, reserved 1064960K
  class space    used 1573K, capacity 1662K, committed 1664K, reserved 1048576K
Event: 16.720 GC heap after
Heap after GC invocations=11 (full 0):
 PSYoungGen      total 461824K, used 96K [0x000000076d100000, 0x000000078ca00000, 0x00000007c0000000)
  eden space 451584K, 0% used [0x000000076d100000,0x000000076d100000,0x0000000788a00000)
  from space 10240K, 0% used [0x000000078b600000,0x000000078b618000,0x000000078c000000)
  to   space 10240K, 0% used [0x000000078c000000,0x000000078c000000,0x000000078ca00000)
 ParOldGen       total 171008K, used 4904K [0x00000006c7200000, 0x00000006d1900000, 0x000000076d100000)
  object space 171008K, 2% used [0x00000006c7200000,0x00000006c76ca2c0,0x00000006d1900000)
 Metaspace       used 17641K, capacity 17874K, committed 18048K, reserved 1064960K
  class space    used 1573K, capacity 1662K, committed 1664K, reserved 1048576K
}

Deoptimization events (10 events):
Event: 1.565 Thread 0x00007fa5806b7000 Uncommon trap: reason=class_check action=maybe_recompile pc=0x00007fa571381bb0 method=com.jogamp.common.os.DynamicLibraryBundle.toolDynamicLookupFunction(Ljava/lang/String;)J @ 18
Event: 1.565 Thread 0x00007fa5806b7000 Uncommon trap: reason=class_check action=maybe_recompile pc=0x00007fa571392504 method=com.jogamp.common.os.DynamicLibraryBundle.dynamicLookupFunction(Ljava/lang/String;)J @ 80
Event: 1.565 Thread 0x00007fa5806b7000 Uncommon trap: reason=class_check action=maybe_recompile pc=0x00007fa571381bb0 method=com.jogamp.common.os.DynamicLibraryBundle.toolDynamicLookupFunction(Ljava/lang/String;)J @ 18
Event: 1.565 Thread 0x00007fa5806b7000 Uncommon trap: reason=class_check action=maybe_recompile pc=0x00007fa571392504 method=com.jogamp.common.os.DynamicLibraryBundle.dynamicLookupFunction(Ljava/lang/String;)J @ 80
Event: 1.565 Thread 0x00007fa5806b7000 Uncommon trap: reason=class_check action=maybe_recompile pc=0x00007fa571381bb0 method=com.jogamp.common.os.DynamicLibraryBundle.toolDynamicLookupFunction(Ljava/lang/String;)J @ 18
Event: 1.687 Thread 0x00007fa58000f800 Uncommon trap: reason=unstable_if action=reinterpret pc=0x00007fa5713a4fac method=java.lang.reflect.AccessibleObject.setAccessible0(Ljava/lang/reflect/AccessibleObject;Z)V @ 4
Event: 1.803 Thread 0x00007fa5806ee800 Uncommon trap: reason=unstable_if action=reinterpret pc=0x00007fa5712c38f4 method=sun.misc.MetaIndex.mayContain(Ljava/lang/String;)Z @ 38
Event: 1.869 Thread 0x00007fa5806ee800 Uncommon trap: reason=unstable_if action=reinterpret pc=0x00007fa5713db70c method=javax.sound.sampled.AudioFormat.matches(Ljavax/sound/sampled/AudioFormat;)Z @ 112
Event: 8.024 Thread 0x00007fa5806ee800 Uncommon trap: reason=unstable_if action=reinterpret pc=0x00007fa5715dc154 method=sun.misc.FloatingDecimal$BinaryToASCIIBuffer.dtoa(IJIZ)V @ 1459
Event: 16.267 Thread 0x00007fa5806ee800 Uncommon trap: reason=unstable_if action=reinterpret pc=0x00007fa57178a6f8 method=sun.misc.FloatingDecimal$BinaryToASCIIBuffer.dtoa(IJIZ)V @ 714

Internal exceptions (10 events):
Event: 0.623 Thread 0x00007fa58000f800 Exception <a 'java/security/PrivilegedActionException'> (0x000000076d66e380) thrown at [/HUDSON/workspace/8-2-build-linux-amd64/jdk8u51/3951/hotspot/src/share/vm/prims/jvm.cpp, line 1382]
Event: 0.623 Thread 0x00007fa58000f800 Exception <a 'java/security/PrivilegedActionException'> (0x000000076d66e538) thrown at [/HUDSON/workspace/8-2-build-linux-amd64/jdk8u51/3951/hotspot/src/share/vm/prims/jvm.cpp, line 1382]
Event: 0.623 Thread 0x00007fa58000f800 Exception <a 'java/security/PrivilegedActionException'> (0x000000076d6707f0) thrown at [/HUDSON/workspace/8-2-build-linux-amd64/jdk8u51/3951/hotspot/src/share/vm/prims/jvm.cpp, line 1382]
Event: 0.623 Thread 0x00007fa58000f800 Exception <a 'java/security/PrivilegedActionException'> (0x000000076d6709a8) thrown at [/HUDSON/workspace/8-2-build-linux-amd64/jdk8u51/3951/hotspot/src/share/vm/prims/jvm.cpp, line 1382]
Event: 0.629 Thread 0x00007fa58000f800 Exception <a 'java/io/FileNotFoundException'> (0x000000076d67a700) thrown at [/HUDSON/workspace/8-2-build-linux-amd64/jdk8u51/3951/hotspot/src/share/vm/prims/jni.cpp, line 709]
Event: 0.629 Thread 0x00007fa58000f800 Exception <a 'java/io/FileNotFoundException'> (0x000000076d67b088) thrown at [/HUDSON/workspace/8-2-build-linux-amd64/jdk8u51/3951/hotspot/src/share/vm/prims/jni.cpp, line 709]
Event: 0.700 Thread 0x00007fa58000f800 Exception <a 'java/lang/NoSuchFieldError': method resolution failed> (0x000000076d780fe8) thrown at [/HUDSON/workspace/8-2-build-linux-amd64/jdk8u51/3951/hotspot/src/share/vm/prims/methodHandles.cpp, line 1125]
Event: 0.703 Thread 0x00007fa58000f800 Exception <a 'java/lang/NoSuchFieldError': method resolution failed> (0x000000076d78f9a8) thrown at [/HUDSON/workspace/8-2-build-linux-amd64/jdk8u51/3951/hotspot/src/share/vm/prims/methodHandles.cpp, line 1125]
Event: 1.532 Thread 0x00007fa58000f800 Exception <a 'java/lang/InterruptedException'> (0x000000076f292878) thrown at [/HUDSON/workspace/8-2-build-linux-amd64/jdk8u51/3951/hotspot/src/share/vm/runtime/objectMonitor.cpp, line 1683]
Event: 1.683 Thread 0x00007fa58000f800 Exception <a 'java/lang/InterruptedException'> (0x000000076f29dd18) thrown at [/HUDSON/workspace/8-2-build-linux-amd64/jdk8u51/3951/hotspot/src/share/vm/runtime/objectMonitor.cpp, line 1683]

Events (10 events):
Event: 18.463 Thread 0x00007fa5806ee800 DEOPT UNPACKING pc=0x00007fa571047633 sp=0x00007fa4ff9aecc8 mode 1
Event: 18.475 Thread 0x00007fa5806ee800 DEOPT PACKING pc=0x00007fa5717da609 sp=0x00007fa4ff9aeee0
Event: 18.475 Thread 0x00007fa5806ee800 DEOPT UNPACKING pc=0x00007fa571047633 sp=0x00007fa4ff9aec78 mode 1
Event: 18.475 Thread 0x00007fa5806ee800 DEOPT PACKING pc=0x00007fa57172712c sp=0x00007fa4ff9aef70
Event: 18.475 Thread 0x00007fa5806ee800 DEOPT UNPACKING pc=0x00007fa571047633 sp=0x00007fa4ff9aecc8 mode 1
Event: 18.487 Thread 0x00007fa5806ee800 DEOPT PACKING pc=0x00007fa5717da609 sp=0x00007fa4ff9aeee0
Event: 18.487 Thread 0x00007fa5806ee800 DEOPT UNPACKING pc=0x00007fa571047633 sp=0x00007fa4ff9aec78 mode 1
Event: 18.487 Thread 0x00007fa5806ee800 DEOPT PACKING pc=0x00007fa57172712c sp=0x00007fa4ff9aef70
Event: 18.487 Thread 0x00007fa5806ee800 DEOPT UNPACKING pc=0x00007fa571047633 sp=0x00007fa4ff9aecc8 mode 1
Event: 18.503 Thread 0x00007fa5806ee800 Thread exited: 0x00007fa5806ee800


Dynamic libraries:
00400000-00401000 r-xp 00000000 08:02 6695910                            /usr/bin/processing-3.0/java/bin/java
00600000-00601000 rw-p 00000000 08:02 6695910                            /usr/bin/processing-3.0/java/bin/java
00a4a000-00a6b000 rw-p 00000000 00:00 0                                  [heap]
6c7200000-6d1900000 rw-p 00000000 00:00 0 
6d1900000-76d100000 ---p 00000000 00:00 0 
76d100000-78ca00000 rw-p 00000000 00:00 0 
78ca00000-7c0000000 ---p 00000000 00:00 0 
7c0000000-7c01a0000 rw-p 00000000 00:00 0 
7c01a0000-800000000 ---p 00000000 00:00 0 
7fa4d0000000-7fa4d0291000 rw-p 00000000 00:00 0 
7fa4d0291000-7fa4d4000000 ---p 00000000 00:00 0 
7fa4dbfff000-7fa4e0000000 r--s 00000000 00:16 18791                      /run/shm/pulse-shm-3302753902
7fa4e0000000-7fa4e0021000 rw-p 00000000 00:00 0 
7fa4e0021000-7fa4e4000000 ---p 00000000 00:00 0 
7fa4e7fff000-7fa4ec000000 rw-s 00000000 00:16 141945                     /run/shm/pulse-shm-3261549808
7fa4ec000000-7fa4ec883000 rw-p 00000000 00:00 0 
7fa4ec883000-7fa4f0000000 ---p 00000000 00:00 0 
7fa4f0000000-7fa4f0021000 rw-p 00000000 00:00 0 
7fa4f0021000-7fa4f4000000 ---p 00000000 00:00 0 
7fa4f4000000-7fa4f4021000 rw-p 00000000 00:00 0 
7fa4f4021000-7fa4f8000000 ---p 00000000 00:00 0 
7fa4f8000000-7fa4fb096000 rw-p 00000000 00:00 0 
7fa4fb096000-7fa4fc000000 ---p 00000000 00:00 0 
7fa4fc281000-7fa4fc282000 ---p 00000000 00:00 0 
7fa4fc282000-7fa4fca82000 rw-p 00000000 00:00 0 
7fa4fca82000-7fa4fca83000 ---p 00000000 00:00 0 
7fa4fca83000-7fa4fd283000 rw-p 00000000 00:00 0                          [stack:8427]
7fa4fd283000-7fa4fd289000 r-xp 00000000 08:02 6947199                    /usr/lib/x86_64-linux-gnu/alsa-lib/libasound_module_pcm_pulse.so
7fa4fd289000-7fa4fd488000 ---p 00006000 08:02 6947199                    /usr/lib/x86_64-linux-gnu/alsa-lib/libasound_module_pcm_pulse.so
7fa4fd488000-7fa4fd489000 r--p 00005000 08:02 6947199                    /usr/lib/x86_64-linux-gnu/alsa-lib/libasound_module_pcm_pulse.so
7fa4fd489000-7fa4fd48a000 rw-p 00006000 08:02 6947199                    /usr/lib/x86_64-linux-gnu/alsa-lib/libasound_module_pcm_pulse.so
7fa4fd48a000-7fa4fd4a1000 r-xp 00000000 08:02 13635816                   /lib/x86_64-linux-gnu/libresolv-2.19.so
7fa4fd4a1000-7fa4fd6a1000 ---p 00017000 08:02 13635816                   /lib/x86_64-linux-gnu/libresolv-2.19.so
7fa4fd6a1000-7fa4fd6a2000 r--p 00017000 08:02 13635816                   /lib/x86_64-linux-gnu/libresolv-2.19.so
7fa4fd6a2000-7fa4fd6a3000 rw-p 00018000 08:02 13635816                   /lib/x86_64-linux-gnu/libresolv-2.19.so
7fa4fd6a3000-7fa4fd6a5000 rw-p 00000000 00:00 0 
7fa4fd6a5000-7fa4fd6ac000 r-xp 00000000 08:02 6562227                    /usr/lib/x86_64-linux-gnu/libogg.so.0.8.1
7fa4fd6ac000-7fa4fd8ac000 ---p 00007000 08:02 6562227                    /usr/lib/x86_64-linux-gnu/libogg.so.0.8.1
7fa4fd8ac000-7fa4fd8ad000 r--p 00007000 08:02 6562227                    /usr/lib/x86_64-linux-gnu/libogg.so.0.8.1
7fa4fd8ad000-7fa4fd8ae000 rw-p 00008000 08:02 6562227                    /usr/lib/x86_64-linux-gnu/libogg.so.0.8.1
7fa4fd8ae000-7fa4fd8da000 r-xp 00000000 08:02 6562501                    /usr/lib/x86_64-linux-gnu/libvorbis.so.0.4.5
7fa4fd8da000-7fa4fdad9000 ---p 0002c000 08:02 6562501                    /usr/lib/x86_64-linux-gnu/libvorbis.so.0.4.5
7fa4fdad9000-7fa4fdada000 r--p 0002b000 08:02 6562501                    /usr/lib/x86_64-linux-gnu/libvorbis.so.0.4.5
7fa4fdada000-7fa4fdadb000 rw-p 0002c000 08:02 6562501                    /usr/lib/x86_64-linux-gnu/libvorbis.so.0.4.5
7fa4fdadb000-7fa4fdd8e000 r-xp 00000000 08:02 6562503                    /usr/lib/x86_64-linux-gnu/libvorbisenc.so.2.0.8
7fa4fdd8e000-7fa4fdf8d000 ---p 002b3000 08:02 6562503                    /usr/lib/x86_64-linux-gnu/libvorbisenc.so.2.0.8
7fa4fdf8d000-7fa4fdfa9000 r--p 002b2000 08:02 6562503                    /usr/lib/x86_64-linux-gnu/libvorbisenc.so.2.0.8
7fa4fdfa9000-7fa4fdfaa000 rw-p 002ce000 08:02 6562503                    /usr/lib/x86_64-linux-gnu/libvorbisenc.so.2.0.8
7fa4fdfaa000-7fa4fdfda000 r-xp 00000000 08:02 6561366                    /usr/lib/x86_64-linux-gnu/libFLAC.so.8.3.0
7fa4fdfda000-7fa4fe1d9000 ---p 00030000 08:02 6561366                    /usr/lib/x86_64-linux-gnu/libFLAC.so.8.3.0
7fa4fe1d9000-7fa4fe1da000 r--p 0002f000 08:02 6561366                    /usr/lib/x86_64-linux-gnu/libFLAC.so.8.3.0
7fa4fe1da000-7fa4fe1db000 rw-p 00030000 08:02 6561366                    /usr/lib/x86_64-linux-gnu/libFLAC.so.8.3.0
7fa4fe1db000-7fa4fe1e0000 r-xp 00000000 08:02 6561598                    /usr/lib/x86_64-linux-gnu/libasyncns.so.0.3.1
7fa4fe1e0000-7fa4fe3df000 ---p 00005000 08:02 6561598                    /usr/lib/x86_64-linux-gnu/libasyncns.so.0.3.1
7fa4fe3df000-7fa4fe3e0000 r--p 00004000 08:02 6561598                    /usr/lib/x86_64-linux-gnu/libasyncns.so.0.3.1
7fa4fe3e0000-7fa4fe3e1000 rw-p 00005000 08:02 6561598                    /usr/lib/x86_64-linux-gnu/libasyncns.so.0.3.1
7fa4fe3e1000-7fa4fe442000 r-xp 00000000 08:02 6562384                    /usr/lib/x86_64-linux-gnu/libsndfile.so.1.0.25
7fa4fe442000-7fa4fe642000 ---p 00061000 08:02 6562384                    /usr/lib/x86_64-linux-gnu/libsndfile.so.1.0.25
7fa4fe642000-7fa4fe644000 r--p 00061000 08:02 6562384                    /usr/lib/x86_64-linux-gnu/libsndfile.so.1.0.25
7fa4fe644000-7fa4fe645000 rw-p 00063000 08:02 6562384                    /usr/lib/x86_64-linux-gnu/libsndfile.so.1.0.25
7fa4fe645000-7fa4fe649000 rw-p 00000000 00:00 0 
7fa4fe649000-7fa4fe651000 r-xp 00000000 08:02 13635850                   /lib/x86_64-linux-gnu/libwrap.so.0.7.6
7fa4fe651000-7fa4fe850000 ---p 00008000 08:02 13635850                   /lib/x86_64-linux-gnu/libwrap.so.0.7.6
7fa4fe850000-7fa4fe851000 r--p 00007000 08:02 13635850                   /lib/x86_64-linux-gnu/libwrap.so.0.7.6
7fa4fe851000-7fa4fe852000 rw-p 00008000 08:02 13635850                   /lib/x86_64-linux-gnu/libwrap.so.0.7.6
7fa4fe852000-7fa4fe853000 rw-p 00000000 00:00 0 
7fa4fe853000-7fa4fe8b9000 r-xp 00000000 08:02 6948471                    /usr/lib/x86_64-linux-gnu/pulseaudio/libpulsecommon-4.0.so
7fa4fe8b9000-7fa4feab8000 ---p 00066000 08:02 6948471                    /usr/lib/x86_64-linux-gnu/pulseaudio/libpulsecommon-4.0.so
7fa4feab8000-7fa4feab9000 r--p 00065000 08:02 6948471                    /usr/lib/x86_64-linux-gnu/pulseaudio/libpulsecommon-4.0.so
7fa4feab9000-7fa4feaba000 rw-p 00066000 08:02 6948471                    /usr/lib/x86_64-linux-gnu/pulseaudio/libpulsecommon-4.0.so
7fa4feaba000-7fa4feac4000 r-xp 00000000 08:02 13635730                   /lib/x86_64-linux-gnu/libjson-c.so.2.0.0
7fa4feac4000-7fa4fecc3000 ---p 0000a000 08:02 13635730                   /lib/x86_64-linux-gnu/libjson-c.so.2.0.0
7fa4fecc3000-7fa4fecc4000 r--p 00009000 08:02 13635730                   /lib/x86_64-linux-gnu/libjson-c.so.2.0.0
7fa4fecc4000-7fa4fecc5000 rw-p 0000a000 08:02 13635730                   /lib/x86_64-linux-gnu/libjson-c.so.2.0.0
7fa4fecc5000-7fa4fed0c000 r-xp 00000000 08:02 6562296                    /usr/lib/x86_64-linux-gnu/libpulse.so.0.16.2
7fa4fed0c000-7fa4fef0c000 ---p 00047000 08:02 6562296                    /usr/lib/x86_64-linux-gnu/libpulse.so.0.16.2
7fa4fef0c000-7fa4fef0d000 r--p 00047000 08:02 6562296                    /usr/lib/x86_64-linux-gnu/libpulse.so.0.16.2
7fa4fef0d000-7fa4fef0e000 rw-p 00048000 08:02 6562296                    /usr/lib/x86_64-linux-gnu/libpulse.so.0.16.2
7fa4fef0e000-7fa4fef11000 ---p 00000000 00:00 0 
7fa4fef11000-7fa4ff00f000 rw-p 00000000 00:00 0                          [stack:8431]
7fa4ff00f000-7fa4ff012000 ---p 00000000 00:00 0 
7fa4ff012000-7fa4ff110000 rw-p 00000000 00:00 0                          [stack:8426]
7fa4ff110000-7fa4ff1f9000 r-xp 00000000 08:02 6561590                    /usr/lib/x86_64-linux-gnu/libasound.so.2.0.0
7fa4ff1f9000-7fa4ff3f8000 ---p 000e9000 08:02 6561590                    /usr/lib/x86_64-linux-gnu/libasound.so.2.0.0
7fa4ff3f8000-7fa4ff3ff000 r--p 000e8000 08:02 6561590                    /usr/lib/x86_64-linux-gnu/libasound.so.2.0.0
7fa4ff3ff000-7fa4ff400000 rw-p 000ef000 08:02 6561590                    /usr/lib/x86_64-linux-gnu/libasound.so.2.0.0
7fa4ff400000-7fa4ff40f000 r-xp 00000000 08:02 8012164                    /usr/bin/processing-3.0/java/lib/amd64/libjsoundalsa.so
7fa4ff40f000-7fa4ff60e000 ---p 0000f000 08:02 8012164                    /usr/bin/processing-3.0/java/lib/amd64/libjsoundalsa.so
7fa4ff60e000-7fa4ff60f000 rw-p 0000e000 08:02 8012164                    /usr/bin/processing-3.0/java/lib/amd64/libjsoundalsa.so
7fa4ff60f000-7fa4ff610000 r-xp 00000000 08:02 8012181                    /usr/bin/processing-3.0/java/lib/amd64/libjsound.so
7fa4ff610000-7fa4ff80f000 ---p 00001000 08:02 8012181                    /usr/bin/processing-3.0/java/lib/amd64/libjsound.so
7fa4ff80f000-7fa4ff810000 rw-p 00000000 08:02 8012181                    /usr/bin/processing-3.0/java/lib/amd64/libjsound.so
7fa4ff810000-7fa4ff8b0000 rw-s 1d3df7000 00:06 10208                     /dev/dri/card0
7fa4ff8b0000-7fa4ff8b3000 ---p 00000000 00:00 0 
7fa4ff8b3000-7fa4ffbb1000 rw-p 00000000 00:00 0 
7fa4ffbb1000-7fa4ffbf5000 r-xp 00000000 08:02 13635704                   /lib/x86_64-linux-gnu/libdbus-1.so.3.7.6
7fa4ffbf5000-7fa4ffdf4000 ---p 00044000 08:02 13635704                   /lib/x86_64-linux-gnu/libdbus-1.so.3.7.6
7fa4ffdf4000-7fa4ffdf5000 r--p 00043000 08:02 13635704                   /lib/x86_64-linux-gnu/libdbus-1.so.3.7.6
7fa4ffdf5000-7fa4ffdf6000 rw-p 00044000 08:02 13635704                   /lib/x86_64-linux-gnu/libdbus-1.so.3.7.6
7fa4ffdf6000-7fa4ffdfe000 r-xp 00000000 08:02 13635752                   /lib/x86_64-linux-gnu/libnih-dbus.so.1.0.0
7fa4ffdfe000-7fa4ffffe000 ---p 00008000 08:02 13635752                   /lib/x86_64-linux-gnu/libnih-dbus.so.1.0.0
7fa4ffffe000-7fa4fffff000 r--p 00008000 08:02 13635752                   /lib/x86_64-linux-gnu/libnih-dbus.so.1.0.0
7fa4fffff000-7fa500000000 rw-p 00009000 08:02 13635752                   /lib/x86_64-linux-gnu/libnih-dbus.so.1.0.0
7fa500000000-7fa502ded000 rw-p 00000000 00:00 0 
7fa502ded000-7fa504000000 ---p 00000000 00:00 0 
7fa504000000-7fa50474d000 rw-p 00000000 00:00 0 
7fa50474d000-7fa508000000 ---p 00000000 00:00 0 
7fa50800a000-7fa50800d000 ---p 00000000 00:00 0 
7fa50800d000-7fa50810b000 rw-p 00000000 00:00 0                          [stack:8412]
7fa50810b000-7fa508122000 r-xp 00000000 08:02 13635754                   /lib/x86_64-linux-gnu/libnih.so.1.0.0
7fa508122000-7fa508321000 ---p 00017000 08:02 13635754                   /lib/x86_64-linux-gnu/libnih.so.1.0.0
7fa508321000-7fa508322000 r--p 00016000 08:02 13635754                   /lib/x86_64-linux-gnu/libnih.so.1.0.0
7fa508322000-7fa508323000 rw-p 00017000 08:02 13635754                   /lib/x86_64-linux-gnu/libnih.so.1.0.0
7fa508323000-7fa50833c000 r-xp 00000000 08:02 13635695                   /lib/x86_64-linux-gnu/libcgmanager.so.0.0.0
7fa50833c000-7fa50853b000 ---p 00019000 08:02 13635695                   /lib/x86_64-linux-gnu/libcgmanager.so.0.0.0
7fa50853b000-7fa50853d000 r--p 00018000 08:02 13635695                   /lib/x86_64-linux-gnu/libcgmanager.so.0.0.0
7fa50853d000-7fa50853e000 rw-p 0001a000 08:02 13635695                   /lib/x86_64-linux-gnu/libcgmanager.so.0.0.0
7fa50853e000-7fa50854e000 r-xp 00000000 08:02 13635838                   /lib/x86_64-linux-gnu/libudev.so.1.3.5
7fa50854e000-7fa50874d000 ---p 00010000 08:02 13635838                   /lib/x86_64-linux-gnu/libudev.so.1.3.5
7fa50874d000-7fa50874e000 r--p 0000f000 08:02 13635838                   /lib/x86_64-linux-gnu/libudev.so.1.3.5
7fa50874e000-7fa50874f000 rw-p 00010000 08:02 13635838                   /lib/x86_64-linux-gnu/libudev.so.1.3.5
7fa50874f000-7fa508786000 r-xp 00000000 08:02 6562454                    /usr/lib/x86_64-linux-gnu/libtxc_dxtn_s2tc.so.0.0.0
7fa508786000-7fa508985000 ---p 00037000 08:02 6562454                    /usr/lib/x86_64-linux-gnu/libtxc_dxtn_s2tc.so.0.0.0
7fa508985000-7fa508986000 r--p 00036000 08:02 6562454                    /usr/lib/x86_64-linux-gnu/libtxc_dxtn_s2tc.so.0.0.0
7fa508986000-7fa508987000 rw-p 00037000 08:02 6562454                    /usr/lib/x86_64-linux-gnu/libtxc_dxtn_s2tc.so.0.0.0
7fa508987000-7fa50899f000 r-xp 00000000 08:02 13635853                   /lib/x86_64-linux-gnu/libz.so.1.2.8
7fa50899f000-7fa508b9e000 ---p 00018000 08:02 13635853                   /lib/x86_64-linux-gnu/libz.so.1.2.8
7fa508b9e000-7fa508b9f000 r--p 00017000 08:02 13635853                   /lib/x86_64-linux-gnu/libz.so.1.2.8
7fa508b9f000-7fa508ba0000 rw-p 00018000 08:02 13635853                   /lib/x86_64-linux-gnu/libz.so.1.2.8
7fa508ba0000-7fa508ba8000 r-xp 00000000 08:02 6562259                    /usr/lib/x86_64-linux-gnu/libpciaccess.so.0.11.1
7fa508ba8000-7fa508da7000 ---p 00008000 08:02 6562259                    /usr/lib/x86_64-linux-gnu/libpciaccess.so.0.11.1
7fa508da7000-7fa508da8000 r--p 00007000 08:02 6562259                    /usr/lib/x86_64-linux-gnu/libpciaccess.so.0.11.1
7fa508da8000-7fa508da9000 rw-p 00008000 08:02 6562259                    /usr/lib/x86_64-linux-gnu/libpciaccess.so.0.11.1
7fa508da9000-7fa508e8f000 r-xp 00000000 08:02 6562412                    /usr/lib/x86_64-linux-gnu/libstdc++.so.6.0.19
7fa508e8f000-7fa50908e000 ---p 000e6000 08:02 6562412                    /usr/lib/x86_64-linux-gnu/libstdc++.so.6.0.19
7fa50908e000-7fa509096000 r--p 000e5000 08:02 6562412                    /usr/lib/x86_64-linux-gnu/libstdc++.so.6.0.19
7fa509096000-7fa509098000 rw-p 000ed000 08:02 6562412                    /usr/lib/x86_64-linux-gnu/libstdc++.so.6.0.19
7fa509098000-7fa5090ad000 rw-p 00000000 00:00 0 
7fa5090ad000-7fa5090b9000 r-xp 00000000 08:02 6561756                    /usr/lib/x86_64-linux-gnu/libdrm_radeon.so.1.0.1
7fa5090b9000-7fa5092b8000 ---p 0000c000 08:02 6561756                    /usr/lib/x86_64-linux-gnu/libdrm_radeon.so.1.0.1
7fa5092b8000-7fa5092b9000 r--p 0000b000 08:02 6561756                    /usr/lib/x86_64-linux-gnu/libdrm_radeon.so.1.0.1
7fa5092b9000-7fa5092ba000 rw-p 0000c000 08:02 6561756                    /usr/lib/x86_64-linux-gnu/libdrm_radeon.so.1.0.1
7fa5092ba000-7fa5092c0000 r-xp 00000000 08:02 6561754                    /usr/lib/x86_64-linux-gnu/libdrm_nouveau.so.2.0.0
7fa5092c0000-7fa5094bf000 ---p 00006000 08:02 6561754                    /usr/lib/x86_64-linux-gnu/libdrm_nouveau.so.2.0.0
7fa5094bf000-7fa5094c0000 r--p 00005000 08:02 6561754                    /usr/lib/x86_64-linux-gnu/libdrm_nouveau.so.2.0.0
7fa5094c0000-7fa5094c1000 rw-p 00006000 08:02 6561754                    /usr/lib/x86_64-linux-gnu/libdrm_nouveau.so.2.0.0
7fa5094c1000-7fa5094e1000 r-xp 00000000 08:02 6561752                    /usr/lib/x86_64-linux-gnu/libdrm_intel.so.1.0.0
7fa5094e1000-7fa5096e0000 ---p 00020000 08:02 6561752                    /usr/lib/x86_64-linux-gnu/libdrm_intel.so.1.0.0
7fa5096e0000-7fa5096e1000 r--p 0001f000 08:02 6561752                    /usr/lib/x86_64-linux-gnu/libdrm_intel.so.1.0.0
7fa5096e1000-7fa5096e2000 rw-p 00020000 08:02 6561752                    /usr/lib/x86_64-linux-gnu/libdrm_intel.so.1.0.0
7fa5096e2000-7fa509c36000 r-xp 00000000 08:02 6947244                    /usr/lib/x86_64-linux-gnu/dri/i965_dri.so
7fa509c36000-7fa509e36000 ---p 00554000 08:02 6947244                    /usr/lib/x86_64-linux-gnu/dri/i965_dri.so
7fa509e36000-7fa509e57000 r--p 00554000 08:02 6947244                    /usr/lib/x86_64-linux-gnu/dri/i965_dri.so
7fa509e57000-7fa509e5e000 rw-p 00575000 08:02 6947244                    /usr/lib/x86_64-linux-gnu/dri/i965_dri.so
7fa509e5e000-7fa509e65000 rw-p 00000000 00:00 0 
7fa509e65000-7fa509e68000 ---p 00000000 00:00 0 
7fa509e68000-7fa509f66000 rw-p 00000000 00:00 0                          [stack:8411]
7fa509f66000-7fa509fbf000 r-xp 00000000 08:02 4461996                    /tmp/jogamp_0000/file_cache/jln2337482549810950670/jln8143949584057442536/libjogl_mobile.so
7fa509fbf000-7fa50a1bf000 ---p 00059000 08:02 4461996                    /tmp/jogamp_0000/file_cache/jln2337482549810950670/jln8143949584057442536/libjogl_mobile.so
7fa50a1bf000-7fa50a1c0000 rw-p 00059000 08:02 4461996                    /tmp/jogamp_0000/file_cache/jln2337482549810950670/jln8143949584057442536/libjogl_mobile.so
7fa50a1c0000-7fa50a1c7000 r-xp 00000000 08:02 6561790                    /usr/lib/x86_64-linux-gnu/libffi.so.6.0.1
7fa50a1c7000-7fa50a3c6000 ---p 00007000 08:02 6561790                    /usr/lib/x86_64-linux-gnu/libffi.so.6.0.1
7fa50a3c6000-7fa50a3c7000 r--p 00006000 08:02 6561790                    /usr/lib/x86_64-linux-gnu/libffi.so.6.0.1
7fa50a3c7000-7fa50a3c8000 rw-p 00007000 08:02 6561790                    /usr/lib/x86_64-linux-gnu/libffi.so.6.0.1
7fa50a3c8000-7fa50a3d4000 r-xp 00000000 08:02 6561843                    /usr/lib/x86_64-linux-gnu/libgbm.so.1.0.0
7fa50a3d4000-7fa50a5d4000 ---p 0000c000 08:02 6561843                    /usr/lib/x86_64-linux-gnu/libgbm.so.1.0.0
7fa50a5d4000-7fa50a5d5000 r--p 0000c000 08:02 6561843                    /usr/lib/x86_64-linux-gnu/libgbm.so.1.0.0
7fa50a5d5000-7fa50a5d6000 rw-p 0000d000 08:02 6561843                    /usr/lib/x86_64-linux-gnu/libgbm.so.1.0.0
7fa50a5d6000-7fa50a5e5000 r-xp 00000000 08:02 6562520                    /usr/lib/x86_64-linux-gnu/libwayland-server.so.0.1.0
7fa50a5e5000-7fa50a7e4000 ---p 0000f000 08:02 6562520                    /usr/lib/x86_64-linux-gnu/libwayland-server.so.0.1.0
7fa50a7e4000-7fa50a7e6000 r--p 0000e000 08:02 6562520                    /usr/lib/x86_64-linux-gnu/libwayland-server.so.0.1.0
7fa50a7e6000-7fa50a7e7000 rw-p 00010000 08:02 6562520                    /usr/lib/x86_64-linux-gnu/libwayland-server.so.0.1.0
7fa50a7e7000-7fa50a7f2000 r-xp 00000000 08:02 6562514                    /usr/lib/x86_64-linux-gnu/libwayland-client.so.0.2.0
7fa50a7f2000-7fa50a9f1000 ---p 0000b000 08:02 6562514                    /usr/lib/x86_64-linux-gnu/libwayland-client.so.0.2.0
7fa50a9f1000-7fa50a9f3000 r--p 0000a000 08:02 6562514                    /usr/lib/x86_64-linux-gnu/libwayland-client.so.0.2.0
7fa50a9f3000-7fa50a9f4000 rw-p 0000c000 08:02 6562514                    /usr/lib/x86_64-linux-gnu/libwayland-client.so.0.2.0
7fa50a9f4000-7fa50a9f9000 r-xp 00000000 08:02 6562570                    /usr/lib/x86_64-linux-gnu/libxcb-xfixes.so.0.0.0
7fa50a9f9000-7fa50abf9000 ---p 00005000 08:02 6562570                    /usr/lib/x86_64-linux-gnu/libxcb-xfixes.so.0.0.0
7fa50abf9000-7fa50abfa000 r--p 00005000 08:02 6562570                    /usr/lib/x86_64-linux-gnu/libxcb-xfixes.so.0.0.0
7fa50abfa000-7fa50abfb000 rw-p 00006000 08:02 6562570                    /usr/lib/x86_64-linux-gnu/libxcb-xfixes.so.0.0.0
7fa50abfb000-7fa50ac22000 r-xp 00000000 08:02 6948353                    /usr/lib/x86_64-linux-gnu/mesa-egl/libEGL.so.1.0.0
7fa50ac22000-7fa50ae22000 ---p 00027000 08:02 6948353                    /usr/lib/x86_64-linux-gnu/mesa-egl/libEGL.so.1.0.0
7fa50ae22000-7fa50ae23000 r--p 00027000 08:02 6948353                    /usr/lib/x86_64-linux-gnu/mesa-egl/libEGL.so.1.0.0
7fa50ae23000-7fa50ae24000 rw-p 00028000 08:02 6948353                    /usr/lib/x86_64-linux-gnu/mesa-egl/libEGL.so.1.0.0
7fa50ae24000-7fa50ae25000 rw-p 00000000 00:00 0 
7fa50ae25000-7fa50ae2b000 r-xp 00000000 08:02 6948357                    /usr/lib/x86_64-linux-gnu/mesa-egl/libGLESv2.so.2.0.0
7fa50ae2b000-7fa50b02a000 ---p 00006000 08:02 6948357                    /usr/lib/x86_64-linux-gnu/mesa-egl/libGLESv2.so.2.0.0
7fa50b02a000-7fa50b02b000 r--p 00005000 08:02 6948357                    /usr/lib/x86_64-linux-gnu/mesa-egl/libGLESv2.so.2.0.0
7fa50b02b000-7fa50b02c000 rw-p 00006000 08:02 6948357                    /usr/lib/x86_64-linux-gnu/mesa-egl/libGLESv2.so.2.0.0
7fa50b02c000-7fa50b02f000 ---p 00000000 00:00 0 
7fa50b02f000-7fa50b12d000 rw-p 00000000 00:00 0                          [stack:8410]
7fa50b12d000-7fa50b1e0000 r-xp 00000000 08:02 4461995                    /tmp/jogamp_0000/file_cache/jln2337482549810950670/jln8143949584057442536/libjogl_desktop.so
7fa50b1e0000-7fa50b3e0000 ---p 000b3000 08:02 4461995                    /tmp/jogamp_0000/file_cache/jln2337482549810950670/jln8143949584057442536/libjogl_desktop.so
7fa50b3e0000-7fa50b3e1000 rw-p 000b3000 08:02 4461995                    /tmp/jogamp_0000/file_cache/jln2337482549810950670/jln8143949584057442536/libjogl_desktop.so
7fa50b3e1000-7fa50b3ec000 r-xp 00000000 08:02 6561750                    /usr/lib/x86_64-linux-gnu/libdrm.so.2.4.0
7fa50b3ec000-7fa50b5eb000 ---p 0000b000 08:02 6561750                    /usr/lib/x86_64-linux-gnu/libdrm.so.2.4.0
7fa50b5eb000-7fa50b5ec000 r--p 0000a000 08:02 6561750                    /usr/lib/x86_64-linux-gnu/libdrm.so.2.4.0
7fa50b5ec000-7fa50b5ed000 rw-p 0000b000 08:02 6561750                    /usr/lib/x86_64-linux-gnu/libdrm.so.2.4.0
7fa50b5ed000-7fa50b5ee000 r-xp 00000000 08:02 6562584                    /usr/lib/x86_64-linux-gnu/libxshmfence.so.1.0.0
7fa50b5ee000-7fa50b7ed000 ---p 00001000 08:02 6562584                    /usr/lib/x86_64-linux-gnu/libxshmfence.so.1.0.0
7fa50b7ed000-7fa50b7ee000 r--p 00000000 08:02 6562584                    /usr/lib/x86_64-linux-gnu/libxshmfence.so.1.0.0
7fa50b7ee000-7fa50b7ef000 rw-p 00001000 08:02 6562584                    /usr/lib/x86_64-linux-gnu/libxshmfence.so.1.0.0
7fa50b7ef000-7fa50b7f4000 r-xp 00000000 08:02 6562566                    /usr/lib/x86_64-linux-gnu/libxcb-sync.so.1.0.0
7fa50b7f4000-7fa50b9f3000 ---p 00005000 08:02 6562566                    /usr/lib/x86_64-linux-gnu/libxcb-sync.so.1.0.0
7fa50b9f3000-7fa50b9f4000 r--p 00004000 08:02 6562566                    /usr/lib/x86_64-linux-gnu/libxcb-sync.so.1.0.0
7fa50b9f4000-7fa50b9f5000 rw-p 00005000 08:02 6562566                    /usr/lib/x86_64-linux-gnu/libxcb-sync.so.1.0.0
7fa50b9f5000-7fa50b9f7000 r-xp 00000000 08:02 6562554                    /usr/lib/x86_64-linux-gnu/libxcb-present.so.0.0.0
7fa50b9f7000-7fa50bbf6000 ---p 00002000 08:02 6562554                    /usr/lib/x86_64-linux-gnu/libxcb-present.so.0.0.0
7fa50bbf6000-7fa50bbf7000 r--p 00001000 08:02 6562554                    /usr/lib/x86_64-linux-gnu/libxcb-present.so.0.0.0
7fa50bbf7000-7fa50bbf8000 rw-p 00002000 08:02 6562554                    /usr/lib/x86_64-linux-gnu/libxcb-present.so.0.0.0
7fa50bbf8000-7fa50bbfa000 r-xp 00000000 08:02 6562544                    /usr/lib/x86_64-linux-gnu/libxcb-dri3.so.0.0.0
7fa50bbfa000-7fa50bdf9000 ---p 00002000 08:02 6562544                    /usr/lib/x86_64-linux-gnu/libxcb-dri3.so.0.0.0
7fa50bdf9000-7fa50bdfa000 r--p 00001000 08:02 6562544                    /usr/lib/x86_64-linux-gnu/libxcb-dri3.so.0.0.0
7fa50bdfa000-7fa50bdfb000 rw-p 00002000 08:02 6562544                    /usr/lib/x86_64-linux-gnu/libxcb-dri3.so.0.0.0
7fa50bdfb000-7fa50bdfe000 r-xp 00000000 08:02 6562542                    /usr/lib/x86_64-linux-gnu/libxcb-dri2.so.0.0.0
7fa50bdfe000-7fa50bffe000 ---p 00003000 08:02 6562542                    /usr/lib/x86_64-linux-gnu/libxcb-dri2.so.0.0.0
7fa50bffe000-7fa50bfff000 r--p 00003000 08:02 6562542                    /usr/lib/x86_64-linux-gnu/libxcb-dri2.so.0.0.0
7fa50bfff000-7fa50c000000 rw-p 00004000 08:02 6562542                    /usr/lib/x86_64-linux-gnu/libxcb-dri2.so.0.0.0
7fa50c000000-7fa50c021000 rw-p 00000000 00:00 0 
7fa50c021000-7fa510000000 ---p 00000000 00:00 0 
7fa510000000-7fa510021000 rw-p 00000000 00:00 0 
7fa510021000-7fa514000000 ---p 00000000 00:00 0 
7fa514000000-7fa514021000 rw-p 00000000 00:00 0 
7fa514021000-7fa518000000 ---p 00000000 00:00 0 
7fa518000000-7fa518021000 rw-p 00000000 00:00 0 
7fa518021000-7fa51c000000 ---p 00000000 00:00 0 
7fa51c000000-7fa51c021000 rw-p 00000000 00:00 0 
7fa51c021000-7fa520000000 ---p 00000000 00:00 0 
7fa520000000-7fa520021000 rw-p 00000000 00:00 0 
7fa520021000-7fa524000000 ---p 00000000 00:00 0 
7fa52401a000-7fa52401b000 rw-p 00000000 00:00 0 
7fa52401b000-7fa524023000 rw-s 00000000 00:05 141963                     /drm mm object (deleted)
7fa524023000-7fa52402a000 r--s 00000000 08:02 6947811                    /usr/lib/x86_64-linux-gnu/gconv/gconv-modules.cache
7fa52402a000-7fa52403d000 r--s 00344000 08:02 6695996                    /usr/bin/processing-3.0/java/lib/resources.jar
7fa52403d000-7fa524045000 rw-s 00000000 00:05 141846                     /drm mm object (deleted)
7fa524045000-7fa52404d000 rw-s 00000000 00:05 139042                     /drm mm object (deleted)
7fa52404d000-7fa524055000 rw-s 00000000 00:05 141861                     /drm mm object (deleted)
7fa524055000-7fa52405d000 rw-s 00000000 00:05 139031                     /drm mm object (deleted)
7fa52405d000-7fa524072000 r-xp 00000000 08:02 6562546                    /usr/lib/x86_64-linux-gnu/libxcb-glx.so.0.0.0
7fa524072000-7fa524271000 ---p 00015000 08:02 6562546                    /usr/lib/x86_64-linux-gnu/libxcb-glx.so.0.0.0
7fa524271000-7fa524273000 r--p 00014000 08:02 6562546                    /usr/lib/x86_64-linux-gnu/libxcb-glx.so.0.0.0
7fa524273000-7fa524274000 rw-p 00016000 08:02 6562546                    /usr/lib/x86_64-linux-gnu/libxcb-glx.so.0.0.0
7fa524274000-7fa524275000 r-xp 00000000 08:02 6561502                    /usr/lib/x86_64-linux-gnu/libX11-xcb.so.1.0.0
7fa524275000-7fa524474000 ---p 00001000 08:02 6561502                    /usr/lib/x86_64-linux-gnu/libX11-xcb.so.1.0.0
7fa524474000-7fa524475000 r--p 00000000 08:02 6561502                    /usr/lib/x86_64-linux-gnu/libX11-xcb.so.1.0.0
7fa524475000-7fa524476000 rw-p 00001000 08:02 6561502                    /usr/lib/x86_64-linux-gnu/libX11-xcb.so.1.0.0
7fa524476000-7fa524478000 r-xp 00000000 08:02 6561517                    /usr/lib/x86_64-linux-gnu/libXdamage.so.1.1.0
7fa524478000-7fa524677000 ---p 00002000 08:02 6561517                    /usr/lib/x86_64-linux-gnu/libXdamage.so.1.1.0
7fa524677000-7fa524678000 r--p 00001000 08:02 6561517                    /usr/lib/x86_64-linux-gnu/libXdamage.so.1.1.0
7fa524678000-7fa524679000 rw-p 00002000 08:02 6561517                    /usr/lib/x86_64-linux-gnu/libXdamage.so.1.1.0
7fa524679000-7fa52469e000 r-xp 00000000 08:02 6561895                    /usr/lib/x86_64-linux-gnu/libglapi.so.0.0.0
7fa52469e000-7fa52489e000 ---p 00025000 08:02 6561895                    /usr/lib/x86_64-linux-gnu/libglapi.so.0.0.0
7fa52489e000-7fa5248a1000 r--p 00025000 08:02 6561895                    /usr/lib/x86_64-linux-gnu/libglapi.so.0.0.0
7fa5248a1000-7fa5248a2000 rw-p 00028000 08:02 6561895                    /usr/lib/x86_64-linux-gnu/libglapi.so.0.0.0
7fa5248a2000-7fa5248a3000 rw-p 00000000 00:00 0 
7fa5248a3000-7fa5248ca000 r-xp 00000000 08:02 13637323                   /lib/x86_64-linux-gnu/libexpat.so.1.6.0
7fa5248ca000-7fa524aca000 ---p 00027000 08:02 13637323                   /lib/x86_64-linux-gnu/libexpat.so.1.6.0
7fa524aca000-7fa524acc000 r--p 00027000 08:02 13637323                   /lib/x86_64-linux-gnu/libexpat.so.1.6.0
7fa524acc000-7fa524acd000 rw-p 00029000 08:02 13637323                   /lib/x86_64-linux-gnu/libexpat.so.1.6.0
7fa524acd000-7fa524b5b000 r-xp 00000000 08:02 6948350                    /usr/lib/x86_64-linux-gnu/mesa/libGL.so.1.2.0
7fa524b5b000-7fa524d5a000 ---p 0008e000 08:02 6948350                    /usr/lib/x86_64-linux-gnu/mesa/libGL.so.1.2.0
7fa524d5a000-7fa524d5d000 r--p 0008d000 08:02 6948350                    /usr/lib/x86_64-linux-gnu/mesa/libGL.so.1.2.0
7fa524d5d000-7fa524d5e000 rw-p 00090000 08:02 6948350                    /usr/lib/x86_64-linux-gnu/mesa/libGL.so.1.2.0
7fa524d5e000-7fa524f5f000 rw-p 00000000 00:00 0 
7fa524f5f000-7fa524f61000 r-xp 00000000 08:02 6561531                    /usr/lib/x86_64-linux-gnu/libXinerama.so.1.0.0
7fa524f61000-7fa525160000 ---p 00002000 08:02 6561531                    /usr/lib/x86_64-linux-gnu/libXinerama.so.1.0.0
7fa525160000-7fa525161000 r--p 00001000 08:02 6561531                    /usr/lib/x86_64-linux-gnu/libXinerama.so.1.0.0
7fa525161000-7fa525162000 rw-p 00002000 08:02 6561531                    /usr/lib/x86_64-linux-gnu/libXinerama.so.1.0.0
7fa525162000-7fa525165000 ---p 00000000 00:00 0 
7fa525165000-7fa525713000 rw-p 00000000 00:00 0                          [stack:8409]
7fa525713000-7fa525722000 r-xp 00000000 08:02 4461999                    /tmp/jogamp_0000/file_cache/jln2337482549810950670/jln8143949584057442536/libnewt.so
7fa525722000-7fa525921000 ---p 0000f000 08:02 4461999                    /tmp/jogamp_0000/file_cache/jln2337482549810950670/jln8143949584057442536/libnewt.so
7fa525921000-7fa525922000 rw-p 0000e000 08:02 4461999                    /tmp/jogamp_0000/file_cache/jln2337482549810950670/jln8143949584057442536/libnewt.so
7fa525922000-7fa525929000 r-xp 00000000 08:02 4461998                    /tmp/jogamp_0000/file_cache/jln2337482549810950670/jln8143949584057442536/libnativewindow_x11.so
7fa525929000-7fa525b28000 ---p 00007000 08:02 4461998                    /tmp/jogamp_0000/file_cache/jln2337482549810950670/jln8143949584057442536/libnativewindow_x11.so
7fa525b28000-7fa525b29000 rw-p 00006000 08:02 4461998                    /tmp/jogamp_0000/file_cache/jln2337482549810950670/jln8143949584057442536/libnativewindow_x11.so
7fa525b29000-7fa525b2c000 ---p 00000000 00:00 0 
7fa525b2c000-7fa525c2a000 rw-p 00000000 00:00 0 
7fa525c2a000-7fa525c2e000 r-xp 00000000 08:02 6561559                    /usr/lib/x86_64-linux-gnu/libXxf86vm.so.1.0.0
7fa525c2e000-7fa525e2e000 ---p 00004000 08:02 6561559                    /usr/lib/x86_64-linux-gnu/libXxf86vm.so.1.0.0
7fa525e2e000-7fa525e2f000 r--p 00004000 08:02 6561559                    /usr/lib/x86_64-linux-gnu/libXxf86vm.so.1.0.0
7fa525e2f000-7fa525e30000 rw-p 00005000 08:02 6561559                    /usr/lib/x86_64-linux-gnu/libXxf86vm.so.1.0.0
7fa525e30000-7fa525e32000 rw-s 1d3e98000 00:06 10208                     /dev/dri/card0
7fa525e32000-7fa525e33000 rw-s 1d3e97000 00:06 10208                     /dev/dri/card0
7fa525e33000-7fa525e34000 rw-s 81000000 00:06 94744                      /dev/snd/pcmC2D0p
7fa525e34000-7fa525e35000 r--s 80000000 00:06 94744                      /dev/snd/pcmC2D0p
7fa525e35000-7fa525e36000 rw-s 1d3df6000 00:06 10208                     /dev/dri/card0
7fa525e36000-7fa525e37000 rw-s 1d3df5000 00:06 10208                     /dev/dri/card0
7fa525e37000-7fa525e38000 rwxp 00000000 00:00 0 
7fa525e38000-7fa525e40000 rw-s 00000000 00:05 137924                     /drm mm object (deleted)
7fa525e40000-7fa525e48000 rw-s 00000000 00:05 137964                     /drm mm object (deleted)
7fa525e48000-7fa525e49000 rw-s 1d3df4000 00:06 10208                     /dev/dri/card0
7fa525e49000-7fa525e51000 rw-s 00000000 00:05 137913                     /drm mm object (deleted)
7fa525e51000-7fa525e53000 r-xp 00000000 08:02 4461997                    /tmp/jogamp_0000/file_cache/jln2337482549810950670/jln8143949584057442536/libnativewindow_awt.so
7fa525e53000-7fa526052000 ---p 00002000 08:02 4461997                    /tmp/jogamp_0000/file_cache/jln2337482549810950670/jln8143949584057442536/libnativewindow_awt.so
7fa526052000-7fa526053000 rw-p 00001000 08:02 4461997                    /tmp/jogamp_0000/file_cache/jln2337482549810950670/jln8143949584057442536/libnativewindow_awt.so
7fa526053000-7fa526054000 r-xp 00000000 08:02 8012156                    /usr/bin/processing-3.0/java/lib/amd64/libjawt.so
7fa526054000-7fa526253000 ---p 00001000 08:02 8012156                    /usr/bin/processing-3.0/java/lib/amd64/libjawt.so
7fa526253000-7fa526254000 rw-p 00000000 08:02 8012156                    /usr/bin/processing-3.0/java/lib/amd64/libjawt.so
7fa526254000-7fa526256000 r-xp 00000000 08:02 4461994                    /tmp/jogamp_0000/file_cache/jln2337482549810950670/jln8143949584057442536/libgluegen-rt.so
7fa526256000-7fa526455000 ---p 00002000 08:02 4461994                    /tmp/jogamp_0000/file_cache/jln2337482549810950670/jln8143949584057442536/libgluegen-rt.so
7fa526455000-7fa526456000 rw-p 00001000 08:02 4461994                    /tmp/jogamp_0000/file_cache/jln2337482549810950670/jln8143949584057442536/libgluegen-rt.so
7fa526456000-7fa526459000 ---p 00000000 00:00 0 
7fa526459000-7fa526557000 rw-p 00000000 00:00 0 
7fa526557000-7fa526568000 r-xp 00000000 08:02 8012203                    /usr/bin/processing-3.0/java/lib/amd64/libnio.so
7fa526568000-7fa526767000 ---p 00011000 08:02 8012203                    /usr/bin/processing-3.0/java/lib/amd64/libnio.so
7fa526767000-7fa526768000 rw-p 00010000 08:02 8012203                    /usr/bin/processing-3.0/java/lib/amd64/libnio.so
7fa526768000-7fa52677e000 r-xp 00000000 08:02 8012151                    /usr/bin/processing-3.0/java/lib/amd64/libnet.so
7fa52677e000-7fa52697e000 ---p 00016000 08:02 8012151                    /usr/bin/processing-3.0/java/lib/amd64/libnet.so
7fa52697e000-7fa52697f000 rw-p 00016000 08:02 8012151                    /usr/bin/processing-3.0/java/lib/amd64/libnet.so
7fa52697f000-7fa526982000 ---p 00000000 00:00 0 
7fa526982000-7fa5269b8000 rw-p 00000000 00:00 0                          [stack:8402]
7fa5269b8000-7fa5269b9000 r--p 00000000 00:00 0 
7fa5269b9000-7fa5269bd000 r--s 00095000 08:02 6696012                    /usr/bin/processing-3.0/java/lib/jsse.jar
7fa5269bd000-7fa526bbd000 rw-p 00000000 00:00 0 
7fa526bbd000-7fa526bc0000 r--s 00041000 08:02 8014028                    /usr/bin/processing-3.0/modes/java/mode/org.netbeans.swing.outline.jar
7fa526bc0000-7fa526bc5000 r--s 00038000 08:02 8014038                    /usr/bin/processing-3.0/modes/java/mode/org.eclipse.text.jar
7fa526bc5000-7fa526bd9000 r--s 00121000 08:02 8014045                    /usr/bin/processing-3.0/modes/java/mode/org.eclipse.osgi.jar
7fa526bd9000-7fa526c11000 r--s 00515000 08:02 8014044                    /usr/bin/processing-3.0/modes/java/mode/org.eclipse.jdt.core.jar
7fa526c11000-7fa526c1c000 r--s 000c1000 08:02 8014040                    /usr/bin/processing-3.0/modes/java/mode/org.eclipse.core.resources.jar
7fa526c1c000-7fa526c25000 r-xp 00000000 08:02 6561541                    /usr/lib/x86_64-linux-gnu/libXrandr.so.2.2.0
7fa526c25000-7fa526e24000 ---p 00009000 08:02 6561541                    /usr/lib/x86_64-linux-gnu/libXrandr.so.2.2.0
7fa526e24000-7fa526e25000 r--p 00008000 08:02 6561541                    /usr/lib/x86_64-linux-gnu/libXrandr.so.2.2.0
7fa526e25000-7fa526e26000 rw-p 00009000 08:02 6561541                    /usr/lib/x86_64-linux-gnu/libXrandr.so.2.2.0
7fa526e26000-7fa526e29000 ---p 00000000 00:00 0 
7fa526e29000-7fa526f27000 rw-p 00000000 00:00 0                          [stack:8398]
7fa526f27000-7fa526f2c000 r-xp 00000000 08:02 6561523                    /usr/lib/x86_64-linux-gnu/libXfixes.so.3.1.0
7fa526f2c000-7fa52712b000 ---p 00005000 08:02 6561523                    /usr/lib/x86_64-linux-gnu/libXfixes.so.3.1.0
7fa52712b000-7fa52712c000 r--p 00004000 08:02 6561523                    /usr/lib/x86_64-linux-gnu/libXfixes.so.3.1.0
7fa52712c000-7fa52712d000 rw-p 00005000 08:02 6561523                    /usr/lib/x86_64-linux-gnu/libXfixes.so.3.1.0
7fa52712d000-7fa527136000 r-xp 00000000 08:02 6561515                    /usr/lib/x86_64-linux-gnu/libXcursor.so.1.0.2
7fa527136000-7fa527335000 ---p 00009000 08:02 6561515                    /usr/lib/x86_64-linux-gnu/libXcursor.so.1.0.2
7fa527335000-7fa527336000 r--p 00008000 08:02 6561515                    /usr/lib/x86_64-linux-gnu/libXcursor.so.1.0.2
7fa527336000-7fa527337000 rw-p 00009000 08:02 6561515                    /usr/lib/x86_64-linux-gnu/libXcursor.so.1.0.2
7fa527337000-7fa52734d000 r-xp 00000000 08:02 13635717                   /lib/x86_64-linux-gnu/libgcc_s.so.1
7fa52734d000-7fa52754c000 ---p 00016000 08:02 13635717                   /lib/x86_64-linux-gnu/libgcc_s.so.1
7fa52754c000-7fa52754d000 rw-p 00015000 08:02 13635717                   /lib/x86_64-linux-gnu/libgcc_s.so.1
7fa52754d000-7fa5275b3000 r-xp 00000000 08:02 8012146                    /usr/bin/processing-3.0/java/lib/amd64/libfontmanager.so
7fa5275b3000-7fa5277b2000 ---p 00066000 08:02 8012146                    /usr/bin/processing-3.0/java/lib/amd64/libfontmanager.so
7fa5277b2000-7fa5277b6000 rw-p 00065000 08:02 8012146                    /usr/bin/processing-3.0/java/lib/amd64/libfontmanager.so
7fa5277b6000-7fa5277c7000 rw-p 00000000 00:00 0 
7fa5277c7000-7fa5277cc000 r-xp 00000000 08:02 6561519                    /usr/lib/x86_64-linux-gnu/libXdmcp.so.6.0.0
7fa5277cc000-7fa5279cb000 ---p 00005000 08:02 6561519                    /usr/lib/x86_64-linux-gnu/libXdmcp.so.6.0.0
7fa5279cb000-7fa5279cc000 r--p 00004000 08:02 6561519                    /usr/lib/x86_64-linux-gnu/libXdmcp.so.6.0.0
7fa5279cc000-7fa5279cd000 rw-p 00005000 08:02 6561519                    /usr/lib/x86_64-linux-gnu/libXdmcp.so.6.0.0
7fa5279cd000-7fa5279cf000 r-xp 00000000 08:02 6561508                    /usr/lib/x86_64-linux-gnu/libXau.so.6.0.0
7fa5279cf000-7fa527bcf000 ---p 00002000 08:02 6561508                    /usr/lib/x86_64-linux-gnu/libXau.so.6.0.0
7fa527bcf000-7fa527bd0000 r--p 00002000 08:02 6561508                    /usr/lib/x86_64-linux-gnu/libXau.so.6.0.0
7fa527bd0000-7fa527bd1000 rw-p 00003000 08:02 6561508                    /usr/lib/x86_64-linux-gnu/libXau.so.6.0.0
7fa527bd1000-7fa527bee000 r-xp 00000000 08:02 6562574                    /usr/lib/x86_64-linux-gnu/libxcb.so.1.1.0
7fa527bee000-7fa527dee000 ---p 0001d000 08:02 6562574                    /usr/lib/x86_64-linux-gnu/libxcb.so.1.1.0
7fa527dee000-7fa527def000 r--p 0001d000 08:02 6562574                    /usr/lib/x86_64-linux-gnu/libxcb.so.1.1.0
7fa527def000-7fa527df0000 rw-p 0001e000 08:02 6562574                    /usr/lib/x86_64-linux-gnu/libxcb.so.1.1.0
7fa527df0000-7fa527dff000 r-xp 00000000 08:02 6561529                    /usr/lib/x86_64-linux-gnu/libXi.so.6.1.0
7fa527dff000-7fa527ffe000 ---p 0000f000 08:02 6561529                    /usr/lib/x86_64-linux-gnu/libXi.so.6.1.0
7fa527ffe000-7fa527fff000 r--p 0000e000 08:02 6561529                    /usr/lib/x86_64-linux-gnu/libXi.so.6.1.0
7fa527fff000-7fa528000000 rw-p 0000f000 08:02 6561529                    /usr/lib/x86_64-linux-gnu/libXi.so.6.1.0
7fa528000000-7fa528769000 rw-p 00000000 00:00 0 
7fa528769000-7fa52c000000 ---p 00000000 00:00 0 
7fa52c000000-7fa52c021000 rw-p 00000000 00:00 0 
7fa52c021000-7fa530000000 ---p 00000000 00:00 0 
7fa530000000-7fa530b87000 rw-p 00000000 00:00 0 
7fa530b87000-7fa534000000 ---p 00000000 00:00 0 
7fa534000000-7fa5353b8000 rw-p 00000000 00:00 0 
7fa5353b8000-7fa538000000 ---p 00000000 00:00 0 
7fa538000000-7fa538021000 rw-p 00000000 00:00 0 
7fa538021000-7fa53c000000 ---p 00000000 00:00 0 
7fa53c000000-7fa53c021000 rw-p 00000000 00:00 0 
7fa53c021000-7fa540000000 ---p 00000000 00:00 0 
7fa540000000-7fa540021000 rw-p 00000000 00:00 0 
7fa540021000-7fa544000000 ---p 00000000 00:00 0 
7fa544000000-7fa544021000 rw-p 00000000 00:00 0 
7fa544021000-7fa548000000 ---p 00000000 00:00 0 
7fa548000000-7fa548021000 rw-p 00000000 00:00 0 
7fa548021000-7fa54c000000 ---p 00000000 00:00 0 
7fa54c000000-7fa54c021000 rw-p 00000000 00:00 0 
7fa54c021000-7fa550000000 ---p 00000000 00:00 0 
7fa550000000-7fa550021000 rw-p 00000000 00:00 0 
7fa550021000-7fa554000000 ---p 00000000 00:00 0 
7fa554000000-7fa554021000 rw-p 00000000 00:00 0 
7fa554021000-7fa558000000 ---p 00000000 00:00 0 
7fa558000000-7fa558021000 rw-p 00000000 00:00 0 
7fa558021000-7fa55c000000 ---p 00000000 00:00 0 
7fa55c000000-7fa55c021000 rw-p 00000000 00:00 0 
7fa55c021000-7fa560000000 ---p 00000000 00:00 0 
7fa560000000-7fa560021000 rw-p 00000000 00:00 0 
7fa560021000-7fa564000000 ---p 00000000 00:00 0 
7fa564000000-7fa564003000 r--s 0001c000 08:02 8014042                    /usr/bin/processing-3.0/modes/java/mode/org.eclipse.equinox.preferences.jar
7fa564003000-7fa564006000 r--s 00018000 08:02 8014034                    /usr/bin/processing-3.0/modes/java/mode/org.eclipse.equinox.common.jar
7fa564006000-7fa564008000 r--s 00011000 08:02 8014037                    /usr/bin/processing-3.0/modes/java/mode/org.eclipse.core.runtime.jar
7fa564008000-7fa56400a000 r--s 00016000 08:02 8014027                    /usr/bin/processing-3.0/modes/java/mode/org.eclipse.core.jobs.jar
7fa56400a000-7fa56400c000 r--s 00015000 08:02 8014029                    /usr/bin/processing-3.0/modes/java/mode/org.eclipse.core.contenttype.jar
7fa56400c000-7fa564011000 r--s 0003f000 08:02 8014032                    /usr/bin/processing-3.0/modes/java/mode/jsoup-1.7.1.jar
7fa564011000-7fa56401e000 r--s 000cb000 08:02 8014036                    /usr/bin/processing-3.0/modes/java/mode/jdimodel.jar
7fa56401e000-7fa564022000 r--s 0000e000 08:02 8014030                    /usr/bin/processing-3.0/modes/java/mode/jdi.jar
7fa564022000-7fa564028000 r--s 0007d000 08:02 8014033                    /usr/bin/processing-3.0/modes/java/mode/JavaMode.jar
7fa564028000-7fa564083000 r--s 009e2000 08:02 8014039                    /usr/bin/processing-3.0/modes/java/mode/com.ibm.icu.jar
7fa564083000-7fa564088000 r--s 00068000 08:02 8014043                    /usr/bin/processing-3.0/modes/java/mode/antlr.jar
7fa564088000-7fa564092000 r--s 00097000 08:02 6695776                    /usr/bin/processing-3.0/lib/pde.jar
7fa564092000-7fa5640a6000 r--s 00127000 08:02 6695832                    /usr/bin/processing-3.0/lib/jna.jar
7fa5640a6000-7fa5640a8000 r--s 00002000 08:02 6695836                    /usr/bin/processing-3.0/lib/ant-launcher.jar
7fa5640a8000-7fa5640c6000 r--s 001bb000 08:02 6695851                    /usr/bin/processing-3.0/lib/ant.jar
7fa5640c6000-7fa5640c8000 r--s 00005000 08:02 4591938                    /home/akelly/sketchbook/libraries/minim/library/mp3spi1.9.5.jar
7fa5640c8000-7fa5640cc000 r--s 00040000 08:02 4591936                    /home/akelly/sketchbook/libraries/minim/library/jl1.0.1.jar
7fa5640cc000-7fa5640ef000 r--s 00308000 08:02 6569034                    /usr/bin/processing-3.0/core/library/jogl-all.jar
7fa5640ef000-7fa5640f2000 ---p 00000000 00:00 0 
7fa5640f2000-7fa5641f0000 rw-p 00000000 00:00 0                          [stack:8397]
7fa5641f0000-7fa5641f5000 r-xp 00000000 08:02 6561549                    /usr/lib/x86_64-linux-gnu/libXtst.so.6.1.0
7fa5641f5000-7fa5643f4000 ---p 00005000 08:02 6561549                    /usr/lib/x86_64-linux-gnu/libXtst.so.6.1.0
7fa5643f4000-7fa5643f5000 r--p 00004000 08:02 6561549                    /usr/lib/x86_64-linux-gnu/libXtst.so.6.1.0
7fa5643f5000-7fa5643f6000 rw-p 00005000 08:02 6561549                    /usr/lib/x86_64-linux-gnu/libXtst.so.6.1.0
7fa5643f6000-7fa5643ff000 r-xp 00000000 08:02 6561543                    /usr/lib/x86_64-linux-gnu/libXrender.so.1.3.0
7fa5643ff000-7fa5645fe000 ---p 00009000 08:02 6561543                    /usr/lib/x86_64-linux-gnu/libXrender.so.1.3.0
7fa5645fe000-7fa5645ff000 r--p 00008000 08:02 6561543                    /usr/lib/x86_64-linux-gnu/libXrender.so.1.3.0
7fa5645ff000-7fa564600000 rw-p 00009000 08:02 6561543                    /usr/lib/x86_64-linux-gnu/libXrender.so.1.3.0
7fa564600000-7fa564730000 r-xp 00000000 08:02 6561504                    /usr/lib/x86_64-linux-gnu/libX11.so.6.3.0
7fa564730000-7fa564930000 ---p 00130000 08:02 6561504                    /usr/lib/x86_64-linux-gnu/libX11.so.6.3.0
7fa564930000-7fa564931000 r--p 00130000 08:02 6561504                    /usr/lib/x86_64-linux-gnu/libX11.so.6.3.0
7fa564931000-7fa564935000 rw-p 00131000 08:02 6561504                    /usr/lib/x86_64-linux-gnu/libX11.so.6.3.0
7fa564935000-7fa564946000 r-xp 00000000 08:02 6561521                    /usr/lib/x86_64-linux-gnu/libXext.so.6.4.0
7fa564946000-7fa564b45000 ---p 00011000 08:02 6561521                    /usr/lib/x86_64-linux-gnu/libXext.so.6.4.0
7fa564b45000-7fa564b46000 r--p 00010000 08:02 6561521                    /usr/lib/x86_64-linux-gnu/libXext.so.6.4.0
7fa564b46000-7fa564b47000 rw-p 00011000 08:02 6561521                    /usr/lib/x86_64-linux-gnu/libXext.so.6.4.0
7fa564b47000-7fa564b48000 r--s 00003000 08:02 8014046                    /usr/bin/processing-3.0/modes/java/mode/jdtCompilerAdapter.jar
7fa564b48000-7fa564b4b000 r--s 00017000 08:02 4591933                    /home/akelly/sketchbook/libraries/minim/library/tritonus_share.jar
7fa564b4b000-7fa564b4e000 r--s 00016000 08:02 4591932                    /home/akelly/sketchbook/libraries/minim/library/minim.jar
7fa564b4e000-7fa564b68000 r--s 01689000 08:02 6569030                    /usr/bin/processing-3.0/core/library/jogl-java-src.zip
7fa564b68000-7fa564bbc000 r-xp 00000000 08:02 8012182                    /usr/bin/processing-3.0/java/lib/amd64/libawt_xawt.so
7fa564bbc000-7fa564dbc000 ---p 00054000 08:02 8012182                    /usr/bin/processing-3.0/java/lib/amd64/libawt_xawt.so
7fa564dbc000-7fa564dc0000 rw-p 00054000 08:02 8012182                    /usr/bin/processing-3.0/java/lib/amd64/libawt_xawt.so
7fa564dc0000-7fa564dc1000 rw-p 00000000 00:00 0 
7fa564dc1000-7fa564e63000 r-xp 00000000 08:02 8012174                    /usr/bin/processing-3.0/java/lib/amd64/libawt.so
7fa564e63000-7fa565063000 ---p 000a2000 08:02 8012174                    /usr/bin/processing-3.0/java/lib/amd64/libawt.so
7fa565063000-7fa56506f000 rw-p 000a2000 08:02 8012174                    /usr/bin/processing-3.0/java/lib/amd64/libawt.so
7fa56506f000-7fa565093000 rw-p 00000000 00:00 0 
7fa565093000-7fa565094000 ---p 00000000 00:00 0 
7fa565094000-7fa565194000 rw-p 00000000 00:00 0                          [stack:8396]
7fa565194000-7fa565197000 ---p 00000000 00:00 0 
7fa565197000-7fa565295000 rw-p 00000000 00:00 0                          [stack:8395]
7fa565295000-7fa565298000 ---p 00000000 00:00 0 
7fa565298000-7fa565396000 rw-p 00000000 00:00 0                          [stack:8394]
7fa565396000-7fa565399000 ---p 00000000 00:00 0 
7fa565399000-7fa565497000 rw-p 00000000 00:00 0                          [stack:8393]
7fa565497000-7fa56549a000 ---p 00000000 00:00 0 
7fa56549a000-7fa565598000 rw-p 00000000 00:00 0                          [stack:8392]
7fa565598000-7fa56559b000 ---p 00000000 00:00 0 
7fa56559b000-7fa565699000 rw-p 00000000 00:00 0                          [stack:8386]
7fa565699000-7fa56569c000 ---p 00000000 00:00 0 
7fa56569c000-7fa56579a000 rw-p 00000000 00:00 0                          [stack:8381]
7fa56579a000-7fa56579d000 ---p 00000000 00:00 0 
7fa56579d000-7fa56589b000 rw-p 00000000 00:00 0                          [stack:8380]
7fa56589b000-7fa56589f000 r-xp 00000000 08:02 8012175                    /usr/bin/processing-3.0/java/lib/amd64/libdt_socket.so
7fa56589f000-7fa565a9e000 ---p 00004000 08:02 8012175                    /usr/bin/processing-3.0/java/lib/amd64/libdt_socket.so
7fa565a9e000-7fa565a9f000 rw-p 00003000 08:02 8012175                    /usr/bin/processing-3.0/java/lib/amd64/libdt_socket.so
7fa565a9f000-7fa565aa2000 ---p 00000000 00:00 0 
7fa565aa2000-7fa565ba0000 rw-p 00000000 00:00 0                          [stack:8379]
7fa565ba0000-7fa565ba3000 ---p 00000000 00:00 0 
7fa565ba3000-7fa565ca1000 rw-p 00000000 00:00 0                          [stack:8378]
7fa565ca1000-7fa565ca4000 ---p 00000000 00:00 0 
7fa565ca4000-7fa565da2000 rw-p 00000000 00:00 0                          [stack:8377]
7fa565da2000-7fa565da3000 ---p 00000000 00:00 0 
7fa565da3000-7fa566e36000 rw-p 00000000 00:00 0                          [stack:8376]
7fa566e36000-7fa56700e000 r--s 03d0c000 08:02 6695974                    /usr/bin/processing-3.0/java/lib/rt.jar
7fa56700e000-7fa56fc45000 rw-p 00000000 00:00 0 
7fa56fc45000-7fa56fc46000 ---p 00000000 00:00 0 
7fa56fc46000-7fa56fd46000 rw-p 00000000 00:00 0                          [stack:8375]
7fa56fd46000-7fa56fd47000 ---p 00000000 00:00 0 
7fa56fd47000-7fa56fe47000 rw-p 00000000 00:00 0                          [stack:8374]
7fa56fe47000-7fa56fe48000 ---p 00000000 00:00 0 
7fa56fe48000-7fa56ff9c000 rw-p 00000000 00:00 0                          [stack:8373]
7fa56ff9c000-7fa570478000 ---p 00000000 00:00 0 
7fa570478000-7fa5704cc000 rw-p 00000000 00:00 0 
7fa5704cc000-7fa5709a7000 ---p 00000000 00:00 0 
7fa5709a7000-7fa570aa4000 rw-p 00000000 00:00 0 
7fa570aa4000-7fa570c3f000 ---p 00000000 00:00 0 
7fa570c3f000-7fa570c61000 rw-p 00000000 00:00 0 
7fa570c61000-7fa571000000 ---p 00000000 00:00 0 
7fa571000000-7fa571830000 rwxp 00000000 00:00 0 
7fa571830000-7fa580000000 ---p 00000000 00:00 0 
7fa580000000-7fa580823000 rw-p 00000000 00:00 0 
7fa580823000-7fa584000000 ---p 00000000 00:00 0 
7fa584000000-7fa584001000 r--s 00003000 08:02 8014035                    /usr/bin/processing-3.0/modes/java/mode/classpath-explorer-1.0.jar
7fa584001000-7fa584002000 r--s 0000b000 08:02 4591937                    /home/akelly/sketchbook/libraries/minim/library/jsminim.jar
7fa584002000-7fa58400a000 r--s 003d3000 08:02 6569026                    /usr/bin/processing-3.0/core/library/gluegen-java-src.zip
7fa58400a000-7fa5840f0000 rw-p 00000000 00:00 0 
7fa5840f0000-7fa5840f1000 ---p 00000000 00:00 0 
7fa5840f1000-7fa5841f1000 rw-p 00000000 00:00 0                          [stack:8372]
7fa5841f1000-7fa58420b000 r-xp 00000000 08:02 8012189                    /usr/bin/processing-3.0/java/lib/amd64/libzip.so
7fa58420b000-7fa58440b000 ---p 0001a000 08:02 8012189                    /usr/bin/processing-3.0/java/lib/amd64/libzip.so
7fa58440b000-7fa58440c000 rw-p 0001a000 08:02 8012189                    /usr/bin/processing-3.0/java/lib/amd64/libzip.so
7fa58440c000-7fa584417000 r-xp 00000000 08:02 13635765                   /lib/x86_64-linux-gnu/libnss_files-2.19.so
7fa584417000-7fa584616000 ---p 0000b000 08:02 13635765                   /lib/x86_64-linux-gnu/libnss_files-2.19.so
7fa584616000-7fa584617000 r--p 0000a000 08:02 13635765                   /lib/x86_64-linux-gnu/libnss_files-2.19.so
7fa584617000-7fa584618000 rw-p 0000b000 08:02 13635765                   /lib/x86_64-linux-gnu/libnss_files-2.19.so
7fa584618000-7fa584623000 r-xp 00000000 08:02 13635775                   /lib/x86_64-linux-gnu/libnss_nis-2.19.so
7fa584623000-7fa584822000 ---p 0000b000 08:02 13635775                   /lib/x86_64-linux-gnu/libnss_nis-2.19.so
7fa584822000-7fa584823000 r--p 0000a000 08:02 13635775                   /lib/x86_64-linux-gnu/libnss_nis-2.19.so
7fa584823000-7fa584824000 rw-p 0000b000 08:02 13635775                   /lib/x86_64-linux-gnu/libnss_nis-2.19.so
7fa584824000-7fa58483b000 r-xp 00000000 08:02 13635759                   /lib/x86_64-linux-gnu/libnsl-2.19.so
7fa58483b000-7fa584a3a000 ---p 00017000 08:02 13635759                   /lib/x86_64-linux-gnu/libnsl-2.19.so
7fa584a3a000-7fa584a3b000 r--p 00016000 08:02 13635759                   /lib/x86_64-linux-gnu/libnsl-2.19.so
7fa584a3b000-7fa584a3c000 rw-p 00017000 08:02 13635759                   /lib/x86_64-linux-gnu/libnsl-2.19.so
7fa584a3c000-7fa584a3e000 rw-p 00000000 00:00 0 
7fa584a3e000-7fa584a47000 r-xp 00000000 08:02 13635761                   /lib/x86_64-linux-gnu/libnss_compat-2.19.so
7fa584a47000-7fa584c46000 ---p 00009000 08:02 13635761                   /lib/x86_64-linux-gnu/libnss_compat-2.19.so
7fa584c46000-7fa584c47000 r--p 00008000 08:02 13635761                   /lib/x86_64-linux-gnu/libnss_compat-2.19.so
7fa584c47000-7fa584c48000 rw-p 00009000 08:02 13635761                   /lib/x86_64-linux-gnu/libnss_compat-2.19.so
7fa584c48000-7fa58532a000 r--p 00000000 08:02 6560506                    /usr/lib/locale/locale-archive
7fa58532a000-7fa58532c000 r-xp 00000000 08:02 8012169                    /usr/bin/processing-3.0/java/lib/amd64/libnpt.so
7fa58532c000-7fa58552c000 ---p 00002000 08:02 8012169                    /usr/bin/processing-3.0/java/lib/amd64/libnpt.so
7fa58552c000-7fa58552d000 rw-p 00002000 08:02 8012169                    /usr/bin/processing-3.0/java/lib/amd64/libnpt.so
7fa58552d000-7fa585566000 r-xp 00000000 08:02 8012184                    /usr/bin/processing-3.0/java/lib/amd64/libjdwp.so
7fa585566000-7fa585765000 ---p 00039000 08:02 8012184                    /usr/bin/processing-3.0/java/lib/amd64/libjdwp.so
7fa585765000-7fa585767000 rw-p 00038000 08:02 8012184                    /usr/bin/processing-3.0/java/lib/amd64/libjdwp.so
7fa585767000-7fa585791000 r-xp 00000000 08:02 8012204                    /usr/bin/processing-3.0/java/lib/amd64/libjava.so
7fa585791000-7fa585991000 ---p 0002a000 08:02 8012204                    /usr/bin/processing-3.0/java/lib/amd64/libjava.so
7fa585991000-7fa585993000 rw-p 0002a000 08:02 8012204                    /usr/bin/processing-3.0/java/lib/amd64/libjava.so
7fa585993000-7fa5859a0000 r-xp 00000000 08:02 8012148                    /usr/bin/processing-3.0/java/lib/amd64/libverify.so
7fa5859a0000-7fa585ba0000 ---p 0000d000 08:02 8012148                    /usr/bin/processing-3.0/java/lib/amd64/libverify.so
7fa585ba0000-7fa585ba2000 rw-p 0000d000 08:02 8012148                    /usr/bin/processing-3.0/java/lib/amd64/libverify.so
7fa585ba2000-7fa585ba9000 r-xp 00000000 08:02 13635818                   /lib/x86_64-linux-gnu/librt-2.19.so
7fa585ba9000-7fa585da8000 ---p 00007000 08:02 13635818                   /lib/x86_64-linux-gnu/librt-2.19.so
7fa585da8000-7fa585da9000 r--p 00006000 08:02 13635818                   /lib/x86_64-linux-gnu/librt-2.19.so
7fa585da9000-7fa585daa000 rw-p 00007000 08:02 13635818                   /lib/x86_64-linux-gnu/librt-2.19.so
7fa585daa000-7fa585eaf000 r-xp 00000000 08:02 13635740                   /lib/x86_64-linux-gnu/libm-2.19.so
7fa585eaf000-7fa5860ae000 ---p 00105000 08:02 13635740                   /lib/x86_64-linux-gnu/libm-2.19.so
7fa5860ae000-7fa5860af000 r--p 00104000 08:02 13635740                   /lib/x86_64-linux-gnu/libm-2.19.so
7fa5860af000-7fa5860b0000 rw-p 00105000 08:02 13635740                   /lib/x86_64-linux-gnu/libm-2.19.so
7fa5860b0000-7fa586d5e000 r-xp 00000000 08:02 8012167                    /usr/bin/processing-3.0/java/lib/amd64/server/libjvm.so
7fa586d5e000-7fa586f5e000 ---p 00cae000 08:02 8012167                    /usr/bin/processing-3.0/java/lib/amd64/server/libjvm.so
7fa586f5e000-7fa587035000 rw-p 00cae000 08:02 8012167                    /usr/bin/processing-3.0/java/lib/amd64/server/libjvm.so
7fa587035000-7fa587079000 rw-p 00000000 00:00 0 
7fa587079000-7fa587234000 r-xp 00000000 08:02 13635690                   /lib/x86_64-linux-gnu/libc-2.19.so
7fa587234000-7fa587433000 ---p 001bb000 08:02 13635690                   /lib/x86_64-linux-gnu/libc-2.19.so
7fa587433000-7fa587437000 r--p 001ba000 08:02 13635690                   /lib/x86_64-linux-gnu/libc-2.19.so
7fa587437000-7fa587439000 rw-p 001be000 08:02 13635690                   /lib/x86_64-linux-gnu/libc-2.19.so
7fa587439000-7fa58743e000 rw-p 00000000 00:00 0 
7fa58743e000-7fa587441000 r-xp 00000000 08:02 13635707                   /lib/x86_64-linux-gnu/libdl-2.19.so
7fa587441000-7fa587640000 ---p 00003000 08:02 13635707                   /lib/x86_64-linux-gnu/libdl-2.19.so
7fa587640000-7fa587641000 r--p 00002000 08:02 13635707                   /lib/x86_64-linux-gnu/libdl-2.19.so
7fa587641000-7fa587642000 rw-p 00003000 08:02 13635707                   /lib/x86_64-linux-gnu/libdl-2.19.so
7fa587642000-7fa587657000 r-xp 00000000 08:02 8012145                    /usr/bin/processing-3.0/java/lib/amd64/jli/libjli.so
7fa587657000-7fa587857000 ---p 00015000 08:02 8012145                    /usr/bin/processing-3.0/java/lib/amd64/jli/libjli.so
7fa587857000-7fa587858000 rw-p 00015000 08:02 8012145                    /usr/bin/processing-3.0/java/lib/amd64/jli/libjli.so
7fa587858000-7fa587871000 r-xp 00000000 08:02 13635810                   /lib/x86_64-linux-gnu/libpthread-2.19.so
7fa587871000-7fa587a70000 ---p 00019000 08:02 13635810                   /lib/x86_64-linux-gnu/libpthread-2.19.so
7fa587a70000-7fa587a71000 r--p 00018000 08:02 13635810                   /lib/x86_64-linux-gnu/libpthread-2.19.so
7fa587a71000-7fa587a72000 rw-p 00019000 08:02 13635810                   /lib/x86_64-linux-gnu/libpthread-2.19.so
7fa587a72000-7fa587a76000 rw-p 00000000 00:00 0 
7fa587a76000-7fa587a99000 r-xp 00000000 08:02 13635666                   /lib/x86_64-linux-gnu/ld-2.19.so
7fa587a99000-7fa587a9a000 r--s 00002000 08:02 4591935                    /home/akelly/sketchbook/libraries/minim/library/tritonus_aos.jar
7fa587a9a000-7fa587a9b000 r--s 00001000 08:02 6569033                    /usr/bin/processing-3.0/core/library/gluegen-rt-natives-macosx-universal.jar
7fa587a9b000-7fa587a9d000 r--s 00038000 08:02 6569032                    /usr/bin/processing-3.0/core/library/jogl-all-natives-windows-amd64.jar
7fa587a9d000-7fa587a9e000 r--s 00034000 08:02 6569031                    /usr/bin/processing-3.0/core/library/jogl-all-natives-linux-amd64.jar
7fa587a9e000-7fa587a9f000 r--s 00001000 08:02 6569036                    /usr/bin/processing-3.0/core/library/gluegen-rt-natives-windows-i586.jar
7fa587a9f000-7fa587b70000 rw-p 00000000 00:00 0 
7fa587b70000-7fa587b73000 ---p 00000000 00:00 0 
7fa587b73000-7fa587c75000 rw-p 00000000 00:00 0                          [stack:8370]
7fa587c75000-7fa587c7b000 r--s 0004a000 08:02 6569021                    /usr/bin/processing-3.0/core/library/gluegen-rt.jar
7fa587c7b000-7fa587c7c000 r--s 00000000 08:02 6569035                    /usr/bin/processing-3.0/core/library/gluegen-rt-natives-linux-armv6hf.jar
7fa587c7c000-7fa587c7d000 r--s 00031000 08:02 6569019                    /usr/bin/processing-3.0/core/library/jogl-all-natives-windows-i586.jar
7fa587c7d000-7fa587c7e000 r--s 00001000 08:02 6569022                    /usr/bin/processing-3.0/core/library/gluegen-rt-natives-windows-amd64.jar
7fa587c7e000-7fa587c80000 r--s 0006c000 08:02 6569020                    /usr/bin/processing-3.0/core/library/jogl-all-natives-macosx-universal.jar
7fa587c80000-7fa587c85000 r--s 000f0000 08:02 6569027                    /usr/bin/processing-3.0/core/library/core.jar
7fa587c85000-7fa587c87000 r--s 00000000 08:02 6569025                    /usr/bin/processing-3.0/core/library/gluegen-rt-natives-linux-amd64.jar
7fa587c87000-7fa587c88000 r--s 00026000 08:02 6569028                    /usr/bin/processing-3.0/core/library/jogl-all-natives-linux-armv6hf.jar
7fa587c88000-7fa587c89000 r--s 00032000 08:02 6569024                    /usr/bin/processing-3.0/core/library/jogl-all-natives-linux-i586.jar
7fa587c89000-7fa587c8b000 r--s 00000000 08:02 6569023                    /usr/bin/processing-3.0/core/library/gluegen-rt-natives-linux-i586.jar
7fa587c8b000-7fa587c8c000 rw-p 00000000 00:00 0 
7fa587c8c000-7fa587c94000 rw-s 00000000 08:02 4325390                    /tmp/hsperfdata_akelly/8369
7fa587c94000-7fa587c95000 rw-p 00000000 00:00 0 
7fa587c95000-7fa587c96000 r--p 00000000 00:00 0 
7fa587c96000-7fa587c98000 rw-p 00000000 00:00 0 
7fa587c98000-7fa587c99000 r--p 00022000 08:02 13635666                   /lib/x86_64-linux-gnu/ld-2.19.so
7fa587c99000-7fa587c9a000 rw-p 00023000 08:02 13635666                   /lib/x86_64-linux-gnu/ld-2.19.so
7fa587c9a000-7fa587c9b000 rw-p 00000000 00:00 0 
7ffc7b4f2000-7ffc7b515000 rw-p 00000000 00:00 0                          [stack]
7ffc7b5bd000-7ffc7b5bf000 r--p 00000000 00:00 0                          [vvar]
7ffc7b5bf000-7ffc7b5c1000 r-xp 00000000 00:00 0                          [vdso]
ffffffffff600000-ffffffffff601000 r-xp 00000000 00:00 0                  [vsyscall]

VM Arguments:
jvm_args: -agentlib:jdwp=transport=dt_socket,address=8787,server=y,suspend=y -Djava.library.path=:/usr/bin/processing-3.0/core/library:/home/akelly/sketchbook/libraries/minim/library:/usr/java/packages/lib/amd64:/usr/lib64:/lib64:/lib:/usr/lib -ea 
java_command: processing.core.PApplet --display=1 --sketch-path=/home/akelly/sketchbook/_audioVisualizer/_audioVisualizer/build build
java_class_path (initial): /home/akelly/sketchbook/_audioVisualizer/_audioVisualizer/build/build-tmp:/usr/bin/processing-3.0/core/library/gluegen-rt-natives-linux-i586.jar:/usr/bin/processing-3.0/core/library/jogl-all-natives-linux-i586.jar:/usr/bin/processing-3.0/core/library/jogl-all-natives-linux-armv6hf.jar:/usr/bin/processing-3.0/core/library/gluegen-rt-natives-linux-amd64.jar:/usr/bin/processing-3.0/core/library/core.jar:/usr/bin/processing-3.0/core/library/jogl-all-natives-macosx-universal.jar:/usr/bin/processing-3.0/core/library/gluegen-rt-natives-windows-amd64.jar:/usr/bin/processing-3.0/core/library/jogl-all-natives-windows-i586.jar:/usr/bin/processing-3.0/core/library/gluegen-rt-natives-linux-armv6hf.jar:/usr/bin/processing-3.0/core/library/gluegen-rt.jar:/usr/bin/processing-3.0/core/library/gluegen-rt-natives-windows-i586.jar:/usr/bin/processing-3.0/core/library/jogl-all.jar:/usr/bin/processing-3.0/core/library/jogl-all-natives-linux-amd64.jar:/usr/bin/processing-3.0/core/library/jogl-all-natives-windows-amd64.jar:/usr/bin/processing-3.0/core/library/gluegen-java-src.zip:/usr/bin/processing-3.0/core/library/jogl-java-src.zip:/usr/bin/processing-3.0/core/library/gluegen-rt-natives-macosx-universal.jar:/usr/bin/processing-3.0/core/library/gluegen-rt-natives-linux-i586.jar:/usr/bin/processing-3.0/core/library/jogl-all-natives-linux-i586.jar:/usr/bin/processing-3.0/core/library/jogl-all-natives-linux-armv6hf.jar:/usr/bin/processing-3.0/core/library/gluegen-rt-natives-linux-amd64.jar:/usr/bin/processing-3.0/core/library/core.jar:/usr/bin/processing-3.0/core/library/jogl-all-natives-macosx-universal.jar:/usr/bin/processing-3.0/core/library/gluegen-rt-natives-windows-amd64.jar:/usr/bin/processing-3.0/core/library/jogl-all-natives-windows-i586.jar:/usr/bin/processing-3.0/core/library/gluegen-rt-natives-linux-armv6hf.jar:/usr/bin/processing-3.0/core/library/gluegen-rt.jar:/usr/bin/processing-3.0/core/library/gluegen-rt-natives-windows-i586.jar:/usr/bin/processi
Launcher Type: SUN_STANDARD

Environment Variables:
PATH=/usr/bin/processing-3.0/java/bin:/usr/local/sbin:/usr/local/bin:/usr/sbin:/usr/bin:/sbin:/bin:/usr/games:/usr/local/games
SHELL=/bin/bash
DISPLAY=:0

Signal Handlers:
SIGSEGV: [libjvm.so+0xaad540], sa_mask[0]=11111111011111111101111111111110, sa_flags=SA_RESTART|SA_SIGINFO
SIGBUS: [libjvm.so+0xaad540], sa_mask[0]=11111111011111111101111111111110, sa_flags=SA_RESTART|SA_SIGINFO
SIGFPE: [libjvm.so+0x90b6b0], sa_mask[0]=11111111011111111101111111111110, sa_flags=SA_RESTART|SA_SIGINFO
SIGPIPE: [libjvm.so+0x90b6b0], sa_mask[0]=11111111011111111101111111111110, sa_flags=SA_RESTART|SA_SIGINFO
SIGXFSZ: [libjvm.so+0x90b6b0], sa_mask[0]=11111111011111111101111111111110, sa_flags=SA_RESTART|SA_SIGINFO
SIGILL: [libjvm.so+0x90b6b0], sa_mask[0]=11111111011111111101111111111110, sa_flags=SA_RESTART|SA_SIGINFO
SIGUSR1: SIG_DFL, sa_mask[0]=00000000000000000000000000000000, sa_flags=none
SIGUSR2: [libjvm.so+0x90ccf0], sa_mask[0]=00100000000000000000000000000000, sa_flags=SA_RESTART|SA_SIGINFO
SIGHUP: [libjvm.so+0x90e040], sa_mask[0]=11111111011111111101111111111110, sa_flags=SA_RESTART|SA_SIGINFO
SIGINT: [libjvm.so+0x90e040], sa_mask[0]=11111111011111111101111111111110, sa_flags=SA_RESTART|SA_SIGINFO
SIGTERM: [libjvm.so+0x90e040], sa_mask[0]=11111111011111111101111111111110, sa_flags=SA_RESTART|SA_SIGINFO
SIGQUIT: [libjvm.so+0x90e040], sa_mask[0]=11111111011111111101111111111110, sa_flags=SA_RESTART|SA_SIGINFO


---------------  S Y S T E M  ---------------

OS:DISTRIB_ID=Ubuntu
DISTRIB_RELEASE=14.04
DISTRIB_CODENAME=trusty
DISTRIB_DESCRIPTION="Ubuntu 14.04.3 LTS"

uname:Linux 3.19.0-28-generic #30~14.04.1-Ubuntu SMP Tue Sep 1 09:32:55 UTC 2015 x86_64
libc:glibc 2.19 NPTL 2.19 
rlimit: STACK 8192k, CORE 0k, NPROC 63284, NOFILE 4096, AS infinity
load average:2.46 2.13 2.57

/proc/meminfo:
MemTotal:       16309452 kB
MemFree:        10871744 kB
MemAvailable:   12063528 kB
Buffers:          116060 kB
Cached:          1643808 kB
SwapCached:           40 kB
Active:          4464388 kB
Inactive:         705360 kB
Active(anon):    3537448 kB
Inactive(anon):   315044 kB
Active(file):     926940 kB
Inactive(file):   390316 kB
Unevictable:          92 kB
Mlocked:              92 kB
SwapTotal:      16653308 kB
SwapFree:       16584340 kB
Dirty:              2228 kB
Writeback:             0 kB
AnonPages:       3409928 kB
Mapped:           585672 kB
Shmem:            442616 kB
Slab:             128608 kB
SReclaimable:      86940 kB
SUnreclaim:        41668 kB
KernelStack:       10592 kB
PageTables:        53052 kB
NFS_Unstable:          0 kB
Bounce:                0 kB
WritebackTmp:          0 kB
CommitLimit:    24808032 kB
Committed_AS:    9327232 kB
VmallocTotal:   34359738367 kB
VmallocUsed:      384844 kB
VmallocChunk:   34359343192 kB
HardwareCorrupted:     0 kB
AnonHugePages:   1218560 kB
CmaTotal:              0 kB
CmaFree:               0 kB
HugePages_Total:       0
HugePages_Free:        0
HugePages_Rsvd:        0
HugePages_Surp:        0
Hugepagesize:       2048 kB
DirectMap4k:      200108 kB
DirectMap2M:    12259328 kB
DirectMap1G:     4194304 kB


CPU:total 4 (2 cores per cpu, 2 threads per core) family 6 model 61 stepping 4, cmov, cx8, fxsr, mmx, sse, sse2, sse3, ssse3, sse4.1, sse4.2, popcnt, avx, avx2, aes, clmul, erms, rtm, 3dnowpref, lzcnt, ht, tsc, tscinvbit, bmi1, bmi2, adx

/proc/cpuinfo:
processor	: 0
vendor_id	: GenuineIntel
cpu family	: 6
model		: 61
model name	: Intel(R) Core(TM) i7-5600U CPU @ 2.60GHz
stepping	: 4
microcode	: 0x19
cpu MHz		: 2133.726
cache size	: 4096 KB
physical id	: 0
siblings	: 4
core id		: 0
cpu cores	: 2
apicid		: 0
initial apicid	: 0
fpu		: yes
fpu_exception	: yes
cpuid level	: 20
wp		: yes
flags		: fpu vme de pse tsc msr pae mce cx8 apic sep mtrr pge mca cmov pat pse36 clflush dts acpi mmx fxsr sse sse2 ss ht tm pbe syscall nx pdpe1gb rdtscp lm constant_tsc arch_perfmon pebs bts rep_good nopl xtopology nonstop_tsc aperfmperf eagerfpu pni pclmulqdq dtes64 monitor ds_cpl vmx smx est tm2 ssse3 fma cx16 xtpr pdcm pcid sse4_1 sse4_2 x2apic movbe popcnt tsc_deadline_timer aes xsave avx f16c rdrand lahf_lm abm 3dnowprefetch ida arat epb pln pts dtherm tpr_shadow vnmi flexpriority ept vpid fsgsbase tsc_adjust bmi1 hle avx2 smep bmi2 erms invpcid rtm rdseed adx smap xsaveopt
bugs		:
bogomips	: 5188.48
clflush size	: 64
cache_alignment	: 64
address sizes	: 39 bits physical, 48 bits virtual
power management:

processor	: 1
vendor_id	: GenuineIntel
cpu family	: 6
model		: 61
model name	: Intel(R) Core(TM) i7-5600U CPU @ 2.60GHz
stepping	: 4
microcode	: 0x19
cpu MHz		: 2099.906
cache size	: 4096 KB
physical id	: 0
siblings	: 4
core id		: 0
cpu cores	: 2
apicid		: 1
initial apicid	: 1
fpu		: yes
fpu_exception	: yes
cpuid level	: 20
wp		: yes
flags		: fpu vme de pse tsc msr pae mce cx8 apic sep mtrr pge mca cmov pat pse36 clflush dts acpi mmx fxsr sse sse2 ss ht tm pbe syscall nx pdpe1gb rdtscp lm constant_tsc arch_perfmon pebs bts rep_good nopl xtopology nonstop_tsc aperfmperf eagerfpu pni pclmulqdq dtes64 monitor ds_cpl vmx smx est tm2 ssse3 fma cx16 xtpr pdcm pcid sse4_1 sse4_2 x2apic movbe popcnt tsc_deadline_timer aes xsave avx f16c rdrand lahf_lm abm 3dnowprefetch ida arat epb pln pts dtherm tpr_shadow vnmi flexpriority ept vpid fsgsbase tsc_adjust bmi1 hle avx2 smep bmi2 erms invpcid rtm rdseed adx smap xsaveopt
bugs		:
bogomips	: 5188.48
clflush size	: 64
cache_alignment	: 64
address sizes	: 39 bits physical, 48 bits virtual
power management:

processor	: 2
vendor_id	: GenuineIntel
cpu family	: 6
model		: 61
model name	: Intel(R) Core(TM) i7-5600U CPU @ 2.60GHz
stepping	: 4
microcode	: 0x19
cpu MHz		: 2100.007
cache size	: 4096 KB
physical id	: 0
siblings	: 4
core id		: 1
cpu cores	: 2
apicid		: 2
initial apicid	: 2
fpu		: yes
fpu_exception	: yes
cpuid level	: 20
wp		: yes
flags		: fpu vme de pse tsc msr pae mce cx8 apic sep mtrr pge mca cmov pat pse36 clflush dts acpi mmx fxsr sse sse2 ss ht tm pbe syscall nx pdpe1gb rdtscp lm constant_tsc arch_perfmon pebs bts rep_good nopl xtopology nonstop_tsc aperfmperf eagerfpu pni pclmulqdq dtes64 monitor ds_cpl vmx smx est tm2 ssse3 fma cx16 xtpr pdcm pcid sse4_1 sse4_2 x2apic movbe popcnt tsc_deadline_timer aes xsave avx f16c rdrand lahf_lm abm 3dnowprefetch ida arat epb pln pts dtherm tpr_shadow vnmi flexpriority ept vpid fsgsbase tsc_adjust bmi1 hle avx2 smep bmi2 erms invpcid rtm rdseed adx smap xsaveopt
bugs		:
bogomips	: 5188.48
clflush size	: 64
cache_alignment	: 64
address sizes	: 39 bits physical, 48 bits virtual
power management:

processor	: 3
vendor_id	: GenuineIntel
cpu family	: 6
model		: 61
model name	: Intel(R) Core(TM) i7-5600U CPU @ 2.60GHz
stepping	: 4
microcode	: 0x19
cpu MHz		: 2143.578
cache size	: 4096 KB
physical id	: 0
siblings	: 4
core id		: 1
cpu cores	: 2
apicid		: 3
initial apicid	: 3
fpu		: yes
fpu_exception	: yes
cpuid level	: 20
wp		: yes
flags		: fpu vme de pse tsc msr pae mce cx8 apic sep mtrr pge mca cmov pat pse36 clflush dts acpi mmx fxsr sse sse2 ss ht tm pbe syscall nx pdpe1gb rdtscp lm constant_tsc arch_perfmon pebs bts rep_good nopl xtopology nonstop_tsc aperfmperf eagerfpu pni pclmulqdq dtes64 monitor ds_cpl vmx smx est tm2 ssse3 fma cx16 xtpr pdcm pcid sse4_1 sse4_2 x2apic movbe popcnt tsc_deadline_timer aes xsave avx f16c rdrand lahf_lm abm 3dnowprefetch ida arat epb pln pts dtherm tpr_shadow vnmi flexpriority ept vpid fsgsbase tsc_adjust bmi1 hle avx2 smep bmi2 erms invpcid rtm rdseed adx smap xsaveopt
bugs		:
bogomips	: 5188.48
clflush size	: 64
cache_alignment	: 64
address sizes	: 39 bits physical, 48 bits virtual
power management:



Memory: 4k page, physical 16309452k(10871744k free), swap 16653308k(16584340k free)

vm_info: Java HotSpot(TM) 64-Bit Server VM (25.51-b03) for linux-amd64 JRE (1.8.0_51-b16), built on Jun  8 2015 19:28:07 by "java_re" with gcc 4.3.0 20080428 (Red Hat 4.3.0-8)

time: Sat Oct 10 15:48:30 2015
elapsed time: 18 seconds (0d 0h 0m 18s)

