#
# A fatal error has been detected by the Java Runtime Environment:
#
#  SIGSEGV (0xb) at pc=0x00007fb077c46998, pid=9632, tid=140397315131136
#
# JRE version: Java(TM) SE Runtime Environment (8.0_51-b16) (build 1.8.0_51-b16)
# Java VM: Java HotSpot(TM) 64-Bit Server VM (25.51-b03 mixed mode linux-amd64 compressed oops)
# Problematic frame:
# C  [i965_dri.so+0x3c9998]
#
# Failed to write core dump. Core dumps have been disabled. To enable core dumping, try "ulimit -c unlimited" before starting Java again
#
# If you would like to submit a bug report, please visit:
#   http://bugreport.java.com/bugreport/crash.jsp
# The crash happened outside the Java Virtual Machine in native code.
# See problematic frame for where to report the bug.
#

---------------  T H R E A D  ---------------

Current thread (0x00007fb0fc67b000):  JavaThread "main-Display-.x11_:0-1-EDT-1" daemon [_thread_in_native, id=9673, stack(0x00007fb0cc088000,0x00007fb0cc189000)]

siginfo: si_signo: 11 (SIGSEGV), si_code: 1 (SEGV_MAPERR), si_addr: 0x0000000100000000

Registers:
RAX=0x00007fb077c46990, RBX=0x00007fb06804f900, RCX=0x0000000000000000, RDX=0x0000000000000001
RSP=0x00007fb0cc186190, RBP=0x00007fb080022100, RSI=0x00007fb06804f9e0, RDI=0x0000000100000000
R8 =0x0000000000000000, R9 =0x00007fb0872eefc0, R10=0x00007fb0ec1628c7, R11=0x00000000d8e7e8b9
R12=0x00007fb08001fc20, R13=0x0000000000000000, R14=0x00007fb0800232c0, R15=0x0000000000000000
RIP=0x00007fb077c46998, EFLAGS=0x0000000000010206, CSGSFS=0x0000000000000033, ERR=0x0000000000000004
  TRAPNO=0x000000000000000e

Top of Stack: (sp=0x00007fb0cc186190)
0x00007fb0cc186190:   00007fb0cc186280 0000000000000000
0x00007fb0cc1861a0:   00007fb06804f900 00007fb080022100
0x00007fb0cc1861b0:   00007fb08001fc20 00007fb0872ef04e
0x00007fb0cc1861c0:   00007fb0cc1861f8 00007fb08753c660
0x00007fb0cc1861d0:   00007fb080014b10 00007fb000000000
0x00007fb0cc1861e0:   0000000000000000 0000000000000000
0x00007fb0cc1861f0:   00007fb0cc186500 00007fb06804f900
0x00007fb0cc186200:   0000000004200002 00000007c00fdca0
0x00007fb0cc186210:   00007fb0cc186280 0000000000000000
0x00007fb0cc186220:   00007fb0cc186518 00007fb0cc1862c0
0x00007fb0cc186230:   00007fb0fc67b000 00007fb085a01ba7
0x00007fb0cc186240:   00007fb0ac011540 00007fb0872c8ab0
0x00007fb0cc186250:   0000000004200002 00007fb080014b10
0x00007fb0cc186260:   00007fb0cc1862c0 00007fb0fc67b1f8
0x00007fb0cc186270:   00007fb087671510 00007fb0872c8ab0
0x00007fb0cc186280:   00007fb0cc1862d0 00007fb0ec16293d
0x00007fb0cc186290:   fffffffe00000000 0000000000000000
0x00007fb0cc1862a0:   00000000d8f2bcc3 00007fb0ac011918
0x00007fb0cc1862b0:   00000006c795e608 00007fb0fc646bc0
0x00007fb0cc1862c0:   00000006c74a8118 0000000000001388
0x00007fb0cc1862d0:   00007fb0cc186560 00007fb0ec1636fc
0x00007fb0cc1862e0:   00007fb0d8e8c99e 00007fb0fc67b000
0x00007fb0cc1862f0:   00000006c795e608 00000006c795e618
0x00007fb0cc186300:   00000000d8f2bcc3 00007fb0ac011918
0x00007fb0cc186310:   0000000000000031 00007fb0ec1a59ac
0x00007fb0cc186320:   00007fb0cc186560 00007fb0ebfafbf4
0x00007fb0cc186330:   00000006c7464ce0 00000006c7464cf0
0x00007fb0cc186340:   00007fb0d8e8c99e 00007fb0ebab7f03
0x00007fb0cc186350:   00000006c795e5f8 00007fb100000000
0x00007fb0cc186360:   00007fb0cc186560 00007fb0ec0d92e4
0x00007fb0cc186370:   00007fb0cc186518 00007fb0ebab7f03
0x00007fb0cc186380:   00007fb0eba8f5d0 00007fb000000000 

Instructions: (pc=0x00007fb077c46998)
0x00007fb077c46978:   0f 1f 84 00 00 00 00 00 48 83 c4 10 5b 5d 41 5c
0x00007fb077c46988:   c3 0f 1f 80 00 00 00 00 41 54 55 53 48 83 ec 10
0x00007fb077c46998:   48 8b 1f 48 85 db 74 3d f6 83 48 05 00 00 01 49
0x00007fb077c469a8:   89 f4 89 cd 75 72 83 e2 01 75 5d 83 e5 fd 74 38 

Register to memory mapping:

RAX=0x00007fb077c46990: <offset 0x3c9990> in /usr/lib/x86_64-linux-gnu/dri/i965_dri.so at 0x00007fb07787d000
RBX=0x00007fb06804f900 is an unknown value
RCX=0x0000000000000000 is an unknown value
RDX=0x0000000000000001 is an unknown value
RSP=0x00007fb0cc186190 is pointing into the stack for thread: 0x00007fb0fc67b000
RBP=0x00007fb080022100 is an unknown value
RSI=0x00007fb06804f9e0 is an unknown value
RDI=0x0000000100000000 is an unknown value
R8 =0x0000000000000000 is an unknown value
R9 =0x00007fb0872eefc0: <offset 0x42fc0> in /usr/lib/x86_64-linux-gnu/mesa/libGL.so.1 at 0x00007fb0872ac000
R10=0x00007fb0ec1628c7 is at entry_point+71 in (nmethod*)0x00007fb0ec162710
R11=0x00000000d8e7e8b9 is an unknown value
R12=0x00007fb08001fc20 is an unknown value
R13=0x0000000000000000 is an unknown value
R14=0x00007fb0800232c0 is an unknown value
R15=0x0000000000000000 is an unknown value


Stack: [0x00007fb0cc088000,0x00007fb0cc189000],  sp=0x00007fb0cc186190,  free space=1016k
Native frames: (J=compiled Java code, j=interpreted, Vv=VM code, C=native code)
C  [i965_dri.so+0x3c9998]

Java frames: (J=compiled Java code, j=interpreted, Vv=VM code)
J 1797  jogamp.opengl.x11.glx.GLX.dispatch_glXSwapBuffers0(JJJ)V (0 bytes) @ 0x00007fb0ec1628c7 [0x00007fb0ec162880+0x47]
J 1796 C1 jogamp.opengl.x11.glx.GLX.glXSwapBuffers(JJ)V (45 bytes) @ 0x00007fb0ec1636fc [0x00007fb0ec162ce0+0xa1c]
J 1795 C1 jogamp.opengl.x11.glx.X11GLXDrawable.swapBuffersImpl(Z)V (21 bytes) @ 0x00007fb0ec1624cc [0x00007fb0ec162220+0x2ac]
J 1725 C1 jogamp.opengl.GLDrawableImpl.swapBuffers()V (138 bytes) @ 0x00007fb0ec1104b4 [0x00007fb0ec10fde0+0x6d4]
j  jogamp.opengl.GLAutoDrawableBase.defaultSwapBuffers()V+23
j  com.jogamp.newt.opengl.GLWindow.swapBuffers()V+1
j  processing.opengl.PJOGL.swapBuffers()V+15
j  processing.opengl.PGraphicsOpenGL.dispose()V+15
j  processing.core.PApplet.dispose()V+28
j  processing.opengl.PSurfaceJOGL$NEWTWindowListener.windowDestroyNotify(Lcom/jogamp/newt/event/WindowEvent;)V+7
j  jogamp.newt.WindowImpl.consumeWindowEvent(Lcom/jogamp/newt/event/WindowEvent;)V+254
j  jogamp.newt.WindowImpl.sendWindowEvent(I)V+14
j  jogamp.newt.WindowImpl$1.run()V+143
j  jogamp.newt.DisplayImpl.runOnEDTIfAvail(ZLjava/lang/Runnable;)V+172
j  jogamp.newt.WindowImpl.runOnEDTIfAvail(ZLjava/lang/Runnable;)V+36
j  jogamp.newt.WindowImpl.destroy()V+11
j  com.jogamp.newt.opengl.GLWindow.destroy()V+4
j  jogamp.opengl.GLAutoDrawableBase.destroyAvoidAwareOfLocking()V+31
j  jogamp.opengl.GLAutoDrawableBase.defaultWindowDestroyNotifyOp()V+43
j  com.jogamp.newt.opengl.GLWindow.access$000(Lcom/jogamp/newt/opengl/GLWindow;)V+1
j  com.jogamp.newt.opengl.GLWindow$1.run()V+4
j  jogamp.newt.WindowImpl.windowDestroyNotify(Z)Z+147
v  ~StubRoutines::call_stub
J 1480  jogamp.newt.driver.x11.DisplayDriver.DispatchMessages0(JJJII)V (0 bytes) @ 0x00007fb0ec01b67f [0x00007fb0ec01b640+0x3f]
J 1479 C1 jogamp.newt.driver.x11.DisplayDriver.dispatchMessagesNative()V (66 bytes) @ 0x00007fb0ec023054 [0x00007fb0ec022cc0+0x394]
J 1483 C1 jogamp.newt.DisplayImpl.dispatchMessages()V (116 bytes) @ 0x00007fb0ec024634 [0x00007fb0ec023be0+0xa54]
J 1482 C1 jogamp.newt.DisplayImpl$7.run()V (8 bytes) @ 0x00007fb0ec01da0c [0x00007fb0ec01d900+0x10c]
j  jogamp.newt.DefaultEDTUtil$NEDT.run()V+67
v  ~StubRoutines::call_stub

---------------  P R O C E S S  ---------------

Java Threads: ( => current thread )
  0x00007fb06812f000 JavaThread "Thread-6" [_thread_in_native, id=9695, stack(0x00007fb0e0983000,0x00007fb0e0a84000)]
  0x00007fb06811d800 JavaThread "Java Sound Event Dispatcher" daemon [_thread_blocked, id=9690, stack(0x00007fb0e0056000,0x00007fb0e0157000)]
  0x00007fb0fc00f800 JavaThread "DestroyJavaVM" [_thread_blocked, id=9633, stack(0x00007fb102432000,0x00007fb102533000)]
  0x00007fb0fc6ec000 JavaThread "Thread-2" [_thread_blocked, id=9676, stack(0x00007fb07618b000,0x00007fb07628c000)]
  0x00007fb0fc6da000 JavaThread "main-SharedResourceRunner" daemon [_thread_blocked, id=9675, stack(0x00007fb0846a1000,0x00007fb0847a2000)]
  0x00007fb0fc6b0000 JavaThread "main-SharedResourceRunner" daemon [_thread_blocked, id=9674, stack(0x00007fb085868000,0x00007fb085969000)]
=>0x00007fb0fc67b000 JavaThread "main-Display-.x11_:0-1-EDT-1" daemon [_thread_in_native, id=9673, stack(0x00007fb0cc088000,0x00007fb0cc189000)]
  0x00007fb0fc4f6000 JavaThread "process reaper" daemon [_thread_blocked, id=9666, stack(0x00007fb0e0eac000,0x00007fb0e0ee5000)]
  0x00007fb0fc28c000 JavaThread "AWT-XAWT" daemon [_thread_in_native, id=9662, stack(0x00007fb0e1396000,0x00007fb0e1497000)]
  0x00007fb0fc26c000 JavaThread "Java2D Disposer" daemon [_thread_blocked, id=9661, stack(0x00007fb0e18a7000,0x00007fb0e19a8000)]
  0x00007fb0fc0d8800 JavaThread "Service Thread" daemon [_thread_blocked, id=9659, stack(0x00007fb0e35f4000,0x00007fb0e36f5000)]
  0x00007fb0fc0d3800 JavaThread "C1 CompilerThread2" daemon [_thread_blocked, id=9658, stack(0x00007fb0e36f5000,0x00007fb0e37f6000)]
  0x00007fb0fc0d1800 JavaThread "C2 CompilerThread1" daemon [_thread_blocked, id=9657, stack(0x00007fb0e37f6000,0x00007fb0e38f7000)]
  0x00007fb0fc0ce800 JavaThread "C2 CompilerThread0" daemon [_thread_blocked, id=9656, stack(0x00007fb0e38f7000,0x00007fb0e39f8000)]
  0x00007fb0bc001000 JavaThread "JDWP Command Reader" daemon [_thread_in_native, id=9650, stack(0x00007fb0e39f8000,0x00007fb0e3af9000)]
  0x00007fb0fc0cc800 JavaThread "JDWP Event Helper Thread" daemon [_thread_blocked, id=9647, stack(0x00007fb0e3af9000,0x00007fb0e3bfa000)]
  0x00007fb0fc0c9000 JavaThread "JDWP Transport Listener: dt_socket" daemon [_thread_blocked, id=9646, stack(0x00007fb0e3bfa000,0x00007fb0e3cfb000)]
  0x00007fb0fc0bb800 JavaThread "Signal Dispatcher" daemon [_thread_blocked, id=9644, stack(0x00007fb0e3eff000,0x00007fb0e4000000)]
  0x00007fb0fc084800 JavaThread "Finalizer" daemon [_thread_blocked, id=9641, stack(0x00007fb0e80d4000,0x00007fb0e81d5000)]
  0x00007fb0fc082800 JavaThread "Reference Handler" daemon [_thread_blocked, id=9640, stack(0x00007fb0e81d5000,0x00007fb0e82d6000)]

Other Threads:
  0x00007fb0fc07d000 VMThread [stack: 0x00007fb0e82d6000,0x00007fb0e83d7000] [id=9639]
  0x00007fb0fc0db800 WatcherThread [stack: 0x00007fb0e34f3000,0x00007fb0e35f4000] [id=9660]

VM state:not at safepoint (normal execution)

VM Mutex/Monitor currently owned by a thread: None

Heap:
 PSYoungGen      total 31744K, used 9382K [0x000000076d100000, 0x000000076f200000, 0x00000007c0000000)
  eden space 31232K, 29% used [0x000000076d100000,0x000000076da218c0,0x000000076ef80000)
  from space 512K, 6% used [0x000000076f180000,0x000000076f188000,0x000000076f200000)
  to   space 1024K, 0% used [0x000000076f000000,0x000000076f000000,0x000000076f100000)
 ParOldGen       total 171008K, used 9888K [0x00000006c7200000, 0x00000006d1900000, 0x000000076d100000)
  object space 171008K, 5% used [0x00000006c7200000,0x00000006c7ba8170,0x00000006d1900000)
 Metaspace       used 17399K, capacity 17642K, committed 17792K, reserved 1064960K
  class space    used 1548K, capacity 1630K, committed 1664K, reserved 1048576K

Card table byte_map: [0x00007fb0eaf02000,0x00007fb0eb6ca000] byte_map_base: 0x00007fb0e78c9000

Marking Bits: (ParMarkBitMap*) 0x00007fb101910660
 Begin Bits: [0x00007fb0cc390000, 0x00007fb0d01c8000)
 End Bits:   [0x00007fb0d01c8000, 0x00007fb0d4000000)

Polling page: 0x00007fb102557000

CodeCache: size=245760Kb used=7445Kb max_used=7479Kb free=238314Kb
 bounds [0x00007fb0eba8a000, 0x00007fb0ec1ea000, 0x00007fb0faa8a000]
 total_blobs=2852 nmethods=1897 adapters=877
 compilation: enabled

Compilation events (10 events):
Event: 30.073 Thread 0x00007fb0fc0d1800 1917       4       processing.opengl.PShader::unbind (36 bytes)
Event: 30.073 Thread 0x00007fb0fc0ce800 1918       4       processing.opengl.PShader::unbindTyped (301 bytes)
Event: 30.090 Thread 0x00007fb0fc0ce800 nmethod 1918 0x00007fb0ec1b7790 code [0x00007fb0ec1b7a60, 0x00007fb0ec1b8750]
Event: 30.090 Thread 0x00007fb0fc0ce800 1919       4       processing.opengl.PShader::unbindTextures (147 bytes)
Event: 30.092 Thread 0x00007fb0fc0ce800 nmethod 1919 0x00007fb0ebb98b10 code [0x00007fb0ebb98c60, 0x00007fb0ebb98cd8]
Event: 30.104 Thread 0x00007fb0fc0d1800 nmethod 1917 0x00007fb0ec1c1250 code [0x00007fb0ec1c1560, 0x00007fb0ec1c23a0]
Event: 30.112 Thread 0x00007fb0fc0d3800 1920       1       com.jogamp.newt.event.NEWTEvent::getEventType (5 bytes)
Event: 30.112 Thread 0x00007fb0fc0d3800 nmethod 1920 0x00007fb0ebb98850 code [0x00007fb0ebb989a0, 0x00007fb0ebb98ab0]
Event: 30.832 Thread 0x00007fb0fc0d3800 1921       3       java.util.concurrent.locks.ReentrantLock$Sync::tryRelease (45 bytes)
Event: 30.834 Thread 0x00007fb0fc0d3800 nmethod 1921 0x00007fb0ebbc0950 code [0x00007fb0ebbc0ae0, 0x00007fb0ebbc10a8]

GC Heap History (10 events):
Event: 29.307 GC heap before
{Heap before GC invocations=48 (full 0):
 PSYoungGen      total 33792K, used 33312K [0x000000076d100000, 0x000000076f500000, 0x00000007c0000000)
  eden space 33280K, 100% used [0x000000076d100000,0x000000076f180000,0x000000076f180000)
  from space 512K, 6% used [0x000000076f200000,0x000000076f208000,0x000000076f280000)
  to   space 1536K, 0% used [0x000000076f380000,0x000000076f380000,0x000000076f500000)
 ParOldGen       total 171008K, used 9864K [0x00000006c7200000, 0x00000006d1900000, 0x000000076d100000)
  object space 171008K, 5% used [0x00000006c7200000,0x00000006c7ba2170,0x00000006d1900000)
 Metaspace       used 17392K, capacity 17642K, committed 17792K, reserved 1064960K
  class space    used 1548K, capacity 1630K, committed 1664K, reserved 1048576K
Event: 29.309 GC heap after
Heap after GC invocations=48 (full 0):
 PSYoungGen      total 33280K, used 32K [0x000000076d100000, 0x000000076f400000, 0x00000007c0000000)
  eden space 32768K, 0% used [0x000000076d100000,0x000000076d100000,0x000000076f100000)
  from space 512K, 6% used [0x000000076f380000,0x000000076f388000,0x000000076f400000)
  to   space 1536K, 0% used [0x000000076f100000,0x000000076f100000,0x000000076f280000)
 ParOldGen       total 171008K, used 9864K [0x00000006c7200000, 0x00000006d1900000, 0x000000076d100000)
  object space 171008K, 5% used [0x00000006c7200000,0x00000006c7ba2170,0x00000006d1900000)
 Metaspace       used 17392K, capacity 17642K, committed 17792K, reserved 1064960K
  class space    used 1548K, capacity 1630K, committed 1664K, reserved 1048576K
}
Event: 29.708 GC heap before
{Heap before GC invocations=49 (full 0):
 PSYoungGen      total 33280K, used 32800K [0x000000076d100000, 0x000000076f400000, 0x00000007c0000000)
  eden space 32768K, 100% used [0x000000076d100000,0x000000076f100000,0x000000076f100000)
  from space 512K, 6% used [0x000000076f380000,0x000000076f388000,0x000000076f400000)
  to   space 1536K, 0% used [0x000000076f100000,0x000000076f100000,0x000000076f280000)
 ParOldGen       total 171008K, used 9864K [0x00000006c7200000, 0x00000006d1900000, 0x000000076d100000)
  object space 171008K, 5% used [0x00000006c7200000,0x00000006c7ba2170,0x00000006d1900000)
 Metaspace       used 17396K, capacity 17642K, committed 17792K, reserved 1064960K
  class space    used 1548K, capacity 1630K, committed 1664K, reserved 1048576K
Event: 29.710 GC heap after
Heap after GC invocations=49 (full 0):
 PSYoungGen      total 33792K, used 64K [0x000000076d100000, 0x000000076f400000, 0x00000007c0000000)
  eden space 32256K, 0% used [0x000000076d100000,0x000000076d100000,0x000000076f080000)
  from space 1536K, 4% used [0x000000076f100000,0x000000076f110000,0x000000076f280000)
  to   space 1536K, 0% used [0x000000076f280000,0x000000076f280000,0x000000076f400000)
 ParOldGen       total 171008K, used 9864K [0x00000006c7200000, 0x00000006d1900000, 0x000000076d100000)
  object space 171008K, 5% used [0x00000006c7200000,0x00000006c7ba2170,0x00000006d1900000)
 Metaspace       used 17396K, capacity 17642K, committed 17792K, reserved 1064960K
  class space    used 1548K, capacity 1630K, committed 1664K, reserved 1048576K
}
Event: 30.057 GC heap before
{Heap before GC invocations=50 (full 0):
 PSYoungGen      total 33792K, used 32320K [0x000000076d100000, 0x000000076f400000, 0x00000007c0000000)
  eden space 32256K, 100% used [0x000000076d100000,0x000000076f080000,0x000000076f080000)
  from space 1536K, 4% used [0x000000076f100000,0x000000076f110000,0x000000076f280000)
  to   space 1536K, 0% used [0x000000076f280000,0x000000076f280000,0x000000076f400000)
 ParOldGen       total 171008K, used 9864K [0x00000006c7200000, 0x00000006d1900000, 0x000000076d100000)
  object space 171008K, 5% used [0x00000006c7200000,0x00000006c7ba2170,0x00000006d1900000)
 Metaspace       used 17398K, capacity 17642K, committed 17792K, reserved 1064960K
  class space    used 1548K, capacity 1630K, committed 1664K, reserved 1048576K
Event: 30.059 GC heap after
Heap after GC invocations=50 (full 0):
 PSYoungGen      total 32256K, used 32K [0x000000076d100000, 0x000000076f300000, 0x00000007c0000000)
  eden space 31744K, 0% used [0x000000076d100000,0x000000076d100000,0x000000076f000000)
  from space 512K, 6% used [0x000000076f280000,0x000000076f288000,0x000000076f300000)
  to   space 1536K, 0% used [0x000000076f000000,0x000000076f000000,0x000000076f180000)
 ParOldGen       total 171008K, used 9880K [0x00000006c7200000, 0x00000006d1900000, 0x000000076d100000)
  object space 171008K, 5% used [0x00000006c7200000,0x00000006c7ba6170,0x00000006d1900000)
 Metaspace       used 17398K, capacity 17642K, committed 17792K, reserved 1064960K
  class space    used 1548K, capacity 1630K, committed 1664K, reserved 1048576K
}
Event: 30.391 GC heap before
{Heap before GC invocations=51 (full 0):
 PSYoungGen      total 32256K, used 31776K [0x000000076d100000, 0x000000076f300000, 0x00000007c0000000)
  eden space 31744K, 100% used [0x000000076d100000,0x000000076f000000,0x000000076f000000)
  from space 512K, 6% used [0x000000076f280000,0x000000076f288000,0x000000076f300000)
  to   space 1536K, 0% used [0x000000076f000000,0x000000076f000000,0x000000076f180000)
 ParOldGen       total 171008K, used 9880K [0x00000006c7200000, 0x00000006d1900000, 0x000000076d100000)
  object space 171008K, 5% used [0x00000006c7200000,0x00000006c7ba6170,0x00000006d1900000)
 Metaspace       used 17398K, capacity 17642K, committed 17792K, reserved 1064960K
  class space    used 1548K, capacity 1630K, committed 1664K, reserved 1048576K
Event: 30.392 GC heap after
Heap after GC invocations=51 (full 0):
 PSYoungGen      total 32768K, used 32K [0x000000076d100000, 0x000000076f300000, 0x00000007c0000000)
  eden space 31232K, 0% used [0x000000076d100000,0x000000076d100000,0x000000076ef80000)
  from space 1536K, 2% used [0x000000076f000000,0x000000076f008000,0x000000076f180000)
  to   space 1536K, 0% used [0x000000076f180000,0x000000076f180000,0x000000076f300000)
 ParOldGen       total 171008K, used 9880K [0x00000006c7200000, 0x00000006d1900000, 0x000000076d100000)
  object space 171008K, 5% used [0x00000006c7200000,0x00000006c7ba6170,0x00000006d1900000)
 Metaspace       used 17398K, capacity 17642K, committed 17792K, reserved 1064960K
  class space    used 1548K, capacity 1630K, committed 1664K, reserved 1048576K
}
Event: 30.745 GC heap before
{Heap before GC invocations=52 (full 0):
 PSYoungGen      total 32768K, used 31264K [0x000000076d100000, 0x000000076f300000, 0x00000007c0000000)
  eden space 31232K, 100% used [0x000000076d100000,0x000000076ef80000,0x000000076ef80000)
  from space 1536K, 2% used [0x000000076f000000,0x000000076f008000,0x000000076f180000)
  to   space 1536K, 0% used [0x000000076f180000,0x000000076f180000,0x000000076f300000)
 ParOldGen       total 171008K, used 9880K [0x00000006c7200000, 0x00000006d1900000, 0x000000076d100000)
  object space 171008K, 5% used [0x00000006c7200000,0x00000006c7ba6170,0x00000006d1900000)
 Metaspace       used 17398K, capacity 17642K, committed 17792K, reserved 1064960K
  class space    used 1548K, capacity 1630K, committed 1664K, reserved 1048576K
Event: 30.746 GC heap after
Heap after GC invocations=52 (full 0):
 PSYoungGen      total 31744K, used 32K [0x000000076d100000, 0x000000076f200000, 0x00000007c0000000)
  eden space 31232K, 0% used [0x000000076d100000,0x000000076d100000,0x000000076ef80000)
  from space 512K, 6% used [0x000000076f180000,0x000000076f188000,0x000000076f200000)
  to   space 1024K, 0% used [0x000000076f000000,0x000000076f000000,0x000000076f100000)
 ParOldGen       total 171008K, used 9888K [0x00000006c7200000, 0x00000006d1900000, 0x000000076d100000)
  object space 171008K, 5% used [0x00000006c7200000,0x00000006c7ba8170,0x00000006d1900000)
 Metaspace       used 17398K, capacity 17642K, committed 17792K, reserved 1064960K
  class space    used 1548K, capacity 1630K, committed 1664K, reserved 1048576K
}

Deoptimization events (10 events):
Event: 2.022 Thread 0x00007fb0fc6ec800 Uncommon trap: reason=unstable_if action=reinterpret pc=0x00007fb0ebe3b1b4 method=java.util.StringTokenizer.scanToken(I)I @ 7
Event: 2.040 Thread 0x00007fb0fc6ec800 Uncommon trap: reason=unstable_if action=reinterpret pc=0x00007fb0ebd28418 method=sun.misc.MetaIndex.mayContain(Ljava/lang/String;)Z @ 38
Event: 2.086 Thread 0x00007fb0fc6ec800 Uncommon trap: reason=unstable_if action=reinterpret pc=0x00007fb0ebe65f4c method=javax.sound.sampled.AudioFormat.matches(Ljavax/sound/sampled/AudioFormat;)Z @ 112
Event: 2.110 Thread 0x00007fb06812f000 Uncommon trap: reason=unstable_if action=reinterpret pc=0x00007fb0ebe69a80 method=ddf.minim.javasound.FloatSampleTools.quantize16(FF)I @ 42
Event: 2.346 Thread 0x00007fb0fc6ec800 Uncommon trap: reason=unstable_if action=reinterpret pc=0x00007fb0ebefd7f4 method=processing.opengl.PGraphicsOpenGL$Tessellator.addLineSegment3D(IIIII[SZ)I @ 68
Event: 5.611 Thread 0x00007fb0fc6ec800 Uncommon trap: reason=unstable_if action=reinterpret pc=0x00007fb0ebfe09a4 method=sun.misc.FloatingDecimal$BinaryToASCIIBuffer.estimateDecExp(JI)I @ 66
Event: 5.611 Thread 0x00007fb0fc6ec800 Uncommon trap: reason=unstable_if action=reinterpret pc=0x00007fb0ec01cbc8 method=sun.misc.FloatingDecimal$BinaryToASCIIBuffer.getChars([C)I @ 47
Event: 9.570 Thread 0x00007fb0fc6ec800 Uncommon trap: reason=unstable_if action=reinterpret pc=0x00007fb0ec0bc468 method=sun.misc.FloatingDecimal$BinaryToASCIIBuffer.dtoa(IJIZ)V @ 97
Event: 10.168 Thread 0x00007fb0fc6ec800 Uncommon trap: reason=unstable_if action=reinterpret pc=0x00007fb0ec128c10 method=sun.misc.FloatingDecimal$BinaryToASCIIBuffer.dtoa(IJIZ)V @ 639
Event: 20.727 Thread 0x00007fb0fc6ec800 Uncommon trap: reason=unstable_if action=reinterpret pc=0x00007fb0ec139a8c method=sun.misc.FloatingDecimal$BinaryToASCIIBuffer.dtoa(IJIZ)V @ 1459

Internal exceptions (10 events):
Event: 0.661 Thread 0x00007fb0fc00f800 Exception <a 'java/security/PrivilegedActionException'> (0x000000076d66e380) thrown at [/HUDSON/workspace/8-2-build-linux-amd64/jdk8u51/3951/hotspot/src/share/vm/prims/jvm.cpp, line 1382]
Event: 0.661 Thread 0x00007fb0fc00f800 Exception <a 'java/security/PrivilegedActionException'> (0x000000076d66e538) thrown at [/HUDSON/workspace/8-2-build-linux-amd64/jdk8u51/3951/hotspot/src/share/vm/prims/jvm.cpp, line 1382]
Event: 0.662 Thread 0x00007fb0fc00f800 Exception <a 'java/security/PrivilegedActionException'> (0x000000076d6707f0) thrown at [/HUDSON/workspace/8-2-build-linux-amd64/jdk8u51/3951/hotspot/src/share/vm/prims/jvm.cpp, line 1382]
Event: 0.662 Thread 0x00007fb0fc00f800 Exception <a 'java/security/PrivilegedActionException'> (0x000000076d6709a8) thrown at [/HUDSON/workspace/8-2-build-linux-amd64/jdk8u51/3951/hotspot/src/share/vm/prims/jvm.cpp, line 1382]
Event: 0.666 Thread 0x00007fb0fc00f800 Exception <a 'java/io/FileNotFoundException'> (0x000000076d67a700) thrown at [/HUDSON/workspace/8-2-build-linux-amd64/jdk8u51/3951/hotspot/src/share/vm/prims/jni.cpp, line 709]
Event: 0.666 Thread 0x00007fb0fc00f800 Exception <a 'java/io/FileNotFoundException'> (0x000000076d67b088) thrown at [/HUDSON/workspace/8-2-build-linux-amd64/jdk8u51/3951/hotspot/src/share/vm/prims/jni.cpp, line 709]
Event: 0.736 Thread 0x00007fb0fc00f800 Exception <a 'java/lang/NoSuchFieldError': method resolution failed> (0x000000076d780fe8) thrown at [/HUDSON/workspace/8-2-build-linux-amd64/jdk8u51/3951/hotspot/src/share/vm/prims/methodHandles.cpp, line 1125]
Event: 0.739 Thread 0x00007fb0fc00f800 Exception <a 'java/lang/NoSuchFieldError': method resolution failed> (0x000000076d78f9a8) thrown at [/HUDSON/workspace/8-2-build-linux-amd64/jdk8u51/3951/hotspot/src/share/vm/prims/methodHandles.cpp, line 1125]
Event: 1.688 Thread 0x00007fb0fc00f800 Exception <a 'java/lang/InterruptedException'> (0x000000076f2928b0) thrown at [/HUDSON/workspace/8-2-build-linux-amd64/jdk8u51/3951/hotspot/src/share/vm/runtime/objectMonitor.cpp, line 1683]
Event: 1.877 Thread 0x00007fb0fc00f800 Exception <a 'java/lang/InterruptedException'> (0x000000076f29dd50) thrown at [/HUDSON/workspace/8-2-build-linux-amd64/jdk8u51/3951/hotspot/src/share/vm/runtime/objectMonitor.cpp, line 1683]

Events (10 events):
Event: 30.826 Thread 0x00007fb0fc6ec800 DEOPT PACKING pc=0x00007fb0ec17efac sp=0x00007fb076188ff0
Event: 30.826 Thread 0x00007fb0fc6ec800 DEOPT UNPACKING pc=0x00007fb0ebad1633 sp=0x00007fb076188d48 mode 1
Event: 30.834 Thread 0x00007fb0fc0d3800 flushing nmethod 0x00007fb0ebb88190
Event: 30.834 Thread 0x00007fb0fc0d3800 flushing nmethod 0x00007fb0ebb88510
Event: 30.834 Thread 0x00007fb0fc0d3800 flushing nmethod 0x00007fb0ebba6990
Event: 30.834 Thread 0x00007fb0fc0d3800 flushing nmethod 0x00007fb0ebba8a10
Event: 30.834 Thread 0x00007fb0fc0d3800 flushing nmethod 0x00007fb0ebbb3950
Event: 30.834 Thread 0x00007fb0fc0d3800 flushing nmethod 0x00007fb0ebbb5850
Event: 30.834 Thread 0x00007fb0fc0d3800 flushing nmethod 0x00007fb0ebbc1250
Event: 30.844 Thread 0x00007fb0fc6ec800 Thread exited: 0x00007fb0fc6ec800


Dynamic libraries:
00400000-00401000 r-xp 00000000 08:02 6695910                            /usr/bin/processing-3.0/java/bin/java
00600000-00601000 rw-p 00000000 08:02 6695910                            /usr/bin/processing-3.0/java/bin/java
0132f000-01350000 rw-p 00000000 00:00 0                                  [heap]
6c7200000-6d1900000 rw-p 00000000 00:00 0 
6d1900000-76d100000 ---p 00000000 00:00 0 
76d100000-76f200000 rw-p 00000000 00:00 0 
76f200000-7c0000000 ---p 00000000 00:00 0 
7c0000000-7c01a0000 rw-p 00000000 00:00 0 
7c01a0000-800000000 ---p 00000000 00:00 0 
7fb057fff000-7fb05c000000 r--s 00000000 00:16 18791                      /run/shm/pulse-shm-3302753902
7fb05c000000-7fb05c021000 rw-p 00000000 00:00 0 
7fb05c021000-7fb060000000 ---p 00000000 00:00 0 
7fb063fff000-7fb068000000 rw-s 00000000 00:16 154044                     /run/shm/pulse-shm-795363037
7fb068000000-7fb068bc7000 rw-p 00000000 00:00 0 
7fb068bc7000-7fb06c000000 ---p 00000000 00:00 0 
7fb06e9d3000-7fb06e9d4000 ---p 00000000 00:00 0 
7fb06e9d4000-7fb06f1d4000 rw-p 00000000 00:00 0 
7fb06f1d4000-7fb06f1d5000 ---p 00000000 00:00 0 
7fb06f1d5000-7fb06f9d5000 rw-p 00000000 00:00 0                          [stack:9691]
7fb06f9d5000-7fb06f9db000 r-xp 00000000 08:02 6947199                    /usr/lib/x86_64-linux-gnu/alsa-lib/libasound_module_pcm_pulse.so
7fb06f9db000-7fb06fbda000 ---p 00006000 08:02 6947199                    /usr/lib/x86_64-linux-gnu/alsa-lib/libasound_module_pcm_pulse.so
7fb06fbda000-7fb06fbdb000 r--p 00005000 08:02 6947199                    /usr/lib/x86_64-linux-gnu/alsa-lib/libasound_module_pcm_pulse.so
7fb06fbdb000-7fb06fbdc000 rw-p 00006000 08:02 6947199                    /usr/lib/x86_64-linux-gnu/alsa-lib/libasound_module_pcm_pulse.so
7fb06fbdc000-7fb06fbf3000 r-xp 00000000 08:02 13635816                   /lib/x86_64-linux-gnu/libresolv-2.19.so
7fb06fbf3000-7fb06fdf3000 ---p 00017000 08:02 13635816                   /lib/x86_64-linux-gnu/libresolv-2.19.so
7fb06fdf3000-7fb06fdf4000 r--p 00017000 08:02 13635816                   /lib/x86_64-linux-gnu/libresolv-2.19.so
7fb06fdf4000-7fb06fdf5000 rw-p 00018000 08:02 13635816                   /lib/x86_64-linux-gnu/libresolv-2.19.so
7fb06fdf5000-7fb06fdf7000 rw-p 00000000 00:00 0 
7fb06fdf7000-7fb06fdfe000 r-xp 00000000 08:02 6562227                    /usr/lib/x86_64-linux-gnu/libogg.so.0.8.1
7fb06fdfe000-7fb06fffe000 ---p 00007000 08:02 6562227                    /usr/lib/x86_64-linux-gnu/libogg.so.0.8.1
7fb06fffe000-7fb06ffff000 r--p 00007000 08:02 6562227                    /usr/lib/x86_64-linux-gnu/libogg.so.0.8.1
7fb06ffff000-7fb070000000 rw-p 00008000 08:02 6562227                    /usr/lib/x86_64-linux-gnu/libogg.so.0.8.1
7fb070000000-7fb070021000 rw-p 00000000 00:00 0 
7fb070021000-7fb074000000 ---p 00000000 00:00 0 
7fb074028000-7fb074054000 r-xp 00000000 08:02 6562501                    /usr/lib/x86_64-linux-gnu/libvorbis.so.0.4.5
7fb074054000-7fb074253000 ---p 0002c000 08:02 6562501                    /usr/lib/x86_64-linux-gnu/libvorbis.so.0.4.5
7fb074253000-7fb074254000 r--p 0002b000 08:02 6562501                    /usr/lib/x86_64-linux-gnu/libvorbis.so.0.4.5
7fb074254000-7fb074255000 rw-p 0002c000 08:02 6562501                    /usr/lib/x86_64-linux-gnu/libvorbis.so.0.4.5
7fb074255000-7fb074508000 r-xp 00000000 08:02 6562503                    /usr/lib/x86_64-linux-gnu/libvorbisenc.so.2.0.8
7fb074508000-7fb074707000 ---p 002b3000 08:02 6562503                    /usr/lib/x86_64-linux-gnu/libvorbisenc.so.2.0.8
7fb074707000-7fb074723000 r--p 002b2000 08:02 6562503                    /usr/lib/x86_64-linux-gnu/libvorbisenc.so.2.0.8
7fb074723000-7fb074724000 rw-p 002ce000 08:02 6562503                    /usr/lib/x86_64-linux-gnu/libvorbisenc.so.2.0.8
7fb074724000-7fb074754000 r-xp 00000000 08:02 6561366                    /usr/lib/x86_64-linux-gnu/libFLAC.so.8.3.0
7fb074754000-7fb074953000 ---p 00030000 08:02 6561366                    /usr/lib/x86_64-linux-gnu/libFLAC.so.8.3.0
7fb074953000-7fb074954000 r--p 0002f000 08:02 6561366                    /usr/lib/x86_64-linux-gnu/libFLAC.so.8.3.0
7fb074954000-7fb074955000 rw-p 00030000 08:02 6561366                    /usr/lib/x86_64-linux-gnu/libFLAC.so.8.3.0
7fb074955000-7fb07495a000 r-xp 00000000 08:02 6561598                    /usr/lib/x86_64-linux-gnu/libasyncns.so.0.3.1
7fb07495a000-7fb074b59000 ---p 00005000 08:02 6561598                    /usr/lib/x86_64-linux-gnu/libasyncns.so.0.3.1
7fb074b59000-7fb074b5a000 r--p 00004000 08:02 6561598                    /usr/lib/x86_64-linux-gnu/libasyncns.so.0.3.1
7fb074b5a000-7fb074b5b000 rw-p 00005000 08:02 6561598                    /usr/lib/x86_64-linux-gnu/libasyncns.so.0.3.1
7fb074b5b000-7fb074bbc000 r-xp 00000000 08:02 6562384                    /usr/lib/x86_64-linux-gnu/libsndfile.so.1.0.25
7fb074bbc000-7fb074dbc000 ---p 00061000 08:02 6562384                    /usr/lib/x86_64-linux-gnu/libsndfile.so.1.0.25
7fb074dbc000-7fb074dbe000 r--p 00061000 08:02 6562384                    /usr/lib/x86_64-linux-gnu/libsndfile.so.1.0.25
7fb074dbe000-7fb074dbf000 rw-p 00063000 08:02 6562384                    /usr/lib/x86_64-linux-gnu/libsndfile.so.1.0.25
7fb074dbf000-7fb074dc3000 rw-p 00000000 00:00 0 
7fb074dc3000-7fb074dcb000 r-xp 00000000 08:02 13635850                   /lib/x86_64-linux-gnu/libwrap.so.0.7.6
7fb074dcb000-7fb074fca000 ---p 00008000 08:02 13635850                   /lib/x86_64-linux-gnu/libwrap.so.0.7.6
7fb074fca000-7fb074fcb000 r--p 00007000 08:02 13635850                   /lib/x86_64-linux-gnu/libwrap.so.0.7.6
7fb074fcb000-7fb074fcc000 rw-p 00008000 08:02 13635850                   /lib/x86_64-linux-gnu/libwrap.so.0.7.6
7fb074fcc000-7fb074fcd000 rw-p 00000000 00:00 0 
7fb074fcd000-7fb075033000 r-xp 00000000 08:02 6948471                    /usr/lib/x86_64-linux-gnu/pulseaudio/libpulsecommon-4.0.so
7fb075033000-7fb075232000 ---p 00066000 08:02 6948471                    /usr/lib/x86_64-linux-gnu/pulseaudio/libpulsecommon-4.0.so
7fb075232000-7fb075233000 r--p 00065000 08:02 6948471                    /usr/lib/x86_64-linux-gnu/pulseaudio/libpulsecommon-4.0.so
7fb075233000-7fb075234000 rw-p 00066000 08:02 6948471                    /usr/lib/x86_64-linux-gnu/pulseaudio/libpulsecommon-4.0.so
7fb075234000-7fb07523e000 r-xp 00000000 08:02 13635730                   /lib/x86_64-linux-gnu/libjson-c.so.2.0.0
7fb07523e000-7fb07543d000 ---p 0000a000 08:02 13635730                   /lib/x86_64-linux-gnu/libjson-c.so.2.0.0
7fb07543d000-7fb07543e000 r--p 00009000 08:02 13635730                   /lib/x86_64-linux-gnu/libjson-c.so.2.0.0
7fb07543e000-7fb07543f000 rw-p 0000a000 08:02 13635730                   /lib/x86_64-linux-gnu/libjson-c.so.2.0.0
7fb07543f000-7fb075486000 r-xp 00000000 08:02 6562296                    /usr/lib/x86_64-linux-gnu/libpulse.so.0.16.2
7fb075486000-7fb075686000 ---p 00047000 08:02 6562296                    /usr/lib/x86_64-linux-gnu/libpulse.so.0.16.2
7fb075686000-7fb075687000 r--p 00047000 08:02 6562296                    /usr/lib/x86_64-linux-gnu/libpulse.so.0.16.2
7fb075687000-7fb075688000 rw-p 00048000 08:02 6562296                    /usr/lib/x86_64-linux-gnu/libpulse.so.0.16.2
7fb07588a000-7fb075973000 r-xp 00000000 08:02 6561590                    /usr/lib/x86_64-linux-gnu/libasound.so.2.0.0
7fb075973000-7fb075b72000 ---p 000e9000 08:02 6561590                    /usr/lib/x86_64-linux-gnu/libasound.so.2.0.0
7fb075b72000-7fb075b79000 r--p 000e8000 08:02 6561590                    /usr/lib/x86_64-linux-gnu/libasound.so.2.0.0
7fb075b79000-7fb075b7a000 rw-p 000ef000 08:02 6561590                    /usr/lib/x86_64-linux-gnu/libasound.so.2.0.0
7fb075b7a000-7fb075b89000 r-xp 00000000 08:02 8012164                    /usr/bin/processing-3.0/java/lib/amd64/libjsoundalsa.so
7fb075b89000-7fb075d88000 ---p 0000f000 08:02 8012164                    /usr/bin/processing-3.0/java/lib/amd64/libjsoundalsa.so
7fb075d88000-7fb075d89000 rw-p 0000e000 08:02 8012164                    /usr/bin/processing-3.0/java/lib/amd64/libjsoundalsa.so
7fb075d89000-7fb075d8a000 r-xp 00000000 08:02 8012181                    /usr/bin/processing-3.0/java/lib/amd64/libjsound.so
7fb075d8a000-7fb075f89000 ---p 00001000 08:02 8012181                    /usr/bin/processing-3.0/java/lib/amd64/libjsound.so
7fb075f89000-7fb075f8a000 rw-p 00000000 08:02 8012181                    /usr/bin/processing-3.0/java/lib/amd64/libjsound.so
7fb075f8a000-7fb07608a000 rw-s 148f06000 00:06 10208                     /dev/dri/card0
7fb07608a000-7fb07608d000 ---p 00000000 00:00 0 
7fb07608d000-7fb07618b000 rw-p 00000000 00:00 0 
7fb07618b000-7fb07618e000 ---p 00000000 00:00 0 
7fb07618e000-7fb07644c000 rw-p 00000000 00:00 0                          [stack:9676]
7fb07644c000-7fb07648c000 ---p 00000000 00:00 0 
7fb07648c000-7fb0764d0000 r-xp 00000000 08:02 13635704                   /lib/x86_64-linux-gnu/libdbus-1.so.3.7.6
7fb0764d0000-7fb0766cf000 ---p 00044000 08:02 13635704                   /lib/x86_64-linux-gnu/libdbus-1.so.3.7.6
7fb0766cf000-7fb0766d0000 r--p 00043000 08:02 13635704                   /lib/x86_64-linux-gnu/libdbus-1.so.3.7.6
7fb0766d0000-7fb0766d1000 rw-p 00044000 08:02 13635704                   /lib/x86_64-linux-gnu/libdbus-1.so.3.7.6
7fb0766d1000-7fb0766d9000 r-xp 00000000 08:02 13635752                   /lib/x86_64-linux-gnu/libnih-dbus.so.1.0.0
7fb0766d9000-7fb0768d9000 ---p 00008000 08:02 13635752                   /lib/x86_64-linux-gnu/libnih-dbus.so.1.0.0
7fb0768d9000-7fb0768da000 r--p 00008000 08:02 13635752                   /lib/x86_64-linux-gnu/libnih-dbus.so.1.0.0
7fb0768da000-7fb0768db000 rw-p 00009000 08:02 13635752                   /lib/x86_64-linux-gnu/libnih-dbus.so.1.0.0
7fb0768db000-7fb0768f2000 r-xp 00000000 08:02 13635754                   /lib/x86_64-linux-gnu/libnih.so.1.0.0
7fb0768f2000-7fb076af1000 ---p 00017000 08:02 13635754                   /lib/x86_64-linux-gnu/libnih.so.1.0.0
7fb076af1000-7fb076af2000 r--p 00016000 08:02 13635754                   /lib/x86_64-linux-gnu/libnih.so.1.0.0
7fb076af2000-7fb076af3000 rw-p 00017000 08:02 13635754                   /lib/x86_64-linux-gnu/libnih.so.1.0.0
7fb076af3000-7fb076b0c000 r-xp 00000000 08:02 13635695                   /lib/x86_64-linux-gnu/libcgmanager.so.0.0.0
7fb076b0c000-7fb076d0b000 ---p 00019000 08:02 13635695                   /lib/x86_64-linux-gnu/libcgmanager.so.0.0.0
7fb076d0b000-7fb076d0d000 r--p 00018000 08:02 13635695                   /lib/x86_64-linux-gnu/libcgmanager.so.0.0.0
7fb076d0d000-7fb076d0e000 rw-p 0001a000 08:02 13635695                   /lib/x86_64-linux-gnu/libcgmanager.so.0.0.0
7fb076d0e000-7fb076d1e000 r-xp 00000000 08:02 13635838                   /lib/x86_64-linux-gnu/libudev.so.1.3.5
7fb076d1e000-7fb076f1d000 ---p 00010000 08:02 13635838                   /lib/x86_64-linux-gnu/libudev.so.1.3.5
7fb076f1d000-7fb076f1e000 r--p 0000f000 08:02 13635838                   /lib/x86_64-linux-gnu/libudev.so.1.3.5
7fb076f1e000-7fb076f1f000 rw-p 00010000 08:02 13635838                   /lib/x86_64-linux-gnu/libudev.so.1.3.5
7fb076f1f000-7fb076f56000 r-xp 00000000 08:02 6562454                    /usr/lib/x86_64-linux-gnu/libtxc_dxtn_s2tc.so.0.0.0
7fb076f56000-7fb077155000 ---p 00037000 08:02 6562454                    /usr/lib/x86_64-linux-gnu/libtxc_dxtn_s2tc.so.0.0.0
7fb077155000-7fb077156000 r--p 00036000 08:02 6562454                    /usr/lib/x86_64-linux-gnu/libtxc_dxtn_s2tc.so.0.0.0
7fb077156000-7fb077157000 rw-p 00037000 08:02 6562454                    /usr/lib/x86_64-linux-gnu/libtxc_dxtn_s2tc.so.0.0.0
7fb077157000-7fb07716f000 r-xp 00000000 08:02 13635853                   /lib/x86_64-linux-gnu/libz.so.1.2.8
7fb07716f000-7fb07736e000 ---p 00018000 08:02 13635853                   /lib/x86_64-linux-gnu/libz.so.1.2.8
7fb07736e000-7fb07736f000 r--p 00017000 08:02 13635853                   /lib/x86_64-linux-gnu/libz.so.1.2.8
7fb07736f000-7fb077370000 rw-p 00018000 08:02 13635853                   /lib/x86_64-linux-gnu/libz.so.1.2.8
7fb077370000-7fb077378000 r-xp 00000000 08:02 6562259                    /usr/lib/x86_64-linux-gnu/libpciaccess.so.0.11.1
7fb077378000-7fb077577000 ---p 00008000 08:02 6562259                    /usr/lib/x86_64-linux-gnu/libpciaccess.so.0.11.1
7fb077577000-7fb077578000 r--p 00007000 08:02 6562259                    /usr/lib/x86_64-linux-gnu/libpciaccess.so.0.11.1
7fb077578000-7fb077579000 rw-p 00008000 08:02 6562259                    /usr/lib/x86_64-linux-gnu/libpciaccess.so.0.11.1
7fb077579000-7fb07765f000 r-xp 00000000 08:02 6562412                    /usr/lib/x86_64-linux-gnu/libstdc++.so.6.0.19
7fb07765f000-7fb07785e000 ---p 000e6000 08:02 6562412                    /usr/lib/x86_64-linux-gnu/libstdc++.so.6.0.19
7fb07785e000-7fb077866000 r--p 000e5000 08:02 6562412                    /usr/lib/x86_64-linux-gnu/libstdc++.so.6.0.19
7fb077866000-7fb077868000 rw-p 000ed000 08:02 6562412                    /usr/lib/x86_64-linux-gnu/libstdc++.so.6.0.19
7fb077868000-7fb07787d000 rw-p 00000000 00:00 0 
7fb07787d000-7fb077dd1000 r-xp 00000000 08:02 6947244                    /usr/lib/x86_64-linux-gnu/dri/i965_dri.so
7fb077dd1000-7fb077fd1000 ---p 00554000 08:02 6947244                    /usr/lib/x86_64-linux-gnu/dri/i965_dri.so
7fb077fd1000-7fb077ff2000 r--p 00554000 08:02 6947244                    /usr/lib/x86_64-linux-gnu/dri/i965_dri.so
7fb077ff2000-7fb077ff9000 rw-p 00575000 08:02 6947244                    /usr/lib/x86_64-linux-gnu/dri/i965_dri.so
7fb077ff9000-7fb078000000 rw-p 00000000 00:00 0 
7fb078000000-7fb07aded000 rw-p 00000000 00:00 0 
7fb07aded000-7fb07c000000 ---p 00000000 00:00 0 
7fb07c000000-7fb07ee0e000 rw-p 00000000 00:00 0 
7fb07ee0e000-7fb080000000 ---p 00000000 00:00 0 
7fb080000000-7fb08074e000 rw-p 00000000 00:00 0 
7fb08074e000-7fb084000000 ---p 00000000 00:00 0 
7fb08406c000-7fb084078000 r-xp 00000000 08:02 6561756                    /usr/lib/x86_64-linux-gnu/libdrm_radeon.so.1.0.1
7fb084078000-7fb084277000 ---p 0000c000 08:02 6561756                    /usr/lib/x86_64-linux-gnu/libdrm_radeon.so.1.0.1
7fb084277000-7fb084278000 r--p 0000b000 08:02 6561756                    /usr/lib/x86_64-linux-gnu/libdrm_radeon.so.1.0.1
7fb084278000-7fb084279000 rw-p 0000c000 08:02 6561756                    /usr/lib/x86_64-linux-gnu/libdrm_radeon.so.1.0.1
7fb084279000-7fb08427f000 r-xp 00000000 08:02 6561754                    /usr/lib/x86_64-linux-gnu/libdrm_nouveau.so.2.0.0
7fb08427f000-7fb08447e000 ---p 00006000 08:02 6561754                    /usr/lib/x86_64-linux-gnu/libdrm_nouveau.so.2.0.0
7fb08447e000-7fb08447f000 r--p 00005000 08:02 6561754                    /usr/lib/x86_64-linux-gnu/libdrm_nouveau.so.2.0.0
7fb08447f000-7fb084480000 rw-p 00006000 08:02 6561754                    /usr/lib/x86_64-linux-gnu/libdrm_nouveau.so.2.0.0
7fb084480000-7fb0844a0000 r-xp 00000000 08:02 6561752                    /usr/lib/x86_64-linux-gnu/libdrm_intel.so.1.0.0
7fb0844a0000-7fb08469f000 ---p 00020000 08:02 6561752                    /usr/lib/x86_64-linux-gnu/libdrm_intel.so.1.0.0
7fb08469f000-7fb0846a0000 r--p 0001f000 08:02 6561752                    /usr/lib/x86_64-linux-gnu/libdrm_intel.so.1.0.0
7fb0846a0000-7fb0846a1000 rw-p 00020000 08:02 6561752                    /usr/lib/x86_64-linux-gnu/libdrm_intel.so.1.0.0
7fb0846a1000-7fb0846a4000 ---p 00000000 00:00 0 
7fb0846a4000-7fb0847a2000 rw-p 00000000 00:00 0                          [stack:9675]
7fb0847a2000-7fb0847fb000 r-xp 00000000 08:02 4461996                    /tmp/jogamp_0000/file_cache/jln6963169442408388264/jln2963282633391294047/libjogl_mobile.so
7fb0847fb000-7fb0849fb000 ---p 00059000 08:02 4461996                    /tmp/jogamp_0000/file_cache/jln6963169442408388264/jln2963282633391294047/libjogl_mobile.so
7fb0849fb000-7fb0849fc000 rw-p 00059000 08:02 4461996                    /tmp/jogamp_0000/file_cache/jln6963169442408388264/jln2963282633391294047/libjogl_mobile.so
7fb0849fc000-7fb084a03000 r-xp 00000000 08:02 6561790                    /usr/lib/x86_64-linux-gnu/libffi.so.6.0.1
7fb084a03000-7fb084c02000 ---p 00007000 08:02 6561790                    /usr/lib/x86_64-linux-gnu/libffi.so.6.0.1
7fb084c02000-7fb084c03000 r--p 00006000 08:02 6561790                    /usr/lib/x86_64-linux-gnu/libffi.so.6.0.1
7fb084c03000-7fb084c04000 rw-p 00007000 08:02 6561790                    /usr/lib/x86_64-linux-gnu/libffi.so.6.0.1
7fb084c04000-7fb084c10000 r-xp 00000000 08:02 6561843                    /usr/lib/x86_64-linux-gnu/libgbm.so.1.0.0
7fb084c10000-7fb084e10000 ---p 0000c000 08:02 6561843                    /usr/lib/x86_64-linux-gnu/libgbm.so.1.0.0
7fb084e10000-7fb084e11000 r--p 0000c000 08:02 6561843                    /usr/lib/x86_64-linux-gnu/libgbm.so.1.0.0
7fb084e11000-7fb084e12000 rw-p 0000d000 08:02 6561843                    /usr/lib/x86_64-linux-gnu/libgbm.so.1.0.0
7fb084e12000-7fb084e21000 r-xp 00000000 08:02 6562520                    /usr/lib/x86_64-linux-gnu/libwayland-server.so.0.1.0
7fb084e21000-7fb085020000 ---p 0000f000 08:02 6562520                    /usr/lib/x86_64-linux-gnu/libwayland-server.so.0.1.0
7fb085020000-7fb085022000 r--p 0000e000 08:02 6562520                    /usr/lib/x86_64-linux-gnu/libwayland-server.so.0.1.0
7fb085022000-7fb085023000 rw-p 00010000 08:02 6562520                    /usr/lib/x86_64-linux-gnu/libwayland-server.so.0.1.0
7fb085023000-7fb08502e000 r-xp 00000000 08:02 6562514                    /usr/lib/x86_64-linux-gnu/libwayland-client.so.0.2.0
7fb08502e000-7fb08522d000 ---p 0000b000 08:02 6562514                    /usr/lib/x86_64-linux-gnu/libwayland-client.so.0.2.0
7fb08522d000-7fb08522f000 r--p 0000a000 08:02 6562514                    /usr/lib/x86_64-linux-gnu/libwayland-client.so.0.2.0
7fb08522f000-7fb085230000 rw-p 0000c000 08:02 6562514                    /usr/lib/x86_64-linux-gnu/libwayland-client.so.0.2.0
7fb085230000-7fb085235000 r-xp 00000000 08:02 6562570                    /usr/lib/x86_64-linux-gnu/libxcb-xfixes.so.0.0.0
7fb085235000-7fb085435000 ---p 00005000 08:02 6562570                    /usr/lib/x86_64-linux-gnu/libxcb-xfixes.so.0.0.0
7fb085435000-7fb085436000 r--p 00005000 08:02 6562570                    /usr/lib/x86_64-linux-gnu/libxcb-xfixes.so.0.0.0
7fb085436000-7fb085437000 rw-p 00006000 08:02 6562570                    /usr/lib/x86_64-linux-gnu/libxcb-xfixes.so.0.0.0
7fb085437000-7fb08545e000 r-xp 00000000 08:02 6948353                    /usr/lib/x86_64-linux-gnu/mesa-egl/libEGL.so.1.0.0
7fb08545e000-7fb08565e000 ---p 00027000 08:02 6948353                    /usr/lib/x86_64-linux-gnu/mesa-egl/libEGL.so.1.0.0
7fb08565e000-7fb08565f000 r--p 00027000 08:02 6948353                    /usr/lib/x86_64-linux-gnu/mesa-egl/libEGL.so.1.0.0
7fb08565f000-7fb085660000 rw-p 00028000 08:02 6948353                    /usr/lib/x86_64-linux-gnu/mesa-egl/libEGL.so.1.0.0
7fb085660000-7fb085661000 rw-p 00000000 00:00 0 
7fb085661000-7fb085667000 r-xp 00000000 08:02 6948357                    /usr/lib/x86_64-linux-gnu/mesa-egl/libGLESv2.so.2.0.0
7fb085667000-7fb085866000 ---p 00006000 08:02 6948357                    /usr/lib/x86_64-linux-gnu/mesa-egl/libGLESv2.so.2.0.0
7fb085866000-7fb085867000 r--p 00005000 08:02 6948357                    /usr/lib/x86_64-linux-gnu/mesa-egl/libGLESv2.so.2.0.0
7fb085867000-7fb085868000 rw-p 00006000 08:02 6948357                    /usr/lib/x86_64-linux-gnu/mesa-egl/libGLESv2.so.2.0.0
7fb085868000-7fb08586b000 ---p 00000000 00:00 0 
7fb08586b000-7fb085969000 rw-p 00000000 00:00 0                          [stack:9674]
7fb085969000-7fb085a1c000 r-xp 00000000 08:02 4461995                    /tmp/jogamp_0000/file_cache/jln6963169442408388264/jln2963282633391294047/libjogl_desktop.so
7fb085a1c000-7fb085c1c000 ---p 000b3000 08:02 4461995                    /tmp/jogamp_0000/file_cache/jln6963169442408388264/jln2963282633391294047/libjogl_desktop.so
7fb085c1c000-7fb085c1d000 rw-p 000b3000 08:02 4461995                    /tmp/jogamp_0000/file_cache/jln6963169442408388264/jln2963282633391294047/libjogl_desktop.so
7fb085c1d000-7fb085c28000 r-xp 00000000 08:02 6561750                    /usr/lib/x86_64-linux-gnu/libdrm.so.2.4.0
7fb085c28000-7fb085e27000 ---p 0000b000 08:02 6561750                    /usr/lib/x86_64-linux-gnu/libdrm.so.2.4.0
7fb085e27000-7fb085e28000 r--p 0000a000 08:02 6561750                    /usr/lib/x86_64-linux-gnu/libdrm.so.2.4.0
7fb085e28000-7fb085e29000 rw-p 0000b000 08:02 6561750                    /usr/lib/x86_64-linux-gnu/libdrm.so.2.4.0
7fb085e29000-7fb085e2a000 r-xp 00000000 08:02 6562584                    /usr/lib/x86_64-linux-gnu/libxshmfence.so.1.0.0
7fb085e2a000-7fb086029000 ---p 00001000 08:02 6562584                    /usr/lib/x86_64-linux-gnu/libxshmfence.so.1.0.0
7fb086029000-7fb08602a000 r--p 00000000 08:02 6562584                    /usr/lib/x86_64-linux-gnu/libxshmfence.so.1.0.0
7fb08602a000-7fb08602b000 rw-p 00001000 08:02 6562584                    /usr/lib/x86_64-linux-gnu/libxshmfence.so.1.0.0
7fb08602b000-7fb086030000 r-xp 00000000 08:02 6562566                    /usr/lib/x86_64-linux-gnu/libxcb-sync.so.1.0.0
7fb086030000-7fb08622f000 ---p 00005000 08:02 6562566                    /usr/lib/x86_64-linux-gnu/libxcb-sync.so.1.0.0
7fb08622f000-7fb086230000 r--p 00004000 08:02 6562566                    /usr/lib/x86_64-linux-gnu/libxcb-sync.so.1.0.0
7fb086230000-7fb086231000 rw-p 00005000 08:02 6562566                    /usr/lib/x86_64-linux-gnu/libxcb-sync.so.1.0.0
7fb086231000-7fb086233000 r-xp 00000000 08:02 6562554                    /usr/lib/x86_64-linux-gnu/libxcb-present.so.0.0.0
7fb086233000-7fb086432000 ---p 00002000 08:02 6562554                    /usr/lib/x86_64-linux-gnu/libxcb-present.so.0.0.0
7fb086432000-7fb086433000 r--p 00001000 08:02 6562554                    /usr/lib/x86_64-linux-gnu/libxcb-present.so.0.0.0
7fb086433000-7fb086434000 rw-p 00002000 08:02 6562554                    /usr/lib/x86_64-linux-gnu/libxcb-present.so.0.0.0
7fb086434000-7fb086436000 r-xp 00000000 08:02 6562544                    /usr/lib/x86_64-linux-gnu/libxcb-dri3.so.0.0.0
7fb086436000-7fb086635000 ---p 00002000 08:02 6562544                    /usr/lib/x86_64-linux-gnu/libxcb-dri3.so.0.0.0
7fb086635000-7fb086636000 r--p 00001000 08:02 6562544                    /usr/lib/x86_64-linux-gnu/libxcb-dri3.so.0.0.0
7fb086636000-7fb086637000 rw-p 00002000 08:02 6562544                    /usr/lib/x86_64-linux-gnu/libxcb-dri3.so.0.0.0
7fb086637000-7fb08663a000 r-xp 00000000 08:02 6562542                    /usr/lib/x86_64-linux-gnu/libxcb-dri2.so.0.0.0
7fb08663a000-7fb08683a000 ---p 00003000 08:02 6562542                    /usr/lib/x86_64-linux-gnu/libxcb-dri2.so.0.0.0
7fb08683a000-7fb08683b000 r--p 00003000 08:02 6562542                    /usr/lib/x86_64-linux-gnu/libxcb-dri2.so.0.0.0
7fb08683b000-7fb08683c000 rw-p 00004000 08:02 6562542                    /usr/lib/x86_64-linux-gnu/libxcb-dri2.so.0.0.0
7fb08683c000-7fb086851000 r-xp 00000000 08:02 6562546                    /usr/lib/x86_64-linux-gnu/libxcb-glx.so.0.0.0
7fb086851000-7fb086a50000 ---p 00015000 08:02 6562546                    /usr/lib/x86_64-linux-gnu/libxcb-glx.so.0.0.0
7fb086a50000-7fb086a52000 r--p 00014000 08:02 6562546                    /usr/lib/x86_64-linux-gnu/libxcb-glx.so.0.0.0
7fb086a52000-7fb086a53000 rw-p 00016000 08:02 6562546                    /usr/lib/x86_64-linux-gnu/libxcb-glx.so.0.0.0
7fb086a53000-7fb086a54000 r-xp 00000000 08:02 6561502                    /usr/lib/x86_64-linux-gnu/libX11-xcb.so.1.0.0
7fb086a54000-7fb086c53000 ---p 00001000 08:02 6561502                    /usr/lib/x86_64-linux-gnu/libX11-xcb.so.1.0.0
7fb086c53000-7fb086c54000 r--p 00000000 08:02 6561502                    /usr/lib/x86_64-linux-gnu/libX11-xcb.so.1.0.0
7fb086c54000-7fb086c55000 rw-p 00001000 08:02 6561502                    /usr/lib/x86_64-linux-gnu/libX11-xcb.so.1.0.0
7fb086c55000-7fb086c57000 r-xp 00000000 08:02 6561517                    /usr/lib/x86_64-linux-gnu/libXdamage.so.1.1.0
7fb086c57000-7fb086e56000 ---p 00002000 08:02 6561517                    /usr/lib/x86_64-linux-gnu/libXdamage.so.1.1.0
7fb086e56000-7fb086e57000 r--p 00001000 08:02 6561517                    /usr/lib/x86_64-linux-gnu/libXdamage.so.1.1.0
7fb086e57000-7fb086e58000 rw-p 00002000 08:02 6561517                    /usr/lib/x86_64-linux-gnu/libXdamage.so.1.1.0
7fb086e58000-7fb086e7d000 r-xp 00000000 08:02 6561895                    /usr/lib/x86_64-linux-gnu/libglapi.so.0.0.0
7fb086e7d000-7fb08707d000 ---p 00025000 08:02 6561895                    /usr/lib/x86_64-linux-gnu/libglapi.so.0.0.0
7fb08707d000-7fb087080000 r--p 00025000 08:02 6561895                    /usr/lib/x86_64-linux-gnu/libglapi.so.0.0.0
7fb087080000-7fb087081000 rw-p 00028000 08:02 6561895                    /usr/lib/x86_64-linux-gnu/libglapi.so.0.0.0
7fb087081000-7fb087082000 rw-p 00000000 00:00 0 
7fb087082000-7fb0870a9000 r-xp 00000000 08:02 13637323                   /lib/x86_64-linux-gnu/libexpat.so.1.6.0
7fb0870a9000-7fb0872a9000 ---p 00027000 08:02 13637323                   /lib/x86_64-linux-gnu/libexpat.so.1.6.0
7fb0872a9000-7fb0872ab000 r--p 00027000 08:02 13637323                   /lib/x86_64-linux-gnu/libexpat.so.1.6.0
7fb0872ab000-7fb0872ac000 rw-p 00029000 08:02 13637323                   /lib/x86_64-linux-gnu/libexpat.so.1.6.0
7fb0872ac000-7fb08733a000 r-xp 00000000 08:02 6948350                    /usr/lib/x86_64-linux-gnu/mesa/libGL.so.1.2.0
7fb08733a000-7fb087539000 ---p 0008e000 08:02 6948350                    /usr/lib/x86_64-linux-gnu/mesa/libGL.so.1.2.0
7fb087539000-7fb08753c000 r--p 0008d000 08:02 6948350                    /usr/lib/x86_64-linux-gnu/mesa/libGL.so.1.2.0
7fb08753c000-7fb08753d000 rw-p 00090000 08:02 6948350                    /usr/lib/x86_64-linux-gnu/mesa/libGL.so.1.2.0
7fb08753d000-7fb08773e000 rw-p 00000000 00:00 0 
7fb08773e000-7fb087740000 r-xp 00000000 08:02 6561531                    /usr/lib/x86_64-linux-gnu/libXinerama.so.1.0.0
7fb087740000-7fb08793f000 ---p 00002000 08:02 6561531                    /usr/lib/x86_64-linux-gnu/libXinerama.so.1.0.0
7fb08793f000-7fb087940000 r--p 00001000 08:02 6561531                    /usr/lib/x86_64-linux-gnu/libXinerama.so.1.0.0
7fb087940000-7fb087941000 rw-p 00002000 08:02 6561531                    /usr/lib/x86_64-linux-gnu/libXinerama.so.1.0.0
7fb087941000-7fb087df1000 rw-p 00000000 00:00 0 
7fb087df1000-7fb087e00000 r-xp 00000000 08:02 4461999                    /tmp/jogamp_0000/file_cache/jln6963169442408388264/jln2963282633391294047/libnewt.so
7fb087e00000-7fb087fff000 ---p 0000f000 08:02 4461999                    /tmp/jogamp_0000/file_cache/jln6963169442408388264/jln2963282633391294047/libnewt.so
7fb087fff000-7fb088000000 rw-p 0000e000 08:02 4461999                    /tmp/jogamp_0000/file_cache/jln6963169442408388264/jln2963282633391294047/libnewt.so
7fb088000000-7fb088295000 rw-p 00000000 00:00 0 
7fb088295000-7fb08c000000 ---p 00000000 00:00 0 
7fb08c000000-7fb08c021000 rw-p 00000000 00:00 0 
7fb08c021000-7fb090000000 ---p 00000000 00:00 0 
7fb090000000-7fb090021000 rw-p 00000000 00:00 0 
7fb090021000-7fb094000000 ---p 00000000 00:00 0 
7fb094000000-7fb094021000 rw-p 00000000 00:00 0 
7fb094021000-7fb098000000 ---p 00000000 00:00 0 
7fb098000000-7fb098021000 rw-p 00000000 00:00 0 
7fb098021000-7fb09c000000 ---p 00000000 00:00 0 
7fb09c000000-7fb09c021000 rw-p 00000000 00:00 0 
7fb09c021000-7fb0a0000000 ---p 00000000 00:00 0 
7fb0a0000000-7fb0a03e9000 rw-p 00000000 00:00 0 
7fb0a03e9000-7fb0a4000000 ---p 00000000 00:00 0 
7fb0a4000000-7fb0a4021000 rw-p 00000000 00:00 0 
7fb0a4021000-7fb0a8000000 ---p 00000000 00:00 0 
7fb0a8000000-7fb0a9494000 rw-p 00000000 00:00 0 
7fb0a9494000-7fb0ac000000 ---p 00000000 00:00 0 
7fb0ac000000-7fb0ac3d1000 rw-p 00000000 00:00 0 
7fb0ac3d1000-7fb0b0000000 ---p 00000000 00:00 0 
7fb0b0000000-7fb0b0021000 rw-p 00000000 00:00 0 
7fb0b0021000-7fb0b4000000 ---p 00000000 00:00 0 
7fb0b4000000-7fb0b4021000 rw-p 00000000 00:00 0 
7fb0b4021000-7fb0b8000000 ---p 00000000 00:00 0 
7fb0b8000000-7fb0b8021000 rw-p 00000000 00:00 0 
7fb0b8021000-7fb0bc000000 ---p 00000000 00:00 0 
7fb0bc000000-7fb0bc021000 rw-p 00000000 00:00 0 
7fb0bc021000-7fb0c0000000 ---p 00000000 00:00 0 
7fb0c0000000-7fb0c0021000 rw-p 00000000 00:00 0 
7fb0c0021000-7fb0c4000000 ---p 00000000 00:00 0 
7fb0c4000000-7fb0c4021000 rw-p 00000000 00:00 0 
7fb0c4021000-7fb0c8000000 ---p 00000000 00:00 0 
7fb0c8000000-7fb0c8021000 rw-p 00000000 00:00 0 
7fb0c8021000-7fb0cc000000 ---p 00000000 00:00 0 
7fb0cc088000-7fb0cc08b000 ---p 00000000 00:00 0 
7fb0cc08b000-7fb0cc189000 rw-p 00000000 00:00 0                          [stack:9673]
7fb0cc189000-7fb0cc190000 r-xp 00000000 08:02 4461998                    /tmp/jogamp_0000/file_cache/jln6963169442408388264/jln2963282633391294047/libnativewindow_x11.so
7fb0cc190000-7fb0cc38f000 ---p 00007000 08:02 4461998                    /tmp/jogamp_0000/file_cache/jln6963169442408388264/jln2963282633391294047/libnativewindow_x11.so
7fb0cc38f000-7fb0cc390000 rw-p 00006000 08:02 4461998                    /tmp/jogamp_0000/file_cache/jln6963169442408388264/jln2963282633391294047/libnativewindow_x11.so
7fb0cc390000-7fb0d4000000 rw-p 00000000 00:00 0 
7fb0d4000000-7fb0d4021000 rw-p 00000000 00:00 0 
7fb0d4021000-7fb0d8000000 ---p 00000000 00:00 0 
7fb0d8000000-7fb0d8021000 rw-p 00000000 00:00 0 
7fb0d8021000-7fb0dc000000 ---p 00000000 00:00 0 
7fb0dc000000-7fb0dc021000 rw-p 00000000 00:00 0 
7fb0dc021000-7fb0e0000000 ---p 00000000 00:00 0 
7fb0e0008000-7fb0e0009000 rw-p 00000000 00:00 0 
7fb0e0009000-7fb0e0011000 rw-s 00000000 00:05 155896                     /drm mm object (deleted)
7fb0e0011000-7fb0e0019000 rw-s 00000000 00:05 155892                     /drm mm object (deleted)
7fb0e0019000-7fb0e001b000 rw-s 149007000 00:06 10208                     /dev/dri/card0
7fb0e001b000-7fb0e0023000 rw-s 00000000 00:05 155194                     /drm mm object (deleted)
7fb0e0023000-7fb0e0024000 rw-s 149006000 00:06 10208                     /dev/dri/card0
7fb0e0024000-7fb0e002b000 r--s 00000000 08:02 6947811                    /usr/lib/x86_64-linux-gnu/gconv/gconv-modules.cache
7fb0e002b000-7fb0e003e000 r--s 00344000 08:02 6695996                    /usr/bin/processing-3.0/java/lib/resources.jar
7fb0e003e000-7fb0e0046000 rw-s 00000000 00:05 155824                     /drm mm object (deleted)
7fb0e0046000-7fb0e004e000 rw-s 00000000 00:05 155798                     /drm mm object (deleted)
7fb0e004e000-7fb0e0056000 rw-s 00000000 00:05 155129                     /drm mm object (deleted)
7fb0e0056000-7fb0e0059000 ---p 00000000 00:00 0 
7fb0e0059000-7fb0e0157000 rw-p 00000000 00:00 0                          [stack:9690]
7fb0e0157000-7fb0e015b000 r-xp 00000000 08:02 6561559                    /usr/lib/x86_64-linux-gnu/libXxf86vm.so.1.0.0
7fb0e015b000-7fb0e035b000 ---p 00004000 08:02 6561559                    /usr/lib/x86_64-linux-gnu/libXxf86vm.so.1.0.0
7fb0e035b000-7fb0e035c000 r--p 00004000 08:02 6561559                    /usr/lib/x86_64-linux-gnu/libXxf86vm.so.1.0.0
7fb0e035c000-7fb0e035d000 rw-p 00005000 08:02 6561559                    /usr/lib/x86_64-linux-gnu/libXxf86vm.so.1.0.0
7fb0e035d000-7fb0e035e000 rw-s 81000000 00:06 94744                      /dev/snd/pcmC2D0p
7fb0e035e000-7fb0e0366000 rw-s 00000000 00:05 154013                     /drm mm object (deleted)
7fb0e0366000-7fb0e036e000 rw-s 00000000 00:05 155044                     /drm mm object (deleted)
7fb0e036e000-7fb0e0376000 rw-s 00000000 00:05 155084                     /drm mm object (deleted)
7fb0e0376000-7fb0e037e000 rw-s 00000000 00:05 155033                     /drm mm object (deleted)
7fb0e037e000-7fb0e0380000 r-xp 00000000 08:02 4461997                    /tmp/jogamp_0000/file_cache/jln6963169442408388264/jln2963282633391294047/libnativewindow_awt.so
7fb0e0380000-7fb0e057f000 ---p 00002000 08:02 4461997                    /tmp/jogamp_0000/file_cache/jln6963169442408388264/jln2963282633391294047/libnativewindow_awt.so
7fb0e057f000-7fb0e0580000 rw-p 00001000 08:02 4461997                    /tmp/jogamp_0000/file_cache/jln6963169442408388264/jln2963282633391294047/libnativewindow_awt.so
7fb0e0580000-7fb0e0581000 r-xp 00000000 08:02 8012156                    /usr/bin/processing-3.0/java/lib/amd64/libjawt.so
7fb0e0581000-7fb0e0780000 ---p 00001000 08:02 8012156                    /usr/bin/processing-3.0/java/lib/amd64/libjawt.so
7fb0e0780000-7fb0e0781000 rw-p 00000000 08:02 8012156                    /usr/bin/processing-3.0/java/lib/amd64/libjawt.so
7fb0e0781000-7fb0e0783000 r-xp 00000000 08:02 4461994                    /tmp/jogamp_0000/file_cache/jln6963169442408388264/jln2963282633391294047/libgluegen-rt.so
7fb0e0783000-7fb0e0982000 ---p 00002000 08:02 4461994                    /tmp/jogamp_0000/file_cache/jln6963169442408388264/jln2963282633391294047/libgluegen-rt.so
7fb0e0982000-7fb0e0983000 rw-p 00001000 08:02 4461994                    /tmp/jogamp_0000/file_cache/jln6963169442408388264/jln2963282633391294047/libgluegen-rt.so
7fb0e0983000-7fb0e0986000 ---p 00000000 00:00 0 
7fb0e0986000-7fb0e0a84000 rw-p 00000000 00:00 0                          [stack:9695]
7fb0e0a84000-7fb0e0a95000 r-xp 00000000 08:02 8012203                    /usr/bin/processing-3.0/java/lib/amd64/libnio.so
7fb0e0a95000-7fb0e0c94000 ---p 00011000 08:02 8012203                    /usr/bin/processing-3.0/java/lib/amd64/libnio.so
7fb0e0c94000-7fb0e0c95000 rw-p 00010000 08:02 8012203                    /usr/bin/processing-3.0/java/lib/amd64/libnio.so
7fb0e0c95000-7fb0e0cab000 r-xp 00000000 08:02 8012151                    /usr/bin/processing-3.0/java/lib/amd64/libnet.so
7fb0e0cab000-7fb0e0eab000 ---p 00016000 08:02 8012151                    /usr/bin/processing-3.0/java/lib/amd64/libnet.so
7fb0e0eab000-7fb0e0eac000 rw-p 00016000 08:02 8012151                    /usr/bin/processing-3.0/java/lib/amd64/libnet.so
7fb0e0eac000-7fb0e0eaf000 ---p 00000000 00:00 0 
7fb0e0eaf000-7fb0e10e5000 rw-p 00000000 00:00 0                          [stack:9666]
7fb0e10e5000-7fb0e10f9000 r--s 00121000 08:02 8014045                    /usr/bin/processing-3.0/modes/java/mode/org.eclipse.osgi.jar
7fb0e10f9000-7fb0e1131000 r--s 00515000 08:02 8014044                    /usr/bin/processing-3.0/modes/java/mode/org.eclipse.jdt.core.jar
7fb0e1131000-7fb0e118c000 r--s 009e2000 08:02 8014039                    /usr/bin/processing-3.0/modes/java/mode/com.ibm.icu.jar
7fb0e118c000-7fb0e1195000 r-xp 00000000 08:02 6561541                    /usr/lib/x86_64-linux-gnu/libXrandr.so.2.2.0
7fb0e1195000-7fb0e1394000 ---p 00009000 08:02 6561541                    /usr/lib/x86_64-linux-gnu/libXrandr.so.2.2.0
7fb0e1394000-7fb0e1395000 r--p 00008000 08:02 6561541                    /usr/lib/x86_64-linux-gnu/libXrandr.so.2.2.0
7fb0e1395000-7fb0e1396000 rw-p 00009000 08:02 6561541                    /usr/lib/x86_64-linux-gnu/libXrandr.so.2.2.0
7fb0e1396000-7fb0e1399000 ---p 00000000 00:00 0 
7fb0e1399000-7fb0e1497000 rw-p 00000000 00:00 0                          [stack:9662]
7fb0e1497000-7fb0e149c000 r-xp 00000000 08:02 6561523                    /usr/lib/x86_64-linux-gnu/libXfixes.so.3.1.0
7fb0e149c000-7fb0e169b000 ---p 00005000 08:02 6561523                    /usr/lib/x86_64-linux-gnu/libXfixes.so.3.1.0
7fb0e169b000-7fb0e169c000 r--p 00004000 08:02 6561523                    /usr/lib/x86_64-linux-gnu/libXfixes.so.3.1.0
7fb0e169c000-7fb0e169d000 rw-p 00005000 08:02 6561523                    /usr/lib/x86_64-linux-gnu/libXfixes.so.3.1.0
7fb0e169d000-7fb0e16a6000 r-xp 00000000 08:02 6561515                    /usr/lib/x86_64-linux-gnu/libXcursor.so.1.0.2
7fb0e16a6000-7fb0e18a5000 ---p 00009000 08:02 6561515                    /usr/lib/x86_64-linux-gnu/libXcursor.so.1.0.2
7fb0e18a5000-7fb0e18a6000 r--p 00008000 08:02 6561515                    /usr/lib/x86_64-linux-gnu/libXcursor.so.1.0.2
7fb0e18a6000-7fb0e18a7000 rw-p 00009000 08:02 6561515                    /usr/lib/x86_64-linux-gnu/libXcursor.so.1.0.2
7fb0e18a7000-7fb0e18aa000 ---p 00000000 00:00 0 
7fb0e18aa000-7fb0e19a8000 rw-p 00000000 00:00 0                          [stack:9661]
7fb0e19a8000-7fb0e19be000 r-xp 00000000 08:02 13635717                   /lib/x86_64-linux-gnu/libgcc_s.so.1
7fb0e19be000-7fb0e1bbd000 ---p 00016000 08:02 13635717                   /lib/x86_64-linux-gnu/libgcc_s.so.1
7fb0e1bbd000-7fb0e1bbe000 rw-p 00015000 08:02 13635717                   /lib/x86_64-linux-gnu/libgcc_s.so.1
7fb0e1bbe000-7fb0e1c24000 r-xp 00000000 08:02 8012146                    /usr/bin/processing-3.0/java/lib/amd64/libfontmanager.so
7fb0e1c24000-7fb0e1e23000 ---p 00066000 08:02 8012146                    /usr/bin/processing-3.0/java/lib/amd64/libfontmanager.so
7fb0e1e23000-7fb0e1e27000 rw-p 00065000 08:02 8012146                    /usr/bin/processing-3.0/java/lib/amd64/libfontmanager.so
7fb0e1e27000-7fb0e1e38000 rw-p 00000000 00:00 0 
7fb0e1e38000-7fb0e1e3d000 r-xp 00000000 08:02 6561519                    /usr/lib/x86_64-linux-gnu/libXdmcp.so.6.0.0
7fb0e1e3d000-7fb0e203c000 ---p 00005000 08:02 6561519                    /usr/lib/x86_64-linux-gnu/libXdmcp.so.6.0.0
7fb0e203c000-7fb0e203d000 r--p 00004000 08:02 6561519                    /usr/lib/x86_64-linux-gnu/libXdmcp.so.6.0.0
7fb0e203d000-7fb0e203e000 rw-p 00005000 08:02 6561519                    /usr/lib/x86_64-linux-gnu/libXdmcp.so.6.0.0
7fb0e203e000-7fb0e2040000 r-xp 00000000 08:02 6561508                    /usr/lib/x86_64-linux-gnu/libXau.so.6.0.0
7fb0e2040000-7fb0e2240000 ---p 00002000 08:02 6561508                    /usr/lib/x86_64-linux-gnu/libXau.so.6.0.0
7fb0e2240000-7fb0e2241000 r--p 00002000 08:02 6561508                    /usr/lib/x86_64-linux-gnu/libXau.so.6.0.0
7fb0e2241000-7fb0e2242000 rw-p 00003000 08:02 6561508                    /usr/lib/x86_64-linux-gnu/libXau.so.6.0.0
7fb0e2242000-7fb0e225f000 r-xp 00000000 08:02 6562574                    /usr/lib/x86_64-linux-gnu/libxcb.so.1.1.0
7fb0e225f000-7fb0e245f000 ---p 0001d000 08:02 6562574                    /usr/lib/x86_64-linux-gnu/libxcb.so.1.1.0
7fb0e245f000-7fb0e2460000 r--p 0001d000 08:02 6562574                    /usr/lib/x86_64-linux-gnu/libxcb.so.1.1.0
7fb0e2460000-7fb0e2461000 rw-p 0001e000 08:02 6562574                    /usr/lib/x86_64-linux-gnu/libxcb.so.1.1.0
7fb0e2461000-7fb0e2470000 r-xp 00000000 08:02 6561529                    /usr/lib/x86_64-linux-gnu/libXi.so.6.1.0
7fb0e2470000-7fb0e266f000 ---p 0000f000 08:02 6561529                    /usr/lib/x86_64-linux-gnu/libXi.so.6.1.0
7fb0e266f000-7fb0e2670000 r--p 0000e000 08:02 6561529                    /usr/lib/x86_64-linux-gnu/libXi.so.6.1.0
7fb0e2670000-7fb0e2671000 rw-p 0000f000 08:02 6561529                    /usr/lib/x86_64-linux-gnu/libXi.so.6.1.0
7fb0e2671000-7fb0e2676000 r-xp 00000000 08:02 6561549                    /usr/lib/x86_64-linux-gnu/libXtst.so.6.1.0
7fb0e2676000-7fb0e2875000 ---p 00005000 08:02 6561549                    /usr/lib/x86_64-linux-gnu/libXtst.so.6.1.0
7fb0e2875000-7fb0e2876000 r--p 00004000 08:02 6561549                    /usr/lib/x86_64-linux-gnu/libXtst.so.6.1.0
7fb0e2876000-7fb0e2877000 rw-p 00005000 08:02 6561549                    /usr/lib/x86_64-linux-gnu/libXtst.so.6.1.0
7fb0e2877000-7fb0e2880000 r-xp 00000000 08:02 6561543                    /usr/lib/x86_64-linux-gnu/libXrender.so.1.3.0
7fb0e2880000-7fb0e2a7f000 ---p 00009000 08:02 6561543                    /usr/lib/x86_64-linux-gnu/libXrender.so.1.3.0
7fb0e2a7f000-7fb0e2a80000 r--p 00008000 08:02 6561543                    /usr/lib/x86_64-linux-gnu/libXrender.so.1.3.0
7fb0e2a80000-7fb0e2a81000 rw-p 00009000 08:02 6561543                    /usr/lib/x86_64-linux-gnu/libXrender.so.1.3.0
7fb0e2a81000-7fb0e2bb1000 r-xp 00000000 08:02 6561504                    /usr/lib/x86_64-linux-gnu/libX11.so.6.3.0
7fb0e2bb1000-7fb0e2db1000 ---p 00130000 08:02 6561504                    /usr/lib/x86_64-linux-gnu/libX11.so.6.3.0
7fb0e2db1000-7fb0e2db2000 r--p 00130000 08:02 6561504                    /usr/lib/x86_64-linux-gnu/libX11.so.6.3.0
7fb0e2db2000-7fb0e2db6000 rw-p 00131000 08:02 6561504                    /usr/lib/x86_64-linux-gnu/libX11.so.6.3.0
7fb0e2db6000-7fb0e2dc7000 r-xp 00000000 08:02 6561521                    /usr/lib/x86_64-linux-gnu/libXext.so.6.4.0
7fb0e2dc7000-7fb0e2fc6000 ---p 00011000 08:02 6561521                    /usr/lib/x86_64-linux-gnu/libXext.so.6.4.0
7fb0e2fc6000-7fb0e2fc7000 r--p 00010000 08:02 6561521                    /usr/lib/x86_64-linux-gnu/libXext.so.6.4.0
7fb0e2fc7000-7fb0e2fc8000 rw-p 00011000 08:02 6561521                    /usr/lib/x86_64-linux-gnu/libXext.so.6.4.0
7fb0e2fc8000-7fb0e301c000 r-xp 00000000 08:02 8012182                    /usr/bin/processing-3.0/java/lib/amd64/libawt_xawt.so
7fb0e301c000-7fb0e321c000 ---p 00054000 08:02 8012182                    /usr/bin/processing-3.0/java/lib/amd64/libawt_xawt.so
7fb0e321c000-7fb0e3220000 rw-p 00054000 08:02 8012182                    /usr/bin/processing-3.0/java/lib/amd64/libawt_xawt.so
7fb0e3220000-7fb0e3221000 rw-p 00000000 00:00 0 
7fb0e3221000-7fb0e32c3000 r-xp 00000000 08:02 8012174                    /usr/bin/processing-3.0/java/lib/amd64/libawt.so
7fb0e32c3000-7fb0e34c3000 ---p 000a2000 08:02 8012174                    /usr/bin/processing-3.0/java/lib/amd64/libawt.so
7fb0e34c3000-7fb0e34cf000 rw-p 000a2000 08:02 8012174                    /usr/bin/processing-3.0/java/lib/amd64/libawt.so
7fb0e34cf000-7fb0e34f3000 rw-p 00000000 00:00 0 
7fb0e34f3000-7fb0e34f4000 ---p 00000000 00:00 0 
7fb0e34f4000-7fb0e35f4000 rw-p 00000000 00:00 0                          [stack:9660]
7fb0e35f4000-7fb0e35f7000 ---p 00000000 00:00 0 
7fb0e35f7000-7fb0e36f5000 rw-p 00000000 00:00 0                          [stack:9659]
7fb0e36f5000-7fb0e36f8000 ---p 00000000 00:00 0 
7fb0e36f8000-7fb0e37f6000 rw-p 00000000 00:00 0                          [stack:9658]
7fb0e37f6000-7fb0e37f9000 ---p 00000000 00:00 0 
7fb0e37f9000-7fb0e38f7000 rw-p 00000000 00:00 0                          [stack:9657]
7fb0e38f7000-7fb0e38fa000 ---p 00000000 00:00 0 
7fb0e38fa000-7fb0e39f8000 rw-p 00000000 00:00 0                          [stack:9656]
7fb0e39f8000-7fb0e39fb000 ---p 00000000 00:00 0 
7fb0e39fb000-7fb0e3af9000 rw-p 00000000 00:00 0                          [stack:9650]
7fb0e3af9000-7fb0e3afc000 ---p 00000000 00:00 0 
7fb0e3afc000-7fb0e3bfa000 rw-p 00000000 00:00 0                          [stack:9647]
7fb0e3bfa000-7fb0e3bfd000 ---p 00000000 00:00 0 
7fb0e3bfd000-7fb0e3cfb000 rw-p 00000000 00:00 0                          [stack:9646]
7fb0e3cfb000-7fb0e3cff000 r-xp 00000000 08:02 8012175                    /usr/bin/processing-3.0/java/lib/amd64/libdt_socket.so
7fb0e3cff000-7fb0e3efe000 ---p 00004000 08:02 8012175                    /usr/bin/processing-3.0/java/lib/amd64/libdt_socket.so
7fb0e3efe000-7fb0e3eff000 rw-p 00003000 08:02 8012175                    /usr/bin/processing-3.0/java/lib/amd64/libdt_socket.so
7fb0e3eff000-7fb0e3f02000 ---p 00000000 00:00 0 
7fb0e3f02000-7fb0e4000000 rw-p 00000000 00:00 0                          [stack:9644]
7fb0e4000000-7fb0e4021000 rw-p 00000000 00:00 0 
7fb0e4021000-7fb0e8000000 ---p 00000000 00:00 0 
7fb0e8000000-7fb0e8001000 r--s 80000000 00:06 94744                      /dev/snd/pcmC2D0p
7fb0e8001000-7fb0e8002000 rw-s 148f05000 00:06 10208                     /dev/dri/card0
7fb0e8002000-7fb0e8003000 rw-s 148f04000 00:06 10208                     /dev/dri/card0
7fb0e8003000-7fb0e8004000 rwxp 00000000 00:00 0 
7fb0e8004000-7fb0e8005000 rw-s 148f03000 00:06 10208                     /dev/dri/card0
7fb0e8005000-7fb0e8006000 r--p 00000000 00:00 0 
7fb0e8006000-7fb0e800a000 r--s 00095000 08:02 6696012                    /usr/bin/processing-3.0/java/lib/jsse.jar
7fb0e800a000-7fb0e800d000 r--s 00041000 08:02 8014028                    /usr/bin/processing-3.0/modes/java/mode/org.netbeans.swing.outline.jar
7fb0e800d000-7fb0e8012000 r--s 00038000 08:02 8014038                    /usr/bin/processing-3.0/modes/java/mode/org.eclipse.text.jar
7fb0e8012000-7fb0e8015000 r--s 0001c000 08:02 8014042                    /usr/bin/processing-3.0/modes/java/mode/org.eclipse.equinox.preferences.jar
7fb0e8015000-7fb0e8018000 r--s 00018000 08:02 8014034                    /usr/bin/processing-3.0/modes/java/mode/org.eclipse.equinox.common.jar
7fb0e8018000-7fb0e801a000 r--s 00011000 08:02 8014037                    /usr/bin/processing-3.0/modes/java/mode/org.eclipse.core.runtime.jar
7fb0e801a000-7fb0e8025000 r--s 000c1000 08:02 8014040                    /usr/bin/processing-3.0/modes/java/mode/org.eclipse.core.resources.jar
7fb0e8025000-7fb0e8027000 r--s 00016000 08:02 8014027                    /usr/bin/processing-3.0/modes/java/mode/org.eclipse.core.jobs.jar
7fb0e8027000-7fb0e8029000 r--s 00015000 08:02 8014029                    /usr/bin/processing-3.0/modes/java/mode/org.eclipse.core.contenttype.jar
7fb0e8029000-7fb0e802e000 r--s 0003f000 08:02 8014032                    /usr/bin/processing-3.0/modes/java/mode/jsoup-1.7.1.jar
7fb0e802e000-7fb0e802f000 r--s 00003000 08:02 8014046                    /usr/bin/processing-3.0/modes/java/mode/jdtCompilerAdapter.jar
7fb0e802f000-7fb0e803c000 r--s 000cb000 08:02 8014036                    /usr/bin/processing-3.0/modes/java/mode/jdimodel.jar
7fb0e803c000-7fb0e8040000 r--s 0000e000 08:02 8014030                    /usr/bin/processing-3.0/modes/java/mode/jdi.jar
7fb0e8040000-7fb0e8046000 r--s 0007d000 08:02 8014033                    /usr/bin/processing-3.0/modes/java/mode/JavaMode.jar
7fb0e8046000-7fb0e8047000 r--s 00003000 08:02 8014035                    /usr/bin/processing-3.0/modes/java/mode/classpath-explorer-1.0.jar
7fb0e8047000-7fb0e804c000 r--s 00068000 08:02 8014043                    /usr/bin/processing-3.0/modes/java/mode/antlr.jar
7fb0e804c000-7fb0e8056000 r--s 00097000 08:02 6695776                    /usr/bin/processing-3.0/lib/pde.jar
7fb0e8056000-7fb0e806a000 r--s 00127000 08:02 6695832                    /usr/bin/processing-3.0/lib/jna.jar
7fb0e806a000-7fb0e806c000 r--s 00002000 08:02 6695836                    /usr/bin/processing-3.0/lib/ant-launcher.jar
7fb0e806c000-7fb0e808a000 r--s 001bb000 08:02 6695851                    /usr/bin/processing-3.0/lib/ant.jar
7fb0e808a000-7fb0e808c000 r--s 00005000 08:02 4591938                    /home/akelly/sketchbook/libraries/minim/library/mp3spi1.9.5.jar
7fb0e808c000-7fb0e808d000 r--s 0000b000 08:02 4591937                    /home/akelly/sketchbook/libraries/minim/library/jsminim.jar
7fb0e808d000-7fb0e8091000 r--s 00040000 08:02 4591936                    /home/akelly/sketchbook/libraries/minim/library/jl1.0.1.jar
7fb0e8091000-7fb0e8094000 r--s 00017000 08:02 4591933                    /home/akelly/sketchbook/libraries/minim/library/tritonus_share.jar
7fb0e8094000-7fb0e8097000 r--s 00016000 08:02 4591932                    /home/akelly/sketchbook/libraries/minim/library/minim.jar
7fb0e8097000-7fb0e80b1000 r--s 01689000 08:02 6569030                    /usr/bin/processing-3.0/core/library/jogl-java-src.zip
7fb0e80b1000-7fb0e80d4000 r--s 00308000 08:02 6569034                    /usr/bin/processing-3.0/core/library/jogl-all.jar
7fb0e80d4000-7fb0e80d7000 ---p 00000000 00:00 0 
7fb0e80d7000-7fb0e81d5000 rw-p 00000000 00:00 0                          [stack:9641]
7fb0e81d5000-7fb0e81d8000 ---p 00000000 00:00 0 
7fb0e81d8000-7fb0e82d6000 rw-p 00000000 00:00 0                          [stack:9640]
7fb0e82d6000-7fb0e82d7000 ---p 00000000 00:00 0 
7fb0e82d7000-7fb0e93b9000 rw-p 00000000 00:00 0                          [stack:9639]
7fb0e93b9000-7fb0e9591000 r--s 03d0c000 08:02 6695974                    /usr/bin/processing-3.0/java/lib/rt.jar
7fb0e9591000-7fb0ea5ce000 rw-p 00000000 00:00 0 
7fb0ea5ce000-7fb0ea5cf000 ---p 00000000 00:00 0 
7fb0ea5cf000-7fb0ea6cf000 rw-p 00000000 00:00 0                          [stack:9638]
7fb0ea6cf000-7fb0ea6d0000 ---p 00000000 00:00 0 
7fb0ea6d0000-7fb0ea7d0000 rw-p 00000000 00:00 0                          [stack:9637]
7fb0ea7d0000-7fb0ea7d1000 ---p 00000000 00:00 0 
7fb0ea7d1000-7fb0ea8d1000 rw-p 00000000 00:00 0                          [stack:9636]
7fb0ea8d1000-7fb0ea8d2000 ---p 00000000 00:00 0 
7fb0ea8d2000-7fb0eaa26000 rw-p 00000000 00:00 0                          [stack:9635]
7fb0eaa26000-7fb0eaf02000 ---p 00000000 00:00 0 
7fb0eaf02000-7fb0eaf56000 rw-p 00000000 00:00 0 
7fb0eaf56000-7fb0eb431000 ---p 00000000 00:00 0 
7fb0eb431000-7fb0eb442000 rw-p 00000000 00:00 0 
7fb0eb442000-7fb0eb6c9000 ---p 00000000 00:00 0 
7fb0eb6c9000-7fb0eb6e8000 rw-p 00000000 00:00 0 
7fb0eb6e8000-7fb0eba8a000 ---p 00000000 00:00 0 
7fb0eba8a000-7fb0ec1ea000 rwxp 00000000 00:00 0 
7fb0ec1ea000-7fb0faa8a000 ---p 00000000 00:00 0 
7fb0faa8a000-7fb0faaa4000 r-xp 00000000 08:02 8012189                    /usr/bin/processing-3.0/java/lib/amd64/libzip.so
7fb0faaa4000-7fb0faca4000 ---p 0001a000 08:02 8012189                    /usr/bin/processing-3.0/java/lib/amd64/libzip.so
7fb0faca4000-7fb0faca5000 rw-p 0001a000 08:02 8012189                    /usr/bin/processing-3.0/java/lib/amd64/libzip.so
7fb0faca5000-7fb0facb0000 r-xp 00000000 08:02 13635765                   /lib/x86_64-linux-gnu/libnss_files-2.19.so
7fb0facb0000-7fb0faeaf000 ---p 0000b000 08:02 13635765                   /lib/x86_64-linux-gnu/libnss_files-2.19.so
7fb0faeaf000-7fb0faeb0000 r--p 0000a000 08:02 13635765                   /lib/x86_64-linux-gnu/libnss_files-2.19.so
7fb0faeb0000-7fb0faeb1000 rw-p 0000b000 08:02 13635765                   /lib/x86_64-linux-gnu/libnss_files-2.19.so
7fb0faeb1000-7fb0faebc000 r-xp 00000000 08:02 13635775                   /lib/x86_64-linux-gnu/libnss_nis-2.19.so
7fb0faebc000-7fb0fb0bb000 ---p 0000b000 08:02 13635775                   /lib/x86_64-linux-gnu/libnss_nis-2.19.so
7fb0fb0bb000-7fb0fb0bc000 r--p 0000a000 08:02 13635775                   /lib/x86_64-linux-gnu/libnss_nis-2.19.so
7fb0fb0bc000-7fb0fb0bd000 rw-p 0000b000 08:02 13635775                   /lib/x86_64-linux-gnu/libnss_nis-2.19.so
7fb0fb0bd000-7fb0fb0d4000 r-xp 00000000 08:02 13635759                   /lib/x86_64-linux-gnu/libnsl-2.19.so
7fb0fb0d4000-7fb0fb2d3000 ---p 00017000 08:02 13635759                   /lib/x86_64-linux-gnu/libnsl-2.19.so
7fb0fb2d3000-7fb0fb2d4000 r--p 00016000 08:02 13635759                   /lib/x86_64-linux-gnu/libnsl-2.19.so
7fb0fb2d4000-7fb0fb2d5000 rw-p 00017000 08:02 13635759                   /lib/x86_64-linux-gnu/libnsl-2.19.so
7fb0fb2d5000-7fb0fb2d7000 rw-p 00000000 00:00 0 
7fb0fb2d7000-7fb0fb2e0000 r-xp 00000000 08:02 13635761                   /lib/x86_64-linux-gnu/libnss_compat-2.19.so
7fb0fb2e0000-7fb0fb4df000 ---p 00009000 08:02 13635761                   /lib/x86_64-linux-gnu/libnss_compat-2.19.so
7fb0fb4df000-7fb0fb4e0000 r--p 00008000 08:02 13635761                   /lib/x86_64-linux-gnu/libnss_compat-2.19.so
7fb0fb4e0000-7fb0fb4e1000 rw-p 00009000 08:02 13635761                   /lib/x86_64-linux-gnu/libnss_compat-2.19.so
7fb0fb4e1000-7fb0fbbc3000 r--p 00000000 08:02 6560506                    /usr/lib/locale/locale-archive
7fb0fbbc3000-7fb0fbbc5000 r-xp 00000000 08:02 8012169                    /usr/bin/processing-3.0/java/lib/amd64/libnpt.so
7fb0fbbc5000-7fb0fbdc5000 ---p 00002000 08:02 8012169                    /usr/bin/processing-3.0/java/lib/amd64/libnpt.so
7fb0fbdc5000-7fb0fbdc6000 rw-p 00002000 08:02 8012169                    /usr/bin/processing-3.0/java/lib/amd64/libnpt.so
7fb0fbdc6000-7fb0fbdff000 r-xp 00000000 08:02 8012184                    /usr/bin/processing-3.0/java/lib/amd64/libjdwp.so
7fb0fbdff000-7fb0fbffe000 ---p 00039000 08:02 8012184                    /usr/bin/processing-3.0/java/lib/amd64/libjdwp.so
7fb0fbffe000-7fb0fc000000 rw-p 00038000 08:02 8012184                    /usr/bin/processing-3.0/java/lib/amd64/libjdwp.so
7fb0fc000000-7fb0fc819000 rw-p 00000000 00:00 0 
7fb0fc819000-7fb100000000 ---p 00000000 00:00 0 
7fb100000000-7fb100008000 r--s 003d3000 08:02 6569026                    /usr/bin/processing-3.0/core/library/gluegen-java-src.zip
7fb100008000-7fb100029000 rw-p 00000000 00:00 0 
7fb100029000-7fb100053000 r-xp 00000000 08:02 8012204                    /usr/bin/processing-3.0/java/lib/amd64/libjava.so
7fb100053000-7fb100253000 ---p 0002a000 08:02 8012204                    /usr/bin/processing-3.0/java/lib/amd64/libjava.so
7fb100253000-7fb100255000 rw-p 0002a000 08:02 8012204                    /usr/bin/processing-3.0/java/lib/amd64/libjava.so
7fb100255000-7fb100262000 r-xp 00000000 08:02 8012148                    /usr/bin/processing-3.0/java/lib/amd64/libverify.so
7fb100262000-7fb100462000 ---p 0000d000 08:02 8012148                    /usr/bin/processing-3.0/java/lib/amd64/libverify.so
7fb100462000-7fb100464000 rw-p 0000d000 08:02 8012148                    /usr/bin/processing-3.0/java/lib/amd64/libverify.so
7fb100464000-7fb10046b000 r-xp 00000000 08:02 13635818                   /lib/x86_64-linux-gnu/librt-2.19.so
7fb10046b000-7fb10066a000 ---p 00007000 08:02 13635818                   /lib/x86_64-linux-gnu/librt-2.19.so
7fb10066a000-7fb10066b000 r--p 00006000 08:02 13635818                   /lib/x86_64-linux-gnu/librt-2.19.so
7fb10066b000-7fb10066c000 rw-p 00007000 08:02 13635818                   /lib/x86_64-linux-gnu/librt-2.19.so
7fb10066c000-7fb100771000 r-xp 00000000 08:02 13635740                   /lib/x86_64-linux-gnu/libm-2.19.so
7fb100771000-7fb100970000 ---p 00105000 08:02 13635740                   /lib/x86_64-linux-gnu/libm-2.19.so
7fb100970000-7fb100971000 r--p 00104000 08:02 13635740                   /lib/x86_64-linux-gnu/libm-2.19.so
7fb100971000-7fb100972000 rw-p 00105000 08:02 13635740                   /lib/x86_64-linux-gnu/libm-2.19.so
7fb100972000-7fb101620000 r-xp 00000000 08:02 8012167                    /usr/bin/processing-3.0/java/lib/amd64/server/libjvm.so
7fb101620000-7fb101820000 ---p 00cae000 08:02 8012167                    /usr/bin/processing-3.0/java/lib/amd64/server/libjvm.so
7fb101820000-7fb1018f7000 rw-p 00cae000 08:02 8012167                    /usr/bin/processing-3.0/java/lib/amd64/server/libjvm.so
7fb1018f7000-7fb10193b000 rw-p 00000000 00:00 0 
7fb10193b000-7fb101af6000 r-xp 00000000 08:02 13635690                   /lib/x86_64-linux-gnu/libc-2.19.so
7fb101af6000-7fb101cf5000 ---p 001bb000 08:02 13635690                   /lib/x86_64-linux-gnu/libc-2.19.so
7fb101cf5000-7fb101cf9000 r--p 001ba000 08:02 13635690                   /lib/x86_64-linux-gnu/libc-2.19.so
7fb101cf9000-7fb101cfb000 rw-p 001be000 08:02 13635690                   /lib/x86_64-linux-gnu/libc-2.19.so
7fb101cfb000-7fb101d00000 rw-p 00000000 00:00 0 
7fb101d00000-7fb101d03000 r-xp 00000000 08:02 13635707                   /lib/x86_64-linux-gnu/libdl-2.19.so
7fb101d03000-7fb101f02000 ---p 00003000 08:02 13635707                   /lib/x86_64-linux-gnu/libdl-2.19.so
7fb101f02000-7fb101f03000 r--p 00002000 08:02 13635707                   /lib/x86_64-linux-gnu/libdl-2.19.so
7fb101f03000-7fb101f04000 rw-p 00003000 08:02 13635707                   /lib/x86_64-linux-gnu/libdl-2.19.so
7fb101f04000-7fb101f19000 r-xp 00000000 08:02 8012145                    /usr/bin/processing-3.0/java/lib/amd64/jli/libjli.so
7fb101f19000-7fb102119000 ---p 00015000 08:02 8012145                    /usr/bin/processing-3.0/java/lib/amd64/jli/libjli.so
7fb102119000-7fb10211a000 rw-p 00015000 08:02 8012145                    /usr/bin/processing-3.0/java/lib/amd64/jli/libjli.so
7fb10211a000-7fb102133000 r-xp 00000000 08:02 13635810                   /lib/x86_64-linux-gnu/libpthread-2.19.so
7fb102133000-7fb102332000 ---p 00019000 08:02 13635810                   /lib/x86_64-linux-gnu/libpthread-2.19.so
7fb102332000-7fb102333000 r--p 00018000 08:02 13635810                   /lib/x86_64-linux-gnu/libpthread-2.19.so
7fb102333000-7fb102334000 rw-p 00019000 08:02 13635810                   /lib/x86_64-linux-gnu/libpthread-2.19.so
7fb102334000-7fb102338000 rw-p 00000000 00:00 0 
7fb102338000-7fb10235b000 r-xp 00000000 08:02 13635666                   /lib/x86_64-linux-gnu/ld-2.19.so
7fb10235b000-7fb10235c000 r--s 00002000 08:02 4591935                    /home/akelly/sketchbook/libraries/minim/library/tritonus_aos.jar
7fb10235c000-7fb10235d000 r--s 00001000 08:02 6569033                    /usr/bin/processing-3.0/core/library/gluegen-rt-natives-macosx-universal.jar
7fb10235d000-7fb10235f000 r--s 00038000 08:02 6569032                    /usr/bin/processing-3.0/core/library/jogl-all-natives-windows-amd64.jar
7fb10235f000-7fb102360000 r--s 00034000 08:02 6569031                    /usr/bin/processing-3.0/core/library/jogl-all-natives-linux-amd64.jar
7fb102360000-7fb102361000 r--s 00001000 08:02 6569036                    /usr/bin/processing-3.0/core/library/gluegen-rt-natives-windows-i586.jar
7fb102361000-7fb102432000 rw-p 00000000 00:00 0 
7fb102432000-7fb102435000 ---p 00000000 00:00 0 
7fb102435000-7fb102537000 rw-p 00000000 00:00 0                          [stack:9633]
7fb102537000-7fb10253d000 r--s 0004a000 08:02 6569021                    /usr/bin/processing-3.0/core/library/gluegen-rt.jar
7fb10253d000-7fb10253e000 r--s 00000000 08:02 6569035                    /usr/bin/processing-3.0/core/library/gluegen-rt-natives-linux-armv6hf.jar
7fb10253e000-7fb10253f000 r--s 00031000 08:02 6569019                    /usr/bin/processing-3.0/core/library/jogl-all-natives-windows-i586.jar
7fb10253f000-7fb102540000 r--s 00001000 08:02 6569022                    /usr/bin/processing-3.0/core/library/gluegen-rt-natives-windows-amd64.jar
7fb102540000-7fb102542000 r--s 0006c000 08:02 6569020                    /usr/bin/processing-3.0/core/library/jogl-all-natives-macosx-universal.jar
7fb102542000-7fb102547000 r--s 000f0000 08:02 6569027                    /usr/bin/processing-3.0/core/library/core.jar
7fb102547000-7fb102549000 r--s 00000000 08:02 6569025                    /usr/bin/processing-3.0/core/library/gluegen-rt-natives-linux-amd64.jar
7fb102549000-7fb10254a000 r--s 00026000 08:02 6569028                    /usr/bin/processing-3.0/core/library/jogl-all-natives-linux-armv6hf.jar
7fb10254a000-7fb10254b000 r--s 00032000 08:02 6569024                    /usr/bin/processing-3.0/core/library/jogl-all-natives-linux-i586.jar
7fb10254b000-7fb10254d000 r--s 00000000 08:02 6569023                    /usr/bin/processing-3.0/core/library/gluegen-rt-natives-linux-i586.jar
7fb10254d000-7fb10254e000 rw-p 00000000 00:00 0 
7fb10254e000-7fb102556000 rw-s 00000000 08:02 4325393                    /tmp/hsperfdata_akelly/9632
7fb102556000-7fb102557000 rw-p 00000000 00:00 0 
7fb102557000-7fb102558000 r--p 00000000 00:00 0 
7fb102558000-7fb10255a000 rw-p 00000000 00:00 0 
7fb10255a000-7fb10255b000 r--p 00022000 08:02 13635666                   /lib/x86_64-linux-gnu/ld-2.19.so
7fb10255b000-7fb10255c000 rw-p 00023000 08:02 13635666                   /lib/x86_64-linux-gnu/ld-2.19.so
7fb10255c000-7fb10255d000 rw-p 00000000 00:00 0 
7ffc2466f000-7ffc24692000 rw-p 00000000 00:00 0                          [stack]
7ffc2478b000-7ffc2478d000 r--p 00000000 00:00 0                          [vvar]
7ffc2478d000-7ffc2478f000 r-xp 00000000 00:00 0                          [vdso]
ffffffffff600000-ffffffffff601000 r-xp 00000000 00:00 0                  [vsyscall]

VM Arguments:
jvm_args: -agentlib:jdwp=transport=dt_socket,address=8112,server=y,suspend=y -Djava.library.path=:/usr/bin/processing-3.0/core/library:/home/akelly/sketchbook/libraries/minim/library:/usr/java/packages/lib/amd64:/usr/lib64:/lib64:/lib:/usr/lib -ea 
java_command: processing.core.PApplet --display=1 --sketch-path=/home/akelly/sketchbook/_audioVisualizer/_audioVisualizer/build build
java_class_path (initial): /home/akelly/sketchbook/_audioVisualizer/_audioVisualizer/build/build-tmp:/usr/bin/processing-3.0/core/library/gluegen-rt-natives-linux-i586.jar:/usr/bin/processing-3.0/core/library/jogl-all-natives-linux-i586.jar:/usr/bin/processing-3.0/core/library/jogl-all-natives-linux-armv6hf.jar:/usr/bin/processing-3.0/core/library/gluegen-rt-natives-linux-amd64.jar:/usr/bin/processing-3.0/core/library/core.jar:/usr/bin/processing-3.0/core/library/jogl-all-natives-macosx-universal.jar:/usr/bin/processing-3.0/core/library/gluegen-rt-natives-windows-amd64.jar:/usr/bin/processing-3.0/core/library/jogl-all-natives-windows-i586.jar:/usr/bin/processing-3.0/core/library/gluegen-rt-natives-linux-armv6hf.jar:/usr/bin/processing-3.0/core/library/gluegen-rt.jar:/usr/bin/processing-3.0/core/library/gluegen-rt-natives-windows-i586.jar:/usr/bin/processing-3.0/core/library/jogl-all.jar:/usr/bin/processing-3.0/core/library/jogl-all-natives-linux-amd64.jar:/usr/bin/processing-3.0/core/library/jogl-all-natives-windows-amd64.jar:/usr/bin/processing-3.0/core/library/gluegen-java-src.zip:/usr/bin/processing-3.0/core/library/jogl-java-src.zip:/usr/bin/processing-3.0/core/library/gluegen-rt-natives-macosx-universal.jar:/usr/bin/processing-3.0/core/library/gluegen-rt-natives-linux-i586.jar:/usr/bin/processing-3.0/core/library/jogl-all-natives-linux-i586.jar:/usr/bin/processing-3.0/core/library/jogl-all-natives-linux-armv6hf.jar:/usr/bin/processing-3.0/core/library/gluegen-rt-natives-linux-amd64.jar:/usr/bin/processing-3.0/core/library/core.jar:/usr/bin/processing-3.0/core/library/jogl-all-natives-macosx-universal.jar:/usr/bin/processing-3.0/core/library/gluegen-rt-natives-windows-amd64.jar:/usr/bin/processing-3.0/core/library/jogl-all-natives-windows-i586.jar:/usr/bin/processing-3.0/core/library/gluegen-rt-natives-linux-armv6hf.jar:/usr/bin/processing-3.0/core/library/gluegen-rt.jar:/usr/bin/processing-3.0/core/library/gluegen-rt-natives-windows-i586.jar:/usr/bin/processi
Launcher Type: SUN_STANDARD

Environment Variables:
PATH=/usr/bin/processing-3.0/java/bin:/usr/local/sbin:/usr/local/bin:/usr/sbin:/usr/bin:/sbin:/bin:/usr/games:/usr/local/games
SHELL=/bin/bash
DISPLAY=:0

Signal Handlers:
SIGSEGV: [libjvm.so+0xaad540], sa_mask[0]=11111111011111111101111111111110, sa_flags=SA_RESTART|SA_SIGINFO
SIGBUS: [libjvm.so+0xaad540], sa_mask[0]=11111111011111111101111111111110, sa_flags=SA_RESTART|SA_SIGINFO
SIGFPE: [libjvm.so+0x90b6b0], sa_mask[0]=11111111011111111101111111111110, sa_flags=SA_RESTART|SA_SIGINFO
SIGPIPE: [libjvm.so+0x90b6b0], sa_mask[0]=11111111011111111101111111111110, sa_flags=SA_RESTART|SA_SIGINFO
SIGXFSZ: [libjvm.so+0x90b6b0], sa_mask[0]=11111111011111111101111111111110, sa_flags=SA_RESTART|SA_SIGINFO
SIGILL: [libjvm.so+0x90b6b0], sa_mask[0]=11111111011111111101111111111110, sa_flags=SA_RESTART|SA_SIGINFO
SIGUSR1: SIG_DFL, sa_mask[0]=00000000000000000000000000000000, sa_flags=none
SIGUSR2: [libjvm.so+0x90ccf0], sa_mask[0]=00100000000000000000000000000000, sa_flags=SA_RESTART|SA_SIGINFO
SIGHUP: [libjvm.so+0x90e040], sa_mask[0]=11111111011111111101111111111110, sa_flags=SA_RESTART|SA_SIGINFO
SIGINT: [libjvm.so+0x90e040], sa_mask[0]=11111111011111111101111111111110, sa_flags=SA_RESTART|SA_SIGINFO
SIGTERM: [libjvm.so+0x90e040], sa_mask[0]=11111111011111111101111111111110, sa_flags=SA_RESTART|SA_SIGINFO
SIGQUIT: [libjvm.so+0x90e040], sa_mask[0]=11111111011111111101111111111110, sa_flags=SA_RESTART|SA_SIGINFO


---------------  S Y S T E M  ---------------

OS:DISTRIB_ID=Ubuntu
DISTRIB_RELEASE=14.04
DISTRIB_CODENAME=trusty
DISTRIB_DESCRIPTION="Ubuntu 14.04.3 LTS"

uname:Linux 3.19.0-28-generic #30~14.04.1-Ubuntu SMP Tue Sep 1 09:32:55 UTC 2015 x86_64
libc:glibc 2.19 NPTL 2.19 
rlimit: STACK 8192k, CORE 0k, NPROC 63284, NOFILE 4096, AS infinity
load average:2.76 2.26 2.32

/proc/meminfo:
MemTotal:       16309452 kB
MemFree:        11449412 kB
MemAvailable:   12679660 kB
Buffers:          117820 kB
Cached:          1696032 kB
SwapCached:           48 kB
Active:          3839040 kB
Inactive:         753832 kB
Active(anon):    2900268 kB
Inactive(anon):   337264 kB
Active(file):     938772 kB
Inactive(file):   416568 kB
Unevictable:          92 kB
Mlocked:              92 kB
SwapTotal:      16653308 kB
SwapFree:       16584364 kB
Dirty:               220 kB
Writeback:             0 kB
AnonPages:       2779064 kB
Mapped:           548568 kB
Shmem:            458516 kB
Slab:             129328 kB
SReclaimable:      87700 kB
SUnreclaim:        41628 kB
KernelStack:       10416 kB
PageTables:        51420 kB
NFS_Unstable:          0 kB
Bounce:                0 kB
WritebackTmp:          0 kB
CommitLimit:    24808032 kB
Committed_AS:    8615268 kB
VmallocTotal:   34359738367 kB
VmallocUsed:      384832 kB
VmallocChunk:   34359343192 kB
HardwareCorrupted:     0 kB
AnonHugePages:    712704 kB
CmaTotal:              0 kB
CmaFree:               0 kB
HugePages_Total:       0
HugePages_Free:        0
HugePages_Rsvd:        0
HugePages_Surp:        0
Hugepagesize:       2048 kB
DirectMap4k:      200108 kB
DirectMap2M:    12259328 kB
DirectMap1G:     4194304 kB


CPU:total 4 (2 cores per cpu, 2 threads per core) family 6 model 61 stepping 4, cmov, cx8, fxsr, mmx, sse, sse2, sse3, ssse3, sse4.1, sse4.2, popcnt, avx, avx2, aes, clmul, erms, rtm, 3dnowpref, lzcnt, ht, tsc, tscinvbit, bmi1, bmi2, adx

/proc/cpuinfo:
processor	: 0
vendor_id	: GenuineIntel
cpu family	: 6
model		: 61
model name	: Intel(R) Core(TM) i7-5600U CPU @ 2.60GHz
stepping	: 4
microcode	: 0x19
cpu MHz		: 2261.187
cache size	: 4096 KB
physical id	: 0
siblings	: 4
core id		: 0
cpu cores	: 2
apicid		: 0
initial apicid	: 0
fpu		: yes
fpu_exception	: yes
cpuid level	: 20
wp		: yes
flags		: fpu vme de pse tsc msr pae mce cx8 apic sep mtrr pge mca cmov pat pse36 clflush dts acpi mmx fxsr sse sse2 ss ht tm pbe syscall nx pdpe1gb rdtscp lm constant_tsc arch_perfmon pebs bts rep_good nopl xtopology nonstop_tsc aperfmperf eagerfpu pni pclmulqdq dtes64 monitor ds_cpl vmx smx est tm2 ssse3 fma cx16 xtpr pdcm pcid sse4_1 sse4_2 x2apic movbe popcnt tsc_deadline_timer aes xsave avx f16c rdrand lahf_lm abm 3dnowprefetch ida arat epb pln pts dtherm tpr_shadow vnmi flexpriority ept vpid fsgsbase tsc_adjust bmi1 hle avx2 smep bmi2 erms invpcid rtm rdseed adx smap xsaveopt
bugs		:
bogomips	: 5188.48
clflush size	: 64
cache_alignment	: 64
address sizes	: 39 bits physical, 48 bits virtual
power management:

processor	: 1
vendor_id	: GenuineIntel
cpu family	: 6
model		: 61
model name	: Intel(R) Core(TM) i7-5600U CPU @ 2.60GHz
stepping	: 4
microcode	: 0x19
cpu MHz		: 2219.546
cache size	: 4096 KB
physical id	: 0
siblings	: 4
core id		: 0
cpu cores	: 2
apicid		: 1
initial apicid	: 1
fpu		: yes
fpu_exception	: yes
cpuid level	: 20
wp		: yes
flags		: fpu vme de pse tsc msr pae mce cx8 apic sep mtrr pge mca cmov pat pse36 clflush dts acpi mmx fxsr sse sse2 ss ht tm pbe syscall nx pdpe1gb rdtscp lm constant_tsc arch_perfmon pebs bts rep_good nopl xtopology nonstop_tsc aperfmperf eagerfpu pni pclmulqdq dtes64 monitor ds_cpl vmx smx est tm2 ssse3 fma cx16 xtpr pdcm pcid sse4_1 sse4_2 x2apic movbe popcnt tsc_deadline_timer aes xsave avx f16c rdrand lahf_lm abm 3dnowprefetch ida arat epb pln pts dtherm tpr_shadow vnmi flexpriority ept vpid fsgsbase tsc_adjust bmi1 hle avx2 smep bmi2 erms invpcid rtm rdseed adx smap xsaveopt
bugs		:
bogomips	: 5188.48
clflush size	: 64
cache_alignment	: 64
address sizes	: 39 bits physical, 48 bits virtual
power management:

processor	: 2
vendor_id	: GenuineIntel
cpu family	: 6
model		: 61
model name	: Intel(R) Core(TM) i7-5600U CPU @ 2.60GHz
stepping	: 4
microcode	: 0x19
cpu MHz		: 2258.851
cache size	: 4096 KB
physical id	: 0
siblings	: 4
core id		: 1
cpu cores	: 2
apicid		: 2
initial apicid	: 2
fpu		: yes
fpu_exception	: yes
cpuid level	: 20
wp		: yes
flags		: fpu vme de pse tsc msr pae mce cx8 apic sep mtrr pge mca cmov pat pse36 clflush dts acpi mmx fxsr sse sse2 ss ht tm pbe syscall nx pdpe1gb rdtscp lm constant_tsc arch_perfmon pebs bts rep_good nopl xtopology nonstop_tsc aperfmperf eagerfpu pni pclmulqdq dtes64 monitor ds_cpl vmx smx est tm2 ssse3 fma cx16 xtpr pdcm pcid sse4_1 sse4_2 x2apic movbe popcnt tsc_deadline_timer aes xsave avx f16c rdrand lahf_lm abm 3dnowprefetch ida arat epb pln pts dtherm tpr_shadow vnmi flexpriority ept vpid fsgsbase tsc_adjust bmi1 hle avx2 smep bmi2 erms invpcid rtm rdseed adx smap xsaveopt
bugs		:
bogomips	: 5188.48
clflush size	: 64
cache_alignment	: 64
address sizes	: 39 bits physical, 48 bits virtual
power management:

processor	: 3
vendor_id	: GenuineIntel
cpu family	: 6
model		: 61
model name	: Intel(R) Core(TM) i7-5600U CPU @ 2.60GHz
stepping	: 4
microcode	: 0x19
cpu MHz		: 2253.265
cache size	: 4096 KB
physical id	: 0
siblings	: 4
core id		: 1
cpu cores	: 2
apicid		: 3
initial apicid	: 3
fpu		: yes
fpu_exception	: yes
cpuid level	: 20
wp		: yes
flags		: fpu vme de pse tsc msr pae mce cx8 apic sep mtrr pge mca cmov pat pse36 clflush dts acpi mmx fxsr sse sse2 ss ht tm pbe syscall nx pdpe1gb rdtscp lm constant_tsc arch_perfmon pebs bts rep_good nopl xtopology nonstop_tsc aperfmperf eagerfpu pni pclmulqdq dtes64 monitor ds_cpl vmx smx est tm2 ssse3 fma cx16 xtpr pdcm pcid sse4_1 sse4_2 x2apic movbe popcnt tsc_deadline_timer aes xsave avx f16c rdrand lahf_lm abm 3dnowprefetch ida arat epb pln pts dtherm tpr_shadow vnmi flexpriority ept vpid fsgsbase tsc_adjust bmi1 hle avx2 smep bmi2 erms invpcid rtm rdseed adx smap xsaveopt
bugs		:
bogomips	: 5188.48
clflush size	: 64
cache_alignment	: 64
address sizes	: 39 bits physical, 48 bits virtual
power management:



Memory: 4k page, physical 16309452k(11449412k free), swap 16653308k(16584364k free)

vm_info: Java HotSpot(TM) 64-Bit Server VM (25.51-b03) for linux-amd64 JRE (1.8.0_51-b16), built on Jun  8 2015 19:28:07 by "java_re" with gcc 4.3.0 20080428 (Red Hat 4.3.0-8)

time: Sat Oct 10 16:02:31 2015
elapsed time: 30 seconds (0d 0h 0m 30s)

