#
# A fatal error has been detected by the Java Runtime Environment:
#
#  SIGSEGV (0xb) at pc=0x00007f2be1995998, pid=7741, tid=139826906810112
#
# JRE version: Java(TM) SE Runtime Environment (8.0_51-b16) (build 1.8.0_51-b16)
# Java VM: Java HotSpot(TM) 64-Bit Server VM (25.51-b03 mixed mode linux-amd64 compressed oops)
# Problematic frame:
# C  [i965_dri.so+0x3c9998]
#
# Failed to write core dump. Core dumps have been disabled. To enable core dumping, try "ulimit -c unlimited" before starting Java again
#
# If you would like to submit a bug report, please visit:
#   http://bugreport.java.com/bugreport/crash.jsp
# The crash happened outside the Java Virtual Machine in native code.
# See problematic frame for where to report the bug.
#

---------------  T H R E A D  ---------------

Current thread (0x00007f2c586db000):  JavaThread "main-Display-.x11_:0-1-EDT-1" daemon [_thread_in_native, id=7782, stack(0x00007f2bfd0c4000,0x00007f2bfd1c5000)]

siginfo: si_signo: 11 (SIGSEGV), si_code: 1 (SEGV_MAPERR), si_addr: 0x0000000100000000

Registers:
RAX=0x00007f2be1995990, RBX=0x00007f2bc404f900, RCX=0x0000000000000000, RDX=0x0000000000000001
RSP=0x00007f2bfd1c2350, RBP=0x00007f2bdc022300, RSI=0x00007f2bc404f9e0, RDI=0x0000000100000000
R8 =0x0000000000000000, R9 =0x00007f2bfca71fc0, R10=0x00007f2c4901ce58, R11=0x00007f2c5e9bf090
R12=0x00007f2bdc01fe40, R13=0x0000000000000000, R14=0x00007f2bdc0234f0, R15=0x0000000000000000
RIP=0x00007f2be1995998, EFLAGS=0x0000000000010206, CSGSFS=0x0000000000000033, ERR=0x0000000000000004
  TRAPNO=0x000000000000000e

Top of Stack: (sp=0x00007f2bfd1c2350)
0x00007f2bfd1c2350:   00007f2bfd1c2440 0000000000000000
0x00007f2bfd1c2360:   00007f2bc404f900 00007f2bdc022300
0x00007f2bfd1c2370:   00007f2bdc01fe40 00007f2bfca7204e
0x00007f2bfd1c2380:   00007f2bfd1c23b8 00007f2bfccbf660
0x00007f2bfd1c2390:   00007f2bdc014b10 00007f2b00000000
0x00007f2bfd1c23a0:   0000000000000000 0000000000000000
0x00007f2bfd1c23b0:   00007f2bfd1c23d0 00007f2bc404f900
0x00007f2bfd1c23c0:   0000000004200002 00007f2bfce0d388
0x00007f2bfd1c23d0:   00007f2bfd1c2440 0000000000000000
0x00007f2bfd1c23e0:   00007f2bfce0d388 00007f2bfd1c2510
0x00007f2bfd1c23f0:   00007f2c586db000 00007f2be2faeba7
0x00007f2bfd1c2400:   0000000000000000 00007f2bfca4bab0
0x00007f2bfd1c2410:   0000000004200002 00007f2bdc014b10
0x00007f2bfd1c2420:   00007f2bfd1c24d8 00007f2c586db1f8
0x00007f2bfd1c2430:   ffffffff00000029 00007f2bfca4bab0
0x00007f2bfd1c2440:   00007f2bfd1c24c8 00007f2c4901ce84
0x00007f2bfd1c2450:   00007f2bfd1c2538 00007f2c4955d1dc
0x00007f2bfd1c2460:   00007f2c490055d0 00007f2c00000000
0x00007f2bfd1c2470:   00007f2bfd1c25a0 00007f2c49017aee
0x00007f2bfd1c2480:   00007f2c490055d0 00007f2bfd1c2488
0x00007f2bfd1c2490:   0000000000000000 00007f2bfd1c2510
0x00007f2bfd1c24a0:   00007f2bfce0e698 0000000000000000
0x00007f2bfd1c24b0:   00007f2bfce0d388 0000000000000000
0x00007f2bfd1c24c0:   00007f2bfd1c24e8 00007f2bfd1c2558
0x00007f2bfd1c24d0:   00007f2c49007ccd 0000000775020740
0x00007f2bfd1c24e0:   00007f2c490137d8 00007f2bfca4bab0
0x00007f2bfd1c24f0:   00007f2c586db000 0000000004200002
0x00007f2bfd1c2500:   00007f2bfeabe34d 00007f2bdc014b10
0x00007f2bfd1c2510:   00000007751b38e0 00007f2bfd1c2518
0x00007f2bfd1c2520:   00007f2bfce0d2d9 00007f2bfd1c2590
0x00007f2bfd1c2530:   00007f2bfce0e698 0000000000000000
0x00007f2bfd1c2540:   00007f2bfce0d2e8 00007f2bfd1c24e8 

Instructions: (pc=0x00007f2be1995998)
0x00007f2be1995978:   0f 1f 84 00 00 00 00 00 48 83 c4 10 5b 5d 41 5c
0x00007f2be1995988:   c3 0f 1f 80 00 00 00 00 41 54 55 53 48 83 ec 10
0x00007f2be1995998:   48 8b 1f 48 85 db 74 3d f6 83 48 05 00 00 01 49
0x00007f2be19959a8:   89 f4 89 cd 75 72 83 e2 01 75 5d 83 e5 fd 74 38 

Register to memory mapping:

RAX=0x00007f2be1995990: <offset 0x3c9990> in /usr/lib/x86_64-linux-gnu/dri/i965_dri.so at 0x00007f2be15cc000
RBX=0x00007f2bc404f900 is an unknown value
RCX=0x0000000000000000 is an unknown value
RDX=0x0000000000000001 is an unknown value
RSP=0x00007f2bfd1c2350 is pointing into the stack for thread: 0x00007f2c586db000
RBP=0x00007f2bdc022300 is an unknown value
RSI=0x00007f2bc404f9e0 is an unknown value
RDI=0x0000000100000000 is an unknown value
R8 =0x0000000000000000 is an unknown value
R9 =0x00007f2bfca71fc0: <offset 0x42fc0> in /usr/lib/x86_64-linux-gnu/mesa/libGL.so.1 at 0x00007f2bfca2f000
R10=0x00007f2c4901ce58 is at code_begin+1528 in an Interpreter codelet
method entry point (kind = native)  [0x00007f2c4901c860, 0x00007f2c4901d7a0]  3904 bytes
R11=0x00007f2c5e9bf090: <offset 0x9ad090> in /usr/bin/processing-3.0/java/lib/amd64/server/libjvm.so at 0x00007f2c5e012000
R12=0x00007f2bdc01fe40 is an unknown value
R13=0x0000000000000000 is an unknown value
R14=0x00007f2bdc0234f0 is an unknown value
R15=0x0000000000000000 is an unknown value


Stack: [0x00007f2bfd0c4000,0x00007f2bfd1c5000],  sp=0x00007f2bfd1c2350,  free space=1016k
Native frames: (J=compiled Java code, j=interpreted, Vv=VM code, C=native code)
C  [i965_dri.so+0x3c9998]

Java frames: (J=compiled Java code, j=interpreted, Vv=VM code)
j  jogamp.opengl.x11.glx.GLX.dispatch_glXSwapBuffers0(JJJ)V+0
j  jogamp.opengl.x11.glx.GLX.glXSwapBuffers(JJ)V+41
j  jogamp.opengl.x11.glx.X11GLXDrawable.swapBuffersImpl(Z)V+17
j  jogamp.opengl.GLDrawableImpl.swapBuffers()V+67
j  jogamp.opengl.GLAutoDrawableBase.defaultSwapBuffers()V+23
j  com.jogamp.newt.opengl.GLWindow.swapBuffers()V+1
j  processing.opengl.PJOGL.swapBuffers()V+15
j  processing.opengl.PGraphicsOpenGL.dispose()V+15
j  processing.core.PApplet.dispose()V+28
j  processing.opengl.PSurfaceJOGL$NEWTWindowListener.windowDestroyNotify(Lcom/jogamp/newt/event/WindowEvent;)V+7
j  jogamp.newt.WindowImpl.consumeWindowEvent(Lcom/jogamp/newt/event/WindowEvent;)V+254
j  jogamp.newt.WindowImpl.sendWindowEvent(I)V+14
j  jogamp.newt.WindowImpl$1.run()V+143
j  jogamp.newt.DisplayImpl.runOnEDTIfAvail(ZLjava/lang/Runnable;)V+172
j  jogamp.newt.WindowImpl.runOnEDTIfAvail(ZLjava/lang/Runnable;)V+36
j  jogamp.newt.WindowImpl.destroy()V+11
j  com.jogamp.newt.opengl.GLWindow.destroy()V+4
j  jogamp.opengl.GLAutoDrawableBase.destroyAvoidAwareOfLocking()V+31
j  jogamp.opengl.GLAutoDrawableBase.defaultWindowDestroyNotifyOp()V+43
j  com.jogamp.newt.opengl.GLWindow.access$000(Lcom/jogamp/newt/opengl/GLWindow;)V+1
j  com.jogamp.newt.opengl.GLWindow$1.run()V+4
j  jogamp.newt.WindowImpl.windowDestroyNotify(Z)Z+147
v  ~StubRoutines::call_stub
J 1524  jogamp.newt.driver.x11.DisplayDriver.DispatchMessages0(JJJII)V (0 bytes) @ 0x00007f2c495b50ff [0x00007f2c495b50c0+0x3f]
j  jogamp.newt.driver.x11.DisplayDriver.dispatchMessagesNative()V+42
J 1523 C1 jogamp.newt.DisplayImpl.dispatchMessages()V (116 bytes) @ 0x00007f2c495b4274 [0x00007f2c495b3ec0+0x3b4]
J 1522 C1 jogamp.newt.DisplayImpl$7.run()V (8 bytes) @ 0x00007f2c495b4d74 [0x00007f2c495b4d00+0x74]
j  jogamp.newt.DefaultEDTUtil$NEDT.run()V+67
v  ~StubRoutines::call_stub

---------------  P R O C E S S  ---------------

Java Threads: ( => current thread )
  0x00007f2bc4131000 JavaThread "Thread-6" [_thread_blocked, id=7804, stack(0x00007f2bfda8b000,0x00007f2bfdb8c000)]
  0x00007f2bc411d000 JavaThread "Java Sound Event Dispatcher" daemon [_thread_blocked, id=7799, stack(0x00007f2bd6f7f000,0x00007f2bd7080000)]
  0x00007f2c5800f800 JavaThread "DestroyJavaVM" [_thread_blocked, id=7742, stack(0x00007f2c5fad2000,0x00007f2c5fbd3000)]
  0x00007f2c58750000 JavaThread "Thread-2" [_thread_blocked, id=7785, stack(0x00007f2bd78a2000,0x00007f2bd79a3000)]
  0x00007f2c5873d800 JavaThread "main-SharedResourceRunner" daemon [_thread_blocked, id=7784, stack(0x00007f2be1d4f000,0x00007f2be1e50000)]
  0x00007f2c58717000 JavaThread "main-SharedResourceRunner" daemon [_thread_blocked, id=7783, stack(0x00007f2bfc0d5000,0x00007f2bfc1d6000)]
=>0x00007f2c586db000 JavaThread "main-Display-.x11_:0-1-EDT-1" daemon [_thread_in_native, id=7782, stack(0x00007f2bfd0c4000,0x00007f2bfd1c5000)]
  0x00007f2c5850e000 JavaThread "process reaper" daemon [_thread_blocked, id=7775, stack(0x00007f2bfe8e1000,0x00007f2bfe91a000)]
  0x00007f2c582ac000 JavaThread "AWT-XAWT" daemon [_thread_in_native, id=7771, stack(0x00007f2bfee26000,0x00007f2bfef27000)]
  0x00007f2c5828c000 JavaThread "Java2D Disposer" daemon [_thread_blocked, id=7770, stack(0x00007f2c3c058000,0x00007f2c3c159000)]
  0x00007f2c580d8800 JavaThread "Service Thread" daemon [_thread_blocked, id=7768, stack(0x00007f2c3d0fd000,0x00007f2c3d1fe000)]
  0x00007f2c580d3800 JavaThread "C1 CompilerThread2" daemon [_thread_blocked, id=7767, stack(0x00007f2c3d1fe000,0x00007f2c3d2ff000)]
  0x00007f2c580d1800 JavaThread "C2 CompilerThread1" daemon [_thread_blocked, id=7766, stack(0x00007f2c3d2ff000,0x00007f2c3d400000)]
  0x00007f2c580ce800 JavaThread "C2 CompilerThread0" daemon [_thread_blocked, id=7765, stack(0x00007f2c3d400000,0x00007f2c3d501000)]
  0x00007f2c1c001000 JavaThread "JDWP Command Reader" daemon [_thread_in_native, id=7759, stack(0x00007f2c3d501000,0x00007f2c3d602000)]
  0x00007f2c580cc800 JavaThread "JDWP Event Helper Thread" daemon [_thread_blocked, id=7756, stack(0x00007f2c3d602000,0x00007f2c3d703000)]
  0x00007f2c580c9000 JavaThread "JDWP Transport Listener: dt_socket" daemon [_thread_blocked, id=7755, stack(0x00007f2c3d703000,0x00007f2c3d804000)]
  0x00007f2c580bb800 JavaThread "Signal Dispatcher" daemon [_thread_blocked, id=7754, stack(0x00007f2c3da08000,0x00007f2c3db09000)]
  0x00007f2c58084800 JavaThread "Finalizer" daemon [_thread_blocked, id=7750, stack(0x00007f2c3db09000,0x00007f2c3dc0a000)]
  0x00007f2c58082800 JavaThread "Reference Handler" daemon [_thread_blocked, id=7749, stack(0x00007f2c3dc0a000,0x00007f2c3dd0b000)]

Other Threads:
  0x00007f2c5807d000 VMThread [stack: 0x00007f2c3dd0b000,0x00007f2c3de0c000] [id=7748]
  0x00007f2c580db800 WatcherThread [stack: 0x00007f2c3cffc000,0x00007f2c3d0fd000] [id=7769]

VM state:not at safepoint (normal execution)

VM Mutex/Monitor currently owned by a thread: None

Heap:
 PSYoungGen      total 139264K, used 36424K [0x000000076d100000, 0x000000077df00000, 0x00000007c0000000)
  eden space 129024K, 24% used [0x000000076d100000,0x000000076efd2980,0x0000000774f00000)
  from space 10240K, 47% used [0x0000000774f00000,0x00000007753bf960,0x0000000775900000)
  to   space 9216K, 0% used [0x000000077d600000,0x000000077d600000,0x000000077df00000)
 ParOldGen       total 171008K, used 48K [0x00000006c7200000, 0x00000006d1900000, 0x000000076d100000)
  object space 171008K, 0% used [0x00000006c7200000,0x00000006c720c000,0x00000006d1900000)
 Metaspace       used 17359K, capacity 17546K, committed 17792K, reserved 1064960K
  class space    used 1569K, capacity 1662K, committed 1664K, reserved 1048576K

Card table byte_map: [0x00007f2c48478000,0x00007f2c48c40000] byte_map_base: 0x00007f2c44e3f000

Marking Bits: (ParMarkBitMap*) 0x00007f2c5efb0660
 Begin Bits: [0x00007f2c3ffd5000, 0x00007f2c43e0d000)
 End Bits:   [0x00007f2c43e0d000, 0x00007f2c47c45000)

Polling page: 0x00007f2c5fbf7000

CodeCache: size=245760Kb used=6629Kb max_used=6629Kb free=239130Kb
 bounds [0x00007f2c49000000, 0x00007f2c49690000, 0x00007f2c58000000]
 total_blobs=2616 nmethods=1661 adapters=877
 compilation: enabled

Compilation events (10 events):
Event: 5.246 Thread 0x00007f2c580d3800 nmethod 1672 0x00007f2c4967f1d0 code [0x00007f2c4967f340, 0x00007f2c4967f590]
Event: 5.246 Thread 0x00007f2c580d3800 1673       3       jogamp.newt.WindowImpl::isNativeValid (15 bytes)
Event: 5.246 Thread 0x00007f2c580d3800 nmethod 1673 0x00007f2c4967f650 code [0x00007f2c4967f7c0, 0x00007f2c4967f990]
Event: 5.279 Thread 0x00007f2c580d3800 1674       3       java.util.TaskQueue::isEmpty (13 bytes)
Event: 5.279 Thread 0x00007f2c580d3800 nmethod 1674 0x00007f2c4967fa10 code [0x00007f2c4967fb80, 0x00007f2c4967fd30]
Event: 5.279 Thread 0x00007f2c580d3800 1675       3       com.jogamp.opengl.GLContext::getCurrent (10 bytes)
Event: 5.280 Thread 0x00007f2c580d3800 nmethod 1675 0x00007f2c4967fd90 code [0x00007f2c4967ff00, 0x00007f2c496801e8]
Event: 5.295 Thread 0x00007f2c580d3800 1676       1       com.jogamp.opengl.util.FPSAnimator::access$000 (5 bytes)
Event: 5.295 Thread 0x00007f2c580d3800 nmethod 1676 0x00007f2c49680290 code [0x00007f2c496803e0, 0x00007f2c496804d0]
Event: 5.295 Thread 0x00007f2c580d3800 1677       3       jogamp.opengl.GLDrawableImpl::lockSurface (103 bytes)

GC Heap History (10 events):
Event: 2.519 GC heap before
{Heap before GC invocations=1 (full 0):
 PSYoungGen      total 74752K, used 64512K [0x000000076d100000, 0x0000000772400000, 0x00000007c0000000)
  eden space 64512K, 100% used [0x000000076d100000,0x0000000771000000,0x0000000771000000)
  from space 10240K, 0% used [0x0000000771a00000,0x0000000771a00000,0x0000000772400000)
  to   space 10240K, 0% used [0x0000000771000000,0x0000000771000000,0x0000000771a00000)
 ParOldGen       total 171008K, used 0K [0x00000006c7200000, 0x00000006d1900000, 0x000000076d100000)
  object space 171008K, 0% used [0x00000006c7200000,0x00000006c7200000,0x00000006d1900000)
 Metaspace       used 17186K, capacity 17418K, committed 17536K, reserved 1064960K
  class space    used 1569K, capacity 1662K, committed 1664K, reserved 1048576K
Event: 2.532 GC heap after
Heap after GC invocations=1 (full 0):
 PSYoungGen      total 74752K, used 8973K [0x000000076d100000, 0x0000000772400000, 0x00000007c0000000)
  eden space 64512K, 0% used [0x000000076d100000,0x000000076d100000,0x0000000771000000)
  from space 10240K, 87% used [0x0000000771000000,0x00000007718c3578,0x0000000771a00000)
  to   space 10240K, 0% used [0x0000000771a00000,0x0000000771a00000,0x0000000772400000)
 ParOldGen       total 171008K, used 16K [0x00000006c7200000, 0x00000006d1900000, 0x000000076d100000)
  object space 171008K, 0% used [0x00000006c7200000,0x00000006c7204000,0x00000006d1900000)
 Metaspace       used 17186K, capacity 17418K, committed 17536K, reserved 1064960K
  class space    used 1569K, capacity 1662K, committed 1664K, reserved 1048576K
}
Event: 3.185 GC heap before
{Heap before GC invocations=2 (full 0):
 PSYoungGen      total 74752K, used 73485K [0x000000076d100000, 0x0000000772400000, 0x00000007c0000000)
  eden space 64512K, 100% used [0x000000076d100000,0x0000000771000000,0x0000000771000000)
  from space 10240K, 87% used [0x0000000771000000,0x00000007718c3578,0x0000000771a00000)
  to   space 10240K, 0% used [0x0000000771a00000,0x0000000771a00000,0x0000000772400000)
 ParOldGen       total 171008K, used 16K [0x00000006c7200000, 0x00000006d1900000, 0x000000076d100000)
  object space 171008K, 0% used [0x00000006c7200000,0x00000006c7204000,0x00000006d1900000)
 Metaspace       used 17245K, capacity 17482K, committed 17792K, reserved 1064960K
  class space    used 1569K, capacity 1662K, committed 1664K, reserved 1048576K
Event: 3.206 GC heap after
Heap after GC invocations=2 (full 0):
 PSYoungGen      total 74752K, used 4814K [0x000000076d100000, 0x0000000776300000, 0x00000007c0000000)
  eden space 64512K, 0% used [0x000000076d100000,0x000000076d100000,0x0000000771000000)
  from space 10240K, 47% used [0x0000000771a00000,0x0000000771eb3970,0x0000000772400000)
  to   space 10240K, 0% used [0x0000000771000000,0x0000000771000000,0x0000000771a00000)
 ParOldGen       total 171008K, used 24K [0x00000006c7200000, 0x00000006d1900000, 0x000000076d100000)
  object space 171008K, 0% used [0x00000006c7200000,0x00000006c7206000,0x00000006d1900000)
 Metaspace       used 17245K, capacity 17482K, committed 17792K, reserved 1064960K
  class space    used 1569K, capacity 1662K, committed 1664K, reserved 1048576K
}
Event: 3.773 GC heap before
{Heap before GC invocations=3 (full 0):
 PSYoungGen      total 74752K, used 69326K [0x000000076d100000, 0x0000000776300000, 0x00000007c0000000)
  eden space 64512K, 100% used [0x000000076d100000,0x0000000771000000,0x0000000771000000)
  from space 10240K, 47% used [0x0000000771a00000,0x0000000771eb3970,0x0000000772400000)
  to   space 10240K, 0% used [0x0000000771000000,0x0000000771000000,0x0000000771a00000)
 ParOldGen       total 171008K, used 24K [0x00000006c7200000, 0x00000006d1900000, 0x000000076d100000)
  object space 171008K, 0% used [0x00000006c7200000,0x00000006c7206000,0x00000006d1900000)
 Metaspace       used 17270K, capacity 17482K, committed 17792K, reserved 1064960K
  class space    used 1569K, capacity 1662K, committed 1664K, reserved 1048576K
Event: 3.781 GC heap after
Heap after GC invocations=3 (full 0):
 PSYoungGen      total 74752K, used 4846K [0x000000076d100000, 0x0000000776300000, 0x00000007c0000000)
  eden space 64512K, 0% used [0x000000076d100000,0x000000076d100000,0x0000000771000000)
  from space 10240K, 47% used [0x0000000771000000,0x00000007714bb950,0x0000000771a00000)
  to   space 10240K, 0% used [0x0000000775900000,0x0000000775900000,0x0000000776300000)
 ParOldGen       total 171008K, used 32K [0x00000006c7200000, 0x00000006d1900000, 0x000000076d100000)
  object space 171008K, 0% used [0x00000006c7200000,0x00000006c7208000,0x00000006d1900000)
 Metaspace       used 17270K, capacity 17482K, committed 17792K, reserved 1064960K
  class space    used 1569K, capacity 1662K, committed 1664K, reserved 1048576K
}
Event: 4.362 GC heap before
{Heap before GC invocations=4 (full 0):
 PSYoungGen      total 74752K, used 69358K [0x000000076d100000, 0x0000000776300000, 0x00000007c0000000)
  eden space 64512K, 100% used [0x000000076d100000,0x0000000771000000,0x0000000771000000)
  from space 10240K, 47% used [0x0000000771000000,0x00000007714bb950,0x0000000771a00000)
  to   space 10240K, 0% used [0x0000000775900000,0x0000000775900000,0x0000000776300000)
 ParOldGen       total 171008K, used 32K [0x00000006c7200000, 0x00000006d1900000, 0x000000076d100000)
  object space 171008K, 0% used [0x00000006c7200000,0x00000006c7208000,0x00000006d1900000)
 Metaspace       used 17291K, capacity 17482K, committed 17792K, reserved 1064960K
  class space    used 1569K, capacity 1662K, committed 1664K, reserved 1048576K
Event: 4.371 GC heap after
Heap after GC invocations=4 (full 0):
 PSYoungGen      total 139264K, used 4779K [0x000000076d100000, 0x0000000776300000, 0x00000007c0000000)
  eden space 129024K, 0% used [0x000000076d100000,0x000000076d100000,0x0000000774f00000)
  from space 10240K, 46% used [0x0000000775900000,0x0000000775daaed0,0x0000000776300000)
  to   space 10240K, 0% used [0x0000000774f00000,0x0000000774f00000,0x0000000775900000)
 ParOldGen       total 171008K, used 40K [0x00000006c7200000, 0x00000006d1900000, 0x000000076d100000)
  object space 171008K, 0% used [0x00000006c7200000,0x00000006c720a000,0x00000006d1900000)
 Metaspace       used 17291K, capacity 17482K, committed 17792K, reserved 1064960K
  class space    used 1569K, capacity 1662K, committed 1664K, reserved 1048576K
}
Event: 5.140 GC heap before
{Heap before GC invocations=5 (full 0):
 PSYoungGen      total 139264K, used 133803K [0x000000076d100000, 0x0000000776300000, 0x00000007c0000000)
  eden space 129024K, 100% used [0x000000076d100000,0x0000000774f00000,0x0000000774f00000)
  from space 10240K, 46% used [0x0000000775900000,0x0000000775daaed0,0x0000000776300000)
  to   space 10240K, 0% used [0x0000000774f00000,0x0000000774f00000,0x0000000775900000)
 ParOldGen       total 171008K, used 40K [0x00000006c7200000, 0x00000006d1900000, 0x000000076d100000)
  object space 171008K, 0% used [0x00000006c7200000,0x00000006c720a000,0x00000006d1900000)
 Metaspace       used 17350K, capacity 17546K, committed 17792K, reserved 1064960K
  class space    used 1569K, capacity 1662K, committed 1664K, reserved 1048576K
Event: 5.147 GC heap after
Heap after GC invocations=5 (full 0):
 PSYoungGen      total 139264K, used 4862K [0x000000076d100000, 0x000000077df00000, 0x00000007c0000000)
  eden space 129024K, 0% used [0x000000076d100000,0x000000076d100000,0x0000000774f00000)
  from space 10240K, 47% used [0x0000000774f00000,0x00000007753bf960,0x0000000775900000)
  to   space 9216K, 0% used [0x000000077d600000,0x000000077d600000,0x000000077df00000)
 ParOldGen       total 171008K, used 48K [0x00000006c7200000, 0x00000006d1900000, 0x000000076d100000)
  object space 171008K, 0% used [0x00000006c7200000,0x00000006c720c000,0x00000006d1900000)
 Metaspace       used 17350K, capacity 17546K, committed 17792K, reserved 1064960K
  class space    used 1569K, capacity 1662K, committed 1664K, reserved 1048576K
}

Deoptimization events (10 events):
Event: 1.799 Thread 0x00007f2c58717000 Uncommon trap: reason=class_check action=maybe_recompile pc=0x00007f2c49388c04 method=com.jogamp.common.os.DynamicLibraryBundle.dynamicLookupFunction(Ljava/lang/String;)J @ 80
Event: 1.800 Thread 0x00007f2c58717000 Uncommon trap: reason=class_check action=maybe_recompile pc=0x00007f2c49380630 method=com.jogamp.common.os.DynamicLibraryBundle.toolDynamicLookupFunction(Ljava/lang/String;)J @ 18
Event: 1.800 Thread 0x00007f2c58717000 Uncommon trap: reason=class_check action=maybe_recompile pc=0x00007f2c49388c04 method=com.jogamp.common.os.DynamicLibraryBundle.dynamicLookupFunction(Ljava/lang/String;)J @ 80
Event: 1.800 Thread 0x00007f2c58717000 Uncommon trap: reason=class_check action=maybe_recompile pc=0x00007f2c49380630 method=com.jogamp.common.os.DynamicLibraryBundle.toolDynamicLookupFunction(Ljava/lang/String;)J @ 18
Event: 1.800 Thread 0x00007f2c58717000 Uncommon trap: reason=class_check action=maybe_recompile pc=0x00007f2c49388c04 method=com.jogamp.common.os.DynamicLibraryBundle.dynamicLookupFunction(Ljava/lang/String;)J @ 80
Event: 1.800 Thread 0x00007f2c58717000 Uncommon trap: reason=class_check action=maybe_recompile pc=0x00007f2c49380630 method=com.jogamp.common.os.DynamicLibraryBundle.toolDynamicLookupFunction(Ljava/lang/String;)J @ 18
Event: 1.918 Thread 0x00007f2c5800f800 Uncommon trap: reason=unstable_if action=reinterpret pc=0x00007f2c4939c8ec method=java.lang.reflect.AccessibleObject.setAccessible0(Ljava/lang/reflect/AccessibleObject;Z)V @ 4
Event: 2.032 Thread 0x00007f2c5874f000 Uncommon trap: reason=unstable_if action=reinterpret pc=0x00007f2c492d1f74 method=sun.misc.MetaIndex.mayContain(Ljava/lang/String;)Z @ 38
Event: 2.034 Thread 0x00007f2c5874f000 Uncommon trap: reason=unstable_if action=reinterpret pc=0x00007f2c493a3234 method=java.util.StringTokenizer.scanToken(I)I @ 7
Event: 2.147 Thread 0x00007f2c5874f000 Uncommon trap: reason=unstable_if action=reinterpret pc=0x00007f2c493cf78c method=javax.sound.sampled.AudioFormat.matches(Ljavax/sound/sampled/AudioFormat;)Z @ 112

Internal exceptions (10 events):
Event: 0.718 Thread 0x00007f2c5800f800 Exception <a 'java/security/PrivilegedActionException'> (0x000000076d66e380) thrown at [/HUDSON/workspace/8-2-build-linux-amd64/jdk8u51/3951/hotspot/src/share/vm/prims/jvm.cpp, line 1382]
Event: 0.718 Thread 0x00007f2c5800f800 Exception <a 'java/security/PrivilegedActionException'> (0x000000076d66e538) thrown at [/HUDSON/workspace/8-2-build-linux-amd64/jdk8u51/3951/hotspot/src/share/vm/prims/jvm.cpp, line 1382]
Event: 0.719 Thread 0x00007f2c5800f800 Exception <a 'java/security/PrivilegedActionException'> (0x000000076d6707f0) thrown at [/HUDSON/workspace/8-2-build-linux-amd64/jdk8u51/3951/hotspot/src/share/vm/prims/jvm.cpp, line 1382]
Event: 0.719 Thread 0x00007f2c5800f800 Exception <a 'java/security/PrivilegedActionException'> (0x000000076d6709a8) thrown at [/HUDSON/workspace/8-2-build-linux-amd64/jdk8u51/3951/hotspot/src/share/vm/prims/jvm.cpp, line 1382]
Event: 0.723 Thread 0x00007f2c5800f800 Exception <a 'java/io/FileNotFoundException'> (0x000000076d67a700) thrown at [/HUDSON/workspace/8-2-build-linux-amd64/jdk8u51/3951/hotspot/src/share/vm/prims/jni.cpp, line 709]
Event: 0.723 Thread 0x00007f2c5800f800 Exception <a 'java/io/FileNotFoundException'> (0x000000076d67b088) thrown at [/HUDSON/workspace/8-2-build-linux-amd64/jdk8u51/3951/hotspot/src/share/vm/prims/jni.cpp, line 709]
Event: 0.795 Thread 0x00007f2c5800f800 Exception <a 'java/lang/NoSuchFieldError': method resolution failed> (0x000000076d780fe8) thrown at [/HUDSON/workspace/8-2-build-linux-amd64/jdk8u51/3951/hotspot/src/share/vm/prims/methodHandles.cpp, line 1125]
Event: 0.797 Thread 0x00007f2c5800f800 Exception <a 'java/lang/NoSuchFieldError': method resolution failed> (0x000000076d78f9a8) thrown at [/HUDSON/workspace/8-2-build-linux-amd64/jdk8u51/3951/hotspot/src/share/vm/prims/methodHandles.cpp, line 1125]
Event: 1.762 Thread 0x00007f2c5800f800 Exception <a 'java/lang/InterruptedException'> (0x000000076f292bc8) thrown at [/HUDSON/workspace/8-2-build-linux-amd64/jdk8u51/3951/hotspot/src/share/vm/runtime/objectMonitor.cpp, line 1683]
Event: 1.913 Thread 0x00007f2c5800f800 Exception <a 'java/lang/InterruptedException'> (0x000000076f29e068) thrown at [/HUDSON/workspace/8-2-build-linux-amd64/jdk8u51/3951/hotspot/src/share/vm/runtime/objectMonitor.cpp, line 1683]

Events (10 events):
Event: 5.024 Thread 0x00007f2c5874f000 DEOPT UNPACKING pc=0x00007f2c49047633 sp=0x00007f2bd789fae8 mode 0
Event: 5.029 Thread 0x00007f2c5874f000 DEOPT PACKING pc=0x00007f2c495af3ac sp=0x00007f2bd789fdc0
Event: 5.029 Thread 0x00007f2c5874f000 DEOPT UNPACKING pc=0x00007f2c49047633 sp=0x00007f2bd789fb18 mode 0
Event: 5.117 Thread 0x00007f2bc4131000 DEOPT PACKING pc=0x00007f2c49590f56 sp=0x00007f2bfdb8a7c0
Event: 5.117 Thread 0x00007f2bc4131000 DEOPT UNPACKING pc=0x00007f2c49047633 sp=0x00007f2bfdb8a528 mode 0
Event: 5.140 Executing VM operation: ParallelGCFailedAllocation
Event: 5.147 Executing VM operation: ParallelGCFailedAllocation done
Event: 5.160 Thread 0x00007f2c5874f000 DEOPT PACKING pc=0x00007f2c495b02ef sp=0x00007f2bd789fde0
Event: 5.160 Thread 0x00007f2c5874f000 DEOPT UNPACKING pc=0x00007f2c49047633 sp=0x00007f2bd789fb38 mode 0
Event: 5.295 Thread 0x00007f2c5874f000 Thread exited: 0x00007f2c5874f000


Dynamic libraries:
00400000-00401000 r-xp 00000000 08:02 6695910                            /usr/bin/processing-3.0/java/bin/java
00600000-00601000 rw-p 00000000 08:02 6695910                            /usr/bin/processing-3.0/java/bin/java
01a9f000-01ac0000 rw-p 00000000 00:00 0                                  [heap]
6c7200000-6d1900000 rw-p 00000000 00:00 0 
6d1900000-76d100000 ---p 00000000 00:00 0 
76d100000-77df00000 rw-p 00000000 00:00 0 
77df00000-7c0000000 ---p 00000000 00:00 0 
7c0000000-7c01a0000 rw-p 00000000 00:00 0 
7c01a0000-800000000 ---p 00000000 00:00 0 
7f2bb8000000-7f2bb8021000 rw-p 00000000 00:00 0 
7f2bb8021000-7f2bbc000000 ---p 00000000 00:00 0 
7f2bbffff000-7f2bc4000000 rw-s 00000000 00:16 127172                     /run/shm/pulse-shm-4257336362
7f2bc4000000-7f2bc460b000 rw-p 00000000 00:00 0 
7f2bc460b000-7f2bc8000000 ---p 00000000 00:00 0 
7f2bc8000000-7f2bc8021000 rw-p 00000000 00:00 0 
7f2bc8021000-7f2bcc000000 ---p 00000000 00:00 0 
7f2bcc000000-7f2bcc021000 rw-p 00000000 00:00 0 
7f2bcc021000-7f2bd0000000 ---p 00000000 00:00 0 
7f2bd0000000-7f2bd3096000 rw-p 00000000 00:00 0 
7f2bd3096000-7f2bd4000000 ---p 00000000 00:00 0 
7f2bd41f1000-7f2bd41f2000 ---p 00000000 00:00 0 
7f2bd41f2000-7f2bd49f2000 rw-p 00000000 00:00 0 
7f2bd49f2000-7f2bd49f3000 ---p 00000000 00:00 0 
7f2bd49f3000-7f2bd51f3000 rw-p 00000000 00:00 0                          [stack:7800]
7f2bd51f3000-7f2bd51f9000 r-xp 00000000 08:02 6947199                    /usr/lib/x86_64-linux-gnu/alsa-lib/libasound_module_pcm_pulse.so
7f2bd51f9000-7f2bd53f8000 ---p 00006000 08:02 6947199                    /usr/lib/x86_64-linux-gnu/alsa-lib/libasound_module_pcm_pulse.so
7f2bd53f8000-7f2bd53f9000 r--p 00005000 08:02 6947199                    /usr/lib/x86_64-linux-gnu/alsa-lib/libasound_module_pcm_pulse.so
7f2bd53f9000-7f2bd53fa000 rw-p 00006000 08:02 6947199                    /usr/lib/x86_64-linux-gnu/alsa-lib/libasound_module_pcm_pulse.so
7f2bd53fa000-7f2bd5411000 r-xp 00000000 08:02 13635816                   /lib/x86_64-linux-gnu/libresolv-2.19.so
7f2bd5411000-7f2bd5611000 ---p 00017000 08:02 13635816                   /lib/x86_64-linux-gnu/libresolv-2.19.so
7f2bd5611000-7f2bd5612000 r--p 00017000 08:02 13635816                   /lib/x86_64-linux-gnu/libresolv-2.19.so
7f2bd5612000-7f2bd5613000 rw-p 00018000 08:02 13635816                   /lib/x86_64-linux-gnu/libresolv-2.19.so
7f2bd5613000-7f2bd5615000 rw-p 00000000 00:00 0 
7f2bd5615000-7f2bd561c000 r-xp 00000000 08:02 6562227                    /usr/lib/x86_64-linux-gnu/libogg.so.0.8.1
7f2bd561c000-7f2bd581c000 ---p 00007000 08:02 6562227                    /usr/lib/x86_64-linux-gnu/libogg.so.0.8.1
7f2bd581c000-7f2bd581d000 r--p 00007000 08:02 6562227                    /usr/lib/x86_64-linux-gnu/libogg.so.0.8.1
7f2bd581d000-7f2bd581e000 rw-p 00008000 08:02 6562227                    /usr/lib/x86_64-linux-gnu/libogg.so.0.8.1
7f2bd581e000-7f2bd584a000 r-xp 00000000 08:02 6562501                    /usr/lib/x86_64-linux-gnu/libvorbis.so.0.4.5
7f2bd584a000-7f2bd5a49000 ---p 0002c000 08:02 6562501                    /usr/lib/x86_64-linux-gnu/libvorbis.so.0.4.5
7f2bd5a49000-7f2bd5a4a000 r--p 0002b000 08:02 6562501                    /usr/lib/x86_64-linux-gnu/libvorbis.so.0.4.5
7f2bd5a4a000-7f2bd5a4b000 rw-p 0002c000 08:02 6562501                    /usr/lib/x86_64-linux-gnu/libvorbis.so.0.4.5
7f2bd5a4b000-7f2bd5cfe000 r-xp 00000000 08:02 6562503                    /usr/lib/x86_64-linux-gnu/libvorbisenc.so.2.0.8
7f2bd5cfe000-7f2bd5efd000 ---p 002b3000 08:02 6562503                    /usr/lib/x86_64-linux-gnu/libvorbisenc.so.2.0.8
7f2bd5efd000-7f2bd5f19000 r--p 002b2000 08:02 6562503                    /usr/lib/x86_64-linux-gnu/libvorbisenc.so.2.0.8
7f2bd5f19000-7f2bd5f1a000 rw-p 002ce000 08:02 6562503                    /usr/lib/x86_64-linux-gnu/libvorbisenc.so.2.0.8
7f2bd5f1a000-7f2bd5f4a000 r-xp 00000000 08:02 6561366                    /usr/lib/x86_64-linux-gnu/libFLAC.so.8.3.0
7f2bd5f4a000-7f2bd6149000 ---p 00030000 08:02 6561366                    /usr/lib/x86_64-linux-gnu/libFLAC.so.8.3.0
7f2bd6149000-7f2bd614a000 r--p 0002f000 08:02 6561366                    /usr/lib/x86_64-linux-gnu/libFLAC.so.8.3.0
7f2bd614a000-7f2bd614b000 rw-p 00030000 08:02 6561366                    /usr/lib/x86_64-linux-gnu/libFLAC.so.8.3.0
7f2bd614b000-7f2bd6150000 r-xp 00000000 08:02 6561598                    /usr/lib/x86_64-linux-gnu/libasyncns.so.0.3.1
7f2bd6150000-7f2bd634f000 ---p 00005000 08:02 6561598                    /usr/lib/x86_64-linux-gnu/libasyncns.so.0.3.1
7f2bd634f000-7f2bd6350000 r--p 00004000 08:02 6561598                    /usr/lib/x86_64-linux-gnu/libasyncns.so.0.3.1
7f2bd6350000-7f2bd6351000 rw-p 00005000 08:02 6561598                    /usr/lib/x86_64-linux-gnu/libasyncns.so.0.3.1
7f2bd6351000-7f2bd63b2000 r-xp 00000000 08:02 6562384                    /usr/lib/x86_64-linux-gnu/libsndfile.so.1.0.25
7f2bd63b2000-7f2bd65b2000 ---p 00061000 08:02 6562384                    /usr/lib/x86_64-linux-gnu/libsndfile.so.1.0.25
7f2bd65b2000-7f2bd65b4000 r--p 00061000 08:02 6562384                    /usr/lib/x86_64-linux-gnu/libsndfile.so.1.0.25
7f2bd65b4000-7f2bd65b5000 rw-p 00063000 08:02 6562384                    /usr/lib/x86_64-linux-gnu/libsndfile.so.1.0.25
7f2bd65b5000-7f2bd65b9000 rw-p 00000000 00:00 0 
7f2bd65b9000-7f2bd65c1000 r-xp 00000000 08:02 13635850                   /lib/x86_64-linux-gnu/libwrap.so.0.7.6
7f2bd65c1000-7f2bd67c0000 ---p 00008000 08:02 13635850                   /lib/x86_64-linux-gnu/libwrap.so.0.7.6
7f2bd67c0000-7f2bd67c1000 r--p 00007000 08:02 13635850                   /lib/x86_64-linux-gnu/libwrap.so.0.7.6
7f2bd67c1000-7f2bd67c2000 rw-p 00008000 08:02 13635850                   /lib/x86_64-linux-gnu/libwrap.so.0.7.6
7f2bd67c2000-7f2bd67c3000 rw-p 00000000 00:00 0 
7f2bd67c3000-7f2bd6829000 r-xp 00000000 08:02 6948471                    /usr/lib/x86_64-linux-gnu/pulseaudio/libpulsecommon-4.0.so
7f2bd6829000-7f2bd6a28000 ---p 00066000 08:02 6948471                    /usr/lib/x86_64-linux-gnu/pulseaudio/libpulsecommon-4.0.so
7f2bd6a28000-7f2bd6a29000 r--p 00065000 08:02 6948471                    /usr/lib/x86_64-linux-gnu/pulseaudio/libpulsecommon-4.0.so
7f2bd6a29000-7f2bd6a2a000 rw-p 00066000 08:02 6948471                    /usr/lib/x86_64-linux-gnu/pulseaudio/libpulsecommon-4.0.so
7f2bd6a2a000-7f2bd6a34000 r-xp 00000000 08:02 13635730                   /lib/x86_64-linux-gnu/libjson-c.so.2.0.0
7f2bd6a34000-7f2bd6c33000 ---p 0000a000 08:02 13635730                   /lib/x86_64-linux-gnu/libjson-c.so.2.0.0
7f2bd6c33000-7f2bd6c34000 r--p 00009000 08:02 13635730                   /lib/x86_64-linux-gnu/libjson-c.so.2.0.0
7f2bd6c34000-7f2bd6c35000 rw-p 0000a000 08:02 13635730                   /lib/x86_64-linux-gnu/libjson-c.so.2.0.0
7f2bd6c35000-7f2bd6c7c000 r-xp 00000000 08:02 6562296                    /usr/lib/x86_64-linux-gnu/libpulse.so.0.16.2
7f2bd6c7c000-7f2bd6e7c000 ---p 00047000 08:02 6562296                    /usr/lib/x86_64-linux-gnu/libpulse.so.0.16.2
7f2bd6e7c000-7f2bd6e7d000 r--p 00047000 08:02 6562296                    /usr/lib/x86_64-linux-gnu/libpulse.so.0.16.2
7f2bd6e7d000-7f2bd6e7e000 rw-p 00048000 08:02 6562296                    /usr/lib/x86_64-linux-gnu/libpulse.so.0.16.2
7f2bd6f7f000-7f2bd6f82000 ---p 00000000 00:00 0 
7f2bd6f82000-7f2bd7080000 rw-p 00000000 00:00 0                          [stack:7799]
7f2bd7080000-7f2bd7169000 r-xp 00000000 08:02 6561590                    /usr/lib/x86_64-linux-gnu/libasound.so.2.0.0
7f2bd7169000-7f2bd7368000 ---p 000e9000 08:02 6561590                    /usr/lib/x86_64-linux-gnu/libasound.so.2.0.0
7f2bd7368000-7f2bd736f000 r--p 000e8000 08:02 6561590                    /usr/lib/x86_64-linux-gnu/libasound.so.2.0.0
7f2bd736f000-7f2bd7370000 rw-p 000ef000 08:02 6561590                    /usr/lib/x86_64-linux-gnu/libasound.so.2.0.0
7f2bd7382000-7f2bd738a000 rw-s 00000000 00:05 127185                     /drm mm object (deleted)
7f2bd738a000-7f2bd7391000 r--s 00000000 08:02 6947811                    /usr/lib/x86_64-linux-gnu/gconv/gconv-modules.cache
7f2bd7391000-7f2bd73a0000 r-xp 00000000 08:02 8012164                    /usr/bin/processing-3.0/java/lib/amd64/libjsoundalsa.so
7f2bd73a0000-7f2bd759f000 ---p 0000f000 08:02 8012164                    /usr/bin/processing-3.0/java/lib/amd64/libjsoundalsa.so
7f2bd759f000-7f2bd75a0000 rw-p 0000e000 08:02 8012164                    /usr/bin/processing-3.0/java/lib/amd64/libjsoundalsa.so
7f2bd75a0000-7f2bd75a1000 r-xp 00000000 08:02 8012181                    /usr/bin/processing-3.0/java/lib/amd64/libjsound.so
7f2bd75a1000-7f2bd77a0000 ---p 00001000 08:02 8012181                    /usr/bin/processing-3.0/java/lib/amd64/libjsound.so
7f2bd77a0000-7f2bd77a1000 rw-p 00000000 08:02 8012181                    /usr/bin/processing-3.0/java/lib/amd64/libjsound.so
7f2bd77a1000-7f2bd77a4000 ---p 00000000 00:00 0 
7f2bd77a4000-7f2bd78a2000 rw-p 00000000 00:00 0 
7f2bd78a2000-7f2bd78a5000 ---p 00000000 00:00 0 
7f2bd78a5000-7f2bd7b63000 rw-p 00000000 00:00 0                          [stack:7785]
7f2bd7b63000-7f2bd7ba3000 ---p 00000000 00:00 0 
7f2bd7ba3000-7f2bd7be7000 r-xp 00000000 08:02 13635704                   /lib/x86_64-linux-gnu/libdbus-1.so.3.7.6
7f2bd7be7000-7f2bd7de6000 ---p 00044000 08:02 13635704                   /lib/x86_64-linux-gnu/libdbus-1.so.3.7.6
7f2bd7de6000-7f2bd7de7000 r--p 00043000 08:02 13635704                   /lib/x86_64-linux-gnu/libdbus-1.so.3.7.6
7f2bd7de7000-7f2bd7de8000 rw-p 00044000 08:02 13635704                   /lib/x86_64-linux-gnu/libdbus-1.so.3.7.6
7f2bd7de8000-7f2bd7dff000 r-xp 00000000 08:02 13635754                   /lib/x86_64-linux-gnu/libnih.so.1.0.0
7f2bd7dff000-7f2bd7ffe000 ---p 00017000 08:02 13635754                   /lib/x86_64-linux-gnu/libnih.so.1.0.0
7f2bd7ffe000-7f2bd7fff000 r--p 00016000 08:02 13635754                   /lib/x86_64-linux-gnu/libnih.so.1.0.0
7f2bd7fff000-7f2bd8000000 rw-p 00017000 08:02 13635754                   /lib/x86_64-linux-gnu/libnih.so.1.0.0
7f2bd8000000-7f2bdaded000 rw-p 00000000 00:00 0 
7f2bdaded000-7f2bdc000000 ---p 00000000 00:00 0 
7f2bdc000000-7f2bdc74a000 rw-p 00000000 00:00 0 
7f2bdc74a000-7f2be0000000 ---p 00000000 00:00 0 
7f2be0003000-7f2be000b000 r-xp 00000000 08:02 13635752                   /lib/x86_64-linux-gnu/libnih-dbus.so.1.0.0
7f2be000b000-7f2be020b000 ---p 00008000 08:02 13635752                   /lib/x86_64-linux-gnu/libnih-dbus.so.1.0.0
7f2be020b000-7f2be020c000 r--p 00008000 08:02 13635752                   /lib/x86_64-linux-gnu/libnih-dbus.so.1.0.0
7f2be020c000-7f2be020d000 rw-p 00009000 08:02 13635752                   /lib/x86_64-linux-gnu/libnih-dbus.so.1.0.0
7f2be020d000-7f2be0226000 r-xp 00000000 08:02 13635695                   /lib/x86_64-linux-gnu/libcgmanager.so.0.0.0
7f2be0226000-7f2be0425000 ---p 00019000 08:02 13635695                   /lib/x86_64-linux-gnu/libcgmanager.so.0.0.0
7f2be0425000-7f2be0427000 r--p 00018000 08:02 13635695                   /lib/x86_64-linux-gnu/libcgmanager.so.0.0.0
7f2be0427000-7f2be0428000 rw-p 0001a000 08:02 13635695                   /lib/x86_64-linux-gnu/libcgmanager.so.0.0.0
7f2be0428000-7f2be0438000 r-xp 00000000 08:02 13635838                   /lib/x86_64-linux-gnu/libudev.so.1.3.5
7f2be0438000-7f2be0637000 ---p 00010000 08:02 13635838                   /lib/x86_64-linux-gnu/libudev.so.1.3.5
7f2be0637000-7f2be0638000 r--p 0000f000 08:02 13635838                   /lib/x86_64-linux-gnu/libudev.so.1.3.5
7f2be0638000-7f2be0639000 rw-p 00010000 08:02 13635838                   /lib/x86_64-linux-gnu/libudev.so.1.3.5
7f2be0639000-7f2be0670000 r-xp 00000000 08:02 6562454                    /usr/lib/x86_64-linux-gnu/libtxc_dxtn_s2tc.so.0.0.0
7f2be0670000-7f2be086f000 ---p 00037000 08:02 6562454                    /usr/lib/x86_64-linux-gnu/libtxc_dxtn_s2tc.so.0.0.0
7f2be086f000-7f2be0870000 r--p 00036000 08:02 6562454                    /usr/lib/x86_64-linux-gnu/libtxc_dxtn_s2tc.so.0.0.0
7f2be0870000-7f2be0871000 rw-p 00037000 08:02 6562454                    /usr/lib/x86_64-linux-gnu/libtxc_dxtn_s2tc.so.0.0.0
7f2be0871000-7f2be0889000 r-xp 00000000 08:02 13635853                   /lib/x86_64-linux-gnu/libz.so.1.2.8
7f2be0889000-7f2be0a88000 ---p 00018000 08:02 13635853                   /lib/x86_64-linux-gnu/libz.so.1.2.8
7f2be0a88000-7f2be0a89000 r--p 00017000 08:02 13635853                   /lib/x86_64-linux-gnu/libz.so.1.2.8
7f2be0a89000-7f2be0a8a000 rw-p 00018000 08:02 13635853                   /lib/x86_64-linux-gnu/libz.so.1.2.8
7f2be0a8a000-7f2be0a92000 r-xp 00000000 08:02 6562259                    /usr/lib/x86_64-linux-gnu/libpciaccess.so.0.11.1
7f2be0a92000-7f2be0c91000 ---p 00008000 08:02 6562259                    /usr/lib/x86_64-linux-gnu/libpciaccess.so.0.11.1
7f2be0c91000-7f2be0c92000 r--p 00007000 08:02 6562259                    /usr/lib/x86_64-linux-gnu/libpciaccess.so.0.11.1
7f2be0c92000-7f2be0c93000 rw-p 00008000 08:02 6562259                    /usr/lib/x86_64-linux-gnu/libpciaccess.so.0.11.1
7f2be0c93000-7f2be0d79000 r-xp 00000000 08:02 6562412                    /usr/lib/x86_64-linux-gnu/libstdc++.so.6.0.19
7f2be0d79000-7f2be0f78000 ---p 000e6000 08:02 6562412                    /usr/lib/x86_64-linux-gnu/libstdc++.so.6.0.19
7f2be0f78000-7f2be0f80000 r--p 000e5000 08:02 6562412                    /usr/lib/x86_64-linux-gnu/libstdc++.so.6.0.19
7f2be0f80000-7f2be0f82000 rw-p 000ed000 08:02 6562412                    /usr/lib/x86_64-linux-gnu/libstdc++.so.6.0.19
7f2be0f82000-7f2be0f97000 rw-p 00000000 00:00 0 
7f2be0f97000-7f2be0fa3000 r-xp 00000000 08:02 6561756                    /usr/lib/x86_64-linux-gnu/libdrm_radeon.so.1.0.1
7f2be0fa3000-7f2be11a2000 ---p 0000c000 08:02 6561756                    /usr/lib/x86_64-linux-gnu/libdrm_radeon.so.1.0.1
7f2be11a2000-7f2be11a3000 r--p 0000b000 08:02 6561756                    /usr/lib/x86_64-linux-gnu/libdrm_radeon.so.1.0.1
7f2be11a3000-7f2be11a4000 rw-p 0000c000 08:02 6561756                    /usr/lib/x86_64-linux-gnu/libdrm_radeon.so.1.0.1
7f2be11a4000-7f2be11aa000 r-xp 00000000 08:02 6561754                    /usr/lib/x86_64-linux-gnu/libdrm_nouveau.so.2.0.0
7f2be11aa000-7f2be13a9000 ---p 00006000 08:02 6561754                    /usr/lib/x86_64-linux-gnu/libdrm_nouveau.so.2.0.0
7f2be13a9000-7f2be13aa000 r--p 00005000 08:02 6561754                    /usr/lib/x86_64-linux-gnu/libdrm_nouveau.so.2.0.0
7f2be13aa000-7f2be13ab000 rw-p 00006000 08:02 6561754                    /usr/lib/x86_64-linux-gnu/libdrm_nouveau.so.2.0.0
7f2be13ab000-7f2be13cb000 r-xp 00000000 08:02 6561752                    /usr/lib/x86_64-linux-gnu/libdrm_intel.so.1.0.0
7f2be13cb000-7f2be15ca000 ---p 00020000 08:02 6561752                    /usr/lib/x86_64-linux-gnu/libdrm_intel.so.1.0.0
7f2be15ca000-7f2be15cb000 r--p 0001f000 08:02 6561752                    /usr/lib/x86_64-linux-gnu/libdrm_intel.so.1.0.0
7f2be15cb000-7f2be15cc000 rw-p 00020000 08:02 6561752                    /usr/lib/x86_64-linux-gnu/libdrm_intel.so.1.0.0
7f2be15cc000-7f2be1b20000 r-xp 00000000 08:02 6947244                    /usr/lib/x86_64-linux-gnu/dri/i965_dri.so
7f2be1b20000-7f2be1d20000 ---p 00554000 08:02 6947244                    /usr/lib/x86_64-linux-gnu/dri/i965_dri.so
7f2be1d20000-7f2be1d41000 r--p 00554000 08:02 6947244                    /usr/lib/x86_64-linux-gnu/dri/i965_dri.so
7f2be1d41000-7f2be1d48000 rw-p 00575000 08:02 6947244                    /usr/lib/x86_64-linux-gnu/dri/i965_dri.so
7f2be1d48000-7f2be1d4f000 rw-p 00000000 00:00 0 
7f2be1d4f000-7f2be1d52000 ---p 00000000 00:00 0 
7f2be1d52000-7f2be1e50000 rw-p 00000000 00:00 0                          [stack:7784]
7f2be1e50000-7f2be1ea9000 r-xp 00000000 08:02 4461995                    /tmp/jogamp_0000/file_cache/jln4720964679299484314/jln325186978944885160/libjogl_mobile.so
7f2be1ea9000-7f2be20a9000 ---p 00059000 08:02 4461995                    /tmp/jogamp_0000/file_cache/jln4720964679299484314/jln325186978944885160/libjogl_mobile.so
7f2be20a9000-7f2be20aa000 rw-p 00059000 08:02 4461995                    /tmp/jogamp_0000/file_cache/jln4720964679299484314/jln325186978944885160/libjogl_mobile.so
7f2be20aa000-7f2be20b1000 r-xp 00000000 08:02 6561790                    /usr/lib/x86_64-linux-gnu/libffi.so.6.0.1
7f2be20b1000-7f2be22b0000 ---p 00007000 08:02 6561790                    /usr/lib/x86_64-linux-gnu/libffi.so.6.0.1
7f2be22b0000-7f2be22b1000 r--p 00006000 08:02 6561790                    /usr/lib/x86_64-linux-gnu/libffi.so.6.0.1
7f2be22b1000-7f2be22b2000 rw-p 00007000 08:02 6561790                    /usr/lib/x86_64-linux-gnu/libffi.so.6.0.1
7f2be22b2000-7f2be22be000 r-xp 00000000 08:02 6561843                    /usr/lib/x86_64-linux-gnu/libgbm.so.1.0.0
7f2be22be000-7f2be24be000 ---p 0000c000 08:02 6561843                    /usr/lib/x86_64-linux-gnu/libgbm.so.1.0.0
7f2be24be000-7f2be24bf000 r--p 0000c000 08:02 6561843                    /usr/lib/x86_64-linux-gnu/libgbm.so.1.0.0
7f2be24bf000-7f2be24c0000 rw-p 0000d000 08:02 6561843                    /usr/lib/x86_64-linux-gnu/libgbm.so.1.0.0
7f2be24c0000-7f2be24cf000 r-xp 00000000 08:02 6562520                    /usr/lib/x86_64-linux-gnu/libwayland-server.so.0.1.0
7f2be24cf000-7f2be26ce000 ---p 0000f000 08:02 6562520                    /usr/lib/x86_64-linux-gnu/libwayland-server.so.0.1.0
7f2be26ce000-7f2be26d0000 r--p 0000e000 08:02 6562520                    /usr/lib/x86_64-linux-gnu/libwayland-server.so.0.1.0
7f2be26d0000-7f2be26d1000 rw-p 00010000 08:02 6562520                    /usr/lib/x86_64-linux-gnu/libwayland-server.so.0.1.0
7f2be26d1000-7f2be26dc000 r-xp 00000000 08:02 6562514                    /usr/lib/x86_64-linux-gnu/libwayland-client.so.0.2.0
7f2be26dc000-7f2be28db000 ---p 0000b000 08:02 6562514                    /usr/lib/x86_64-linux-gnu/libwayland-client.so.0.2.0
7f2be28db000-7f2be28dd000 r--p 0000a000 08:02 6562514                    /usr/lib/x86_64-linux-gnu/libwayland-client.so.0.2.0
7f2be28dd000-7f2be28de000 rw-p 0000c000 08:02 6562514                    /usr/lib/x86_64-linux-gnu/libwayland-client.so.0.2.0
7f2be28de000-7f2be28e3000 r-xp 00000000 08:02 6562570                    /usr/lib/x86_64-linux-gnu/libxcb-xfixes.so.0.0.0
7f2be28e3000-7f2be2ae3000 ---p 00005000 08:02 6562570                    /usr/lib/x86_64-linux-gnu/libxcb-xfixes.so.0.0.0
7f2be2ae3000-7f2be2ae4000 r--p 00005000 08:02 6562570                    /usr/lib/x86_64-linux-gnu/libxcb-xfixes.so.0.0.0
7f2be2ae4000-7f2be2ae5000 rw-p 00006000 08:02 6562570                    /usr/lib/x86_64-linux-gnu/libxcb-xfixes.so.0.0.0
7f2be2ae5000-7f2be2b0c000 r-xp 00000000 08:02 6948353                    /usr/lib/x86_64-linux-gnu/mesa-egl/libEGL.so.1.0.0
7f2be2b0c000-7f2be2d0c000 ---p 00027000 08:02 6948353                    /usr/lib/x86_64-linux-gnu/mesa-egl/libEGL.so.1.0.0
7f2be2d0c000-7f2be2d0d000 r--p 00027000 08:02 6948353                    /usr/lib/x86_64-linux-gnu/mesa-egl/libEGL.so.1.0.0
7f2be2d0d000-7f2be2d0e000 rw-p 00028000 08:02 6948353                    /usr/lib/x86_64-linux-gnu/mesa-egl/libEGL.so.1.0.0
7f2be2d0e000-7f2be2d0f000 rw-p 00000000 00:00 0 
7f2be2d0f000-7f2be2d15000 r-xp 00000000 08:02 6948357                    /usr/lib/x86_64-linux-gnu/mesa-egl/libGLESv2.so.2.0.0
7f2be2d15000-7f2be2f14000 ---p 00006000 08:02 6948357                    /usr/lib/x86_64-linux-gnu/mesa-egl/libGLESv2.so.2.0.0
7f2be2f14000-7f2be2f15000 r--p 00005000 08:02 6948357                    /usr/lib/x86_64-linux-gnu/mesa-egl/libGLESv2.so.2.0.0
7f2be2f15000-7f2be2f16000 rw-p 00006000 08:02 6948357                    /usr/lib/x86_64-linux-gnu/mesa-egl/libGLESv2.so.2.0.0
7f2be2f16000-7f2be2fc9000 r-xp 00000000 08:02 4461994                    /tmp/jogamp_0000/file_cache/jln4720964679299484314/jln325186978944885160/libjogl_desktop.so
7f2be2fc9000-7f2be31c9000 ---p 000b3000 08:02 4461994                    /tmp/jogamp_0000/file_cache/jln4720964679299484314/jln325186978944885160/libjogl_desktop.so
7f2be31c9000-7f2be31ca000 rw-p 000b3000 08:02 4461994                    /tmp/jogamp_0000/file_cache/jln4720964679299484314/jln325186978944885160/libjogl_desktop.so
7f2be31ca000-7f2be31d5000 r-xp 00000000 08:02 6561750                    /usr/lib/x86_64-linux-gnu/libdrm.so.2.4.0
7f2be31d5000-7f2be33d4000 ---p 0000b000 08:02 6561750                    /usr/lib/x86_64-linux-gnu/libdrm.so.2.4.0
7f2be33d4000-7f2be33d5000 r--p 0000a000 08:02 6561750                    /usr/lib/x86_64-linux-gnu/libdrm.so.2.4.0
7f2be33d5000-7f2be33d6000 rw-p 0000b000 08:02 6561750                    /usr/lib/x86_64-linux-gnu/libdrm.so.2.4.0
7f2be33d6000-7f2be33d7000 r-xp 00000000 08:02 6562584                    /usr/lib/x86_64-linux-gnu/libxshmfence.so.1.0.0
7f2be33d7000-7f2be35d6000 ---p 00001000 08:02 6562584                    /usr/lib/x86_64-linux-gnu/libxshmfence.so.1.0.0
7f2be35d6000-7f2be35d7000 r--p 00000000 08:02 6562584                    /usr/lib/x86_64-linux-gnu/libxshmfence.so.1.0.0
7f2be35d7000-7f2be35d8000 rw-p 00001000 08:02 6562584                    /usr/lib/x86_64-linux-gnu/libxshmfence.so.1.0.0
7f2be35d8000-7f2be35dd000 r-xp 00000000 08:02 6562566                    /usr/lib/x86_64-linux-gnu/libxcb-sync.so.1.0.0
7f2be35dd000-7f2be37dc000 ---p 00005000 08:02 6562566                    /usr/lib/x86_64-linux-gnu/libxcb-sync.so.1.0.0
7f2be37dc000-7f2be37dd000 r--p 00004000 08:02 6562566                    /usr/lib/x86_64-linux-gnu/libxcb-sync.so.1.0.0
7f2be37dd000-7f2be37de000 rw-p 00005000 08:02 6562566                    /usr/lib/x86_64-linux-gnu/libxcb-sync.so.1.0.0
7f2be37de000-7f2be37e0000 r-xp 00000000 08:02 6562554                    /usr/lib/x86_64-linux-gnu/libxcb-present.so.0.0.0
7f2be37e0000-7f2be39df000 ---p 00002000 08:02 6562554                    /usr/lib/x86_64-linux-gnu/libxcb-present.so.0.0.0
7f2be39df000-7f2be39e0000 r--p 00001000 08:02 6562554                    /usr/lib/x86_64-linux-gnu/libxcb-present.so.0.0.0
7f2be39e0000-7f2be39e1000 rw-p 00002000 08:02 6562554                    /usr/lib/x86_64-linux-gnu/libxcb-present.so.0.0.0
7f2be39e1000-7f2be39e3000 r-xp 00000000 08:02 6562544                    /usr/lib/x86_64-linux-gnu/libxcb-dri3.so.0.0.0
7f2be39e3000-7f2be3be2000 ---p 00002000 08:02 6562544                    /usr/lib/x86_64-linux-gnu/libxcb-dri3.so.0.0.0
7f2be3be2000-7f2be3be3000 r--p 00001000 08:02 6562544                    /usr/lib/x86_64-linux-gnu/libxcb-dri3.so.0.0.0
7f2be3be3000-7f2be3be4000 rw-p 00002000 08:02 6562544                    /usr/lib/x86_64-linux-gnu/libxcb-dri3.so.0.0.0
7f2be3be4000-7f2be3be7000 r-xp 00000000 08:02 6562542                    /usr/lib/x86_64-linux-gnu/libxcb-dri2.so.0.0.0
7f2be3be7000-7f2be3de7000 ---p 00003000 08:02 6562542                    /usr/lib/x86_64-linux-gnu/libxcb-dri2.so.0.0.0
7f2be3de7000-7f2be3de8000 r--p 00003000 08:02 6562542                    /usr/lib/x86_64-linux-gnu/libxcb-dri2.so.0.0.0
7f2be3de8000-7f2be3de9000 rw-p 00004000 08:02 6562542                    /usr/lib/x86_64-linux-gnu/libxcb-dri2.so.0.0.0
7f2be3de9000-7f2be3dfe000 r-xp 00000000 08:02 6562546                    /usr/lib/x86_64-linux-gnu/libxcb-glx.so.0.0.0
7f2be3dfe000-7f2be3ffd000 ---p 00015000 08:02 6562546                    /usr/lib/x86_64-linux-gnu/libxcb-glx.so.0.0.0
7f2be3ffd000-7f2be3fff000 r--p 00014000 08:02 6562546                    /usr/lib/x86_64-linux-gnu/libxcb-glx.so.0.0.0
7f2be3fff000-7f2be4000000 rw-p 00016000 08:02 6562546                    /usr/lib/x86_64-linux-gnu/libxcb-glx.so.0.0.0
7f2be4000000-7f2be4021000 rw-p 00000000 00:00 0 
7f2be4021000-7f2be8000000 ---p 00000000 00:00 0 
7f2be8000000-7f2be8021000 rw-p 00000000 00:00 0 
7f2be8021000-7f2bec000000 ---p 00000000 00:00 0 
7f2bec000000-7f2bec021000 rw-p 00000000 00:00 0 
7f2bec021000-7f2bf0000000 ---p 00000000 00:00 0 
7f2bf0000000-7f2bf0021000 rw-p 00000000 00:00 0 
7f2bf0021000-7f2bf4000000 ---p 00000000 00:00 0 
7f2bf4000000-7f2bf4021000 rw-p 00000000 00:00 0 
7f2bf4021000-7f2bf8000000 ---p 00000000 00:00 0 
7f2bf8000000-7f2bf8021000 rw-p 00000000 00:00 0 
7f2bf8021000-7f2bfc000000 ---p 00000000 00:00 0 
7f2bfc001000-7f2bfc002000 rw-p 00000000 00:00 0 
7f2bfc002000-7f2bfc015000 r--s 00344000 08:02 6695996                    /usr/bin/processing-3.0/java/lib/resources.jar
7f2bfc015000-7f2bfc0b5000 rw-s 1d3e17000 00:06 10208                     /dev/dri/card0
7f2bfc0b5000-7f2bfc0bd000 rw-s 00000000 00:05 123680                     /drm mm object (deleted)
7f2bfc0bd000-7f2bfc0c5000 rw-s 00000000 00:05 123654                     /drm mm object (deleted)
7f2bfc0c5000-7f2bfc0cd000 rw-s 00000000 00:05 126793                     /drm mm object (deleted)
7f2bfc0cd000-7f2bfc0d5000 rw-s 00000000 00:05 125459                     /drm mm object (deleted)
7f2bfc0d5000-7f2bfc0d8000 ---p 00000000 00:00 0 
7f2bfc0d8000-7f2bfc1d6000 rw-p 00000000 00:00 0                          [stack:7783]
7f2bfc1d6000-7f2bfc1d7000 r-xp 00000000 08:02 6561502                    /usr/lib/x86_64-linux-gnu/libX11-xcb.so.1.0.0
7f2bfc1d7000-7f2bfc3d6000 ---p 00001000 08:02 6561502                    /usr/lib/x86_64-linux-gnu/libX11-xcb.so.1.0.0
7f2bfc3d6000-7f2bfc3d7000 r--p 00000000 08:02 6561502                    /usr/lib/x86_64-linux-gnu/libX11-xcb.so.1.0.0
7f2bfc3d7000-7f2bfc3d8000 rw-p 00001000 08:02 6561502                    /usr/lib/x86_64-linux-gnu/libX11-xcb.so.1.0.0
7f2bfc3d8000-7f2bfc3da000 r-xp 00000000 08:02 6561517                    /usr/lib/x86_64-linux-gnu/libXdamage.so.1.1.0
7f2bfc3da000-7f2bfc5d9000 ---p 00002000 08:02 6561517                    /usr/lib/x86_64-linux-gnu/libXdamage.so.1.1.0
7f2bfc5d9000-7f2bfc5da000 r--p 00001000 08:02 6561517                    /usr/lib/x86_64-linux-gnu/libXdamage.so.1.1.0
7f2bfc5da000-7f2bfc5db000 rw-p 00002000 08:02 6561517                    /usr/lib/x86_64-linux-gnu/libXdamage.so.1.1.0
7f2bfc5db000-7f2bfc600000 r-xp 00000000 08:02 6561895                    /usr/lib/x86_64-linux-gnu/libglapi.so.0.0.0
7f2bfc600000-7f2bfc800000 ---p 00025000 08:02 6561895                    /usr/lib/x86_64-linux-gnu/libglapi.so.0.0.0
7f2bfc800000-7f2bfc803000 r--p 00025000 08:02 6561895                    /usr/lib/x86_64-linux-gnu/libglapi.so.0.0.0
7f2bfc803000-7f2bfc804000 rw-p 00028000 08:02 6561895                    /usr/lib/x86_64-linux-gnu/libglapi.so.0.0.0
7f2bfc804000-7f2bfc805000 rw-p 00000000 00:00 0 
7f2bfc805000-7f2bfc82c000 r-xp 00000000 08:02 13637323                   /lib/x86_64-linux-gnu/libexpat.so.1.6.0
7f2bfc82c000-7f2bfca2c000 ---p 00027000 08:02 13637323                   /lib/x86_64-linux-gnu/libexpat.so.1.6.0
7f2bfca2c000-7f2bfca2e000 r--p 00027000 08:02 13637323                   /lib/x86_64-linux-gnu/libexpat.so.1.6.0
7f2bfca2e000-7f2bfca2f000 rw-p 00029000 08:02 13637323                   /lib/x86_64-linux-gnu/libexpat.so.1.6.0
7f2bfca2f000-7f2bfcabd000 r-xp 00000000 08:02 6948350                    /usr/lib/x86_64-linux-gnu/mesa/libGL.so.1.2.0
7f2bfcabd000-7f2bfccbc000 ---p 0008e000 08:02 6948350                    /usr/lib/x86_64-linux-gnu/mesa/libGL.so.1.2.0
7f2bfccbc000-7f2bfccbf000 r--p 0008d000 08:02 6948350                    /usr/lib/x86_64-linux-gnu/mesa/libGL.so.1.2.0
7f2bfccbf000-7f2bfccc0000 rw-p 00090000 08:02 6948350                    /usr/lib/x86_64-linux-gnu/mesa/libGL.so.1.2.0
7f2bfccc0000-7f2bfcec1000 rw-p 00000000 00:00 0 
7f2bfcec1000-7f2bfcec3000 r-xp 00000000 08:02 6561531                    /usr/lib/x86_64-linux-gnu/libXinerama.so.1.0.0
7f2bfcec3000-7f2bfd0c2000 ---p 00002000 08:02 6561531                    /usr/lib/x86_64-linux-gnu/libXinerama.so.1.0.0
7f2bfd0c2000-7f2bfd0c3000 r--p 00001000 08:02 6561531                    /usr/lib/x86_64-linux-gnu/libXinerama.so.1.0.0
7f2bfd0c3000-7f2bfd0c4000 rw-p 00002000 08:02 6561531                    /usr/lib/x86_64-linux-gnu/libXinerama.so.1.0.0
7f2bfd0c4000-7f2bfd0c7000 ---p 00000000 00:00 0 
7f2bfd0c7000-7f2bfd675000 rw-p 00000000 00:00 0                          [stack:7782]
7f2bfd675000-7f2bfd684000 r-xp 00000000 08:02 4461998                    /tmp/jogamp_0000/file_cache/jln4720964679299484314/jln325186978944885160/libnewt.so
7f2bfd684000-7f2bfd883000 ---p 0000f000 08:02 4461998                    /tmp/jogamp_0000/file_cache/jln4720964679299484314/jln325186978944885160/libnewt.so
7f2bfd883000-7f2bfd884000 rw-p 0000e000 08:02 4461998                    /tmp/jogamp_0000/file_cache/jln4720964679299484314/jln325186978944885160/libnewt.so
7f2bfd884000-7f2bfd88b000 r-xp 00000000 08:02 4461997                    /tmp/jogamp_0000/file_cache/jln4720964679299484314/jln325186978944885160/libnativewindow_x11.so
7f2bfd88b000-7f2bfda8a000 ---p 00007000 08:02 4461997                    /tmp/jogamp_0000/file_cache/jln4720964679299484314/jln325186978944885160/libnativewindow_x11.so
7f2bfda8a000-7f2bfda8b000 rw-p 00006000 08:02 4461997                    /tmp/jogamp_0000/file_cache/jln4720964679299484314/jln325186978944885160/libnativewindow_x11.so
7f2bfda8b000-7f2bfda8e000 ---p 00000000 00:00 0 
7f2bfda8e000-7f2bfdb8c000 rw-p 00000000 00:00 0                          [stack:7804]
7f2bfdb8c000-7f2bfdb90000 r-xp 00000000 08:02 6561559                    /usr/lib/x86_64-linux-gnu/libXxf86vm.so.1.0.0
7f2bfdb90000-7f2bfdd90000 ---p 00004000 08:02 6561559                    /usr/lib/x86_64-linux-gnu/libXxf86vm.so.1.0.0
7f2bfdd90000-7f2bfdd91000 r--p 00004000 08:02 6561559                    /usr/lib/x86_64-linux-gnu/libXxf86vm.so.1.0.0
7f2bfdd91000-7f2bfdd92000 rw-p 00005000 08:02 6561559                    /usr/lib/x86_64-linux-gnu/libXxf86vm.so.1.0.0
7f2bfdd92000-7f2bfdd94000 rw-s 1d3eb8000 00:06 10208                     /dev/dri/card0
7f2bfdd94000-7f2bfdd95000 rw-s 1d3eb7000 00:06 10208                     /dev/dri/card0
7f2bfdd95000-7f2bfdd96000 rw-s 81000000 00:06 94744                      /dev/snd/pcmC2D0p
7f2bfdd96000-7f2bfdd97000 r--s 80000000 00:06 94744                      /dev/snd/pcmC2D0p
7f2bfdd97000-7f2bfdd98000 rw-s 1d3e16000 00:06 10208                     /dev/dri/card0
7f2bfdd98000-7f2bfdd99000 rw-s 1d3e15000 00:06 10208                     /dev/dri/card0
7f2bfdd99000-7f2bfdd9a000 rwxp 00000000 00:00 0 
7f2bfdd9a000-7f2bfdda2000 rw-s 00000000 00:05 123587                     /drm mm object (deleted)
7f2bfdda2000-7f2bfddaa000 rw-s 00000000 00:05 123627                     /drm mm object (deleted)
7f2bfddaa000-7f2bfddab000 rw-s 1d3e14000 00:06 10208                     /dev/dri/card0
7f2bfddab000-7f2bfddb3000 rw-s 00000000 00:05 123576                     /drm mm object (deleted)
7f2bfddb3000-7f2bfddb5000 r-xp 00000000 08:02 4461996                    /tmp/jogamp_0000/file_cache/jln4720964679299484314/jln325186978944885160/libnativewindow_awt.so
7f2bfddb5000-7f2bfdfb4000 ---p 00002000 08:02 4461996                    /tmp/jogamp_0000/file_cache/jln4720964679299484314/jln325186978944885160/libnativewindow_awt.so
7f2bfdfb4000-7f2bfdfb5000 rw-p 00001000 08:02 4461996                    /tmp/jogamp_0000/file_cache/jln4720964679299484314/jln325186978944885160/libnativewindow_awt.so
7f2bfdfb5000-7f2bfdfb6000 r-xp 00000000 08:02 8012156                    /usr/bin/processing-3.0/java/lib/amd64/libjawt.so
7f2bfdfb6000-7f2bfe1b5000 ---p 00001000 08:02 8012156                    /usr/bin/processing-3.0/java/lib/amd64/libjawt.so
7f2bfe1b5000-7f2bfe1b6000 rw-p 00000000 08:02 8012156                    /usr/bin/processing-3.0/java/lib/amd64/libjawt.so
7f2bfe1b6000-7f2bfe1b8000 r-xp 00000000 08:02 4461993                    /tmp/jogamp_0000/file_cache/jln4720964679299484314/jln325186978944885160/libgluegen-rt.so
7f2bfe1b8000-7f2bfe3b7000 ---p 00002000 08:02 4461993                    /tmp/jogamp_0000/file_cache/jln4720964679299484314/jln325186978944885160/libgluegen-rt.so
7f2bfe3b7000-7f2bfe3b8000 rw-p 00001000 08:02 4461993                    /tmp/jogamp_0000/file_cache/jln4720964679299484314/jln325186978944885160/libgluegen-rt.so
7f2bfe3b8000-7f2bfe3bb000 ---p 00000000 00:00 0 
7f2bfe3bb000-7f2bfe4b9000 rw-p 00000000 00:00 0 
7f2bfe4b9000-7f2bfe4ca000 r-xp 00000000 08:02 8012203                    /usr/bin/processing-3.0/java/lib/amd64/libnio.so
7f2bfe4ca000-7f2bfe6c9000 ---p 00011000 08:02 8012203                    /usr/bin/processing-3.0/java/lib/amd64/libnio.so
7f2bfe6c9000-7f2bfe6ca000 rw-p 00010000 08:02 8012203                    /usr/bin/processing-3.0/java/lib/amd64/libnio.so
7f2bfe6ca000-7f2bfe6e0000 r-xp 00000000 08:02 8012151                    /usr/bin/processing-3.0/java/lib/amd64/libnet.so
7f2bfe6e0000-7f2bfe8e0000 ---p 00016000 08:02 8012151                    /usr/bin/processing-3.0/java/lib/amd64/libnet.so
7f2bfe8e0000-7f2bfe8e1000 rw-p 00016000 08:02 8012151                    /usr/bin/processing-3.0/java/lib/amd64/libnet.so
7f2bfe8e1000-7f2bfe8e4000 ---p 00000000 00:00 0 
7f2bfe8e4000-7f2bfe91a000 rw-p 00000000 00:00 0                          [stack:7775]
7f2bfe91a000-7f2bfe91e000 r--s 00095000 08:02 6696012                    /usr/bin/processing-3.0/java/lib/jsse.jar
7f2bfe91e000-7f2bfeb1e000 rw-p 00000000 00:00 0 
7f2bfeb1e000-7f2bfeb21000 r--s 00041000 08:02 8014028                    /usr/bin/processing-3.0/modes/java/mode/org.netbeans.swing.outline.jar
7f2bfeb21000-7f2bfeb26000 r--s 00038000 08:02 8014038                    /usr/bin/processing-3.0/modes/java/mode/org.eclipse.text.jar
7f2bfeb26000-7f2bfeb3a000 r--s 00121000 08:02 8014045                    /usr/bin/processing-3.0/modes/java/mode/org.eclipse.osgi.jar
7f2bfeb3a000-7f2bfeb72000 r--s 00515000 08:02 8014044                    /usr/bin/processing-3.0/modes/java/mode/org.eclipse.jdt.core.jar
7f2bfeb72000-7f2bfeb75000 r--s 0001c000 08:02 8014042                    /usr/bin/processing-3.0/modes/java/mode/org.eclipse.equinox.preferences.jar
7f2bfeb75000-7f2bfeb78000 r--s 00018000 08:02 8014034                    /usr/bin/processing-3.0/modes/java/mode/org.eclipse.equinox.common.jar
7f2bfeb78000-7f2bfeb7a000 r--s 00011000 08:02 8014037                    /usr/bin/processing-3.0/modes/java/mode/org.eclipse.core.runtime.jar
7f2bfeb7a000-7f2bfeb85000 r--s 000c1000 08:02 8014040                    /usr/bin/processing-3.0/modes/java/mode/org.eclipse.core.resources.jar
7f2bfeb85000-7f2bfeb87000 r--s 00016000 08:02 8014027                    /usr/bin/processing-3.0/modes/java/mode/org.eclipse.core.jobs.jar
7f2bfeb87000-7f2bfeb8c000 r--s 0003f000 08:02 8014032                    /usr/bin/processing-3.0/modes/java/mode/jsoup-1.7.1.jar
7f2bfeb8c000-7f2bfeb99000 r--s 000cb000 08:02 8014036                    /usr/bin/processing-3.0/modes/java/mode/jdimodel.jar
7f2bfeb99000-7f2bfeb9d000 r--s 0000e000 08:02 8014030                    /usr/bin/processing-3.0/modes/java/mode/jdi.jar
7f2bfeb9d000-7f2bfeba3000 r--s 0007d000 08:02 8014033                    /usr/bin/processing-3.0/modes/java/mode/JavaMode.jar
7f2bfeba3000-7f2bfebfe000 r--s 009e2000 08:02 8014039                    /usr/bin/processing-3.0/modes/java/mode/com.ibm.icu.jar
7f2bfebfe000-7f2bfec1c000 r--s 001bb000 08:02 6695851                    /usr/bin/processing-3.0/lib/ant.jar
7f2bfec1c000-7f2bfec25000 r-xp 00000000 08:02 6561541                    /usr/lib/x86_64-linux-gnu/libXrandr.so.2.2.0
7f2bfec25000-7f2bfee24000 ---p 00009000 08:02 6561541                    /usr/lib/x86_64-linux-gnu/libXrandr.so.2.2.0
7f2bfee24000-7f2bfee25000 r--p 00008000 08:02 6561541                    /usr/lib/x86_64-linux-gnu/libXrandr.so.2.2.0
7f2bfee25000-7f2bfee26000 rw-p 00009000 08:02 6561541                    /usr/lib/x86_64-linux-gnu/libXrandr.so.2.2.0
7f2bfee26000-7f2bfee29000 ---p 00000000 00:00 0 
7f2bfee29000-7f2bfef27000 rw-p 00000000 00:00 0                          [stack:7771]
7f2bfef27000-7f2bfef2c000 r-xp 00000000 08:02 6561523                    /usr/lib/x86_64-linux-gnu/libXfixes.so.3.1.0
7f2bfef2c000-7f2bff12b000 ---p 00005000 08:02 6561523                    /usr/lib/x86_64-linux-gnu/libXfixes.so.3.1.0
7f2bff12b000-7f2bff12c000 r--p 00004000 08:02 6561523                    /usr/lib/x86_64-linux-gnu/libXfixes.so.3.1.0
7f2bff12c000-7f2bff12d000 rw-p 00005000 08:02 6561523                    /usr/lib/x86_64-linux-gnu/libXfixes.so.3.1.0
7f2bff12d000-7f2bff136000 r-xp 00000000 08:02 6561515                    /usr/lib/x86_64-linux-gnu/libXcursor.so.1.0.2
7f2bff136000-7f2bff335000 ---p 00009000 08:02 6561515                    /usr/lib/x86_64-linux-gnu/libXcursor.so.1.0.2
7f2bff335000-7f2bff336000 r--p 00008000 08:02 6561515                    /usr/lib/x86_64-linux-gnu/libXcursor.so.1.0.2
7f2bff336000-7f2bff337000 rw-p 00009000 08:02 6561515                    /usr/lib/x86_64-linux-gnu/libXcursor.so.1.0.2
7f2bff337000-7f2bff34d000 r-xp 00000000 08:02 13635717                   /lib/x86_64-linux-gnu/libgcc_s.so.1
7f2bff34d000-7f2bff54c000 ---p 00016000 08:02 13635717                   /lib/x86_64-linux-gnu/libgcc_s.so.1
7f2bff54c000-7f2bff54d000 rw-p 00015000 08:02 13635717                   /lib/x86_64-linux-gnu/libgcc_s.so.1
7f2bff54d000-7f2bff5b3000 r-xp 00000000 08:02 8012146                    /usr/bin/processing-3.0/java/lib/amd64/libfontmanager.so
7f2bff5b3000-7f2bff7b2000 ---p 00066000 08:02 8012146                    /usr/bin/processing-3.0/java/lib/amd64/libfontmanager.so
7f2bff7b2000-7f2bff7b6000 rw-p 00065000 08:02 8012146                    /usr/bin/processing-3.0/java/lib/amd64/libfontmanager.so
7f2bff7b6000-7f2bff7c7000 rw-p 00000000 00:00 0 
7f2bff7c7000-7f2bff7cc000 r-xp 00000000 08:02 6561519                    /usr/lib/x86_64-linux-gnu/libXdmcp.so.6.0.0
7f2bff7cc000-7f2bff9cb000 ---p 00005000 08:02 6561519                    /usr/lib/x86_64-linux-gnu/libXdmcp.so.6.0.0
7f2bff9cb000-7f2bff9cc000 r--p 00004000 08:02 6561519                    /usr/lib/x86_64-linux-gnu/libXdmcp.so.6.0.0
7f2bff9cc000-7f2bff9cd000 rw-p 00005000 08:02 6561519                    /usr/lib/x86_64-linux-gnu/libXdmcp.so.6.0.0
7f2bff9cd000-7f2bff9cf000 r-xp 00000000 08:02 6561508                    /usr/lib/x86_64-linux-gnu/libXau.so.6.0.0
7f2bff9cf000-7f2bffbcf000 ---p 00002000 08:02 6561508                    /usr/lib/x86_64-linux-gnu/libXau.so.6.0.0
7f2bffbcf000-7f2bffbd0000 r--p 00002000 08:02 6561508                    /usr/lib/x86_64-linux-gnu/libXau.so.6.0.0
7f2bffbd0000-7f2bffbd1000 rw-p 00003000 08:02 6561508                    /usr/lib/x86_64-linux-gnu/libXau.so.6.0.0
7f2bffbd1000-7f2bffbee000 r-xp 00000000 08:02 6562574                    /usr/lib/x86_64-linux-gnu/libxcb.so.1.1.0
7f2bffbee000-7f2bffdee000 ---p 0001d000 08:02 6562574                    /usr/lib/x86_64-linux-gnu/libxcb.so.1.1.0
7f2bffdee000-7f2bffdef000 r--p 0001d000 08:02 6562574                    /usr/lib/x86_64-linux-gnu/libxcb.so.1.1.0
7f2bffdef000-7f2bffdf0000 rw-p 0001e000 08:02 6562574                    /usr/lib/x86_64-linux-gnu/libxcb.so.1.1.0
7f2bffdf0000-7f2bffdff000 r-xp 00000000 08:02 6561529                    /usr/lib/x86_64-linux-gnu/libXi.so.6.1.0
7f2bffdff000-7f2bffffe000 ---p 0000f000 08:02 6561529                    /usr/lib/x86_64-linux-gnu/libXi.so.6.1.0
7f2bffffe000-7f2bfffff000 r--p 0000e000 08:02 6561529                    /usr/lib/x86_64-linux-gnu/libXi.so.6.1.0
7f2bfffff000-7f2c00000000 rw-p 0000f000 08:02 6561529                    /usr/lib/x86_64-linux-gnu/libXi.so.6.1.0
7f2c00000000-7f2c006ab000 rw-p 00000000 00:00 0 
7f2c006ab000-7f2c04000000 ---p 00000000 00:00 0 
7f2c04000000-7f2c04021000 rw-p 00000000 00:00 0 
7f2c04021000-7f2c08000000 ---p 00000000 00:00 0 
7f2c08000000-7f2c0a39c000 rw-p 00000000 00:00 0 
7f2c0a39c000-7f2c0c000000 ---p 00000000 00:00 0 
7f2c0c000000-7f2c0db07000 rw-p 00000000 00:00 0 
7f2c0db07000-7f2c10000000 ---p 00000000 00:00 0 
7f2c10000000-7f2c10021000 rw-p 00000000 00:00 0 
7f2c10021000-7f2c14000000 ---p 00000000 00:00 0 
7f2c14000000-7f2c14021000 rw-p 00000000 00:00 0 
7f2c14021000-7f2c18000000 ---p 00000000 00:00 0 
7f2c18000000-7f2c18021000 rw-p 00000000 00:00 0 
7f2c18021000-7f2c1c000000 ---p 00000000 00:00 0 
7f2c1c000000-7f2c1c021000 rw-p 00000000 00:00 0 
7f2c1c021000-7f2c20000000 ---p 00000000 00:00 0 
7f2c20000000-7f2c20021000 rw-p 00000000 00:00 0 
7f2c20021000-7f2c24000000 ---p 00000000 00:00 0 
7f2c24000000-7f2c24021000 rw-p 00000000 00:00 0 
7f2c24021000-7f2c28000000 ---p 00000000 00:00 0 
7f2c28000000-7f2c28021000 rw-p 00000000 00:00 0 
7f2c28021000-7f2c2c000000 ---p 00000000 00:00 0 
7f2c2c000000-7f2c2c021000 rw-p 00000000 00:00 0 
7f2c2c021000-7f2c30000000 ---p 00000000 00:00 0 
7f2c30000000-7f2c30021000 rw-p 00000000 00:00 0 
7f2c30021000-7f2c34000000 ---p 00000000 00:00 0 
7f2c34000000-7f2c34021000 rw-p 00000000 00:00 0 
7f2c34021000-7f2c38000000 ---p 00000000 00:00 0 
7f2c38000000-7f2c38021000 rw-p 00000000 00:00 0 
7f2c38021000-7f2c3c000000 ---p 00000000 00:00 0 
7f2c3c000000-7f2c3c002000 r--s 00015000 08:02 8014029                    /usr/bin/processing-3.0/modes/java/mode/org.eclipse.core.contenttype.jar
7f2c3c002000-7f2c3c007000 r--s 00068000 08:02 8014043                    /usr/bin/processing-3.0/modes/java/mode/antlr.jar
7f2c3c007000-7f2c3c01b000 r--s 00127000 08:02 6695832                    /usr/bin/processing-3.0/lib/jna.jar
7f2c3c01b000-7f2c3c035000 r--s 01689000 08:02 6569030                    /usr/bin/processing-3.0/core/library/jogl-java-src.zip
7f2c3c035000-7f2c3c058000 r--s 00308000 08:02 6569034                    /usr/bin/processing-3.0/core/library/jogl-all.jar
7f2c3c058000-7f2c3c05b000 ---p 00000000 00:00 0 
7f2c3c05b000-7f2c3c159000 rw-p 00000000 00:00 0                          [stack:7770]
7f2c3c159000-7f2c3c15e000 r-xp 00000000 08:02 6561549                    /usr/lib/x86_64-linux-gnu/libXtst.so.6.1.0
7f2c3c15e000-7f2c3c35d000 ---p 00005000 08:02 6561549                    /usr/lib/x86_64-linux-gnu/libXtst.so.6.1.0
7f2c3c35d000-7f2c3c35e000 r--p 00004000 08:02 6561549                    /usr/lib/x86_64-linux-gnu/libXtst.so.6.1.0
7f2c3c35e000-7f2c3c35f000 rw-p 00005000 08:02 6561549                    /usr/lib/x86_64-linux-gnu/libXtst.so.6.1.0
7f2c3c35f000-7f2c3c368000 r-xp 00000000 08:02 6561543                    /usr/lib/x86_64-linux-gnu/libXrender.so.1.3.0
7f2c3c368000-7f2c3c567000 ---p 00009000 08:02 6561543                    /usr/lib/x86_64-linux-gnu/libXrender.so.1.3.0
7f2c3c567000-7f2c3c568000 r--p 00008000 08:02 6561543                    /usr/lib/x86_64-linux-gnu/libXrender.so.1.3.0
7f2c3c568000-7f2c3c569000 rw-p 00009000 08:02 6561543                    /usr/lib/x86_64-linux-gnu/libXrender.so.1.3.0
7f2c3c569000-7f2c3c699000 r-xp 00000000 08:02 6561504                    /usr/lib/x86_64-linux-gnu/libX11.so.6.3.0
7f2c3c699000-7f2c3c899000 ---p 00130000 08:02 6561504                    /usr/lib/x86_64-linux-gnu/libX11.so.6.3.0
7f2c3c899000-7f2c3c89a000 r--p 00130000 08:02 6561504                    /usr/lib/x86_64-linux-gnu/libX11.so.6.3.0
7f2c3c89a000-7f2c3c89e000 rw-p 00131000 08:02 6561504                    /usr/lib/x86_64-linux-gnu/libX11.so.6.3.0
7f2c3c89e000-7f2c3c8af000 r-xp 00000000 08:02 6561521                    /usr/lib/x86_64-linux-gnu/libXext.so.6.4.0
7f2c3c8af000-7f2c3caae000 ---p 00011000 08:02 6561521                    /usr/lib/x86_64-linux-gnu/libXext.so.6.4.0
7f2c3caae000-7f2c3caaf000 r--p 00010000 08:02 6561521                    /usr/lib/x86_64-linux-gnu/libXext.so.6.4.0
7f2c3caaf000-7f2c3cab0000 rw-p 00011000 08:02 6561521                    /usr/lib/x86_64-linux-gnu/libXext.so.6.4.0
7f2c3cab0000-7f2c3cab1000 r--p 00000000 00:00 0 
7f2c3cab1000-7f2c3cab2000 r--s 00003000 08:02 8014046                    /usr/bin/processing-3.0/modes/java/mode/jdtCompilerAdapter.jar
7f2c3cab2000-7f2c3cab3000 r--s 00003000 08:02 8014035                    /usr/bin/processing-3.0/modes/java/mode/classpath-explorer-1.0.jar
7f2c3cab3000-7f2c3cabd000 r--s 00097000 08:02 6695776                    /usr/bin/processing-3.0/lib/pde.jar
7f2c3cabd000-7f2c3cabf000 r--s 00002000 08:02 6695836                    /usr/bin/processing-3.0/lib/ant-launcher.jar
7f2c3cabf000-7f2c3cac1000 r--s 00005000 08:02 4591938                    /home/akelly/sketchbook/libraries/minim/library/mp3spi1.9.5.jar
7f2c3cac1000-7f2c3cac2000 r--s 0000b000 08:02 4591937                    /home/akelly/sketchbook/libraries/minim/library/jsminim.jar
7f2c3cac2000-7f2c3cac6000 r--s 00040000 08:02 4591936                    /home/akelly/sketchbook/libraries/minim/library/jl1.0.1.jar
7f2c3cac6000-7f2c3cac9000 r--s 00017000 08:02 4591933                    /home/akelly/sketchbook/libraries/minim/library/tritonus_share.jar
7f2c3cac9000-7f2c3cad1000 r--s 003d3000 08:02 6569026                    /usr/bin/processing-3.0/core/library/gluegen-java-src.zip
7f2c3cad1000-7f2c3cb25000 r-xp 00000000 08:02 8012182                    /usr/bin/processing-3.0/java/lib/amd64/libawt_xawt.so
7f2c3cb25000-7f2c3cd25000 ---p 00054000 08:02 8012182                    /usr/bin/processing-3.0/java/lib/amd64/libawt_xawt.so
7f2c3cd25000-7f2c3cd29000 rw-p 00054000 08:02 8012182                    /usr/bin/processing-3.0/java/lib/amd64/libawt_xawt.so
7f2c3cd29000-7f2c3cd2a000 rw-p 00000000 00:00 0 
7f2c3cd2a000-7f2c3cdcc000 r-xp 00000000 08:02 8012174                    /usr/bin/processing-3.0/java/lib/amd64/libawt.so
7f2c3cdcc000-7f2c3cfcc000 ---p 000a2000 08:02 8012174                    /usr/bin/processing-3.0/java/lib/amd64/libawt.so
7f2c3cfcc000-7f2c3cfd8000 rw-p 000a2000 08:02 8012174                    /usr/bin/processing-3.0/java/lib/amd64/libawt.so
7f2c3cfd8000-7f2c3cffc000 rw-p 00000000 00:00 0 
7f2c3cffc000-7f2c3cffd000 ---p 00000000 00:00 0 
7f2c3cffd000-7f2c3d0fd000 rw-p 00000000 00:00 0                          [stack:7769]
7f2c3d0fd000-7f2c3d100000 ---p 00000000 00:00 0 
7f2c3d100000-7f2c3d1fe000 rw-p 00000000 00:00 0                          [stack:7768]
7f2c3d1fe000-7f2c3d201000 ---p 00000000 00:00 0 
7f2c3d201000-7f2c3d2ff000 rw-p 00000000 00:00 0                          [stack:7767]
7f2c3d2ff000-7f2c3d302000 ---p 00000000 00:00 0 
7f2c3d302000-7f2c3d400000 rw-p 00000000 00:00 0                          [stack:7766]
7f2c3d400000-7f2c3d403000 ---p 00000000 00:00 0 
7f2c3d403000-7f2c3d501000 rw-p 00000000 00:00 0                          [stack:7765]
7f2c3d501000-7f2c3d504000 ---p 00000000 00:00 0 
7f2c3d504000-7f2c3d602000 rw-p 00000000 00:00 0                          [stack:7759]
7f2c3d602000-7f2c3d605000 ---p 00000000 00:00 0 
7f2c3d605000-7f2c3d703000 rw-p 00000000 00:00 0                          [stack:7756]
7f2c3d703000-7f2c3d706000 ---p 00000000 00:00 0 
7f2c3d706000-7f2c3d804000 rw-p 00000000 00:00 0                          [stack:7755]
7f2c3d804000-7f2c3d808000 r-xp 00000000 08:02 8012175                    /usr/bin/processing-3.0/java/lib/amd64/libdt_socket.so
7f2c3d808000-7f2c3da07000 ---p 00004000 08:02 8012175                    /usr/bin/processing-3.0/java/lib/amd64/libdt_socket.so
7f2c3da07000-7f2c3da08000 rw-p 00003000 08:02 8012175                    /usr/bin/processing-3.0/java/lib/amd64/libdt_socket.so
7f2c3da08000-7f2c3da0b000 ---p 00000000 00:00 0 
7f2c3da0b000-7f2c3db09000 rw-p 00000000 00:00 0                          [stack:7754]
7f2c3db09000-7f2c3db0c000 ---p 00000000 00:00 0 
7f2c3db0c000-7f2c3dc0a000 rw-p 00000000 00:00 0                          [stack:7750]
7f2c3dc0a000-7f2c3dc0d000 ---p 00000000 00:00 0 
7f2c3dc0d000-7f2c3dd0b000 rw-p 00000000 00:00 0                          [stack:7749]
7f2c3dd0b000-7f2c3dd0c000 ---p 00000000 00:00 0 
7f2c3dd0c000-7f2c3edc0000 rw-p 00000000 00:00 0                          [stack:7748]
7f2c3edc0000-7f2c3ef98000 r--s 03d0c000 08:02 6695974                    /usr/bin/processing-3.0/java/lib/rt.jar
7f2c3ef98000-7f2c47c45000 rw-p 00000000 00:00 0 
7f2c47c45000-7f2c47c46000 ---p 00000000 00:00 0 
7f2c47c46000-7f2c47d46000 rw-p 00000000 00:00 0                          [stack:7747]
7f2c47d46000-7f2c47d47000 ---p 00000000 00:00 0 
7f2c47d47000-7f2c47e47000 rw-p 00000000 00:00 0                          [stack:7746]
7f2c47e47000-7f2c47e48000 ---p 00000000 00:00 0 
7f2c47e48000-7f2c47f9c000 rw-p 00000000 00:00 0                          [stack:7745]
7f2c47f9c000-7f2c48478000 ---p 00000000 00:00 0 
7f2c48478000-7f2c484cc000 rw-p 00000000 00:00 0 
7f2c484cc000-7f2c489a7000 ---p 00000000 00:00 0 
7f2c489a7000-7f2c48a2f000 rw-p 00000000 00:00 0 
7f2c48a2f000-7f2c48c3f000 ---p 00000000 00:00 0 
7f2c48c3f000-7f2c48c5b000 rw-p 00000000 00:00 0 
7f2c48c5b000-7f2c49000000 ---p 00000000 00:00 0 
7f2c49000000-7f2c49690000 rwxp 00000000 00:00 0 
7f2c49690000-7f2c58000000 ---p 00000000 00:00 0 
7f2c58000000-7f2c58879000 rw-p 00000000 00:00 0 
7f2c58879000-7f2c5c000000 ---p 00000000 00:00 0 
7f2c5c000000-7f2c5c003000 r--s 00016000 08:02 4591932                    /home/akelly/sketchbook/libraries/minim/library/minim.jar
7f2c5c003000-7f2c5c052000 rw-p 00000000 00:00 0 
7f2c5c052000-7f2c5c053000 ---p 00000000 00:00 0 
7f2c5c053000-7f2c5c153000 rw-p 00000000 00:00 0                          [stack:7744]
7f2c5c153000-7f2c5c16d000 r-xp 00000000 08:02 8012189                    /usr/bin/processing-3.0/java/lib/amd64/libzip.so
7f2c5c16d000-7f2c5c36d000 ---p 0001a000 08:02 8012189                    /usr/bin/processing-3.0/java/lib/amd64/libzip.so
7f2c5c36d000-7f2c5c36e000 rw-p 0001a000 08:02 8012189                    /usr/bin/processing-3.0/java/lib/amd64/libzip.so
7f2c5c36e000-7f2c5c379000 r-xp 00000000 08:02 13635765                   /lib/x86_64-linux-gnu/libnss_files-2.19.so
7f2c5c379000-7f2c5c578000 ---p 0000b000 08:02 13635765                   /lib/x86_64-linux-gnu/libnss_files-2.19.so
7f2c5c578000-7f2c5c579000 r--p 0000a000 08:02 13635765                   /lib/x86_64-linux-gnu/libnss_files-2.19.so
7f2c5c579000-7f2c5c57a000 rw-p 0000b000 08:02 13635765                   /lib/x86_64-linux-gnu/libnss_files-2.19.so
7f2c5c57a000-7f2c5c585000 r-xp 00000000 08:02 13635775                   /lib/x86_64-linux-gnu/libnss_nis-2.19.so
7f2c5c585000-7f2c5c784000 ---p 0000b000 08:02 13635775                   /lib/x86_64-linux-gnu/libnss_nis-2.19.so
7f2c5c784000-7f2c5c785000 r--p 0000a000 08:02 13635775                   /lib/x86_64-linux-gnu/libnss_nis-2.19.so
7f2c5c785000-7f2c5c786000 rw-p 0000b000 08:02 13635775                   /lib/x86_64-linux-gnu/libnss_nis-2.19.so
7f2c5c786000-7f2c5c79d000 r-xp 00000000 08:02 13635759                   /lib/x86_64-linux-gnu/libnsl-2.19.so
7f2c5c79d000-7f2c5c99c000 ---p 00017000 08:02 13635759                   /lib/x86_64-linux-gnu/libnsl-2.19.so
7f2c5c99c000-7f2c5c99d000 r--p 00016000 08:02 13635759                   /lib/x86_64-linux-gnu/libnsl-2.19.so
7f2c5c99d000-7f2c5c99e000 rw-p 00017000 08:02 13635759                   /lib/x86_64-linux-gnu/libnsl-2.19.so
7f2c5c99e000-7f2c5c9a0000 rw-p 00000000 00:00 0 
7f2c5c9a0000-7f2c5c9a9000 r-xp 00000000 08:02 13635761                   /lib/x86_64-linux-gnu/libnss_compat-2.19.so
7f2c5c9a9000-7f2c5cba8000 ---p 00009000 08:02 13635761                   /lib/x86_64-linux-gnu/libnss_compat-2.19.so
7f2c5cba8000-7f2c5cba9000 r--p 00008000 08:02 13635761                   /lib/x86_64-linux-gnu/libnss_compat-2.19.so
7f2c5cba9000-7f2c5cbaa000 rw-p 00009000 08:02 13635761                   /lib/x86_64-linux-gnu/libnss_compat-2.19.so
7f2c5cbaa000-7f2c5d28c000 r--p 00000000 08:02 6560506                    /usr/lib/locale/locale-archive
7f2c5d28c000-7f2c5d28e000 r-xp 00000000 08:02 8012169                    /usr/bin/processing-3.0/java/lib/amd64/libnpt.so
7f2c5d28e000-7f2c5d48e000 ---p 00002000 08:02 8012169                    /usr/bin/processing-3.0/java/lib/amd64/libnpt.so
7f2c5d48e000-7f2c5d48f000 rw-p 00002000 08:02 8012169                    /usr/bin/processing-3.0/java/lib/amd64/libnpt.so
7f2c5d48f000-7f2c5d4c8000 r-xp 00000000 08:02 8012184                    /usr/bin/processing-3.0/java/lib/amd64/libjdwp.so
7f2c5d4c8000-7f2c5d6c7000 ---p 00039000 08:02 8012184                    /usr/bin/processing-3.0/java/lib/amd64/libjdwp.so
7f2c5d6c7000-7f2c5d6c9000 rw-p 00038000 08:02 8012184                    /usr/bin/processing-3.0/java/lib/amd64/libjdwp.so
7f2c5d6c9000-7f2c5d6f3000 r-xp 00000000 08:02 8012204                    /usr/bin/processing-3.0/java/lib/amd64/libjava.so
7f2c5d6f3000-7f2c5d8f3000 ---p 0002a000 08:02 8012204                    /usr/bin/processing-3.0/java/lib/amd64/libjava.so
7f2c5d8f3000-7f2c5d8f5000 rw-p 0002a000 08:02 8012204                    /usr/bin/processing-3.0/java/lib/amd64/libjava.so
7f2c5d8f5000-7f2c5d902000 r-xp 00000000 08:02 8012148                    /usr/bin/processing-3.0/java/lib/amd64/libverify.so
7f2c5d902000-7f2c5db02000 ---p 0000d000 08:02 8012148                    /usr/bin/processing-3.0/java/lib/amd64/libverify.so
7f2c5db02000-7f2c5db04000 rw-p 0000d000 08:02 8012148                    /usr/bin/processing-3.0/java/lib/amd64/libverify.so
7f2c5db04000-7f2c5db0b000 r-xp 00000000 08:02 13635818                   /lib/x86_64-linux-gnu/librt-2.19.so
7f2c5db0b000-7f2c5dd0a000 ---p 00007000 08:02 13635818                   /lib/x86_64-linux-gnu/librt-2.19.so
7f2c5dd0a000-7f2c5dd0b000 r--p 00006000 08:02 13635818                   /lib/x86_64-linux-gnu/librt-2.19.so
7f2c5dd0b000-7f2c5dd0c000 rw-p 00007000 08:02 13635818                   /lib/x86_64-linux-gnu/librt-2.19.so
7f2c5dd0c000-7f2c5de11000 r-xp 00000000 08:02 13635740                   /lib/x86_64-linux-gnu/libm-2.19.so
7f2c5de11000-7f2c5e010000 ---p 00105000 08:02 13635740                   /lib/x86_64-linux-gnu/libm-2.19.so
7f2c5e010000-7f2c5e011000 r--p 00104000 08:02 13635740                   /lib/x86_64-linux-gnu/libm-2.19.so
7f2c5e011000-7f2c5e012000 rw-p 00105000 08:02 13635740                   /lib/x86_64-linux-gnu/libm-2.19.so
7f2c5e012000-7f2c5ecc0000 r-xp 00000000 08:02 8012167                    /usr/bin/processing-3.0/java/lib/amd64/server/libjvm.so
7f2c5ecc0000-7f2c5eec0000 ---p 00cae000 08:02 8012167                    /usr/bin/processing-3.0/java/lib/amd64/server/libjvm.so
7f2c5eec0000-7f2c5ef97000 rw-p 00cae000 08:02 8012167                    /usr/bin/processing-3.0/java/lib/amd64/server/libjvm.so
7f2c5ef97000-7f2c5efdb000 rw-p 00000000 00:00 0 
7f2c5efdb000-7f2c5f196000 r-xp 00000000 08:02 13635690                   /lib/x86_64-linux-gnu/libc-2.19.so
7f2c5f196000-7f2c5f395000 ---p 001bb000 08:02 13635690                   /lib/x86_64-linux-gnu/libc-2.19.so
7f2c5f395000-7f2c5f399000 r--p 001ba000 08:02 13635690                   /lib/x86_64-linux-gnu/libc-2.19.so
7f2c5f399000-7f2c5f39b000 rw-p 001be000 08:02 13635690                   /lib/x86_64-linux-gnu/libc-2.19.so
7f2c5f39b000-7f2c5f3a0000 rw-p 00000000 00:00 0 
7f2c5f3a0000-7f2c5f3a3000 r-xp 00000000 08:02 13635707                   /lib/x86_64-linux-gnu/libdl-2.19.so
7f2c5f3a3000-7f2c5f5a2000 ---p 00003000 08:02 13635707                   /lib/x86_64-linux-gnu/libdl-2.19.so
7f2c5f5a2000-7f2c5f5a3000 r--p 00002000 08:02 13635707                   /lib/x86_64-linux-gnu/libdl-2.19.so
7f2c5f5a3000-7f2c5f5a4000 rw-p 00003000 08:02 13635707                   /lib/x86_64-linux-gnu/libdl-2.19.so
7f2c5f5a4000-7f2c5f5b9000 r-xp 00000000 08:02 8012145                    /usr/bin/processing-3.0/java/lib/amd64/jli/libjli.so
7f2c5f5b9000-7f2c5f7b9000 ---p 00015000 08:02 8012145                    /usr/bin/processing-3.0/java/lib/amd64/jli/libjli.so
7f2c5f7b9000-7f2c5f7ba000 rw-p 00015000 08:02 8012145                    /usr/bin/processing-3.0/java/lib/amd64/jli/libjli.so
7f2c5f7ba000-7f2c5f7d3000 r-xp 00000000 08:02 13635810                   /lib/x86_64-linux-gnu/libpthread-2.19.so
7f2c5f7d3000-7f2c5f9d2000 ---p 00019000 08:02 13635810                   /lib/x86_64-linux-gnu/libpthread-2.19.so
7f2c5f9d2000-7f2c5f9d3000 r--p 00018000 08:02 13635810                   /lib/x86_64-linux-gnu/libpthread-2.19.so
7f2c5f9d3000-7f2c5f9d4000 rw-p 00019000 08:02 13635810                   /lib/x86_64-linux-gnu/libpthread-2.19.so
7f2c5f9d4000-7f2c5f9d8000 rw-p 00000000 00:00 0 
7f2c5f9d8000-7f2c5f9fb000 r-xp 00000000 08:02 13635666                   /lib/x86_64-linux-gnu/ld-2.19.so
7f2c5f9fb000-7f2c5f9fc000 r--s 00002000 08:02 4591935                    /home/akelly/sketchbook/libraries/minim/library/tritonus_aos.jar
7f2c5f9fc000-7f2c5f9fd000 r--s 00001000 08:02 6569033                    /usr/bin/processing-3.0/core/library/gluegen-rt-natives-macosx-universal.jar
7f2c5f9fd000-7f2c5f9ff000 r--s 00038000 08:02 6569032                    /usr/bin/processing-3.0/core/library/jogl-all-natives-windows-amd64.jar
7f2c5f9ff000-7f2c5fa00000 r--s 00034000 08:02 6569031                    /usr/bin/processing-3.0/core/library/jogl-all-natives-linux-amd64.jar
7f2c5fa00000-7f2c5fa01000 r--s 00001000 08:02 6569036                    /usr/bin/processing-3.0/core/library/gluegen-rt-natives-windows-i586.jar
7f2c5fa01000-7f2c5fad2000 rw-p 00000000 00:00 0 
7f2c5fad2000-7f2c5fad5000 ---p 00000000 00:00 0 
7f2c5fad5000-7f2c5fbd7000 rw-p 00000000 00:00 0                          [stack:7742]
7f2c5fbd7000-7f2c5fbdd000 r--s 0004a000 08:02 6569021                    /usr/bin/processing-3.0/core/library/gluegen-rt.jar
7f2c5fbdd000-7f2c5fbde000 r--s 00000000 08:02 6569035                    /usr/bin/processing-3.0/core/library/gluegen-rt-natives-linux-armv6hf.jar
7f2c5fbde000-7f2c5fbdf000 r--s 00031000 08:02 6569019                    /usr/bin/processing-3.0/core/library/jogl-all-natives-windows-i586.jar
7f2c5fbdf000-7f2c5fbe0000 r--s 00001000 08:02 6569022                    /usr/bin/processing-3.0/core/library/gluegen-rt-natives-windows-amd64.jar
7f2c5fbe0000-7f2c5fbe2000 r--s 0006c000 08:02 6569020                    /usr/bin/processing-3.0/core/library/jogl-all-natives-macosx-universal.jar
7f2c5fbe2000-7f2c5fbe7000 r--s 000f0000 08:02 6569027                    /usr/bin/processing-3.0/core/library/core.jar
7f2c5fbe7000-7f2c5fbe9000 r--s 00000000 08:02 6569025                    /usr/bin/processing-3.0/core/library/gluegen-rt-natives-linux-amd64.jar
7f2c5fbe9000-7f2c5fbea000 r--s 00026000 08:02 6569028                    /usr/bin/processing-3.0/core/library/jogl-all-natives-linux-armv6hf.jar
7f2c5fbea000-7f2c5fbeb000 r--s 00032000 08:02 6569024                    /usr/bin/processing-3.0/core/library/jogl-all-natives-linux-i586.jar
7f2c5fbeb000-7f2c5fbed000 r--s 00000000 08:02 6569023                    /usr/bin/processing-3.0/core/library/gluegen-rt-natives-linux-i586.jar
7f2c5fbed000-7f2c5fbee000 rw-p 00000000 00:00 0 
7f2c5fbee000-7f2c5fbf6000 rw-s 00000000 08:02 4325410                    /tmp/hsperfdata_akelly/7741
7f2c5fbf6000-7f2c5fbf7000 rw-p 00000000 00:00 0 
7f2c5fbf7000-7f2c5fbf8000 r--p 00000000 00:00 0 
7f2c5fbf8000-7f2c5fbfa000 rw-p 00000000 00:00 0 
7f2c5fbfa000-7f2c5fbfb000 r--p 00022000 08:02 13635666                   /lib/x86_64-linux-gnu/ld-2.19.so
7f2c5fbfb000-7f2c5fbfc000 rw-p 00023000 08:02 13635666                   /lib/x86_64-linux-gnu/ld-2.19.so
7f2c5fbfc000-7f2c5fbfd000 rw-p 00000000 00:00 0 
7ffff60fd000-7ffff6120000 rw-p 00000000 00:00 0                          [stack]
7ffff61a7000-7ffff61a9000 r--p 00000000 00:00 0                          [vvar]
7ffff61a9000-7ffff61ab000 r-xp 00000000 00:00 0                          [vdso]
ffffffffff600000-ffffffffff601000 r-xp 00000000 00:00 0                  [vsyscall]

VM Arguments:
jvm_args: -agentlib:jdwp=transport=dt_socket,address=8865,server=y,suspend=y -Djava.library.path=:/usr/bin/processing-3.0/core/library:/home/akelly/sketchbook/libraries/minim/library:/usr/java/packages/lib/amd64:/usr/lib64:/lib64:/lib:/usr/lib -ea 
java_command: processing.core.PApplet --display=1 --sketch-path=/home/akelly/sketchbook/_audioVisualizer/_audioVisualizer/build build
java_class_path (initial): /home/akelly/sketchbook/_audioVisualizer/_audioVisualizer/build/build-tmp:/usr/bin/processing-3.0/core/library/gluegen-rt-natives-linux-i586.jar:/usr/bin/processing-3.0/core/library/jogl-all-natives-linux-i586.jar:/usr/bin/processing-3.0/core/library/jogl-all-natives-linux-armv6hf.jar:/usr/bin/processing-3.0/core/library/gluegen-rt-natives-linux-amd64.jar:/usr/bin/processing-3.0/core/library/core.jar:/usr/bin/processing-3.0/core/library/jogl-all-natives-macosx-universal.jar:/usr/bin/processing-3.0/core/library/gluegen-rt-natives-windows-amd64.jar:/usr/bin/processing-3.0/core/library/jogl-all-natives-windows-i586.jar:/usr/bin/processing-3.0/core/library/gluegen-rt-natives-linux-armv6hf.jar:/usr/bin/processing-3.0/core/library/gluegen-rt.jar:/usr/bin/processing-3.0/core/library/gluegen-rt-natives-windows-i586.jar:/usr/bin/processing-3.0/core/library/jogl-all.jar:/usr/bin/processing-3.0/core/library/jogl-all-natives-linux-amd64.jar:/usr/bin/processing-3.0/core/library/jogl-all-natives-windows-amd64.jar:/usr/bin/processing-3.0/core/library/gluegen-java-src.zip:/usr/bin/processing-3.0/core/library/jogl-java-src.zip:/usr/bin/processing-3.0/core/library/gluegen-rt-natives-macosx-universal.jar:/usr/bin/processing-3.0/core/library/gluegen-rt-natives-linux-i586.jar:/usr/bin/processing-3.0/core/library/jogl-all-natives-linux-i586.jar:/usr/bin/processing-3.0/core/library/jogl-all-natives-linux-armv6hf.jar:/usr/bin/processing-3.0/core/library/gluegen-rt-natives-linux-amd64.jar:/usr/bin/processing-3.0/core/library/core.jar:/usr/bin/processing-3.0/core/library/jogl-all-natives-macosx-universal.jar:/usr/bin/processing-3.0/core/library/gluegen-rt-natives-windows-amd64.jar:/usr/bin/processing-3.0/core/library/jogl-all-natives-windows-i586.jar:/usr/bin/processing-3.0/core/library/gluegen-rt-natives-linux-armv6hf.jar:/usr/bin/processing-3.0/core/library/gluegen-rt.jar:/usr/bin/processing-3.0/core/library/gluegen-rt-natives-windows-i586.jar:/usr/bin/processi
Launcher Type: SUN_STANDARD

Environment Variables:
PATH=/usr/bin/processing-3.0/java/bin:/usr/local/sbin:/usr/local/bin:/usr/sbin:/usr/bin:/sbin:/bin:/usr/games:/usr/local/games
SHELL=/bin/bash
DISPLAY=:0

Signal Handlers:
SIGSEGV: [libjvm.so+0xaad540], sa_mask[0]=11111111011111111101111111111110, sa_flags=SA_RESTART|SA_SIGINFO
SIGBUS: [libjvm.so+0xaad540], sa_mask[0]=11111111011111111101111111111110, sa_flags=SA_RESTART|SA_SIGINFO
SIGFPE: [libjvm.so+0x90b6b0], sa_mask[0]=11111111011111111101111111111110, sa_flags=SA_RESTART|SA_SIGINFO
SIGPIPE: [libjvm.so+0x90b6b0], sa_mask[0]=11111111011111111101111111111110, sa_flags=SA_RESTART|SA_SIGINFO
SIGXFSZ: [libjvm.so+0x90b6b0], sa_mask[0]=11111111011111111101111111111110, sa_flags=SA_RESTART|SA_SIGINFO
SIGILL: [libjvm.so+0x90b6b0], sa_mask[0]=11111111011111111101111111111110, sa_flags=SA_RESTART|SA_SIGINFO
SIGUSR1: SIG_DFL, sa_mask[0]=00000000000000000000000000000000, sa_flags=none
SIGUSR2: [libjvm.so+0x90ccf0], sa_mask[0]=00100000000000000000000000000000, sa_flags=SA_RESTART|SA_SIGINFO
SIGHUP: [libjvm.so+0x90e040], sa_mask[0]=11111111011111111101111111111110, sa_flags=SA_RESTART|SA_SIGINFO
SIGINT: [libjvm.so+0x90e040], sa_mask[0]=11111111011111111101111111111110, sa_flags=SA_RESTART|SA_SIGINFO
SIGTERM: [libjvm.so+0x90e040], sa_mask[0]=11111111011111111101111111111110, sa_flags=SA_RESTART|SA_SIGINFO
SIGQUIT: [libjvm.so+0x90e040], sa_mask[0]=11111111011111111101111111111110, sa_flags=SA_RESTART|SA_SIGINFO


---------------  S Y S T E M  ---------------

OS:DISTRIB_ID=Ubuntu
DISTRIB_RELEASE=14.04
DISTRIB_CODENAME=trusty
DISTRIB_DESCRIPTION="Ubuntu 14.04.3 LTS"

uname:Linux 3.19.0-28-generic #30~14.04.1-Ubuntu SMP Tue Sep 1 09:32:55 UTC 2015 x86_64
libc:glibc 2.19 NPTL 2.19 
rlimit: STACK 8192k, CORE 0k, NPROC 63284, NOFILE 4096, AS infinity
load average:1.92 2.96 3.33

/proc/meminfo:
MemTotal:       16309452 kB
MemFree:        11503116 kB
MemAvailable:   12664752 kB
Buffers:          114672 kB
Cached:          1637036 kB
SwapCached:           40 kB
Active:          3851860 kB
Inactive:         693524 kB
Active(anon):    2931216 kB
Inactive(anon):   326748 kB
Active(file):     920644 kB
Inactive(file):   366776 kB
Unevictable:          92 kB
Mlocked:              92 kB
SwapTotal:      16653308 kB
SwapFree:       16584340 kB
Dirty:              3064 kB
Writeback:             0 kB
AnonPages:       2793740 kB
Mapped:           576876 kB
Shmem:            464292 kB
Slab:             127392 kB
SReclaimable:      86320 kB
SUnreclaim:        41072 kB
KernelStack:       10192 kB
PageTables:        50056 kB
NFS_Unstable:          0 kB
Bounce:                0 kB
WritebackTmp:          0 kB
CommitLimit:    24808032 kB
Committed_AS:    8484012 kB
VmallocTotal:   34359738367 kB
VmallocUsed:      385160 kB
VmallocChunk:   34359343192 kB
HardwareCorrupted:     0 kB
AnonHugePages:    780288 kB
CmaTotal:              0 kB
CmaFree:               0 kB
HugePages_Total:       0
HugePages_Free:        0
HugePages_Rsvd:        0
HugePages_Surp:        0
Hugepagesize:       2048 kB
DirectMap4k:      193964 kB
DirectMap2M:    12265472 kB
DirectMap1G:     4194304 kB


CPU:total 4 (2 cores per cpu, 2 threads per core) family 6 model 61 stepping 4, cmov, cx8, fxsr, mmx, sse, sse2, sse3, ssse3, sse4.1, sse4.2, popcnt, avx, avx2, aes, clmul, erms, rtm, 3dnowpref, lzcnt, ht, tsc, tscinvbit, bmi1, bmi2, adx

/proc/cpuinfo:
processor	: 0
vendor_id	: GenuineIntel
cpu family	: 6
model		: 61
model name	: Intel(R) Core(TM) i7-5600U CPU @ 2.60GHz
stepping	: 4
microcode	: 0x19
cpu MHz		: 2908.750
cache size	: 4096 KB
physical id	: 0
siblings	: 4
core id		: 0
cpu cores	: 2
apicid		: 0
initial apicid	: 0
fpu		: yes
fpu_exception	: yes
cpuid level	: 20
wp		: yes
flags		: fpu vme de pse tsc msr pae mce cx8 apic sep mtrr pge mca cmov pat pse36 clflush dts acpi mmx fxsr sse sse2 ss ht tm pbe syscall nx pdpe1gb rdtscp lm constant_tsc arch_perfmon pebs bts rep_good nopl xtopology nonstop_tsc aperfmperf eagerfpu pni pclmulqdq dtes64 monitor ds_cpl vmx smx est tm2 ssse3 fma cx16 xtpr pdcm pcid sse4_1 sse4_2 x2apic movbe popcnt tsc_deadline_timer aes xsave avx f16c rdrand lahf_lm abm 3dnowprefetch ida arat epb pln pts dtherm tpr_shadow vnmi flexpriority ept vpid fsgsbase tsc_adjust bmi1 hle avx2 smep bmi2 erms invpcid rtm rdseed adx smap xsaveopt
bugs		:
bogomips	: 5188.48
clflush size	: 64
cache_alignment	: 64
address sizes	: 39 bits physical, 48 bits virtual
power management:

processor	: 1
vendor_id	: GenuineIntel
cpu family	: 6
model		: 61
model name	: Intel(R) Core(TM) i7-5600U CPU @ 2.60GHz
stepping	: 4
microcode	: 0x19
cpu MHz		: 2882.750
cache size	: 4096 KB
physical id	: 0
siblings	: 4
core id		: 0
cpu cores	: 2
apicid		: 1
initial apicid	: 1
fpu		: yes
fpu_exception	: yes
cpuid level	: 20
wp		: yes
flags		: fpu vme de pse tsc msr pae mce cx8 apic sep mtrr pge mca cmov pat pse36 clflush dts acpi mmx fxsr sse sse2 ss ht tm pbe syscall nx pdpe1gb rdtscp lm constant_tsc arch_perfmon pebs bts rep_good nopl xtopology nonstop_tsc aperfmperf eagerfpu pni pclmulqdq dtes64 monitor ds_cpl vmx smx est tm2 ssse3 fma cx16 xtpr pdcm pcid sse4_1 sse4_2 x2apic movbe popcnt tsc_deadline_timer aes xsave avx f16c rdrand lahf_lm abm 3dnowprefetch ida arat epb pln pts dtherm tpr_shadow vnmi flexpriority ept vpid fsgsbase tsc_adjust bmi1 hle avx2 smep bmi2 erms invpcid rtm rdseed adx smap xsaveopt
bugs		:
bogomips	: 5188.48
clflush size	: 64
cache_alignment	: 64
address sizes	: 39 bits physical, 48 bits virtual
power management:

processor	: 2
vendor_id	: GenuineIntel
cpu family	: 6
model		: 61
model name	: Intel(R) Core(TM) i7-5600U CPU @ 2.60GHz
stepping	: 4
microcode	: 0x19
cpu MHz		: 2789.921
cache size	: 4096 KB
physical id	: 0
siblings	: 4
core id		: 1
cpu cores	: 2
apicid		: 2
initial apicid	: 2
fpu		: yes
fpu_exception	: yes
cpuid level	: 20
wp		: yes
flags		: fpu vme de pse tsc msr pae mce cx8 apic sep mtrr pge mca cmov pat pse36 clflush dts acpi mmx fxsr sse sse2 ss ht tm pbe syscall nx pdpe1gb rdtscp lm constant_tsc arch_perfmon pebs bts rep_good nopl xtopology nonstop_tsc aperfmperf eagerfpu pni pclmulqdq dtes64 monitor ds_cpl vmx smx est tm2 ssse3 fma cx16 xtpr pdcm pcid sse4_1 sse4_2 x2apic movbe popcnt tsc_deadline_timer aes xsave avx f16c rdrand lahf_lm abm 3dnowprefetch ida arat epb pln pts dtherm tpr_shadow vnmi flexpriority ept vpid fsgsbase tsc_adjust bmi1 hle avx2 smep bmi2 erms invpcid rtm rdseed adx smap xsaveopt
bugs		:
bogomips	: 5188.48
clflush size	: 64
cache_alignment	: 64
address sizes	: 39 bits physical, 48 bits virtual
power management:

processor	: 3
vendor_id	: GenuineIntel
cpu family	: 6
model		: 61
model name	: Intel(R) Core(TM) i7-5600U CPU @ 2.60GHz
stepping	: 4
microcode	: 0x19
cpu MHz		: 2764.734
cache size	: 4096 KB
physical id	: 0
siblings	: 4
core id		: 1
cpu cores	: 2
apicid		: 3
initial apicid	: 3
fpu		: yes
fpu_exception	: yes
cpuid level	: 20
wp		: yes
flags		: fpu vme de pse tsc msr pae mce cx8 apic sep mtrr pge mca cmov pat pse36 clflush dts acpi mmx fxsr sse sse2 ss ht tm pbe syscall nx pdpe1gb rdtscp lm constant_tsc arch_perfmon pebs bts rep_good nopl xtopology nonstop_tsc aperfmperf eagerfpu pni pclmulqdq dtes64 monitor ds_cpl vmx smx est tm2 ssse3 fma cx16 xtpr pdcm pcid sse4_1 sse4_2 x2apic movbe popcnt tsc_deadline_timer aes xsave avx f16c rdrand lahf_lm abm 3dnowprefetch ida arat epb pln pts dtherm tpr_shadow vnmi flexpriority ept vpid fsgsbase tsc_adjust bmi1 hle avx2 smep bmi2 erms invpcid rtm rdseed adx smap xsaveopt
bugs		:
bogomips	: 5188.48
clflush size	: 64
cache_alignment	: 64
address sizes	: 39 bits physical, 48 bits virtual
power management:



Memory: 4k page, physical 16309452k(11503116k free), swap 16653308k(16584340k free)

vm_info: Java HotSpot(TM) 64-Bit Server VM (25.51-b03) for linux-amd64 JRE (1.8.0_51-b16), built on Jun  8 2015 19:28:07 by "java_re" with gcc 4.3.0 20080428 (Red Hat 4.3.0-8)

time: Sat Oct 10 15:38:32 2015
elapsed time: 5 seconds (0d 0h 0m 5s)

