#
# A fatal error has been detected by the Java Runtime Environment:
#
#  SIGSEGV (0xb) at pc=0x00007fc9bcda9998, pid=5123, tid=140504693741312
#
# JRE version: Java(TM) SE Runtime Environment (8.0_51-b16) (build 1.8.0_51-b16)
# Java VM: Java HotSpot(TM) 64-Bit Server VM (25.51-b03 mixed mode linux-amd64 compressed oops)
# Problematic frame:
# C  [i965_dri.so+0x3c9998]
#
# Failed to write core dump. Core dumps have been disabled. To enable core dumping, try "ulimit -c unlimited" before starting Java again
#
# If you would like to submit a bug report, please visit:
#   http://bugreport.java.com/bugreport/crash.jsp
# The crash happened outside the Java Virtual Machine in native code.
# See problematic frame for where to report the bug.
#

---------------  T H R E A D  ---------------

Current thread (0x00007fc9e86c3800):  JavaThread "main-Display-.x11_:0-1-EDT-1" daemon [_thread_in_native, id=5163, stack(0x00007fc9cc4c1000,0x00007fc9cc5c2000)]

siginfo: si_signo: 11 (SIGSEGV), si_code: 1 (SEGV_MAPERR), si_addr: 0x0000000100000000

Registers:
RAX=0x00007fc9bcda9990, RBX=0x00007fc978059c50, RCX=0x0000000000000000, RDX=0x0000000000000001
RSP=0x00007fc9cc5bf320, RBP=0x00007fc9700222c0, RSI=0x00007fc978059d30, RDI=0x0000000100000000
R8 =0x0000000000000000, R9 =0x00007fc9bfdb0fc0, R10=0x00007fc9d88cf407, R11=0x00000000d8e6e507
R12=0x00007fc97001fd70, R13=0x0000000000000000, R14=0x00007fc9700234b0, R15=0x0000000000000000
RIP=0x00007fc9bcda9998, EFLAGS=0x0000000000010202, CSGSFS=0x0000000000000033, ERR=0x0000000000000004
  TRAPNO=0x000000000000000e

Top of Stack: (sp=0x00007fc9cc5bf320)
0x00007fc9cc5bf320:   00007fc9cc5bf410 0000000000000000
0x00007fc9cc5bf330:   00007fc978059c50 00007fc9700222c0
0x00007fc9cc5bf340:   00007fc97001fd70 00007fc9bfdb104e
0x00007fc9cc5bf350:   00007fc9cc5bf388 00007fc9bfffe660
0x00007fc9cc5bf360:   00007fc970014d00 00007fc900000000
0x00007fc9cc5bf370:   0000000000000000 0000000000000000
0x00007fc9cc5bf380:   00007fc9cc5bf690 00007fc978059c50
0x00007fc9cc5bf390:   0000000006a00002 00000007c0122058
0x00007fc9cc5bf3a0:   00007fc9cc5bf410 0000000000000000
0x00007fc9cc5bf3b0:   00007fc9cc5bf6a8 00007fc9cc5bf450
0x00007fc9cc5bf3c0:   00007fc9e86c3800 00007fc9be4c3ba7
0x00007fc9cc5bf3d0:   00007fc9901b34f0 00007fc9bfd8aab0
0x00007fc9cc5bf3e0:   0000000006a00002 00007fc970014d00
0x00007fc9cc5bf3f0:   00007fc9cc5bf450 00007fc9e86c39f8
0x00007fc9cc5bf400:   00007fc9cc1f7098 00007fc9bfd8aab0
0x00007fc9cc5bf410:   00007fc9cc5bf460 00007fc9d88cf47d
0x00007fc9cc5bf420:   fffffffe00000000 0000000000000000
0x00007fc9cc5bf430:   0000000000000000 00007fc9901b38c8
0x00007fc9cc5bf440:   00000000000003d8 00007fc9e8665f20
0x00007fc9cc5bf450:   00000006c779fa38 00000007c0169668
0x00007fc9cc5bf460:   00007fc9cc5bf6f0 00007fc9d8fac6bc
0x00007fc9cc5bf470:   00007fc962f2ff40 00007fc9e86c3800
0x00007fc9cc5bf480:   fffffffe00000000 0000000000000000
0x00007fc9cc5bf490:   0000000000000000 00007fc9901b38c8
0x00007fc9cc5bf4a0:   00007fc9cc5bf6a8 00007fc9d87e0f03
0x00007fc9cc5bf4b0:   00007fc9d87b85d0 0000000700000000
0x00007fc9cc5bf4c0:   00007fc9cc5bf6f0 00007fc9cc5bf6a8
0x00007fc9cc5bf4d0:   00007fc9cc5bf6a8 00007fc9d87e0f03
0x00007fc9cc5bf4e0:   00007fc9d87b85d0 00007fc900000000
0x00007fc9cc5bf4f0:   00007fc9cc5bf6f0 00007fc9cc5bf6a8
0x00007fc9cc5bf500:   00007fc9cc5bf6a8 00007fc9d87e0f03
0x00007fc9cc5bf510:   00007fc9d87b85d0 00007fc900000000 

Instructions: (pc=0x00007fc9bcda9998)
0x00007fc9bcda9978:   0f 1f 84 00 00 00 00 00 48 83 c4 10 5b 5d 41 5c
0x00007fc9bcda9988:   c3 0f 1f 80 00 00 00 00 41 54 55 53 48 83 ec 10
0x00007fc9bcda9998:   48 8b 1f 48 85 db 74 3d f6 83 48 05 00 00 01 49
0x00007fc9bcda99a8:   89 f4 89 cd 75 72 83 e2 01 75 5d 83 e5 fd 74 38 

Register to memory mapping:

RAX=0x00007fc9bcda9990: <offset 0x3c9990> in /usr/lib/x86_64-linux-gnu/dri/i965_dri.so at 0x00007fc9bc9e0000
RBX=0x00007fc978059c50 is an unknown value
RCX=0x0000000000000000 is an unknown value
RDX=0x0000000000000001 is an unknown value
RSP=0x00007fc9cc5bf320 is pointing into the stack for thread: 0x00007fc9e86c3800
RBP=0x00007fc9700222c0 is an unknown value
RSI=0x00007fc978059d30 is an unknown value
RDI=0x0000000100000000 is an unknown value
R8 =0x0000000000000000 is an unknown value
R9 =0x00007fc9bfdb0fc0: <offset 0x42fc0> in /usr/lib/x86_64-linux-gnu/mesa/libGL.so.1 at 0x00007fc9bfd6e000
R10=0x00007fc9d88cf407 is at entry_point+71 in (nmethod*)0x00007fc9d88cf250
R11=0x00000000d8e6e507 is an unknown value
R12=0x00007fc97001fd70 is an unknown value
R13=0x0000000000000000 is an unknown value
R14=0x00007fc9700234b0 is an unknown value
R15=0x0000000000000000 is an unknown value


Stack: [0x00007fc9cc4c1000,0x00007fc9cc5c2000],  sp=0x00007fc9cc5bf320,  free space=1016k
Native frames: (J=compiled Java code, j=interpreted, Vv=VM code, C=native code)
C  [i965_dri.so+0x3c9998]

Java frames: (J=compiled Java code, j=interpreted, Vv=VM code)
J 2094  jogamp.opengl.x11.glx.GLX.dispatch_glXSwapBuffers0(JJJ)V (0 bytes) @ 0x00007fc9d88cf407 [0x00007fc9d88cf3c0+0x47]
J 2055 C1 jogamp.opengl.x11.glx.GLX.glXSwapBuffers(JJ)V (45 bytes) @ 0x00007fc9d8fac6bc [0x00007fc9d8fabca0+0xa1c]
J 2054 C1 jogamp.opengl.x11.glx.X11GLXDrawable.swapBuffersImpl(Z)V (21 bytes) @ 0x00007fc9d8fab80c [0x00007fc9d8fab560+0x2ac]
J 2053 C1 jogamp.opengl.GLDrawableImpl.swapBuffers()V (138 bytes) @ 0x00007fc9d8faa0f4 [0x00007fc9d8fa9a20+0x6d4]
j  jogamp.opengl.GLAutoDrawableBase.defaultSwapBuffers()V+23
j  com.jogamp.newt.opengl.GLWindow.swapBuffers()V+1
j  processing.opengl.PJOGL.swapBuffers()V+15
j  processing.opengl.PGraphicsOpenGL.dispose()V+15
j  processing.core.PApplet.dispose()V+28
j  processing.opengl.PSurfaceJOGL$NEWTWindowListener.windowDestroyNotify(Lcom/jogamp/newt/event/WindowEvent;)V+7
j  jogamp.newt.WindowImpl.consumeWindowEvent(Lcom/jogamp/newt/event/WindowEvent;)V+254
j  jogamp.newt.WindowImpl.sendWindowEvent(I)V+14
j  jogamp.newt.WindowImpl$1.run()V+143
j  jogamp.newt.DisplayImpl.runOnEDTIfAvail(ZLjava/lang/Runnable;)V+172
j  jogamp.newt.WindowImpl.runOnEDTIfAvail(ZLjava/lang/Runnable;)V+36
j  jogamp.newt.WindowImpl.destroy()V+11
j  com.jogamp.newt.opengl.GLWindow.destroy()V+4
j  jogamp.opengl.GLAutoDrawableBase.destroyAvoidAwareOfLocking()V+31
j  jogamp.opengl.GLAutoDrawableBase.defaultWindowDestroyNotifyOp()V+43
j  com.jogamp.newt.opengl.GLWindow.access$000(Lcom/jogamp/newt/opengl/GLWindow;)V+1
j  com.jogamp.newt.opengl.GLWindow$1.run()V+4
j  jogamp.newt.WindowImpl.windowDestroyNotify(Z)Z+147
v  ~StubRoutines::call_stub
J 1646  jogamp.newt.driver.x11.DisplayDriver.DispatchMessages0(JJJII)V (0 bytes) @ 0x00007fc9d8e239ff [0x00007fc9d8e239c0+0x3f]
J 2136 C2 jogamp.newt.driver.x11.DisplayDriver.dispatchMessagesNative()V (66 bytes) @ 0x00007fc9d8aee5a4 [0x00007fc9d8aee440+0x164]
J 2146 C2 jogamp.newt.DisplayImpl$7.run()V (8 bytes) @ 0x00007fc9d88d2ca4 [0x00007fc9d88d2c40+0x64]
j  jogamp.newt.DefaultEDTUtil$NEDT.run()V+67
v  ~StubRoutines::call_stub

---------------  P R O C E S S  ---------------

Java Threads: ( => current thread )
  0x00007fc97813a800 JavaThread "Thread-5" [_thread_blocked, id=5180, stack(0x00007fc96271b000,0x00007fc96281c000)]
  0x00007fc97812f000 JavaThread "Java Sound Event Dispatcher" daemon [_thread_blocked, id=5178, stack(0x00007fc9b0086000,0x00007fc9b0187000)]
  0x00007fc9e800f800 JavaThread "DestroyJavaVM" [_thread_blocked, id=5125, stack(0x00007fc9ef25f000,0x00007fc9ef360000)]
  0x00007fc9e872e000 JavaThread "Thread-2" [_thread_blocked, id=5166, stack(0x00007fc9cce88000,0x00007fc9ccf89000)]
  0x00007fc9e8725800 JavaThread "main-SharedResourceRunner" daemon [_thread_blocked, id=5165, stack(0x00007fc9bd163000,0x00007fc9bd264000)]
  0x00007fc9e86fe800 JavaThread "main-SharedResourceRunner" daemon [_thread_blocked, id=5164, stack(0x00007fc9be32a000,0x00007fc9be42b000)]
=>0x00007fc9e86c3800 JavaThread "main-Display-.x11_:0-1-EDT-1" daemon [_thread_in_native, id=5163, stack(0x00007fc9cc4c1000,0x00007fc9cc5c2000)]
  0x00007fc9e82cb800 JavaThread "AWT-XAWT" daemon [_thread_in_native, id=5152, stack(0x00007fc9ce255000,0x00007fc9ce356000)]
  0x00007fc9e82ab800 JavaThread "Java2D Disposer" daemon [_thread_blocked, id=5151, stack(0x00007fc9d401e000,0x00007fc9d411f000)]
  0x00007fc9e80d8800 JavaThread "Service Thread" daemon [_thread_blocked, id=5149, stack(0x00007fc9d44f2000,0x00007fc9d45f3000)]
  0x00007fc9e80d3800 JavaThread "C1 CompilerThread2" daemon [_thread_blocked, id=5148, stack(0x00007fc9d45f3000,0x00007fc9d46f4000)]
  0x00007fc9e80d1800 JavaThread "C2 CompilerThread1" daemon [_thread_blocked, id=5147, stack(0x00007fc9d46f4000,0x00007fc9d47f5000)]
  0x00007fc9e80ce800 JavaThread "C2 CompilerThread0" daemon [_thread_blocked, id=5146, stack(0x00007fc9d47f5000,0x00007fc9d48f6000)]
  0x00007fc99c001000 JavaThread "JDWP Command Reader" daemon [_thread_in_native, id=5140, stack(0x00007fc9d48f6000,0x00007fc9d49f7000)]
  0x00007fc9e80cc800 JavaThread "JDWP Event Helper Thread" daemon [_thread_blocked, id=5136, stack(0x00007fc9d49f7000,0x00007fc9d4af8000)]
  0x00007fc9e80c9000 JavaThread "JDWP Transport Listener: dt_socket" daemon [_thread_blocked, id=5135, stack(0x00007fc9d4af8000,0x00007fc9d4bf9000)]
  0x00007fc9e80bb800 JavaThread "Signal Dispatcher" daemon [_thread_blocked, id=5134, stack(0x00007fc9d4dfd000,0x00007fc9d4efe000)]
  0x00007fc9e8084800 JavaThread "Finalizer" daemon [_thread_blocked, id=5132, stack(0x00007fc9d4efe000,0x00007fc9d4fff000)]
  0x00007fc9e8082800 JavaThread "Reference Handler" daemon [_thread_blocked, id=5131, stack(0x00007fc9d4fff000,0x00007fc9d5100000)]

Other Threads:
  0x00007fc9e807d000 VMThread [stack: 0x00007fc9d5100000,0x00007fc9d5201000] [id=5130]
  0x00007fc9e80db000 WatcherThread [stack: 0x00007fc9d43f1000,0x00007fc9d44f2000] [id=5150]

VM state:not at safepoint (normal execution)

VM Mutex/Monitor currently owned by a thread: None

Heap:
 PSYoungGen      total 106496K, used 106078K [0x000000076d100000, 0x00000007b7b80000, 0x00000007c0000000)
  eden space 105984K, 99% used [0x000000076d100000,0x0000000773877a20,0x0000000773880000)
  from space 512K, 25% used [0x00000007b7a80000,0x00000007b7aa0000,0x00000007b7b00000)
  to   space 512K, 0% used [0x00000007b7b00000,0x00000007b7b00000,0x00000007b7b80000)
 ParOldGen       total 171008K, used 9070K [0x00000006c7200000, 0x00000006d1900000, 0x000000076d100000)
  object space 171008K, 5% used [0x00000006c7200000,0x00000006c7adb968,0x00000006d1900000)
 Metaspace       used 17622K, capacity 17794K, committed 18048K, reserved 1064960K
  class space    used 1571K, capacity 1662K, committed 1664K, reserved 1048576K

Card table byte_map: [0x00007fc9d7c2b000,0x00007fc9d83f3000] byte_map_base: 0x00007fc9d45f2000

Marking Bits: (ParMarkBitMap*) 0x00007fc9ee73d660
 Begin Bits: [0x00007fc9b0390000, 0x00007fc9b41c8000)
 End Bits:   [0x00007fc9b41c8000, 0x00007fc9b8000000)

Polling page: 0x00007fc9ef384000

CodeCache: size=245760Kb used=6930Kb max_used=8285Kb free=238829Kb
 bounds [0x00007fc9d87b3000, 0x00007fc9d9003000, 0x00007fc9e77b3000]
 total_blobs=2696 nmethods=1740 adapters=878
 compilation: enabled

Compilation events (10 events):
Event: 318.298 Thread 0x00007fc9e80ce800 2229   !   4       com.jogamp.opengl.util.FPSAnimator$MainTask::run (805 bytes)
Event: 318.347 Thread 0x00007fc9e80ce800 nmethod 2229 0x00007fc9d8b9ffd0 code [0x00007fc9d8ba0260, 0x00007fc9d8ba18a0]
Event: 318.486 Thread 0x00007fc9e80d1800 2230       4       jogamp.opengl.GLAutoDrawableBase$2::run (73 bytes)
Event: 318.490 Thread 0x00007fc9e80ce800 2231   !   4       jogamp.opengl.GLDrawableHelper::displayImpl (105 bytes)
Event: 319.012 Thread 0x00007fc9e80ce800 nmethod 2231 0x00007fc9d8e0e410 code [0x00007fc9d8e0eb40, 0x00007fc9d8e170d8]
Event: 319.013 Thread 0x00007fc9e80ce800 2232       4       processing.core.PApplet::handleDraw (252 bytes)
Event: 319.177 Thread 0x00007fc9e80d1800 nmethod 2230 0x00007fc9d8feb410 code [0x00007fc9d8febb80, 0x00007fc9d8ff4128]
Event: 319.260 Thread 0x00007fc9e80ce800 nmethod 2232 0x00007fc9d8df4250 code [0x00007fc9d8df47c0, 0x00007fc9d8df8498]
Event: 326.529 Thread 0x00007fc9e80d1800 2233       4       processing.opengl.PGL::beginRender (400 bytes)
Event: 326.532 Thread 0x00007fc9e80d1800 nmethod 2233 0x00007fc9d8f86d10 code [0x00007fc9d8f86e60, 0x00007fc9d8f86f78]

GC Heap History (10 events):
Event: 349.900 GC heap before
{Heap before GC invocations=1369 (full 0):
 PSYoungGen      total 123392K, used 122976K [0x000000076d100000, 0x00000007b7b80000, 0x00000007c0000000)
  eden space 122880K, 100% used [0x000000076d100000,0x0000000774900000,0x0000000774900000)
  from space 512K, 18% used [0x00000007b7b00000,0x00000007b7b18000,0x00000007b7b80000)
  to   space 512K, 0% used [0x00000007b7a80000,0x00000007b7a80000,0x00000007b7b00000)
 ParOldGen       total 171008K, used 9070K [0x00000006c7200000, 0x00000006d1900000, 0x000000076d100000)
  object space 171008K, 5% used [0x00000006c7200000,0x00000006c7adb968,0x00000006d1900000)
 Metaspace       used 17621K, capacity 17794K, committed 18048K, reserved 1064960K
  class space    used 1571K, capacity 1662K, committed 1664K, reserved 1048576K
Event: 349.902 GC heap after
Heap after GC invocations=1369 (full 0):
 PSYoungGen      total 119808K, used 96K [0x000000076d100000, 0x00000007b7b80000, 0x00000007c0000000)
  eden space 119296K, 0% used [0x000000076d100000,0x000000076d100000,0x0000000774580000)
  from space 512K, 18% used [0x00000007b7a80000,0x00000007b7a98000,0x00000007b7b00000)
  to   space 512K, 0% used [0x00000007b7b00000,0x00000007b7b00000,0x00000007b7b80000)
 ParOldGen       total 171008K, used 9070K [0x00000006c7200000, 0x00000006d1900000, 0x000000076d100000)
  object space 171008K, 5% used [0x00000006c7200000,0x00000006c7adb968,0x00000006d1900000)
 Metaspace       used 17621K, capacity 17794K, committed 18048K, reserved 1064960K
  class space    used 1571K, capacity 1662K, committed 1664K, reserved 1048576K
}
Event: 350.220 GC heap before
{Heap before GC invocations=1370 (full 0):
 PSYoungGen      total 119808K, used 119392K [0x000000076d100000, 0x00000007b7b80000, 0x00000007c0000000)
  eden space 119296K, 100% used [0x000000076d100000,0x0000000774580000,0x0000000774580000)
  from space 512K, 18% used [0x00000007b7a80000,0x00000007b7a98000,0x00000007b7b00000)
  to   space 512K, 0% used [0x00000007b7b00000,0x00000007b7b00000,0x00000007b7b80000)
 ParOldGen       total 171008K, used 9070K [0x00000006c7200000, 0x00000006d1900000, 0x000000076d100000)
  object space 171008K, 5% used [0x00000006c7200000,0x00000006c7adb968,0x00000006d1900000)
 Metaspace       used 17621K, capacity 17794K, committed 18048K, reserved 1064960K
  class space    used 1571K, capacity 1662K, committed 1664K, reserved 1048576K
Event: 350.222 GC heap after
Heap after GC invocations=1370 (full 0):
 PSYoungGen      total 116224K, used 64K [0x000000076d100000, 0x00000007b7b80000, 0x00000007c0000000)
  eden space 115712K, 0% used [0x000000076d100000,0x000000076d100000,0x0000000774200000)
  from space 512K, 12% used [0x00000007b7b00000,0x00000007b7b10000,0x00000007b7b80000)
  to   space 512K, 0% used [0x00000007b7a80000,0x00000007b7a80000,0x00000007b7b00000)
 ParOldGen       total 171008K, used 9070K [0x00000006c7200000, 0x00000006d1900000, 0x000000076d100000)
  object space 171008K, 5% used [0x00000006c7200000,0x00000006c7adb968,0x00000006d1900000)
 Metaspace       used 17621K, capacity 17794K, committed 18048K, reserved 1064960K
  class space    used 1571K, capacity 1662K, committed 1664K, reserved 1048576K
}
Event: 350.480 GC heap before
{Heap before GC invocations=1371 (full 0):
 PSYoungGen      total 116224K, used 115776K [0x000000076d100000, 0x00000007b7b80000, 0x00000007c0000000)
  eden space 115712K, 100% used [0x000000076d100000,0x0000000774200000,0x0000000774200000)
  from space 512K, 12% used [0x00000007b7b00000,0x00000007b7b10000,0x00000007b7b80000)
  to   space 512K, 0% used [0x00000007b7a80000,0x00000007b7a80000,0x00000007b7b00000)
 ParOldGen       total 171008K, used 9070K [0x00000006c7200000, 0x00000006d1900000, 0x000000076d100000)
  object space 171008K, 5% used [0x00000006c7200000,0x00000006c7adb968,0x00000006d1900000)
 Metaspace       used 17621K, capacity 17794K, committed 18048K, reserved 1064960K
  class space    used 1571K, capacity 1662K, committed 1664K, reserved 1048576K
Event: 350.482 GC heap after
Heap after GC invocations=1371 (full 0):
 PSYoungGen      total 112640K, used 96K [0x000000076d100000, 0x00000007b7b80000, 0x00000007c0000000)
  eden space 112128K, 0% used [0x000000076d100000,0x000000076d100000,0x0000000773e80000)
  from space 512K, 18% used [0x00000007b7a80000,0x00000007b7a98000,0x00000007b7b00000)
  to   space 512K, 0% used [0x00000007b7b00000,0x00000007b7b00000,0x00000007b7b80000)
 ParOldGen       total 171008K, used 9070K [0x00000006c7200000, 0x00000006d1900000, 0x000000076d100000)
  object space 171008K, 5% used [0x00000006c7200000,0x00000006c7adb968,0x00000006d1900000)
 Metaspace       used 17621K, capacity 17794K, committed 18048K, reserved 1064960K
  class space    used 1571K, capacity 1662K, committed 1664K, reserved 1048576K
}
Event: 350.743 GC heap before
{Heap before GC invocations=1372 (full 0):
 PSYoungGen      total 112640K, used 112224K [0x000000076d100000, 0x00000007b7b80000, 0x00000007c0000000)
  eden space 112128K, 100% used [0x000000076d100000,0x0000000773e80000,0x0000000773e80000)
  from space 512K, 18% used [0x00000007b7a80000,0x00000007b7a98000,0x00000007b7b00000)
  to   space 512K, 0% used [0x00000007b7b00000,0x00000007b7b00000,0x00000007b7b80000)
 ParOldGen       total 171008K, used 9070K [0x00000006c7200000, 0x00000006d1900000, 0x000000076d100000)
  object space 171008K, 5% used [0x00000006c7200000,0x00000006c7adb968,0x00000006d1900000)
 Metaspace       used 17621K, capacity 17794K, committed 18048K, reserved 1064960K
  class space    used 1571K, capacity 1662K, committed 1664K, reserved 1048576K
Event: 350.745 GC heap after
Heap after GC invocations=1372 (full 0):
 PSYoungGen      total 109568K, used 96K [0x000000076d100000, 0x00000007b7b80000, 0x00000007c0000000)
  eden space 109056K, 0% used [0x000000076d100000,0x000000076d100000,0x0000000773b80000)
  from space 512K, 18% used [0x00000007b7b00000,0x00000007b7b18000,0x00000007b7b80000)
  to   space 512K, 0% used [0x00000007b7a80000,0x00000007b7a80000,0x00000007b7b00000)
 ParOldGen       total 171008K, used 9070K [0x00000006c7200000, 0x00000006d1900000, 0x000000076d100000)
  object space 171008K, 5% used [0x00000006c7200000,0x00000006c7adb968,0x00000006d1900000)
 Metaspace       used 17621K, capacity 17794K, committed 18048K, reserved 1064960K
  class space    used 1571K, capacity 1662K, committed 1664K, reserved 1048576K
}
Event: 350.985 GC heap before
{Heap before GC invocations=1373 (full 0):
 PSYoungGen      total 109568K, used 109152K [0x000000076d100000, 0x00000007b7b80000, 0x00000007c0000000)
  eden space 109056K, 100% used [0x000000076d100000,0x0000000773b80000,0x0000000773b80000)
  from space 512K, 18% used [0x00000007b7b00000,0x00000007b7b18000,0x00000007b7b80000)
  to   space 512K, 0% used [0x00000007b7a80000,0x00000007b7a80000,0x00000007b7b00000)
 ParOldGen       total 171008K, used 9070K [0x00000006c7200000, 0x00000006d1900000, 0x000000076d100000)
  object space 171008K, 5% used [0x00000006c7200000,0x00000006c7adb968,0x00000006d1900000)
 Metaspace       used 17621K, capacity 17794K, committed 18048K, reserved 1064960K
  class space    used 1571K, capacity 1662K, committed 1664K, reserved 1048576K
Event: 350.986 GC heap after
Heap after GC invocations=1373 (full 0):
 PSYoungGen      total 106496K, used 128K [0x000000076d100000, 0x00000007b7b80000, 0x00000007c0000000)
  eden space 105984K, 0% used [0x000000076d100000,0x000000076d100000,0x0000000773880000)
  from space 512K, 25% used [0x00000007b7a80000,0x00000007b7aa0000,0x00000007b7b00000)
  to   space 512K, 0% used [0x00000007b7b00000,0x00000007b7b00000,0x00000007b7b80000)
 ParOldGen       total 171008K, used 9070K [0x00000006c7200000, 0x00000006d1900000, 0x000000076d100000)
  object space 171008K, 5% used [0x00000006c7200000,0x00000006c7adb968,0x00000006d1900000)
 Metaspace       used 17621K, capacity 17794K, committed 18048K, reserved 1064960K
  class space    used 1571K, capacity 1662K, committed 1664K, reserved 1048576K
}

Deoptimization events (10 events):
Event: 350.759 Thread 0x00007fc9e8730000 Uncommon trap: reason=unhandled action=none pc=0x00007fc9d8d25e4c method=jogamp.opengl.gl4.GL4bcImpl.getGL2()Lcom/jogamp/opengl/GL2; @ 17
Event: 350.816 Thread 0x00007fc9e8730000 Uncommon trap: reason=unhandled action=none pc=0x00007fc9d8d25e4c method=jogamp.opengl.gl4.GL4bcImpl.getGL2()Lcom/jogamp/opengl/GL2; @ 17
Event: 350.880 Thread 0x00007fc9e8730000 Uncommon trap: reason=unhandled action=none pc=0x00007fc9d8d25e4c method=jogamp.opengl.gl4.GL4bcImpl.getGL2()Lcom/jogamp/opengl/GL2; @ 17
Event: 350.937 Thread 0x00007fc9e8730000 Uncommon trap: reason=unhandled action=none pc=0x00007fc9d8d25e4c method=jogamp.opengl.gl4.GL4bcImpl.getGL2()Lcom/jogamp/opengl/GL2; @ 17
Event: 350.988 Thread 0x00007fc9e8730000 Uncommon trap: reason=unhandled action=none pc=0x00007fc9d8d25e4c method=jogamp.opengl.gl4.GL4bcImpl.getGL2()Lcom/jogamp/opengl/GL2; @ 17
Event: 351.044 Thread 0x00007fc9e8730000 Uncommon trap: reason=unhandled action=none pc=0x00007fc9d8d25e4c method=jogamp.opengl.gl4.GL4bcImpl.getGL2()Lcom/jogamp/opengl/GL2; @ 17
Event: 351.103 Thread 0x00007fc9e8730000 Uncommon trap: reason=unhandled action=none pc=0x00007fc9d8d25e4c method=jogamp.opengl.gl4.GL4bcImpl.getGL2()Lcom/jogamp/opengl/GL2; @ 17
Event: 351.162 Thread 0x00007fc9e8730000 Uncommon trap: reason=unhandled action=none pc=0x00007fc9d8d25e4c method=jogamp.opengl.gl4.GL4bcImpl.getGL2()Lcom/jogamp/opengl/GL2; @ 17
Event: 351.224 Thread 0x00007fc9e8730000 Uncommon trap: reason=unstable_if action=reinterpret pc=0x00007fc9d8ba0fd0 method=com.jogamp.opengl.util.FPSAnimator$MainTask.run()V @ 199
Event: 351.224 Thread 0x00007fc9e8730000 Uncommon trap: reason=unstable_if action=reinterpret pc=0x00007fc9d8af6474 method=java.util.TaskQueue.isEmpty()Z @ 4

Internal exceptions (10 events):
Event: 0.980 Thread 0x00007fc9e800f800 Exception <a 'java/security/PrivilegedActionException'> (0x000000076d66e380) thrown at [/HUDSON/workspace/8-2-build-linux-amd64/jdk8u51/3951/hotspot/src/share/vm/prims/jvm.cpp, line 1382]
Event: 0.980 Thread 0x00007fc9e800f800 Exception <a 'java/security/PrivilegedActionException'> (0x000000076d66e538) thrown at [/HUDSON/workspace/8-2-build-linux-amd64/jdk8u51/3951/hotspot/src/share/vm/prims/jvm.cpp, line 1382]
Event: 0.981 Thread 0x00007fc9e800f800 Exception <a 'java/security/PrivilegedActionException'> (0x000000076d6707f0) thrown at [/HUDSON/workspace/8-2-build-linux-amd64/jdk8u51/3951/hotspot/src/share/vm/prims/jvm.cpp, line 1382]
Event: 0.981 Thread 0x00007fc9e800f800 Exception <a 'java/security/PrivilegedActionException'> (0x000000076d6709a8) thrown at [/HUDSON/workspace/8-2-build-linux-amd64/jdk8u51/3951/hotspot/src/share/vm/prims/jvm.cpp, line 1382]
Event: 0.988 Thread 0x00007fc9e800f800 Exception <a 'java/io/FileNotFoundException'> (0x000000076d67a700) thrown at [/HUDSON/workspace/8-2-build-linux-amd64/jdk8u51/3951/hotspot/src/share/vm/prims/jni.cpp, line 709]
Event: 0.988 Thread 0x00007fc9e800f800 Exception <a 'java/io/FileNotFoundException'> (0x000000076d67b088) thrown at [/HUDSON/workspace/8-2-build-linux-amd64/jdk8u51/3951/hotspot/src/share/vm/prims/jni.cpp, line 709]
Event: 1.090 Thread 0x00007fc9e800f800 Exception <a 'java/lang/NoSuchFieldError': method resolution failed> (0x000000076d780fe8) thrown at [/HUDSON/workspace/8-2-build-linux-amd64/jdk8u51/3951/hotspot/src/share/vm/prims/methodHandles.cpp, line 1125]
Event: 1.092 Thread 0x00007fc9e800f800 Exception <a 'java/lang/NoSuchFieldError': method resolution failed> (0x000000076d78f9a8) thrown at [/HUDSON/workspace/8-2-build-linux-amd64/jdk8u51/3951/hotspot/src/share/vm/prims/methodHandles.cpp, line 1125]
Event: 2.357 Thread 0x00007fc9e800f800 Exception <a 'java/lang/InterruptedException'> (0x000000076f292b00) thrown at [/HUDSON/workspace/8-2-build-linux-amd64/jdk8u51/3951/hotspot/src/share/vm/runtime/objectMonitor.cpp, line 1683]
Event: 2.579 Thread 0x00007fc9e800f800 Exception <a 'java/lang/InterruptedException'> (0x000000076f29dfa0) thrown at [/HUDSON/workspace/8-2-build-linux-amd64/jdk8u51/3951/hotspot/src/share/vm/runtime/objectMonitor.cpp, line 1683]

Events (10 events):
Event: 351.103 Thread 0x00007fc9e8730000 DEOPT UNPACKING pc=0x00007fc9d87b8229 sp=0x00007fc9cd8b4458 mode 2
Event: 351.162 Thread 0x00007fc9e8730000 Uncommon trap: trap_request=0xffffffa7 fr.pc=0x00007fc9d8d25e4c
Event: 351.162 Thread 0x00007fc9e8730000 DEOPT PACKING pc=0x00007fc9d8d25e4c sp=0x00007fc9cd8b44d0
Event: 351.162 Thread 0x00007fc9e8730000 DEOPT UNPACKING pc=0x00007fc9d87b8229 sp=0x00007fc9cd8b4458 mode 2
Event: 351.224 Thread 0x00007fc9e8730000 Uncommon trap: trap_request=0xffffff65 fr.pc=0x00007fc9d8ba0fd0
Event: 351.224 Thread 0x00007fc9e8730000 DEOPT PACKING pc=0x00007fc9d8ba0fd0 sp=0x00007fc9cd8b47b0
Event: 351.224 Thread 0x00007fc9e8730000 DEOPT UNPACKING pc=0x00007fc9d87b8229 sp=0x00007fc9cd8b47c0 mode 2
Event: 351.224 Thread 0x00007fc9e8730000 Uncommon trap: trap_request=0xffffff65 fr.pc=0x00007fc9d8af6474
Event: 351.224 Thread 0x00007fc9e8730000 DEOPT PACKING pc=0x00007fc9d8af6474 sp=0x00007fc9cd8b4820
Event: 351.224 Thread 0x00007fc9e8730000 DEOPT UNPACKING pc=0x00007fc9d87b8229 sp=0x00007fc9cd8b47e8 mode 2


Dynamic libraries:
00400000-00401000 r-xp 00000000 08:02 6695910                            /usr/bin/processing-3.0/java/bin/java
00600000-00601000 rw-p 00000000 08:02 6695910                            /usr/bin/processing-3.0/java/bin/java
00b72000-00b93000 rw-p 00000000 00:00 0                                  [heap]
6c7200000-6d1900000 rw-p 00000000 00:00 0 
6d1900000-76d100000 ---p 00000000 00:00 0 
76d100000-7b7b80000 rw-p 00000000 00:00 0 
7b7b80000-7c0000000 ---p 00000000 00:00 0 
7c0000000-7c01a0000 rw-p 00000000 00:00 0 
7c01a0000-800000000 ---p 00000000 00:00 0 
7fc950000000-7fc950021000 rw-p 00000000 00:00 0 
7fc950021000-7fc954000000 ---p 00000000 00:00 0 
7fc954000000-7fc95428e000 rw-p 00000000 00:00 0 
7fc95428e000-7fc958000000 ---p 00000000 00:00 0 
7fc958000000-7fc958021000 rw-p 00000000 00:00 0 
7fc958021000-7fc95c000000 ---p 00000000 00:00 0 
7fc95c18d000-7fc95c18e000 ---p 00000000 00:00 0 
7fc95c18e000-7fc95c98e000 rw-p 00000000 00:00 0                          [stack:5179]
7fc95c98e000-7fc96098f000 rw-s 00000000 00:16 85513                      /run/shm/pulse-shm-1238779850
7fc96098f000-7fc960995000 r-xp 00000000 08:02 6947199                    /usr/lib/x86_64-linux-gnu/alsa-lib/libasound_module_pcm_pulse.so
7fc960995000-7fc960b94000 ---p 00006000 08:02 6947199                    /usr/lib/x86_64-linux-gnu/alsa-lib/libasound_module_pcm_pulse.so
7fc960b94000-7fc960b95000 r--p 00005000 08:02 6947199                    /usr/lib/x86_64-linux-gnu/alsa-lib/libasound_module_pcm_pulse.so
7fc960b95000-7fc960b96000 rw-p 00006000 08:02 6947199                    /usr/lib/x86_64-linux-gnu/alsa-lib/libasound_module_pcm_pulse.so
7fc960b96000-7fc960bad000 r-xp 00000000 08:02 13635816                   /lib/x86_64-linux-gnu/libresolv-2.19.so
7fc960bad000-7fc960dad000 ---p 00017000 08:02 13635816                   /lib/x86_64-linux-gnu/libresolv-2.19.so
7fc960dad000-7fc960dae000 r--p 00017000 08:02 13635816                   /lib/x86_64-linux-gnu/libresolv-2.19.so
7fc960dae000-7fc960daf000 rw-p 00018000 08:02 13635816                   /lib/x86_64-linux-gnu/libresolv-2.19.so
7fc960daf000-7fc960db1000 rw-p 00000000 00:00 0 
7fc960db1000-7fc960db8000 r-xp 00000000 08:02 6562227                    /usr/lib/x86_64-linux-gnu/libogg.so.0.8.1
7fc960db8000-7fc960fb8000 ---p 00007000 08:02 6562227                    /usr/lib/x86_64-linux-gnu/libogg.so.0.8.1
7fc960fb8000-7fc960fb9000 r--p 00007000 08:02 6562227                    /usr/lib/x86_64-linux-gnu/libogg.so.0.8.1
7fc960fb9000-7fc960fba000 rw-p 00008000 08:02 6562227                    /usr/lib/x86_64-linux-gnu/libogg.so.0.8.1
7fc960fba000-7fc960fe6000 r-xp 00000000 08:02 6562501                    /usr/lib/x86_64-linux-gnu/libvorbis.so.0.4.5
7fc960fe6000-7fc9611e5000 ---p 0002c000 08:02 6562501                    /usr/lib/x86_64-linux-gnu/libvorbis.so.0.4.5
7fc9611e5000-7fc9611e6000 r--p 0002b000 08:02 6562501                    /usr/lib/x86_64-linux-gnu/libvorbis.so.0.4.5
7fc9611e6000-7fc9611e7000 rw-p 0002c000 08:02 6562501                    /usr/lib/x86_64-linux-gnu/libvorbis.so.0.4.5
7fc9611e7000-7fc96149a000 r-xp 00000000 08:02 6562503                    /usr/lib/x86_64-linux-gnu/libvorbisenc.so.2.0.8
7fc96149a000-7fc961699000 ---p 002b3000 08:02 6562503                    /usr/lib/x86_64-linux-gnu/libvorbisenc.so.2.0.8
7fc961699000-7fc9616b5000 r--p 002b2000 08:02 6562503                    /usr/lib/x86_64-linux-gnu/libvorbisenc.so.2.0.8
7fc9616b5000-7fc9616b6000 rw-p 002ce000 08:02 6562503                    /usr/lib/x86_64-linux-gnu/libvorbisenc.so.2.0.8
7fc9616b6000-7fc9616e6000 r-xp 00000000 08:02 6561366                    /usr/lib/x86_64-linux-gnu/libFLAC.so.8.3.0
7fc9616e6000-7fc9618e5000 ---p 00030000 08:02 6561366                    /usr/lib/x86_64-linux-gnu/libFLAC.so.8.3.0
7fc9618e5000-7fc9618e6000 r--p 0002f000 08:02 6561366                    /usr/lib/x86_64-linux-gnu/libFLAC.so.8.3.0
7fc9618e6000-7fc9618e7000 rw-p 00030000 08:02 6561366                    /usr/lib/x86_64-linux-gnu/libFLAC.so.8.3.0
7fc9618e7000-7fc9618ec000 r-xp 00000000 08:02 6561598                    /usr/lib/x86_64-linux-gnu/libasyncns.so.0.3.1
7fc9618ec000-7fc961aeb000 ---p 00005000 08:02 6561598                    /usr/lib/x86_64-linux-gnu/libasyncns.so.0.3.1
7fc961aeb000-7fc961aec000 r--p 00004000 08:02 6561598                    /usr/lib/x86_64-linux-gnu/libasyncns.so.0.3.1
7fc961aec000-7fc961aed000 rw-p 00005000 08:02 6561598                    /usr/lib/x86_64-linux-gnu/libasyncns.so.0.3.1
7fc961aed000-7fc961b4e000 r-xp 00000000 08:02 6562384                    /usr/lib/x86_64-linux-gnu/libsndfile.so.1.0.25
7fc961b4e000-7fc961d4e000 ---p 00061000 08:02 6562384                    /usr/lib/x86_64-linux-gnu/libsndfile.so.1.0.25
7fc961d4e000-7fc961d50000 r--p 00061000 08:02 6562384                    /usr/lib/x86_64-linux-gnu/libsndfile.so.1.0.25
7fc961d50000-7fc961d51000 rw-p 00063000 08:02 6562384                    /usr/lib/x86_64-linux-gnu/libsndfile.so.1.0.25
7fc961d51000-7fc961d55000 rw-p 00000000 00:00 0 
7fc961d55000-7fc961d5d000 r-xp 00000000 08:02 13635850                   /lib/x86_64-linux-gnu/libwrap.so.0.7.6
7fc961d5d000-7fc961f5c000 ---p 00008000 08:02 13635850                   /lib/x86_64-linux-gnu/libwrap.so.0.7.6
7fc961f5c000-7fc961f5d000 r--p 00007000 08:02 13635850                   /lib/x86_64-linux-gnu/libwrap.so.0.7.6
7fc961f5d000-7fc961f5e000 rw-p 00008000 08:02 13635850                   /lib/x86_64-linux-gnu/libwrap.so.0.7.6
7fc961f5e000-7fc961f5f000 rw-p 00000000 00:00 0 
7fc961f5f000-7fc961fc5000 r-xp 00000000 08:02 6948471                    /usr/lib/x86_64-linux-gnu/pulseaudio/libpulsecommon-4.0.so
7fc961fc5000-7fc9621c4000 ---p 00066000 08:02 6948471                    /usr/lib/x86_64-linux-gnu/pulseaudio/libpulsecommon-4.0.so
7fc9621c4000-7fc9621c5000 r--p 00065000 08:02 6948471                    /usr/lib/x86_64-linux-gnu/pulseaudio/libpulsecommon-4.0.so
7fc9621c5000-7fc9621c6000 rw-p 00066000 08:02 6948471                    /usr/lib/x86_64-linux-gnu/pulseaudio/libpulsecommon-4.0.so
7fc9621c6000-7fc9621d0000 r-xp 00000000 08:02 13635730                   /lib/x86_64-linux-gnu/libjson-c.so.2.0.0
7fc9621d0000-7fc9623cf000 ---p 0000a000 08:02 13635730                   /lib/x86_64-linux-gnu/libjson-c.so.2.0.0
7fc9623cf000-7fc9623d0000 r--p 00009000 08:02 13635730                   /lib/x86_64-linux-gnu/libjson-c.so.2.0.0
7fc9623d0000-7fc9623d1000 rw-p 0000a000 08:02 13635730                   /lib/x86_64-linux-gnu/libjson-c.so.2.0.0
7fc9623d1000-7fc962418000 r-xp 00000000 08:02 6562296                    /usr/lib/x86_64-linux-gnu/libpulse.so.0.16.2
7fc962418000-7fc962618000 ---p 00047000 08:02 6562296                    /usr/lib/x86_64-linux-gnu/libpulse.so.0.16.2
7fc962618000-7fc962619000 r--p 00047000 08:02 6562296                    /usr/lib/x86_64-linux-gnu/libpulse.so.0.16.2
7fc962619000-7fc96261a000 rw-p 00048000 08:02 6562296                    /usr/lib/x86_64-linux-gnu/libpulse.so.0.16.2
7fc96271b000-7fc96271e000 ---p 00000000 00:00 0 
7fc96271e000-7fc96281c000 rw-p 00000000 00:00 0                          [stack:5180]
7fc96281c000-7fc962905000 r-xp 00000000 08:02 6561590                    /usr/lib/x86_64-linux-gnu/libasound.so.2.0.0
7fc962905000-7fc962b04000 ---p 000e9000 08:02 6561590                    /usr/lib/x86_64-linux-gnu/libasound.so.2.0.0
7fc962b04000-7fc962b0b000 r--p 000e8000 08:02 6561590                    /usr/lib/x86_64-linux-gnu/libasound.so.2.0.0
7fc962b0b000-7fc962b0c000 rw-p 000ef000 08:02 6561590                    /usr/lib/x86_64-linux-gnu/libasound.so.2.0.0
7fc962b0c000-7fc962b1b000 r-xp 00000000 08:02 8012164                    /usr/bin/processing-3.0/java/lib/amd64/libjsoundalsa.so
7fc962b1b000-7fc962d1a000 ---p 0000f000 08:02 8012164                    /usr/bin/processing-3.0/java/lib/amd64/libjsoundalsa.so
7fc962d1a000-7fc962d1b000 rw-p 0000e000 08:02 8012164                    /usr/bin/processing-3.0/java/lib/amd64/libjsoundalsa.so
7fc962d1b000-7fc962d1c000 r-xp 00000000 08:02 8012181                    /usr/bin/processing-3.0/java/lib/amd64/libjsound.so
7fc962d1c000-7fc962f1b000 ---p 00001000 08:02 8012181                    /usr/bin/processing-3.0/java/lib/amd64/libjsound.so
7fc962f1b000-7fc962f1c000 rw-p 00000000 08:02 8012181                    /usr/bin/processing-3.0/java/lib/amd64/libjsound.so
7fc962f1c000-7fc96311c000 rw-p 00000000 00:00 0 
7fc96311c000-7fc963160000 r-xp 00000000 08:02 13635704                   /lib/x86_64-linux-gnu/libdbus-1.so.3.7.6
7fc963160000-7fc96335f000 ---p 00044000 08:02 13635704                   /lib/x86_64-linux-gnu/libdbus-1.so.3.7.6
7fc96335f000-7fc963360000 r--p 00043000 08:02 13635704                   /lib/x86_64-linux-gnu/libdbus-1.so.3.7.6
7fc963360000-7fc963361000 rw-p 00044000 08:02 13635704                   /lib/x86_64-linux-gnu/libdbus-1.so.3.7.6
7fc963361000-7fc963369000 r-xp 00000000 08:02 13635752                   /lib/x86_64-linux-gnu/libnih-dbus.so.1.0.0
7fc963369000-7fc963569000 ---p 00008000 08:02 13635752                   /lib/x86_64-linux-gnu/libnih-dbus.so.1.0.0
7fc963569000-7fc96356a000 r--p 00008000 08:02 13635752                   /lib/x86_64-linux-gnu/libnih-dbus.so.1.0.0
7fc96356a000-7fc96356b000 rw-p 00009000 08:02 13635752                   /lib/x86_64-linux-gnu/libnih-dbus.so.1.0.0
7fc96356b000-7fc963582000 r-xp 00000000 08:02 13635754                   /lib/x86_64-linux-gnu/libnih.so.1.0.0
7fc963582000-7fc963781000 ---p 00017000 08:02 13635754                   /lib/x86_64-linux-gnu/libnih.so.1.0.0
7fc963781000-7fc963782000 r--p 00016000 08:02 13635754                   /lib/x86_64-linux-gnu/libnih.so.1.0.0
7fc963782000-7fc963783000 rw-p 00017000 08:02 13635754                   /lib/x86_64-linux-gnu/libnih.so.1.0.0
7fc963783000-7fc96379c000 r-xp 00000000 08:02 13635695                   /lib/x86_64-linux-gnu/libcgmanager.so.0.0.0
7fc96379c000-7fc96399b000 ---p 00019000 08:02 13635695                   /lib/x86_64-linux-gnu/libcgmanager.so.0.0.0
7fc96399b000-7fc96399d000 r--p 00018000 08:02 13635695                   /lib/x86_64-linux-gnu/libcgmanager.so.0.0.0
7fc96399d000-7fc96399e000 rw-p 0001a000 08:02 13635695                   /lib/x86_64-linux-gnu/libcgmanager.so.0.0.0
7fc96399e000-7fc9639ae000 r-xp 00000000 08:02 13635838                   /lib/x86_64-linux-gnu/libudev.so.1.3.5
7fc9639ae000-7fc963bad000 ---p 00010000 08:02 13635838                   /lib/x86_64-linux-gnu/libudev.so.1.3.5
7fc963bad000-7fc963bae000 r--p 0000f000 08:02 13635838                   /lib/x86_64-linux-gnu/libudev.so.1.3.5
7fc963bae000-7fc963baf000 rw-p 00010000 08:02 13635838                   /lib/x86_64-linux-gnu/libudev.so.1.3.5
7fc963baf000-7fc963be6000 r-xp 00000000 08:02 6562454                    /usr/lib/x86_64-linux-gnu/libtxc_dxtn_s2tc.so.0.0.0
7fc963be6000-7fc963de5000 ---p 00037000 08:02 6562454                    /usr/lib/x86_64-linux-gnu/libtxc_dxtn_s2tc.so.0.0.0
7fc963de5000-7fc963de6000 r--p 00036000 08:02 6562454                    /usr/lib/x86_64-linux-gnu/libtxc_dxtn_s2tc.so.0.0.0
7fc963de6000-7fc963de7000 rw-p 00037000 08:02 6562454                    /usr/lib/x86_64-linux-gnu/libtxc_dxtn_s2tc.so.0.0.0
7fc963de7000-7fc963dff000 r-xp 00000000 08:02 13635853                   /lib/x86_64-linux-gnu/libz.so.1.2.8
7fc963dff000-7fc963ffe000 ---p 00018000 08:02 13635853                   /lib/x86_64-linux-gnu/libz.so.1.2.8
7fc963ffe000-7fc963fff000 r--p 00017000 08:02 13635853                   /lib/x86_64-linux-gnu/libz.so.1.2.8
7fc963fff000-7fc964000000 rw-p 00018000 08:02 13635853                   /lib/x86_64-linux-gnu/libz.so.1.2.8
7fc964000000-7fc966dee000 rw-p 00000000 00:00 0 
7fc966dee000-7fc968000000 ---p 00000000 00:00 0 
7fc968000000-7fc96b096000 rw-p 00000000 00:00 0 
7fc96b096000-7fc96c000000 ---p 00000000 00:00 0 
7fc96c000000-7fc96c021000 rw-p 00000000 00:00 0 
7fc96c021000-7fc970000000 ---p 00000000 00:00 0 
7fc970000000-7fc9709d7000 rw-p 00000000 00:00 0 
7fc9709d7000-7fc974000000 ---p 00000000 00:00 0 
7fc974000000-7fc974021000 rw-p 00000000 00:00 0 
7fc974021000-7fc978000000 ---p 00000000 00:00 0 
7fc978000000-7fc978b26000 rw-p 00000000 00:00 0 
7fc978b26000-7fc97c000000 ---p 00000000 00:00 0 
7fc97c000000-7fc97c021000 rw-p 00000000 00:00 0 
7fc97c021000-7fc980000000 ---p 00000000 00:00 0 
7fc980000000-7fc980022000 rw-p 00000000 00:00 0 
7fc980022000-7fc984000000 ---p 00000000 00:00 0 
7fc984000000-7fc984021000 rw-p 00000000 00:00 0 
7fc984021000-7fc988000000 ---p 00000000 00:00 0 
7fc988000000-7fc988021000 rw-p 00000000 00:00 0 
7fc988021000-7fc98c000000 ---p 00000000 00:00 0 
7fc98c000000-7fc98d3a2000 rw-p 00000000 00:00 0 
7fc98d3a2000-7fc990000000 ---p 00000000 00:00 0 
7fc990000000-7fc99050b000 rw-p 00000000 00:00 0 
7fc99050b000-7fc994000000 ---p 00000000 00:00 0 
7fc994000000-7fc994021000 rw-p 00000000 00:00 0 
7fc994021000-7fc998000000 ---p 00000000 00:00 0 
7fc998000000-7fc99933b000 rw-p 00000000 00:00 0 
7fc99933b000-7fc99c000000 ---p 00000000 00:00 0 
7fc99c000000-7fc99c021000 rw-p 00000000 00:00 0 
7fc99c021000-7fc9a0000000 ---p 00000000 00:00 0 
7fc9a0000000-7fc9a0021000 rw-p 00000000 00:00 0 
7fc9a0021000-7fc9a4000000 ---p 00000000 00:00 0 
7fc9a4000000-7fc9a4021000 rw-p 00000000 00:00 0 
7fc9a4021000-7fc9a8000000 ---p 00000000 00:00 0 
7fc9a8000000-7fc9a8021000 rw-p 00000000 00:00 0 
7fc9a8021000-7fc9ac000000 ---p 00000000 00:00 0 
7fc9ac000000-7fc9ac021000 rw-p 00000000 00:00 0 
7fc9ac021000-7fc9b0000000 ---p 00000000 00:00 0 
7fc9b0086000-7fc9b0089000 ---p 00000000 00:00 0 
7fc9b0089000-7fc9b0187000 rw-p 00000000 00:00 0                          [stack:5178]
7fc9b0187000-7fc9b018f000 r-xp 00000000 08:02 6562259                    /usr/lib/x86_64-linux-gnu/libpciaccess.so.0.11.1
7fc9b018f000-7fc9b038e000 ---p 00008000 08:02 6562259                    /usr/lib/x86_64-linux-gnu/libpciaccess.so.0.11.1
7fc9b038e000-7fc9b038f000 r--p 00007000 08:02 6562259                    /usr/lib/x86_64-linux-gnu/libpciaccess.so.0.11.1
7fc9b038f000-7fc9b0390000 rw-p 00008000 08:02 6562259                    /usr/lib/x86_64-linux-gnu/libpciaccess.so.0.11.1
7fc9b0390000-7fc9b8000000 rw-p 00000000 00:00 0 
7fc9b8000000-7fc9b8021000 rw-p 00000000 00:00 0 
7fc9b8021000-7fc9bc000000 ---p 00000000 00:00 0 
7fc9bc007000-7fc9bc0a7000 rw-s 1c19c0000 00:06 10208                     /dev/dri/card0
7fc9bc0a7000-7fc9bc18d000 r-xp 00000000 08:02 6562412                    /usr/lib/x86_64-linux-gnu/libstdc++.so.6.0.19
7fc9bc18d000-7fc9bc38c000 ---p 000e6000 08:02 6562412                    /usr/lib/x86_64-linux-gnu/libstdc++.so.6.0.19
7fc9bc38c000-7fc9bc394000 r--p 000e5000 08:02 6562412                    /usr/lib/x86_64-linux-gnu/libstdc++.so.6.0.19
7fc9bc394000-7fc9bc396000 rw-p 000ed000 08:02 6562412                    /usr/lib/x86_64-linux-gnu/libstdc++.so.6.0.19
7fc9bc396000-7fc9bc3ab000 rw-p 00000000 00:00 0 
7fc9bc3ab000-7fc9bc3b7000 r-xp 00000000 08:02 6561756                    /usr/lib/x86_64-linux-gnu/libdrm_radeon.so.1.0.1
7fc9bc3b7000-7fc9bc5b6000 ---p 0000c000 08:02 6561756                    /usr/lib/x86_64-linux-gnu/libdrm_radeon.so.1.0.1
7fc9bc5b6000-7fc9bc5b7000 r--p 0000b000 08:02 6561756                    /usr/lib/x86_64-linux-gnu/libdrm_radeon.so.1.0.1
7fc9bc5b7000-7fc9bc5b8000 rw-p 0000c000 08:02 6561756                    /usr/lib/x86_64-linux-gnu/libdrm_radeon.so.1.0.1
7fc9bc5b8000-7fc9bc5be000 r-xp 00000000 08:02 6561754                    /usr/lib/x86_64-linux-gnu/libdrm_nouveau.so.2.0.0
7fc9bc5be000-7fc9bc7bd000 ---p 00006000 08:02 6561754                    /usr/lib/x86_64-linux-gnu/libdrm_nouveau.so.2.0.0
7fc9bc7bd000-7fc9bc7be000 r--p 00005000 08:02 6561754                    /usr/lib/x86_64-linux-gnu/libdrm_nouveau.so.2.0.0
7fc9bc7be000-7fc9bc7bf000 rw-p 00006000 08:02 6561754                    /usr/lib/x86_64-linux-gnu/libdrm_nouveau.so.2.0.0
7fc9bc7bf000-7fc9bc7df000 r-xp 00000000 08:02 6561752                    /usr/lib/x86_64-linux-gnu/libdrm_intel.so.1.0.0
7fc9bc7df000-7fc9bc9de000 ---p 00020000 08:02 6561752                    /usr/lib/x86_64-linux-gnu/libdrm_intel.so.1.0.0
7fc9bc9de000-7fc9bc9df000 r--p 0001f000 08:02 6561752                    /usr/lib/x86_64-linux-gnu/libdrm_intel.so.1.0.0
7fc9bc9df000-7fc9bc9e0000 rw-p 00020000 08:02 6561752                    /usr/lib/x86_64-linux-gnu/libdrm_intel.so.1.0.0
7fc9bc9e0000-7fc9bcf34000 r-xp 00000000 08:02 6947244                    /usr/lib/x86_64-linux-gnu/dri/i965_dri.so
7fc9bcf34000-7fc9bd134000 ---p 00554000 08:02 6947244                    /usr/lib/x86_64-linux-gnu/dri/i965_dri.so
7fc9bd134000-7fc9bd155000 r--p 00554000 08:02 6947244                    /usr/lib/x86_64-linux-gnu/dri/i965_dri.so
7fc9bd155000-7fc9bd15c000 rw-p 00575000 08:02 6947244                    /usr/lib/x86_64-linux-gnu/dri/i965_dri.so
7fc9bd15c000-7fc9bd163000 rw-p 00000000 00:00 0 
7fc9bd163000-7fc9bd166000 ---p 00000000 00:00 0 
7fc9bd166000-7fc9bd264000 rw-p 00000000 00:00 0                          [stack:5165]
7fc9bd264000-7fc9bd2bd000 r-xp 00000000 08:02 4461996                    /tmp/jogamp_0000/file_cache/jln9026219016694549594/jln1212672741491091769/libjogl_mobile.so
7fc9bd2bd000-7fc9bd4bd000 ---p 00059000 08:02 4461996                    /tmp/jogamp_0000/file_cache/jln9026219016694549594/jln1212672741491091769/libjogl_mobile.so
7fc9bd4bd000-7fc9bd4be000 rw-p 00059000 08:02 4461996                    /tmp/jogamp_0000/file_cache/jln9026219016694549594/jln1212672741491091769/libjogl_mobile.so
7fc9bd4be000-7fc9bd4c5000 r-xp 00000000 08:02 6561790                    /usr/lib/x86_64-linux-gnu/libffi.so.6.0.1
7fc9bd4c5000-7fc9bd6c4000 ---p 00007000 08:02 6561790                    /usr/lib/x86_64-linux-gnu/libffi.so.6.0.1
7fc9bd6c4000-7fc9bd6c5000 r--p 00006000 08:02 6561790                    /usr/lib/x86_64-linux-gnu/libffi.so.6.0.1
7fc9bd6c5000-7fc9bd6c6000 rw-p 00007000 08:02 6561790                    /usr/lib/x86_64-linux-gnu/libffi.so.6.0.1
7fc9bd6c6000-7fc9bd6d2000 r-xp 00000000 08:02 6561843                    /usr/lib/x86_64-linux-gnu/libgbm.so.1.0.0
7fc9bd6d2000-7fc9bd8d2000 ---p 0000c000 08:02 6561843                    /usr/lib/x86_64-linux-gnu/libgbm.so.1.0.0
7fc9bd8d2000-7fc9bd8d3000 r--p 0000c000 08:02 6561843                    /usr/lib/x86_64-linux-gnu/libgbm.so.1.0.0
7fc9bd8d3000-7fc9bd8d4000 rw-p 0000d000 08:02 6561843                    /usr/lib/x86_64-linux-gnu/libgbm.so.1.0.0
7fc9bd8d4000-7fc9bd8e3000 r-xp 00000000 08:02 6562520                    /usr/lib/x86_64-linux-gnu/libwayland-server.so.0.1.0
7fc9bd8e3000-7fc9bdae2000 ---p 0000f000 08:02 6562520                    /usr/lib/x86_64-linux-gnu/libwayland-server.so.0.1.0
7fc9bdae2000-7fc9bdae4000 r--p 0000e000 08:02 6562520                    /usr/lib/x86_64-linux-gnu/libwayland-server.so.0.1.0
7fc9bdae4000-7fc9bdae5000 rw-p 00010000 08:02 6562520                    /usr/lib/x86_64-linux-gnu/libwayland-server.so.0.1.0
7fc9bdae5000-7fc9bdaf0000 r-xp 00000000 08:02 6562514                    /usr/lib/x86_64-linux-gnu/libwayland-client.so.0.2.0
7fc9bdaf0000-7fc9bdcef000 ---p 0000b000 08:02 6562514                    /usr/lib/x86_64-linux-gnu/libwayland-client.so.0.2.0
7fc9bdcef000-7fc9bdcf1000 r--p 0000a000 08:02 6562514                    /usr/lib/x86_64-linux-gnu/libwayland-client.so.0.2.0
7fc9bdcf1000-7fc9bdcf2000 rw-p 0000c000 08:02 6562514                    /usr/lib/x86_64-linux-gnu/libwayland-client.so.0.2.0
7fc9bdcf2000-7fc9bdcf7000 r-xp 00000000 08:02 6562570                    /usr/lib/x86_64-linux-gnu/libxcb-xfixes.so.0.0.0
7fc9bdcf7000-7fc9bdef7000 ---p 00005000 08:02 6562570                    /usr/lib/x86_64-linux-gnu/libxcb-xfixes.so.0.0.0
7fc9bdef7000-7fc9bdef8000 r--p 00005000 08:02 6562570                    /usr/lib/x86_64-linux-gnu/libxcb-xfixes.so.0.0.0
7fc9bdef8000-7fc9bdef9000 rw-p 00006000 08:02 6562570                    /usr/lib/x86_64-linux-gnu/libxcb-xfixes.so.0.0.0
7fc9bdef9000-7fc9bdf20000 r-xp 00000000 08:02 6948353                    /usr/lib/x86_64-linux-gnu/mesa-egl/libEGL.so.1.0.0
7fc9bdf20000-7fc9be120000 ---p 00027000 08:02 6948353                    /usr/lib/x86_64-linux-gnu/mesa-egl/libEGL.so.1.0.0
7fc9be120000-7fc9be121000 r--p 00027000 08:02 6948353                    /usr/lib/x86_64-linux-gnu/mesa-egl/libEGL.so.1.0.0
7fc9be121000-7fc9be122000 rw-p 00028000 08:02 6948353                    /usr/lib/x86_64-linux-gnu/mesa-egl/libEGL.so.1.0.0
7fc9be122000-7fc9be123000 rw-p 00000000 00:00 0 
7fc9be123000-7fc9be129000 r-xp 00000000 08:02 6948357                    /usr/lib/x86_64-linux-gnu/mesa-egl/libGLESv2.so.2.0.0
7fc9be129000-7fc9be328000 ---p 00006000 08:02 6948357                    /usr/lib/x86_64-linux-gnu/mesa-egl/libGLESv2.so.2.0.0
7fc9be328000-7fc9be329000 r--p 00005000 08:02 6948357                    /usr/lib/x86_64-linux-gnu/mesa-egl/libGLESv2.so.2.0.0
7fc9be329000-7fc9be32a000 rw-p 00006000 08:02 6948357                    /usr/lib/x86_64-linux-gnu/mesa-egl/libGLESv2.so.2.0.0
7fc9be32a000-7fc9be32d000 ---p 00000000 00:00 0 
7fc9be32d000-7fc9be42b000 rw-p 00000000 00:00 0                          [stack:5164]
7fc9be42b000-7fc9be4de000 r-xp 00000000 08:02 4461995                    /tmp/jogamp_0000/file_cache/jln9026219016694549594/jln1212672741491091769/libjogl_desktop.so
7fc9be4de000-7fc9be6de000 ---p 000b3000 08:02 4461995                    /tmp/jogamp_0000/file_cache/jln9026219016694549594/jln1212672741491091769/libjogl_desktop.so
7fc9be6de000-7fc9be6df000 rw-p 000b3000 08:02 4461995                    /tmp/jogamp_0000/file_cache/jln9026219016694549594/jln1212672741491091769/libjogl_desktop.so
7fc9be6df000-7fc9be6ea000 r-xp 00000000 08:02 6561750                    /usr/lib/x86_64-linux-gnu/libdrm.so.2.4.0
7fc9be6ea000-7fc9be8e9000 ---p 0000b000 08:02 6561750                    /usr/lib/x86_64-linux-gnu/libdrm.so.2.4.0
7fc9be8e9000-7fc9be8ea000 r--p 0000a000 08:02 6561750                    /usr/lib/x86_64-linux-gnu/libdrm.so.2.4.0
7fc9be8ea000-7fc9be8eb000 rw-p 0000b000 08:02 6561750                    /usr/lib/x86_64-linux-gnu/libdrm.so.2.4.0
7fc9be8eb000-7fc9be8ec000 r-xp 00000000 08:02 6562584                    /usr/lib/x86_64-linux-gnu/libxshmfence.so.1.0.0
7fc9be8ec000-7fc9beaeb000 ---p 00001000 08:02 6562584                    /usr/lib/x86_64-linux-gnu/libxshmfence.so.1.0.0
7fc9beaeb000-7fc9beaec000 r--p 00000000 08:02 6562584                    /usr/lib/x86_64-linux-gnu/libxshmfence.so.1.0.0
7fc9beaec000-7fc9beaed000 rw-p 00001000 08:02 6562584                    /usr/lib/x86_64-linux-gnu/libxshmfence.so.1.0.0
7fc9beaed000-7fc9beaf2000 r-xp 00000000 08:02 6562566                    /usr/lib/x86_64-linux-gnu/libxcb-sync.so.1.0.0
7fc9beaf2000-7fc9becf1000 ---p 00005000 08:02 6562566                    /usr/lib/x86_64-linux-gnu/libxcb-sync.so.1.0.0
7fc9becf1000-7fc9becf2000 r--p 00004000 08:02 6562566                    /usr/lib/x86_64-linux-gnu/libxcb-sync.so.1.0.0
7fc9becf2000-7fc9becf3000 rw-p 00005000 08:02 6562566                    /usr/lib/x86_64-linux-gnu/libxcb-sync.so.1.0.0
7fc9becf3000-7fc9becf5000 r-xp 00000000 08:02 6562554                    /usr/lib/x86_64-linux-gnu/libxcb-present.so.0.0.0
7fc9becf5000-7fc9beef4000 ---p 00002000 08:02 6562554                    /usr/lib/x86_64-linux-gnu/libxcb-present.so.0.0.0
7fc9beef4000-7fc9beef5000 r--p 00001000 08:02 6562554                    /usr/lib/x86_64-linux-gnu/libxcb-present.so.0.0.0
7fc9beef5000-7fc9beef6000 rw-p 00002000 08:02 6562554                    /usr/lib/x86_64-linux-gnu/libxcb-present.so.0.0.0
7fc9beef6000-7fc9beef8000 r-xp 00000000 08:02 6562544                    /usr/lib/x86_64-linux-gnu/libxcb-dri3.so.0.0.0
7fc9beef8000-7fc9bf0f7000 ---p 00002000 08:02 6562544                    /usr/lib/x86_64-linux-gnu/libxcb-dri3.so.0.0.0
7fc9bf0f7000-7fc9bf0f8000 r--p 00001000 08:02 6562544                    /usr/lib/x86_64-linux-gnu/libxcb-dri3.so.0.0.0
7fc9bf0f8000-7fc9bf0f9000 rw-p 00002000 08:02 6562544                    /usr/lib/x86_64-linux-gnu/libxcb-dri3.so.0.0.0
7fc9bf0f9000-7fc9bf0fc000 r-xp 00000000 08:02 6562542                    /usr/lib/x86_64-linux-gnu/libxcb-dri2.so.0.0.0
7fc9bf0fc000-7fc9bf2fc000 ---p 00003000 08:02 6562542                    /usr/lib/x86_64-linux-gnu/libxcb-dri2.so.0.0.0
7fc9bf2fc000-7fc9bf2fd000 r--p 00003000 08:02 6562542                    /usr/lib/x86_64-linux-gnu/libxcb-dri2.so.0.0.0
7fc9bf2fd000-7fc9bf2fe000 rw-p 00004000 08:02 6562542                    /usr/lib/x86_64-linux-gnu/libxcb-dri2.so.0.0.0
7fc9bf2fe000-7fc9bf313000 r-xp 00000000 08:02 6562546                    /usr/lib/x86_64-linux-gnu/libxcb-glx.so.0.0.0
7fc9bf313000-7fc9bf512000 ---p 00015000 08:02 6562546                    /usr/lib/x86_64-linux-gnu/libxcb-glx.so.0.0.0
7fc9bf512000-7fc9bf514000 r--p 00014000 08:02 6562546                    /usr/lib/x86_64-linux-gnu/libxcb-glx.so.0.0.0
7fc9bf514000-7fc9bf515000 rw-p 00016000 08:02 6562546                    /usr/lib/x86_64-linux-gnu/libxcb-glx.so.0.0.0
7fc9bf515000-7fc9bf516000 r-xp 00000000 08:02 6561502                    /usr/lib/x86_64-linux-gnu/libX11-xcb.so.1.0.0
7fc9bf516000-7fc9bf715000 ---p 00001000 08:02 6561502                    /usr/lib/x86_64-linux-gnu/libX11-xcb.so.1.0.0
7fc9bf715000-7fc9bf716000 r--p 00000000 08:02 6561502                    /usr/lib/x86_64-linux-gnu/libX11-xcb.so.1.0.0
7fc9bf716000-7fc9bf717000 rw-p 00001000 08:02 6561502                    /usr/lib/x86_64-linux-gnu/libX11-xcb.so.1.0.0
7fc9bf717000-7fc9bf719000 r-xp 00000000 08:02 6561517                    /usr/lib/x86_64-linux-gnu/libXdamage.so.1.1.0
7fc9bf719000-7fc9bf918000 ---p 00002000 08:02 6561517                    /usr/lib/x86_64-linux-gnu/libXdamage.so.1.1.0
7fc9bf918000-7fc9bf919000 r--p 00001000 08:02 6561517                    /usr/lib/x86_64-linux-gnu/libXdamage.so.1.1.0
7fc9bf919000-7fc9bf91a000 rw-p 00002000 08:02 6561517                    /usr/lib/x86_64-linux-gnu/libXdamage.so.1.1.0
7fc9bf91a000-7fc9bf93f000 r-xp 00000000 08:02 6561895                    /usr/lib/x86_64-linux-gnu/libglapi.so.0.0.0
7fc9bf93f000-7fc9bfb3f000 ---p 00025000 08:02 6561895                    /usr/lib/x86_64-linux-gnu/libglapi.so.0.0.0
7fc9bfb3f000-7fc9bfb42000 r--p 00025000 08:02 6561895                    /usr/lib/x86_64-linux-gnu/libglapi.so.0.0.0
7fc9bfb42000-7fc9bfb43000 rw-p 00028000 08:02 6561895                    /usr/lib/x86_64-linux-gnu/libglapi.so.0.0.0
7fc9bfb43000-7fc9bfb44000 rw-p 00000000 00:00 0 
7fc9bfb44000-7fc9bfb6b000 r-xp 00000000 08:02 13637323                   /lib/x86_64-linux-gnu/libexpat.so.1.6.0
7fc9bfb6b000-7fc9bfd6b000 ---p 00027000 08:02 13637323                   /lib/x86_64-linux-gnu/libexpat.so.1.6.0
7fc9bfd6b000-7fc9bfd6d000 r--p 00027000 08:02 13637323                   /lib/x86_64-linux-gnu/libexpat.so.1.6.0
7fc9bfd6d000-7fc9bfd6e000 rw-p 00029000 08:02 13637323                   /lib/x86_64-linux-gnu/libexpat.so.1.6.0
7fc9bfd6e000-7fc9bfdfc000 r-xp 00000000 08:02 6948350                    /usr/lib/x86_64-linux-gnu/mesa/libGL.so.1.2.0
7fc9bfdfc000-7fc9bfffb000 ---p 0008e000 08:02 6948350                    /usr/lib/x86_64-linux-gnu/mesa/libGL.so.1.2.0
7fc9bfffb000-7fc9bfffe000 r--p 0008d000 08:02 6948350                    /usr/lib/x86_64-linux-gnu/mesa/libGL.so.1.2.0
7fc9bfffe000-7fc9bffff000 rw-p 00090000 08:02 6948350                    /usr/lib/x86_64-linux-gnu/mesa/libGL.so.1.2.0
7fc9bffff000-7fc9c0000000 rw-p 00000000 00:00 0 
7fc9c0000000-7fc9c0021000 rw-p 00000000 00:00 0 
7fc9c0021000-7fc9c4000000 ---p 00000000 00:00 0 
7fc9c4000000-7fc9c4021000 rw-p 00000000 00:00 0 
7fc9c4021000-7fc9c8000000 ---p 00000000 00:00 0 
7fc9c8000000-7fc9c8021000 rw-p 00000000 00:00 0 
7fc9c8021000-7fc9cc000000 ---p 00000000 00:00 0 
7fc9cc07c000-7fc9cc084000 rw-s 00000000 00:05 85517                      /drm mm object (deleted)
7fc9cc084000-7fc9cc08b000 r--s 00000000 08:02 6947811                    /usr/lib/x86_64-linux-gnu/gconv/gconv-modules.cache
7fc9cc08b000-7fc9cc09e000 r--s 00344000 08:02 6695996                    /usr/bin/processing-3.0/java/lib/resources.jar
7fc9cc09e000-7fc9cc0a6000 rw-s 00000000 00:05 86599                      /drm mm object (deleted)
7fc9cc0a6000-7fc9cc0ae000 rw-s 00000000 00:05 86573                      /drm mm object (deleted)
7fc9cc0ae000-7fc9cc0b6000 rw-s 00000000 00:05 84609                      /drm mm object (deleted)
7fc9cc0b6000-7fc9cc0be000 rw-s 00000000 00:05 85483                      /drm mm object (deleted)
7fc9cc0be000-7fc9cc2be000 rw-p 00000000 00:00 0 
7fc9cc2be000-7fc9cc2c0000 r-xp 00000000 08:02 6561531                    /usr/lib/x86_64-linux-gnu/libXinerama.so.1.0.0
7fc9cc2c0000-7fc9cc4bf000 ---p 00002000 08:02 6561531                    /usr/lib/x86_64-linux-gnu/libXinerama.so.1.0.0
7fc9cc4bf000-7fc9cc4c0000 r--p 00001000 08:02 6561531                    /usr/lib/x86_64-linux-gnu/libXinerama.so.1.0.0
7fc9cc4c0000-7fc9cc4c1000 rw-p 00002000 08:02 6561531                    /usr/lib/x86_64-linux-gnu/libXinerama.so.1.0.0
7fc9cc4c1000-7fc9cc4c4000 ---p 00000000 00:00 0 
7fc9cc4c4000-7fc9cca72000 rw-p 00000000 00:00 0                          [stack:5163]
7fc9cca72000-7fc9cca81000 r-xp 00000000 08:02 4461999                    /tmp/jogamp_0000/file_cache/jln9026219016694549594/jln1212672741491091769/libnewt.so
7fc9cca81000-7fc9ccc80000 ---p 0000f000 08:02 4461999                    /tmp/jogamp_0000/file_cache/jln9026219016694549594/jln1212672741491091769/libnewt.so
7fc9ccc80000-7fc9ccc81000 rw-p 0000e000 08:02 4461999                    /tmp/jogamp_0000/file_cache/jln9026219016694549594/jln1212672741491091769/libnewt.so
7fc9ccc81000-7fc9ccc88000 r-xp 00000000 08:02 4461998                    /tmp/jogamp_0000/file_cache/jln9026219016694549594/jln1212672741491091769/libnativewindow_x11.so
7fc9ccc88000-7fc9cce87000 ---p 00007000 08:02 4461998                    /tmp/jogamp_0000/file_cache/jln9026219016694549594/jln1212672741491091769/libnativewindow_x11.so
7fc9cce87000-7fc9cce88000 rw-p 00006000 08:02 4461998                    /tmp/jogamp_0000/file_cache/jln9026219016694549594/jln1212672741491091769/libnativewindow_x11.so
7fc9cce88000-7fc9cce8b000 ---p 00000000 00:00 0 
7fc9cce8b000-7fc9ccf89000 rw-p 00000000 00:00 0                          [stack:5166]
7fc9ccf89000-7fc9ccf8d000 r-xp 00000000 08:02 6561559                    /usr/lib/x86_64-linux-gnu/libXxf86vm.so.1.0.0
7fc9ccf8d000-7fc9cd18d000 ---p 00004000 08:02 6561559                    /usr/lib/x86_64-linux-gnu/libXxf86vm.so.1.0.0
7fc9cd18d000-7fc9cd18e000 r--p 00004000 08:02 6561559                    /usr/lib/x86_64-linux-gnu/libXxf86vm.so.1.0.0
7fc9cd18e000-7fc9cd18f000 rw-p 00005000 08:02 6561559                    /usr/lib/x86_64-linux-gnu/libXxf86vm.so.1.0.0
7fc9cd190000-7fc9cd191000 rw-p 00000000 00:00 0 
7fc9cd191000-7fc9cd193000 rw-s 1c1a61000 00:06 10208                     /dev/dri/card0
7fc9cd193000-7fc9cd194000 rw-s 1c1a60000 00:06 10208                     /dev/dri/card0
7fc9cd194000-7fc9cd195000 rw-s 1c19bf000 00:06 10208                     /dev/dri/card0
7fc9cd195000-7fc9cd196000 rw-s 1c19be000 00:06 10208                     /dev/dri/card0
7fc9cd196000-7fc9cd197000 rwxp 00000000 00:00 0 
7fc9cd197000-7fc9cd19f000 rw-s 00000000 00:05 86505                      /drm mm object (deleted)
7fc9cd19f000-7fc9cd1a7000 rw-s 00000000 00:05 86545                      /drm mm object (deleted)
7fc9cd1a7000-7fc9cd1a8000 rw-s 1c19bd000 00:06 10208                     /dev/dri/card0
7fc9cd1a8000-7fc9cd1b0000 rw-s 00000000 00:05 86494                      /drm mm object (deleted)
7fc9cd1b0000-7fc9cd1b2000 r-xp 00000000 08:02 4461997                    /tmp/jogamp_0000/file_cache/jln9026219016694549594/jln1212672741491091769/libnativewindow_awt.so
7fc9cd1b2000-7fc9cd3b1000 ---p 00002000 08:02 4461997                    /tmp/jogamp_0000/file_cache/jln9026219016694549594/jln1212672741491091769/libnativewindow_awt.so
7fc9cd3b1000-7fc9cd3b2000 rw-p 00001000 08:02 4461997                    /tmp/jogamp_0000/file_cache/jln9026219016694549594/jln1212672741491091769/libnativewindow_awt.so
7fc9cd3b2000-7fc9cd3b3000 r-xp 00000000 08:02 8012156                    /usr/bin/processing-3.0/java/lib/amd64/libjawt.so
7fc9cd3b3000-7fc9cd5b2000 ---p 00001000 08:02 8012156                    /usr/bin/processing-3.0/java/lib/amd64/libjawt.so
7fc9cd5b2000-7fc9cd5b3000 rw-p 00000000 08:02 8012156                    /usr/bin/processing-3.0/java/lib/amd64/libjawt.so
7fc9cd5b3000-7fc9cd5b5000 r-xp 00000000 08:02 4461994                    /tmp/jogamp_0000/file_cache/jln9026219016694549594/jln1212672741491091769/libgluegen-rt.so
7fc9cd5b5000-7fc9cd7b4000 ---p 00002000 08:02 4461994                    /tmp/jogamp_0000/file_cache/jln9026219016694549594/jln1212672741491091769/libgluegen-rt.so
7fc9cd7b4000-7fc9cd7b5000 rw-p 00001000 08:02 4461994                    /tmp/jogamp_0000/file_cache/jln9026219016694549594/jln1212672741491091769/libgluegen-rt.so
7fc9cd7b5000-7fc9cd7b8000 ---p 00000000 00:00 0 
7fc9cd7b8000-7fc9cd8b6000 rw-p 00000000 00:00 0 
7fc9cd8b6000-7fc9cd8c7000 r-xp 00000000 08:02 8012203                    /usr/bin/processing-3.0/java/lib/amd64/libnio.so
7fc9cd8c7000-7fc9cdac6000 ---p 00011000 08:02 8012203                    /usr/bin/processing-3.0/java/lib/amd64/libnio.so
7fc9cdac6000-7fc9cdac7000 rw-p 00010000 08:02 8012203                    /usr/bin/processing-3.0/java/lib/amd64/libnio.so
7fc9cdac7000-7fc9cdadd000 r-xp 00000000 08:02 8012151                    /usr/bin/processing-3.0/java/lib/amd64/libnet.so
7fc9cdadd000-7fc9cdcdd000 ---p 00016000 08:02 8012151                    /usr/bin/processing-3.0/java/lib/amd64/libnet.so
7fc9cdcdd000-7fc9cdcde000 rw-p 00016000 08:02 8012151                    /usr/bin/processing-3.0/java/lib/amd64/libnet.so
7fc9cdcde000-7fc9cdce1000 ---p 00000000 00:00 0 
7fc9cdce1000-7fc9cdd17000 rw-p 00000000 00:00 0 
7fc9cdd17000-7fc9cdd18000 r--p 00000000 00:00 0 
7fc9cdd18000-7fc9cdd1c000 r--s 00095000 08:02 6696012                    /usr/bin/processing-3.0/java/lib/jsse.jar
7fc9cdd1c000-7fc9cdf1c000 rw-p 00000000 00:00 0 
7fc9cdf1c000-7fc9cdf1f000 r--s 00041000 08:02 8014028                    /usr/bin/processing-3.0/modes/java/mode/org.netbeans.swing.outline.jar
7fc9cdf1f000-7fc9cdf24000 r--s 00038000 08:02 8014038                    /usr/bin/processing-3.0/modes/java/mode/org.eclipse.text.jar
7fc9cdf24000-7fc9cdf38000 r--s 00121000 08:02 8014045                    /usr/bin/processing-3.0/modes/java/mode/org.eclipse.osgi.jar
7fc9cdf38000-7fc9cdf70000 r--s 00515000 08:02 8014044                    /usr/bin/processing-3.0/modes/java/mode/org.eclipse.jdt.core.jar
7fc9cdf70000-7fc9cdf73000 r--s 0001c000 08:02 8014042                    /usr/bin/processing-3.0/modes/java/mode/org.eclipse.equinox.preferences.jar
7fc9cdf73000-7fc9cdf76000 r--s 00018000 08:02 8014034                    /usr/bin/processing-3.0/modes/java/mode/org.eclipse.equinox.common.jar
7fc9cdf76000-7fc9cdf78000 r--s 00011000 08:02 8014037                    /usr/bin/processing-3.0/modes/java/mode/org.eclipse.core.runtime.jar
7fc9cdf78000-7fc9cdf83000 r--s 000c1000 08:02 8014040                    /usr/bin/processing-3.0/modes/java/mode/org.eclipse.core.resources.jar
7fc9cdf83000-7fc9cdf85000 r--s 00016000 08:02 8014027                    /usr/bin/processing-3.0/modes/java/mode/org.eclipse.core.jobs.jar
7fc9cdf85000-7fc9cdf87000 r--s 00015000 08:02 8014029                    /usr/bin/processing-3.0/modes/java/mode/org.eclipse.core.contenttype.jar
7fc9cdf87000-7fc9cdf8c000 r--s 0003f000 08:02 8014032                    /usr/bin/processing-3.0/modes/java/mode/jsoup-1.7.1.jar
7fc9cdf8c000-7fc9cdf8d000 r--s 00003000 08:02 8014046                    /usr/bin/processing-3.0/modes/java/mode/jdtCompilerAdapter.jar
7fc9cdf8d000-7fc9cdf9a000 r--s 000cb000 08:02 8014036                    /usr/bin/processing-3.0/modes/java/mode/jdimodel.jar
7fc9cdf9a000-7fc9cdf9e000 r--s 0000e000 08:02 8014030                    /usr/bin/processing-3.0/modes/java/mode/jdi.jar
7fc9cdf9e000-7fc9cdfa4000 r--s 0007d000 08:02 8014033                    /usr/bin/processing-3.0/modes/java/mode/JavaMode.jar
7fc9cdfa4000-7fc9cdfff000 r--s 009e2000 08:02 8014039                    /usr/bin/processing-3.0/modes/java/mode/com.ibm.icu.jar
7fc9cdfff000-7fc9ce000000 r--s 00003000 08:02 8014035                    /usr/bin/processing-3.0/modes/java/mode/classpath-explorer-1.0.jar
7fc9ce000000-7fc9ce00a000 r--s 00097000 08:02 6695776                    /usr/bin/processing-3.0/lib/pde.jar
7fc9ce00a000-7fc9ce028000 r--s 001bb000 08:02 6695851                    /usr/bin/processing-3.0/lib/ant.jar
7fc9ce028000-7fc9ce04b000 r--s 00308000 08:02 6569034                    /usr/bin/processing-3.0/core/library/jogl-all.jar
7fc9ce04b000-7fc9ce054000 r-xp 00000000 08:02 6561541                    /usr/lib/x86_64-linux-gnu/libXrandr.so.2.2.0
7fc9ce054000-7fc9ce253000 ---p 00009000 08:02 6561541                    /usr/lib/x86_64-linux-gnu/libXrandr.so.2.2.0
7fc9ce253000-7fc9ce254000 r--p 00008000 08:02 6561541                    /usr/lib/x86_64-linux-gnu/libXrandr.so.2.2.0
7fc9ce254000-7fc9ce255000 rw-p 00009000 08:02 6561541                    /usr/lib/x86_64-linux-gnu/libXrandr.so.2.2.0
7fc9ce255000-7fc9ce258000 ---p 00000000 00:00 0 
7fc9ce258000-7fc9ce356000 rw-p 00000000 00:00 0                          [stack:5152]
7fc9ce356000-7fc9ce35b000 r-xp 00000000 08:02 6561523                    /usr/lib/x86_64-linux-gnu/libXfixes.so.3.1.0
7fc9ce35b000-7fc9ce55a000 ---p 00005000 08:02 6561523                    /usr/lib/x86_64-linux-gnu/libXfixes.so.3.1.0
7fc9ce55a000-7fc9ce55b000 r--p 00004000 08:02 6561523                    /usr/lib/x86_64-linux-gnu/libXfixes.so.3.1.0
7fc9ce55b000-7fc9ce55c000 rw-p 00005000 08:02 6561523                    /usr/lib/x86_64-linux-gnu/libXfixes.so.3.1.0
7fc9ce55c000-7fc9ce565000 r-xp 00000000 08:02 6561515                    /usr/lib/x86_64-linux-gnu/libXcursor.so.1.0.2
7fc9ce565000-7fc9ce764000 ---p 00009000 08:02 6561515                    /usr/lib/x86_64-linux-gnu/libXcursor.so.1.0.2
7fc9ce764000-7fc9ce765000 r--p 00008000 08:02 6561515                    /usr/lib/x86_64-linux-gnu/libXcursor.so.1.0.2
7fc9ce765000-7fc9ce766000 rw-p 00009000 08:02 6561515                    /usr/lib/x86_64-linux-gnu/libXcursor.so.1.0.2
7fc9ce766000-7fc9ce76b000 r--s 00068000 08:02 8014043                    /usr/bin/processing-3.0/modes/java/mode/antlr.jar
7fc9ce76b000-7fc9ce77f000 r--s 00127000 08:02 6695832                    /usr/bin/processing-3.0/lib/jna.jar
7fc9ce77f000-7fc9ce781000 r--s 00002000 08:02 6695836                    /usr/bin/processing-3.0/lib/ant-launcher.jar
7fc9ce781000-7fc9ce783000 r--s 00005000 08:02 4591938                    /home/akelly/sketchbook/libraries/minim/library/mp3spi1.9.5.jar
7fc9ce783000-7fc9ce787000 r--s 00040000 08:02 4591936                    /home/akelly/sketchbook/libraries/minim/library/jl1.0.1.jar
7fc9ce787000-7fc9ce79d000 r-xp 00000000 08:02 13635717                   /lib/x86_64-linux-gnu/libgcc_s.so.1
7fc9ce79d000-7fc9ce99c000 ---p 00016000 08:02 13635717                   /lib/x86_64-linux-gnu/libgcc_s.so.1
7fc9ce99c000-7fc9ce99d000 rw-p 00015000 08:02 13635717                   /lib/x86_64-linux-gnu/libgcc_s.so.1
7fc9ce99d000-7fc9cea03000 r-xp 00000000 08:02 8012146                    /usr/bin/processing-3.0/java/lib/amd64/libfontmanager.so
7fc9cea03000-7fc9cec02000 ---p 00066000 08:02 8012146                    /usr/bin/processing-3.0/java/lib/amd64/libfontmanager.so
7fc9cec02000-7fc9cec06000 rw-p 00065000 08:02 8012146                    /usr/bin/processing-3.0/java/lib/amd64/libfontmanager.so
7fc9cec06000-7fc9cec17000 rw-p 00000000 00:00 0 
7fc9cec17000-7fc9cec1c000 r-xp 00000000 08:02 6561519                    /usr/lib/x86_64-linux-gnu/libXdmcp.so.6.0.0
7fc9cec1c000-7fc9cee1b000 ---p 00005000 08:02 6561519                    /usr/lib/x86_64-linux-gnu/libXdmcp.so.6.0.0
7fc9cee1b000-7fc9cee1c000 r--p 00004000 08:02 6561519                    /usr/lib/x86_64-linux-gnu/libXdmcp.so.6.0.0
7fc9cee1c000-7fc9cee1d000 rw-p 00005000 08:02 6561519                    /usr/lib/x86_64-linux-gnu/libXdmcp.so.6.0.0
7fc9cee1d000-7fc9cee1f000 r-xp 00000000 08:02 6561508                    /usr/lib/x86_64-linux-gnu/libXau.so.6.0.0
7fc9cee1f000-7fc9cf01f000 ---p 00002000 08:02 6561508                    /usr/lib/x86_64-linux-gnu/libXau.so.6.0.0
7fc9cf01f000-7fc9cf020000 r--p 00002000 08:02 6561508                    /usr/lib/x86_64-linux-gnu/libXau.so.6.0.0
7fc9cf020000-7fc9cf021000 rw-p 00003000 08:02 6561508                    /usr/lib/x86_64-linux-gnu/libXau.so.6.0.0
7fc9cf021000-7fc9cf03e000 r-xp 00000000 08:02 6562574                    /usr/lib/x86_64-linux-gnu/libxcb.so.1.1.0
7fc9cf03e000-7fc9cf23e000 ---p 0001d000 08:02 6562574                    /usr/lib/x86_64-linux-gnu/libxcb.so.1.1.0
7fc9cf23e000-7fc9cf23f000 r--p 0001d000 08:02 6562574                    /usr/lib/x86_64-linux-gnu/libxcb.so.1.1.0
7fc9cf23f000-7fc9cf240000 rw-p 0001e000 08:02 6562574                    /usr/lib/x86_64-linux-gnu/libxcb.so.1.1.0
7fc9cf240000-7fc9cf24f000 r-xp 00000000 08:02 6561529                    /usr/lib/x86_64-linux-gnu/libXi.so.6.1.0
7fc9cf24f000-7fc9cf44e000 ---p 0000f000 08:02 6561529                    /usr/lib/x86_64-linux-gnu/libXi.so.6.1.0
7fc9cf44e000-7fc9cf44f000 r--p 0000e000 08:02 6561529                    /usr/lib/x86_64-linux-gnu/libXi.so.6.1.0
7fc9cf44f000-7fc9cf450000 rw-p 0000f000 08:02 6561529                    /usr/lib/x86_64-linux-gnu/libXi.so.6.1.0
7fc9cf450000-7fc9cf455000 r-xp 00000000 08:02 6561549                    /usr/lib/x86_64-linux-gnu/libXtst.so.6.1.0
7fc9cf455000-7fc9cf654000 ---p 00005000 08:02 6561549                    /usr/lib/x86_64-linux-gnu/libXtst.so.6.1.0
7fc9cf654000-7fc9cf655000 r--p 00004000 08:02 6561549                    /usr/lib/x86_64-linux-gnu/libXtst.so.6.1.0
7fc9cf655000-7fc9cf656000 rw-p 00005000 08:02 6561549                    /usr/lib/x86_64-linux-gnu/libXtst.so.6.1.0
7fc9cf656000-7fc9cf65f000 r-xp 00000000 08:02 6561543                    /usr/lib/x86_64-linux-gnu/libXrender.so.1.3.0
7fc9cf65f000-7fc9cf85e000 ---p 00009000 08:02 6561543                    /usr/lib/x86_64-linux-gnu/libXrender.so.1.3.0
7fc9cf85e000-7fc9cf85f000 r--p 00008000 08:02 6561543                    /usr/lib/x86_64-linux-gnu/libXrender.so.1.3.0
7fc9cf85f000-7fc9cf860000 rw-p 00009000 08:02 6561543                    /usr/lib/x86_64-linux-gnu/libXrender.so.1.3.0
7fc9cf860000-7fc9cf990000 r-xp 00000000 08:02 6561504                    /usr/lib/x86_64-linux-gnu/libX11.so.6.3.0
7fc9cf990000-7fc9cfb90000 ---p 00130000 08:02 6561504                    /usr/lib/x86_64-linux-gnu/libX11.so.6.3.0
7fc9cfb90000-7fc9cfb91000 r--p 00130000 08:02 6561504                    /usr/lib/x86_64-linux-gnu/libX11.so.6.3.0
7fc9cfb91000-7fc9cfb95000 rw-p 00131000 08:02 6561504                    /usr/lib/x86_64-linux-gnu/libX11.so.6.3.0
7fc9cfb95000-7fc9cfba6000 r-xp 00000000 08:02 6561521                    /usr/lib/x86_64-linux-gnu/libXext.so.6.4.0
7fc9cfba6000-7fc9cfda5000 ---p 00011000 08:02 6561521                    /usr/lib/x86_64-linux-gnu/libXext.so.6.4.0
7fc9cfda5000-7fc9cfda6000 r--p 00010000 08:02 6561521                    /usr/lib/x86_64-linux-gnu/libXext.so.6.4.0
7fc9cfda6000-7fc9cfda7000 rw-p 00011000 08:02 6561521                    /usr/lib/x86_64-linux-gnu/libXext.so.6.4.0
7fc9cfda7000-7fc9cfdfb000 r-xp 00000000 08:02 8012182                    /usr/bin/processing-3.0/java/lib/amd64/libawt_xawt.so
7fc9cfdfb000-7fc9cfffb000 ---p 00054000 08:02 8012182                    /usr/bin/processing-3.0/java/lib/amd64/libawt_xawt.so
7fc9cfffb000-7fc9cffff000 rw-p 00054000 08:02 8012182                    /usr/bin/processing-3.0/java/lib/amd64/libawt_xawt.so
7fc9cffff000-7fc9d0000000 rw-p 00000000 00:00 0 
7fc9d0000000-7fc9d0021000 rw-p 00000000 00:00 0 
7fc9d0021000-7fc9d4000000 ---p 00000000 00:00 0 
7fc9d4000000-7fc9d4001000 r--s 0000b000 08:02 4591937                    /home/akelly/sketchbook/libraries/minim/library/jsminim.jar
7fc9d4001000-7fc9d4004000 r--s 00017000 08:02 4591933                    /home/akelly/sketchbook/libraries/minim/library/tritonus_share.jar
7fc9d4004000-7fc9d401e000 r--s 01689000 08:02 6569030                    /usr/bin/processing-3.0/core/library/jogl-java-src.zip
7fc9d401e000-7fc9d4021000 ---p 00000000 00:00 0 
7fc9d4021000-7fc9d411f000 rw-p 00000000 00:00 0                          [stack:5151]
7fc9d411f000-7fc9d41c1000 r-xp 00000000 08:02 8012174                    /usr/bin/processing-3.0/java/lib/amd64/libawt.so
7fc9d41c1000-7fc9d43c1000 ---p 000a2000 08:02 8012174                    /usr/bin/processing-3.0/java/lib/amd64/libawt.so
7fc9d43c1000-7fc9d43cd000 rw-p 000a2000 08:02 8012174                    /usr/bin/processing-3.0/java/lib/amd64/libawt.so
7fc9d43cd000-7fc9d43f1000 rw-p 00000000 00:00 0 
7fc9d43f1000-7fc9d43f2000 ---p 00000000 00:00 0 
7fc9d43f2000-7fc9d44f2000 rw-p 00000000 00:00 0                          [stack:5150]
7fc9d44f2000-7fc9d44f5000 ---p 00000000 00:00 0 
7fc9d44f5000-7fc9d45f3000 rw-p 00000000 00:00 0                          [stack:5149]
7fc9d45f3000-7fc9d45f6000 ---p 00000000 00:00 0 
7fc9d45f6000-7fc9d46f4000 rw-p 00000000 00:00 0                          [stack:5148]
7fc9d46f4000-7fc9d46f7000 ---p 00000000 00:00 0 
7fc9d46f7000-7fc9d47f5000 rw-p 00000000 00:00 0                          [stack:5147]
7fc9d47f5000-7fc9d47f8000 ---p 00000000 00:00 0 
7fc9d47f8000-7fc9d48f6000 rw-p 00000000 00:00 0                          [stack:5146]
7fc9d48f6000-7fc9d48f9000 ---p 00000000 00:00 0 
7fc9d48f9000-7fc9d49f7000 rw-p 00000000 00:00 0                          [stack:5140]
7fc9d49f7000-7fc9d49fa000 ---p 00000000 00:00 0 
7fc9d49fa000-7fc9d4af8000 rw-p 00000000 00:00 0                          [stack:5136]
7fc9d4af8000-7fc9d4afb000 ---p 00000000 00:00 0 
7fc9d4afb000-7fc9d4bf9000 rw-p 00000000 00:00 0                          [stack:5135]
7fc9d4bf9000-7fc9d4bfd000 r-xp 00000000 08:02 8012175                    /usr/bin/processing-3.0/java/lib/amd64/libdt_socket.so
7fc9d4bfd000-7fc9d4dfc000 ---p 00004000 08:02 8012175                    /usr/bin/processing-3.0/java/lib/amd64/libdt_socket.so
7fc9d4dfc000-7fc9d4dfd000 rw-p 00003000 08:02 8012175                    /usr/bin/processing-3.0/java/lib/amd64/libdt_socket.so
7fc9d4dfd000-7fc9d4e00000 ---p 00000000 00:00 0 
7fc9d4e00000-7fc9d4efe000 rw-p 00000000 00:00 0                          [stack:5134]
7fc9d4efe000-7fc9d4f01000 ---p 00000000 00:00 0 
7fc9d4f01000-7fc9d4fff000 rw-p 00000000 00:00 0                          [stack:5132]
7fc9d4fff000-7fc9d5002000 ---p 00000000 00:00 0 
7fc9d5002000-7fc9d5100000 rw-p 00000000 00:00 0                          [stack:5131]
7fc9d5100000-7fc9d5101000 ---p 00000000 00:00 0 
7fc9d5101000-7fc9d61e3000 rw-p 00000000 00:00 0                          [stack:5130]
7fc9d61e3000-7fc9d63bb000 r--s 03d0c000 08:02 6695974                    /usr/bin/processing-3.0/java/lib/rt.jar
7fc9d63bb000-7fc9d73f8000 rw-p 00000000 00:00 0 
7fc9d73f8000-7fc9d73f9000 ---p 00000000 00:00 0 
7fc9d73f9000-7fc9d74f9000 rw-p 00000000 00:00 0                          [stack:5129]
7fc9d74f9000-7fc9d74fa000 ---p 00000000 00:00 0 
7fc9d74fa000-7fc9d75fa000 rw-p 00000000 00:00 0                          [stack:5128]
7fc9d75fa000-7fc9d75fb000 ---p 00000000 00:00 0 
7fc9d75fb000-7fc9d774f000 rw-p 00000000 00:00 0                          [stack:5127]
7fc9d774f000-7fc9d7c2b000 ---p 00000000 00:00 0 
7fc9d7c2b000-7fc9d7c7f000 rw-p 00000000 00:00 0 
7fc9d7c7f000-7fc9d815a000 ---p 00000000 00:00 0 
7fc9d815a000-7fc9d83b0000 rw-p 00000000 00:00 0 
7fc9d83b0000-7fc9d83f2000 ---p 00000000 00:00 0 
7fc9d83f2000-7fc9d8415000 rw-p 00000000 00:00 0 
7fc9d8415000-7fc9d87b3000 ---p 00000000 00:00 0 
7fc9d87b3000-7fc9d9003000 rwxp 00000000 00:00 0 
7fc9d9003000-7fc9e77b3000 ---p 00000000 00:00 0 
7fc9e77b3000-7fc9e77cd000 r-xp 00000000 08:02 8012189                    /usr/bin/processing-3.0/java/lib/amd64/libzip.so
7fc9e77cd000-7fc9e79cd000 ---p 0001a000 08:02 8012189                    /usr/bin/processing-3.0/java/lib/amd64/libzip.so
7fc9e79cd000-7fc9e79ce000 rw-p 0001a000 08:02 8012189                    /usr/bin/processing-3.0/java/lib/amd64/libzip.so
7fc9e79ce000-7fc9e79d9000 r-xp 00000000 08:02 13635765                   /lib/x86_64-linux-gnu/libnss_files-2.19.so
7fc9e79d9000-7fc9e7bd8000 ---p 0000b000 08:02 13635765                   /lib/x86_64-linux-gnu/libnss_files-2.19.so
7fc9e7bd8000-7fc9e7bd9000 r--p 0000a000 08:02 13635765                   /lib/x86_64-linux-gnu/libnss_files-2.19.so
7fc9e7bd9000-7fc9e7bda000 rw-p 0000b000 08:02 13635765                   /lib/x86_64-linux-gnu/libnss_files-2.19.so
7fc9e7bda000-7fc9e7be5000 r-xp 00000000 08:02 13635775                   /lib/x86_64-linux-gnu/libnss_nis-2.19.so
7fc9e7be5000-7fc9e7de4000 ---p 0000b000 08:02 13635775                   /lib/x86_64-linux-gnu/libnss_nis-2.19.so
7fc9e7de4000-7fc9e7de5000 r--p 0000a000 08:02 13635775                   /lib/x86_64-linux-gnu/libnss_nis-2.19.so
7fc9e7de5000-7fc9e7de6000 rw-p 0000b000 08:02 13635775                   /lib/x86_64-linux-gnu/libnss_nis-2.19.so
7fc9e7de6000-7fc9e7dfd000 r-xp 00000000 08:02 13635759                   /lib/x86_64-linux-gnu/libnsl-2.19.so
7fc9e7dfd000-7fc9e7ffc000 ---p 00017000 08:02 13635759                   /lib/x86_64-linux-gnu/libnsl-2.19.so
7fc9e7ffc000-7fc9e7ffd000 r--p 00016000 08:02 13635759                   /lib/x86_64-linux-gnu/libnsl-2.19.so
7fc9e7ffd000-7fc9e7ffe000 rw-p 00017000 08:02 13635759                   /lib/x86_64-linux-gnu/libnsl-2.19.so
7fc9e7ffe000-7fc9e8000000 rw-p 00000000 00:00 0 
7fc9e8000000-7fc9e8860000 rw-p 00000000 00:00 0 
7fc9e8860000-7fc9ec000000 ---p 00000000 00:00 0 
7fc9ec000000-7fc9ec003000 r--s 00016000 08:02 4591932                    /home/akelly/sketchbook/libraries/minim/library/minim.jar
7fc9ec003000-7fc9ec00b000 r--s 003d3000 08:02 6569026                    /usr/bin/processing-3.0/core/library/gluegen-java-src.zip
7fc9ec00b000-7fc9ec02c000 rw-p 00000000 00:00 0 
7fc9ec02c000-7fc9ec02d000 ---p 00000000 00:00 0 
7fc9ec02d000-7fc9ec12d000 rw-p 00000000 00:00 0                          [stack:5126]
7fc9ec12d000-7fc9ec136000 r-xp 00000000 08:02 13635761                   /lib/x86_64-linux-gnu/libnss_compat-2.19.so
7fc9ec136000-7fc9ec335000 ---p 00009000 08:02 13635761                   /lib/x86_64-linux-gnu/libnss_compat-2.19.so
7fc9ec335000-7fc9ec336000 r--p 00008000 08:02 13635761                   /lib/x86_64-linux-gnu/libnss_compat-2.19.so
7fc9ec336000-7fc9ec337000 rw-p 00009000 08:02 13635761                   /lib/x86_64-linux-gnu/libnss_compat-2.19.so
7fc9ec337000-7fc9eca19000 r--p 00000000 08:02 6560506                    /usr/lib/locale/locale-archive
7fc9eca19000-7fc9eca1b000 r-xp 00000000 08:02 8012169                    /usr/bin/processing-3.0/java/lib/amd64/libnpt.so
7fc9eca1b000-7fc9ecc1b000 ---p 00002000 08:02 8012169                    /usr/bin/processing-3.0/java/lib/amd64/libnpt.so
7fc9ecc1b000-7fc9ecc1c000 rw-p 00002000 08:02 8012169                    /usr/bin/processing-3.0/java/lib/amd64/libnpt.so
7fc9ecc1c000-7fc9ecc55000 r-xp 00000000 08:02 8012184                    /usr/bin/processing-3.0/java/lib/amd64/libjdwp.so
7fc9ecc55000-7fc9ece54000 ---p 00039000 08:02 8012184                    /usr/bin/processing-3.0/java/lib/amd64/libjdwp.so
7fc9ece54000-7fc9ece56000 rw-p 00038000 08:02 8012184                    /usr/bin/processing-3.0/java/lib/amd64/libjdwp.so
7fc9ece56000-7fc9ece80000 r-xp 00000000 08:02 8012204                    /usr/bin/processing-3.0/java/lib/amd64/libjava.so
7fc9ece80000-7fc9ed080000 ---p 0002a000 08:02 8012204                    /usr/bin/processing-3.0/java/lib/amd64/libjava.so
7fc9ed080000-7fc9ed082000 rw-p 0002a000 08:02 8012204                    /usr/bin/processing-3.0/java/lib/amd64/libjava.so
7fc9ed082000-7fc9ed08f000 r-xp 00000000 08:02 8012148                    /usr/bin/processing-3.0/java/lib/amd64/libverify.so
7fc9ed08f000-7fc9ed28f000 ---p 0000d000 08:02 8012148                    /usr/bin/processing-3.0/java/lib/amd64/libverify.so
7fc9ed28f000-7fc9ed291000 rw-p 0000d000 08:02 8012148                    /usr/bin/processing-3.0/java/lib/amd64/libverify.so
7fc9ed291000-7fc9ed298000 r-xp 00000000 08:02 13635818                   /lib/x86_64-linux-gnu/librt-2.19.so
7fc9ed298000-7fc9ed497000 ---p 00007000 08:02 13635818                   /lib/x86_64-linux-gnu/librt-2.19.so
7fc9ed497000-7fc9ed498000 r--p 00006000 08:02 13635818                   /lib/x86_64-linux-gnu/librt-2.19.so
7fc9ed498000-7fc9ed499000 rw-p 00007000 08:02 13635818                   /lib/x86_64-linux-gnu/librt-2.19.so
7fc9ed499000-7fc9ed59e000 r-xp 00000000 08:02 13635740                   /lib/x86_64-linux-gnu/libm-2.19.so
7fc9ed59e000-7fc9ed79d000 ---p 00105000 08:02 13635740                   /lib/x86_64-linux-gnu/libm-2.19.so
7fc9ed79d000-7fc9ed79e000 r--p 00104000 08:02 13635740                   /lib/x86_64-linux-gnu/libm-2.19.so
7fc9ed79e000-7fc9ed79f000 rw-p 00105000 08:02 13635740                   /lib/x86_64-linux-gnu/libm-2.19.so
7fc9ed79f000-7fc9ee44d000 r-xp 00000000 08:02 8012167                    /usr/bin/processing-3.0/java/lib/amd64/server/libjvm.so
7fc9ee44d000-7fc9ee64d000 ---p 00cae000 08:02 8012167                    /usr/bin/processing-3.0/java/lib/amd64/server/libjvm.so
7fc9ee64d000-7fc9ee724000 rw-p 00cae000 08:02 8012167                    /usr/bin/processing-3.0/java/lib/amd64/server/libjvm.so
7fc9ee724000-7fc9ee768000 rw-p 00000000 00:00 0 
7fc9ee768000-7fc9ee923000 r-xp 00000000 08:02 13635690                   /lib/x86_64-linux-gnu/libc-2.19.so
7fc9ee923000-7fc9eeb22000 ---p 001bb000 08:02 13635690                   /lib/x86_64-linux-gnu/libc-2.19.so
7fc9eeb22000-7fc9eeb26000 r--p 001ba000 08:02 13635690                   /lib/x86_64-linux-gnu/libc-2.19.so
7fc9eeb26000-7fc9eeb28000 rw-p 001be000 08:02 13635690                   /lib/x86_64-linux-gnu/libc-2.19.so
7fc9eeb28000-7fc9eeb2d000 rw-p 00000000 00:00 0 
7fc9eeb2d000-7fc9eeb30000 r-xp 00000000 08:02 13635707                   /lib/x86_64-linux-gnu/libdl-2.19.so
7fc9eeb30000-7fc9eed2f000 ---p 00003000 08:02 13635707                   /lib/x86_64-linux-gnu/libdl-2.19.so
7fc9eed2f000-7fc9eed30000 r--p 00002000 08:02 13635707                   /lib/x86_64-linux-gnu/libdl-2.19.so
7fc9eed30000-7fc9eed31000 rw-p 00003000 08:02 13635707                   /lib/x86_64-linux-gnu/libdl-2.19.so
7fc9eed31000-7fc9eed46000 r-xp 00000000 08:02 8012145                    /usr/bin/processing-3.0/java/lib/amd64/jli/libjli.so
7fc9eed46000-7fc9eef46000 ---p 00015000 08:02 8012145                    /usr/bin/processing-3.0/java/lib/amd64/jli/libjli.so
7fc9eef46000-7fc9eef47000 rw-p 00015000 08:02 8012145                    /usr/bin/processing-3.0/java/lib/amd64/jli/libjli.so
7fc9eef47000-7fc9eef60000 r-xp 00000000 08:02 13635810                   /lib/x86_64-linux-gnu/libpthread-2.19.so
7fc9eef60000-7fc9ef15f000 ---p 00019000 08:02 13635810                   /lib/x86_64-linux-gnu/libpthread-2.19.so
7fc9ef15f000-7fc9ef160000 r--p 00018000 08:02 13635810                   /lib/x86_64-linux-gnu/libpthread-2.19.so
7fc9ef160000-7fc9ef161000 rw-p 00019000 08:02 13635810                   /lib/x86_64-linux-gnu/libpthread-2.19.so
7fc9ef161000-7fc9ef165000 rw-p 00000000 00:00 0 
7fc9ef165000-7fc9ef188000 r-xp 00000000 08:02 13635666                   /lib/x86_64-linux-gnu/ld-2.19.so
7fc9ef188000-7fc9ef189000 r--s 00002000 08:02 4591935                    /home/akelly/sketchbook/libraries/minim/library/tritonus_aos.jar
7fc9ef189000-7fc9ef18a000 r--s 00001000 08:02 6569033                    /usr/bin/processing-3.0/core/library/gluegen-rt-natives-macosx-universal.jar
7fc9ef18a000-7fc9ef18c000 r--s 00038000 08:02 6569032                    /usr/bin/processing-3.0/core/library/jogl-all-natives-windows-amd64.jar
7fc9ef18c000-7fc9ef18d000 r--s 00034000 08:02 6569031                    /usr/bin/processing-3.0/core/library/jogl-all-natives-linux-amd64.jar
7fc9ef18d000-7fc9ef18e000 r--s 00001000 08:02 6569036                    /usr/bin/processing-3.0/core/library/gluegen-rt-natives-windows-i586.jar
7fc9ef18e000-7fc9ef25f000 rw-p 00000000 00:00 0 
7fc9ef25f000-7fc9ef262000 ---p 00000000 00:00 0 
7fc9ef262000-7fc9ef364000 rw-p 00000000 00:00 0                          [stack:5125]
7fc9ef364000-7fc9ef36a000 r--s 0004a000 08:02 6569021                    /usr/bin/processing-3.0/core/library/gluegen-rt.jar
7fc9ef36a000-7fc9ef36b000 r--s 00000000 08:02 6569035                    /usr/bin/processing-3.0/core/library/gluegen-rt-natives-linux-armv6hf.jar
7fc9ef36b000-7fc9ef36c000 r--s 00031000 08:02 6569019                    /usr/bin/processing-3.0/core/library/jogl-all-natives-windows-i586.jar
7fc9ef36c000-7fc9ef36d000 r--s 00001000 08:02 6569022                    /usr/bin/processing-3.0/core/library/gluegen-rt-natives-windows-amd64.jar
7fc9ef36d000-7fc9ef36f000 r--s 0006c000 08:02 6569020                    /usr/bin/processing-3.0/core/library/jogl-all-natives-macosx-universal.jar
7fc9ef36f000-7fc9ef374000 r--s 000f0000 08:02 6569027                    /usr/bin/processing-3.0/core/library/core.jar
7fc9ef374000-7fc9ef376000 r--s 00000000 08:02 6569025                    /usr/bin/processing-3.0/core/library/gluegen-rt-natives-linux-amd64.jar
7fc9ef376000-7fc9ef377000 r--s 00026000 08:02 6569028                    /usr/bin/processing-3.0/core/library/jogl-all-natives-linux-armv6hf.jar
7fc9ef377000-7fc9ef378000 r--s 00032000 08:02 6569024                    /usr/bin/processing-3.0/core/library/jogl-all-natives-linux-i586.jar
7fc9ef378000-7fc9ef37a000 r--s 00000000 08:02 6569023                    /usr/bin/processing-3.0/core/library/gluegen-rt-natives-linux-i586.jar
7fc9ef37a000-7fc9ef37b000 rw-p 00000000 00:00 0 
7fc9ef37b000-7fc9ef383000 rw-s 00000000 08:02 4325819                    /tmp/hsperfdata_akelly/5123
7fc9ef383000-7fc9ef384000 rw-p 00000000 00:00 0 
7fc9ef384000-7fc9ef385000 r--p 00000000 00:00 0 
7fc9ef385000-7fc9ef387000 rw-p 00000000 00:00 0 
7fc9ef387000-7fc9ef388000 r--p 00022000 08:02 13635666                   /lib/x86_64-linux-gnu/ld-2.19.so
7fc9ef388000-7fc9ef389000 rw-p 00023000 08:02 13635666                   /lib/x86_64-linux-gnu/ld-2.19.so
7fc9ef389000-7fc9ef38a000 rw-p 00000000 00:00 0 
7ffcf247a000-7ffcf249d000 rw-p 00000000 00:00 0                          [stack]
7ffcf25df000-7ffcf25e1000 r--p 00000000 00:00 0                          [vvar]
7ffcf25e1000-7ffcf25e3000 r-xp 00000000 00:00 0                          [vdso]
ffffffffff600000-ffffffffff601000 r-xp 00000000 00:00 0                  [vsyscall]

VM Arguments:
jvm_args: -agentlib:jdwp=transport=dt_socket,address=8318,server=y,suspend=y -Djava.library.path=:/usr/bin/processing-3.0/core/library:/home/akelly/sketchbook/libraries/minim/library:/usr/java/packages/lib/amd64:/usr/lib64:/lib64:/lib:/usr/lib -ea 
java_command: processing.core.PApplet --display=1 --sketch-path=/home/akelly/sketchbook/_audioVisualizer/_audioVisualizer/build build
java_class_path (initial): /home/akelly/sketchbook/_audioVisualizer/_audioVisualizer/build/build-tmp:/usr/bin/processing-3.0/core/library/gluegen-rt-natives-linux-i586.jar:/usr/bin/processing-3.0/core/library/jogl-all-natives-linux-i586.jar:/usr/bin/processing-3.0/core/library/jogl-all-natives-linux-armv6hf.jar:/usr/bin/processing-3.0/core/library/gluegen-rt-natives-linux-amd64.jar:/usr/bin/processing-3.0/core/library/core.jar:/usr/bin/processing-3.0/core/library/jogl-all-natives-macosx-universal.jar:/usr/bin/processing-3.0/core/library/gluegen-rt-natives-windows-amd64.jar:/usr/bin/processing-3.0/core/library/jogl-all-natives-windows-i586.jar:/usr/bin/processing-3.0/core/library/gluegen-rt-natives-linux-armv6hf.jar:/usr/bin/processing-3.0/core/library/gluegen-rt.jar:/usr/bin/processing-3.0/core/library/gluegen-rt-natives-windows-i586.jar:/usr/bin/processing-3.0/core/library/jogl-all.jar:/usr/bin/processing-3.0/core/library/jogl-all-natives-linux-amd64.jar:/usr/bin/processing-3.0/core/library/jogl-all-natives-windows-amd64.jar:/usr/bin/processing-3.0/core/library/gluegen-java-src.zip:/usr/bin/processing-3.0/core/library/jogl-java-src.zip:/usr/bin/processing-3.0/core/library/gluegen-rt-natives-macosx-universal.jar:/usr/bin/processing-3.0/core/library/gluegen-rt-natives-linux-i586.jar:/usr/bin/processing-3.0/core/library/jogl-all-natives-linux-i586.jar:/usr/bin/processing-3.0/core/library/jogl-all-natives-linux-armv6hf.jar:/usr/bin/processing-3.0/core/library/gluegen-rt-natives-linux-amd64.jar:/usr/bin/processing-3.0/core/library/core.jar:/usr/bin/processing-3.0/core/library/jogl-all-natives-macosx-universal.jar:/usr/bin/processing-3.0/core/library/gluegen-rt-natives-windows-amd64.jar:/usr/bin/processing-3.0/core/library/jogl-all-natives-windows-i586.jar:/usr/bin/processing-3.0/core/library/gluegen-rt-natives-linux-armv6hf.jar:/usr/bin/processing-3.0/core/library/gluegen-rt.jar:/usr/bin/processing-3.0/core/library/gluegen-rt-natives-windows-i586.jar:/usr/bin/processi
Launcher Type: SUN_STANDARD

Environment Variables:
PATH=/usr/bin/processing-3.0/java/bin:/usr/local/sbin:/usr/local/bin:/usr/sbin:/usr/bin:/sbin:/bin:/usr/games:/usr/local/games
SHELL=/bin/bash
DISPLAY=:0

Signal Handlers:
SIGSEGV: [libjvm.so+0xaad540], sa_mask[0]=11111111011111111101111111111110, sa_flags=SA_RESTART|SA_SIGINFO
SIGBUS: [libjvm.so+0xaad540], sa_mask[0]=11111111011111111101111111111110, sa_flags=SA_RESTART|SA_SIGINFO
SIGFPE: [libjvm.so+0x90b6b0], sa_mask[0]=11111111011111111101111111111110, sa_flags=SA_RESTART|SA_SIGINFO
SIGPIPE: [libjvm.so+0x90b6b0], sa_mask[0]=11111111011111111101111111111110, sa_flags=SA_RESTART|SA_SIGINFO
SIGXFSZ: [libjvm.so+0x90b6b0], sa_mask[0]=11111111011111111101111111111110, sa_flags=SA_RESTART|SA_SIGINFO
SIGILL: [libjvm.so+0x90b6b0], sa_mask[0]=11111111011111111101111111111110, sa_flags=SA_RESTART|SA_SIGINFO
SIGUSR1: SIG_DFL, sa_mask[0]=00000000000000000000000000000000, sa_flags=none
SIGUSR2: [libjvm.so+0x90ccf0], sa_mask[0]=00100000000000000000000000000000, sa_flags=SA_RESTART|SA_SIGINFO
SIGHUP: [libjvm.so+0x90e040], sa_mask[0]=11111111011111111101111111111110, sa_flags=SA_RESTART|SA_SIGINFO
SIGINT: [libjvm.so+0x90e040], sa_mask[0]=11111111011111111101111111111110, sa_flags=SA_RESTART|SA_SIGINFO
SIGTERM: [libjvm.so+0x90e040], sa_mask[0]=11111111011111111101111111111110, sa_flags=SA_RESTART|SA_SIGINFO
SIGQUIT: [libjvm.so+0x90e040], sa_mask[0]=11111111011111111101111111111110, sa_flags=SA_RESTART|SA_SIGINFO


---------------  S Y S T E M  ---------------

OS:DISTRIB_ID=Ubuntu
DISTRIB_RELEASE=14.04
DISTRIB_CODENAME=trusty
DISTRIB_DESCRIPTION="Ubuntu 14.04.3 LTS"

uname:Linux 3.19.0-28-generic #30~14.04.1-Ubuntu SMP Tue Sep 1 09:32:55 UTC 2015 x86_64
libc:glibc 2.19 NPTL 2.19 
rlimit: STACK 8192k, CORE 0k, NPROC 63284, NOFILE 4096, AS infinity
load average:4.53 3.00 1.69

/proc/meminfo:
MemTotal:       16309452 kB
MemFree:         9018848 kB
MemAvailable:   10115520 kB
Buffers:          110748 kB
Cached:          1762020 kB
SwapCached:           40 kB
Active:          6050464 kB
Inactive:         966420 kB
Active(anon):    5363420 kB
Inactive(anon):   431240 kB
Active(file):     687044 kB
Inactive(file):   535180 kB
Unevictable:          92 kB
Mlocked:              92 kB
SwapTotal:      16653308 kB
SwapFree:       16584100 kB
Dirty:               264 kB
Writeback:             0 kB
AnonPages:       5144164 kB
Mapped:           643828 kB
Shmem:            650548 kB
Slab:             128300 kB
SReclaimable:      86784 kB
SUnreclaim:        41516 kB
KernelStack:       12064 kB
PageTables:        58144 kB
NFS_Unstable:          0 kB
Bounce:                0 kB
WritebackTmp:          0 kB
CommitLimit:    24808032 kB
Committed_AS:   11881424 kB
VmallocTotal:   34359738367 kB
VmallocUsed:      385504 kB
VmallocChunk:   34359343192 kB
HardwareCorrupted:     0 kB
AnonHugePages:   3108864 kB
CmaTotal:              0 kB
CmaFree:               0 kB
HugePages_Total:       0
HugePages_Free:        0
HugePages_Rsvd:        0
HugePages_Surp:        0
Hugepagesize:       2048 kB
DirectMap4k:      167340 kB
DirectMap2M:    10194944 kB
DirectMap1G:     6291456 kB


CPU:total 4 (2 cores per cpu, 2 threads per core) family 6 model 61 stepping 4, cmov, cx8, fxsr, mmx, sse, sse2, sse3, ssse3, sse4.1, sse4.2, popcnt, avx, avx2, aes, clmul, erms, rtm, 3dnowpref, lzcnt, ht, tsc, tscinvbit, bmi1, bmi2, adx

/proc/cpuinfo:
processor	: 0
vendor_id	: GenuineIntel
cpu family	: 6
model		: 61
model name	: Intel(R) Core(TM) i7-5600U CPU @ 2.60GHz
stepping	: 4
microcode	: 0x19
cpu MHz		: 1991.843
cache size	: 4096 KB
physical id	: 0
siblings	: 4
core id		: 0
cpu cores	: 2
apicid		: 0
initial apicid	: 0
fpu		: yes
fpu_exception	: yes
cpuid level	: 20
wp		: yes
flags		: fpu vme de pse tsc msr pae mce cx8 apic sep mtrr pge mca cmov pat pse36 clflush dts acpi mmx fxsr sse sse2 ss ht tm pbe syscall nx pdpe1gb rdtscp lm constant_tsc arch_perfmon pebs bts rep_good nopl xtopology nonstop_tsc aperfmperf eagerfpu pni pclmulqdq dtes64 monitor ds_cpl vmx smx est tm2 ssse3 fma cx16 xtpr pdcm pcid sse4_1 sse4_2 x2apic movbe popcnt tsc_deadline_timer aes xsave avx f16c rdrand lahf_lm abm 3dnowprefetch ida arat epb pln pts dtherm tpr_shadow vnmi flexpriority ept vpid fsgsbase tsc_adjust bmi1 hle avx2 smep bmi2 erms invpcid rtm rdseed adx smap xsaveopt
bugs		:
bogomips	: 5188.48
clflush size	: 64
cache_alignment	: 64
address sizes	: 39 bits physical, 48 bits virtual
power management:

processor	: 1
vendor_id	: GenuineIntel
cpu family	: 6
model		: 61
model name	: Intel(R) Core(TM) i7-5600U CPU @ 2.60GHz
stepping	: 4
microcode	: 0x19
cpu MHz		: 1946.039
cache size	: 4096 KB
physical id	: 0
siblings	: 4
core id		: 0
cpu cores	: 2
apicid		: 1
initial apicid	: 1
fpu		: yes
fpu_exception	: yes
cpuid level	: 20
wp		: yes
flags		: fpu vme de pse tsc msr pae mce cx8 apic sep mtrr pge mca cmov pat pse36 clflush dts acpi mmx fxsr sse sse2 ss ht tm pbe syscall nx pdpe1gb rdtscp lm constant_tsc arch_perfmon pebs bts rep_good nopl xtopology nonstop_tsc aperfmperf eagerfpu pni pclmulqdq dtes64 monitor ds_cpl vmx smx est tm2 ssse3 fma cx16 xtpr pdcm pcid sse4_1 sse4_2 x2apic movbe popcnt tsc_deadline_timer aes xsave avx f16c rdrand lahf_lm abm 3dnowprefetch ida arat epb pln pts dtherm tpr_shadow vnmi flexpriority ept vpid fsgsbase tsc_adjust bmi1 hle avx2 smep bmi2 erms invpcid rtm rdseed adx smap xsaveopt
bugs		:
bogomips	: 5188.48
clflush size	: 64
cache_alignment	: 64
address sizes	: 39 bits physical, 48 bits virtual
power management:

processor	: 2
vendor_id	: GenuineIntel
cpu family	: 6
model		: 61
model name	: Intel(R) Core(TM) i7-5600U CPU @ 2.60GHz
stepping	: 4
microcode	: 0x19
cpu MHz		: 1992.046
cache size	: 4096 KB
physical id	: 0
siblings	: 4
core id		: 1
cpu cores	: 2
apicid		: 2
initial apicid	: 2
fpu		: yes
fpu_exception	: yes
cpuid level	: 20
wp		: yes
flags		: fpu vme de pse tsc msr pae mce cx8 apic sep mtrr pge mca cmov pat pse36 clflush dts acpi mmx fxsr sse sse2 ss ht tm pbe syscall nx pdpe1gb rdtscp lm constant_tsc arch_perfmon pebs bts rep_good nopl xtopology nonstop_tsc aperfmperf eagerfpu pni pclmulqdq dtes64 monitor ds_cpl vmx smx est tm2 ssse3 fma cx16 xtpr pdcm pcid sse4_1 sse4_2 x2apic movbe popcnt tsc_deadline_timer aes xsave avx f16c rdrand lahf_lm abm 3dnowprefetch ida arat epb pln pts dtherm tpr_shadow vnmi flexpriority ept vpid fsgsbase tsc_adjust bmi1 hle avx2 smep bmi2 erms invpcid rtm rdseed adx smap xsaveopt
bugs		:
bogomips	: 5188.48
clflush size	: 64
cache_alignment	: 64
address sizes	: 39 bits physical, 48 bits virtual
power management:

processor	: 3
vendor_id	: GenuineIntel
cpu family	: 6
model		: 61
model name	: Intel(R) Core(TM) i7-5600U CPU @ 2.60GHz
stepping	: 4
microcode	: 0x19
cpu MHz		: 2069.132
cache size	: 4096 KB
physical id	: 0
siblings	: 4
core id		: 1
cpu cores	: 2
apicid		: 3
initial apicid	: 3
fpu		: yes
fpu_exception	: yes
cpuid level	: 20
wp		: yes
flags		: fpu vme de pse tsc msr pae mce cx8 apic sep mtrr pge mca cmov pat pse36 clflush dts acpi mmx fxsr sse sse2 ss ht tm pbe syscall nx pdpe1gb rdtscp lm constant_tsc arch_perfmon pebs bts rep_good nopl xtopology nonstop_tsc aperfmperf eagerfpu pni pclmulqdq dtes64 monitor ds_cpl vmx smx est tm2 ssse3 fma cx16 xtpr pdcm pcid sse4_1 sse4_2 x2apic movbe popcnt tsc_deadline_timer aes xsave avx f16c rdrand lahf_lm abm 3dnowprefetch ida arat epb pln pts dtherm tpr_shadow vnmi flexpriority ept vpid fsgsbase tsc_adjust bmi1 hle avx2 smep bmi2 erms invpcid rtm rdseed adx smap xsaveopt
bugs		:
bogomips	: 5188.48
clflush size	: 64
cache_alignment	: 64
address sizes	: 39 bits physical, 48 bits virtual
power management:



Memory: 4k page, physical 16309452k(9018848k free), swap 16653308k(16584100k free)

vm_info: Java HotSpot(TM) 64-Bit Server VM (25.51-b03) for linux-amd64 JRE (1.8.0_51-b16), built on Jun  8 2015 19:28:07 by "java_re" with gcc 4.3.0 20080428 (Red Hat 4.3.0-8)

time: Sat Oct 10 15:07:47 2015
elapsed time: 351 seconds (0d 0h 5m 51s)

