#
# A fatal error has been detected by the Java Runtime Environment:
#
#  SIGSEGV (0xb) at pc=0x00007f5101cad998, pid=10763, tid=139987430905600
#
# JRE version: Java(TM) SE Runtime Environment (8.0_51-b16) (build 1.8.0_51-b16)
# Java VM: Java HotSpot(TM) 64-Bit Server VM (25.51-b03 mixed mode linux-amd64 compressed oops)
# Problematic frame:
# C  [i965_dri.so+0x3c9998]
#
# Failed to write core dump. Core dumps have been disabled. To enable core dumping, try "ulimit -c unlimited" before starting Java again
#
# If you would like to submit a bug report, please visit:
#   http://bugreport.java.com/bugreport/crash.jsp
# The crash happened outside the Java Virtual Machine in native code.
# See problematic frame for where to report the bug.
#

---------------  T H R E A D  ---------------

Current thread (0x00007f517869b800):  JavaThread "main-Display-.x11_:0-1-EDT-1" daemon [_thread_in_native, id=10803, stack(0x00007f515d079000,0x00007f515d17a000)]

siginfo: si_signo: 11 (SIGSEGV), si_code: 1 (SEGV_MAPERR), si_addr: 0x0000000100000000

Registers:
RAX=0x00007f5101cad990, RBX=0x00007f50e404f900, RCX=0x0000000000000000, RDX=0x0000000000000001
RSP=0x00007f515d177210, RBP=0x00007f50fc0222b0, RSI=0x00007f50e404f9e0, RDI=0x0000000100000000
R8 =0x0000000000000000, R9 =0x00007f515ca26fc0, R10=0x00007f51696c2a47, R11=0x00000000d8e82fbc
R12=0x00007f50fc01fd60, R13=0x0000000000000000, R14=0x00007f50fc0234a0, R15=0x0000000000000000
RIP=0x00007f5101cad998, EFLAGS=0x0000000000010202, CSGSFS=0x0000000000000033, ERR=0x0000000000000004
  TRAPNO=0x000000000000000e

Top of Stack: (sp=0x00007f515d177210)
0x00007f515d177210:   00007f515d177300 0000000000000000
0x00007f515d177220:   00007f50e404f900 00007f50fc0222b0
0x00007f515d177230:   00007f50fc01fd60 00007f515ca2704e
0x00007f515d177240:   00007f515d177278 00007f515cc74660
0x00007f515d177250:   00007f50fc014b10 00007f5100000000
0x00007f515d177260:   0000000000000000 0000000000000000
0x00007f515d177270:   00007f515d177580 00007f50e404f900
0x00007f515d177280:   0000000004200002 00000007c00fdca0
0x00007f515d177290:   00007f515d177300 0000000000000000
0x00007f515d1772a0:   00007f515d177598 00007f515d177340
0x00007f515d1772b0:   00007f517869b800 00007f51031c5ba7
0x00007f515d1772c0:   00007f511c2488b0 00007f515ca00ab0
0x00007f515d1772d0:   0000000004200002 00007f50fc014b10
0x00007f515d1772e0:   00007f515d177340 00007f517869b9f8
0x00007f515d1772f0:   00007f515cda9510 00007f515ca00ab0
0x00007f515d177300:   00007f515d177350 00007f51696c2abd
0x00007f515d177310:   fffffffe00000000 0000000000000000
0x00007f515d177320:   0000000000000000 00007f511c248c88
0x00007f515d177330:   00000000000003d8 0000000000001388
0x00007f515d177340:   00000006c760a198 0000000000001388
0x00007f515d177350:   00007f515d1775e0 00007f51696c387c
0x00007f515d177360:   00000006c7457dc8 00007f517869b800
0x00007f515d177370:   0000000000000000 0000000000000000
0x00007f515d177380:   0000000000000007 00007f516970b1d4
0x00007f515d177390:   0000000000000007 00007f51696fd22c
0x00007f515d1773a0:   00007f51690055d0 00000006c7457db8
0x00007f515d1773b0:   00000006c7457dc8 00000006c7457dd8
0x00007f515d1773c0:   00007f51d8e8afbb 00007f516902df03
0x00007f515d1773d0:   0000000000000031 00007f5100000000
0x00007f515d1773e0:   00007f515d1775e0 00007f5169647e64
0x00007f515d1773f0:   00007f515d177598 00007f516902df03
0x00007f515d177400:   00007f51690055d0 00007f5100000000 

Instructions: (pc=0x00007f5101cad998)
0x00007f5101cad978:   0f 1f 84 00 00 00 00 00 48 83 c4 10 5b 5d 41 5c
0x00007f5101cad988:   c3 0f 1f 80 00 00 00 00 41 54 55 53 48 83 ec 10
0x00007f5101cad998:   48 8b 1f 48 85 db 74 3d f6 83 48 05 00 00 01 49
0x00007f5101cad9a8:   89 f4 89 cd 75 72 83 e2 01 75 5d 83 e5 fd 74 38 

Register to memory mapping:

RAX=0x00007f5101cad990: <offset 0x3c9990> in /usr/lib/x86_64-linux-gnu/dri/i965_dri.so at 0x00007f51018e4000
RBX=0x00007f50e404f900 is an unknown value
RCX=0x0000000000000000 is an unknown value
RDX=0x0000000000000001 is an unknown value
RSP=0x00007f515d177210 is pointing into the stack for thread: 0x00007f517869b800
RBP=0x00007f50fc0222b0 is an unknown value
RSI=0x00007f50e404f9e0 is an unknown value
RDI=0x0000000100000000 is an unknown value
R8 =0x0000000000000000 is an unknown value
R9 =0x00007f515ca26fc0: <offset 0x42fc0> in /usr/lib/x86_64-linux-gnu/mesa/libGL.so.1 at 0x00007f515c9e4000
R10=0x00007f51696c2a47 is at entry_point+71 in (nmethod*)0x00007f51696c2890
R11=0x00000000d8e82fbc is an unknown value
R12=0x00007f50fc01fd60 is an unknown value
R13=0x0000000000000000 is an unknown value
R14=0x00007f50fc0234a0 is an unknown value
R15=0x0000000000000000 is an unknown value


Stack: [0x00007f515d079000,0x00007f515d17a000],  sp=0x00007f515d177210,  free space=1016k
Native frames: (J=compiled Java code, j=interpreted, Vv=VM code, C=native code)
C  [i965_dri.so+0x3c9998]

Java frames: (J=compiled Java code, j=interpreted, Vv=VM code)
J 1771  jogamp.opengl.x11.glx.GLX.dispatch_glXSwapBuffers0(JJJ)V (0 bytes) @ 0x00007f51696c2a47 [0x00007f51696c2a00+0x47]
J 1770 C1 jogamp.opengl.x11.glx.GLX.glXSwapBuffers(JJ)V (45 bytes) @ 0x00007f51696c387c [0x00007f51696c2e60+0xa1c]
J 1769 C1 jogamp.opengl.x11.glx.X11GLXDrawable.swapBuffersImpl(Z)V (21 bytes) @ 0x00007f51696c264c [0x00007f51696c23a0+0x2ac]
J 1705 C1 jogamp.opengl.GLDrawableImpl.swapBuffers()V (138 bytes) @ 0x00007f5169687074 [0x00007f51696869a0+0x6d4]
j  jogamp.opengl.GLAutoDrawableBase.defaultSwapBuffers()V+23
j  com.jogamp.newt.opengl.GLWindow.swapBuffers()V+1
j  processing.opengl.PJOGL.swapBuffers()V+15
j  processing.opengl.PGraphicsOpenGL.dispose()V+15
j  processing.core.PApplet.dispose()V+28
j  processing.opengl.PSurfaceJOGL$NEWTWindowListener.windowDestroyNotify(Lcom/jogamp/newt/event/WindowEvent;)V+7
j  jogamp.newt.WindowImpl.consumeWindowEvent(Lcom/jogamp/newt/event/WindowEvent;)V+254
j  jogamp.newt.WindowImpl.sendWindowEvent(I)V+14
j  jogamp.newt.WindowImpl$1.run()V+143
j  jogamp.newt.DisplayImpl.runOnEDTIfAvail(ZLjava/lang/Runnable;)V+172
j  jogamp.newt.WindowImpl.runOnEDTIfAvail(ZLjava/lang/Runnable;)V+36
j  jogamp.newt.WindowImpl.destroy()V+11
j  com.jogamp.newt.opengl.GLWindow.destroy()V+4
j  jogamp.opengl.GLAutoDrawableBase.destroyAvoidAwareOfLocking()V+31
j  jogamp.opengl.GLAutoDrawableBase.defaultWindowDestroyNotifyOp()V+43
j  com.jogamp.newt.opengl.GLWindow.access$000(Lcom/jogamp/newt/opengl/GLWindow;)V+1
j  com.jogamp.newt.opengl.GLWindow$1.run()V+4
j  jogamp.newt.WindowImpl.windowDestroyNotify(Z)Z+147
v  ~StubRoutines::call_stub
J 1532  jogamp.newt.driver.x11.DisplayDriver.DispatchMessages0(JJJII)V (0 bytes) @ 0x00007f51695e3e7f [0x00007f51695e3e40+0x3f]
J 1531 C1 jogamp.newt.driver.x11.DisplayDriver.dispatchMessagesNative()V (66 bytes) @ 0x00007f51695e9914 [0x00007f51695e9580+0x394]
J 1444 C1 jogamp.newt.DisplayImpl.dispatchMessages()V (116 bytes) @ 0x00007f5169588774 [0x00007f5169587d20+0xa54]
J 1443 C1 jogamp.newt.DisplayImpl$7.run()V (8 bytes) @ 0x00007f5169581e0c [0x00007f5169581d00+0x10c]
j  jogamp.newt.DefaultEDTUtil$NEDT.run()V+67
v  ~StubRoutines::call_stub

---------------  P R O C E S S  ---------------

Java Threads: ( => current thread )
  0x00007f50e4131800 JavaThread "Thread-6" [_thread_blocked, id=10825, stack(0x00007f515da40000,0x00007f515db41000)]
  0x00007f50e411d800 JavaThread "Java Sound Event Dispatcher" daemon [_thread_blocked, id=10820, stack(0x00007f50f7219000,0x00007f50f731a000)]
  0x00007f517800f800 JavaThread "DestroyJavaVM" [_thread_blocked, id=10764, stack(0x00007f517fe17000,0x00007f517ff18000)]
  0x00007f517870a800 JavaThread "Thread-2" [_thread_blocked, id=10806, stack(0x00007f5100002000,0x00007f5100103000)]
  0x00007f51786fa000 JavaThread "main-SharedResourceRunner" daemon [_thread_blocked, id=10805, stack(0x00007f5148078000,0x00007f5148179000)]
  0x00007f51786d0800 JavaThread "main-SharedResourceRunner" daemon [_thread_blocked, id=10804, stack(0x00007f515c08a000,0x00007f515c18b000)]
=>0x00007f517869b800 JavaThread "main-Display-.x11_:0-1-EDT-1" daemon [_thread_in_native, id=10803, stack(0x00007f515d079000,0x00007f515d17a000)]
  0x00007f51784fe800 JavaThread "process reaper" daemon [_thread_blocked, id=10796, stack(0x00007f515e896000,0x00007f515e8cf000)]
  0x00007f51782ac000 JavaThread "AWT-XAWT" daemon [_thread_in_native, id=10792, stack(0x00007f515ed25000,0x00007f515ee26000)]
  0x00007f517828c000 JavaThread "Java2D Disposer" daemon [_thread_blocked, id=10791, stack(0x00007f515f236000,0x00007f515f337000)]
  0x00007f51780d9000 JavaThread "Service Thread" daemon [_thread_blocked, id=10789, stack(0x00007f51650a2000,0x00007f51651a3000)]
  0x00007f51780d3000 JavaThread "C1 CompilerThread2" daemon [_thread_blocked, id=10788, stack(0x00007f51651a3000,0x00007f51652a4000)]
  0x00007f51780d1800 JavaThread "C2 CompilerThread1" daemon [_thread_blocked, id=10787, stack(0x00007f51652a4000,0x00007f51653a5000)]
  0x00007f51780ce800 JavaThread "C2 CompilerThread0" daemon [_thread_blocked, id=10786, stack(0x00007f51653a5000,0x00007f51654a6000)]
  0x00007f5138001000 JavaThread "JDWP Command Reader" daemon [_thread_in_native, id=10780, stack(0x00007f51654a6000,0x00007f51655a7000)]
  0x00007f51780cc800 JavaThread "JDWP Event Helper Thread" daemon [_thread_blocked, id=10775, stack(0x00007f51655a7000,0x00007f51656a8000)]
  0x00007f51780c9000 JavaThread "JDWP Transport Listener: dt_socket" daemon [_thread_blocked, id=10774, stack(0x00007f51656a8000,0x00007f51657a9000)]
  0x00007f51780bb800 JavaThread "Signal Dispatcher" daemon [_thread_blocked, id=10773, stack(0x00007f51659ad000,0x00007f5165aae000)]
  0x00007f5178084800 JavaThread "Finalizer" daemon [_thread_blocked, id=10772, stack(0x00007f5165aae000,0x00007f5165baf000)]
  0x00007f5178082800 JavaThread "Reference Handler" daemon [_thread_blocked, id=10771, stack(0x00007f5165baf000,0x00007f5165cb0000)]

Other Threads:
  0x00007f517807d000 VMThread [stack: 0x00007f5165cb0000,0x00007f5165db1000] [id=10770]
  0x00007f51780db800 WatcherThread [stack: 0x00007f5164fa1000,0x00007f51650a2000] [id=10790]

VM state:not at safepoint (normal execution)

VM Mutex/Monitor currently owned by a thread: None

Heap:
 PSYoungGen      total 31744K, used 10032K [0x000000076d100000, 0x000000076f100000, 0x00000007c0000000)
  eden space 31232K, 32% used [0x000000076d100000,0x000000076dac41a0,0x000000076ef80000)
  from space 512K, 6% used [0x000000076f080000,0x000000076f088000,0x000000076f100000)
  to   space 512K, 0% used [0x000000076f000000,0x000000076f000000,0x000000076f080000)
 ParOldGen       total 171008K, used 9994K [0x00000006c7200000, 0x00000006d1900000, 0x000000076d100000)
  object space 171008K, 5% used [0x00000006c7200000,0x00000006c7bc2890,0x00000006d1900000)
 Metaspace       used 17420K, capacity 17650K, committed 17792K, reserved 1064960K
  class space    used 1551K, capacity 1630K, committed 1664K, reserved 1048576K

Card table byte_map: [0x00007f5168838000,0x00007f5169000000] byte_map_base: 0x00007f51651ff000

Marking Bits: (ParMarkBitMap*) 0x00007f517f2f5660
 Begin Bits: [0x00007f5148390000, 0x00007f514c1c8000)
 End Bits:   [0x00007f514c1c8000, 0x00007f5150000000)

Polling page: 0x00007f517ff3c000

CodeCache: size=245760Kb used=7234Kb max_used=7359Kb free=238525Kb
 bounds [0x00007f5169000000, 0x00007f5169740000, 0x00007f5178000000]
 total_blobs=2808 nmethods=1853 adapters=877
 compilation: enabled

Compilation events (10 events):
Event: 37.125 Thread 0x00007f51780d1800 1904       4       build::myAudioDataWidget (93 bytes)
Event: 37.136 Thread 0x00007f51780ce800 1905       4       build::myAudioDataUpdate (82 bytes)
Event: 37.138 Thread 0x00007f51780d1800 nmethod 1904 0x00007f5169119f10 code [0x00007f516911a120, 0x00007f516911aaf8]
Event: 37.142 Thread 0x00007f51780ce800 nmethod 1905 0x00007f5169718050 code [0x00007f51697181c0, 0x00007f51697184e8]
Event: 39.373 Thread 0x00007f51780d1800 1906       4       jogamp.nativewindow.ResourceToolkitLock::lock (50 bytes)
Event: 39.376 Thread 0x00007f51780ce800 1907       4       jogamp.nativewindow.ResourceToolkitLock::unlock (50 bytes)
Event: 39.377 Thread 0x00007f51780d1800 nmethod 1906 0x00007f516970af90 code [0x00007f516970b100, 0x00007f516970b568]
Event: 39.379 Thread 0x00007f51780ce800 nmethod 1907 0x00007f516910a050 code [0x00007f516910a1c0, 0x00007f516910a5a8]
Event: 42.244 Thread 0x00007f51780d1800 1908       4       processing.opengl.PGraphicsOpenGL$TexCache::addTexture (85 bytes)
Event: 42.250 Thread 0x00007f51780d1800 nmethod 1908 0x00007f51691095d0 code [0x00007f5169109760, 0x00007f5169109c78]

GC Heap History (10 events):
Event: 40.898 GC heap before
{Heap before GC invocations=78 (full 0):
 PSYoungGen      total 31744K, used 31296K [0x000000076d100000, 0x000000076f100000, 0x00000007c0000000)
  eden space 31232K, 100% used [0x000000076d100000,0x000000076ef80000,0x000000076ef80000)
  from space 512K, 12% used [0x000000076f000000,0x000000076f010000,0x000000076f080000)
  to   space 512K, 0% used [0x000000076f080000,0x000000076f080000,0x000000076f100000)
 ParOldGen       total 171008K, used 9994K [0x00000006c7200000, 0x00000006d1900000, 0x000000076d100000)
  object space 171008K, 5% used [0x00000006c7200000,0x00000006c7bc2890,0x00000006d1900000)
 Metaspace       used 17419K, capacity 17650K, committed 17792K, reserved 1064960K
  class space    used 1551K, capacity 1630K, committed 1664K, reserved 1048576K
Event: 40.899 GC heap after
Heap after GC invocations=78 (full 0):
 PSYoungGen      total 31744K, used 32K [0x000000076d100000, 0x000000076f100000, 0x00000007c0000000)
  eden space 31232K, 0% used [0x000000076d100000,0x000000076d100000,0x000000076ef80000)
  from space 512K, 6% used [0x000000076f080000,0x000000076f088000,0x000000076f100000)
  to   space 512K, 0% used [0x000000076f000000,0x000000076f000000,0x000000076f080000)
 ParOldGen       total 171008K, used 9994K [0x00000006c7200000, 0x00000006d1900000, 0x000000076d100000)
  object space 171008K, 5% used [0x00000006c7200000,0x00000006c7bc2890,0x00000006d1900000)
 Metaspace       used 17419K, capacity 17650K, committed 17792K, reserved 1064960K
  class space    used 1551K, capacity 1630K, committed 1664K, reserved 1048576K
}
Event: 41.236 GC heap before
{Heap before GC invocations=79 (full 0):
 PSYoungGen      total 31744K, used 31264K [0x000000076d100000, 0x000000076f100000, 0x00000007c0000000)
  eden space 31232K, 100% used [0x000000076d100000,0x000000076ef80000,0x000000076ef80000)
  from space 512K, 6% used [0x000000076f080000,0x000000076f088000,0x000000076f100000)
  to   space 512K, 0% used [0x000000076f000000,0x000000076f000000,0x000000076f080000)
 ParOldGen       total 171008K, used 9994K [0x00000006c7200000, 0x00000006d1900000, 0x000000076d100000)
  object space 171008K, 5% used [0x00000006c7200000,0x00000006c7bc2890,0x00000006d1900000)
 Metaspace       used 17419K, capacity 17650K, committed 17792K, reserved 1064960K
  class space    used 1551K, capacity 1630K, committed 1664K, reserved 1048576K
Event: 41.237 GC heap after
Heap after GC invocations=79 (full 0):
 PSYoungGen      total 31744K, used 64K [0x000000076d100000, 0x000000076f100000, 0x00000007c0000000)
  eden space 31232K, 0% used [0x000000076d100000,0x000000076d100000,0x000000076ef80000)
  from space 512K, 12% used [0x000000076f000000,0x000000076f010000,0x000000076f080000)
  to   space 512K, 0% used [0x000000076f080000,0x000000076f080000,0x000000076f100000)
 ParOldGen       total 171008K, used 9994K [0x00000006c7200000, 0x00000006d1900000, 0x000000076d100000)
  object space 171008K, 5% used [0x00000006c7200000,0x00000006c7bc2890,0x00000006d1900000)
 Metaspace       used 17419K, capacity 17650K, committed 17792K, reserved 1064960K
  class space    used 1551K, capacity 1630K, committed 1664K, reserved 1048576K
}
Event: 41.561 GC heap before
{Heap before GC invocations=80 (full 0):
 PSYoungGen      total 31744K, used 31296K [0x000000076d100000, 0x000000076f100000, 0x00000007c0000000)
  eden space 31232K, 100% used [0x000000076d100000,0x000000076ef80000,0x000000076ef80000)
  from space 512K, 12% used [0x000000076f000000,0x000000076f010000,0x000000076f080000)
  to   space 512K, 0% used [0x000000076f080000,0x000000076f080000,0x000000076f100000)
 ParOldGen       total 171008K, used 9994K [0x00000006c7200000, 0x00000006d1900000, 0x000000076d100000)
  object space 171008K, 5% used [0x00000006c7200000,0x00000006c7bc2890,0x00000006d1900000)
 Metaspace       used 17419K, capacity 17650K, committed 17792K, reserved 1064960K
  class space    used 1551K, capacity 1630K, committed 1664K, reserved 1048576K
Event: 41.562 GC heap after
Heap after GC invocations=80 (full 0):
 PSYoungGen      total 31744K, used 96K [0x000000076d100000, 0x000000076f100000, 0x00000007c0000000)
  eden space 31232K, 0% used [0x000000076d100000,0x000000076d100000,0x000000076ef80000)
  from space 512K, 18% used [0x000000076f080000,0x000000076f098000,0x000000076f100000)
  to   space 512K, 0% used [0x000000076f000000,0x000000076f000000,0x000000076f080000)
 ParOldGen       total 171008K, used 9994K [0x00000006c7200000, 0x00000006d1900000, 0x000000076d100000)
  object space 171008K, 5% used [0x00000006c7200000,0x00000006c7bc2890,0x00000006d1900000)
 Metaspace       used 17419K, capacity 17650K, committed 17792K, reserved 1064960K
  class space    used 1551K, capacity 1630K, committed 1664K, reserved 1048576K
}
Event: 41.937 GC heap before
{Heap before GC invocations=81 (full 0):
 PSYoungGen      total 31744K, used 31328K [0x000000076d100000, 0x000000076f100000, 0x00000007c0000000)
  eden space 31232K, 100% used [0x000000076d100000,0x000000076ef80000,0x000000076ef80000)
  from space 512K, 18% used [0x000000076f080000,0x000000076f098000,0x000000076f100000)
  to   space 512K, 0% used [0x000000076f000000,0x000000076f000000,0x000000076f080000)
 ParOldGen       total 171008K, used 9994K [0x00000006c7200000, 0x00000006d1900000, 0x000000076d100000)
  object space 171008K, 5% used [0x00000006c7200000,0x00000006c7bc2890,0x00000006d1900000)
 Metaspace       used 17419K, capacity 17650K, committed 17792K, reserved 1064960K
  class space    used 1551K, capacity 1630K, committed 1664K, reserved 1048576K
Event: 41.938 GC heap after
Heap after GC invocations=81 (full 0):
 PSYoungGen      total 31744K, used 64K [0x000000076d100000, 0x000000076f100000, 0x00000007c0000000)
  eden space 31232K, 0% used [0x000000076d100000,0x000000076d100000,0x000000076ef80000)
  from space 512K, 12% used [0x000000076f000000,0x000000076f010000,0x000000076f080000)
  to   space 512K, 0% used [0x000000076f080000,0x000000076f080000,0x000000076f100000)
 ParOldGen       total 171008K, used 9994K [0x00000006c7200000, 0x00000006d1900000, 0x000000076d100000)
  object space 171008K, 5% used [0x00000006c7200000,0x00000006c7bc2890,0x00000006d1900000)
 Metaspace       used 17419K, capacity 17650K, committed 17792K, reserved 1064960K
  class space    used 1551K, capacity 1630K, committed 1664K, reserved 1048576K
}
Event: 42.307 GC heap before
{Heap before GC invocations=82 (full 0):
 PSYoungGen      total 31744K, used 31296K [0x000000076d100000, 0x000000076f100000, 0x00000007c0000000)
  eden space 31232K, 100% used [0x000000076d100000,0x000000076ef80000,0x000000076ef80000)
  from space 512K, 12% used [0x000000076f000000,0x000000076f010000,0x000000076f080000)
  to   space 512K, 0% used [0x000000076f080000,0x000000076f080000,0x000000076f100000)
 ParOldGen       total 171008K, used 9994K [0x00000006c7200000, 0x00000006d1900000, 0x000000076d100000)
  object space 171008K, 5% used [0x00000006c7200000,0x00000006c7bc2890,0x00000006d1900000)
 Metaspace       used 17419K, capacity 17650K, committed 17792K, reserved 1064960K
  class space    used 1551K, capacity 1630K, committed 1664K, reserved 1048576K
Event: 42.308 GC heap after
Heap after GC invocations=82 (full 0):
 PSYoungGen      total 31744K, used 32K [0x000000076d100000, 0x000000076f100000, 0x00000007c0000000)
  eden space 31232K, 0% used [0x000000076d100000,0x000000076d100000,0x000000076ef80000)
  from space 512K, 6% used [0x000000076f080000,0x000000076f088000,0x000000076f100000)
  to   space 512K, 0% used [0x000000076f000000,0x000000076f000000,0x000000076f080000)
 ParOldGen       total 171008K, used 9994K [0x00000006c7200000, 0x00000006d1900000, 0x000000076d100000)
  object space 171008K, 5% used [0x00000006c7200000,0x00000006c7bc2890,0x00000006d1900000)
 Metaspace       used 17419K, capacity 17650K, committed 17792K, reserved 1064960K
  class space    used 1551K, capacity 1630K, committed 1664K, reserved 1048576K
}

Deoptimization events (10 events):
Event: 1.756 Thread 0x00007f517800f800 Uncommon trap: reason=unstable_if action=reinterpret pc=0x00007f51693aab2c method=java.lang.reflect.AccessibleObject.setAccessible0(Ljava/lang/reflect/AccessibleObject;Z)V @ 4
Event: 1.884 Thread 0x00007f517870c800 Uncommon trap: reason=unstable_if action=reinterpret pc=0x00007f51692d67f4 method=sun.misc.MetaIndex.mayContain(Ljava/lang/String;)Z @ 38
Event: 1.886 Thread 0x00007f517870c800 Uncommon trap: reason=unstable_if action=reinterpret pc=0x00007f51693af4b4 method=java.util.StringTokenizer.scanToken(I)I @ 7
Event: 1.941 Thread 0x00007f517870c800 Uncommon trap: reason=unstable_if action=reinterpret pc=0x00007f51693d3e4c method=javax.sound.sampled.AudioFormat.matches(Ljavax/sound/sampled/AudioFormat;)Z @ 112
Event: 2.138 Thread 0x00007f50e4131800 Uncommon trap: reason=unstable_if action=reinterpret pc=0x00007f51693f6ed0 method=ddf.minim.javasound.FloatSampleTools.quantize16(FF)I @ 21
Event: 2.210 Thread 0x00007f517870c800 Uncommon trap: reason=unstable_if action=reinterpret pc=0x00007f5169451974 method=processing.opengl.PGraphicsOpenGL$Tessellator.addLineSegment3D(IIIII[SZ)I @ 68
Event: 5.264 Thread 0x00007f50e4131800 Uncommon trap: reason=unstable_if action=reinterpret pc=0x00007f516956a614 method=ddf.minim.javasound.FloatSampleTools.quantize16(FF)I @ 32
Event: 5.539 Thread 0x00007f50e4131800 Uncommon trap: reason=unstable_if action=reinterpret pc=0x00007f516949c550 method=ddf.minim.javasound.FloatSampleTools.quantize16(FF)I @ 32
Event: 6.252 Thread 0x00007f517870c800 Uncommon trap: reason=unstable_if action=reinterpret pc=0x00007f5169567158 method=sun.misc.FloatingDecimal$BinaryToASCIIBuffer.dtoa(IJIZ)V @ 714
Event: 30.824 Thread 0x00007f517870c800 Uncommon trap: reason=unstable_if action=reinterpret pc=0x00007f516964419c method=sun.misc.FloatingDecimal$BinaryToASCIIBuffer.dtoa(IJIZ)V @ 1459

Internal exceptions (10 events):
Event: 0.573 Thread 0x00007f517800f800 Exception <a 'java/security/PrivilegedActionException'> (0x000000076d7b0d20) thrown at [/HUDSON/workspace/8-2-build-linux-amd64/jdk8u51/3951/hotspot/src/share/vm/prims/jvm.cpp, line 1382]
Event: 0.573 Thread 0x00007f517800f800 Exception <a 'java/security/PrivilegedActionException'> (0x000000076d7b0ed8) thrown at [/HUDSON/workspace/8-2-build-linux-amd64/jdk8u51/3951/hotspot/src/share/vm/prims/jvm.cpp, line 1382]
Event: 0.574 Thread 0x00007f517800f800 Exception <a 'java/security/PrivilegedActionException'> (0x000000076d7b3190) thrown at [/HUDSON/workspace/8-2-build-linux-amd64/jdk8u51/3951/hotspot/src/share/vm/prims/jvm.cpp, line 1382]
Event: 0.574 Thread 0x00007f517800f800 Exception <a 'java/security/PrivilegedActionException'> (0x000000076d7b3348) thrown at [/HUDSON/workspace/8-2-build-linux-amd64/jdk8u51/3951/hotspot/src/share/vm/prims/jvm.cpp, line 1382]
Event: 0.580 Thread 0x00007f517800f800 Exception <a 'java/io/FileNotFoundException'> (0x000000076d7bd0a0) thrown at [/HUDSON/workspace/8-2-build-linux-amd64/jdk8u51/3951/hotspot/src/share/vm/prims/jni.cpp, line 709]
Event: 0.580 Thread 0x00007f517800f800 Exception <a 'java/io/FileNotFoundException'> (0x000000076d7bda28) thrown at [/HUDSON/workspace/8-2-build-linux-amd64/jdk8u51/3951/hotspot/src/share/vm/prims/jni.cpp, line 709]
Event: 0.667 Thread 0x00007f517800f800 Exception <a 'java/lang/NoSuchFieldError': method resolution failed> (0x000000076d8c3988) thrown at [/HUDSON/workspace/8-2-build-linux-amd64/jdk8u51/3951/hotspot/src/share/vm/prims/methodHandles.cpp, line 1125]
Event: 0.670 Thread 0x00007f517800f800 Exception <a 'java/lang/NoSuchFieldError': method resolution failed> (0x000000076d8d2348) thrown at [/HUDSON/workspace/8-2-build-linux-amd64/jdk8u51/3951/hotspot/src/share/vm/prims/methodHandles.cpp, line 1125]
Event: 1.585 Thread 0x00007f517800f800 Exception <a 'java/lang/InterruptedException'> (0x000000076f3d52c0) thrown at [/HUDSON/workspace/8-2-build-linux-amd64/jdk8u51/3951/hotspot/src/share/vm/runtime/objectMonitor.cpp, line 1683]
Event: 1.751 Thread 0x00007f517800f800 Exception <a 'java/lang/InterruptedException'> (0x000000076f3e0760) thrown at [/HUDSON/workspace/8-2-build-linux-amd64/jdk8u51/3951/hotspot/src/share/vm/runtime/objectMonitor.cpp, line 1683]

Events (10 events):
Event: 42.358 Thread 0x00007f517870c800 DEOPT PACKING pc=0x00007f5169676cac sp=0x00007f50f7bb9070
Event: 42.358 Thread 0x00007f517870c800 DEOPT UNPACKING pc=0x00007f5169047633 sp=0x00007f50f7bb8dc8 mode 1
Event: 42.389 Thread 0x00007f517870c800 DEOPT PACKING pc=0x00007f51696a4c89 sp=0x00007f50f7bb8fe0
Event: 42.389 Thread 0x00007f517870c800 DEOPT UNPACKING pc=0x00007f5169047633 sp=0x00007f50f7bb8d78 mode 1
Event: 42.389 Thread 0x00007f517870c800 DEOPT PACKING pc=0x00007f5169676cac sp=0x00007f50f7bb9070
Event: 42.389 Thread 0x00007f517870c800 DEOPT UNPACKING pc=0x00007f5169047633 sp=0x00007f50f7bb8dc8 mode 1
Event: 42.419 Thread 0x00007f517870c800 DEOPT PACKING pc=0x00007f51696a4c89 sp=0x00007f50f7bb8fe0
Event: 42.419 Thread 0x00007f517870c800 DEOPT UNPACKING pc=0x00007f5169047633 sp=0x00007f50f7bb8d78 mode 1
Event: 42.419 Thread 0x00007f517870c800 DEOPT PACKING pc=0x00007f5169676cac sp=0x00007f50f7bb9070
Event: 42.419 Thread 0x00007f517870c800 DEOPT UNPACKING pc=0x00007f5169047633 sp=0x00007f50f7bb8dc8 mode 1


Dynamic libraries:
00400000-00401000 r-xp 00000000 08:02 6695910                            /usr/bin/processing-3.0/java/bin/java
00600000-00601000 rw-p 00000000 08:02 6695910                            /usr/bin/processing-3.0/java/bin/java
00897000-008b8000 rw-p 00000000 00:00 0                                  [heap]
6c7200000-6d1900000 rw-p 00000000 00:00 0 
6d1900000-76d100000 ---p 00000000 00:00 0 
76d100000-76f100000 rw-p 00000000 00:00 0 
76f100000-7c0000000 ---p 00000000 00:00 0 
7c0000000-7c01a0000 rw-p 00000000 00:00 0 
7c01a0000-800000000 ---p 00000000 00:00 0 
7f50c8000000-7f50c8021000 rw-p 00000000 00:00 0 
7f50c8021000-7f50cc000000 ---p 00000000 00:00 0 
7f50d8000000-7f50d8021000 rw-p 00000000 00:00 0 
7f50d8021000-7f50dc000000 ---p 00000000 00:00 0 
7f50dffff000-7f50e4000000 rw-s 00000000 00:16 178893                     /run/shm/pulse-shm-2255675957
7f50e4000000-7f50e4bc8000 rw-p 00000000 00:00 0 
7f50e4bc8000-7f50e8000000 ---p 00000000 00:00 0 
7f50e8000000-7f50e8021000 rw-p 00000000 00:00 0 
7f50e8021000-7f50ec000000 ---p 00000000 00:00 0 
7f50ec000000-7f50ec021000 rw-p 00000000 00:00 0 
7f50ec021000-7f50f0000000 ---p 00000000 00:00 0 
7f50f0000000-7f50f3096000 rw-p 00000000 00:00 0 
7f50f3096000-7f50f4000000 ---p 00000000 00:00 0 
7f50f448b000-7f50f448c000 ---p 00000000 00:00 0 
7f50f448c000-7f50f4c8c000 rw-p 00000000 00:00 0 
7f50f4c8c000-7f50f4c8d000 ---p 00000000 00:00 0 
7f50f4c8d000-7f50f548d000 rw-p 00000000 00:00 0                          [stack:10821]
7f50f548d000-7f50f5493000 r-xp 00000000 08:02 6947199                    /usr/lib/x86_64-linux-gnu/alsa-lib/libasound_module_pcm_pulse.so
7f50f5493000-7f50f5692000 ---p 00006000 08:02 6947199                    /usr/lib/x86_64-linux-gnu/alsa-lib/libasound_module_pcm_pulse.so
7f50f5692000-7f50f5693000 r--p 00005000 08:02 6947199                    /usr/lib/x86_64-linux-gnu/alsa-lib/libasound_module_pcm_pulse.so
7f50f5693000-7f50f5694000 rw-p 00006000 08:02 6947199                    /usr/lib/x86_64-linux-gnu/alsa-lib/libasound_module_pcm_pulse.so
7f50f5694000-7f50f56ab000 r-xp 00000000 08:02 13635816                   /lib/x86_64-linux-gnu/libresolv-2.19.so
7f50f56ab000-7f50f58ab000 ---p 00017000 08:02 13635816                   /lib/x86_64-linux-gnu/libresolv-2.19.so
7f50f58ab000-7f50f58ac000 r--p 00017000 08:02 13635816                   /lib/x86_64-linux-gnu/libresolv-2.19.so
7f50f58ac000-7f50f58ad000 rw-p 00018000 08:02 13635816                   /lib/x86_64-linux-gnu/libresolv-2.19.so
7f50f58ad000-7f50f58af000 rw-p 00000000 00:00 0 
7f50f58af000-7f50f58b6000 r-xp 00000000 08:02 6562227                    /usr/lib/x86_64-linux-gnu/libogg.so.0.8.1
7f50f58b6000-7f50f5ab6000 ---p 00007000 08:02 6562227                    /usr/lib/x86_64-linux-gnu/libogg.so.0.8.1
7f50f5ab6000-7f50f5ab7000 r--p 00007000 08:02 6562227                    /usr/lib/x86_64-linux-gnu/libogg.so.0.8.1
7f50f5ab7000-7f50f5ab8000 rw-p 00008000 08:02 6562227                    /usr/lib/x86_64-linux-gnu/libogg.so.0.8.1
7f50f5ab8000-7f50f5ae4000 r-xp 00000000 08:02 6562501                    /usr/lib/x86_64-linux-gnu/libvorbis.so.0.4.5
7f50f5ae4000-7f50f5ce3000 ---p 0002c000 08:02 6562501                    /usr/lib/x86_64-linux-gnu/libvorbis.so.0.4.5
7f50f5ce3000-7f50f5ce4000 r--p 0002b000 08:02 6562501                    /usr/lib/x86_64-linux-gnu/libvorbis.so.0.4.5
7f50f5ce4000-7f50f5ce5000 rw-p 0002c000 08:02 6562501                    /usr/lib/x86_64-linux-gnu/libvorbis.so.0.4.5
7f50f5ce5000-7f50f5f98000 r-xp 00000000 08:02 6562503                    /usr/lib/x86_64-linux-gnu/libvorbisenc.so.2.0.8
7f50f5f98000-7f50f6197000 ---p 002b3000 08:02 6562503                    /usr/lib/x86_64-linux-gnu/libvorbisenc.so.2.0.8
7f50f6197000-7f50f61b3000 r--p 002b2000 08:02 6562503                    /usr/lib/x86_64-linux-gnu/libvorbisenc.so.2.0.8
7f50f61b3000-7f50f61b4000 rw-p 002ce000 08:02 6562503                    /usr/lib/x86_64-linux-gnu/libvorbisenc.so.2.0.8
7f50f61b4000-7f50f61e4000 r-xp 00000000 08:02 6561366                    /usr/lib/x86_64-linux-gnu/libFLAC.so.8.3.0
7f50f61e4000-7f50f63e3000 ---p 00030000 08:02 6561366                    /usr/lib/x86_64-linux-gnu/libFLAC.so.8.3.0
7f50f63e3000-7f50f63e4000 r--p 0002f000 08:02 6561366                    /usr/lib/x86_64-linux-gnu/libFLAC.so.8.3.0
7f50f63e4000-7f50f63e5000 rw-p 00030000 08:02 6561366                    /usr/lib/x86_64-linux-gnu/libFLAC.so.8.3.0
7f50f63e5000-7f50f63ea000 r-xp 00000000 08:02 6561598                    /usr/lib/x86_64-linux-gnu/libasyncns.so.0.3.1
7f50f63ea000-7f50f65e9000 ---p 00005000 08:02 6561598                    /usr/lib/x86_64-linux-gnu/libasyncns.so.0.3.1
7f50f65e9000-7f50f65ea000 r--p 00004000 08:02 6561598                    /usr/lib/x86_64-linux-gnu/libasyncns.so.0.3.1
7f50f65ea000-7f50f65eb000 rw-p 00005000 08:02 6561598                    /usr/lib/x86_64-linux-gnu/libasyncns.so.0.3.1
7f50f65eb000-7f50f664c000 r-xp 00000000 08:02 6562384                    /usr/lib/x86_64-linux-gnu/libsndfile.so.1.0.25
7f50f664c000-7f50f684c000 ---p 00061000 08:02 6562384                    /usr/lib/x86_64-linux-gnu/libsndfile.so.1.0.25
7f50f684c000-7f50f684e000 r--p 00061000 08:02 6562384                    /usr/lib/x86_64-linux-gnu/libsndfile.so.1.0.25
7f50f684e000-7f50f684f000 rw-p 00063000 08:02 6562384                    /usr/lib/x86_64-linux-gnu/libsndfile.so.1.0.25
7f50f684f000-7f50f6853000 rw-p 00000000 00:00 0 
7f50f6853000-7f50f685b000 r-xp 00000000 08:02 13635850                   /lib/x86_64-linux-gnu/libwrap.so.0.7.6
7f50f685b000-7f50f6a5a000 ---p 00008000 08:02 13635850                   /lib/x86_64-linux-gnu/libwrap.so.0.7.6
7f50f6a5a000-7f50f6a5b000 r--p 00007000 08:02 13635850                   /lib/x86_64-linux-gnu/libwrap.so.0.7.6
7f50f6a5b000-7f50f6a5c000 rw-p 00008000 08:02 13635850                   /lib/x86_64-linux-gnu/libwrap.so.0.7.6
7f50f6a5c000-7f50f6a5d000 rw-p 00000000 00:00 0 
7f50f6a5d000-7f50f6ac3000 r-xp 00000000 08:02 6948471                    /usr/lib/x86_64-linux-gnu/pulseaudio/libpulsecommon-4.0.so
7f50f6ac3000-7f50f6cc2000 ---p 00066000 08:02 6948471                    /usr/lib/x86_64-linux-gnu/pulseaudio/libpulsecommon-4.0.so
7f50f6cc2000-7f50f6cc3000 r--p 00065000 08:02 6948471                    /usr/lib/x86_64-linux-gnu/pulseaudio/libpulsecommon-4.0.so
7f50f6cc3000-7f50f6cc4000 rw-p 00066000 08:02 6948471                    /usr/lib/x86_64-linux-gnu/pulseaudio/libpulsecommon-4.0.so
7f50f6cc4000-7f50f6cce000 r-xp 00000000 08:02 13635730                   /lib/x86_64-linux-gnu/libjson-c.so.2.0.0
7f50f6cce000-7f50f6ecd000 ---p 0000a000 08:02 13635730                   /lib/x86_64-linux-gnu/libjson-c.so.2.0.0
7f50f6ecd000-7f50f6ece000 r--p 00009000 08:02 13635730                   /lib/x86_64-linux-gnu/libjson-c.so.2.0.0
7f50f6ece000-7f50f6ecf000 rw-p 0000a000 08:02 13635730                   /lib/x86_64-linux-gnu/libjson-c.so.2.0.0
7f50f6ecf000-7f50f6f16000 r-xp 00000000 08:02 6562296                    /usr/lib/x86_64-linux-gnu/libpulse.so.0.16.2
7f50f6f16000-7f50f7116000 ---p 00047000 08:02 6562296                    /usr/lib/x86_64-linux-gnu/libpulse.so.0.16.2
7f50f7116000-7f50f7117000 r--p 00047000 08:02 6562296                    /usr/lib/x86_64-linux-gnu/libpulse.so.0.16.2
7f50f7117000-7f50f7118000 rw-p 00048000 08:02 6562296                    /usr/lib/x86_64-linux-gnu/libpulse.so.0.16.2
7f50f7219000-7f50f721c000 ---p 00000000 00:00 0 
7f50f721c000-7f50f731a000 rw-p 00000000 00:00 0                          [stack:10820]
7f50f731a000-7f50f7403000 r-xp 00000000 08:02 6561590                    /usr/lib/x86_64-linux-gnu/libasound.so.2.0.0
7f50f7403000-7f50f7602000 ---p 000e9000 08:02 6561590                    /usr/lib/x86_64-linux-gnu/libasound.so.2.0.0
7f50f7602000-7f50f7609000 r--p 000e8000 08:02 6561590                    /usr/lib/x86_64-linux-gnu/libasound.so.2.0.0
7f50f7609000-7f50f760a000 rw-p 000ef000 08:02 6561590                    /usr/lib/x86_64-linux-gnu/libasound.so.2.0.0
7f50f760a000-7f50f7619000 r-xp 00000000 08:02 8012164                    /usr/bin/processing-3.0/java/lib/amd64/libjsoundalsa.so
7f50f7619000-7f50f7818000 ---p 0000f000 08:02 8012164                    /usr/bin/processing-3.0/java/lib/amd64/libjsoundalsa.so
7f50f7818000-7f50f7819000 rw-p 0000e000 08:02 8012164                    /usr/bin/processing-3.0/java/lib/amd64/libjsoundalsa.so
7f50f7819000-7f50f781a000 r-xp 00000000 08:02 8012181                    /usr/bin/processing-3.0/java/lib/amd64/libjsound.so
7f50f781a000-7f50f7a19000 ---p 00001000 08:02 8012181                    /usr/bin/processing-3.0/java/lib/amd64/libjsound.so
7f50f7a19000-7f50f7a1a000 rw-p 00000000 08:02 8012181                    /usr/bin/processing-3.0/java/lib/amd64/libjsound.so
7f50f7a1a000-7f50f7aba000 rw-s 148f06000 00:06 10208                     /dev/dri/card0
7f50f7aba000-7f50f7abd000 ---p 00000000 00:00 0 
7f50f7abd000-7f50f7d7b000 rw-p 00000000 00:00 0 
7f50f7d7b000-7f50f7dbb000 ---p 00000000 00:00 0 
7f50f7dbb000-7f50f7dff000 r-xp 00000000 08:02 13635704                   /lib/x86_64-linux-gnu/libdbus-1.so.3.7.6
7f50f7dff000-7f50f7ffe000 ---p 00044000 08:02 13635704                   /lib/x86_64-linux-gnu/libdbus-1.so.3.7.6
7f50f7ffe000-7f50f7fff000 r--p 00043000 08:02 13635704                   /lib/x86_64-linux-gnu/libdbus-1.so.3.7.6
7f50f7fff000-7f50f8000000 rw-p 00044000 08:02 13635704                   /lib/x86_64-linux-gnu/libdbus-1.so.3.7.6
7f50f8000000-7f50faded000 rw-p 00000000 00:00 0 
7f50faded000-7f50fc000000 ---p 00000000 00:00 0 
7f50fc000000-7f50fc74c000 rw-p 00000000 00:00 0 
7f50fc74c000-7f5100000000 ---p 00000000 00:00 0 
7f5100002000-7f5100005000 ---p 00000000 00:00 0 
7f5100005000-7f5100103000 rw-p 00000000 00:00 0                          [stack:10806]
7f5100103000-7f510010b000 r-xp 00000000 08:02 13635752                   /lib/x86_64-linux-gnu/libnih-dbus.so.1.0.0
7f510010b000-7f510030b000 ---p 00008000 08:02 13635752                   /lib/x86_64-linux-gnu/libnih-dbus.so.1.0.0
7f510030b000-7f510030c000 r--p 00008000 08:02 13635752                   /lib/x86_64-linux-gnu/libnih-dbus.so.1.0.0
7f510030c000-7f510030d000 rw-p 00009000 08:02 13635752                   /lib/x86_64-linux-gnu/libnih-dbus.so.1.0.0
7f510030d000-7f5100324000 r-xp 00000000 08:02 13635754                   /lib/x86_64-linux-gnu/libnih.so.1.0.0
7f5100324000-7f5100523000 ---p 00017000 08:02 13635754                   /lib/x86_64-linux-gnu/libnih.so.1.0.0
7f5100523000-7f5100524000 r--p 00016000 08:02 13635754                   /lib/x86_64-linux-gnu/libnih.so.1.0.0
7f5100524000-7f5100525000 rw-p 00017000 08:02 13635754                   /lib/x86_64-linux-gnu/libnih.so.1.0.0
7f5100525000-7f510053e000 r-xp 00000000 08:02 13635695                   /lib/x86_64-linux-gnu/libcgmanager.so.0.0.0
7f510053e000-7f510073d000 ---p 00019000 08:02 13635695                   /lib/x86_64-linux-gnu/libcgmanager.so.0.0.0
7f510073d000-7f510073f000 r--p 00018000 08:02 13635695                   /lib/x86_64-linux-gnu/libcgmanager.so.0.0.0
7f510073f000-7f5100740000 rw-p 0001a000 08:02 13635695                   /lib/x86_64-linux-gnu/libcgmanager.so.0.0.0
7f5100740000-7f5100750000 r-xp 00000000 08:02 13635838                   /lib/x86_64-linux-gnu/libudev.so.1.3.5
7f5100750000-7f510094f000 ---p 00010000 08:02 13635838                   /lib/x86_64-linux-gnu/libudev.so.1.3.5
7f510094f000-7f5100950000 r--p 0000f000 08:02 13635838                   /lib/x86_64-linux-gnu/libudev.so.1.3.5
7f5100950000-7f5100951000 rw-p 00010000 08:02 13635838                   /lib/x86_64-linux-gnu/libudev.so.1.3.5
7f5100951000-7f5100988000 r-xp 00000000 08:02 6562454                    /usr/lib/x86_64-linux-gnu/libtxc_dxtn_s2tc.so.0.0.0
7f5100988000-7f5100b87000 ---p 00037000 08:02 6562454                    /usr/lib/x86_64-linux-gnu/libtxc_dxtn_s2tc.so.0.0.0
7f5100b87000-7f5100b88000 r--p 00036000 08:02 6562454                    /usr/lib/x86_64-linux-gnu/libtxc_dxtn_s2tc.so.0.0.0
7f5100b88000-7f5100b89000 rw-p 00037000 08:02 6562454                    /usr/lib/x86_64-linux-gnu/libtxc_dxtn_s2tc.so.0.0.0
7f5100b89000-7f5100ba1000 r-xp 00000000 08:02 13635853                   /lib/x86_64-linux-gnu/libz.so.1.2.8
7f5100ba1000-7f5100da0000 ---p 00018000 08:02 13635853                   /lib/x86_64-linux-gnu/libz.so.1.2.8
7f5100da0000-7f5100da1000 r--p 00017000 08:02 13635853                   /lib/x86_64-linux-gnu/libz.so.1.2.8
7f5100da1000-7f5100da2000 rw-p 00018000 08:02 13635853                   /lib/x86_64-linux-gnu/libz.so.1.2.8
7f5100da2000-7f5100daa000 r-xp 00000000 08:02 6562259                    /usr/lib/x86_64-linux-gnu/libpciaccess.so.0.11.1
7f5100daa000-7f5100fa9000 ---p 00008000 08:02 6562259                    /usr/lib/x86_64-linux-gnu/libpciaccess.so.0.11.1
7f5100fa9000-7f5100faa000 r--p 00007000 08:02 6562259                    /usr/lib/x86_64-linux-gnu/libpciaccess.so.0.11.1
7f5100faa000-7f5100fab000 rw-p 00008000 08:02 6562259                    /usr/lib/x86_64-linux-gnu/libpciaccess.so.0.11.1
7f5100fab000-7f5101091000 r-xp 00000000 08:02 6562412                    /usr/lib/x86_64-linux-gnu/libstdc++.so.6.0.19
7f5101091000-7f5101290000 ---p 000e6000 08:02 6562412                    /usr/lib/x86_64-linux-gnu/libstdc++.so.6.0.19
7f5101290000-7f5101298000 r--p 000e5000 08:02 6562412                    /usr/lib/x86_64-linux-gnu/libstdc++.so.6.0.19
7f5101298000-7f510129a000 rw-p 000ed000 08:02 6562412                    /usr/lib/x86_64-linux-gnu/libstdc++.so.6.0.19
7f510129a000-7f51012af000 rw-p 00000000 00:00 0 
7f51012af000-7f51012bb000 r-xp 00000000 08:02 6561756                    /usr/lib/x86_64-linux-gnu/libdrm_radeon.so.1.0.1
7f51012bb000-7f51014ba000 ---p 0000c000 08:02 6561756                    /usr/lib/x86_64-linux-gnu/libdrm_radeon.so.1.0.1
7f51014ba000-7f51014bb000 r--p 0000b000 08:02 6561756                    /usr/lib/x86_64-linux-gnu/libdrm_radeon.so.1.0.1
7f51014bb000-7f51014bc000 rw-p 0000c000 08:02 6561756                    /usr/lib/x86_64-linux-gnu/libdrm_radeon.so.1.0.1
7f51014bc000-7f51014c2000 r-xp 00000000 08:02 6561754                    /usr/lib/x86_64-linux-gnu/libdrm_nouveau.so.2.0.0
7f51014c2000-7f51016c1000 ---p 00006000 08:02 6561754                    /usr/lib/x86_64-linux-gnu/libdrm_nouveau.so.2.0.0
7f51016c1000-7f51016c2000 r--p 00005000 08:02 6561754                    /usr/lib/x86_64-linux-gnu/libdrm_nouveau.so.2.0.0
7f51016c2000-7f51016c3000 rw-p 00006000 08:02 6561754                    /usr/lib/x86_64-linux-gnu/libdrm_nouveau.so.2.0.0
7f51016c3000-7f51016e3000 r-xp 00000000 08:02 6561752                    /usr/lib/x86_64-linux-gnu/libdrm_intel.so.1.0.0
7f51016e3000-7f51018e2000 ---p 00020000 08:02 6561752                    /usr/lib/x86_64-linux-gnu/libdrm_intel.so.1.0.0
7f51018e2000-7f51018e3000 r--p 0001f000 08:02 6561752                    /usr/lib/x86_64-linux-gnu/libdrm_intel.so.1.0.0
7f51018e3000-7f51018e4000 rw-p 00020000 08:02 6561752                    /usr/lib/x86_64-linux-gnu/libdrm_intel.so.1.0.0
7f51018e4000-7f5101e38000 r-xp 00000000 08:02 6947244                    /usr/lib/x86_64-linux-gnu/dri/i965_dri.so
7f5101e38000-7f5102038000 ---p 00554000 08:02 6947244                    /usr/lib/x86_64-linux-gnu/dri/i965_dri.so
7f5102038000-7f5102059000 r--p 00554000 08:02 6947244                    /usr/lib/x86_64-linux-gnu/dri/i965_dri.so
7f5102059000-7f5102060000 rw-p 00575000 08:02 6947244                    /usr/lib/x86_64-linux-gnu/dri/i965_dri.so
7f5102060000-7f5102067000 rw-p 00000000 00:00 0 
7f5102067000-7f51020c0000 r-xp 00000000 08:02 4721861                    /tmp/jogamp_0000/file_cache/jln2182160758510597702/jln4737674161845195660/libjogl_mobile.so
7f51020c0000-7f51022c0000 ---p 00059000 08:02 4721861                    /tmp/jogamp_0000/file_cache/jln2182160758510597702/jln4737674161845195660/libjogl_mobile.so
7f51022c0000-7f51022c1000 rw-p 00059000 08:02 4721861                    /tmp/jogamp_0000/file_cache/jln2182160758510597702/jln4737674161845195660/libjogl_mobile.so
7f51022c1000-7f51022c8000 r-xp 00000000 08:02 6561790                    /usr/lib/x86_64-linux-gnu/libffi.so.6.0.1
7f51022c8000-7f51024c7000 ---p 00007000 08:02 6561790                    /usr/lib/x86_64-linux-gnu/libffi.so.6.0.1
7f51024c7000-7f51024c8000 r--p 00006000 08:02 6561790                    /usr/lib/x86_64-linux-gnu/libffi.so.6.0.1
7f51024c8000-7f51024c9000 rw-p 00007000 08:02 6561790                    /usr/lib/x86_64-linux-gnu/libffi.so.6.0.1
7f51024c9000-7f51024d5000 r-xp 00000000 08:02 6561843                    /usr/lib/x86_64-linux-gnu/libgbm.so.1.0.0
7f51024d5000-7f51026d5000 ---p 0000c000 08:02 6561843                    /usr/lib/x86_64-linux-gnu/libgbm.so.1.0.0
7f51026d5000-7f51026d6000 r--p 0000c000 08:02 6561843                    /usr/lib/x86_64-linux-gnu/libgbm.so.1.0.0
7f51026d6000-7f51026d7000 rw-p 0000d000 08:02 6561843                    /usr/lib/x86_64-linux-gnu/libgbm.so.1.0.0
7f51026d7000-7f51026e6000 r-xp 00000000 08:02 6562520                    /usr/lib/x86_64-linux-gnu/libwayland-server.so.0.1.0
7f51026e6000-7f51028e5000 ---p 0000f000 08:02 6562520                    /usr/lib/x86_64-linux-gnu/libwayland-server.so.0.1.0
7f51028e5000-7f51028e7000 r--p 0000e000 08:02 6562520                    /usr/lib/x86_64-linux-gnu/libwayland-server.so.0.1.0
7f51028e7000-7f51028e8000 rw-p 00010000 08:02 6562520                    /usr/lib/x86_64-linux-gnu/libwayland-server.so.0.1.0
7f51028e8000-7f51028f3000 r-xp 00000000 08:02 6562514                    /usr/lib/x86_64-linux-gnu/libwayland-client.so.0.2.0
7f51028f3000-7f5102af2000 ---p 0000b000 08:02 6562514                    /usr/lib/x86_64-linux-gnu/libwayland-client.so.0.2.0
7f5102af2000-7f5102af4000 r--p 0000a000 08:02 6562514                    /usr/lib/x86_64-linux-gnu/libwayland-client.so.0.2.0
7f5102af4000-7f5102af5000 rw-p 0000c000 08:02 6562514                    /usr/lib/x86_64-linux-gnu/libwayland-client.so.0.2.0
7f5102af5000-7f5102afa000 r-xp 00000000 08:02 6562570                    /usr/lib/x86_64-linux-gnu/libxcb-xfixes.so.0.0.0
7f5102afa000-7f5102cfa000 ---p 00005000 08:02 6562570                    /usr/lib/x86_64-linux-gnu/libxcb-xfixes.so.0.0.0
7f5102cfa000-7f5102cfb000 r--p 00005000 08:02 6562570                    /usr/lib/x86_64-linux-gnu/libxcb-xfixes.so.0.0.0
7f5102cfb000-7f5102cfc000 rw-p 00006000 08:02 6562570                    /usr/lib/x86_64-linux-gnu/libxcb-xfixes.so.0.0.0
7f5102cfc000-7f5102d23000 r-xp 00000000 08:02 6948353                    /usr/lib/x86_64-linux-gnu/mesa-egl/libEGL.so.1.0.0
7f5102d23000-7f5102f23000 ---p 00027000 08:02 6948353                    /usr/lib/x86_64-linux-gnu/mesa-egl/libEGL.so.1.0.0
7f5102f23000-7f5102f24000 r--p 00027000 08:02 6948353                    /usr/lib/x86_64-linux-gnu/mesa-egl/libEGL.so.1.0.0
7f5102f24000-7f5102f25000 rw-p 00028000 08:02 6948353                    /usr/lib/x86_64-linux-gnu/mesa-egl/libEGL.so.1.0.0
7f5102f25000-7f5102f26000 rw-p 00000000 00:00 0 
7f5102f26000-7f5102f2c000 r-xp 00000000 08:02 6948357                    /usr/lib/x86_64-linux-gnu/mesa-egl/libGLESv2.so.2.0.0
7f5102f2c000-7f510312b000 ---p 00006000 08:02 6948357                    /usr/lib/x86_64-linux-gnu/mesa-egl/libGLESv2.so.2.0.0
7f510312b000-7f510312c000 r--p 00005000 08:02 6948357                    /usr/lib/x86_64-linux-gnu/mesa-egl/libGLESv2.so.2.0.0
7f510312c000-7f510312d000 rw-p 00006000 08:02 6948357                    /usr/lib/x86_64-linux-gnu/mesa-egl/libGLESv2.so.2.0.0
7f510312d000-7f51031e0000 r-xp 00000000 08:02 4721859                    /tmp/jogamp_0000/file_cache/jln2182160758510597702/jln4737674161845195660/libjogl_desktop.so
7f51031e0000-7f51033e0000 ---p 000b3000 08:02 4721859                    /tmp/jogamp_0000/file_cache/jln2182160758510597702/jln4737674161845195660/libjogl_desktop.so
7f51033e0000-7f51033e1000 rw-p 000b3000 08:02 4721859                    /tmp/jogamp_0000/file_cache/jln2182160758510597702/jln4737674161845195660/libjogl_desktop.so
7f51033e1000-7f51033ec000 r-xp 00000000 08:02 6561750                    /usr/lib/x86_64-linux-gnu/libdrm.so.2.4.0
7f51033ec000-7f51035eb000 ---p 0000b000 08:02 6561750                    /usr/lib/x86_64-linux-gnu/libdrm.so.2.4.0
7f51035eb000-7f51035ec000 r--p 0000a000 08:02 6561750                    /usr/lib/x86_64-linux-gnu/libdrm.so.2.4.0
7f51035ec000-7f51035ed000 rw-p 0000b000 08:02 6561750                    /usr/lib/x86_64-linux-gnu/libdrm.so.2.4.0
7f51035ed000-7f51035ee000 r-xp 00000000 08:02 6562584                    /usr/lib/x86_64-linux-gnu/libxshmfence.so.1.0.0
7f51035ee000-7f51037ed000 ---p 00001000 08:02 6562584                    /usr/lib/x86_64-linux-gnu/libxshmfence.so.1.0.0
7f51037ed000-7f51037ee000 r--p 00000000 08:02 6562584                    /usr/lib/x86_64-linux-gnu/libxshmfence.so.1.0.0
7f51037ee000-7f51037ef000 rw-p 00001000 08:02 6562584                    /usr/lib/x86_64-linux-gnu/libxshmfence.so.1.0.0
7f51037ef000-7f51037f4000 r-xp 00000000 08:02 6562566                    /usr/lib/x86_64-linux-gnu/libxcb-sync.so.1.0.0
7f51037f4000-7f51039f3000 ---p 00005000 08:02 6562566                    /usr/lib/x86_64-linux-gnu/libxcb-sync.so.1.0.0
7f51039f3000-7f51039f4000 r--p 00004000 08:02 6562566                    /usr/lib/x86_64-linux-gnu/libxcb-sync.so.1.0.0
7f51039f4000-7f51039f5000 rw-p 00005000 08:02 6562566                    /usr/lib/x86_64-linux-gnu/libxcb-sync.so.1.0.0
7f51039f5000-7f51039f7000 r-xp 00000000 08:02 6562554                    /usr/lib/x86_64-linux-gnu/libxcb-present.so.0.0.0
7f51039f7000-7f5103bf6000 ---p 00002000 08:02 6562554                    /usr/lib/x86_64-linux-gnu/libxcb-present.so.0.0.0
7f5103bf6000-7f5103bf7000 r--p 00001000 08:02 6562554                    /usr/lib/x86_64-linux-gnu/libxcb-present.so.0.0.0
7f5103bf7000-7f5103bf8000 rw-p 00002000 08:02 6562554                    /usr/lib/x86_64-linux-gnu/libxcb-present.so.0.0.0
7f5103bf8000-7f5103bfa000 r-xp 00000000 08:02 6562544                    /usr/lib/x86_64-linux-gnu/libxcb-dri3.so.0.0.0
7f5103bfa000-7f5103df9000 ---p 00002000 08:02 6562544                    /usr/lib/x86_64-linux-gnu/libxcb-dri3.so.0.0.0
7f5103df9000-7f5103dfa000 r--p 00001000 08:02 6562544                    /usr/lib/x86_64-linux-gnu/libxcb-dri3.so.0.0.0
7f5103dfa000-7f5103dfb000 rw-p 00002000 08:02 6562544                    /usr/lib/x86_64-linux-gnu/libxcb-dri3.so.0.0.0
7f5103dfb000-7f5103dfe000 r-xp 00000000 08:02 6562542                    /usr/lib/x86_64-linux-gnu/libxcb-dri2.so.0.0.0
7f5103dfe000-7f5103ffe000 ---p 00003000 08:02 6562542                    /usr/lib/x86_64-linux-gnu/libxcb-dri2.so.0.0.0
7f5103ffe000-7f5103fff000 r--p 00003000 08:02 6562542                    /usr/lib/x86_64-linux-gnu/libxcb-dri2.so.0.0.0
7f5103fff000-7f5104000000 rw-p 00004000 08:02 6562542                    /usr/lib/x86_64-linux-gnu/libxcb-dri2.so.0.0.0
7f5104000000-7f5104021000 rw-p 00000000 00:00 0 
7f5104021000-7f5108000000 ---p 00000000 00:00 0 
7f5108000000-7f5108295000 rw-p 00000000 00:00 0 
7f5108295000-7f510c000000 ---p 00000000 00:00 0 
7f510c000000-7f510c021000 rw-p 00000000 00:00 0 
7f510c021000-7f5110000000 ---p 00000000 00:00 0 
7f5110000000-7f5110021000 rw-p 00000000 00:00 0 
7f5110021000-7f5114000000 ---p 00000000 00:00 0 
7f5114000000-7f5114021000 rw-p 00000000 00:00 0 
7f5114021000-7f5118000000 ---p 00000000 00:00 0 
7f5118000000-7f5118021000 rw-p 00000000 00:00 0 
7f5118021000-7f511c000000 ---p 00000000 00:00 0 
7f511c000000-7f511c5d4000 rw-p 00000000 00:00 0 
7f511c5d4000-7f5120000000 ---p 00000000 00:00 0 
7f5120000000-7f5120021000 rw-p 00000000 00:00 0 
7f5120021000-7f5124000000 ---p 00000000 00:00 0 
7f5124000000-7f51244e4000 rw-p 00000000 00:00 0 
7f51244e4000-7f5128000000 ---p 00000000 00:00 0 
7f5128000000-7f5129439000 rw-p 00000000 00:00 0 
7f5129439000-7f512c000000 ---p 00000000 00:00 0 
7f512c000000-7f512c021000 rw-p 00000000 00:00 0 
7f512c021000-7f5130000000 ---p 00000000 00:00 0 
7f5130000000-7f5130021000 rw-p 00000000 00:00 0 
7f5130021000-7f5134000000 ---p 00000000 00:00 0 
7f5134000000-7f5134021000 rw-p 00000000 00:00 0 
7f5134021000-7f5138000000 ---p 00000000 00:00 0 
7f5138000000-7f5138021000 rw-p 00000000 00:00 0 
7f5138021000-7f513c000000 ---p 00000000 00:00 0 
7f513c000000-7f513c021000 rw-p 00000000 00:00 0 
7f513c021000-7f5140000000 ---p 00000000 00:00 0 
7f5140000000-7f5140021000 rw-p 00000000 00:00 0 
7f5140021000-7f5144000000 ---p 00000000 00:00 0 
7f5144000000-7f5144021000 rw-p 00000000 00:00 0 
7f5144021000-7f5148000000 ---p 00000000 00:00 0 
7f5148078000-7f514807b000 ---p 00000000 00:00 0 
7f514807b000-7f5148179000 rw-p 00000000 00:00 0                          [stack:10805]
7f5148179000-7f514818e000 r-xp 00000000 08:02 6562546                    /usr/lib/x86_64-linux-gnu/libxcb-glx.so.0.0.0
7f514818e000-7f514838d000 ---p 00015000 08:02 6562546                    /usr/lib/x86_64-linux-gnu/libxcb-glx.so.0.0.0
7f514838d000-7f514838f000 r--p 00014000 08:02 6562546                    /usr/lib/x86_64-linux-gnu/libxcb-glx.so.0.0.0
7f514838f000-7f5148390000 rw-p 00016000 08:02 6562546                    /usr/lib/x86_64-linux-gnu/libxcb-glx.so.0.0.0
7f5148390000-7f5150000000 rw-p 00000000 00:00 0 
7f5150000000-7f5150021000 rw-p 00000000 00:00 0 
7f5150021000-7f5154000000 ---p 00000000 00:00 0 
7f5154000000-7f5154021000 rw-p 00000000 00:00 0 
7f5154021000-7f5158000000 ---p 00000000 00:00 0 
7f5158000000-7f5158021000 rw-p 00000000 00:00 0 
7f5158021000-7f515c000000 ---p 00000000 00:00 0 
7f515c037000-7f515c038000 rw-p 00000000 00:00 0 
7f515c038000-7f515c040000 rw-s 00000000 00:05 177803                     /drm mm object (deleted)
7f515c040000-7f515c048000 rw-s 00000000 00:05 178923                     /drm mm object (deleted)
7f515c048000-7f515c050000 rw-s 00000000 00:05 180290                     /drm mm object (deleted)
7f515c050000-7f515c057000 r--s 00000000 08:02 6947811                    /usr/lib/x86_64-linux-gnu/gconv/gconv-modules.cache
7f515c057000-7f515c06a000 r--s 00344000 08:02 6695996                    /usr/bin/processing-3.0/java/lib/resources.jar
7f515c06a000-7f515c072000 rw-s 00000000 00:05 177750                     /drm mm object (deleted)
7f515c072000-7f515c07a000 rw-s 00000000 00:05 177724                     /drm mm object (deleted)
7f515c07a000-7f515c082000 rw-s 00000000 00:05 180268                     /drm mm object (deleted)
7f515c082000-7f515c08a000 rw-s 00000000 00:05 177713                     /drm mm object (deleted)
7f515c08a000-7f515c08d000 ---p 00000000 00:00 0 
7f515c08d000-7f515c18b000 rw-p 00000000 00:00 0                          [stack:10804]
7f515c18b000-7f515c18c000 r-xp 00000000 08:02 6561502                    /usr/lib/x86_64-linux-gnu/libX11-xcb.so.1.0.0
7f515c18c000-7f515c38b000 ---p 00001000 08:02 6561502                    /usr/lib/x86_64-linux-gnu/libX11-xcb.so.1.0.0
7f515c38b000-7f515c38c000 r--p 00000000 08:02 6561502                    /usr/lib/x86_64-linux-gnu/libX11-xcb.so.1.0.0
7f515c38c000-7f515c38d000 rw-p 00001000 08:02 6561502                    /usr/lib/x86_64-linux-gnu/libX11-xcb.so.1.0.0
7f515c38d000-7f515c38f000 r-xp 00000000 08:02 6561517                    /usr/lib/x86_64-linux-gnu/libXdamage.so.1.1.0
7f515c38f000-7f515c58e000 ---p 00002000 08:02 6561517                    /usr/lib/x86_64-linux-gnu/libXdamage.so.1.1.0
7f515c58e000-7f515c58f000 r--p 00001000 08:02 6561517                    /usr/lib/x86_64-linux-gnu/libXdamage.so.1.1.0
7f515c58f000-7f515c590000 rw-p 00002000 08:02 6561517                    /usr/lib/x86_64-linux-gnu/libXdamage.so.1.1.0
7f515c590000-7f515c5b5000 r-xp 00000000 08:02 6561895                    /usr/lib/x86_64-linux-gnu/libglapi.so.0.0.0
7f515c5b5000-7f515c7b5000 ---p 00025000 08:02 6561895                    /usr/lib/x86_64-linux-gnu/libglapi.so.0.0.0
7f515c7b5000-7f515c7b8000 r--p 00025000 08:02 6561895                    /usr/lib/x86_64-linux-gnu/libglapi.so.0.0.0
7f515c7b8000-7f515c7b9000 rw-p 00028000 08:02 6561895                    /usr/lib/x86_64-linux-gnu/libglapi.so.0.0.0
7f515c7b9000-7f515c7ba000 rw-p 00000000 00:00 0 
7f515c7ba000-7f515c7e1000 r-xp 00000000 08:02 13637323                   /lib/x86_64-linux-gnu/libexpat.so.1.6.0
7f515c7e1000-7f515c9e1000 ---p 00027000 08:02 13637323                   /lib/x86_64-linux-gnu/libexpat.so.1.6.0
7f515c9e1000-7f515c9e3000 r--p 00027000 08:02 13637323                   /lib/x86_64-linux-gnu/libexpat.so.1.6.0
7f515c9e3000-7f515c9e4000 rw-p 00029000 08:02 13637323                   /lib/x86_64-linux-gnu/libexpat.so.1.6.0
7f515c9e4000-7f515ca72000 r-xp 00000000 08:02 6948350                    /usr/lib/x86_64-linux-gnu/mesa/libGL.so.1.2.0
7f515ca72000-7f515cc71000 ---p 0008e000 08:02 6948350                    /usr/lib/x86_64-linux-gnu/mesa/libGL.so.1.2.0
7f515cc71000-7f515cc74000 r--p 0008d000 08:02 6948350                    /usr/lib/x86_64-linux-gnu/mesa/libGL.so.1.2.0
7f515cc74000-7f515cc75000 rw-p 00090000 08:02 6948350                    /usr/lib/x86_64-linux-gnu/mesa/libGL.so.1.2.0
7f515cc75000-7f515ce76000 rw-p 00000000 00:00 0 
7f515ce76000-7f515ce78000 r-xp 00000000 08:02 6561531                    /usr/lib/x86_64-linux-gnu/libXinerama.so.1.0.0
7f515ce78000-7f515d077000 ---p 00002000 08:02 6561531                    /usr/lib/x86_64-linux-gnu/libXinerama.so.1.0.0
7f515d077000-7f515d078000 r--p 00001000 08:02 6561531                    /usr/lib/x86_64-linux-gnu/libXinerama.so.1.0.0
7f515d078000-7f515d079000 rw-p 00002000 08:02 6561531                    /usr/lib/x86_64-linux-gnu/libXinerama.so.1.0.0
7f515d079000-7f515d07c000 ---p 00000000 00:00 0 
7f515d07c000-7f515d62a000 rw-p 00000000 00:00 0                          [stack:10803]
7f515d62a000-7f515d639000 r-xp 00000000 08:02 4721867                    /tmp/jogamp_0000/file_cache/jln2182160758510597702/jln4737674161845195660/libnewt.so
7f515d639000-7f515d838000 ---p 0000f000 08:02 4721867                    /tmp/jogamp_0000/file_cache/jln2182160758510597702/jln4737674161845195660/libnewt.so
7f515d838000-7f515d839000 rw-p 0000e000 08:02 4721867                    /tmp/jogamp_0000/file_cache/jln2182160758510597702/jln4737674161845195660/libnewt.so
7f515d839000-7f515d840000 r-xp 00000000 08:02 4721865                    /tmp/jogamp_0000/file_cache/jln2182160758510597702/jln4737674161845195660/libnativewindow_x11.so
7f515d840000-7f515da3f000 ---p 00007000 08:02 4721865                    /tmp/jogamp_0000/file_cache/jln2182160758510597702/jln4737674161845195660/libnativewindow_x11.so
7f515da3f000-7f515da40000 rw-p 00006000 08:02 4721865                    /tmp/jogamp_0000/file_cache/jln2182160758510597702/jln4737674161845195660/libnativewindow_x11.so
7f515da40000-7f515da43000 ---p 00000000 00:00 0 
7f515da43000-7f515db41000 rw-p 00000000 00:00 0                          [stack:10825]
7f515db41000-7f515db45000 r-xp 00000000 08:02 6561559                    /usr/lib/x86_64-linux-gnu/libXxf86vm.so.1.0.0
7f515db45000-7f515dd45000 ---p 00004000 08:02 6561559                    /usr/lib/x86_64-linux-gnu/libXxf86vm.so.1.0.0
7f515dd45000-7f515dd46000 r--p 00004000 08:02 6561559                    /usr/lib/x86_64-linux-gnu/libXxf86vm.so.1.0.0
7f515dd46000-7f515dd47000 rw-p 00005000 08:02 6561559                    /usr/lib/x86_64-linux-gnu/libXxf86vm.so.1.0.0
7f515dd47000-7f515dd49000 rw-s 148fa7000 00:06 10208                     /dev/dri/card0
7f515dd49000-7f515dd4a000 rw-s 148fa6000 00:06 10208                     /dev/dri/card0
7f515dd4a000-7f515dd4b000 rw-s 81000000 00:06 94744                      /dev/snd/pcmC2D0p
7f515dd4b000-7f515dd4c000 r--s 80000000 00:06 94744                      /dev/snd/pcmC2D0p
7f515dd4c000-7f515dd4d000 rw-s 148f05000 00:06 10208                     /dev/dri/card0
7f515dd4d000-7f515dd4e000 rw-s 148f04000 00:06 10208                     /dev/dri/card0
7f515dd4e000-7f515dd4f000 rwxp 00000000 00:00 0 
7f515dd4f000-7f515dd57000 rw-s 00000000 00:05 178740                     /drm mm object (deleted)
7f515dd57000-7f515dd5f000 rw-s 00000000 00:05 178780                     /drm mm object (deleted)
7f515dd5f000-7f515dd60000 rw-s 148f03000 00:06 10208                     /dev/dri/card0
7f515dd60000-7f515dd68000 rw-s 00000000 00:05 178729                     /drm mm object (deleted)
7f515dd68000-7f515dd6a000 r-xp 00000000 08:02 4721863                    /tmp/jogamp_0000/file_cache/jln2182160758510597702/jln4737674161845195660/libnativewindow_awt.so
7f515dd6a000-7f515df69000 ---p 00002000 08:02 4721863                    /tmp/jogamp_0000/file_cache/jln2182160758510597702/jln4737674161845195660/libnativewindow_awt.so
7f515df69000-7f515df6a000 rw-p 00001000 08:02 4721863                    /tmp/jogamp_0000/file_cache/jln2182160758510597702/jln4737674161845195660/libnativewindow_awt.so
7f515df6a000-7f515df6b000 r-xp 00000000 08:02 8012156                    /usr/bin/processing-3.0/java/lib/amd64/libjawt.so
7f515df6b000-7f515e16a000 ---p 00001000 08:02 8012156                    /usr/bin/processing-3.0/java/lib/amd64/libjawt.so
7f515e16a000-7f515e16b000 rw-p 00000000 08:02 8012156                    /usr/bin/processing-3.0/java/lib/amd64/libjawt.so
7f515e16b000-7f515e16d000 r-xp 00000000 08:02 4721857                    /tmp/jogamp_0000/file_cache/jln2182160758510597702/jln4737674161845195660/libgluegen-rt.so
7f515e16d000-7f515e36c000 ---p 00002000 08:02 4721857                    /tmp/jogamp_0000/file_cache/jln2182160758510597702/jln4737674161845195660/libgluegen-rt.so
7f515e36c000-7f515e36d000 rw-p 00001000 08:02 4721857                    /tmp/jogamp_0000/file_cache/jln2182160758510597702/jln4737674161845195660/libgluegen-rt.so
7f515e36d000-7f515e370000 ---p 00000000 00:00 0 
7f515e370000-7f515e46e000 rw-p 00000000 00:00 0 
7f515e46e000-7f515e47f000 r-xp 00000000 08:02 8012203                    /usr/bin/processing-3.0/java/lib/amd64/libnio.so
7f515e47f000-7f515e67e000 ---p 00011000 08:02 8012203                    /usr/bin/processing-3.0/java/lib/amd64/libnio.so
7f515e67e000-7f515e67f000 rw-p 00010000 08:02 8012203                    /usr/bin/processing-3.0/java/lib/amd64/libnio.so
7f515e67f000-7f515e695000 r-xp 00000000 08:02 8012151                    /usr/bin/processing-3.0/java/lib/amd64/libnet.so
7f515e695000-7f515e895000 ---p 00016000 08:02 8012151                    /usr/bin/processing-3.0/java/lib/amd64/libnet.so
7f515e895000-7f515e896000 rw-p 00016000 08:02 8012151                    /usr/bin/processing-3.0/java/lib/amd64/libnet.so
7f515e896000-7f515e899000 ---p 00000000 00:00 0 
7f515e899000-7f515eacf000 rw-p 00000000 00:00 0                          [stack:10796]
7f515eacf000-7f515eae3000 r--s 00121000 08:02 8014045                    /usr/bin/processing-3.0/modes/java/mode/org.eclipse.osgi.jar
7f515eae3000-7f515eb1b000 r--s 00515000 08:02 8014044                    /usr/bin/processing-3.0/modes/java/mode/org.eclipse.jdt.core.jar
7f515eb1b000-7f515eb24000 r-xp 00000000 08:02 6561541                    /usr/lib/x86_64-linux-gnu/libXrandr.so.2.2.0
7f515eb24000-7f515ed23000 ---p 00009000 08:02 6561541                    /usr/lib/x86_64-linux-gnu/libXrandr.so.2.2.0
7f515ed23000-7f515ed24000 r--p 00008000 08:02 6561541                    /usr/lib/x86_64-linux-gnu/libXrandr.so.2.2.0
7f515ed24000-7f515ed25000 rw-p 00009000 08:02 6561541                    /usr/lib/x86_64-linux-gnu/libXrandr.so.2.2.0
7f515ed25000-7f515ed28000 ---p 00000000 00:00 0 
7f515ed28000-7f515ee26000 rw-p 00000000 00:00 0                          [stack:10792]
7f515ee26000-7f515ee2b000 r-xp 00000000 08:02 6561523                    /usr/lib/x86_64-linux-gnu/libXfixes.so.3.1.0
7f515ee2b000-7f515f02a000 ---p 00005000 08:02 6561523                    /usr/lib/x86_64-linux-gnu/libXfixes.so.3.1.0
7f515f02a000-7f515f02b000 r--p 00004000 08:02 6561523                    /usr/lib/x86_64-linux-gnu/libXfixes.so.3.1.0
7f515f02b000-7f515f02c000 rw-p 00005000 08:02 6561523                    /usr/lib/x86_64-linux-gnu/libXfixes.so.3.1.0
7f515f02c000-7f515f035000 r-xp 00000000 08:02 6561515                    /usr/lib/x86_64-linux-gnu/libXcursor.so.1.0.2
7f515f035000-7f515f234000 ---p 00009000 08:02 6561515                    /usr/lib/x86_64-linux-gnu/libXcursor.so.1.0.2
7f515f234000-7f515f235000 r--p 00008000 08:02 6561515                    /usr/lib/x86_64-linux-gnu/libXcursor.so.1.0.2
7f515f235000-7f515f236000 rw-p 00009000 08:02 6561515                    /usr/lib/x86_64-linux-gnu/libXcursor.so.1.0.2
7f515f236000-7f515f239000 ---p 00000000 00:00 0 
7f515f239000-7f515f337000 rw-p 00000000 00:00 0                          [stack:10791]
7f515f337000-7f515f34d000 r-xp 00000000 08:02 13635717                   /lib/x86_64-linux-gnu/libgcc_s.so.1
7f515f34d000-7f515f54c000 ---p 00016000 08:02 13635717                   /lib/x86_64-linux-gnu/libgcc_s.so.1
7f515f54c000-7f515f54d000 rw-p 00015000 08:02 13635717                   /lib/x86_64-linux-gnu/libgcc_s.so.1
7f515f54d000-7f515f5b3000 r-xp 00000000 08:02 8012146                    /usr/bin/processing-3.0/java/lib/amd64/libfontmanager.so
7f515f5b3000-7f515f7b2000 ---p 00066000 08:02 8012146                    /usr/bin/processing-3.0/java/lib/amd64/libfontmanager.so
7f515f7b2000-7f515f7b6000 rw-p 00065000 08:02 8012146                    /usr/bin/processing-3.0/java/lib/amd64/libfontmanager.so
7f515f7b6000-7f515f7c7000 rw-p 00000000 00:00 0 
7f515f7c7000-7f515f7cc000 r-xp 00000000 08:02 6561519                    /usr/lib/x86_64-linux-gnu/libXdmcp.so.6.0.0
7f515f7cc000-7f515f9cb000 ---p 00005000 08:02 6561519                    /usr/lib/x86_64-linux-gnu/libXdmcp.so.6.0.0
7f515f9cb000-7f515f9cc000 r--p 00004000 08:02 6561519                    /usr/lib/x86_64-linux-gnu/libXdmcp.so.6.0.0
7f515f9cc000-7f515f9cd000 rw-p 00005000 08:02 6561519                    /usr/lib/x86_64-linux-gnu/libXdmcp.so.6.0.0
7f515f9cd000-7f515f9cf000 r-xp 00000000 08:02 6561508                    /usr/lib/x86_64-linux-gnu/libXau.so.6.0.0
7f515f9cf000-7f515fbcf000 ---p 00002000 08:02 6561508                    /usr/lib/x86_64-linux-gnu/libXau.so.6.0.0
7f515fbcf000-7f515fbd0000 r--p 00002000 08:02 6561508                    /usr/lib/x86_64-linux-gnu/libXau.so.6.0.0
7f515fbd0000-7f515fbd1000 rw-p 00003000 08:02 6561508                    /usr/lib/x86_64-linux-gnu/libXau.so.6.0.0
7f515fbd1000-7f515fbee000 r-xp 00000000 08:02 6562574                    /usr/lib/x86_64-linux-gnu/libxcb.so.1.1.0
7f515fbee000-7f515fdee000 ---p 0001d000 08:02 6562574                    /usr/lib/x86_64-linux-gnu/libxcb.so.1.1.0
7f515fdee000-7f515fdef000 r--p 0001d000 08:02 6562574                    /usr/lib/x86_64-linux-gnu/libxcb.so.1.1.0
7f515fdef000-7f515fdf0000 rw-p 0001e000 08:02 6562574                    /usr/lib/x86_64-linux-gnu/libxcb.so.1.1.0
7f515fdf0000-7f515fdff000 r-xp 00000000 08:02 6561529                    /usr/lib/x86_64-linux-gnu/libXi.so.6.1.0
7f515fdff000-7f515fffe000 ---p 0000f000 08:02 6561529                    /usr/lib/x86_64-linux-gnu/libXi.so.6.1.0
7f515fffe000-7f515ffff000 r--p 0000e000 08:02 6561529                    /usr/lib/x86_64-linux-gnu/libXi.so.6.1.0
7f515ffff000-7f5160000000 rw-p 0000f000 08:02 6561529                    /usr/lib/x86_64-linux-gnu/libXi.so.6.1.0
7f5160000000-7f5160021000 rw-p 00000000 00:00 0 
7f5160021000-7f5164000000 ---p 00000000 00:00 0 
7f5164000000-7f5164004000 r--s 00095000 08:02 6696012                    /usr/bin/processing-3.0/java/lib/jsse.jar
7f5164004000-7f5164007000 r--s 00041000 08:02 8014028                    /usr/bin/processing-3.0/modes/java/mode/org.netbeans.swing.outline.jar
7f5164007000-7f516400c000 r--s 00038000 08:02 8014038                    /usr/bin/processing-3.0/modes/java/mode/org.eclipse.text.jar
7f516400c000-7f516400f000 r--s 0001c000 08:02 8014042                    /usr/bin/processing-3.0/modes/java/mode/org.eclipse.equinox.preferences.jar
7f516400f000-7f5164012000 r--s 00018000 08:02 8014034                    /usr/bin/processing-3.0/modes/java/mode/org.eclipse.equinox.common.jar
7f5164012000-7f5164014000 r--s 00011000 08:02 8014037                    /usr/bin/processing-3.0/modes/java/mode/org.eclipse.core.runtime.jar
7f5164014000-7f516401f000 r--s 000c1000 08:02 8014040                    /usr/bin/processing-3.0/modes/java/mode/org.eclipse.core.resources.jar
7f516401f000-7f5164021000 r--s 00016000 08:02 8014027                    /usr/bin/processing-3.0/modes/java/mode/org.eclipse.core.jobs.jar
7f5164021000-7f5164023000 r--s 00015000 08:02 8014029                    /usr/bin/processing-3.0/modes/java/mode/org.eclipse.core.contenttype.jar
7f5164023000-7f5164028000 r--s 0003f000 08:02 8014032                    /usr/bin/processing-3.0/modes/java/mode/jsoup-1.7.1.jar
7f5164028000-7f5164035000 r--s 000cb000 08:02 8014036                    /usr/bin/processing-3.0/modes/java/mode/jdimodel.jar
7f5164035000-7f5164039000 r--s 0000e000 08:02 8014030                    /usr/bin/processing-3.0/modes/java/mode/jdi.jar
7f5164039000-7f516403f000 r--s 0007d000 08:02 8014033                    /usr/bin/processing-3.0/modes/java/mode/JavaMode.jar
7f516403f000-7f516409a000 r--s 009e2000 08:02 8014039                    /usr/bin/processing-3.0/modes/java/mode/com.ibm.icu.jar
7f516409a000-7f516409f000 r--s 00068000 08:02 8014043                    /usr/bin/processing-3.0/modes/java/mode/antlr.jar
7f516409f000-7f51640a9000 r--s 00097000 08:02 6695776                    /usr/bin/processing-3.0/lib/pde.jar
7f51640a9000-7f51640bd000 r--s 00127000 08:02 6695832                    /usr/bin/processing-3.0/lib/jna.jar
7f51640bd000-7f51640db000 r--s 001bb000 08:02 6695851                    /usr/bin/processing-3.0/lib/ant.jar
7f51640db000-7f51640fe000 r--s 00308000 08:02 6569034                    /usr/bin/processing-3.0/core/library/jogl-all.jar
7f51640fe000-7f5164103000 r-xp 00000000 08:02 6561549                    /usr/lib/x86_64-linux-gnu/libXtst.so.6.1.0
7f5164103000-7f5164302000 ---p 00005000 08:02 6561549                    /usr/lib/x86_64-linux-gnu/libXtst.so.6.1.0
7f5164302000-7f5164303000 r--p 00004000 08:02 6561549                    /usr/lib/x86_64-linux-gnu/libXtst.so.6.1.0
7f5164303000-7f5164304000 rw-p 00005000 08:02 6561549                    /usr/lib/x86_64-linux-gnu/libXtst.so.6.1.0
7f5164304000-7f516430d000 r-xp 00000000 08:02 6561543                    /usr/lib/x86_64-linux-gnu/libXrender.so.1.3.0
7f516430d000-7f516450c000 ---p 00009000 08:02 6561543                    /usr/lib/x86_64-linux-gnu/libXrender.so.1.3.0
7f516450c000-7f516450d000 r--p 00008000 08:02 6561543                    /usr/lib/x86_64-linux-gnu/libXrender.so.1.3.0
7f516450d000-7f516450e000 rw-p 00009000 08:02 6561543                    /usr/lib/x86_64-linux-gnu/libXrender.so.1.3.0
7f516450e000-7f516463e000 r-xp 00000000 08:02 6561504                    /usr/lib/x86_64-linux-gnu/libX11.so.6.3.0
7f516463e000-7f516483e000 ---p 00130000 08:02 6561504                    /usr/lib/x86_64-linux-gnu/libX11.so.6.3.0
7f516483e000-7f516483f000 r--p 00130000 08:02 6561504                    /usr/lib/x86_64-linux-gnu/libX11.so.6.3.0
7f516483f000-7f5164843000 rw-p 00131000 08:02 6561504                    /usr/lib/x86_64-linux-gnu/libX11.so.6.3.0
7f5164843000-7f5164854000 r-xp 00000000 08:02 6561521                    /usr/lib/x86_64-linux-gnu/libXext.so.6.4.0
7f5164854000-7f5164a53000 ---p 00011000 08:02 6561521                    /usr/lib/x86_64-linux-gnu/libXext.so.6.4.0
7f5164a53000-7f5164a54000 r--p 00010000 08:02 6561521                    /usr/lib/x86_64-linux-gnu/libXext.so.6.4.0
7f5164a54000-7f5164a55000 rw-p 00011000 08:02 6561521                    /usr/lib/x86_64-linux-gnu/libXext.so.6.4.0
7f5164a55000-7f5164a56000 r--p 00000000 00:00 0 
7f5164a56000-7f5164a57000 r--s 00003000 08:02 8014046                    /usr/bin/processing-3.0/modes/java/mode/jdtCompilerAdapter.jar
7f5164a57000-7f5164a58000 r--s 00003000 08:02 8014035                    /usr/bin/processing-3.0/modes/java/mode/classpath-explorer-1.0.jar
7f5164a58000-7f5164a5a000 r--s 00002000 08:02 6695836                    /usr/bin/processing-3.0/lib/ant-launcher.jar
7f5164a5a000-7f5164a5c000 r--s 00005000 08:02 4591938                    /home/akelly/sketchbook/libraries/minim/library/mp3spi1.9.5.jar
7f5164a5c000-7f5164a76000 r--s 01689000 08:02 6569030                    /usr/bin/processing-3.0/core/library/jogl-java-src.zip
7f5164a76000-7f5164aca000 r-xp 00000000 08:02 8012182                    /usr/bin/processing-3.0/java/lib/amd64/libawt_xawt.so
7f5164aca000-7f5164cca000 ---p 00054000 08:02 8012182                    /usr/bin/processing-3.0/java/lib/amd64/libawt_xawt.so
7f5164cca000-7f5164cce000 rw-p 00054000 08:02 8012182                    /usr/bin/processing-3.0/java/lib/amd64/libawt_xawt.so
7f5164cce000-7f5164ccf000 rw-p 00000000 00:00 0 
7f5164ccf000-7f5164d71000 r-xp 00000000 08:02 8012174                    /usr/bin/processing-3.0/java/lib/amd64/libawt.so
7f5164d71000-7f5164f71000 ---p 000a2000 08:02 8012174                    /usr/bin/processing-3.0/java/lib/amd64/libawt.so
7f5164f71000-7f5164f7d000 rw-p 000a2000 08:02 8012174                    /usr/bin/processing-3.0/java/lib/amd64/libawt.so
7f5164f7d000-7f5164fa1000 rw-p 00000000 00:00 0 
7f5164fa1000-7f5164fa2000 ---p 00000000 00:00 0 
7f5164fa2000-7f51650a2000 rw-p 00000000 00:00 0                          [stack:10790]
7f51650a2000-7f51650a5000 ---p 00000000 00:00 0 
7f51650a5000-7f51651a3000 rw-p 00000000 00:00 0                          [stack:10789]
7f51651a3000-7f51651a6000 ---p 00000000 00:00 0 
7f51651a6000-7f51652a4000 rw-p 00000000 00:00 0                          [stack:10788]
7f51652a4000-7f51652a7000 ---p 00000000 00:00 0 
7f51652a7000-7f51653a5000 rw-p 00000000 00:00 0                          [stack:10787]
7f51653a5000-7f51653a8000 ---p 00000000 00:00 0 
7f51653a8000-7f51654a6000 rw-p 00000000 00:00 0                          [stack:10786]
7f51654a6000-7f51654a9000 ---p 00000000 00:00 0 
7f51654a9000-7f51655a7000 rw-p 00000000 00:00 0                          [stack:10780]
7f51655a7000-7f51655aa000 ---p 00000000 00:00 0 
7f51655aa000-7f51656a8000 rw-p 00000000 00:00 0                          [stack:10775]
7f51656a8000-7f51656ab000 ---p 00000000 00:00 0 
7f51656ab000-7f51657a9000 rw-p 00000000 00:00 0                          [stack:10774]
7f51657a9000-7f51657ad000 r-xp 00000000 08:02 8012175                    /usr/bin/processing-3.0/java/lib/amd64/libdt_socket.so
7f51657ad000-7f51659ac000 ---p 00004000 08:02 8012175                    /usr/bin/processing-3.0/java/lib/amd64/libdt_socket.so
7f51659ac000-7f51659ad000 rw-p 00003000 08:02 8012175                    /usr/bin/processing-3.0/java/lib/amd64/libdt_socket.so
7f51659ad000-7f51659b0000 ---p 00000000 00:00 0 
7f51659b0000-7f5165aae000 rw-p 00000000 00:00 0                          [stack:10773]
7f5165aae000-7f5165ab1000 ---p 00000000 00:00 0 
7f5165ab1000-7f5165baf000 rw-p 00000000 00:00 0                          [stack:10772]
7f5165baf000-7f5165bb2000 ---p 00000000 00:00 0 
7f5165bb2000-7f5165cb0000 rw-p 00000000 00:00 0                          [stack:10771]
7f5165cb0000-7f5165cb1000 ---p 00000000 00:00 0 
7f5165cb1000-7f5166d65000 rw-p 00000000 00:00 0                          [stack:10770]
7f5166d65000-7f5166f3d000 r--s 03d0c000 08:02 6695974                    /usr/bin/processing-3.0/java/lib/rt.jar
7f5166f3d000-7f5167f04000 rw-p 00000000 00:00 0 
7f5167f04000-7f5167f05000 ---p 00000000 00:00 0 
7f5167f05000-7f5168005000 rw-p 00000000 00:00 0                          [stack:10769]
7f5168005000-7f5168006000 ---p 00000000 00:00 0 
7f5168006000-7f5168106000 rw-p 00000000 00:00 0                          [stack:10768]
7f5168106000-7f5168107000 ---p 00000000 00:00 0 
7f5168107000-7f5168207000 rw-p 00000000 00:00 0                          [stack:10767]
7f5168207000-7f5168208000 ---p 00000000 00:00 0 
7f5168208000-7f516835c000 rw-p 00000000 00:00 0                          [stack:10766]
7f516835c000-7f5168838000 ---p 00000000 00:00 0 
7f5168838000-7f516888c000 rw-p 00000000 00:00 0 
7f516888c000-7f5168d67000 ---p 00000000 00:00 0 
7f5168d67000-7f5168d78000 rw-p 00000000 00:00 0 
7f5168d78000-7f5168fff000 ---p 00000000 00:00 0 
7f5168fff000-7f5169000000 rw-p 00000000 00:00 0 
7f5169000000-7f5169740000 rwxp 00000000 00:00 0 
7f5169740000-7f5178000000 ---p 00000000 00:00 0 
7f5178000000-7f5178839000 rw-p 00000000 00:00 0 
7f5178839000-7f517c000000 ---p 00000000 00:00 0 
7f517c000000-7f517c001000 r--s 0000b000 08:02 4591937                    /home/akelly/sketchbook/libraries/minim/library/jsminim.jar
7f517c001000-7f517c005000 r--s 00040000 08:02 4591936                    /home/akelly/sketchbook/libraries/minim/library/jl1.0.1.jar
7f517c005000-7f517c008000 r--s 00017000 08:02 4591933                    /home/akelly/sketchbook/libraries/minim/library/tritonus_share.jar
7f517c008000-7f517c00b000 r--s 00016000 08:02 4591932                    /home/akelly/sketchbook/libraries/minim/library/minim.jar
7f517c00b000-7f517c013000 r--s 003d3000 08:02 6569026                    /usr/bin/processing-3.0/core/library/gluegen-java-src.zip
7f517c013000-7f517c0f5000 rw-p 00000000 00:00 0 
7f517c0f5000-7f517c498000 ---p 00000000 00:00 0 
7f517c498000-7f517c4b2000 r-xp 00000000 08:02 8012189                    /usr/bin/processing-3.0/java/lib/amd64/libzip.so
7f517c4b2000-7f517c6b2000 ---p 0001a000 08:02 8012189                    /usr/bin/processing-3.0/java/lib/amd64/libzip.so
7f517c6b2000-7f517c6b3000 rw-p 0001a000 08:02 8012189                    /usr/bin/processing-3.0/java/lib/amd64/libzip.so
7f517c6b3000-7f517c6be000 r-xp 00000000 08:02 13635765                   /lib/x86_64-linux-gnu/libnss_files-2.19.so
7f517c6be000-7f517c8bd000 ---p 0000b000 08:02 13635765                   /lib/x86_64-linux-gnu/libnss_files-2.19.so
7f517c8bd000-7f517c8be000 r--p 0000a000 08:02 13635765                   /lib/x86_64-linux-gnu/libnss_files-2.19.so
7f517c8be000-7f517c8bf000 rw-p 0000b000 08:02 13635765                   /lib/x86_64-linux-gnu/libnss_files-2.19.so
7f517c8bf000-7f517c8ca000 r-xp 00000000 08:02 13635775                   /lib/x86_64-linux-gnu/libnss_nis-2.19.so
7f517c8ca000-7f517cac9000 ---p 0000b000 08:02 13635775                   /lib/x86_64-linux-gnu/libnss_nis-2.19.so
7f517cac9000-7f517caca000 r--p 0000a000 08:02 13635775                   /lib/x86_64-linux-gnu/libnss_nis-2.19.so
7f517caca000-7f517cacb000 rw-p 0000b000 08:02 13635775                   /lib/x86_64-linux-gnu/libnss_nis-2.19.so
7f517cacb000-7f517cae2000 r-xp 00000000 08:02 13635759                   /lib/x86_64-linux-gnu/libnsl-2.19.so
7f517cae2000-7f517cce1000 ---p 00017000 08:02 13635759                   /lib/x86_64-linux-gnu/libnsl-2.19.so
7f517cce1000-7f517cce2000 r--p 00016000 08:02 13635759                   /lib/x86_64-linux-gnu/libnsl-2.19.so
7f517cce2000-7f517cce3000 rw-p 00017000 08:02 13635759                   /lib/x86_64-linux-gnu/libnsl-2.19.so
7f517cce3000-7f517cce5000 rw-p 00000000 00:00 0 
7f517cce5000-7f517ccee000 r-xp 00000000 08:02 13635761                   /lib/x86_64-linux-gnu/libnss_compat-2.19.so
7f517ccee000-7f517ceed000 ---p 00009000 08:02 13635761                   /lib/x86_64-linux-gnu/libnss_compat-2.19.so
7f517ceed000-7f517ceee000 r--p 00008000 08:02 13635761                   /lib/x86_64-linux-gnu/libnss_compat-2.19.so
7f517ceee000-7f517ceef000 rw-p 00009000 08:02 13635761                   /lib/x86_64-linux-gnu/libnss_compat-2.19.so
7f517ceef000-7f517d5d1000 r--p 00000000 08:02 6560506                    /usr/lib/locale/locale-archive
7f517d5d1000-7f517d5d3000 r-xp 00000000 08:02 8012169                    /usr/bin/processing-3.0/java/lib/amd64/libnpt.so
7f517d5d3000-7f517d7d3000 ---p 00002000 08:02 8012169                    /usr/bin/processing-3.0/java/lib/amd64/libnpt.so
7f517d7d3000-7f517d7d4000 rw-p 00002000 08:02 8012169                    /usr/bin/processing-3.0/java/lib/amd64/libnpt.so
7f517d7d4000-7f517d80d000 r-xp 00000000 08:02 8012184                    /usr/bin/processing-3.0/java/lib/amd64/libjdwp.so
7f517d80d000-7f517da0c000 ---p 00039000 08:02 8012184                    /usr/bin/processing-3.0/java/lib/amd64/libjdwp.so
7f517da0c000-7f517da0e000 rw-p 00038000 08:02 8012184                    /usr/bin/processing-3.0/java/lib/amd64/libjdwp.so
7f517da0e000-7f517da38000 r-xp 00000000 08:02 8012204                    /usr/bin/processing-3.0/java/lib/amd64/libjava.so
7f517da38000-7f517dc38000 ---p 0002a000 08:02 8012204                    /usr/bin/processing-3.0/java/lib/amd64/libjava.so
7f517dc38000-7f517dc3a000 rw-p 0002a000 08:02 8012204                    /usr/bin/processing-3.0/java/lib/amd64/libjava.so
7f517dc3a000-7f517dc47000 r-xp 00000000 08:02 8012148                    /usr/bin/processing-3.0/java/lib/amd64/libverify.so
7f517dc47000-7f517de47000 ---p 0000d000 08:02 8012148                    /usr/bin/processing-3.0/java/lib/amd64/libverify.so
7f517de47000-7f517de49000 rw-p 0000d000 08:02 8012148                    /usr/bin/processing-3.0/java/lib/amd64/libverify.so
7f517de49000-7f517de50000 r-xp 00000000 08:02 13635818                   /lib/x86_64-linux-gnu/librt-2.19.so
7f517de50000-7f517e04f000 ---p 00007000 08:02 13635818                   /lib/x86_64-linux-gnu/librt-2.19.so
7f517e04f000-7f517e050000 r--p 00006000 08:02 13635818                   /lib/x86_64-linux-gnu/librt-2.19.so
7f517e050000-7f517e051000 rw-p 00007000 08:02 13635818                   /lib/x86_64-linux-gnu/librt-2.19.so
7f517e051000-7f517e156000 r-xp 00000000 08:02 13635740                   /lib/x86_64-linux-gnu/libm-2.19.so
7f517e156000-7f517e355000 ---p 00105000 08:02 13635740                   /lib/x86_64-linux-gnu/libm-2.19.so
7f517e355000-7f517e356000 r--p 00104000 08:02 13635740                   /lib/x86_64-linux-gnu/libm-2.19.so
7f517e356000-7f517e357000 rw-p 00105000 08:02 13635740                   /lib/x86_64-linux-gnu/libm-2.19.so
7f517e357000-7f517f005000 r-xp 00000000 08:02 8012167                    /usr/bin/processing-3.0/java/lib/amd64/server/libjvm.so
7f517f005000-7f517f205000 ---p 00cae000 08:02 8012167                    /usr/bin/processing-3.0/java/lib/amd64/server/libjvm.so
7f517f205000-7f517f2dc000 rw-p 00cae000 08:02 8012167                    /usr/bin/processing-3.0/java/lib/amd64/server/libjvm.so
7f517f2dc000-7f517f320000 rw-p 00000000 00:00 0 
7f517f320000-7f517f4db000 r-xp 00000000 08:02 13635690                   /lib/x86_64-linux-gnu/libc-2.19.so
7f517f4db000-7f517f6da000 ---p 001bb000 08:02 13635690                   /lib/x86_64-linux-gnu/libc-2.19.so
7f517f6da000-7f517f6de000 r--p 001ba000 08:02 13635690                   /lib/x86_64-linux-gnu/libc-2.19.so
7f517f6de000-7f517f6e0000 rw-p 001be000 08:02 13635690                   /lib/x86_64-linux-gnu/libc-2.19.so
7f517f6e0000-7f517f6e5000 rw-p 00000000 00:00 0 
7f517f6e5000-7f517f6e8000 r-xp 00000000 08:02 13635707                   /lib/x86_64-linux-gnu/libdl-2.19.so
7f517f6e8000-7f517f8e7000 ---p 00003000 08:02 13635707                   /lib/x86_64-linux-gnu/libdl-2.19.so
7f517f8e7000-7f517f8e8000 r--p 00002000 08:02 13635707                   /lib/x86_64-linux-gnu/libdl-2.19.so
7f517f8e8000-7f517f8e9000 rw-p 00003000 08:02 13635707                   /lib/x86_64-linux-gnu/libdl-2.19.so
7f517f8e9000-7f517f8fe000 r-xp 00000000 08:02 8012145                    /usr/bin/processing-3.0/java/lib/amd64/jli/libjli.so
7f517f8fe000-7f517fafe000 ---p 00015000 08:02 8012145                    /usr/bin/processing-3.0/java/lib/amd64/jli/libjli.so
7f517fafe000-7f517faff000 rw-p 00015000 08:02 8012145                    /usr/bin/processing-3.0/java/lib/amd64/jli/libjli.so
7f517faff000-7f517fb18000 r-xp 00000000 08:02 13635810                   /lib/x86_64-linux-gnu/libpthread-2.19.so
7f517fb18000-7f517fd17000 ---p 00019000 08:02 13635810                   /lib/x86_64-linux-gnu/libpthread-2.19.so
7f517fd17000-7f517fd18000 r--p 00018000 08:02 13635810                   /lib/x86_64-linux-gnu/libpthread-2.19.so
7f517fd18000-7f517fd19000 rw-p 00019000 08:02 13635810                   /lib/x86_64-linux-gnu/libpthread-2.19.so
7f517fd19000-7f517fd1d000 rw-p 00000000 00:00 0 
7f517fd1d000-7f517fd40000 r-xp 00000000 08:02 13635666                   /lib/x86_64-linux-gnu/ld-2.19.so
7f517fd40000-7f517fd41000 r--s 00002000 08:02 4591935                    /home/akelly/sketchbook/libraries/minim/library/tritonus_aos.jar
7f517fd41000-7f517fd42000 r--s 00001000 08:02 6569033                    /usr/bin/processing-3.0/core/library/gluegen-rt-natives-macosx-universal.jar
7f517fd42000-7f517fd44000 r--s 00038000 08:02 6569032                    /usr/bin/processing-3.0/core/library/jogl-all-natives-windows-amd64.jar
7f517fd44000-7f517fd45000 r--s 00034000 08:02 6569031                    /usr/bin/processing-3.0/core/library/jogl-all-natives-linux-amd64.jar
7f517fd45000-7f517fd46000 r--s 00001000 08:02 6569036                    /usr/bin/processing-3.0/core/library/gluegen-rt-natives-windows-i586.jar
7f517fd46000-7f517fe17000 rw-p 00000000 00:00 0 
7f517fe17000-7f517fe1a000 ---p 00000000 00:00 0 
7f517fe1a000-7f517ff1c000 rw-p 00000000 00:00 0                          [stack:10764]
7f517ff1c000-7f517ff22000 r--s 0004a000 08:02 6569021                    /usr/bin/processing-3.0/core/library/gluegen-rt.jar
7f517ff22000-7f517ff23000 r--s 00000000 08:02 6569035                    /usr/bin/processing-3.0/core/library/gluegen-rt-natives-linux-armv6hf.jar
7f517ff23000-7f517ff24000 r--s 00031000 08:02 6569019                    /usr/bin/processing-3.0/core/library/jogl-all-natives-windows-i586.jar
7f517ff24000-7f517ff25000 r--s 00001000 08:02 6569022                    /usr/bin/processing-3.0/core/library/gluegen-rt-natives-windows-amd64.jar
7f517ff25000-7f517ff27000 r--s 0006c000 08:02 6569020                    /usr/bin/processing-3.0/core/library/jogl-all-natives-macosx-universal.jar
7f517ff27000-7f517ff2c000 r--s 000f0000 08:02 6569027                    /usr/bin/processing-3.0/core/library/core.jar
7f517ff2c000-7f517ff2e000 r--s 00000000 08:02 6569025                    /usr/bin/processing-3.0/core/library/gluegen-rt-natives-linux-amd64.jar
7f517ff2e000-7f517ff2f000 r--s 00026000 08:02 6569028                    /usr/bin/processing-3.0/core/library/jogl-all-natives-linux-armv6hf.jar
7f517ff2f000-7f517ff30000 r--s 00032000 08:02 6569024                    /usr/bin/processing-3.0/core/library/jogl-all-natives-linux-i586.jar
7f517ff30000-7f517ff32000 r--s 00000000 08:02 6569023                    /usr/bin/processing-3.0/core/library/gluegen-rt-natives-linux-i586.jar
7f517ff32000-7f517ff33000 rw-p 00000000 00:00 0 
7f517ff33000-7f517ff3b000 rw-s 00000000 08:02 4325390                    /tmp/hsperfdata_akelly/10763
7f517ff3b000-7f517ff3c000 rw-p 00000000 00:00 0 
7f517ff3c000-7f517ff3d000 r--p 00000000 00:00 0 
7f517ff3d000-7f517ff3f000 rw-p 00000000 00:00 0 
7f517ff3f000-7f517ff40000 r--p 00022000 08:02 13635666                   /lib/x86_64-linux-gnu/ld-2.19.so
7f517ff40000-7f517ff41000 rw-p 00023000 08:02 13635666                   /lib/x86_64-linux-gnu/ld-2.19.so
7f517ff41000-7f517ff42000 rw-p 00000000 00:00 0 
7ffc54da7000-7ffc54dca000 rw-p 00000000 00:00 0                          [stack]
7ffc54dd9000-7ffc54ddb000 r--p 00000000 00:00 0                          [vvar]
7ffc54ddb000-7ffc54ddd000 r-xp 00000000 00:00 0                          [vdso]
ffffffffff600000-ffffffffff601000 r-xp 00000000 00:00 0                  [vsyscall]

VM Arguments:
jvm_args: -agentlib:jdwp=transport=dt_socket,address=8532,server=y,suspend=y -Djava.library.path=:/usr/bin/processing-3.0/core/library:/home/akelly/sketchbook/libraries/minim/library:/usr/java/packages/lib/amd64:/usr/lib64:/lib64:/lib:/usr/lib -ea 
java_command: processing.core.PApplet --display=1 --sketch-path=/home/akelly/sketchbook/_audioVisualizer/_audioVisualizer/build build
java_class_path (initial): /home/akelly/sketchbook/_audioVisualizer/_audioVisualizer/build/build-tmp:/usr/bin/processing-3.0/core/library/gluegen-rt-natives-linux-i586.jar:/usr/bin/processing-3.0/core/library/jogl-all-natives-linux-i586.jar:/usr/bin/processing-3.0/core/library/jogl-all-natives-linux-armv6hf.jar:/usr/bin/processing-3.0/core/library/gluegen-rt-natives-linux-amd64.jar:/usr/bin/processing-3.0/core/library/core.jar:/usr/bin/processing-3.0/core/library/jogl-all-natives-macosx-universal.jar:/usr/bin/processing-3.0/core/library/gluegen-rt-natives-windows-amd64.jar:/usr/bin/processing-3.0/core/library/jogl-all-natives-windows-i586.jar:/usr/bin/processing-3.0/core/library/gluegen-rt-natives-linux-armv6hf.jar:/usr/bin/processing-3.0/core/library/gluegen-rt.jar:/usr/bin/processing-3.0/core/library/gluegen-rt-natives-windows-i586.jar:/usr/bin/processing-3.0/core/library/jogl-all.jar:/usr/bin/processing-3.0/core/library/jogl-all-natives-linux-amd64.jar:/usr/bin/processing-3.0/core/library/jogl-all-natives-windows-amd64.jar:/usr/bin/processing-3.0/core/library/gluegen-java-src.zip:/usr/bin/processing-3.0/core/library/jogl-java-src.zip:/usr/bin/processing-3.0/core/library/gluegen-rt-natives-macosx-universal.jar:/usr/bin/processing-3.0/core/library/gluegen-rt-natives-linux-i586.jar:/usr/bin/processing-3.0/core/library/jogl-all-natives-linux-i586.jar:/usr/bin/processing-3.0/core/library/jogl-all-natives-linux-armv6hf.jar:/usr/bin/processing-3.0/core/library/gluegen-rt-natives-linux-amd64.jar:/usr/bin/processing-3.0/core/library/core.jar:/usr/bin/processing-3.0/core/library/jogl-all-natives-macosx-universal.jar:/usr/bin/processing-3.0/core/library/gluegen-rt-natives-windows-amd64.jar:/usr/bin/processing-3.0/core/library/jogl-all-natives-windows-i586.jar:/usr/bin/processing-3.0/core/library/gluegen-rt-natives-linux-armv6hf.jar:/usr/bin/processing-3.0/core/library/gluegen-rt.jar:/usr/bin/processing-3.0/core/library/gluegen-rt-natives-windows-i586.jar:/usr/bin/processi
Launcher Type: SUN_STANDARD

Environment Variables:
PATH=/usr/bin/processing-3.0/java/bin:/usr/local/sbin:/usr/local/bin:/usr/sbin:/usr/bin:/sbin:/bin:/usr/games:/usr/local/games
SHELL=/bin/bash
DISPLAY=:0

Signal Handlers:
SIGSEGV: [libjvm.so+0xaad540], sa_mask[0]=11111111011111111101111111111110, sa_flags=SA_RESTART|SA_SIGINFO
SIGBUS: [libjvm.so+0xaad540], sa_mask[0]=11111111011111111101111111111110, sa_flags=SA_RESTART|SA_SIGINFO
SIGFPE: [libjvm.so+0x90b6b0], sa_mask[0]=11111111011111111101111111111110, sa_flags=SA_RESTART|SA_SIGINFO
SIGPIPE: [libjvm.so+0x90b6b0], sa_mask[0]=11111111011111111101111111111110, sa_flags=SA_RESTART|SA_SIGINFO
SIGXFSZ: [libjvm.so+0x90b6b0], sa_mask[0]=11111111011111111101111111111110, sa_flags=SA_RESTART|SA_SIGINFO
SIGILL: [libjvm.so+0x90b6b0], sa_mask[0]=11111111011111111101111111111110, sa_flags=SA_RESTART|SA_SIGINFO
SIGUSR1: SIG_DFL, sa_mask[0]=00000000000000000000000000000000, sa_flags=none
SIGUSR2: [libjvm.so+0x90ccf0], sa_mask[0]=00100000000000000000000000000000, sa_flags=SA_RESTART|SA_SIGINFO
SIGHUP: [libjvm.so+0x90e040], sa_mask[0]=11111111011111111101111111111110, sa_flags=SA_RESTART|SA_SIGINFO
SIGINT: [libjvm.so+0x90e040], sa_mask[0]=11111111011111111101111111111110, sa_flags=SA_RESTART|SA_SIGINFO
SIGTERM: [libjvm.so+0x90e040], sa_mask[0]=11111111011111111101111111111110, sa_flags=SA_RESTART|SA_SIGINFO
SIGQUIT: [libjvm.so+0x90e040], sa_mask[0]=11111111011111111101111111111110, sa_flags=SA_RESTART|SA_SIGINFO


---------------  S Y S T E M  ---------------

OS:DISTRIB_ID=Ubuntu
DISTRIB_RELEASE=14.04
DISTRIB_CODENAME=trusty
DISTRIB_DESCRIPTION="Ubuntu 14.04.3 LTS"

uname:Linux 3.19.0-28-generic #30~14.04.1-Ubuntu SMP Tue Sep 1 09:32:55 UTC 2015 x86_64
libc:glibc 2.19 NPTL 2.19 
rlimit: STACK 8192k, CORE 0k, NPROC 63284, NOFILE 4096, AS infinity
load average:2.31 2.74 2.72

/proc/meminfo:
MemTotal:       16309452 kB
MemFree:        11276324 kB
MemAvailable:   12563716 kB
Buffers:          120704 kB
Cached:          1701140 kB
SwapCached:           48 kB
Active:          3987108 kB
Inactive:         778784 kB
Active(anon):    3026940 kB
Inactive(anon):   327276 kB
Active(file):     960168 kB
Inactive(file):   451508 kB
Unevictable:          92 kB
Mlocked:              92 kB
SwapTotal:      16653308 kB
SwapFree:       16584364 kB
Dirty:              1212 kB
Writeback:             0 kB
AnonPages:       2943928 kB
Mapped:           526296 kB
Shmem:            410172 kB
Slab:             130788 kB
SReclaimable:      89316 kB
SUnreclaim:        41472 kB
KernelStack:       10336 kB
PageTables:        50612 kB
NFS_Unstable:          0 kB
Bounce:                0 kB
WritebackTmp:          0 kB
CommitLimit:    24808032 kB
Committed_AS:    8627720 kB
VmallocTotal:   34359738367 kB
VmallocUsed:      384844 kB
VmallocChunk:   34359343192 kB
HardwareCorrupted:     0 kB
AnonHugePages:   1003520 kB
CmaTotal:              0 kB
CmaFree:               0 kB
HugePages_Total:       0
HugePages_Free:        0
HugePages_Rsvd:        0
HugePages_Surp:        0
Hugepagesize:       2048 kB
DirectMap4k:      210348 kB
DirectMap2M:    13297664 kB
DirectMap1G:     3145728 kB


CPU:total 4 (2 cores per cpu, 2 threads per core) family 6 model 61 stepping 4, cmov, cx8, fxsr, mmx, sse, sse2, sse3, ssse3, sse4.1, sse4.2, popcnt, avx, avx2, aes, clmul, erms, rtm, 3dnowpref, lzcnt, ht, tsc, tscinvbit, bmi1, bmi2, adx

/proc/cpuinfo:
processor	: 0
vendor_id	: GenuineIntel
cpu family	: 6
model		: 61
model name	: Intel(R) Core(TM) i7-5600U CPU @ 2.60GHz
stepping	: 4
microcode	: 0x19
cpu MHz		: 2099.906
cache size	: 4096 KB
physical id	: 0
siblings	: 4
core id		: 0
cpu cores	: 2
apicid		: 0
initial apicid	: 0
fpu		: yes
fpu_exception	: yes
cpuid level	: 20
wp		: yes
flags		: fpu vme de pse tsc msr pae mce cx8 apic sep mtrr pge mca cmov pat pse36 clflush dts acpi mmx fxsr sse sse2 ss ht tm pbe syscall nx pdpe1gb rdtscp lm constant_tsc arch_perfmon pebs bts rep_good nopl xtopology nonstop_tsc aperfmperf eagerfpu pni pclmulqdq dtes64 monitor ds_cpl vmx smx est tm2 ssse3 fma cx16 xtpr pdcm pcid sse4_1 sse4_2 x2apic movbe popcnt tsc_deadline_timer aes xsave avx f16c rdrand lahf_lm abm 3dnowprefetch ida arat epb pln pts dtherm tpr_shadow vnmi flexpriority ept vpid fsgsbase tsc_adjust bmi1 hle avx2 smep bmi2 erms invpcid rtm rdseed adx smap xsaveopt
bugs		:
bogomips	: 5188.48
clflush size	: 64
cache_alignment	: 64
address sizes	: 39 bits physical, 48 bits virtual
power management:

processor	: 1
vendor_id	: GenuineIntel
cpu family	: 6
model		: 61
model name	: Intel(R) Core(TM) i7-5600U CPU @ 2.60GHz
stepping	: 4
microcode	: 0x19
cpu MHz		: 2099.906
cache size	: 4096 KB
physical id	: 0
siblings	: 4
core id		: 0
cpu cores	: 2
apicid		: 1
initial apicid	: 1
fpu		: yes
fpu_exception	: yes
cpuid level	: 20
wp		: yes
flags		: fpu vme de pse tsc msr pae mce cx8 apic sep mtrr pge mca cmov pat pse36 clflush dts acpi mmx fxsr sse sse2 ss ht tm pbe syscall nx pdpe1gb rdtscp lm constant_tsc arch_perfmon pebs bts rep_good nopl xtopology nonstop_tsc aperfmperf eagerfpu pni pclmulqdq dtes64 monitor ds_cpl vmx smx est tm2 ssse3 fma cx16 xtpr pdcm pcid sse4_1 sse4_2 x2apic movbe popcnt tsc_deadline_timer aes xsave avx f16c rdrand lahf_lm abm 3dnowprefetch ida arat epb pln pts dtherm tpr_shadow vnmi flexpriority ept vpid fsgsbase tsc_adjust bmi1 hle avx2 smep bmi2 erms invpcid rtm rdseed adx smap xsaveopt
bugs		:
bogomips	: 5188.48
clflush size	: 64
cache_alignment	: 64
address sizes	: 39 bits physical, 48 bits virtual
power management:

processor	: 2
vendor_id	: GenuineIntel
cpu family	: 6
model		: 61
model name	: Intel(R) Core(TM) i7-5600U CPU @ 2.60GHz
stepping	: 4
microcode	: 0x19
cpu MHz		: 1968.484
cache size	: 4096 KB
physical id	: 0
siblings	: 4
core id		: 1
cpu cores	: 2
apicid		: 2
initial apicid	: 2
fpu		: yes
fpu_exception	: yes
cpuid level	: 20
wp		: yes
flags		: fpu vme de pse tsc msr pae mce cx8 apic sep mtrr pge mca cmov pat pse36 clflush dts acpi mmx fxsr sse sse2 ss ht tm pbe syscall nx pdpe1gb rdtscp lm constant_tsc arch_perfmon pebs bts rep_good nopl xtopology nonstop_tsc aperfmperf eagerfpu pni pclmulqdq dtes64 monitor ds_cpl vmx smx est tm2 ssse3 fma cx16 xtpr pdcm pcid sse4_1 sse4_2 x2apic movbe popcnt tsc_deadline_timer aes xsave avx f16c rdrand lahf_lm abm 3dnowprefetch ida arat epb pln pts dtherm tpr_shadow vnmi flexpriority ept vpid fsgsbase tsc_adjust bmi1 hle avx2 smep bmi2 erms invpcid rtm rdseed adx smap xsaveopt
bugs		:
bogomips	: 5188.48
clflush size	: 64
cache_alignment	: 64
address sizes	: 39 bits physical, 48 bits virtual
power management:

processor	: 3
vendor_id	: GenuineIntel
cpu family	: 6
model		: 61
model name	: Intel(R) Core(TM) i7-5600U CPU @ 2.60GHz
stepping	: 4
microcode	: 0x19
cpu MHz		: 2100.007
cache size	: 4096 KB
physical id	: 0
siblings	: 4
core id		: 1
cpu cores	: 2
apicid		: 3
initial apicid	: 3
fpu		: yes
fpu_exception	: yes
cpuid level	: 20
wp		: yes
flags		: fpu vme de pse tsc msr pae mce cx8 apic sep mtrr pge mca cmov pat pse36 clflush dts acpi mmx fxsr sse sse2 ss ht tm pbe syscall nx pdpe1gb rdtscp lm constant_tsc arch_perfmon pebs bts rep_good nopl xtopology nonstop_tsc aperfmperf eagerfpu pni pclmulqdq dtes64 monitor ds_cpl vmx smx est tm2 ssse3 fma cx16 xtpr pdcm pcid sse4_1 sse4_2 x2apic movbe popcnt tsc_deadline_timer aes xsave avx f16c rdrand lahf_lm abm 3dnowprefetch ida arat epb pln pts dtherm tpr_shadow vnmi flexpriority ept vpid fsgsbase tsc_adjust bmi1 hle avx2 smep bmi2 erms invpcid rtm rdseed adx smap xsaveopt
bugs		:
bogomips	: 5188.48
clflush size	: 64
cache_alignment	: 64
address sizes	: 39 bits physical, 48 bits virtual
power management:



Memory: 4k page, physical 16309452k(11276324k free), swap 16653308k(16584364k free)

vm_info: Java HotSpot(TM) 64-Bit Server VM (25.51-b03) for linux-amd64 JRE (1.8.0_51-b16), built on Jun  8 2015 19:28:07 by "java_re" with gcc 4.3.0 20080428 (Red Hat 4.3.0-8)

time: Sat Oct 10 16:23:08 2015
elapsed time: 42 seconds (0d 0h 0m 42s)

