#
# A fatal error has been detected by the Java Runtime Environment:
#
#  SIGSEGV (0xb) at pc=0x00007f7e788a5998, pid=9273, tid=140181222979328
#
# JRE version: Java(TM) SE Runtime Environment (8.0_51-b16) (build 1.8.0_51-b16)
# Java VM: Java HotSpot(TM) 64-Bit Server VM (25.51-b03 mixed mode linux-amd64 compressed oops)
# Problematic frame:
# C  [i965_dri.so+0x3c9998]
#
# Failed to write core dump. Core dumps have been disabled. To enable core dumping, try "ulimit -c unlimited" before starting Java again
#
# If you would like to submit a bug report, please visit:
#   http://bugreport.java.com/bugreport/crash.jsp
# The crash happened outside the Java Virtual Machine in native code.
# See problematic frame for where to report the bug.
#

---------------  T H R E A D  ---------------

Current thread (0x00007f7eec663000):  JavaThread "main-Display-.x11_:0-1-EDT-1" daemon [_thread_in_native, id=9313, stack(0x00007f7e7beff000,0x00007f7e7c000000)]

siginfo: si_signo: 11 (SIGSEGV), si_code: 1 (SEGV_MAPERR), si_addr: 0x0000000100000000

Registers:
RAX=0x00007f7e788a5990, RBX=0x00007f7e5804f900, RCX=0x0000000000000000, RDX=0x0000000000000001
RSP=0x00007f7e7bffd1f0, RBP=0x00007f7e70022290, RSI=0x00007f7e5804f9e0, RDI=0x0000000100000000
R8 =0x0000000000000000, R9 =0x00007f7e7b8acfc0, R10=0x00007f7edc04b6c7, R11=0x00000000d8e988df
R12=0x00007f7e7001fdd0, R13=0x0000000000000000, R14=0x00007f7e70023480, R15=0x0000000000000000
RIP=0x00007f7e788a5998, EFLAGS=0x0000000000010206, CSGSFS=0x0000000000000033, ERR=0x0000000000000004
  TRAPNO=0x000000000000000e

Top of Stack: (sp=0x00007f7e7bffd1f0)
0x00007f7e7bffd1f0:   00007f7e7bffd2e0 0000000000000000
0x00007f7e7bffd200:   00007f7e5804f900 00007f7e70022290
0x00007f7e7bffd210:   00007f7e7001fdd0 00007f7e7b8ad04e
0x00007f7e7bffd220:   00007f7e7bffd258 00007f7e7bafa660
0x00007f7e7bffd230:   00007f7e70014b10 00007f7e00000000
0x00007f7e7bffd240:   0000000000000000 0000000000000000
0x00007f7e7bffd250:   00007f7e7bffd560 00007f7e5804f900
0x00007f7e7bffd260:   0000000004200002 00000007c00fdca0
0x00007f7e7bffd270:   00007f7e7bffd2e0 0000000000000000
0x00007f7e7bffd280:   00007f7e7bffd578 00007f7e7bffd320
0x00007f7e7bffd290:   00007f7eec663000 00007f7e79fbfba7
0x00007f7e7bffd2a0:   00007f7e94288a60 00007f7e7b886ab0
0x00007f7e7bffd2b0:   0000000004200002 00007f7e70014b10
0x00007f7e7bffd2c0:   00007f7e7bffd320 00007f7eec6631f8
0x00007f7e7bffd2d0:   00007f7e7bc33f20 00007f7e7b886ab0
0x00007f7e7bffd2e0:   00007f7e7bffd330 00007f7edc04b73d
0x00007f7e7bffd2f0:   fffffffe00000000 0000000000000000
0x00007f7e7bffd300:   0000000000000000 00007f7e94288e38
0x00007f7e7bffd310:   00000000000003d8 0000000000001388
0x00007f7e7bffd320:   00000006c7634560 0000000000001388
0x00007f7e7bffd330:   00007f7e7bffd5c0 00007f7edc222b3c
0x00007f7e7bffd340:   00000006c74cb828 00007f7eec663000
0x00007f7e7bffd350:   0000000000000000 0000000000000000
0x00007f7e7bffd360:   0000000000000007 00007f7edc02f494
0x00007f7e7bffd370:   0000000000000007 00007f7edc2a0d2c
0x00007f7e7bffd380:   00007f7edbecc5d0 00000006c74cb818
0x00007f7e7bffd390:   00000006c74cb828 00000006c74cb838
0x00007f7e7bffd3a0:   00007f7ed8e99707 00007f7edbef4f03
0x00007f7e7bffd3b0:   0000000000000031 00007f7e00000000
0x00007f7e7bffd3c0:   00007f7e7bffd5c0 00007f7edc676e24
0x00007f7e7bffd3d0:   00007f7e7bffd578 00007f7edbef4f03
0x00007f7e7bffd3e0:   00007f7edbecc5d0 00007f7e00000000 

Instructions: (pc=0x00007f7e788a5998)
0x00007f7e788a5978:   0f 1f 84 00 00 00 00 00 48 83 c4 10 5b 5d 41 5c
0x00007f7e788a5988:   c3 0f 1f 80 00 00 00 00 41 54 55 53 48 83 ec 10
0x00007f7e788a5998:   48 8b 1f 48 85 db 74 3d f6 83 48 05 00 00 01 49
0x00007f7e788a59a8:   89 f4 89 cd 75 72 83 e2 01 75 5d 83 e5 fd 74 38 

Register to memory mapping:

RAX=0x00007f7e788a5990: <offset 0x3c9990> in /usr/lib/x86_64-linux-gnu/dri/i965_dri.so at 0x00007f7e784dc000
RBX=0x00007f7e5804f900 is an unknown value
RCX=0x0000000000000000 is an unknown value
RDX=0x0000000000000001 is an unknown value
RSP=0x00007f7e7bffd1f0 is pointing into the stack for thread: 0x00007f7eec663000
RBP=0x00007f7e70022290 is an unknown value
RSI=0x00007f7e5804f9e0 is an unknown value
RDI=0x0000000100000000 is an unknown value
R8 =0x0000000000000000 is an unknown value
R9 =0x00007f7e7b8acfc0: <offset 0x42fc0> in /usr/lib/x86_64-linux-gnu/mesa/libGL.so.1 at 0x00007f7e7b86a000
R10=0x00007f7edc04b6c7 is at entry_point+71 in (nmethod*)0x00007f7edc04b510
R11=0x00000000d8e988df is an unknown value
R12=0x00007f7e7001fdd0 is an unknown value
R13=0x0000000000000000 is an unknown value
R14=0x00007f7e70023480 is an unknown value
R15=0x0000000000000000 is an unknown value


Stack: [0x00007f7e7beff000,0x00007f7e7c000000],  sp=0x00007f7e7bffd1f0,  free space=1016k
Native frames: (J=compiled Java code, j=interpreted, Vv=VM code, C=native code)
C  [i965_dri.so+0x3c9998]

Java frames: (J=compiled Java code, j=interpreted, Vv=VM code)
J 2111  jogamp.opengl.x11.glx.GLX.dispatch_glXSwapBuffers0(JJJ)V (0 bytes) @ 0x00007f7edc04b6c7 [0x00007f7edc04b680+0x47]
J 2110 C1 jogamp.opengl.x11.glx.GLX.glXSwapBuffers(JJ)V (45 bytes) @ 0x00007f7edc222b3c [0x00007f7edc222120+0xa1c]
J 2109 C1 jogamp.opengl.x11.glx.X11GLXDrawable.swapBuffersImpl(Z)V (21 bytes) @ 0x00007f7edc29dccc [0x00007f7edc29da20+0x2ac]
J 2047 C1 jogamp.opengl.GLDrawableImpl.swapBuffers()V (138 bytes) @ 0x00007f7edc6b2334 [0x00007f7edc6b1c60+0x6d4]
j  jogamp.opengl.GLAutoDrawableBase.defaultSwapBuffers()V+23
j  com.jogamp.newt.opengl.GLWindow.swapBuffers()V+1
j  processing.opengl.PJOGL.swapBuffers()V+15
j  processing.opengl.PGraphicsOpenGL.dispose()V+15
j  processing.core.PApplet.dispose()V+28
j  processing.opengl.PSurfaceJOGL$NEWTWindowListener.windowDestroyNotify(Lcom/jogamp/newt/event/WindowEvent;)V+7
j  jogamp.newt.WindowImpl.consumeWindowEvent(Lcom/jogamp/newt/event/WindowEvent;)V+254
j  jogamp.newt.WindowImpl.sendWindowEvent(I)V+14
j  jogamp.newt.WindowImpl$1.run()V+143
j  jogamp.newt.DisplayImpl.runOnEDTIfAvail(ZLjava/lang/Runnable;)V+172
j  jogamp.newt.WindowImpl.runOnEDTIfAvail(ZLjava/lang/Runnable;)V+36
j  jogamp.newt.WindowImpl.destroy()V+11
j  com.jogamp.newt.opengl.GLWindow.destroy()V+4
j  jogamp.opengl.GLAutoDrawableBase.destroyAvoidAwareOfLocking()V+31
j  jogamp.opengl.GLAutoDrawableBase.defaultWindowDestroyNotifyOp()V+43
j  com.jogamp.newt.opengl.GLWindow.access$000(Lcom/jogamp/newt/opengl/GLWindow;)V+1
j  com.jogamp.newt.opengl.GLWindow$1.run()V+4
j  jogamp.newt.WindowImpl.windowDestroyNotify(Z)Z+147
v  ~StubRoutines::call_stub
J 1608  jogamp.newt.driver.x11.DisplayDriver.DispatchMessages0(JJJII)V (0 bytes) @ 0x00007f7edc4fd93f [0x00007f7edc4fd900+0x3f]
J 2148 C2 jogamp.newt.driver.x11.DisplayDriver.dispatchMessagesNative()V (66 bytes) @ 0x00007f7edc310ea4 [0x00007f7edc310d40+0x164]
J 2151 C2 jogamp.newt.DisplayImpl$7.run()V (8 bytes) @ 0x00007f7edc2a35c0 [0x00007f7edc2a3540+0x80]
j  jogamp.newt.DefaultEDTUtil$NEDT.run()V+67
v  ~StubRoutines::call_stub

---------------  P R O C E S S  ---------------

Java Threads: ( => current thread )
  0x00007f7e58131800 JavaThread "Thread-6" [_thread_in_native, id=9336, stack(0x00007f7e65bfe000,0x00007f7e65cff000)]
  0x00007f7e5811d800 JavaThread "Java Sound Event Dispatcher" daemon [_thread_blocked, id=9331, stack(0x00007f7e65cff000,0x00007f7e65e00000)]
  0x00007f7eec00f800 JavaThread "DestroyJavaVM" [_thread_blocked, id=9275, stack(0x00007f7ef29a1000,0x00007f7ef2aa2000)]
  0x00007f7eec6d5000 JavaThread "Thread-2" [_thread_blocked, id=9316, stack(0x00007f7e66701000,0x00007f7e66802000)]
  0x00007f7eec6c5000 JavaThread "main-SharedResourceRunner" daemon [_thread_blocked, id=9315, stack(0x00007f7e78c5f000,0x00007f7e78d60000)]
  0x00007f7eec69e800 JavaThread "main-SharedResourceRunner" daemon [_thread_blocked, id=9314, stack(0x00007f7e79e26000,0x00007f7e79f27000)]
=>0x00007f7eec663000 JavaThread "main-Display-.x11_:0-1-EDT-1" daemon [_thread_in_native, id=9313, stack(0x00007f7e7beff000,0x00007f7e7c000000)]
  0x00007f7eec26c000 JavaThread "AWT-XAWT" daemon [_thread_in_native, id=9302, stack(0x00007f7e99ca1000,0x00007f7e99da2000)]
  0x00007f7eec24c000 JavaThread "Java2D Disposer" daemon [_thread_blocked, id=9301, stack(0x00007f7e9a1b2000,0x00007f7e9a2b3000)]
  0x00007f7eec0d8800 JavaThread "Service Thread" daemon [_thread_blocked, id=9299, stack(0x00007f7e9beff000,0x00007f7e9c000000)]
  0x00007f7eec0d3800 JavaThread "C1 CompilerThread2" daemon [_thread_blocked, id=9298, stack(0x00007f7ed00c5000,0x00007f7ed01c6000)]
  0x00007f7eec0d1800 JavaThread "C2 CompilerThread1" daemon [_thread_blocked, id=9297, stack(0x00007f7ed01c6000,0x00007f7ed02c7000)]
  0x00007f7eec0ce800 JavaThread "C2 CompilerThread0" daemon [_thread_blocked, id=9296, stack(0x00007f7ed02c7000,0x00007f7ed03c8000)]
  0x00007f7eb0001000 JavaThread "JDWP Command Reader" daemon [_thread_in_native, id=9290, stack(0x00007f7ed03c8000,0x00007f7ed04c9000)]
  0x00007f7eec0cc800 JavaThread "JDWP Event Helper Thread" daemon [_thread_blocked, id=9286, stack(0x00007f7ed04c9000,0x00007f7ed05ca000)]
  0x00007f7eec0c9000 JavaThread "JDWP Transport Listener: dt_socket" daemon [_thread_blocked, id=9285, stack(0x00007f7ed05ca000,0x00007f7ed06cb000)]
  0x00007f7eec0bb800 JavaThread "Signal Dispatcher" daemon [_thread_blocked, id=9283, stack(0x00007f7ed08cf000,0x00007f7ed09d0000)]
  0x00007f7eec084800 JavaThread "Finalizer" daemon [_thread_blocked, id=9282, stack(0x00007f7ed09d0000,0x00007f7ed0ad1000)]
  0x00007f7eec082800 JavaThread "Reference Handler" daemon [_thread_blocked, id=9281, stack(0x00007f7ed0ad1000,0x00007f7ed0bd2000)]

Other Threads:
  0x00007f7eec07d000 VMThread [stack: 0x00007f7ed0bd2000,0x00007f7ed0cd3000] [id=9280]
  0x00007f7eec0db000 WatcherThread [stack: 0x00007f7e9bdfe000,0x00007f7e9beff000] [id=9300]

VM state:not at safepoint (normal execution)

VM Mutex/Monitor currently owned by a thread: None

Heap:
 PSYoungGen      total 128000K, used 91864K [0x000000076d100000, 0x00000007b6180000, 0x00000007c0000000)
  eden space 127488K, 72% used [0x000000076d100000,0x0000000772aa62a8,0x0000000774d80000)
  from space 512K, 12% used [0x00000007b6080000,0x00000007b6090000,0x00000007b6100000)
  to   space 512K, 0% used [0x00000007b6100000,0x00000007b6100000,0x00000007b6180000)
 ParOldGen       total 171008K, used 13141K [0x00000006c7200000, 0x00000006d1900000, 0x000000076d100000)
  object space 171008K, 7% used [0x00000006c7200000,0x00000006c7ed5698,0x00000006d1900000)
 Metaspace       used 17673K, capacity 17870K, committed 18048K, reserved 1064960K
  class space    used 1577K, capacity 1662K, committed 1664K, reserved 1048576K

Card table byte_map: [0x00007f7edb33f000,0x00007f7edbb07000] byte_map_base: 0x00007f7ed7d06000

Marking Bits: (ParMarkBitMap*) 0x00007f7ef1e7f660
 Begin Bits: [0x00007f7ed2e9c000, 0x00007f7ed6cd4000)
 End Bits:   [0x00007f7ed6cd4000, 0x00007f7edab0c000)

Polling page: 0x00007f7ef2ac6000

CodeCache: size=245760Kb used=7052Kb max_used=8103Kb free=238707Kb
 bounds [0x00007f7edbec7000, 0x00007f7edc6f7000, 0x00007f7eeaec7000]
 total_blobs=2738 nmethods=1779 adapters=881
 compilation: enabled

Compilation events (10 events):
Event: 156.190 Thread 0x00007f7eec0ce800 2244   !   4       com.sun.media.sound.DirectAudioDevice$DirectDL::write (344 bytes)
Event: 156.194 Thread 0x00007f7eec0ce800 nmethod 2244 0x00007f7edc2cc1d0 code [0x00007f7edc2cc380, 0x00007f7edc2ccb48]
Event: 157.890 Thread 0x00007f7eec0d1800 2245       4       build::myAudioDataWidget (93 bytes)
Event: 157.907 Thread 0x00007f7eec0d1800 nmethod 2245 0x00007f7edc2a5cd0 code [0x00007f7edc2a5ee0, 0x00007f7edc2a68b8]
Event: 157.916 Thread 0x00007f7eec0ce800 2246       4       build::myAudioDataUpdate (82 bytes)
Event: 157.923 Thread 0x00007f7eec0ce800 nmethod 2246 0x00007f7edc298c50 code [0x00007f7edc298dc0, 0x00007f7edc299108]
Event: 160.041 Thread 0x00007f7eec0ce800 2248       4       processing.core.PGraphics::specularFromCalc (33 bytes)
Event: 160.041 Thread 0x00007f7eec0d1800 2247       4       processing.core.PGraphics::emissiveFromCalc (33 bytes)
Event: 160.042 Thread 0x00007f7eec0ce800 nmethod 2248 0x00007f7edc022bd0 code [0x00007f7edc022d20, 0x00007f7edc022db8]
Event: 160.042 Thread 0x00007f7eec0d1800 nmethod 2247 0x00007f7edc357f50 code [0x00007f7edc3580a0, 0x00007f7edc358138]

GC Heap History (10 events):
Event: 179.456 GC heap before
{Heap before GC invocations=1005 (full 0):
 PSYoungGen      total 151040K, used 150592K [0x000000076d100000, 0x00000007b6180000, 0x00000007c0000000)
  eden space 150528K, 100% used [0x000000076d100000,0x0000000776400000,0x0000000776400000)
  from space 512K, 12% used [0x00000007b6100000,0x00000007b6110000,0x00000007b6180000)
  to   space 512K, 0% used [0x00000007b6080000,0x00000007b6080000,0x00000007b6100000)
 ParOldGen       total 171008K, used 13141K [0x00000006c7200000, 0x00000006d1900000, 0x000000076d100000)
  object space 171008K, 7% used [0x00000006c7200000,0x00000006c7ed5698,0x00000006d1900000)
 Metaspace       used 17672K, capacity 17870K, committed 18048K, reserved 1064960K
  class space    used 1577K, capacity 1662K, committed 1664K, reserved 1048576K
Event: 179.457 GC heap after
Heap after GC invocations=1005 (full 0):
 PSYoungGen      total 145920K, used 32K [0x000000076d100000, 0x00000007b6180000, 0x00000007c0000000)
  eden space 145408K, 0% used [0x000000076d100000,0x000000076d100000,0x0000000775f00000)
  from space 512K, 6% used [0x00000007b6080000,0x00000007b6088000,0x00000007b6100000)
  to   space 512K, 0% used [0x00000007b6100000,0x00000007b6100000,0x00000007b6180000)
 ParOldGen       total 171008K, used 13141K [0x00000006c7200000, 0x00000006d1900000, 0x000000076d100000)
  object space 171008K, 7% used [0x00000006c7200000,0x00000006c7ed5698,0x00000006d1900000)
 Metaspace       used 17672K, capacity 17870K, committed 18048K, reserved 1064960K
  class space    used 1577K, capacity 1662K, committed 1664K, reserved 1048576K
}
Event: 179.723 GC heap before
{Heap before GC invocations=1006 (full 0):
 PSYoungGen      total 145920K, used 145440K [0x000000076d100000, 0x00000007b6180000, 0x00000007c0000000)
  eden space 145408K, 100% used [0x000000076d100000,0x0000000775f00000,0x0000000775f00000)
  from space 512K, 6% used [0x00000007b6080000,0x00000007b6088000,0x00000007b6100000)
  to   space 512K, 0% used [0x00000007b6100000,0x00000007b6100000,0x00000007b6180000)
 ParOldGen       total 171008K, used 13141K [0x00000006c7200000, 0x00000006d1900000, 0x000000076d100000)
  object space 171008K, 7% used [0x00000006c7200000,0x00000006c7ed5698,0x00000006d1900000)
 Metaspace       used 17672K, capacity 17870K, committed 18048K, reserved 1064960K
  class space    used 1577K, capacity 1662K, committed 1664K, reserved 1048576K
Event: 179.726 GC heap after
Heap after GC invocations=1006 (full 0):
 PSYoungGen      total 141312K, used 96K [0x000000076d100000, 0x00000007b6180000, 0x00000007c0000000)
  eden space 140800K, 0% used [0x000000076d100000,0x000000076d100000,0x0000000775a80000)
  from space 512K, 18% used [0x00000007b6100000,0x00000007b6118000,0x00000007b6180000)
  to   space 512K, 0% used [0x00000007b6080000,0x00000007b6080000,0x00000007b6100000)
 ParOldGen       total 171008K, used 13141K [0x00000006c7200000, 0x00000006d1900000, 0x000000076d100000)
  object space 171008K, 7% used [0x00000006c7200000,0x00000006c7ed5698,0x00000006d1900000)
 Metaspace       used 17672K, capacity 17870K, committed 18048K, reserved 1064960K
  class space    used 1577K, capacity 1662K, committed 1664K, reserved 1048576K
}
Event: 179.966 GC heap before
{Heap before GC invocations=1007 (full 0):
 PSYoungGen      total 141312K, used 140896K [0x000000076d100000, 0x00000007b6180000, 0x00000007c0000000)
  eden space 140800K, 100% used [0x000000076d100000,0x0000000775a80000,0x0000000775a80000)
  from space 512K, 18% used [0x00000007b6100000,0x00000007b6118000,0x00000007b6180000)
  to   space 512K, 0% used [0x00000007b6080000,0x00000007b6080000,0x00000007b6100000)
 ParOldGen       total 171008K, used 13141K [0x00000006c7200000, 0x00000006d1900000, 0x000000076d100000)
  object space 171008K, 7% used [0x00000006c7200000,0x00000006c7ed5698,0x00000006d1900000)
 Metaspace       used 17672K, capacity 17870K, committed 18048K, reserved 1064960K
  class space    used 1577K, capacity 1662K, committed 1664K, reserved 1048576K
Event: 179.967 GC heap after
Heap after GC invocations=1007 (full 0):
 PSYoungGen      total 136704K, used 64K [0x000000076d100000, 0x00000007b6180000, 0x00000007c0000000)
  eden space 136192K, 0% used [0x000000076d100000,0x000000076d100000,0x0000000775600000)
  from space 512K, 12% used [0x00000007b6080000,0x00000007b6090000,0x00000007b6100000)
  to   space 512K, 0% used [0x00000007b6100000,0x00000007b6100000,0x00000007b6180000)
 ParOldGen       total 171008K, used 13141K [0x00000006c7200000, 0x00000006d1900000, 0x000000076d100000)
  object space 171008K, 7% used [0x00000006c7200000,0x00000006c7ed5698,0x00000006d1900000)
 Metaspace       used 17672K, capacity 17870K, committed 18048K, reserved 1064960K
  class space    used 1577K, capacity 1662K, committed 1664K, reserved 1048576K
}
Event: 180.164 GC heap before
{Heap before GC invocations=1008 (full 0):
 PSYoungGen      total 136704K, used 136256K [0x000000076d100000, 0x00000007b6180000, 0x00000007c0000000)
  eden space 136192K, 100% used [0x000000076d100000,0x0000000775600000,0x0000000775600000)
  from space 512K, 12% used [0x00000007b6080000,0x00000007b6090000,0x00000007b6100000)
  to   space 512K, 0% used [0x00000007b6100000,0x00000007b6100000,0x00000007b6180000)
 ParOldGen       total 171008K, used 13141K [0x00000006c7200000, 0x00000006d1900000, 0x000000076d100000)
  object space 171008K, 7% used [0x00000006c7200000,0x00000006c7ed5698,0x00000006d1900000)
 Metaspace       used 17672K, capacity 17870K, committed 18048K, reserved 1064960K
  class space    used 1577K, capacity 1662K, committed 1664K, reserved 1048576K
Event: 180.165 GC heap after
Heap after GC invocations=1008 (full 0):
 PSYoungGen      total 132096K, used 64K [0x000000076d100000, 0x00000007b6180000, 0x00000007c0000000)
  eden space 131584K, 0% used [0x000000076d100000,0x000000076d100000,0x0000000775180000)
  from space 512K, 12% used [0x00000007b6100000,0x00000007b6110000,0x00000007b6180000)
  to   space 512K, 0% used [0x00000007b6080000,0x00000007b6080000,0x00000007b6100000)
 ParOldGen       total 171008K, used 13141K [0x00000006c7200000, 0x00000006d1900000, 0x000000076d100000)
  object space 171008K, 7% used [0x00000006c7200000,0x00000006c7ed5698,0x00000006d1900000)
 Metaspace       used 17672K, capacity 17870K, committed 18048K, reserved 1064960K
  class space    used 1577K, capacity 1662K, committed 1664K, reserved 1048576K
}
Event: 180.397 GC heap before
{Heap before GC invocations=1009 (full 0):
 PSYoungGen      total 132096K, used 131648K [0x000000076d100000, 0x00000007b6180000, 0x00000007c0000000)
  eden space 131584K, 100% used [0x000000076d100000,0x0000000775180000,0x0000000775180000)
  from space 512K, 12% used [0x00000007b6100000,0x00000007b6110000,0x00000007b6180000)
  to   space 512K, 0% used [0x00000007b6080000,0x00000007b6080000,0x00000007b6100000)
 ParOldGen       total 171008K, used 13141K [0x00000006c7200000, 0x00000006d1900000, 0x000000076d100000)
  object space 171008K, 7% used [0x00000006c7200000,0x00000006c7ed5698,0x00000006d1900000)
 Metaspace       used 17672K, capacity 17870K, committed 18048K, reserved 1064960K
  class space    used 1577K, capacity 1662K, committed 1664K, reserved 1048576K
Event: 180.398 GC heap after
Heap after GC invocations=1009 (full 0):
 PSYoungGen      total 128000K, used 64K [0x000000076d100000, 0x00000007b6180000, 0x00000007c0000000)
  eden space 127488K, 0% used [0x000000076d100000,0x000000076d100000,0x0000000774d80000)
  from space 512K, 12% used [0x00000007b6080000,0x00000007b6090000,0x00000007b6100000)
  to   space 512K, 0% used [0x00000007b6100000,0x00000007b6100000,0x00000007b6180000)
 ParOldGen       total 171008K, used 13141K [0x00000006c7200000, 0x00000006d1900000, 0x000000076d100000)
  object space 171008K, 7% used [0x00000006c7200000,0x00000006c7ed5698,0x00000006d1900000)
 Metaspace       used 17672K, capacity 17870K, committed 18048K, reserved 1064960K
  class space    used 1577K, capacity 1662K, committed 1664K, reserved 1048576K
}

Deoptimization events (10 events):
Event: 1.494 Thread 0x00007f7eec69e800 Uncommon trap: reason=class_check action=maybe_recompile pc=0x00007f7edc251530 method=com.jogamp.common.os.DynamicLibraryBundle.toolDynamicLookupFunction(Ljava/lang/String;)J @ 18
Event: 1.697 Thread 0x00007f7eec6d0000 Uncommon trap: reason=unstable_if action=reinterpret pc=0x00007f7edc18b8f4 method=sun.misc.MetaIndex.mayContain(Ljava/lang/String;)Z @ 38
Event: 1.744 Thread 0x00007f7eec6d0000 Uncommon trap: reason=unstable_if action=reinterpret pc=0x00007f7edc29908c method=javax.sound.sampled.AudioFormat.matches(Ljavax/sound/sampled/AudioFormat;)Z @ 112
Event: 2.174 Thread 0x00007f7e58131800 Uncommon trap: reason=unstable_if action=reinterpret pc=0x00007f7edc2c3550 method=ddf.minim.javasound.FloatSampleTools.quantize16(FF)I @ 21
Event: 3.738 Thread 0x00007f7eec6d0000 Uncommon trap: reason=null_check action=make_not_entrant pc=0x00007f7edc4e5654 method=build$HLinkedList$HLinkedListIterator.next()Ljava/lang/Object; @ 31
Event: 3.738 Thread 0x00007f7eec6d0000 Uncommon trap: reason=unstable_if action=reinterpret pc=0x00007f7edc4e599c method=build$HLinkedList$HLinkedListIterator.hasNext()Z @ 7
Event: 7.193 Thread 0x00007f7eec6d0000 Uncommon trap: reason=unstable_if action=reinterpret pc=0x00007f7edc5a6530 method=sun.misc.FloatingDecimal$BinaryToASCIIBuffer.dtoa(IJIZ)V @ 116
Event: 15.543 Thread 0x00007f7eec6d0000 Uncommon trap: reason=unstable_if action=reinterpret pc=0x00007f7edc60d61c method=sun.misc.FloatingDecimal$BinaryToASCIIBuffer.dtoa(IJIZ)V @ 714
Event: 48.733 Thread 0x00007f7eec6d0000 Uncommon trap: reason=unstable_if action=reinterpret pc=0x00007f7edc67f5a0 method=sun.misc.FloatingDecimal.getBinaryToASCIIConverter(F)Lsun/misc/FloatingDecimal$BinaryToASCIIConverter; @ 67
Event: 48.734 Thread 0x00007f7eec6d0000 Uncommon trap: reason=unstable_if action=reinterpret pc=0x00007f7edc5fce8c method=sun.misc.FloatingDecimal.getBinaryToASCIIConverter(F)Lsun/misc/FloatingDecimal$BinaryToASCIIConverter; @ 67

Internal exceptions (10 events):
Event: 0.680 Thread 0x00007f7eec00f800 Exception <a 'java/security/PrivilegedActionException'> (0x000000076d66e538) thrown at [/HUDSON/workspace/8-2-build-linux-amd64/jdk8u51/3951/hotspot/src/share/vm/prims/jvm.cpp, line 1382]
Event: 0.681 Thread 0x00007f7eec00f800 Exception <a 'java/security/PrivilegedActionException'> (0x000000076d6707f0) thrown at [/HUDSON/workspace/8-2-build-linux-amd64/jdk8u51/3951/hotspot/src/share/vm/prims/jvm.cpp, line 1382]
Event: 0.681 Thread 0x00007f7eec00f800 Exception <a 'java/security/PrivilegedActionException'> (0x000000076d6709a8) thrown at [/HUDSON/workspace/8-2-build-linux-amd64/jdk8u51/3951/hotspot/src/share/vm/prims/jvm.cpp, line 1382]
Event: 0.686 Thread 0x00007f7eec00f800 Exception <a 'java/io/FileNotFoundException'> (0x000000076d67a700) thrown at [/HUDSON/workspace/8-2-build-linux-amd64/jdk8u51/3951/hotspot/src/share/vm/prims/jni.cpp, line 709]
Event: 0.686 Thread 0x00007f7eec00f800 Exception <a 'java/io/FileNotFoundException'> (0x000000076d67b088) thrown at [/HUDSON/workspace/8-2-build-linux-amd64/jdk8u51/3951/hotspot/src/share/vm/prims/jni.cpp, line 709]
Event: 0.744 Thread 0x00007f7eec00f800 Exception <a 'java/lang/NoSuchFieldError': method resolution failed> (0x000000076d780fe8) thrown at [/HUDSON/workspace/8-2-build-linux-amd64/jdk8u51/3951/hotspot/src/share/vm/prims/methodHandles.cpp, line 1125]
Event: 0.746 Thread 0x00007f7eec00f800 Exception <a 'java/lang/NoSuchFieldError': method resolution failed> (0x000000076d78f9a8) thrown at [/HUDSON/workspace/8-2-build-linux-amd64/jdk8u51/3951/hotspot/src/share/vm/prims/methodHandles.cpp, line 1125]
Event: 1.463 Thread 0x00007f7eec00f800 Exception <a 'java/lang/InterruptedException'> (0x000000076f292898) thrown at [/HUDSON/workspace/8-2-build-linux-amd64/jdk8u51/3951/hotspot/src/share/vm/runtime/objectMonitor.cpp, line 1683]
Event: 1.590 Thread 0x00007f7eec00f800 Exception <a 'java/lang/InterruptedException'> (0x000000076f29dd38) thrown at [/HUDSON/workspace/8-2-build-linux-amd64/jdk8u51/3951/hotspot/src/share/vm/runtime/objectMonitor.cpp, line 1683]
Event: 3.738 Thread 0x00007f7eec6d0000 Implicit null exception at 0x00007f7edc4e55ba to 0x00007f7edc4e5641

Events (10 events):
Event: 180.236 Thread 0x00007f7eec6d0000 DEOPT UNPACKING pc=0x00007f7edbf0e633 sp=0x00007f7e666fec78 mode 1
Event: 180.237 Thread 0x00007f7eec6d0000 DEOPT PACKING pc=0x00007f7edc6916ec sp=0x00007f7e666fef70
Event: 180.237 Thread 0x00007f7eec6d0000 DEOPT UNPACKING pc=0x00007f7edbf0e633 sp=0x00007f7e666fecc8 mode 1
Event: 180.397 Executing VM operation: ParallelGCFailedAllocation
Event: 180.398 Executing VM operation: ParallelGCFailedAllocation done
Event: 180.437 Thread 0x00007f7eec6d0000 DEOPT PACKING pc=0x00007f7edc32d749 sp=0x00007f7e666feee0
Event: 180.437 Thread 0x00007f7eec6d0000 DEOPT UNPACKING pc=0x00007f7edbf0e633 sp=0x00007f7e666fec78 mode 1
Event: 180.439 Thread 0x00007f7eec6d0000 DEOPT PACKING pc=0x00007f7edc6916ec sp=0x00007f7e666fef70
Event: 180.439 Thread 0x00007f7eec6d0000 DEOPT UNPACKING pc=0x00007f7edbf0e633 sp=0x00007f7e666fecc8 mode 1
Event: 180.548 Thread 0x00007f7eec6d0000 Thread exited: 0x00007f7eec6d0000


Dynamic libraries:
00400000-00401000 r-xp 00000000 08:02 6695910                            /usr/bin/processing-3.0/java/bin/java
00600000-00601000 rw-p 00000000 08:02 6695910                            /usr/bin/processing-3.0/java/bin/java
02104000-02125000 rw-p 00000000 00:00 0                                  [heap]
6c7200000-6d1900000 rw-p 00000000 00:00 0 
6d1900000-76d100000 ---p 00000000 00:00 0 
76d100000-7b6180000 rw-p 00000000 00:00 0 
7b6180000-7c0000000 ---p 00000000 00:00 0 
7c0000000-7c01a0000 rw-p 00000000 00:00 0 
7c01a0000-800000000 ---p 00000000 00:00 0 
7f7e3ffff000-7f7e44000000 r--s 00000000 00:16 18791                      /run/shm/pulse-shm-3302753902
7f7e44000000-7f7e44021000 rw-p 00000000 00:00 0 
7f7e44021000-7f7e48000000 ---p 00000000 00:00 0 
7f7e48000000-7f7e4828b000 rw-p 00000000 00:00 0 
7f7e4828b000-7f7e4c000000 ---p 00000000 00:00 0 
7f7e4c000000-7f7e4c021000 rw-p 00000000 00:00 0 
7f7e4c021000-7f7e50000000 ---p 00000000 00:00 0 
7f7e53fff000-7f7e58000000 rw-s 00000000 00:16 150215                     /run/shm/pulse-shm-2726213948
7f7e58000000-7f7e58bb7000 rw-p 00000000 00:00 0 
7f7e58bb7000-7f7e5c000000 ---p 00000000 00:00 0 
7f7e5e9f7000-7f7e5ebf7000 rw-s 149209000 00:06 10208                     /dev/dri/card0
7f7e5ebf7000-7f7e5edf7000 rw-s 149009000 00:06 10208                     /dev/dri/card0
7f7e5edf7000-7f7e5edf8000 ---p 00000000 00:00 0 
7f7e5edf8000-7f7e5f5f8000 rw-p 00000000 00:00 0 
7f7e5f5f8000-7f7e5f5f9000 ---p 00000000 00:00 0 
7f7e5f5f9000-7f7e5fdf9000 rw-p 00000000 00:00 0                          [stack:9332]
7f7e5fdf9000-7f7e5fdff000 r-xp 00000000 08:02 6947199                    /usr/lib/x86_64-linux-gnu/alsa-lib/libasound_module_pcm_pulse.so
7f7e5fdff000-7f7e5fffe000 ---p 00006000 08:02 6947199                    /usr/lib/x86_64-linux-gnu/alsa-lib/libasound_module_pcm_pulse.so
7f7e5fffe000-7f7e5ffff000 r--p 00005000 08:02 6947199                    /usr/lib/x86_64-linux-gnu/alsa-lib/libasound_module_pcm_pulse.so
7f7e5ffff000-7f7e60000000 rw-p 00006000 08:02 6947199                    /usr/lib/x86_64-linux-gnu/alsa-lib/libasound_module_pcm_pulse.so
7f7e60000000-7f7e60021000 rw-p 00000000 00:00 0 
7f7e60021000-7f7e64000000 ---p 00000000 00:00 0 
7f7e6417a000-7f7e64191000 r-xp 00000000 08:02 13635816                   /lib/x86_64-linux-gnu/libresolv-2.19.so
7f7e64191000-7f7e64391000 ---p 00017000 08:02 13635816                   /lib/x86_64-linux-gnu/libresolv-2.19.so
7f7e64391000-7f7e64392000 r--p 00017000 08:02 13635816                   /lib/x86_64-linux-gnu/libresolv-2.19.so
7f7e64392000-7f7e64393000 rw-p 00018000 08:02 13635816                   /lib/x86_64-linux-gnu/libresolv-2.19.so
7f7e64393000-7f7e64395000 rw-p 00000000 00:00 0 
7f7e64395000-7f7e6439c000 r-xp 00000000 08:02 6562227                    /usr/lib/x86_64-linux-gnu/libogg.so.0.8.1
7f7e6439c000-7f7e6459c000 ---p 00007000 08:02 6562227                    /usr/lib/x86_64-linux-gnu/libogg.so.0.8.1
7f7e6459c000-7f7e6459d000 r--p 00007000 08:02 6562227                    /usr/lib/x86_64-linux-gnu/libogg.so.0.8.1
7f7e6459d000-7f7e6459e000 rw-p 00008000 08:02 6562227                    /usr/lib/x86_64-linux-gnu/libogg.so.0.8.1
7f7e6459e000-7f7e645ca000 r-xp 00000000 08:02 6562501                    /usr/lib/x86_64-linux-gnu/libvorbis.so.0.4.5
7f7e645ca000-7f7e647c9000 ---p 0002c000 08:02 6562501                    /usr/lib/x86_64-linux-gnu/libvorbis.so.0.4.5
7f7e647c9000-7f7e647ca000 r--p 0002b000 08:02 6562501                    /usr/lib/x86_64-linux-gnu/libvorbis.so.0.4.5
7f7e647ca000-7f7e647cb000 rw-p 0002c000 08:02 6562501                    /usr/lib/x86_64-linux-gnu/libvorbis.so.0.4.5
7f7e647cb000-7f7e64a7e000 r-xp 00000000 08:02 6562503                    /usr/lib/x86_64-linux-gnu/libvorbisenc.so.2.0.8
7f7e64a7e000-7f7e64c7d000 ---p 002b3000 08:02 6562503                    /usr/lib/x86_64-linux-gnu/libvorbisenc.so.2.0.8
7f7e64c7d000-7f7e64c99000 r--p 002b2000 08:02 6562503                    /usr/lib/x86_64-linux-gnu/libvorbisenc.so.2.0.8
7f7e64c99000-7f7e64c9a000 rw-p 002ce000 08:02 6562503                    /usr/lib/x86_64-linux-gnu/libvorbisenc.so.2.0.8
7f7e64c9a000-7f7e64cca000 r-xp 00000000 08:02 6561366                    /usr/lib/x86_64-linux-gnu/libFLAC.so.8.3.0
7f7e64cca000-7f7e64ec9000 ---p 00030000 08:02 6561366                    /usr/lib/x86_64-linux-gnu/libFLAC.so.8.3.0
7f7e64ec9000-7f7e64eca000 r--p 0002f000 08:02 6561366                    /usr/lib/x86_64-linux-gnu/libFLAC.so.8.3.0
7f7e64eca000-7f7e64ecb000 rw-p 00030000 08:02 6561366                    /usr/lib/x86_64-linux-gnu/libFLAC.so.8.3.0
7f7e64ecb000-7f7e64ed0000 r-xp 00000000 08:02 6561598                    /usr/lib/x86_64-linux-gnu/libasyncns.so.0.3.1
7f7e64ed0000-7f7e650cf000 ---p 00005000 08:02 6561598                    /usr/lib/x86_64-linux-gnu/libasyncns.so.0.3.1
7f7e650cf000-7f7e650d0000 r--p 00004000 08:02 6561598                    /usr/lib/x86_64-linux-gnu/libasyncns.so.0.3.1
7f7e650d0000-7f7e650d1000 rw-p 00005000 08:02 6561598                    /usr/lib/x86_64-linux-gnu/libasyncns.so.0.3.1
7f7e650d1000-7f7e65132000 r-xp 00000000 08:02 6562384                    /usr/lib/x86_64-linux-gnu/libsndfile.so.1.0.25
7f7e65132000-7f7e65332000 ---p 00061000 08:02 6562384                    /usr/lib/x86_64-linux-gnu/libsndfile.so.1.0.25
7f7e65332000-7f7e65334000 r--p 00061000 08:02 6562384                    /usr/lib/x86_64-linux-gnu/libsndfile.so.1.0.25
7f7e65334000-7f7e65335000 rw-p 00063000 08:02 6562384                    /usr/lib/x86_64-linux-gnu/libsndfile.so.1.0.25
7f7e65335000-7f7e65339000 rw-p 00000000 00:00 0 
7f7e65339000-7f7e65341000 r-xp 00000000 08:02 13635850                   /lib/x86_64-linux-gnu/libwrap.so.0.7.6
7f7e65341000-7f7e65540000 ---p 00008000 08:02 13635850                   /lib/x86_64-linux-gnu/libwrap.so.0.7.6
7f7e65540000-7f7e65541000 r--p 00007000 08:02 13635850                   /lib/x86_64-linux-gnu/libwrap.so.0.7.6
7f7e65541000-7f7e65542000 rw-p 00008000 08:02 13635850                   /lib/x86_64-linux-gnu/libwrap.so.0.7.6
7f7e65542000-7f7e65543000 rw-p 00000000 00:00 0 
7f7e65543000-7f7e655a9000 r-xp 00000000 08:02 6948471                    /usr/lib/x86_64-linux-gnu/pulseaudio/libpulsecommon-4.0.so
7f7e655a9000-7f7e657a8000 ---p 00066000 08:02 6948471                    /usr/lib/x86_64-linux-gnu/pulseaudio/libpulsecommon-4.0.so
7f7e657a8000-7f7e657a9000 r--p 00065000 08:02 6948471                    /usr/lib/x86_64-linux-gnu/pulseaudio/libpulsecommon-4.0.so
7f7e657a9000-7f7e657aa000 rw-p 00066000 08:02 6948471                    /usr/lib/x86_64-linux-gnu/pulseaudio/libpulsecommon-4.0.so
7f7e657aa000-7f7e657b4000 r-xp 00000000 08:02 13635730                   /lib/x86_64-linux-gnu/libjson-c.so.2.0.0
7f7e657b4000-7f7e659b3000 ---p 0000a000 08:02 13635730                   /lib/x86_64-linux-gnu/libjson-c.so.2.0.0
7f7e659b3000-7f7e659b4000 r--p 00009000 08:02 13635730                   /lib/x86_64-linux-gnu/libjson-c.so.2.0.0
7f7e659b4000-7f7e659b5000 rw-p 0000a000 08:02 13635730                   /lib/x86_64-linux-gnu/libjson-c.so.2.0.0
7f7e659b5000-7f7e659fc000 r-xp 00000000 08:02 6562296                    /usr/lib/x86_64-linux-gnu/libpulse.so.0.16.2
7f7e659fc000-7f7e65bfc000 ---p 00047000 08:02 6562296                    /usr/lib/x86_64-linux-gnu/libpulse.so.0.16.2
7f7e65bfc000-7f7e65bfd000 r--p 00047000 08:02 6562296                    /usr/lib/x86_64-linux-gnu/libpulse.so.0.16.2
7f7e65bfd000-7f7e65bfe000 rw-p 00048000 08:02 6562296                    /usr/lib/x86_64-linux-gnu/libpulse.so.0.16.2
7f7e65bfe000-7f7e65c01000 ---p 00000000 00:00 0 
7f7e65c01000-7f7e65cff000 rw-p 00000000 00:00 0                          [stack:9336]
7f7e65cff000-7f7e65d02000 ---p 00000000 00:00 0 
7f7e65d02000-7f7e65e00000 rw-p 00000000 00:00 0                          [stack:9331]
7f7e65e00000-7f7e65ee9000 r-xp 00000000 08:02 6561590                    /usr/lib/x86_64-linux-gnu/libasound.so.2.0.0
7f7e65ee9000-7f7e660e8000 ---p 000e9000 08:02 6561590                    /usr/lib/x86_64-linux-gnu/libasound.so.2.0.0
7f7e660e8000-7f7e660ef000 r--p 000e8000 08:02 6561590                    /usr/lib/x86_64-linux-gnu/libasound.so.2.0.0
7f7e660ef000-7f7e660f0000 rw-p 000ef000 08:02 6561590                    /usr/lib/x86_64-linux-gnu/libasound.so.2.0.0
7f7e660f0000-7f7e660ff000 r-xp 00000000 08:02 8012164                    /usr/bin/processing-3.0/java/lib/amd64/libjsoundalsa.so
7f7e660ff000-7f7e662fe000 ---p 0000f000 08:02 8012164                    /usr/bin/processing-3.0/java/lib/amd64/libjsoundalsa.so
7f7e662fe000-7f7e662ff000 rw-p 0000e000 08:02 8012164                    /usr/bin/processing-3.0/java/lib/amd64/libjsoundalsa.so
7f7e662ff000-7f7e66300000 r-xp 00000000 08:02 8012181                    /usr/bin/processing-3.0/java/lib/amd64/libjsound.so
7f7e66300000-7f7e664ff000 ---p 00001000 08:02 8012181                    /usr/bin/processing-3.0/java/lib/amd64/libjsound.so
7f7e664ff000-7f7e66500000 rw-p 00000000 08:02 8012181                    /usr/bin/processing-3.0/java/lib/amd64/libjsound.so
7f7e66600000-7f7e66603000 ---p 00000000 00:00 0 
7f7e66603000-7f7e66701000 rw-p 00000000 00:00 0 
7f7e66701000-7f7e66704000 ---p 00000000 00:00 0 
7f7e66704000-7f7e66a02000 rw-p 00000000 00:00 0                          [stack:9316]
7f7e66a02000-7f7e66a46000 r-xp 00000000 08:02 13635704                   /lib/x86_64-linux-gnu/libdbus-1.so.3.7.6
7f7e66a46000-7f7e66c45000 ---p 00044000 08:02 13635704                   /lib/x86_64-linux-gnu/libdbus-1.so.3.7.6
7f7e66c45000-7f7e66c46000 r--p 00043000 08:02 13635704                   /lib/x86_64-linux-gnu/libdbus-1.so.3.7.6
7f7e66c46000-7f7e66c47000 rw-p 00044000 08:02 13635704                   /lib/x86_64-linux-gnu/libdbus-1.so.3.7.6
7f7e66c47000-7f7e66c4f000 r-xp 00000000 08:02 13635752                   /lib/x86_64-linux-gnu/libnih-dbus.so.1.0.0
7f7e66c4f000-7f7e66e4f000 ---p 00008000 08:02 13635752                   /lib/x86_64-linux-gnu/libnih-dbus.so.1.0.0
7f7e66e4f000-7f7e66e50000 r--p 00008000 08:02 13635752                   /lib/x86_64-linux-gnu/libnih-dbus.so.1.0.0
7f7e66e50000-7f7e66e51000 rw-p 00009000 08:02 13635752                   /lib/x86_64-linux-gnu/libnih-dbus.so.1.0.0
7f7e66e51000-7f7e66e68000 r-xp 00000000 08:02 13635754                   /lib/x86_64-linux-gnu/libnih.so.1.0.0
7f7e66e68000-7f7e67067000 ---p 00017000 08:02 13635754                   /lib/x86_64-linux-gnu/libnih.so.1.0.0
7f7e67067000-7f7e67068000 r--p 00016000 08:02 13635754                   /lib/x86_64-linux-gnu/libnih.so.1.0.0
7f7e67068000-7f7e67069000 rw-p 00017000 08:02 13635754                   /lib/x86_64-linux-gnu/libnih.so.1.0.0
7f7e67069000-7f7e67082000 r-xp 00000000 08:02 13635695                   /lib/x86_64-linux-gnu/libcgmanager.so.0.0.0
7f7e67082000-7f7e67281000 ---p 00019000 08:02 13635695                   /lib/x86_64-linux-gnu/libcgmanager.so.0.0.0
7f7e67281000-7f7e67283000 r--p 00018000 08:02 13635695                   /lib/x86_64-linux-gnu/libcgmanager.so.0.0.0
7f7e67283000-7f7e67284000 rw-p 0001a000 08:02 13635695                   /lib/x86_64-linux-gnu/libcgmanager.so.0.0.0
7f7e67284000-7f7e67294000 r-xp 00000000 08:02 13635838                   /lib/x86_64-linux-gnu/libudev.so.1.3.5
7f7e67294000-7f7e67493000 ---p 00010000 08:02 13635838                   /lib/x86_64-linux-gnu/libudev.so.1.3.5
7f7e67493000-7f7e67494000 r--p 0000f000 08:02 13635838                   /lib/x86_64-linux-gnu/libudev.so.1.3.5
7f7e67494000-7f7e67495000 rw-p 00010000 08:02 13635838                   /lib/x86_64-linux-gnu/libudev.so.1.3.5
7f7e67495000-7f7e674cc000 r-xp 00000000 08:02 6562454                    /usr/lib/x86_64-linux-gnu/libtxc_dxtn_s2tc.so.0.0.0
7f7e674cc000-7f7e676cb000 ---p 00037000 08:02 6562454                    /usr/lib/x86_64-linux-gnu/libtxc_dxtn_s2tc.so.0.0.0
7f7e676cb000-7f7e676cc000 r--p 00036000 08:02 6562454                    /usr/lib/x86_64-linux-gnu/libtxc_dxtn_s2tc.so.0.0.0
7f7e676cc000-7f7e676cd000 rw-p 00037000 08:02 6562454                    /usr/lib/x86_64-linux-gnu/libtxc_dxtn_s2tc.so.0.0.0
7f7e676cd000-7f7e676e5000 r-xp 00000000 08:02 13635853                   /lib/x86_64-linux-gnu/libz.so.1.2.8
7f7e676e5000-7f7e678e4000 ---p 00018000 08:02 13635853                   /lib/x86_64-linux-gnu/libz.so.1.2.8
7f7e678e4000-7f7e678e5000 r--p 00017000 08:02 13635853                   /lib/x86_64-linux-gnu/libz.so.1.2.8
7f7e678e5000-7f7e678e6000 rw-p 00018000 08:02 13635853                   /lib/x86_64-linux-gnu/libz.so.1.2.8
7f7e678e6000-7f7e678ee000 r-xp 00000000 08:02 6562259                    /usr/lib/x86_64-linux-gnu/libpciaccess.so.0.11.1
7f7e678ee000-7f7e67aed000 ---p 00008000 08:02 6562259                    /usr/lib/x86_64-linux-gnu/libpciaccess.so.0.11.1
7f7e67aed000-7f7e67aee000 r--p 00007000 08:02 6562259                    /usr/lib/x86_64-linux-gnu/libpciaccess.so.0.11.1
7f7e67aee000-7f7e67aef000 rw-p 00008000 08:02 6562259                    /usr/lib/x86_64-linux-gnu/libpciaccess.so.0.11.1
7f7e67aef000-7f7e67bd5000 r-xp 00000000 08:02 6562412                    /usr/lib/x86_64-linux-gnu/libstdc++.so.6.0.19
7f7e67bd5000-7f7e67dd4000 ---p 000e6000 08:02 6562412                    /usr/lib/x86_64-linux-gnu/libstdc++.so.6.0.19
7f7e67dd4000-7f7e67ddc000 r--p 000e5000 08:02 6562412                    /usr/lib/x86_64-linux-gnu/libstdc++.so.6.0.19
7f7e67ddc000-7f7e67dde000 rw-p 000ed000 08:02 6562412                    /usr/lib/x86_64-linux-gnu/libstdc++.so.6.0.19
7f7e67dde000-7f7e67df3000 rw-p 00000000 00:00 0 
7f7e67df3000-7f7e67dff000 r-xp 00000000 08:02 6561756                    /usr/lib/x86_64-linux-gnu/libdrm_radeon.so.1.0.1
7f7e67dff000-7f7e67ffe000 ---p 0000c000 08:02 6561756                    /usr/lib/x86_64-linux-gnu/libdrm_radeon.so.1.0.1
7f7e67ffe000-7f7e67fff000 r--p 0000b000 08:02 6561756                    /usr/lib/x86_64-linux-gnu/libdrm_radeon.so.1.0.1
7f7e67fff000-7f7e68000000 rw-p 0000c000 08:02 6561756                    /usr/lib/x86_64-linux-gnu/libdrm_radeon.so.1.0.1
7f7e68000000-7f7e6aded000 rw-p 00000000 00:00 0 
7f7e6aded000-7f7e6c000000 ---p 00000000 00:00 0 
7f7e6c000000-7f7e6f08a000 rw-p 00000000 00:00 0 
7f7e6f08a000-7f7e70000000 ---p 00000000 00:00 0 
7f7e70000000-7f7e70750000 rw-p 00000000 00:00 0 
7f7e70750000-7f7e74000000 ---p 00000000 00:00 0 
7f7e74000000-7f7e74021000 rw-p 00000000 00:00 0 
7f7e74021000-7f7e78000000 ---p 00000000 00:00 0 
7f7e780b4000-7f7e780ba000 r-xp 00000000 08:02 6561754                    /usr/lib/x86_64-linux-gnu/libdrm_nouveau.so.2.0.0
7f7e780ba000-7f7e782b9000 ---p 00006000 08:02 6561754                    /usr/lib/x86_64-linux-gnu/libdrm_nouveau.so.2.0.0
7f7e782b9000-7f7e782ba000 r--p 00005000 08:02 6561754                    /usr/lib/x86_64-linux-gnu/libdrm_nouveau.so.2.0.0
7f7e782ba000-7f7e782bb000 rw-p 00006000 08:02 6561754                    /usr/lib/x86_64-linux-gnu/libdrm_nouveau.so.2.0.0
7f7e782bb000-7f7e782db000 r-xp 00000000 08:02 6561752                    /usr/lib/x86_64-linux-gnu/libdrm_intel.so.1.0.0
7f7e782db000-7f7e784da000 ---p 00020000 08:02 6561752                    /usr/lib/x86_64-linux-gnu/libdrm_intel.so.1.0.0
7f7e784da000-7f7e784db000 r--p 0001f000 08:02 6561752                    /usr/lib/x86_64-linux-gnu/libdrm_intel.so.1.0.0
7f7e784db000-7f7e784dc000 rw-p 00020000 08:02 6561752                    /usr/lib/x86_64-linux-gnu/libdrm_intel.so.1.0.0
7f7e784dc000-7f7e78a30000 r-xp 00000000 08:02 6947244                    /usr/lib/x86_64-linux-gnu/dri/i965_dri.so
7f7e78a30000-7f7e78c30000 ---p 00554000 08:02 6947244                    /usr/lib/x86_64-linux-gnu/dri/i965_dri.so
7f7e78c30000-7f7e78c51000 r--p 00554000 08:02 6947244                    /usr/lib/x86_64-linux-gnu/dri/i965_dri.so
7f7e78c51000-7f7e78c58000 rw-p 00575000 08:02 6947244                    /usr/lib/x86_64-linux-gnu/dri/i965_dri.so
7f7e78c58000-7f7e78c5f000 rw-p 00000000 00:00 0 
7f7e78c5f000-7f7e78c62000 ---p 00000000 00:00 0 
7f7e78c62000-7f7e78d60000 rw-p 00000000 00:00 0                          [stack:9315]
7f7e78d60000-7f7e78db9000 r-xp 00000000 08:02 4721850                    /tmp/jogamp_0000/file_cache/jln3044793251505365929/jln2599379431551477842/libjogl_mobile.so
7f7e78db9000-7f7e78fb9000 ---p 00059000 08:02 4721850                    /tmp/jogamp_0000/file_cache/jln3044793251505365929/jln2599379431551477842/libjogl_mobile.so
7f7e78fb9000-7f7e78fba000 rw-p 00059000 08:02 4721850                    /tmp/jogamp_0000/file_cache/jln3044793251505365929/jln2599379431551477842/libjogl_mobile.so
7f7e78fba000-7f7e78fc1000 r-xp 00000000 08:02 6561790                    /usr/lib/x86_64-linux-gnu/libffi.so.6.0.1
7f7e78fc1000-7f7e791c0000 ---p 00007000 08:02 6561790                    /usr/lib/x86_64-linux-gnu/libffi.so.6.0.1
7f7e791c0000-7f7e791c1000 r--p 00006000 08:02 6561790                    /usr/lib/x86_64-linux-gnu/libffi.so.6.0.1
7f7e791c1000-7f7e791c2000 rw-p 00007000 08:02 6561790                    /usr/lib/x86_64-linux-gnu/libffi.so.6.0.1
7f7e791c2000-7f7e791ce000 r-xp 00000000 08:02 6561843                    /usr/lib/x86_64-linux-gnu/libgbm.so.1.0.0
7f7e791ce000-7f7e793ce000 ---p 0000c000 08:02 6561843                    /usr/lib/x86_64-linux-gnu/libgbm.so.1.0.0
7f7e793ce000-7f7e793cf000 r--p 0000c000 08:02 6561843                    /usr/lib/x86_64-linux-gnu/libgbm.so.1.0.0
7f7e793cf000-7f7e793d0000 rw-p 0000d000 08:02 6561843                    /usr/lib/x86_64-linux-gnu/libgbm.so.1.0.0
7f7e793d0000-7f7e793df000 r-xp 00000000 08:02 6562520                    /usr/lib/x86_64-linux-gnu/libwayland-server.so.0.1.0
7f7e793df000-7f7e795de000 ---p 0000f000 08:02 6562520                    /usr/lib/x86_64-linux-gnu/libwayland-server.so.0.1.0
7f7e795de000-7f7e795e0000 r--p 0000e000 08:02 6562520                    /usr/lib/x86_64-linux-gnu/libwayland-server.so.0.1.0
7f7e795e0000-7f7e795e1000 rw-p 00010000 08:02 6562520                    /usr/lib/x86_64-linux-gnu/libwayland-server.so.0.1.0
7f7e795e1000-7f7e795ec000 r-xp 00000000 08:02 6562514                    /usr/lib/x86_64-linux-gnu/libwayland-client.so.0.2.0
7f7e795ec000-7f7e797eb000 ---p 0000b000 08:02 6562514                    /usr/lib/x86_64-linux-gnu/libwayland-client.so.0.2.0
7f7e797eb000-7f7e797ed000 r--p 0000a000 08:02 6562514                    /usr/lib/x86_64-linux-gnu/libwayland-client.so.0.2.0
7f7e797ed000-7f7e797ee000 rw-p 0000c000 08:02 6562514                    /usr/lib/x86_64-linux-gnu/libwayland-client.so.0.2.0
7f7e797ee000-7f7e797f3000 r-xp 00000000 08:02 6562570                    /usr/lib/x86_64-linux-gnu/libxcb-xfixes.so.0.0.0
7f7e797f3000-7f7e799f3000 ---p 00005000 08:02 6562570                    /usr/lib/x86_64-linux-gnu/libxcb-xfixes.so.0.0.0
7f7e799f3000-7f7e799f4000 r--p 00005000 08:02 6562570                    /usr/lib/x86_64-linux-gnu/libxcb-xfixes.so.0.0.0
7f7e799f4000-7f7e799f5000 rw-p 00006000 08:02 6562570                    /usr/lib/x86_64-linux-gnu/libxcb-xfixes.so.0.0.0
7f7e799f5000-7f7e79a1c000 r-xp 00000000 08:02 6948353                    /usr/lib/x86_64-linux-gnu/mesa-egl/libEGL.so.1.0.0
7f7e79a1c000-7f7e79c1c000 ---p 00027000 08:02 6948353                    /usr/lib/x86_64-linux-gnu/mesa-egl/libEGL.so.1.0.0
7f7e79c1c000-7f7e79c1d000 r--p 00027000 08:02 6948353                    /usr/lib/x86_64-linux-gnu/mesa-egl/libEGL.so.1.0.0
7f7e79c1d000-7f7e79c1e000 rw-p 00028000 08:02 6948353                    /usr/lib/x86_64-linux-gnu/mesa-egl/libEGL.so.1.0.0
7f7e79c1e000-7f7e79c1f000 rw-p 00000000 00:00 0 
7f7e79c1f000-7f7e79c25000 r-xp 00000000 08:02 6948357                    /usr/lib/x86_64-linux-gnu/mesa-egl/libGLESv2.so.2.0.0
7f7e79c25000-7f7e79e24000 ---p 00006000 08:02 6948357                    /usr/lib/x86_64-linux-gnu/mesa-egl/libGLESv2.so.2.0.0
7f7e79e24000-7f7e79e25000 r--p 00005000 08:02 6948357                    /usr/lib/x86_64-linux-gnu/mesa-egl/libGLESv2.so.2.0.0
7f7e79e25000-7f7e79e26000 rw-p 00006000 08:02 6948357                    /usr/lib/x86_64-linux-gnu/mesa-egl/libGLESv2.so.2.0.0
7f7e79e26000-7f7e79e29000 ---p 00000000 00:00 0 
7f7e79e29000-7f7e79f27000 rw-p 00000000 00:00 0                          [stack:9314]
7f7e79f27000-7f7e79fda000 r-xp 00000000 08:02 4721849                    /tmp/jogamp_0000/file_cache/jln3044793251505365929/jln2599379431551477842/libjogl_desktop.so
7f7e79fda000-7f7e7a1da000 ---p 000b3000 08:02 4721849                    /tmp/jogamp_0000/file_cache/jln3044793251505365929/jln2599379431551477842/libjogl_desktop.so
7f7e7a1da000-7f7e7a1db000 rw-p 000b3000 08:02 4721849                    /tmp/jogamp_0000/file_cache/jln3044793251505365929/jln2599379431551477842/libjogl_desktop.so
7f7e7a1db000-7f7e7a1e6000 r-xp 00000000 08:02 6561750                    /usr/lib/x86_64-linux-gnu/libdrm.so.2.4.0
7f7e7a1e6000-7f7e7a3e5000 ---p 0000b000 08:02 6561750                    /usr/lib/x86_64-linux-gnu/libdrm.so.2.4.0
7f7e7a3e5000-7f7e7a3e6000 r--p 0000a000 08:02 6561750                    /usr/lib/x86_64-linux-gnu/libdrm.so.2.4.0
7f7e7a3e6000-7f7e7a3e7000 rw-p 0000b000 08:02 6561750                    /usr/lib/x86_64-linux-gnu/libdrm.so.2.4.0
7f7e7a3e7000-7f7e7a3e8000 r-xp 00000000 08:02 6562584                    /usr/lib/x86_64-linux-gnu/libxshmfence.so.1.0.0
7f7e7a3e8000-7f7e7a5e7000 ---p 00001000 08:02 6562584                    /usr/lib/x86_64-linux-gnu/libxshmfence.so.1.0.0
7f7e7a5e7000-7f7e7a5e8000 r--p 00000000 08:02 6562584                    /usr/lib/x86_64-linux-gnu/libxshmfence.so.1.0.0
7f7e7a5e8000-7f7e7a5e9000 rw-p 00001000 08:02 6562584                    /usr/lib/x86_64-linux-gnu/libxshmfence.so.1.0.0
7f7e7a5e9000-7f7e7a5ee000 r-xp 00000000 08:02 6562566                    /usr/lib/x86_64-linux-gnu/libxcb-sync.so.1.0.0
7f7e7a5ee000-7f7e7a7ed000 ---p 00005000 08:02 6562566                    /usr/lib/x86_64-linux-gnu/libxcb-sync.so.1.0.0
7f7e7a7ed000-7f7e7a7ee000 r--p 00004000 08:02 6562566                    /usr/lib/x86_64-linux-gnu/libxcb-sync.so.1.0.0
7f7e7a7ee000-7f7e7a7ef000 rw-p 00005000 08:02 6562566                    /usr/lib/x86_64-linux-gnu/libxcb-sync.so.1.0.0
7f7e7a7ef000-7f7e7a7f1000 r-xp 00000000 08:02 6562554                    /usr/lib/x86_64-linux-gnu/libxcb-present.so.0.0.0
7f7e7a7f1000-7f7e7a9f0000 ---p 00002000 08:02 6562554                    /usr/lib/x86_64-linux-gnu/libxcb-present.so.0.0.0
7f7e7a9f0000-7f7e7a9f1000 r--p 00001000 08:02 6562554                    /usr/lib/x86_64-linux-gnu/libxcb-present.so.0.0.0
7f7e7a9f1000-7f7e7a9f2000 rw-p 00002000 08:02 6562554                    /usr/lib/x86_64-linux-gnu/libxcb-present.so.0.0.0
7f7e7a9f2000-7f7e7a9f4000 r-xp 00000000 08:02 6562544                    /usr/lib/x86_64-linux-gnu/libxcb-dri3.so.0.0.0
7f7e7a9f4000-7f7e7abf3000 ---p 00002000 08:02 6562544                    /usr/lib/x86_64-linux-gnu/libxcb-dri3.so.0.0.0
7f7e7abf3000-7f7e7abf4000 r--p 00001000 08:02 6562544                    /usr/lib/x86_64-linux-gnu/libxcb-dri3.so.0.0.0
7f7e7abf4000-7f7e7abf5000 rw-p 00002000 08:02 6562544                    /usr/lib/x86_64-linux-gnu/libxcb-dri3.so.0.0.0
7f7e7abf5000-7f7e7abf8000 r-xp 00000000 08:02 6562542                    /usr/lib/x86_64-linux-gnu/libxcb-dri2.so.0.0.0
7f7e7abf8000-7f7e7adf8000 ---p 00003000 08:02 6562542                    /usr/lib/x86_64-linux-gnu/libxcb-dri2.so.0.0.0
7f7e7adf8000-7f7e7adf9000 r--p 00003000 08:02 6562542                    /usr/lib/x86_64-linux-gnu/libxcb-dri2.so.0.0.0
7f7e7adf9000-7f7e7adfa000 rw-p 00004000 08:02 6562542                    /usr/lib/x86_64-linux-gnu/libxcb-dri2.so.0.0.0
7f7e7adfa000-7f7e7ae0f000 r-xp 00000000 08:02 6562546                    /usr/lib/x86_64-linux-gnu/libxcb-glx.so.0.0.0
7f7e7ae0f000-7f7e7b00e000 ---p 00015000 08:02 6562546                    /usr/lib/x86_64-linux-gnu/libxcb-glx.so.0.0.0
7f7e7b00e000-7f7e7b010000 r--p 00014000 08:02 6562546                    /usr/lib/x86_64-linux-gnu/libxcb-glx.so.0.0.0
7f7e7b010000-7f7e7b011000 rw-p 00016000 08:02 6562546                    /usr/lib/x86_64-linux-gnu/libxcb-glx.so.0.0.0
7f7e7b011000-7f7e7b012000 r-xp 00000000 08:02 6561502                    /usr/lib/x86_64-linux-gnu/libX11-xcb.so.1.0.0
7f7e7b012000-7f7e7b211000 ---p 00001000 08:02 6561502                    /usr/lib/x86_64-linux-gnu/libX11-xcb.so.1.0.0
7f7e7b211000-7f7e7b212000 r--p 00000000 08:02 6561502                    /usr/lib/x86_64-linux-gnu/libX11-xcb.so.1.0.0
7f7e7b212000-7f7e7b213000 rw-p 00001000 08:02 6561502                    /usr/lib/x86_64-linux-gnu/libX11-xcb.so.1.0.0
7f7e7b213000-7f7e7b215000 r-xp 00000000 08:02 6561517                    /usr/lib/x86_64-linux-gnu/libXdamage.so.1.1.0
7f7e7b215000-7f7e7b414000 ---p 00002000 08:02 6561517                    /usr/lib/x86_64-linux-gnu/libXdamage.so.1.1.0
7f7e7b414000-7f7e7b415000 r--p 00001000 08:02 6561517                    /usr/lib/x86_64-linux-gnu/libXdamage.so.1.1.0
7f7e7b415000-7f7e7b416000 rw-p 00002000 08:02 6561517                    /usr/lib/x86_64-linux-gnu/libXdamage.so.1.1.0
7f7e7b416000-7f7e7b43b000 r-xp 00000000 08:02 6561895                    /usr/lib/x86_64-linux-gnu/libglapi.so.0.0.0
7f7e7b43b000-7f7e7b63b000 ---p 00025000 08:02 6561895                    /usr/lib/x86_64-linux-gnu/libglapi.so.0.0.0
7f7e7b63b000-7f7e7b63e000 r--p 00025000 08:02 6561895                    /usr/lib/x86_64-linux-gnu/libglapi.so.0.0.0
7f7e7b63e000-7f7e7b63f000 rw-p 00028000 08:02 6561895                    /usr/lib/x86_64-linux-gnu/libglapi.so.0.0.0
7f7e7b63f000-7f7e7b640000 rw-p 00000000 00:00 0 
7f7e7b640000-7f7e7b667000 r-xp 00000000 08:02 13637323                   /lib/x86_64-linux-gnu/libexpat.so.1.6.0
7f7e7b667000-7f7e7b867000 ---p 00027000 08:02 13637323                   /lib/x86_64-linux-gnu/libexpat.so.1.6.0
7f7e7b867000-7f7e7b869000 r--p 00027000 08:02 13637323                   /lib/x86_64-linux-gnu/libexpat.so.1.6.0
7f7e7b869000-7f7e7b86a000 rw-p 00029000 08:02 13637323                   /lib/x86_64-linux-gnu/libexpat.so.1.6.0
7f7e7b86a000-7f7e7b8f8000 r-xp 00000000 08:02 6948350                    /usr/lib/x86_64-linux-gnu/mesa/libGL.so.1.2.0
7f7e7b8f8000-7f7e7baf7000 ---p 0008e000 08:02 6948350                    /usr/lib/x86_64-linux-gnu/mesa/libGL.so.1.2.0
7f7e7baf7000-7f7e7bafa000 r--p 0008d000 08:02 6948350                    /usr/lib/x86_64-linux-gnu/mesa/libGL.so.1.2.0
7f7e7bafa000-7f7e7bafb000 rw-p 00090000 08:02 6948350                    /usr/lib/x86_64-linux-gnu/mesa/libGL.so.1.2.0
7f7e7bafb000-7f7e7bcfc000 rw-p 00000000 00:00 0 
7f7e7bcfc000-7f7e7bcfe000 r-xp 00000000 08:02 6561531                    /usr/lib/x86_64-linux-gnu/libXinerama.so.1.0.0
7f7e7bcfe000-7f7e7befd000 ---p 00002000 08:02 6561531                    /usr/lib/x86_64-linux-gnu/libXinerama.so.1.0.0
7f7e7befd000-7f7e7befe000 r--p 00001000 08:02 6561531                    /usr/lib/x86_64-linux-gnu/libXinerama.so.1.0.0
7f7e7befe000-7f7e7beff000 rw-p 00002000 08:02 6561531                    /usr/lib/x86_64-linux-gnu/libXinerama.so.1.0.0
7f7e7beff000-7f7e7bf02000 ---p 00000000 00:00 0 
7f7e7bf02000-7f7e7c000000 rw-p 00000000 00:00 0                          [stack:9313]
7f7e7c000000-7f7e7c021000 rw-p 00000000 00:00 0 
7f7e7c021000-7f7e80000000 ---p 00000000 00:00 0 
7f7e80000000-7f7e80021000 rw-p 00000000 00:00 0 
7f7e80021000-7f7e84000000 ---p 00000000 00:00 0 
7f7e84000000-7f7e84021000 rw-p 00000000 00:00 0 
7f7e84021000-7f7e88000000 ---p 00000000 00:00 0 
7f7e88000000-7f7e88022000 rw-p 00000000 00:00 0 
7f7e88022000-7f7e8c000000 ---p 00000000 00:00 0 
7f7e8c000000-7f7e8c021000 rw-p 00000000 00:00 0 
7f7e8c021000-7f7e90000000 ---p 00000000 00:00 0 
7f7e90000000-7f7e90021000 rw-p 00000000 00:00 0 
7f7e90021000-7f7e94000000 ---p 00000000 00:00 0 
7f7e94000000-7f7e94762000 rw-p 00000000 00:00 0 
7f7e94762000-7f7e98000000 ---p 00000000 00:00 0 
7f7e98011000-7f7e98012000 rw-p 00000000 00:00 0 
7f7e98012000-7f7e9801a000 rw-s 00000000 00:05 150886                     /drm mm object (deleted)
7f7e9801a000-7f7e98022000 rw-s 00000000 00:05 147443                     /drm mm object (deleted)
7f7e98022000-7f7e9802a000 rw-s 00000000 00:05 151567                     /drm mm object (deleted)
7f7e9802a000-7f7e98032000 rw-s 00000000 00:05 150251                     /drm mm object (deleted)
7f7e98032000-7f7e9803a000 rw-s 00000000 00:05 151560                     /drm mm object (deleted)
7f7e9803a000-7f7e98042000 rw-s 00000000 00:05 150244                     /drm mm object (deleted)
7f7e98042000-7f7e9804a000 rw-s 00000000 00:05 151553                     /drm mm object (deleted)
7f7e9804a000-7f7e98052000 rw-s 00000000 00:05 147440                     /drm mm object (deleted)
7f7e98052000-7f7e9805a000 rw-s 00000000 00:05 147427                     /drm mm object (deleted)
7f7e9805a000-7f7e98061000 r--s 00000000 08:02 6947811                    /usr/lib/x86_64-linux-gnu/gconv/gconv-modules.cache
7f7e98061000-7f7e98074000 r--s 00344000 08:02 6695996                    /usr/bin/processing-3.0/java/lib/resources.jar
7f7e98074000-7f7e9807c000 rw-s 00000000 00:05 150130                     /drm mm object (deleted)
7f7e9807c000-7f7e98084000 rw-s 00000000 00:05 150104                     /drm mm object (deleted)
7f7e98084000-7f7e9808c000 rw-s 00000000 00:05 150851                     /drm mm object (deleted)
7f7e9808c000-7f7e98094000 rw-s 00000000 00:05 150093                     /drm mm object (deleted)
7f7e98094000-7f7e98544000 rw-p 00000000 00:00 0 
7f7e98544000-7f7e98553000 r-xp 00000000 08:02 4721855                    /tmp/jogamp_0000/file_cache/jln3044793251505365929/jln2599379431551477842/libnewt.so
7f7e98553000-7f7e98752000 ---p 0000f000 08:02 4721855                    /tmp/jogamp_0000/file_cache/jln3044793251505365929/jln2599379431551477842/libnewt.so
7f7e98752000-7f7e98753000 rw-p 0000e000 08:02 4721855                    /tmp/jogamp_0000/file_cache/jln3044793251505365929/jln2599379431551477842/libnewt.so
7f7e98753000-7f7e9875a000 r-xp 00000000 08:02 4721853                    /tmp/jogamp_0000/file_cache/jln3044793251505365929/jln2599379431551477842/libnativewindow_x11.so
7f7e9875a000-7f7e98959000 ---p 00007000 08:02 4721853                    /tmp/jogamp_0000/file_cache/jln3044793251505365929/jln2599379431551477842/libnativewindow_x11.so
7f7e98959000-7f7e9895a000 rw-p 00006000 08:02 4721853                    /tmp/jogamp_0000/file_cache/jln3044793251505365929/jln2599379431551477842/libnativewindow_x11.so
7f7e9895a000-7f7e9895d000 ---p 00000000 00:00 0 
7f7e9895d000-7f7e98a5b000 rw-p 00000000 00:00 0 
7f7e98a5b000-7f7e98a5f000 r-xp 00000000 08:02 6561559                    /usr/lib/x86_64-linux-gnu/libXxf86vm.so.1.0.0
7f7e98a5f000-7f7e98c5f000 ---p 00004000 08:02 6561559                    /usr/lib/x86_64-linux-gnu/libXxf86vm.so.1.0.0
7f7e98c5f000-7f7e98c60000 r--p 00004000 08:02 6561559                    /usr/lib/x86_64-linux-gnu/libXxf86vm.so.1.0.0
7f7e98c60000-7f7e98c61000 rw-p 00005000 08:02 6561559                    /usr/lib/x86_64-linux-gnu/libXxf86vm.so.1.0.0
7f7e98c61000-7f7e98c63000 rw-s 149007000 00:06 10208                     /dev/dri/card0
7f7e98c63000-7f7e98c64000 rw-s 149006000 00:06 10208                     /dev/dri/card0
7f7e98c64000-7f7e98c65000 rw-s 81000000 00:06 94744                      /dev/snd/pcmC2D0p
7f7e98c65000-7f7e98c66000 r--s 80000000 00:06 94744                      /dev/snd/pcmC2D0p
7f7e98c66000-7f7e98c67000 rw-s 148f05000 00:06 10208                     /dev/dri/card0
7f7e98c67000-7f7e98c68000 rw-s 148f04000 00:06 10208                     /dev/dri/card0
7f7e98c68000-7f7e98c69000 rwxp 00000000 00:00 0 
7f7e98c69000-7f7e98c71000 rw-s 00000000 00:05 150759                     /drm mm object (deleted)
7f7e98c71000-7f7e98c79000 rw-s 00000000 00:05 150799                     /drm mm object (deleted)
7f7e98c79000-7f7e98c7a000 rw-s 148f03000 00:06 10208                     /dev/dri/card0
7f7e98c7a000-7f7e98c82000 rw-s 00000000 00:05 150748                     /drm mm object (deleted)
7f7e98c82000-7f7e98c84000 r-xp 00000000 08:02 4721851                    /tmp/jogamp_0000/file_cache/jln3044793251505365929/jln2599379431551477842/libnativewindow_awt.so
7f7e98c84000-7f7e98e83000 ---p 00002000 08:02 4721851                    /tmp/jogamp_0000/file_cache/jln3044793251505365929/jln2599379431551477842/libnativewindow_awt.so
7f7e98e83000-7f7e98e84000 rw-p 00001000 08:02 4721851                    /tmp/jogamp_0000/file_cache/jln3044793251505365929/jln2599379431551477842/libnativewindow_awt.so
7f7e98e84000-7f7e98e85000 r-xp 00000000 08:02 8012156                    /usr/bin/processing-3.0/java/lib/amd64/libjawt.so
7f7e98e85000-7f7e99084000 ---p 00001000 08:02 8012156                    /usr/bin/processing-3.0/java/lib/amd64/libjawt.so
7f7e99084000-7f7e99085000 rw-p 00000000 08:02 8012156                    /usr/bin/processing-3.0/java/lib/amd64/libjawt.so
7f7e99085000-7f7e99087000 r-xp 00000000 08:02 4721848                    /tmp/jogamp_0000/file_cache/jln3044793251505365929/jln2599379431551477842/libgluegen-rt.so
7f7e99087000-7f7e99286000 ---p 00002000 08:02 4721848                    /tmp/jogamp_0000/file_cache/jln3044793251505365929/jln2599379431551477842/libgluegen-rt.so
7f7e99286000-7f7e99287000 rw-p 00001000 08:02 4721848                    /tmp/jogamp_0000/file_cache/jln3044793251505365929/jln2599379431551477842/libgluegen-rt.so
7f7e99287000-7f7e9928a000 ---p 00000000 00:00 0 
7f7e9928a000-7f7e99388000 rw-p 00000000 00:00 0 
7f7e99388000-7f7e99399000 r-xp 00000000 08:02 8012203                    /usr/bin/processing-3.0/java/lib/amd64/libnio.so
7f7e99399000-7f7e99598000 ---p 00011000 08:02 8012203                    /usr/bin/processing-3.0/java/lib/amd64/libnio.so
7f7e99598000-7f7e99599000 rw-p 00010000 08:02 8012203                    /usr/bin/processing-3.0/java/lib/amd64/libnio.so
7f7e99599000-7f7e995af000 r-xp 00000000 08:02 8012151                    /usr/bin/processing-3.0/java/lib/amd64/libnet.so
7f7e995af000-7f7e997af000 ---p 00016000 08:02 8012151                    /usr/bin/processing-3.0/java/lib/amd64/libnet.so
7f7e997af000-7f7e997b0000 rw-p 00016000 08:02 8012151                    /usr/bin/processing-3.0/java/lib/amd64/libnet.so
7f7e997b0000-7f7e997b3000 ---p 00000000 00:00 0 
7f7e997b3000-7f7e997e9000 rw-p 00000000 00:00 0 
7f7e997e9000-7f7e997ed000 r--s 00095000 08:02 6696012                    /usr/bin/processing-3.0/java/lib/jsse.jar
7f7e997ed000-7f7e999ed000 rw-p 00000000 00:00 0 
7f7e999ed000-7f7e999f0000 r--s 00041000 08:02 8014028                    /usr/bin/processing-3.0/modes/java/mode/org.netbeans.swing.outline.jar
7f7e999f0000-7f7e99a04000 r--s 00121000 08:02 8014045                    /usr/bin/processing-3.0/modes/java/mode/org.eclipse.osgi.jar
7f7e99a04000-7f7e99a3c000 r--s 00515000 08:02 8014044                    /usr/bin/processing-3.0/modes/java/mode/org.eclipse.jdt.core.jar
7f7e99a3c000-7f7e99a97000 r--s 009e2000 08:02 8014039                    /usr/bin/processing-3.0/modes/java/mode/com.ibm.icu.jar
7f7e99a97000-7f7e99aa0000 r-xp 00000000 08:02 6561541                    /usr/lib/x86_64-linux-gnu/libXrandr.so.2.2.0
7f7e99aa0000-7f7e99c9f000 ---p 00009000 08:02 6561541                    /usr/lib/x86_64-linux-gnu/libXrandr.so.2.2.0
7f7e99c9f000-7f7e99ca0000 r--p 00008000 08:02 6561541                    /usr/lib/x86_64-linux-gnu/libXrandr.so.2.2.0
7f7e99ca0000-7f7e99ca1000 rw-p 00009000 08:02 6561541                    /usr/lib/x86_64-linux-gnu/libXrandr.so.2.2.0
7f7e99ca1000-7f7e99ca4000 ---p 00000000 00:00 0 
7f7e99ca4000-7f7e99da2000 rw-p 00000000 00:00 0                          [stack:9302]
7f7e99da2000-7f7e99da7000 r-xp 00000000 08:02 6561523                    /usr/lib/x86_64-linux-gnu/libXfixes.so.3.1.0
7f7e99da7000-7f7e99fa6000 ---p 00005000 08:02 6561523                    /usr/lib/x86_64-linux-gnu/libXfixes.so.3.1.0
7f7e99fa6000-7f7e99fa7000 r--p 00004000 08:02 6561523                    /usr/lib/x86_64-linux-gnu/libXfixes.so.3.1.0
7f7e99fa7000-7f7e99fa8000 rw-p 00005000 08:02 6561523                    /usr/lib/x86_64-linux-gnu/libXfixes.so.3.1.0
7f7e99fa8000-7f7e99fb1000 r-xp 00000000 08:02 6561515                    /usr/lib/x86_64-linux-gnu/libXcursor.so.1.0.2
7f7e99fb1000-7f7e9a1b0000 ---p 00009000 08:02 6561515                    /usr/lib/x86_64-linux-gnu/libXcursor.so.1.0.2
7f7e9a1b0000-7f7e9a1b1000 r--p 00008000 08:02 6561515                    /usr/lib/x86_64-linux-gnu/libXcursor.so.1.0.2
7f7e9a1b1000-7f7e9a1b2000 rw-p 00009000 08:02 6561515                    /usr/lib/x86_64-linux-gnu/libXcursor.so.1.0.2
7f7e9a1b2000-7f7e9a1b5000 ---p 00000000 00:00 0 
7f7e9a1b5000-7f7e9a2b3000 rw-p 00000000 00:00 0                          [stack:9301]
7f7e9a2b3000-7f7e9a2c9000 r-xp 00000000 08:02 13635717                   /lib/x86_64-linux-gnu/libgcc_s.so.1
7f7e9a2c9000-7f7e9a4c8000 ---p 00016000 08:02 13635717                   /lib/x86_64-linux-gnu/libgcc_s.so.1
7f7e9a4c8000-7f7e9a4c9000 rw-p 00015000 08:02 13635717                   /lib/x86_64-linux-gnu/libgcc_s.so.1
7f7e9a4c9000-7f7e9a52f000 r-xp 00000000 08:02 8012146                    /usr/bin/processing-3.0/java/lib/amd64/libfontmanager.so
7f7e9a52f000-7f7e9a72e000 ---p 00066000 08:02 8012146                    /usr/bin/processing-3.0/java/lib/amd64/libfontmanager.so
7f7e9a72e000-7f7e9a732000 rw-p 00065000 08:02 8012146                    /usr/bin/processing-3.0/java/lib/amd64/libfontmanager.so
7f7e9a732000-7f7e9a743000 rw-p 00000000 00:00 0 
7f7e9a743000-7f7e9a748000 r-xp 00000000 08:02 6561519                    /usr/lib/x86_64-linux-gnu/libXdmcp.so.6.0.0
7f7e9a748000-7f7e9a947000 ---p 00005000 08:02 6561519                    /usr/lib/x86_64-linux-gnu/libXdmcp.so.6.0.0
7f7e9a947000-7f7e9a948000 r--p 00004000 08:02 6561519                    /usr/lib/x86_64-linux-gnu/libXdmcp.so.6.0.0
7f7e9a948000-7f7e9a949000 rw-p 00005000 08:02 6561519                    /usr/lib/x86_64-linux-gnu/libXdmcp.so.6.0.0
7f7e9a949000-7f7e9a94b000 r-xp 00000000 08:02 6561508                    /usr/lib/x86_64-linux-gnu/libXau.so.6.0.0
7f7e9a94b000-7f7e9ab4b000 ---p 00002000 08:02 6561508                    /usr/lib/x86_64-linux-gnu/libXau.so.6.0.0
7f7e9ab4b000-7f7e9ab4c000 r--p 00002000 08:02 6561508                    /usr/lib/x86_64-linux-gnu/libXau.so.6.0.0
7f7e9ab4c000-7f7e9ab4d000 rw-p 00003000 08:02 6561508                    /usr/lib/x86_64-linux-gnu/libXau.so.6.0.0
7f7e9ab4d000-7f7e9ab6a000 r-xp 00000000 08:02 6562574                    /usr/lib/x86_64-linux-gnu/libxcb.so.1.1.0
7f7e9ab6a000-7f7e9ad6a000 ---p 0001d000 08:02 6562574                    /usr/lib/x86_64-linux-gnu/libxcb.so.1.1.0
7f7e9ad6a000-7f7e9ad6b000 r--p 0001d000 08:02 6562574                    /usr/lib/x86_64-linux-gnu/libxcb.so.1.1.0
7f7e9ad6b000-7f7e9ad6c000 rw-p 0001e000 08:02 6562574                    /usr/lib/x86_64-linux-gnu/libxcb.so.1.1.0
7f7e9ad6c000-7f7e9ad7b000 r-xp 00000000 08:02 6561529                    /usr/lib/x86_64-linux-gnu/libXi.so.6.1.0
7f7e9ad7b000-7f7e9af7a000 ---p 0000f000 08:02 6561529                    /usr/lib/x86_64-linux-gnu/libXi.so.6.1.0
7f7e9af7a000-7f7e9af7b000 r--p 0000e000 08:02 6561529                    /usr/lib/x86_64-linux-gnu/libXi.so.6.1.0
7f7e9af7b000-7f7e9af7c000 rw-p 0000f000 08:02 6561529                    /usr/lib/x86_64-linux-gnu/libXi.so.6.1.0
7f7e9af7c000-7f7e9af81000 r-xp 00000000 08:02 6561549                    /usr/lib/x86_64-linux-gnu/libXtst.so.6.1.0
7f7e9af81000-7f7e9b180000 ---p 00005000 08:02 6561549                    /usr/lib/x86_64-linux-gnu/libXtst.so.6.1.0
7f7e9b180000-7f7e9b181000 r--p 00004000 08:02 6561549                    /usr/lib/x86_64-linux-gnu/libXtst.so.6.1.0
7f7e9b181000-7f7e9b182000 rw-p 00005000 08:02 6561549                    /usr/lib/x86_64-linux-gnu/libXtst.so.6.1.0
7f7e9b182000-7f7e9b18b000 r-xp 00000000 08:02 6561543                    /usr/lib/x86_64-linux-gnu/libXrender.so.1.3.0
7f7e9b18b000-7f7e9b38a000 ---p 00009000 08:02 6561543                    /usr/lib/x86_64-linux-gnu/libXrender.so.1.3.0
7f7e9b38a000-7f7e9b38b000 r--p 00008000 08:02 6561543                    /usr/lib/x86_64-linux-gnu/libXrender.so.1.3.0
7f7e9b38b000-7f7e9b38c000 rw-p 00009000 08:02 6561543                    /usr/lib/x86_64-linux-gnu/libXrender.so.1.3.0
7f7e9b38c000-7f7e9b4bc000 r-xp 00000000 08:02 6561504                    /usr/lib/x86_64-linux-gnu/libX11.so.6.3.0
7f7e9b4bc000-7f7e9b6bc000 ---p 00130000 08:02 6561504                    /usr/lib/x86_64-linux-gnu/libX11.so.6.3.0
7f7e9b6bc000-7f7e9b6bd000 r--p 00130000 08:02 6561504                    /usr/lib/x86_64-linux-gnu/libX11.so.6.3.0
7f7e9b6bd000-7f7e9b6c1000 rw-p 00131000 08:02 6561504                    /usr/lib/x86_64-linux-gnu/libX11.so.6.3.0
7f7e9b6c1000-7f7e9b6d2000 r-xp 00000000 08:02 6561521                    /usr/lib/x86_64-linux-gnu/libXext.so.6.4.0
7f7e9b6d2000-7f7e9b8d1000 ---p 00011000 08:02 6561521                    /usr/lib/x86_64-linux-gnu/libXext.so.6.4.0
7f7e9b8d1000-7f7e9b8d2000 r--p 00010000 08:02 6561521                    /usr/lib/x86_64-linux-gnu/libXext.so.6.4.0
7f7e9b8d2000-7f7e9b8d3000 rw-p 00011000 08:02 6561521                    /usr/lib/x86_64-linux-gnu/libXext.so.6.4.0
7f7e9b8d3000-7f7e9b927000 r-xp 00000000 08:02 8012182                    /usr/bin/processing-3.0/java/lib/amd64/libawt_xawt.so
7f7e9b927000-7f7e9bb27000 ---p 00054000 08:02 8012182                    /usr/bin/processing-3.0/java/lib/amd64/libawt_xawt.so
7f7e9bb27000-7f7e9bb2b000 rw-p 00054000 08:02 8012182                    /usr/bin/processing-3.0/java/lib/amd64/libawt_xawt.so
7f7e9bb2b000-7f7e9bb2c000 rw-p 00000000 00:00 0 
7f7e9bb2c000-7f7e9bbce000 r-xp 00000000 08:02 8012174                    /usr/bin/processing-3.0/java/lib/amd64/libawt.so
7f7e9bbce000-7f7e9bdce000 ---p 000a2000 08:02 8012174                    /usr/bin/processing-3.0/java/lib/amd64/libawt.so
7f7e9bdce000-7f7e9bdda000 rw-p 000a2000 08:02 8012174                    /usr/bin/processing-3.0/java/lib/amd64/libawt.so
7f7e9bdda000-7f7e9bdfe000 rw-p 00000000 00:00 0 
7f7e9bdfe000-7f7e9bdff000 ---p 00000000 00:00 0 
7f7e9bdff000-7f7e9beff000 rw-p 00000000 00:00 0                          [stack:9300]
7f7e9beff000-7f7e9bf02000 ---p 00000000 00:00 0 
7f7e9bf02000-7f7e9c000000 rw-p 00000000 00:00 0                          [stack:9299]
7f7e9c000000-7f7e9dc39000 rw-p 00000000 00:00 0 
7f7e9dc39000-7f7ea0000000 ---p 00000000 00:00 0 
7f7ea0000000-7f7ea2a17000 rw-p 00000000 00:00 0 
7f7ea2a17000-7f7ea4000000 ---p 00000000 00:00 0 
7f7ea4000000-7f7ea4021000 rw-p 00000000 00:00 0 
7f7ea4021000-7f7ea8000000 ---p 00000000 00:00 0 
7f7ea8000000-7f7ea8021000 rw-p 00000000 00:00 0 
7f7ea8021000-7f7eac000000 ---p 00000000 00:00 0 
7f7eac000000-7f7eac021000 rw-p 00000000 00:00 0 
7f7eac021000-7f7eb0000000 ---p 00000000 00:00 0 
7f7eb0000000-7f7eb0021000 rw-p 00000000 00:00 0 
7f7eb0021000-7f7eb4000000 ---p 00000000 00:00 0 
7f7eb4000000-7f7eb4021000 rw-p 00000000 00:00 0 
7f7eb4021000-7f7eb8000000 ---p 00000000 00:00 0 
7f7eb8000000-7f7eb8021000 rw-p 00000000 00:00 0 
7f7eb8021000-7f7ebc000000 ---p 00000000 00:00 0 
7f7ebc000000-7f7ebc021000 rw-p 00000000 00:00 0 
7f7ebc021000-7f7ec0000000 ---p 00000000 00:00 0 
7f7ec0000000-7f7ec0021000 rw-p 00000000 00:00 0 
7f7ec0021000-7f7ec4000000 ---p 00000000 00:00 0 
7f7ec4000000-7f7ec4021000 rw-p 00000000 00:00 0 
7f7ec4021000-7f7ec8000000 ---p 00000000 00:00 0 
7f7ec8000000-7f7ec8021000 rw-p 00000000 00:00 0 
7f7ec8021000-7f7ecc000000 ---p 00000000 00:00 0 
7f7ecc000000-7f7ecc021000 rw-p 00000000 00:00 0 
7f7ecc021000-7f7ed0000000 ---p 00000000 00:00 0 
7f7ed0000000-7f7ed0001000 r--p 00000000 00:00 0 
7f7ed0001000-7f7ed0006000 r--s 00038000 08:02 8014038                    /usr/bin/processing-3.0/modes/java/mode/org.eclipse.text.jar
7f7ed0006000-7f7ed0009000 r--s 0001c000 08:02 8014042                    /usr/bin/processing-3.0/modes/java/mode/org.eclipse.equinox.preferences.jar
7f7ed0009000-7f7ed000c000 r--s 00018000 08:02 8014034                    /usr/bin/processing-3.0/modes/java/mode/org.eclipse.equinox.common.jar
7f7ed000c000-7f7ed000e000 r--s 00011000 08:02 8014037                    /usr/bin/processing-3.0/modes/java/mode/org.eclipse.core.runtime.jar
7f7ed000e000-7f7ed0019000 r--s 000c1000 08:02 8014040                    /usr/bin/processing-3.0/modes/java/mode/org.eclipse.core.resources.jar
7f7ed0019000-7f7ed001b000 r--s 00016000 08:02 8014027                    /usr/bin/processing-3.0/modes/java/mode/org.eclipse.core.jobs.jar
7f7ed001b000-7f7ed001d000 r--s 00015000 08:02 8014029                    /usr/bin/processing-3.0/modes/java/mode/org.eclipse.core.contenttype.jar
7f7ed001d000-7f7ed0022000 r--s 0003f000 08:02 8014032                    /usr/bin/processing-3.0/modes/java/mode/jsoup-1.7.1.jar
7f7ed0022000-7f7ed0023000 r--s 00003000 08:02 8014046                    /usr/bin/processing-3.0/modes/java/mode/jdtCompilerAdapter.jar
7f7ed0023000-7f7ed0030000 r--s 000cb000 08:02 8014036                    /usr/bin/processing-3.0/modes/java/mode/jdimodel.jar
7f7ed0030000-7f7ed0034000 r--s 0000e000 08:02 8014030                    /usr/bin/processing-3.0/modes/java/mode/jdi.jar
7f7ed0034000-7f7ed003a000 r--s 0007d000 08:02 8014033                    /usr/bin/processing-3.0/modes/java/mode/JavaMode.jar
7f7ed003a000-7f7ed003b000 r--s 00003000 08:02 8014035                    /usr/bin/processing-3.0/modes/java/mode/classpath-explorer-1.0.jar
7f7ed003b000-7f7ed0040000 r--s 00068000 08:02 8014043                    /usr/bin/processing-3.0/modes/java/mode/antlr.jar
7f7ed0040000-7f7ed004a000 r--s 00097000 08:02 6695776                    /usr/bin/processing-3.0/lib/pde.jar
7f7ed004a000-7f7ed005e000 r--s 00127000 08:02 6695832                    /usr/bin/processing-3.0/lib/jna.jar
7f7ed005e000-7f7ed0060000 r--s 00002000 08:02 6695836                    /usr/bin/processing-3.0/lib/ant-launcher.jar
7f7ed0060000-7f7ed007e000 r--s 001bb000 08:02 6695851                    /usr/bin/processing-3.0/lib/ant.jar
7f7ed007e000-7f7ed0080000 r--s 00005000 08:02 4591938                    /home/akelly/sketchbook/libraries/minim/library/mp3spi1.9.5.jar
7f7ed0080000-7f7ed0081000 r--s 0000b000 08:02 4591937                    /home/akelly/sketchbook/libraries/minim/library/jsminim.jar
7f7ed0081000-7f7ed0085000 r--s 00040000 08:02 4591936                    /home/akelly/sketchbook/libraries/minim/library/jl1.0.1.jar
7f7ed0085000-7f7ed0088000 r--s 00017000 08:02 4591933                    /home/akelly/sketchbook/libraries/minim/library/tritonus_share.jar
7f7ed0088000-7f7ed00a2000 r--s 01689000 08:02 6569030                    /usr/bin/processing-3.0/core/library/jogl-java-src.zip
7f7ed00a2000-7f7ed00c5000 r--s 00308000 08:02 6569034                    /usr/bin/processing-3.0/core/library/jogl-all.jar
7f7ed00c5000-7f7ed00c8000 ---p 00000000 00:00 0 
7f7ed00c8000-7f7ed01c6000 rw-p 00000000 00:00 0                          [stack:9298]
7f7ed01c6000-7f7ed01c9000 ---p 00000000 00:00 0 
7f7ed01c9000-7f7ed02c7000 rw-p 00000000 00:00 0                          [stack:9297]
7f7ed02c7000-7f7ed02ca000 ---p 00000000 00:00 0 
7f7ed02ca000-7f7ed03c8000 rw-p 00000000 00:00 0                          [stack:9296]
7f7ed03c8000-7f7ed03cb000 ---p 00000000 00:00 0 
7f7ed03cb000-7f7ed04c9000 rw-p 00000000 00:00 0                          [stack:9290]
7f7ed04c9000-7f7ed04cc000 ---p 00000000 00:00 0 
7f7ed04cc000-7f7ed05ca000 rw-p 00000000 00:00 0                          [stack:9286]
7f7ed05ca000-7f7ed05cd000 ---p 00000000 00:00 0 
7f7ed05cd000-7f7ed06cb000 rw-p 00000000 00:00 0                          [stack:9285]
7f7ed06cb000-7f7ed06cf000 r-xp 00000000 08:02 8012175                    /usr/bin/processing-3.0/java/lib/amd64/libdt_socket.so
7f7ed06cf000-7f7ed08ce000 ---p 00004000 08:02 8012175                    /usr/bin/processing-3.0/java/lib/amd64/libdt_socket.so
7f7ed08ce000-7f7ed08cf000 rw-p 00003000 08:02 8012175                    /usr/bin/processing-3.0/java/lib/amd64/libdt_socket.so
7f7ed08cf000-7f7ed08d2000 ---p 00000000 00:00 0 
7f7ed08d2000-7f7ed09d0000 rw-p 00000000 00:00 0                          [stack:9283]
7f7ed09d0000-7f7ed09d3000 ---p 00000000 00:00 0 
7f7ed09d3000-7f7ed0ad1000 rw-p 00000000 00:00 0                          [stack:9282]
7f7ed0ad1000-7f7ed0ad4000 ---p 00000000 00:00 0 
7f7ed0ad4000-7f7ed0bd2000 rw-p 00000000 00:00 0                          [stack:9281]
7f7ed0bd2000-7f7ed0bd3000 ---p 00000000 00:00 0 
7f7ed0bd3000-7f7ed1c87000 rw-p 00000000 00:00 0                          [stack:9280]
7f7ed1c87000-7f7ed1e5f000 r--s 03d0c000 08:02 6695974                    /usr/bin/processing-3.0/java/lib/rt.jar
7f7ed1e5f000-7f7edab0c000 rw-p 00000000 00:00 0 
7f7edab0c000-7f7edab0d000 ---p 00000000 00:00 0 
7f7edab0d000-7f7edac0d000 rw-p 00000000 00:00 0                          [stack:9279]
7f7edac0d000-7f7edac0e000 ---p 00000000 00:00 0 
7f7edac0e000-7f7edad0e000 rw-p 00000000 00:00 0                          [stack:9278]
7f7edad0e000-7f7edad0f000 ---p 00000000 00:00 0 
7f7edad0f000-7f7edae63000 rw-p 00000000 00:00 0                          [stack:9277]
7f7edae63000-7f7edb33f000 ---p 00000000 00:00 0 
7f7edb33f000-7f7edb393000 rw-p 00000000 00:00 0 
7f7edb393000-7f7edb86e000 ---p 00000000 00:00 0 
7f7edb86e000-7f7edbab7000 rw-p 00000000 00:00 0 
7f7edbab7000-7f7edbb06000 ---p 00000000 00:00 0 
7f7edbb06000-7f7edbb28000 rw-p 00000000 00:00 0 
7f7edbb28000-7f7edbec7000 ---p 00000000 00:00 0 
7f7edbec7000-7f7edc6f7000 rwxp 00000000 00:00 0 
7f7edc6f7000-7f7eeaec7000 ---p 00000000 00:00 0 
7f7eeaec7000-7f7eeaee1000 r-xp 00000000 08:02 8012189                    /usr/bin/processing-3.0/java/lib/amd64/libzip.so
7f7eeaee1000-7f7eeb0e1000 ---p 0001a000 08:02 8012189                    /usr/bin/processing-3.0/java/lib/amd64/libzip.so
7f7eeb0e1000-7f7eeb0e2000 rw-p 0001a000 08:02 8012189                    /usr/bin/processing-3.0/java/lib/amd64/libzip.so
7f7eeb0e2000-7f7eeb0ed000 r-xp 00000000 08:02 13635765                   /lib/x86_64-linux-gnu/libnss_files-2.19.so
7f7eeb0ed000-7f7eeb2ec000 ---p 0000b000 08:02 13635765                   /lib/x86_64-linux-gnu/libnss_files-2.19.so
7f7eeb2ec000-7f7eeb2ed000 r--p 0000a000 08:02 13635765                   /lib/x86_64-linux-gnu/libnss_files-2.19.so
7f7eeb2ed000-7f7eeb2ee000 rw-p 0000b000 08:02 13635765                   /lib/x86_64-linux-gnu/libnss_files-2.19.so
7f7eeb2ee000-7f7eeb2f9000 r-xp 00000000 08:02 13635775                   /lib/x86_64-linux-gnu/libnss_nis-2.19.so
7f7eeb2f9000-7f7eeb4f8000 ---p 0000b000 08:02 13635775                   /lib/x86_64-linux-gnu/libnss_nis-2.19.so
7f7eeb4f8000-7f7eeb4f9000 r--p 0000a000 08:02 13635775                   /lib/x86_64-linux-gnu/libnss_nis-2.19.so
7f7eeb4f9000-7f7eeb4fa000 rw-p 0000b000 08:02 13635775                   /lib/x86_64-linux-gnu/libnss_nis-2.19.so
7f7eeb4fa000-7f7eeb511000 r-xp 00000000 08:02 13635759                   /lib/x86_64-linux-gnu/libnsl-2.19.so
7f7eeb511000-7f7eeb710000 ---p 00017000 08:02 13635759                   /lib/x86_64-linux-gnu/libnsl-2.19.so
7f7eeb710000-7f7eeb711000 r--p 00016000 08:02 13635759                   /lib/x86_64-linux-gnu/libnsl-2.19.so
7f7eeb711000-7f7eeb712000 rw-p 00017000 08:02 13635759                   /lib/x86_64-linux-gnu/libnsl-2.19.so
7f7eeb712000-7f7eeb714000 rw-p 00000000 00:00 0 
7f7eeb714000-7f7eeb71d000 r-xp 00000000 08:02 13635761                   /lib/x86_64-linux-gnu/libnss_compat-2.19.so
7f7eeb71d000-7f7eeb91c000 ---p 00009000 08:02 13635761                   /lib/x86_64-linux-gnu/libnss_compat-2.19.so
7f7eeb91c000-7f7eeb91d000 r--p 00008000 08:02 13635761                   /lib/x86_64-linux-gnu/libnss_compat-2.19.so
7f7eeb91d000-7f7eeb91e000 rw-p 00009000 08:02 13635761                   /lib/x86_64-linux-gnu/libnss_compat-2.19.so
7f7eeb91e000-7f7eec000000 r--p 00000000 08:02 6560506                    /usr/lib/locale/locale-archive
7f7eec000000-7f7eec800000 rw-p 00000000 00:00 0 
7f7eec800000-7f7ef0000000 ---p 00000000 00:00 0 
7f7ef0000000-7f7ef0003000 r--s 00016000 08:02 4591932                    /home/akelly/sketchbook/libraries/minim/library/minim.jar
7f7ef0003000-7f7ef000b000 r--s 003d3000 08:02 6569026                    /usr/bin/processing-3.0/core/library/gluegen-java-src.zip
7f7ef000b000-7f7ef005a000 rw-p 00000000 00:00 0 
7f7ef005a000-7f7ef005b000 ---p 00000000 00:00 0 
7f7ef005b000-7f7ef015b000 rw-p 00000000 00:00 0                          [stack:9276]
7f7ef015b000-7f7ef015d000 r-xp 00000000 08:02 8012169                    /usr/bin/processing-3.0/java/lib/amd64/libnpt.so
7f7ef015d000-7f7ef035d000 ---p 00002000 08:02 8012169                    /usr/bin/processing-3.0/java/lib/amd64/libnpt.so
7f7ef035d000-7f7ef035e000 rw-p 00002000 08:02 8012169                    /usr/bin/processing-3.0/java/lib/amd64/libnpt.so
7f7ef035e000-7f7ef0397000 r-xp 00000000 08:02 8012184                    /usr/bin/processing-3.0/java/lib/amd64/libjdwp.so
7f7ef0397000-7f7ef0596000 ---p 00039000 08:02 8012184                    /usr/bin/processing-3.0/java/lib/amd64/libjdwp.so
7f7ef0596000-7f7ef0598000 rw-p 00038000 08:02 8012184                    /usr/bin/processing-3.0/java/lib/amd64/libjdwp.so
7f7ef0598000-7f7ef05c2000 r-xp 00000000 08:02 8012204                    /usr/bin/processing-3.0/java/lib/amd64/libjava.so
7f7ef05c2000-7f7ef07c2000 ---p 0002a000 08:02 8012204                    /usr/bin/processing-3.0/java/lib/amd64/libjava.so
7f7ef07c2000-7f7ef07c4000 rw-p 0002a000 08:02 8012204                    /usr/bin/processing-3.0/java/lib/amd64/libjava.so
7f7ef07c4000-7f7ef07d1000 r-xp 00000000 08:02 8012148                    /usr/bin/processing-3.0/java/lib/amd64/libverify.so
7f7ef07d1000-7f7ef09d1000 ---p 0000d000 08:02 8012148                    /usr/bin/processing-3.0/java/lib/amd64/libverify.so
7f7ef09d1000-7f7ef09d3000 rw-p 0000d000 08:02 8012148                    /usr/bin/processing-3.0/java/lib/amd64/libverify.so
7f7ef09d3000-7f7ef09da000 r-xp 00000000 08:02 13635818                   /lib/x86_64-linux-gnu/librt-2.19.so
7f7ef09da000-7f7ef0bd9000 ---p 00007000 08:02 13635818                   /lib/x86_64-linux-gnu/librt-2.19.so
7f7ef0bd9000-7f7ef0bda000 r--p 00006000 08:02 13635818                   /lib/x86_64-linux-gnu/librt-2.19.so
7f7ef0bda000-7f7ef0bdb000 rw-p 00007000 08:02 13635818                   /lib/x86_64-linux-gnu/librt-2.19.so
7f7ef0bdb000-7f7ef0ce0000 r-xp 00000000 08:02 13635740                   /lib/x86_64-linux-gnu/libm-2.19.so
7f7ef0ce0000-7f7ef0edf000 ---p 00105000 08:02 13635740                   /lib/x86_64-linux-gnu/libm-2.19.so
7f7ef0edf000-7f7ef0ee0000 r--p 00104000 08:02 13635740                   /lib/x86_64-linux-gnu/libm-2.19.so
7f7ef0ee0000-7f7ef0ee1000 rw-p 00105000 08:02 13635740                   /lib/x86_64-linux-gnu/libm-2.19.so
7f7ef0ee1000-7f7ef1b8f000 r-xp 00000000 08:02 8012167                    /usr/bin/processing-3.0/java/lib/amd64/server/libjvm.so
7f7ef1b8f000-7f7ef1d8f000 ---p 00cae000 08:02 8012167                    /usr/bin/processing-3.0/java/lib/amd64/server/libjvm.so
7f7ef1d8f000-7f7ef1e66000 rw-p 00cae000 08:02 8012167                    /usr/bin/processing-3.0/java/lib/amd64/server/libjvm.so
7f7ef1e66000-7f7ef1eaa000 rw-p 00000000 00:00 0 
7f7ef1eaa000-7f7ef2065000 r-xp 00000000 08:02 13635690                   /lib/x86_64-linux-gnu/libc-2.19.so
7f7ef2065000-7f7ef2264000 ---p 001bb000 08:02 13635690                   /lib/x86_64-linux-gnu/libc-2.19.so
7f7ef2264000-7f7ef2268000 r--p 001ba000 08:02 13635690                   /lib/x86_64-linux-gnu/libc-2.19.so
7f7ef2268000-7f7ef226a000 rw-p 001be000 08:02 13635690                   /lib/x86_64-linux-gnu/libc-2.19.so
7f7ef226a000-7f7ef226f000 rw-p 00000000 00:00 0 
7f7ef226f000-7f7ef2272000 r-xp 00000000 08:02 13635707                   /lib/x86_64-linux-gnu/libdl-2.19.so
7f7ef2272000-7f7ef2471000 ---p 00003000 08:02 13635707                   /lib/x86_64-linux-gnu/libdl-2.19.so
7f7ef2471000-7f7ef2472000 r--p 00002000 08:02 13635707                   /lib/x86_64-linux-gnu/libdl-2.19.so
7f7ef2472000-7f7ef2473000 rw-p 00003000 08:02 13635707                   /lib/x86_64-linux-gnu/libdl-2.19.so
7f7ef2473000-7f7ef2488000 r-xp 00000000 08:02 8012145                    /usr/bin/processing-3.0/java/lib/amd64/jli/libjli.so
7f7ef2488000-7f7ef2688000 ---p 00015000 08:02 8012145                    /usr/bin/processing-3.0/java/lib/amd64/jli/libjli.so
7f7ef2688000-7f7ef2689000 rw-p 00015000 08:02 8012145                    /usr/bin/processing-3.0/java/lib/amd64/jli/libjli.so
7f7ef2689000-7f7ef26a2000 r-xp 00000000 08:02 13635810                   /lib/x86_64-linux-gnu/libpthread-2.19.so
7f7ef26a2000-7f7ef28a1000 ---p 00019000 08:02 13635810                   /lib/x86_64-linux-gnu/libpthread-2.19.so
7f7ef28a1000-7f7ef28a2000 r--p 00018000 08:02 13635810                   /lib/x86_64-linux-gnu/libpthread-2.19.so
7f7ef28a2000-7f7ef28a3000 rw-p 00019000 08:02 13635810                   /lib/x86_64-linux-gnu/libpthread-2.19.so
7f7ef28a3000-7f7ef28a7000 rw-p 00000000 00:00 0 
7f7ef28a7000-7f7ef28ca000 r-xp 00000000 08:02 13635666                   /lib/x86_64-linux-gnu/ld-2.19.so
7f7ef28ca000-7f7ef28cb000 r--s 00002000 08:02 4591935                    /home/akelly/sketchbook/libraries/minim/library/tritonus_aos.jar
7f7ef28cb000-7f7ef28cc000 r--s 00001000 08:02 6569033                    /usr/bin/processing-3.0/core/library/gluegen-rt-natives-macosx-universal.jar
7f7ef28cc000-7f7ef28ce000 r--s 00038000 08:02 6569032                    /usr/bin/processing-3.0/core/library/jogl-all-natives-windows-amd64.jar
7f7ef28ce000-7f7ef28cf000 r--s 00034000 08:02 6569031                    /usr/bin/processing-3.0/core/library/jogl-all-natives-linux-amd64.jar
7f7ef28cf000-7f7ef28d0000 r--s 00001000 08:02 6569036                    /usr/bin/processing-3.0/core/library/gluegen-rt-natives-windows-i586.jar
7f7ef28d0000-7f7ef29a1000 rw-p 00000000 00:00 0 
7f7ef29a1000-7f7ef29a4000 ---p 00000000 00:00 0 
7f7ef29a4000-7f7ef2aa6000 rw-p 00000000 00:00 0                          [stack:9275]
7f7ef2aa6000-7f7ef2aac000 r--s 0004a000 08:02 6569021                    /usr/bin/processing-3.0/core/library/gluegen-rt.jar
7f7ef2aac000-7f7ef2aad000 r--s 00000000 08:02 6569035                    /usr/bin/processing-3.0/core/library/gluegen-rt-natives-linux-armv6hf.jar
7f7ef2aad000-7f7ef2aae000 r--s 00031000 08:02 6569019                    /usr/bin/processing-3.0/core/library/jogl-all-natives-windows-i586.jar
7f7ef2aae000-7f7ef2aaf000 r--s 00001000 08:02 6569022                    /usr/bin/processing-3.0/core/library/gluegen-rt-natives-windows-amd64.jar
7f7ef2aaf000-7f7ef2ab1000 r--s 0006c000 08:02 6569020                    /usr/bin/processing-3.0/core/library/jogl-all-natives-macosx-universal.jar
7f7ef2ab1000-7f7ef2ab6000 r--s 000f0000 08:02 6569027                    /usr/bin/processing-3.0/core/library/core.jar
7f7ef2ab6000-7f7ef2ab8000 r--s 00000000 08:02 6569025                    /usr/bin/processing-3.0/core/library/gluegen-rt-natives-linux-amd64.jar
7f7ef2ab8000-7f7ef2ab9000 r--s 00026000 08:02 6569028                    /usr/bin/processing-3.0/core/library/jogl-all-natives-linux-armv6hf.jar
7f7ef2ab9000-7f7ef2aba000 r--s 00032000 08:02 6569024                    /usr/bin/processing-3.0/core/library/jogl-all-natives-linux-i586.jar
7f7ef2aba000-7f7ef2abc000 r--s 00000000 08:02 6569023                    /usr/bin/processing-3.0/core/library/gluegen-rt-natives-linux-i586.jar
7f7ef2abc000-7f7ef2abd000 rw-p 00000000 00:00 0 
7f7ef2abd000-7f7ef2ac5000 rw-s 00000000 08:02 4325390                    /tmp/hsperfdata_akelly/9273
7f7ef2ac5000-7f7ef2ac6000 rw-p 00000000 00:00 0 
7f7ef2ac6000-7f7ef2ac7000 r--p 00000000 00:00 0 
7f7ef2ac7000-7f7ef2ac9000 rw-p 00000000 00:00 0 
7f7ef2ac9000-7f7ef2aca000 r--p 00022000 08:02 13635666                   /lib/x86_64-linux-gnu/ld-2.19.so
7f7ef2aca000-7f7ef2acb000 rw-p 00023000 08:02 13635666                   /lib/x86_64-linux-gnu/ld-2.19.so
7f7ef2acb000-7f7ef2acc000 rw-p 00000000 00:00 0 
7ffc1cede000-7ffc1cf01000 rw-p 00000000 00:00 0                          [stack]
7ffc1cf63000-7ffc1cf65000 r--p 00000000 00:00 0                          [vvar]
7ffc1cf65000-7ffc1cf67000 r-xp 00000000 00:00 0                          [vdso]
ffffffffff600000-ffffffffff601000 r-xp 00000000 00:00 0                  [vsyscall]

VM Arguments:
jvm_args: -agentlib:jdwp=transport=dt_socket,address=8888,server=y,suspend=y -Djava.library.path=:/usr/bin/processing-3.0/core/library:/home/akelly/sketchbook/libraries/minim/library:/usr/java/packages/lib/amd64:/usr/lib64:/lib64:/lib:/usr/lib -ea 
java_command: processing.core.PApplet --display=1 --sketch-path=/home/akelly/sketchbook/_audioVisualizer/_audioVisualizer/build build
java_class_path (initial): /home/akelly/sketchbook/_audioVisualizer/_audioVisualizer/build/build-tmp:/usr/bin/processing-3.0/core/library/gluegen-rt-natives-linux-i586.jar:/usr/bin/processing-3.0/core/library/jogl-all-natives-linux-i586.jar:/usr/bin/processing-3.0/core/library/jogl-all-natives-linux-armv6hf.jar:/usr/bin/processing-3.0/core/library/gluegen-rt-natives-linux-amd64.jar:/usr/bin/processing-3.0/core/library/core.jar:/usr/bin/processing-3.0/core/library/jogl-all-natives-macosx-universal.jar:/usr/bin/processing-3.0/core/library/gluegen-rt-natives-windows-amd64.jar:/usr/bin/processing-3.0/core/library/jogl-all-natives-windows-i586.jar:/usr/bin/processing-3.0/core/library/gluegen-rt-natives-linux-armv6hf.jar:/usr/bin/processing-3.0/core/library/gluegen-rt.jar:/usr/bin/processing-3.0/core/library/gluegen-rt-natives-windows-i586.jar:/usr/bin/processing-3.0/core/library/jogl-all.jar:/usr/bin/processing-3.0/core/library/jogl-all-natives-linux-amd64.jar:/usr/bin/processing-3.0/core/library/jogl-all-natives-windows-amd64.jar:/usr/bin/processing-3.0/core/library/gluegen-java-src.zip:/usr/bin/processing-3.0/core/library/jogl-java-src.zip:/usr/bin/processing-3.0/core/library/gluegen-rt-natives-macosx-universal.jar:/usr/bin/processing-3.0/core/library/gluegen-rt-natives-linux-i586.jar:/usr/bin/processing-3.0/core/library/jogl-all-natives-linux-i586.jar:/usr/bin/processing-3.0/core/library/jogl-all-natives-linux-armv6hf.jar:/usr/bin/processing-3.0/core/library/gluegen-rt-natives-linux-amd64.jar:/usr/bin/processing-3.0/core/library/core.jar:/usr/bin/processing-3.0/core/library/jogl-all-natives-macosx-universal.jar:/usr/bin/processing-3.0/core/library/gluegen-rt-natives-windows-amd64.jar:/usr/bin/processing-3.0/core/library/jogl-all-natives-windows-i586.jar:/usr/bin/processing-3.0/core/library/gluegen-rt-natives-linux-armv6hf.jar:/usr/bin/processing-3.0/core/library/gluegen-rt.jar:/usr/bin/processing-3.0/core/library/gluegen-rt-natives-windows-i586.jar:/usr/bin/processi
Launcher Type: SUN_STANDARD

Environment Variables:
PATH=/usr/bin/processing-3.0/java/bin:/usr/local/sbin:/usr/local/bin:/usr/sbin:/usr/bin:/sbin:/bin:/usr/games:/usr/local/games
SHELL=/bin/bash
DISPLAY=:0

Signal Handlers:
SIGSEGV: [libjvm.so+0xaad540], sa_mask[0]=11111111011111111101111111111110, sa_flags=SA_RESTART|SA_SIGINFO
SIGBUS: [libjvm.so+0xaad540], sa_mask[0]=11111111011111111101111111111110, sa_flags=SA_RESTART|SA_SIGINFO
SIGFPE: [libjvm.so+0x90b6b0], sa_mask[0]=11111111011111111101111111111110, sa_flags=SA_RESTART|SA_SIGINFO
SIGPIPE: [libjvm.so+0x90b6b0], sa_mask[0]=11111111011111111101111111111110, sa_flags=SA_RESTART|SA_SIGINFO
SIGXFSZ: [libjvm.so+0x90b6b0], sa_mask[0]=11111111011111111101111111111110, sa_flags=SA_RESTART|SA_SIGINFO
SIGILL: [libjvm.so+0x90b6b0], sa_mask[0]=11111111011111111101111111111110, sa_flags=SA_RESTART|SA_SIGINFO
SIGUSR1: SIG_DFL, sa_mask[0]=00000000000000000000000000000000, sa_flags=none
SIGUSR2: [libjvm.so+0x90ccf0], sa_mask[0]=00100000000000000000000000000000, sa_flags=SA_RESTART|SA_SIGINFO
SIGHUP: [libjvm.so+0x90e040], sa_mask[0]=11111111011111111101111111111110, sa_flags=SA_RESTART|SA_SIGINFO
SIGINT: [libjvm.so+0x90e040], sa_mask[0]=11111111011111111101111111111110, sa_flags=SA_RESTART|SA_SIGINFO
SIGTERM: [libjvm.so+0x90e040], sa_mask[0]=11111111011111111101111111111110, sa_flags=SA_RESTART|SA_SIGINFO
SIGQUIT: [libjvm.so+0x90e040], sa_mask[0]=11111111011111111101111111111110, sa_flags=SA_RESTART|SA_SIGINFO


---------------  S Y S T E M  ---------------

OS:DISTRIB_ID=Ubuntu
DISTRIB_RELEASE=14.04
DISTRIB_CODENAME=trusty
DISTRIB_DESCRIPTION="Ubuntu 14.04.3 LTS"

uname:Linux 3.19.0-28-generic #30~14.04.1-Ubuntu SMP Tue Sep 1 09:32:55 UTC 2015 x86_64
libc:glibc 2.19 NPTL 2.19 
rlimit: STACK 8192k, CORE 0k, NPROC 63284, NOFILE 4096, AS infinity
load average:1.65 1.70 2.20

/proc/meminfo:
MemTotal:       16309452 kB
MemFree:        10510344 kB
MemAvailable:   11738860 kB
Buffers:          117320 kB
Cached:          1794032 kB
SwapCached:           48 kB
Active:          4674992 kB
Inactive:         853620 kB
Active(anon):    3738672 kB
Inactive(anon):   436328 kB
Active(file):     936320 kB
Inactive(file):   417292 kB
Unevictable:          92 kB
Mlocked:              92 kB
SwapTotal:      16653308 kB
SwapFree:       16584364 kB
Dirty:                96 kB
Writeback:             0 kB
AnonPages:       3617356 kB
Mapped:           553392 kB
Shmem:            557744 kB
Slab:             129408 kB
SReclaimable:      87696 kB
SUnreclaim:        41712 kB
KernelStack:       10368 kB
PageTables:        53924 kB
NFS_Unstable:          0 kB
Bounce:                0 kB
WritebackTmp:          0 kB
CommitLimit:    24808032 kB
Committed_AS:    9853572 kB
VmallocTotal:   34359738367 kB
VmallocUsed:      384832 kB
VmallocChunk:   34359343192 kB
HardwareCorrupted:     0 kB
AnonHugePages:   1507328 kB
CmaTotal:              0 kB
CmaFree:               0 kB
HugePages_Total:       0
HugePages_Free:        0
HugePages_Rsvd:        0
HugePages_Surp:        0
Hugepagesize:       2048 kB
DirectMap4k:      200108 kB
DirectMap2M:    12259328 kB
DirectMap1G:     4194304 kB


CPU:total 4 (2 cores per cpu, 2 threads per core) family 6 model 61 stepping 4, cmov, cx8, fxsr, mmx, sse, sse2, sse3, ssse3, sse4.1, sse4.2, popcnt, avx, avx2, aes, clmul, erms, rtm, 3dnowpref, lzcnt, ht, tsc, tscinvbit, bmi1, bmi2, adx

/proc/cpuinfo:
processor	: 0
vendor_id	: GenuineIntel
cpu family	: 6
model		: 61
model name	: Intel(R) Core(TM) i7-5600U CPU @ 2.60GHz
stepping	: 4
microcode	: 0x19
cpu MHz		: 2342.335
cache size	: 4096 KB
physical id	: 0
siblings	: 4
core id		: 0
cpu cores	: 2
apicid		: 0
initial apicid	: 0
fpu		: yes
fpu_exception	: yes
cpuid level	: 20
wp		: yes
flags		: fpu vme de pse tsc msr pae mce cx8 apic sep mtrr pge mca cmov pat pse36 clflush dts acpi mmx fxsr sse sse2 ss ht tm pbe syscall nx pdpe1gb rdtscp lm constant_tsc arch_perfmon pebs bts rep_good nopl xtopology nonstop_tsc aperfmperf eagerfpu pni pclmulqdq dtes64 monitor ds_cpl vmx smx est tm2 ssse3 fma cx16 xtpr pdcm pcid sse4_1 sse4_2 x2apic movbe popcnt tsc_deadline_timer aes xsave avx f16c rdrand lahf_lm abm 3dnowprefetch ida arat epb pln pts dtherm tpr_shadow vnmi flexpriority ept vpid fsgsbase tsc_adjust bmi1 hle avx2 smep bmi2 erms invpcid rtm rdseed adx smap xsaveopt
bugs		:
bogomips	: 5188.48
clflush size	: 64
cache_alignment	: 64
address sizes	: 39 bits physical, 48 bits virtual
power management:

processor	: 1
vendor_id	: GenuineIntel
cpu family	: 6
model		: 61
model name	: Intel(R) Core(TM) i7-5600U CPU @ 2.60GHz
stepping	: 4
microcode	: 0x19
cpu MHz		: 2302.218
cache size	: 4096 KB
physical id	: 0
siblings	: 4
core id		: 0
cpu cores	: 2
apicid		: 1
initial apicid	: 1
fpu		: yes
fpu_exception	: yes
cpuid level	: 20
wp		: yes
flags		: fpu vme de pse tsc msr pae mce cx8 apic sep mtrr pge mca cmov pat pse36 clflush dts acpi mmx fxsr sse sse2 ss ht tm pbe syscall nx pdpe1gb rdtscp lm constant_tsc arch_perfmon pebs bts rep_good nopl xtopology nonstop_tsc aperfmperf eagerfpu pni pclmulqdq dtes64 monitor ds_cpl vmx smx est tm2 ssse3 fma cx16 xtpr pdcm pcid sse4_1 sse4_2 x2apic movbe popcnt tsc_deadline_timer aes xsave avx f16c rdrand lahf_lm abm 3dnowprefetch ida arat epb pln pts dtherm tpr_shadow vnmi flexpriority ept vpid fsgsbase tsc_adjust bmi1 hle avx2 smep bmi2 erms invpcid rtm rdseed adx smap xsaveopt
bugs		:
bogomips	: 5188.48
clflush size	: 64
cache_alignment	: 64
address sizes	: 39 bits physical, 48 bits virtual
power management:

processor	: 2
vendor_id	: GenuineIntel
cpu family	: 6
model		: 61
model name	: Intel(R) Core(TM) i7-5600U CPU @ 2.60GHz
stepping	: 4
microcode	: 0x19
cpu MHz		: 2350.359
cache size	: 4096 KB
physical id	: 0
siblings	: 4
core id		: 1
cpu cores	: 2
apicid		: 2
initial apicid	: 2
fpu		: yes
fpu_exception	: yes
cpuid level	: 20
wp		: yes
flags		: fpu vme de pse tsc msr pae mce cx8 apic sep mtrr pge mca cmov pat pse36 clflush dts acpi mmx fxsr sse sse2 ss ht tm pbe syscall nx pdpe1gb rdtscp lm constant_tsc arch_perfmon pebs bts rep_good nopl xtopology nonstop_tsc aperfmperf eagerfpu pni pclmulqdq dtes64 monitor ds_cpl vmx smx est tm2 ssse3 fma cx16 xtpr pdcm pcid sse4_1 sse4_2 x2apic movbe popcnt tsc_deadline_timer aes xsave avx f16c rdrand lahf_lm abm 3dnowprefetch ida arat epb pln pts dtherm tpr_shadow vnmi flexpriority ept vpid fsgsbase tsc_adjust bmi1 hle avx2 smep bmi2 erms invpcid rtm rdseed adx smap xsaveopt
bugs		:
bogomips	: 5188.48
clflush size	: 64
cache_alignment	: 64
address sizes	: 39 bits physical, 48 bits virtual
power management:

processor	: 3
vendor_id	: GenuineIntel
cpu family	: 6
model		: 61
model name	: Intel(R) Core(TM) i7-5600U CPU @ 2.60GHz
stepping	: 4
microcode	: 0x19
cpu MHz		: 2316.234
cache size	: 4096 KB
physical id	: 0
siblings	: 4
core id		: 1
cpu cores	: 2
apicid		: 3
initial apicid	: 3
fpu		: yes
fpu_exception	: yes
cpuid level	: 20
wp		: yes
flags		: fpu vme de pse tsc msr pae mce cx8 apic sep mtrr pge mca cmov pat pse36 clflush dts acpi mmx fxsr sse sse2 ss ht tm pbe syscall nx pdpe1gb rdtscp lm constant_tsc arch_perfmon pebs bts rep_good nopl xtopology nonstop_tsc aperfmperf eagerfpu pni pclmulqdq dtes64 monitor ds_cpl vmx smx est tm2 ssse3 fma cx16 xtpr pdcm pcid sse4_1 sse4_2 x2apic movbe popcnt tsc_deadline_timer aes xsave avx f16c rdrand lahf_lm abm 3dnowprefetch ida arat epb pln pts dtherm tpr_shadow vnmi flexpriority ept vpid fsgsbase tsc_adjust bmi1 hle avx2 smep bmi2 erms invpcid rtm rdseed adx smap xsaveopt
bugs		:
bogomips	: 5188.48
clflush size	: 64
cache_alignment	: 64
address sizes	: 39 bits physical, 48 bits virtual
power management:



Memory: 4k page, physical 16309452k(10510344k free), swap 16653308k(16584364k free)

vm_info: Java HotSpot(TM) 64-Bit Server VM (25.51-b03) for linux-amd64 JRE (1.8.0_51-b16), built on Jun  8 2015 19:28:07 by "java_re" with gcc 4.3.0 20080428 (Red Hat 4.3.0-8)

time: Sat Oct 10 15:58:29 2015
elapsed time: 180 seconds (0d 0h 3m 0s)

