#
# A fatal error has been detected by the Java Runtime Environment:
#
#  SIGSEGV (0xb) at pc=0x00007fa51ceaa998, pid=9399, tid=140347592419072
#
# JRE version: Java(TM) SE Runtime Environment (8.0_51-b16) (build 1.8.0_51-b16)
# Java VM: Java HotSpot(TM) 64-Bit Server VM (25.51-b03 mixed mode linux-amd64 compressed oops)
# Problematic frame:
# C  [i965_dri.so+0x3c9998]
#
# Failed to write core dump. Core dumps have been disabled. To enable core dumping, try "ulimit -c unlimited" before starting Java again
#
# If you would like to submit a bug report, please visit:
#   http://bugreport.java.com/bugreport/crash.jsp
# The crash happened outside the Java Virtual Machine in native code.
# See problematic frame for where to report the bug.
#

---------------  T H R E A D  ---------------

Current thread (0x00007fa5946c5800):  JavaThread "main-Display-.x11_:0-1-EDT-1" daemon [_thread_in_native, id=9439, stack(0x00007fa538542000,0x00007fa538643000)]

siginfo: si_signo: 11 (SIGSEGV), si_code: 1 (SEGV_MAPERR), si_addr: 0x0000000100000000

Registers:
RAX=0x00007fa51ceaa990, RBX=0x00007fa50004f900, RCX=0x0000000000000000, RDX=0x0000000000000001
RSP=0x00007fa538640520, RBP=0x00007fa518022360, RSI=0x00007fa50004f9e0, RDI=0x0000000100000000
R8 =0x0000000000000000, R9 =0x00007fa51fdb0fc0, R10=0x00007fa5849da9c7, R11=0x00000006c78d04a8
R12=0x00007fa51801fe70, R13=0x0000000000000000, R14=0x00007fa518023550, R15=0x0000000000000000
RIP=0x00007fa51ceaa998, EFLAGS=0x0000000000010202, CSGSFS=0x0000000000000033, ERR=0x0000000000000004
  TRAPNO=0x000000000000000e

Top of Stack: (sp=0x00007fa538640520)
0x00007fa538640520:   00007fa538640610 0000000000000000
0x00007fa538640530:   00007fa50004f900 00007fa518022360
0x00007fa538640540:   00007fa51801fe70 00007fa51fdb104e
0x00007fa538640550:   00007fa538640588 00007fa51fffe660
0x00007fa538640560:   00007fa518014d00 00007fa500000000
0x00007fa538640570:   0000000000000000 0000000000000000
0x00007fa538640580:   00007fa538640890 00007fa50004f900
0x00007fa538640590:   0000000004200002 00000007c0122058
0x00007fa5386405a0:   00007fa538640610 0000000000000000
0x00007fa5386405b0:   00007fa5386408a8 00007fa538640650
0x00007fa5386405c0:   00007fa5946c5800 00007fa51e4c3ba7
0x00007fa5386405d0:   00007fa544019750 00007fa51fd8aab0
0x00007fa5386405e0:   0000000004200002 00007fa518014d00
0x00007fa5386405f0:   00007fa538640650 00007fa5946c59f8
0x00007fa538640600:   00007fa538270a60 00007fa51fd8aab0
0x00007fa538640610:   00007fa538640660 00007fa5849daa3d
0x00007fa538640620:   fffffffe00000000 0000000000000000
0x00007fa538640630:   0000000000000000 00007fa544019b28
0x00007fa538640640:   00000000000003d8 0000000000001388
0x00007fa538640650:   00000006c7630300 0000000000001388
0x00007fa538640660:   00007fa5386408f0 00007fa5846da9bc
0x00007fa538640670:   00000006c78d0498 00007fa5946c5800
0x00007fa538640680:   0000000000000000 0000000000000000
0x00007fa538640690:   0000000000000007 00007fa58484ccd4
0x00007fa5386406a0:   0000000000000007 00007fa58497e4ec
0x00007fa5386406b0:   00007fa5845ae5d0 00000006c78d0488
0x00007fa5386406c0:   00000006c78d0498 00000006c78d04a8
0x00007fa5386406d0:   00007fa5d8f1a095 00007fa5845d6f03
0x00007fa5386406e0:   0000000000000031 00007fa500000000
0x00007fa5386406f0:   00007fa5386408f0 00007fa584d474e4
0x00007fa538640700:   00007fa5386408a8 00007fa5845d6f03
0x00007fa538640710:   00007fa5845ae5d0 00007fa500000000 

Instructions: (pc=0x00007fa51ceaa998)
0x00007fa51ceaa978:   0f 1f 84 00 00 00 00 00 48 83 c4 10 5b 5d 41 5c
0x00007fa51ceaa988:   c3 0f 1f 80 00 00 00 00 41 54 55 53 48 83 ec 10
0x00007fa51ceaa998:   48 8b 1f 48 85 db 74 3d f6 83 48 05 00 00 01 49
0x00007fa51ceaa9a8:   89 f4 89 cd 75 72 83 e2 01 75 5d 83 e5 fd 74 38 

Register to memory mapping:

RAX=0x00007fa51ceaa990: <offset 0x3c9990> in /usr/lib/x86_64-linux-gnu/dri/i965_dri.so at 0x00007fa51cae1000
RBX=0x00007fa50004f900 is an unknown value
RCX=0x0000000000000000 is an unknown value
RDX=0x0000000000000001 is an unknown value
RSP=0x00007fa538640520 is pointing into the stack for thread: 0x00007fa5946c5800
RBP=0x00007fa518022360 is an unknown value
RSI=0x00007fa50004f9e0 is an unknown value
RDI=0x0000000100000000 is an unknown value
R8 =0x0000000000000000 is an unknown value
R9 =0x00007fa51fdb0fc0: <offset 0x42fc0> in /usr/lib/x86_64-linux-gnu/mesa/libGL.so.1 at 0x00007fa51fd6e000
R10=0x00007fa5849da9c7 is at entry_point+71 in (nmethod*)0x00007fa5849da810
R11=0x00000006c78d04a8 is an oop
jogamp.common.util.locks.RecursiveLockImpl01Unfairish$SingleThreadSync 
 - klass: 'jogamp/common/util/locks/RecursiveLockImpl01Unfairish$SingleThreadSync'
R12=0x00007fa51801fe70 is an unknown value
R13=0x0000000000000000 is an unknown value
R14=0x00007fa518023550 is an unknown value
R15=0x0000000000000000 is an unknown value


Stack: [0x00007fa538542000,0x00007fa538643000],  sp=0x00007fa538640520,  free space=1017k
Native frames: (J=compiled Java code, j=interpreted, Vv=VM code, C=native code)
C  [i965_dri.so+0x3c9998]

Java frames: (J=compiled Java code, j=interpreted, Vv=VM code)
J 2118  jogamp.opengl.x11.glx.GLX.dispatch_glXSwapBuffers0(JJJ)V (0 bytes) @ 0x00007fa5849da9c7 [0x00007fa5849da980+0x47]
J 2117 C1 jogamp.opengl.x11.glx.GLX.glXSwapBuffers(JJ)V (45 bytes) @ 0x00007fa5846da9bc [0x00007fa5846d9fa0+0xa1c]
J 2116 C1 jogamp.opengl.x11.glx.X11GLXDrawable.swapBuffersImpl(Z)V (21 bytes) @ 0x00007fa58482918c [0x00007fa584828ee0+0x2ac]
J 2115 C1 jogamp.opengl.GLDrawableImpl.swapBuffers()V (138 bytes) @ 0x00007fa584c162f4 [0x00007fa584c15c20+0x6d4]
j  jogamp.opengl.GLAutoDrawableBase.defaultSwapBuffers()V+23
j  com.jogamp.newt.opengl.GLWindow.swapBuffers()V+1
j  processing.opengl.PJOGL.swapBuffers()V+15
j  processing.opengl.PGraphicsOpenGL.dispose()V+15
j  processing.core.PApplet.dispose()V+28
j  processing.opengl.PSurfaceJOGL$NEWTWindowListener.windowDestroyNotify(Lcom/jogamp/newt/event/WindowEvent;)V+7
j  jogamp.newt.WindowImpl.consumeWindowEvent(Lcom/jogamp/newt/event/WindowEvent;)V+254
j  jogamp.newt.WindowImpl.sendWindowEvent(I)V+14
j  jogamp.newt.WindowImpl$1.run()V+143
j  jogamp.newt.DisplayImpl.runOnEDTIfAvail(ZLjava/lang/Runnable;)V+172
j  jogamp.newt.WindowImpl.runOnEDTIfAvail(ZLjava/lang/Runnable;)V+36
j  jogamp.newt.WindowImpl.destroy()V+11
j  com.jogamp.newt.opengl.GLWindow.destroy()V+4
j  jogamp.opengl.GLAutoDrawableBase.destroyAvoidAwareOfLocking()V+31
j  jogamp.opengl.GLAutoDrawableBase.defaultWindowDestroyNotifyOp()V+43
j  com.jogamp.newt.opengl.GLWindow.access$000(Lcom/jogamp/newt/opengl/GLWindow;)V+1
j  com.jogamp.newt.opengl.GLWindow$1.run()V+4
j  jogamp.newt.WindowImpl.windowDestroyNotify(Z)Z+147
v  ~StubRoutines::call_stub
J 1560  jogamp.newt.driver.x11.DisplayDriver.DispatchMessages0(JJJII)V (0 bytes) @ 0x00007fa584b4a7bf [0x00007fa584b4a780+0x3f]
J 2180 C2 jogamp.newt.driver.x11.DisplayDriver.dispatchMessagesNative()V (66 bytes) @ 0x00007fa584977224 [0x00007fa5849770c0+0x164]
J 2181 C2 jogamp.newt.DisplayImpl$7.run()V (8 bytes) @ 0x00007fa584860de4 [0x00007fa584860d80+0x64]
j  jogamp.newt.DefaultEDTUtil$NEDT.run()V+67
v  ~StubRoutines::call_stub

---------------  P R O C E S S  ---------------

Java Threads: ( => current thread )
  0x00007fa500132000 JavaThread "Thread-6" [_thread_in_native, id=9461, stack(0x00007fa512210000,0x00007fa512311000)]
  0x00007fa50011d000 JavaThread "Java Sound Event Dispatcher" daemon [_thread_blocked, id=9456, stack(0x00007fa512311000,0x00007fa512412000)]
  0x00007fa59400f800 JavaThread "DestroyJavaVM" [_thread_blocked, id=9401, stack(0x00007fa59af50000,0x00007fa59b051000)]
  0x00007fa59472c000 JavaThread "Thread-2" [_thread_blocked, id=9442, stack(0x00007fa51c0a7000,0x00007fa51c1a8000)]
  0x00007fa59471c000 JavaThread "main-SharedResourceRunner" daemon [_thread_blocked, id=9441, stack(0x00007fa51d264000,0x00007fa51d365000)]
  0x00007fa5946f7000 JavaThread "main-SharedResourceRunner" daemon [_thread_blocked, id=9440, stack(0x00007fa53803e000,0x00007fa53813f000)]
=>0x00007fa5946c5800 JavaThread "main-Display-.x11_:0-1-EDT-1" daemon [_thread_in_native, id=9439, stack(0x00007fa538542000,0x00007fa538643000)]
  0x00007fa5942a4000 JavaThread "AWT-XAWT" daemon [_thread_in_native, id=9428, stack(0x00007fa53a276000,0x00007fa53a377000)]
  0x00007fa594284000 JavaThread "Java2D Disposer" daemon [_thread_blocked, id=9427, stack(0x00007fa5780a3000,0x00007fa5781a4000)]
  0x00007fa5940e1000 JavaThread "Service Thread" daemon [_thread_blocked, id=9425, stack(0x00007fa578577000,0x00007fa578678000)]
  0x00007fa5940d3800 JavaThread "C1 CompilerThread2" daemon [_thread_blocked, id=9424, stack(0x00007fa578678000,0x00007fa578779000)]
  0x00007fa5940d1800 JavaThread "C2 CompilerThread1" daemon [_thread_blocked, id=9423, stack(0x00007fa578779000,0x00007fa57887a000)]
  0x00007fa5940ce800 JavaThread "C2 CompilerThread0" daemon [_thread_blocked, id=9422, stack(0x00007fa57887a000,0x00007fa57897b000)]
  0x00007fa558001000 JavaThread "JDWP Command Reader" daemon [_thread_in_native, id=9416, stack(0x00007fa57897b000,0x00007fa578a7c000)]
  0x00007fa5940cc800 JavaThread "JDWP Event Helper Thread" daemon [_thread_blocked, id=9412, stack(0x00007fa578a7c000,0x00007fa578b7d000)]
  0x00007fa5940c9000 JavaThread "JDWP Transport Listener: dt_socket" daemon [_thread_blocked, id=9411, stack(0x00007fa578b7d000,0x00007fa578c7e000)]
  0x00007fa5940bb800 JavaThread "Signal Dispatcher" daemon [_thread_blocked, id=9409, stack(0x00007fa578e82000,0x00007fa578f83000)]
  0x00007fa594084800 JavaThread "Finalizer" daemon [_thread_blocked, id=9408, stack(0x00007fa578f83000,0x00007fa579084000)]
  0x00007fa594082800 JavaThread "Reference Handler" daemon [_thread_blocked, id=9407, stack(0x00007fa579084000,0x00007fa579185000)]

Other Threads:
  0x00007fa59407d000 VMThread [stack: 0x00007fa579185000,0x00007fa579286000] [id=9406]
  0x00007fa5940e3800 WatcherThread [stack: 0x00007fa578476000,0x00007fa578577000] [id=9426]

VM state:not at safepoint (normal execution)

VM Mutex/Monitor currently owned by a thread: None

Heap:
 PSYoungGen      total 124928K, used 107003K [0x000000076d100000, 0x00000007b6180000, 0x00000007c0000000)
  eden space 124416K, 85% used [0x000000076d100000,0x0000000773976e78,0x0000000774a80000)
  from space 512K, 6% used [0x00000007b6080000,0x00000007b6088000,0x00000007b6100000)
  to   space 512K, 0% used [0x00000007b6100000,0x00000007b6100000,0x00000007b6180000)
 ParOldGen       total 171008K, used 12958K [0x00000006c7200000, 0x00000006d1900000, 0x000000076d100000)
  object space 171008K, 7% used [0x00000006c7200000,0x00000006c7ea7a28,0x00000006d1900000)
 Metaspace       used 17656K, capacity 17874K, committed 18048K, reserved 1064960K
  class space    used 1570K, capacity 1662K, committed 1664K, reserved 1048576K

Card table byte_map: [0x00007fa583a21000,0x00007fa5841e9000] byte_map_base: 0x00007fa5803e8000

Marking Bits: (ParMarkBitMap*) 0x00007fa59a42e660
 Begin Bits: [0x00007fa57b47d000, 0x00007fa57f2b5000)
 End Bits:   [0x00007fa57f2b5000, 0x00007fa5830ed000)

Polling page: 0x00007fa59b075000

CodeCache: size=245760Kb used=6841Kb max_used=8036Kb free=238918Kb
 bounds [0x00007fa5845a9000, 0x00007fa584da9000, 0x00007fa5935a9000]
 total_blobs=2716 nmethods=1761 adapters=877
 compilation: enabled

Compilation events (10 events):
Event: 82.474 Thread 0x00007fa5940ce800 2201       4       processing.opengl.PGraphicsOpenGL$TessGeometry::clear (112 bytes)
Event: 82.475 Thread 0x00007fa5940ce800 nmethod 2201 0x00007fa584a8f150 code [0x00007fa584a8f2a0, 0x00007fa584a8f418]
Event: 85.265 Thread 0x00007fa5940d3800 2202       3       sun.util.logging.PlatformLogger::isLoggable (38 bytes)
Event: 85.266 Thread 0x00007fa5940d3800 nmethod 2202 0x00007fa58499c450 code [0x00007fa58499c600, 0x00007fa58499ca48]
Event: 89.697 Thread 0x00007fa5940d1800 2203       4       processing.opengl.PGraphicsOpenGL::flush (310 bytes)
Event: 90.003 Thread 0x00007fa5940d1800 nmethod 2203 0x00007fa584d8cc90 code [0x00007fa584d8d660, 0x00007fa584d954e0]
Event: 92.401 Thread 0x00007fa5940ce800 2204       4       processing.opengl.PShader::bindTyped (515 bytes)
Event: 92.452 Thread 0x00007fa5940ce800 nmethod 2204 0x00007fa584a3acd0 code [0x00007fa584a3b000, 0x00007fa584a3c3a0]
Event: 95.776 Thread 0x00007fa5940d3800 2205       3       java.util.concurrent.locks.ReentrantLock$Sync::nonfairTryAcquire (67 bytes)
Event: 95.776 Thread 0x00007fa5940d3800 nmethod 2205 0x00007fa584bea6d0 code [0x00007fa584bea880, 0x00007fa584beafe8]

GC Heap History (10 events):
Event: 108.193 GC heap before
{Heap before GC invocations=525 (full 0):
 PSYoungGen      total 93696K, used 93280K [0x000000076d100000, 0x00000007b6180000, 0x00000007c0000000)
  eden space 93184K, 100% used [0x000000076d100000,0x0000000772c00000,0x0000000772c00000)
  from space 512K, 18% used [0x00000007b6100000,0x00000007b6118000,0x00000007b6180000)
  to   space 512K, 0% used [0x00000007b6080000,0x00000007b6080000,0x00000007b6100000)
 ParOldGen       total 171008K, used 12958K [0x00000006c7200000, 0x00000006d1900000, 0x000000076d100000)
  object space 171008K, 7% used [0x00000006c7200000,0x00000006c7ea7a28,0x00000006d1900000)
 Metaspace       used 17655K, capacity 17874K, committed 18048K, reserved 1064960K
  class space    used 1570K, capacity 1662K, committed 1664K, reserved 1048576K
Event: 108.194 GC heap after
Heap after GC invocations=525 (full 0):
 PSYoungGen      total 91136K, used 96K [0x000000076d100000, 0x00000007b6180000, 0x00000007c0000000)
  eden space 90624K, 0% used [0x000000076d100000,0x000000076d100000,0x0000000772980000)
  from space 512K, 18% used [0x00000007b6080000,0x00000007b6098000,0x00000007b6100000)
  to   space 512K, 0% used [0x00000007b6100000,0x00000007b6100000,0x00000007b6180000)
 ParOldGen       total 171008K, used 12958K [0x00000006c7200000, 0x00000006d1900000, 0x000000076d100000)
  object space 171008K, 7% used [0x00000006c7200000,0x00000006c7ea7a28,0x00000006d1900000)
 Metaspace       used 17655K, capacity 17874K, committed 18048K, reserved 1064960K
  class space    used 1570K, capacity 1662K, committed 1664K, reserved 1048576K
}
Event: 108.305 GC heap before
{Heap before GC invocations=526 (full 0):
 PSYoungGen      total 91136K, used 90720K [0x000000076d100000, 0x00000007b6180000, 0x00000007c0000000)
  eden space 90624K, 100% used [0x000000076d100000,0x0000000772980000,0x0000000772980000)
  from space 512K, 18% used [0x00000007b6080000,0x00000007b6098000,0x00000007b6100000)
  to   space 512K, 0% used [0x00000007b6100000,0x00000007b6100000,0x00000007b6180000)
 ParOldGen       total 171008K, used 12958K [0x00000006c7200000, 0x00000006d1900000, 0x000000076d100000)
  object space 171008K, 7% used [0x00000006c7200000,0x00000006c7ea7a28,0x00000006d1900000)
 Metaspace       used 17655K, capacity 17874K, committed 18048K, reserved 1064960K
  class space    used 1570K, capacity 1662K, committed 1664K, reserved 1048576K
Event: 108.307 GC heap after
Heap after GC invocations=526 (full 0):
 PSYoungGen      total 88576K, used 64K [0x000000076d100000, 0x00000007b6180000, 0x00000007c0000000)
  eden space 88064K, 0% used [0x000000076d100000,0x000000076d100000,0x0000000772700000)
  from space 512K, 12% used [0x00000007b6100000,0x00000007b6110000,0x00000007b6180000)
  to   space 512K, 0% used [0x00000007b6080000,0x00000007b6080000,0x00000007b6100000)
 ParOldGen       total 171008K, used 12958K [0x00000006c7200000, 0x00000006d1900000, 0x000000076d100000)
  object space 171008K, 7% used [0x00000006c7200000,0x00000006c7ea7a28,0x00000006d1900000)
 Metaspace       used 17655K, capacity 17874K, committed 18048K, reserved 1064960K
  class space    used 1570K, capacity 1662K, committed 1664K, reserved 1048576K
}
Event: 108.462 GC heap before
{Heap before GC invocations=527 (full 0):
 PSYoungGen      total 88576K, used 88128K [0x000000076d100000, 0x00000007b6180000, 0x00000007c0000000)
  eden space 88064K, 100% used [0x000000076d100000,0x0000000772700000,0x0000000772700000)
  from space 512K, 12% used [0x00000007b6100000,0x00000007b6110000,0x00000007b6180000)
  to   space 512K, 0% used [0x00000007b6080000,0x00000007b6080000,0x00000007b6100000)
 ParOldGen       total 171008K, used 12958K [0x00000006c7200000, 0x00000006d1900000, 0x000000076d100000)
  object space 171008K, 7% used [0x00000006c7200000,0x00000006c7ea7a28,0x00000006d1900000)
 Metaspace       used 17655K, capacity 17874K, committed 18048K, reserved 1064960K
  class space    used 1570K, capacity 1662K, committed 1664K, reserved 1048576K
Event: 108.463 GC heap after
Heap after GC invocations=527 (full 0):
 PSYoungGen      total 86528K, used 64K [0x000000076d100000, 0x00000007b6180000, 0x00000007c0000000)
  eden space 86016K, 0% used [0x000000076d100000,0x000000076d100000,0x0000000772500000)
  from space 512K, 12% used [0x00000007b6080000,0x00000007b6090000,0x00000007b6100000)
  to   space 512K, 0% used [0x00000007b6100000,0x00000007b6100000,0x00000007b6180000)
 ParOldGen       total 171008K, used 12958K [0x00000006c7200000, 0x00000006d1900000, 0x000000076d100000)
  object space 171008K, 7% used [0x00000006c7200000,0x00000006c7ea7a28,0x00000006d1900000)
 Metaspace       used 17655K, capacity 17874K, committed 18048K, reserved 1064960K
  class space    used 1570K, capacity 1662K, committed 1664K, reserved 1048576K
}
Event: 108.560 GC heap before
{Heap before GC invocations=528 (full 0):
 PSYoungGen      total 86528K, used 86080K [0x000000076d100000, 0x00000007b6180000, 0x00000007c0000000)
  eden space 86016K, 100% used [0x000000076d100000,0x0000000772500000,0x0000000772500000)
  from space 512K, 12% used [0x00000007b6080000,0x00000007b6090000,0x00000007b6100000)
  to   space 512K, 0% used [0x00000007b6100000,0x00000007b6100000,0x00000007b6180000)
 ParOldGen       total 171008K, used 12958K [0x00000006c7200000, 0x00000006d1900000, 0x000000076d100000)
  object space 171008K, 7% used [0x00000006c7200000,0x00000006c7ea7a28,0x00000006d1900000)
 Metaspace       used 17655K, capacity 17874K, committed 18048K, reserved 1064960K
  class space    used 1570K, capacity 1662K, committed 1664K, reserved 1048576K
Event: 108.561 GC heap after
Heap after GC invocations=528 (full 0):
 PSYoungGen      total 103936K, used 96K [0x000000076d100000, 0x00000007b6180000, 0x00000007c0000000)
  eden space 103424K, 0% used [0x000000076d100000,0x000000076d100000,0x0000000773600000)
  from space 512K, 18% used [0x00000007b6100000,0x00000007b6118000,0x00000007b6180000)
  to   space 512K, 0% used [0x00000007b6080000,0x00000007b6080000,0x00000007b6100000)
 ParOldGen       total 171008K, used 12958K [0x00000006c7200000, 0x00000006d1900000, 0x000000076d100000)
  object space 171008K, 7% used [0x00000006c7200000,0x00000006c7ea7a28,0x00000006d1900000)
 Metaspace       used 17655K, capacity 17874K, committed 18048K, reserved 1064960K
  class space    used 1570K, capacity 1662K, committed 1664K, reserved 1048576K
}
Event: 108.749 GC heap before
{Heap before GC invocations=529 (full 0):
 PSYoungGen      total 103936K, used 103520K [0x000000076d100000, 0x00000007b6180000, 0x00000007c0000000)
  eden space 103424K, 100% used [0x000000076d100000,0x0000000773600000,0x0000000773600000)
  from space 512K, 18% used [0x00000007b6100000,0x00000007b6118000,0x00000007b6180000)
  to   space 512K, 0% used [0x00000007b6080000,0x00000007b6080000,0x00000007b6100000)
 ParOldGen       total 171008K, used 12958K [0x00000006c7200000, 0x00000006d1900000, 0x000000076d100000)
  object space 171008K, 7% used [0x00000006c7200000,0x00000006c7ea7a28,0x00000006d1900000)
 Metaspace       used 17655K, capacity 17874K, committed 18048K, reserved 1064960K
  class space    used 1570K, capacity 1662K, committed 1664K, reserved 1048576K
Event: 108.751 GC heap after
Heap after GC invocations=529 (full 0):
 PSYoungGen      total 124928K, used 32K [0x000000076d100000, 0x00000007b6180000, 0x00000007c0000000)
  eden space 124416K, 0% used [0x000000076d100000,0x000000076d100000,0x0000000774a80000)
  from space 512K, 6% used [0x00000007b6080000,0x00000007b6088000,0x00000007b6100000)
  to   space 512K, 0% used [0x00000007b6100000,0x00000007b6100000,0x00000007b6180000)
 ParOldGen       total 171008K, used 12958K [0x00000006c7200000, 0x00000006d1900000, 0x000000076d100000)
  object space 171008K, 7% used [0x00000006c7200000,0x00000006c7ea7a28,0x00000006d1900000)
 Metaspace       used 17655K, capacity 17874K, committed 18048K, reserved 1064960K
  class space    used 1570K, capacity 1662K, committed 1664K, reserved 1048576K
}

Deoptimization events (10 events):
Event: 1.536 Thread 0x00007fa5946f7000 Uncommon trap: reason=class_check action=maybe_recompile pc=0x00007fa58492e144 method=com.jogamp.common.os.DynamicLibraryBundle.dynamicLookupFunction(Ljava/lang/String;)J @ 80
Event: 1.536 Thread 0x00007fa5946f7000 Uncommon trap: reason=class_check action=maybe_recompile pc=0x00007fa58491ff30 method=com.jogamp.common.os.DynamicLibraryBundle.toolDynamicLookupFunction(Ljava/lang/String;)J @ 18
Event: 1.654 Thread 0x00007fa59400f800 Uncommon trap: reason=unstable_if action=reinterpret pc=0x00007fa584942eac method=java.lang.reflect.AccessibleObject.setAccessible0(Ljava/lang/reflect/AccessibleObject;Z)V @ 4
Event: 1.789 Thread 0x00007fa594726800 Uncommon trap: reason=unstable_if action=reinterpret pc=0x00007fa5848615b4 method=sun.misc.MetaIndex.mayContain(Ljava/lang/String;)Z @ 38
Event: 1.860 Thread 0x00007fa594726800 Uncommon trap: reason=unstable_if action=reinterpret pc=0x00007fa58497560c method=javax.sound.sampled.AudioFormat.matches(Ljavax/sound/sampled/AudioFormat;)Z @ 112
Event: 1.881 Thread 0x00007fa500132000 Uncommon trap: reason=unstable_if action=reinterpret pc=0x00007fa58497a140 method=ddf.minim.javasound.FloatSampleTools.quantize16(FF)I @ 42
Event: 12.229 Thread 0x00007fa594726800 Uncommon trap: reason=unstable_if action=reinterpret pc=0x00007fa584cb6e40 method=processing.core.PApplet.constrain(FFF)F @ 13
Event: 12.229 Thread 0x00007fa594726800 Uncommon trap: reason=unstable_if action=reinterpret pc=0x00007fa584c6c7c4 method=sun.misc.FloatingDecimal$BinaryToASCIIBuffer.dtoa(IJIZ)V @ 116
Event: 12.229 Thread 0x00007fa594726800 Uncommon trap: reason=unstable_if action=reinterpret pc=0x00007fa584cd20b0 method=sun.misc.FloatingDecimal$BinaryToASCIIBuffer.getChars([C)I @ 94
Event: 60.793 Thread 0x00007fa594726800 Uncommon trap: reason=unstable_if action=reinterpret pc=0x00007fa584cfa904 method=sun.misc.FloatingDecimal$BinaryToASCIIBuffer.dtoa(IJIZ)V @ 714

Internal exceptions (10 events):
Event: 0.542 Thread 0x00007fa59400f800 Exception <a 'java/security/PrivilegedActionException'> (0x000000076d66e380) thrown at [/HUDSON/workspace/8-2-build-linux-amd64/jdk8u51/3951/hotspot/src/share/vm/prims/jvm.cpp, line 1382]
Event: 0.543 Thread 0x00007fa59400f800 Exception <a 'java/security/PrivilegedActionException'> (0x000000076d66e538) thrown at [/HUDSON/workspace/8-2-build-linux-amd64/jdk8u51/3951/hotspot/src/share/vm/prims/jvm.cpp, line 1382]
Event: 0.543 Thread 0x00007fa59400f800 Exception <a 'java/security/PrivilegedActionException'> (0x000000076d6707f0) thrown at [/HUDSON/workspace/8-2-build-linux-amd64/jdk8u51/3951/hotspot/src/share/vm/prims/jvm.cpp, line 1382]
Event: 0.543 Thread 0x00007fa59400f800 Exception <a 'java/security/PrivilegedActionException'> (0x000000076d6709a8) thrown at [/HUDSON/workspace/8-2-build-linux-amd64/jdk8u51/3951/hotspot/src/share/vm/prims/jvm.cpp, line 1382]
Event: 0.548 Thread 0x00007fa59400f800 Exception <a 'java/io/FileNotFoundException'> (0x000000076d67a700) thrown at [/HUDSON/workspace/8-2-build-linux-amd64/jdk8u51/3951/hotspot/src/share/vm/prims/jni.cpp, line 709]
Event: 0.548 Thread 0x00007fa59400f800 Exception <a 'java/io/FileNotFoundException'> (0x000000076d67b088) thrown at [/HUDSON/workspace/8-2-build-linux-amd64/jdk8u51/3951/hotspot/src/share/vm/prims/jni.cpp, line 709]
Event: 0.614 Thread 0x00007fa59400f800 Exception <a 'java/lang/NoSuchFieldError': method resolution failed> (0x000000076d780fe8) thrown at [/HUDSON/workspace/8-2-build-linux-amd64/jdk8u51/3951/hotspot/src/share/vm/prims/methodHandles.cpp, line 1125]
Event: 0.616 Thread 0x00007fa59400f800 Exception <a 'java/lang/NoSuchFieldError': method resolution failed> (0x000000076d78f9a8) thrown at [/HUDSON/workspace/8-2-build-linux-amd64/jdk8u51/3951/hotspot/src/share/vm/prims/methodHandles.cpp, line 1125]
Event: 1.493 Thread 0x00007fa59400f800 Exception <a 'java/lang/InterruptedException'> (0x000000076f292978) thrown at [/HUDSON/workspace/8-2-build-linux-amd64/jdk8u51/3951/hotspot/src/share/vm/runtime/objectMonitor.cpp, line 1683]
Event: 1.650 Thread 0x00007fa59400f800 Exception <a 'java/lang/InterruptedException'> (0x000000076f29de18) thrown at [/HUDSON/workspace/8-2-build-linux-amd64/jdk8u51/3951/hotspot/src/share/vm/runtime/objectMonitor.cpp, line 1683]

Events (10 events):
Event: 108.618 Thread 0x00007fa594726800 DEOPT PACKING pc=0x00007fa584907449 sp=0x00007fa512d10de0
Event: 108.618 Thread 0x00007fa594726800 DEOPT UNPACKING pc=0x00007fa5845f0633 sp=0x00007fa512d10b78 mode 1
Event: 108.619 Thread 0x00007fa594726800 DEOPT PACKING pc=0x00007fa584d657ac sp=0x00007fa512d10e70
Event: 108.619 Thread 0x00007fa594726800 DEOPT UNPACKING pc=0x00007fa5845f0633 sp=0x00007fa512d10bc8 mode 1
Event: 108.749 Executing VM operation: ParallelGCFailedAllocation
Event: 108.751 Executing VM operation: ParallelGCFailedAllocation done
Event: 108.807 Thread 0x00007fa594726800 DEOPT PACKING pc=0x00007fa584907449 sp=0x00007fa512d10de0
Event: 108.807 Thread 0x00007fa594726800 DEOPT UNPACKING pc=0x00007fa5845f0633 sp=0x00007fa512d10b78 mode 1
Event: 108.809 Thread 0x00007fa594726800 DEOPT PACKING pc=0x00007fa584d657ac sp=0x00007fa512d10e70
Event: 108.809 Thread 0x00007fa594726800 DEOPT UNPACKING pc=0x00007fa5845f0633 sp=0x00007fa512d10bc8 mode 1


Dynamic libraries:
00400000-00401000 r-xp 00000000 08:02 6695910                            /usr/bin/processing-3.0/java/bin/java
00600000-00601000 rw-p 00000000 08:02 6695910                            /usr/bin/processing-3.0/java/bin/java
01101000-01122000 rw-p 00000000 00:00 0                                  [heap]
6c7200000-6d1900000 rw-p 00000000 00:00 0 
6d1900000-76d100000 ---p 00000000 00:00 0 
76d100000-7b6180000 rw-p 00000000 00:00 0 
7b6180000-7c0000000 ---p 00000000 00:00 0 
7c0000000-7c01a0000 rw-p 00000000 00:00 0 
7c01a0000-800000000 ---p 00000000 00:00 0 
7fa4e7fff000-7fa4ec000000 r--s 00000000 00:16 18791                      /run/shm/pulse-shm-3302753902
7fa4ec000000-7fa4ec021000 rw-p 00000000 00:00 0 
7fa4ec021000-7fa4f0000000 ---p 00000000 00:00 0 
7fa4f0000000-7fa4f028d000 rw-p 00000000 00:00 0 
7fa4f028d000-7fa4f4000000 ---p 00000000 00:00 0 
7fa4f4000000-7fa4f4021000 rw-p 00000000 00:00 0 
7fa4f4021000-7fa4f8000000 ---p 00000000 00:00 0 
7fa4fbfff000-7fa500000000 rw-s 00000000 00:16 152725                     /run/shm/pulse-shm-4071081256
7fa500000000-7fa5007ce000 rw-p 00000000 00:00 0 
7fa5007ce000-7fa504000000 ---p 00000000 00:00 0 
7fa506ffe000-7fa506fff000 ---p 00000000 00:00 0 
7fa506fff000-7fa5077ff000 rw-p 00000000 00:00 0 
7fa5077ff000-7fa507800000 ---p 00000000 00:00 0 
7fa507800000-7fa508000000 rw-p 00000000 00:00 0                          [stack:9457]
7fa508000000-7fa508021000 rw-p 00000000 00:00 0 
7fa508021000-7fa50c000000 ---p 00000000 00:00 0 
7fa50c000000-7fa50f096000 rw-p 00000000 00:00 0 
7fa50f096000-7fa510000000 ---p 00000000 00:00 0 
7fa510185000-7fa510385000 rw-s 149209000 00:06 10208                     /dev/dri/card0
7fa510385000-7fa510585000 rw-s 149009000 00:06 10208                     /dev/dri/card0
7fa510585000-7fa51058b000 r-xp 00000000 08:02 6947199                    /usr/lib/x86_64-linux-gnu/alsa-lib/libasound_module_pcm_pulse.so
7fa51058b000-7fa51078a000 ---p 00006000 08:02 6947199                    /usr/lib/x86_64-linux-gnu/alsa-lib/libasound_module_pcm_pulse.so
7fa51078a000-7fa51078b000 r--p 00005000 08:02 6947199                    /usr/lib/x86_64-linux-gnu/alsa-lib/libasound_module_pcm_pulse.so
7fa51078b000-7fa51078c000 rw-p 00006000 08:02 6947199                    /usr/lib/x86_64-linux-gnu/alsa-lib/libasound_module_pcm_pulse.so
7fa51078c000-7fa5107a3000 r-xp 00000000 08:02 13635816                   /lib/x86_64-linux-gnu/libresolv-2.19.so
7fa5107a3000-7fa5109a3000 ---p 00017000 08:02 13635816                   /lib/x86_64-linux-gnu/libresolv-2.19.so
7fa5109a3000-7fa5109a4000 r--p 00017000 08:02 13635816                   /lib/x86_64-linux-gnu/libresolv-2.19.so
7fa5109a4000-7fa5109a5000 rw-p 00018000 08:02 13635816                   /lib/x86_64-linux-gnu/libresolv-2.19.so
7fa5109a5000-7fa5109a7000 rw-p 00000000 00:00 0 
7fa5109a7000-7fa5109ae000 r-xp 00000000 08:02 6562227                    /usr/lib/x86_64-linux-gnu/libogg.so.0.8.1
7fa5109ae000-7fa510bae000 ---p 00007000 08:02 6562227                    /usr/lib/x86_64-linux-gnu/libogg.so.0.8.1
7fa510bae000-7fa510baf000 r--p 00007000 08:02 6562227                    /usr/lib/x86_64-linux-gnu/libogg.so.0.8.1
7fa510baf000-7fa510bb0000 rw-p 00008000 08:02 6562227                    /usr/lib/x86_64-linux-gnu/libogg.so.0.8.1
7fa510bb0000-7fa510bdc000 r-xp 00000000 08:02 6562501                    /usr/lib/x86_64-linux-gnu/libvorbis.so.0.4.5
7fa510bdc000-7fa510ddb000 ---p 0002c000 08:02 6562501                    /usr/lib/x86_64-linux-gnu/libvorbis.so.0.4.5
7fa510ddb000-7fa510ddc000 r--p 0002b000 08:02 6562501                    /usr/lib/x86_64-linux-gnu/libvorbis.so.0.4.5
7fa510ddc000-7fa510ddd000 rw-p 0002c000 08:02 6562501                    /usr/lib/x86_64-linux-gnu/libvorbis.so.0.4.5
7fa510ddd000-7fa511090000 r-xp 00000000 08:02 6562503                    /usr/lib/x86_64-linux-gnu/libvorbisenc.so.2.0.8
7fa511090000-7fa51128f000 ---p 002b3000 08:02 6562503                    /usr/lib/x86_64-linux-gnu/libvorbisenc.so.2.0.8
7fa51128f000-7fa5112ab000 r--p 002b2000 08:02 6562503                    /usr/lib/x86_64-linux-gnu/libvorbisenc.so.2.0.8
7fa5112ab000-7fa5112ac000 rw-p 002ce000 08:02 6562503                    /usr/lib/x86_64-linux-gnu/libvorbisenc.so.2.0.8
7fa5112ac000-7fa5112dc000 r-xp 00000000 08:02 6561366                    /usr/lib/x86_64-linux-gnu/libFLAC.so.8.3.0
7fa5112dc000-7fa5114db000 ---p 00030000 08:02 6561366                    /usr/lib/x86_64-linux-gnu/libFLAC.so.8.3.0
7fa5114db000-7fa5114dc000 r--p 0002f000 08:02 6561366                    /usr/lib/x86_64-linux-gnu/libFLAC.so.8.3.0
7fa5114dc000-7fa5114dd000 rw-p 00030000 08:02 6561366                    /usr/lib/x86_64-linux-gnu/libFLAC.so.8.3.0
7fa5114dd000-7fa5114e2000 r-xp 00000000 08:02 6561598                    /usr/lib/x86_64-linux-gnu/libasyncns.so.0.3.1
7fa5114e2000-7fa5116e1000 ---p 00005000 08:02 6561598                    /usr/lib/x86_64-linux-gnu/libasyncns.so.0.3.1
7fa5116e1000-7fa5116e2000 r--p 00004000 08:02 6561598                    /usr/lib/x86_64-linux-gnu/libasyncns.so.0.3.1
7fa5116e2000-7fa5116e3000 rw-p 00005000 08:02 6561598                    /usr/lib/x86_64-linux-gnu/libasyncns.so.0.3.1
7fa5116e3000-7fa511744000 r-xp 00000000 08:02 6562384                    /usr/lib/x86_64-linux-gnu/libsndfile.so.1.0.25
7fa511744000-7fa511944000 ---p 00061000 08:02 6562384                    /usr/lib/x86_64-linux-gnu/libsndfile.so.1.0.25
7fa511944000-7fa511946000 r--p 00061000 08:02 6562384                    /usr/lib/x86_64-linux-gnu/libsndfile.so.1.0.25
7fa511946000-7fa511947000 rw-p 00063000 08:02 6562384                    /usr/lib/x86_64-linux-gnu/libsndfile.so.1.0.25
7fa511947000-7fa51194b000 rw-p 00000000 00:00 0 
7fa51194b000-7fa511953000 r-xp 00000000 08:02 13635850                   /lib/x86_64-linux-gnu/libwrap.so.0.7.6
7fa511953000-7fa511b52000 ---p 00008000 08:02 13635850                   /lib/x86_64-linux-gnu/libwrap.so.0.7.6
7fa511b52000-7fa511b53000 r--p 00007000 08:02 13635850                   /lib/x86_64-linux-gnu/libwrap.so.0.7.6
7fa511b53000-7fa511b54000 rw-p 00008000 08:02 13635850                   /lib/x86_64-linux-gnu/libwrap.so.0.7.6
7fa511b54000-7fa511b55000 rw-p 00000000 00:00 0 
7fa511b55000-7fa511bbb000 r-xp 00000000 08:02 6948471                    /usr/lib/x86_64-linux-gnu/pulseaudio/libpulsecommon-4.0.so
7fa511bbb000-7fa511dba000 ---p 00066000 08:02 6948471                    /usr/lib/x86_64-linux-gnu/pulseaudio/libpulsecommon-4.0.so
7fa511dba000-7fa511dbb000 r--p 00065000 08:02 6948471                    /usr/lib/x86_64-linux-gnu/pulseaudio/libpulsecommon-4.0.so
7fa511dbb000-7fa511dbc000 rw-p 00066000 08:02 6948471                    /usr/lib/x86_64-linux-gnu/pulseaudio/libpulsecommon-4.0.so
7fa511dbc000-7fa511dc6000 r-xp 00000000 08:02 13635730                   /lib/x86_64-linux-gnu/libjson-c.so.2.0.0
7fa511dc6000-7fa511fc5000 ---p 0000a000 08:02 13635730                   /lib/x86_64-linux-gnu/libjson-c.so.2.0.0
7fa511fc5000-7fa511fc6000 r--p 00009000 08:02 13635730                   /lib/x86_64-linux-gnu/libjson-c.so.2.0.0
7fa511fc6000-7fa511fc7000 rw-p 0000a000 08:02 13635730                   /lib/x86_64-linux-gnu/libjson-c.so.2.0.0
7fa511fc7000-7fa51200e000 r-xp 00000000 08:02 6562296                    /usr/lib/x86_64-linux-gnu/libpulse.so.0.16.2
7fa51200e000-7fa51220e000 ---p 00047000 08:02 6562296                    /usr/lib/x86_64-linux-gnu/libpulse.so.0.16.2
7fa51220e000-7fa51220f000 r--p 00047000 08:02 6562296                    /usr/lib/x86_64-linux-gnu/libpulse.so.0.16.2
7fa51220f000-7fa512210000 rw-p 00048000 08:02 6562296                    /usr/lib/x86_64-linux-gnu/libpulse.so.0.16.2
7fa512210000-7fa512213000 ---p 00000000 00:00 0 
7fa512213000-7fa512311000 rw-p 00000000 00:00 0                          [stack:9461]
7fa512311000-7fa512314000 ---p 00000000 00:00 0 
7fa512314000-7fa512412000 rw-p 00000000 00:00 0                          [stack:9456]
7fa512412000-7fa5124fb000 r-xp 00000000 08:02 6561590                    /usr/lib/x86_64-linux-gnu/libasound.so.2.0.0
7fa5124fb000-7fa5126fa000 ---p 000e9000 08:02 6561590                    /usr/lib/x86_64-linux-gnu/libasound.so.2.0.0
7fa5126fa000-7fa512701000 r--p 000e8000 08:02 6561590                    /usr/lib/x86_64-linux-gnu/libasound.so.2.0.0
7fa512701000-7fa512702000 rw-p 000ef000 08:02 6561590                    /usr/lib/x86_64-linux-gnu/libasound.so.2.0.0
7fa512702000-7fa512711000 r-xp 00000000 08:02 8012164                    /usr/bin/processing-3.0/java/lib/amd64/libjsoundalsa.so
7fa512711000-7fa512910000 ---p 0000f000 08:02 8012164                    /usr/bin/processing-3.0/java/lib/amd64/libjsoundalsa.so
7fa512910000-7fa512911000 rw-p 0000e000 08:02 8012164                    /usr/bin/processing-3.0/java/lib/amd64/libjsoundalsa.so
7fa512911000-7fa512912000 r-xp 00000000 08:02 8012181                    /usr/bin/processing-3.0/java/lib/amd64/libjsound.so
7fa512912000-7fa512b11000 ---p 00001000 08:02 8012181                    /usr/bin/processing-3.0/java/lib/amd64/libjsound.so
7fa512b11000-7fa512b12000 rw-p 00000000 08:02 8012181                    /usr/bin/processing-3.0/java/lib/amd64/libjsound.so
7fa512c12000-7fa512c15000 ---p 00000000 00:00 0 
7fa512c15000-7fa512f13000 rw-p 00000000 00:00 0 
7fa512f13000-7fa512f57000 r-xp 00000000 08:02 13635704                   /lib/x86_64-linux-gnu/libdbus-1.so.3.7.6
7fa512f57000-7fa513156000 ---p 00044000 08:02 13635704                   /lib/x86_64-linux-gnu/libdbus-1.so.3.7.6
7fa513156000-7fa513157000 r--p 00043000 08:02 13635704                   /lib/x86_64-linux-gnu/libdbus-1.so.3.7.6
7fa513157000-7fa513158000 rw-p 00044000 08:02 13635704                   /lib/x86_64-linux-gnu/libdbus-1.so.3.7.6
7fa513158000-7fa513160000 r-xp 00000000 08:02 13635752                   /lib/x86_64-linux-gnu/libnih-dbus.so.1.0.0
7fa513160000-7fa513360000 ---p 00008000 08:02 13635752                   /lib/x86_64-linux-gnu/libnih-dbus.so.1.0.0
7fa513360000-7fa513361000 r--p 00008000 08:02 13635752                   /lib/x86_64-linux-gnu/libnih-dbus.so.1.0.0
7fa513361000-7fa513362000 rw-p 00009000 08:02 13635752                   /lib/x86_64-linux-gnu/libnih-dbus.so.1.0.0
7fa513362000-7fa513379000 r-xp 00000000 08:02 13635754                   /lib/x86_64-linux-gnu/libnih.so.1.0.0
7fa513379000-7fa513578000 ---p 00017000 08:02 13635754                   /lib/x86_64-linux-gnu/libnih.so.1.0.0
7fa513578000-7fa513579000 r--p 00016000 08:02 13635754                   /lib/x86_64-linux-gnu/libnih.so.1.0.0
7fa513579000-7fa51357a000 rw-p 00017000 08:02 13635754                   /lib/x86_64-linux-gnu/libnih.so.1.0.0
7fa51357a000-7fa513593000 r-xp 00000000 08:02 13635695                   /lib/x86_64-linux-gnu/libcgmanager.so.0.0.0
7fa513593000-7fa513792000 ---p 00019000 08:02 13635695                   /lib/x86_64-linux-gnu/libcgmanager.so.0.0.0
7fa513792000-7fa513794000 r--p 00018000 08:02 13635695                   /lib/x86_64-linux-gnu/libcgmanager.so.0.0.0
7fa513794000-7fa513795000 rw-p 0001a000 08:02 13635695                   /lib/x86_64-linux-gnu/libcgmanager.so.0.0.0
7fa513795000-7fa5137a5000 r-xp 00000000 08:02 13635838                   /lib/x86_64-linux-gnu/libudev.so.1.3.5
7fa5137a5000-7fa5139a4000 ---p 00010000 08:02 13635838                   /lib/x86_64-linux-gnu/libudev.so.1.3.5
7fa5139a4000-7fa5139a5000 r--p 0000f000 08:02 13635838                   /lib/x86_64-linux-gnu/libudev.so.1.3.5
7fa5139a5000-7fa5139a6000 rw-p 00010000 08:02 13635838                   /lib/x86_64-linux-gnu/libudev.so.1.3.5
7fa5139a6000-7fa5139dd000 r-xp 00000000 08:02 6562454                    /usr/lib/x86_64-linux-gnu/libtxc_dxtn_s2tc.so.0.0.0
7fa5139dd000-7fa513bdc000 ---p 00037000 08:02 6562454                    /usr/lib/x86_64-linux-gnu/libtxc_dxtn_s2tc.so.0.0.0
7fa513bdc000-7fa513bdd000 r--p 00036000 08:02 6562454                    /usr/lib/x86_64-linux-gnu/libtxc_dxtn_s2tc.so.0.0.0
7fa513bdd000-7fa513bde000 rw-p 00037000 08:02 6562454                    /usr/lib/x86_64-linux-gnu/libtxc_dxtn_s2tc.so.0.0.0
7fa513bde000-7fa513bf6000 r-xp 00000000 08:02 13635853                   /lib/x86_64-linux-gnu/libz.so.1.2.8
7fa513bf6000-7fa513df5000 ---p 00018000 08:02 13635853                   /lib/x86_64-linux-gnu/libz.so.1.2.8
7fa513df5000-7fa513df6000 r--p 00017000 08:02 13635853                   /lib/x86_64-linux-gnu/libz.so.1.2.8
7fa513df6000-7fa513df7000 rw-p 00018000 08:02 13635853                   /lib/x86_64-linux-gnu/libz.so.1.2.8
7fa513df7000-7fa513dff000 r-xp 00000000 08:02 6562259                    /usr/lib/x86_64-linux-gnu/libpciaccess.so.0.11.1
7fa513dff000-7fa513ffe000 ---p 00008000 08:02 6562259                    /usr/lib/x86_64-linux-gnu/libpciaccess.so.0.11.1
7fa513ffe000-7fa513fff000 r--p 00007000 08:02 6562259                    /usr/lib/x86_64-linux-gnu/libpciaccess.so.0.11.1
7fa513fff000-7fa514000000 rw-p 00008000 08:02 6562259                    /usr/lib/x86_64-linux-gnu/libpciaccess.so.0.11.1
7fa514000000-7fa516ded000 rw-p 00000000 00:00 0 
7fa516ded000-7fa518000000 ---p 00000000 00:00 0 
7fa518000000-7fa51874a000 rw-p 00000000 00:00 0 
7fa51874a000-7fa51c000000 ---p 00000000 00:00 0 
7fa51c05f000-7fa51c067000 rw-s 00000000 00:05 151484                     /drm mm object (deleted)
7fa51c067000-7fa51c06f000 rw-s 00000000 00:05 153695                     /drm mm object (deleted)
7fa51c06f000-7fa51c077000 rw-s 00000000 00:05 151477                     /drm mm object (deleted)
7fa51c077000-7fa51c07f000 rw-s 00000000 00:05 152064                     /drm mm object (deleted)
7fa51c07f000-7fa51c087000 rw-s 00000000 00:05 151470                     /drm mm object (deleted)
7fa51c087000-7fa51c08f000 rw-s 00000000 00:05 152057                     /drm mm object (deleted)
7fa51c08f000-7fa51c097000 rw-s 00000000 00:05 151463                     /drm mm object (deleted)
7fa51c097000-7fa51c09f000 rw-s 00000000 00:05 152045                     /drm mm object (deleted)
7fa51c09f000-7fa51c0a7000 rw-s 00000000 00:05 151459                     /drm mm object (deleted)
7fa51c0a7000-7fa51c0aa000 ---p 00000000 00:00 0 
7fa51c0aa000-7fa51c1a8000 rw-p 00000000 00:00 0                          [stack:9442]
7fa51c1a8000-7fa51c28e000 r-xp 00000000 08:02 6562412                    /usr/lib/x86_64-linux-gnu/libstdc++.so.6.0.19
7fa51c28e000-7fa51c48d000 ---p 000e6000 08:02 6562412                    /usr/lib/x86_64-linux-gnu/libstdc++.so.6.0.19
7fa51c48d000-7fa51c495000 r--p 000e5000 08:02 6562412                    /usr/lib/x86_64-linux-gnu/libstdc++.so.6.0.19
7fa51c495000-7fa51c497000 rw-p 000ed000 08:02 6562412                    /usr/lib/x86_64-linux-gnu/libstdc++.so.6.0.19
7fa51c497000-7fa51c4ac000 rw-p 00000000 00:00 0 
7fa51c4ac000-7fa51c4b8000 r-xp 00000000 08:02 6561756                    /usr/lib/x86_64-linux-gnu/libdrm_radeon.so.1.0.1
7fa51c4b8000-7fa51c6b7000 ---p 0000c000 08:02 6561756                    /usr/lib/x86_64-linux-gnu/libdrm_radeon.so.1.0.1
7fa51c6b7000-7fa51c6b8000 r--p 0000b000 08:02 6561756                    /usr/lib/x86_64-linux-gnu/libdrm_radeon.so.1.0.1
7fa51c6b8000-7fa51c6b9000 rw-p 0000c000 08:02 6561756                    /usr/lib/x86_64-linux-gnu/libdrm_radeon.so.1.0.1
7fa51c6b9000-7fa51c6bf000 r-xp 00000000 08:02 6561754                    /usr/lib/x86_64-linux-gnu/libdrm_nouveau.so.2.0.0
7fa51c6bf000-7fa51c8be000 ---p 00006000 08:02 6561754                    /usr/lib/x86_64-linux-gnu/libdrm_nouveau.so.2.0.0
7fa51c8be000-7fa51c8bf000 r--p 00005000 08:02 6561754                    /usr/lib/x86_64-linux-gnu/libdrm_nouveau.so.2.0.0
7fa51c8bf000-7fa51c8c0000 rw-p 00006000 08:02 6561754                    /usr/lib/x86_64-linux-gnu/libdrm_nouveau.so.2.0.0
7fa51c8c0000-7fa51c8e0000 r-xp 00000000 08:02 6561752                    /usr/lib/x86_64-linux-gnu/libdrm_intel.so.1.0.0
7fa51c8e0000-7fa51cadf000 ---p 00020000 08:02 6561752                    /usr/lib/x86_64-linux-gnu/libdrm_intel.so.1.0.0
7fa51cadf000-7fa51cae0000 r--p 0001f000 08:02 6561752                    /usr/lib/x86_64-linux-gnu/libdrm_intel.so.1.0.0
7fa51cae0000-7fa51cae1000 rw-p 00020000 08:02 6561752                    /usr/lib/x86_64-linux-gnu/libdrm_intel.so.1.0.0
7fa51cae1000-7fa51d035000 r-xp 00000000 08:02 6947244                    /usr/lib/x86_64-linux-gnu/dri/i965_dri.so
7fa51d035000-7fa51d235000 ---p 00554000 08:02 6947244                    /usr/lib/x86_64-linux-gnu/dri/i965_dri.so
7fa51d235000-7fa51d256000 r--p 00554000 08:02 6947244                    /usr/lib/x86_64-linux-gnu/dri/i965_dri.so
7fa51d256000-7fa51d25d000 rw-p 00575000 08:02 6947244                    /usr/lib/x86_64-linux-gnu/dri/i965_dri.so
7fa51d25d000-7fa51d264000 rw-p 00000000 00:00 0 
7fa51d264000-7fa51d267000 ---p 00000000 00:00 0 
7fa51d267000-7fa51d365000 rw-p 00000000 00:00 0                          [stack:9441]
7fa51d365000-7fa51d3be000 r-xp 00000000 08:02 4461996                    /tmp/jogamp_0000/file_cache/jln2554828932705657550/jln2093868640038810709/libjogl_mobile.so
7fa51d3be000-7fa51d5be000 ---p 00059000 08:02 4461996                    /tmp/jogamp_0000/file_cache/jln2554828932705657550/jln2093868640038810709/libjogl_mobile.so
7fa51d5be000-7fa51d5bf000 rw-p 00059000 08:02 4461996                    /tmp/jogamp_0000/file_cache/jln2554828932705657550/jln2093868640038810709/libjogl_mobile.so
7fa51d5bf000-7fa51d5c6000 r-xp 00000000 08:02 6561790                    /usr/lib/x86_64-linux-gnu/libffi.so.6.0.1
7fa51d5c6000-7fa51d7c5000 ---p 00007000 08:02 6561790                    /usr/lib/x86_64-linux-gnu/libffi.so.6.0.1
7fa51d7c5000-7fa51d7c6000 r--p 00006000 08:02 6561790                    /usr/lib/x86_64-linux-gnu/libffi.so.6.0.1
7fa51d7c6000-7fa51d7c7000 rw-p 00007000 08:02 6561790                    /usr/lib/x86_64-linux-gnu/libffi.so.6.0.1
7fa51d7c7000-7fa51d7d3000 r-xp 00000000 08:02 6561843                    /usr/lib/x86_64-linux-gnu/libgbm.so.1.0.0
7fa51d7d3000-7fa51d9d3000 ---p 0000c000 08:02 6561843                    /usr/lib/x86_64-linux-gnu/libgbm.so.1.0.0
7fa51d9d3000-7fa51d9d4000 r--p 0000c000 08:02 6561843                    /usr/lib/x86_64-linux-gnu/libgbm.so.1.0.0
7fa51d9d4000-7fa51d9d5000 rw-p 0000d000 08:02 6561843                    /usr/lib/x86_64-linux-gnu/libgbm.so.1.0.0
7fa51d9d5000-7fa51d9e4000 r-xp 00000000 08:02 6562520                    /usr/lib/x86_64-linux-gnu/libwayland-server.so.0.1.0
7fa51d9e4000-7fa51dbe3000 ---p 0000f000 08:02 6562520                    /usr/lib/x86_64-linux-gnu/libwayland-server.so.0.1.0
7fa51dbe3000-7fa51dbe5000 r--p 0000e000 08:02 6562520                    /usr/lib/x86_64-linux-gnu/libwayland-server.so.0.1.0
7fa51dbe5000-7fa51dbe6000 rw-p 00010000 08:02 6562520                    /usr/lib/x86_64-linux-gnu/libwayland-server.so.0.1.0
7fa51dbe6000-7fa51dbf1000 r-xp 00000000 08:02 6562514                    /usr/lib/x86_64-linux-gnu/libwayland-client.so.0.2.0
7fa51dbf1000-7fa51ddf0000 ---p 0000b000 08:02 6562514                    /usr/lib/x86_64-linux-gnu/libwayland-client.so.0.2.0
7fa51ddf0000-7fa51ddf2000 r--p 0000a000 08:02 6562514                    /usr/lib/x86_64-linux-gnu/libwayland-client.so.0.2.0
7fa51ddf2000-7fa51ddf3000 rw-p 0000c000 08:02 6562514                    /usr/lib/x86_64-linux-gnu/libwayland-client.so.0.2.0
7fa51ddf3000-7fa51ddf8000 r-xp 00000000 08:02 6562570                    /usr/lib/x86_64-linux-gnu/libxcb-xfixes.so.0.0.0
7fa51ddf8000-7fa51dff8000 ---p 00005000 08:02 6562570                    /usr/lib/x86_64-linux-gnu/libxcb-xfixes.so.0.0.0
7fa51dff8000-7fa51dff9000 r--p 00005000 08:02 6562570                    /usr/lib/x86_64-linux-gnu/libxcb-xfixes.so.0.0.0
7fa51dff9000-7fa51dffa000 rw-p 00006000 08:02 6562570                    /usr/lib/x86_64-linux-gnu/libxcb-xfixes.so.0.0.0
7fa51dffa000-7fa51e021000 r-xp 00000000 08:02 6948353                    /usr/lib/x86_64-linux-gnu/mesa-egl/libEGL.so.1.0.0
7fa51e021000-7fa51e221000 ---p 00027000 08:02 6948353                    /usr/lib/x86_64-linux-gnu/mesa-egl/libEGL.so.1.0.0
7fa51e221000-7fa51e222000 r--p 00027000 08:02 6948353                    /usr/lib/x86_64-linux-gnu/mesa-egl/libEGL.so.1.0.0
7fa51e222000-7fa51e223000 rw-p 00028000 08:02 6948353                    /usr/lib/x86_64-linux-gnu/mesa-egl/libEGL.so.1.0.0
7fa51e223000-7fa51e224000 rw-p 00000000 00:00 0 
7fa51e224000-7fa51e22a000 r-xp 00000000 08:02 6948357                    /usr/lib/x86_64-linux-gnu/mesa-egl/libGLESv2.so.2.0.0
7fa51e22a000-7fa51e429000 ---p 00006000 08:02 6948357                    /usr/lib/x86_64-linux-gnu/mesa-egl/libGLESv2.so.2.0.0
7fa51e429000-7fa51e42a000 r--p 00005000 08:02 6948357                    /usr/lib/x86_64-linux-gnu/mesa-egl/libGLESv2.so.2.0.0
7fa51e42a000-7fa51e42b000 rw-p 00006000 08:02 6948357                    /usr/lib/x86_64-linux-gnu/mesa-egl/libGLESv2.so.2.0.0
7fa51e42b000-7fa51e4de000 r-xp 00000000 08:02 4461995                    /tmp/jogamp_0000/file_cache/jln2554828932705657550/jln2093868640038810709/libjogl_desktop.so
7fa51e4de000-7fa51e6de000 ---p 000b3000 08:02 4461995                    /tmp/jogamp_0000/file_cache/jln2554828932705657550/jln2093868640038810709/libjogl_desktop.so
7fa51e6de000-7fa51e6df000 rw-p 000b3000 08:02 4461995                    /tmp/jogamp_0000/file_cache/jln2554828932705657550/jln2093868640038810709/libjogl_desktop.so
7fa51e6df000-7fa51e6ea000 r-xp 00000000 08:02 6561750                    /usr/lib/x86_64-linux-gnu/libdrm.so.2.4.0
7fa51e6ea000-7fa51e8e9000 ---p 0000b000 08:02 6561750                    /usr/lib/x86_64-linux-gnu/libdrm.so.2.4.0
7fa51e8e9000-7fa51e8ea000 r--p 0000a000 08:02 6561750                    /usr/lib/x86_64-linux-gnu/libdrm.so.2.4.0
7fa51e8ea000-7fa51e8eb000 rw-p 0000b000 08:02 6561750                    /usr/lib/x86_64-linux-gnu/libdrm.so.2.4.0
7fa51e8eb000-7fa51e8ec000 r-xp 00000000 08:02 6562584                    /usr/lib/x86_64-linux-gnu/libxshmfence.so.1.0.0
7fa51e8ec000-7fa51eaeb000 ---p 00001000 08:02 6562584                    /usr/lib/x86_64-linux-gnu/libxshmfence.so.1.0.0
7fa51eaeb000-7fa51eaec000 r--p 00000000 08:02 6562584                    /usr/lib/x86_64-linux-gnu/libxshmfence.so.1.0.0
7fa51eaec000-7fa51eaed000 rw-p 00001000 08:02 6562584                    /usr/lib/x86_64-linux-gnu/libxshmfence.so.1.0.0
7fa51eaed000-7fa51eaf2000 r-xp 00000000 08:02 6562566                    /usr/lib/x86_64-linux-gnu/libxcb-sync.so.1.0.0
7fa51eaf2000-7fa51ecf1000 ---p 00005000 08:02 6562566                    /usr/lib/x86_64-linux-gnu/libxcb-sync.so.1.0.0
7fa51ecf1000-7fa51ecf2000 r--p 00004000 08:02 6562566                    /usr/lib/x86_64-linux-gnu/libxcb-sync.so.1.0.0
7fa51ecf2000-7fa51ecf3000 rw-p 00005000 08:02 6562566                    /usr/lib/x86_64-linux-gnu/libxcb-sync.so.1.0.0
7fa51ecf3000-7fa51ecf5000 r-xp 00000000 08:02 6562554                    /usr/lib/x86_64-linux-gnu/libxcb-present.so.0.0.0
7fa51ecf5000-7fa51eef4000 ---p 00002000 08:02 6562554                    /usr/lib/x86_64-linux-gnu/libxcb-present.so.0.0.0
7fa51eef4000-7fa51eef5000 r--p 00001000 08:02 6562554                    /usr/lib/x86_64-linux-gnu/libxcb-present.so.0.0.0
7fa51eef5000-7fa51eef6000 rw-p 00002000 08:02 6562554                    /usr/lib/x86_64-linux-gnu/libxcb-present.so.0.0.0
7fa51eef6000-7fa51eef8000 r-xp 00000000 08:02 6562544                    /usr/lib/x86_64-linux-gnu/libxcb-dri3.so.0.0.0
7fa51eef8000-7fa51f0f7000 ---p 00002000 08:02 6562544                    /usr/lib/x86_64-linux-gnu/libxcb-dri3.so.0.0.0
7fa51f0f7000-7fa51f0f8000 r--p 00001000 08:02 6562544                    /usr/lib/x86_64-linux-gnu/libxcb-dri3.so.0.0.0
7fa51f0f8000-7fa51f0f9000 rw-p 00002000 08:02 6562544                    /usr/lib/x86_64-linux-gnu/libxcb-dri3.so.0.0.0
7fa51f0f9000-7fa51f0fc000 r-xp 00000000 08:02 6562542                    /usr/lib/x86_64-linux-gnu/libxcb-dri2.so.0.0.0
7fa51f0fc000-7fa51f2fc000 ---p 00003000 08:02 6562542                    /usr/lib/x86_64-linux-gnu/libxcb-dri2.so.0.0.0
7fa51f2fc000-7fa51f2fd000 r--p 00003000 08:02 6562542                    /usr/lib/x86_64-linux-gnu/libxcb-dri2.so.0.0.0
7fa51f2fd000-7fa51f2fe000 rw-p 00004000 08:02 6562542                    /usr/lib/x86_64-linux-gnu/libxcb-dri2.so.0.0.0
7fa51f2fe000-7fa51f313000 r-xp 00000000 08:02 6562546                    /usr/lib/x86_64-linux-gnu/libxcb-glx.so.0.0.0
7fa51f313000-7fa51f512000 ---p 00015000 08:02 6562546                    /usr/lib/x86_64-linux-gnu/libxcb-glx.so.0.0.0
7fa51f512000-7fa51f514000 r--p 00014000 08:02 6562546                    /usr/lib/x86_64-linux-gnu/libxcb-glx.so.0.0.0
7fa51f514000-7fa51f515000 rw-p 00016000 08:02 6562546                    /usr/lib/x86_64-linux-gnu/libxcb-glx.so.0.0.0
7fa51f515000-7fa51f516000 r-xp 00000000 08:02 6561502                    /usr/lib/x86_64-linux-gnu/libX11-xcb.so.1.0.0
7fa51f516000-7fa51f715000 ---p 00001000 08:02 6561502                    /usr/lib/x86_64-linux-gnu/libX11-xcb.so.1.0.0
7fa51f715000-7fa51f716000 r--p 00000000 08:02 6561502                    /usr/lib/x86_64-linux-gnu/libX11-xcb.so.1.0.0
7fa51f716000-7fa51f717000 rw-p 00001000 08:02 6561502                    /usr/lib/x86_64-linux-gnu/libX11-xcb.so.1.0.0
7fa51f717000-7fa51f719000 r-xp 00000000 08:02 6561517                    /usr/lib/x86_64-linux-gnu/libXdamage.so.1.1.0
7fa51f719000-7fa51f918000 ---p 00002000 08:02 6561517                    /usr/lib/x86_64-linux-gnu/libXdamage.so.1.1.0
7fa51f918000-7fa51f919000 r--p 00001000 08:02 6561517                    /usr/lib/x86_64-linux-gnu/libXdamage.so.1.1.0
7fa51f919000-7fa51f91a000 rw-p 00002000 08:02 6561517                    /usr/lib/x86_64-linux-gnu/libXdamage.so.1.1.0
7fa51f91a000-7fa51f93f000 r-xp 00000000 08:02 6561895                    /usr/lib/x86_64-linux-gnu/libglapi.so.0.0.0
7fa51f93f000-7fa51fb3f000 ---p 00025000 08:02 6561895                    /usr/lib/x86_64-linux-gnu/libglapi.so.0.0.0
7fa51fb3f000-7fa51fb42000 r--p 00025000 08:02 6561895                    /usr/lib/x86_64-linux-gnu/libglapi.so.0.0.0
7fa51fb42000-7fa51fb43000 rw-p 00028000 08:02 6561895                    /usr/lib/x86_64-linux-gnu/libglapi.so.0.0.0
7fa51fb43000-7fa51fb44000 rw-p 00000000 00:00 0 
7fa51fb44000-7fa51fb6b000 r-xp 00000000 08:02 13637323                   /lib/x86_64-linux-gnu/libexpat.so.1.6.0
7fa51fb6b000-7fa51fd6b000 ---p 00027000 08:02 13637323                   /lib/x86_64-linux-gnu/libexpat.so.1.6.0
7fa51fd6b000-7fa51fd6d000 r--p 00027000 08:02 13637323                   /lib/x86_64-linux-gnu/libexpat.so.1.6.0
7fa51fd6d000-7fa51fd6e000 rw-p 00029000 08:02 13637323                   /lib/x86_64-linux-gnu/libexpat.so.1.6.0
7fa51fd6e000-7fa51fdfc000 r-xp 00000000 08:02 6948350                    /usr/lib/x86_64-linux-gnu/mesa/libGL.so.1.2.0
7fa51fdfc000-7fa51fffb000 ---p 0008e000 08:02 6948350                    /usr/lib/x86_64-linux-gnu/mesa/libGL.so.1.2.0
7fa51fffb000-7fa51fffe000 r--p 0008d000 08:02 6948350                    /usr/lib/x86_64-linux-gnu/mesa/libGL.so.1.2.0
7fa51fffe000-7fa51ffff000 rw-p 00090000 08:02 6948350                    /usr/lib/x86_64-linux-gnu/mesa/libGL.so.1.2.0
7fa51ffff000-7fa520000000 rw-p 00000000 00:00 0 
7fa520000000-7fa520021000 rw-p 00000000 00:00 0 
7fa520021000-7fa524000000 ---p 00000000 00:00 0 
7fa524000000-7fa524021000 rw-p 00000000 00:00 0 
7fa524021000-7fa528000000 ---p 00000000 00:00 0 
7fa528000000-7fa528022000 rw-p 00000000 00:00 0 
7fa528022000-7fa52c000000 ---p 00000000 00:00 0 
7fa52c000000-7fa52c021000 rw-p 00000000 00:00 0 
7fa52c021000-7fa530000000 ---p 00000000 00:00 0 
7fa530000000-7fa530021000 rw-p 00000000 00:00 0 
7fa530021000-7fa534000000 ---p 00000000 00:00 0 
7fa534000000-7fa534021000 rw-p 00000000 00:00 0 
7fa534021000-7fa538000000 ---p 00000000 00:00 0 
7fa538003000-7fa538004000 rw-p 00000000 00:00 0 
7fa538004000-7fa53800b000 r--s 00000000 08:02 6947811                    /usr/lib/x86_64-linux-gnu/gconv/gconv-modules.cache
7fa53800b000-7fa53801e000 r--s 00344000 08:02 6695996                    /usr/bin/processing-3.0/java/lib/resources.jar
7fa53801e000-7fa538026000 rw-s 00000000 00:05 152004                     /drm mm object (deleted)
7fa538026000-7fa53802e000 rw-s 00000000 00:05 151978                     /drm mm object (deleted)
7fa53802e000-7fa538036000 rw-s 00000000 00:05 153665                     /drm mm object (deleted)
7fa538036000-7fa53803e000 rw-s 00000000 00:05 153651                     /drm mm object (deleted)
7fa53803e000-7fa538041000 ---p 00000000 00:00 0 
7fa538041000-7fa53833f000 rw-p 00000000 00:00 0                          [stack:9440]
7fa53833f000-7fa538341000 r-xp 00000000 08:02 6561531                    /usr/lib/x86_64-linux-gnu/libXinerama.so.1.0.0
7fa538341000-7fa538540000 ---p 00002000 08:02 6561531                    /usr/lib/x86_64-linux-gnu/libXinerama.so.1.0.0
7fa538540000-7fa538541000 r--p 00001000 08:02 6561531                    /usr/lib/x86_64-linux-gnu/libXinerama.so.1.0.0
7fa538541000-7fa538542000 rw-p 00002000 08:02 6561531                    /usr/lib/x86_64-linux-gnu/libXinerama.so.1.0.0
7fa538542000-7fa538545000 ---p 00000000 00:00 0 
7fa538545000-7fa538af3000 rw-p 00000000 00:00 0                          [stack:9439]
7fa538af3000-7fa538b02000 r-xp 00000000 08:02 4461999                    /tmp/jogamp_0000/file_cache/jln2554828932705657550/jln2093868640038810709/libnewt.so
7fa538b02000-7fa538d01000 ---p 0000f000 08:02 4461999                    /tmp/jogamp_0000/file_cache/jln2554828932705657550/jln2093868640038810709/libnewt.so
7fa538d01000-7fa538d02000 rw-p 0000e000 08:02 4461999                    /tmp/jogamp_0000/file_cache/jln2554828932705657550/jln2093868640038810709/libnewt.so
7fa538d02000-7fa538d09000 r-xp 00000000 08:02 4461998                    /tmp/jogamp_0000/file_cache/jln2554828932705657550/jln2093868640038810709/libnativewindow_x11.so
7fa538d09000-7fa538f08000 ---p 00007000 08:02 4461998                    /tmp/jogamp_0000/file_cache/jln2554828932705657550/jln2093868640038810709/libnativewindow_x11.so
7fa538f08000-7fa538f09000 rw-p 00006000 08:02 4461998                    /tmp/jogamp_0000/file_cache/jln2554828932705657550/jln2093868640038810709/libnativewindow_x11.so
7fa538f09000-7fa538f0c000 ---p 00000000 00:00 0 
7fa538f0c000-7fa53900a000 rw-p 00000000 00:00 0 
7fa53900a000-7fa53900e000 r-xp 00000000 08:02 6561559                    /usr/lib/x86_64-linux-gnu/libXxf86vm.so.1.0.0
7fa53900e000-7fa53920e000 ---p 00004000 08:02 6561559                    /usr/lib/x86_64-linux-gnu/libXxf86vm.so.1.0.0
7fa53920e000-7fa53920f000 r--p 00004000 08:02 6561559                    /usr/lib/x86_64-linux-gnu/libXxf86vm.so.1.0.0
7fa53920f000-7fa539210000 rw-p 00005000 08:02 6561559                    /usr/lib/x86_64-linux-gnu/libXxf86vm.so.1.0.0
7fa539210000-7fa539212000 rw-s 149007000 00:06 10208                     /dev/dri/card0
7fa539212000-7fa539213000 rw-s 149006000 00:06 10208                     /dev/dri/card0
7fa539213000-7fa539214000 rw-s 81000000 00:06 94744                      /dev/snd/pcmC2D0p
7fa539214000-7fa539215000 r--s 80000000 00:06 94744                      /dev/snd/pcmC2D0p
7fa539215000-7fa539216000 rw-s 148f05000 00:06 10208                     /dev/dri/card0
7fa539216000-7fa539217000 rw-s 148f04000 00:06 10208                     /dev/dri/card0
7fa539217000-7fa539218000 rwxp 00000000 00:00 0 
7fa539218000-7fa539220000 rw-s 00000000 00:05 151329                     /drm mm object (deleted)
7fa539220000-7fa539228000 rw-s 00000000 00:05 151369                     /drm mm object (deleted)
7fa539228000-7fa539229000 rw-s 148f03000 00:06 10208                     /dev/dri/card0
7fa539229000-7fa539231000 rw-s 00000000 00:05 151318                     /drm mm object (deleted)
7fa539231000-7fa539233000 r-xp 00000000 08:02 4461997                    /tmp/jogamp_0000/file_cache/jln2554828932705657550/jln2093868640038810709/libnativewindow_awt.so
7fa539233000-7fa539432000 ---p 00002000 08:02 4461997                    /tmp/jogamp_0000/file_cache/jln2554828932705657550/jln2093868640038810709/libnativewindow_awt.so
7fa539432000-7fa539433000 rw-p 00001000 08:02 4461997                    /tmp/jogamp_0000/file_cache/jln2554828932705657550/jln2093868640038810709/libnativewindow_awt.so
7fa539433000-7fa539434000 r-xp 00000000 08:02 8012156                    /usr/bin/processing-3.0/java/lib/amd64/libjawt.so
7fa539434000-7fa539633000 ---p 00001000 08:02 8012156                    /usr/bin/processing-3.0/java/lib/amd64/libjawt.so
7fa539633000-7fa539634000 rw-p 00000000 08:02 8012156                    /usr/bin/processing-3.0/java/lib/amd64/libjawt.so
7fa539634000-7fa539636000 r-xp 00000000 08:02 4461994                    /tmp/jogamp_0000/file_cache/jln2554828932705657550/jln2093868640038810709/libgluegen-rt.so
7fa539636000-7fa539835000 ---p 00002000 08:02 4461994                    /tmp/jogamp_0000/file_cache/jln2554828932705657550/jln2093868640038810709/libgluegen-rt.so
7fa539835000-7fa539836000 rw-p 00001000 08:02 4461994                    /tmp/jogamp_0000/file_cache/jln2554828932705657550/jln2093868640038810709/libgluegen-rt.so
7fa539836000-7fa539839000 ---p 00000000 00:00 0 
7fa539839000-7fa539937000 rw-p 00000000 00:00 0 
7fa539937000-7fa539948000 r-xp 00000000 08:02 8012203                    /usr/bin/processing-3.0/java/lib/amd64/libnio.so
7fa539948000-7fa539b47000 ---p 00011000 08:02 8012203                    /usr/bin/processing-3.0/java/lib/amd64/libnio.so
7fa539b47000-7fa539b48000 rw-p 00010000 08:02 8012203                    /usr/bin/processing-3.0/java/lib/amd64/libnio.so
7fa539b48000-7fa539b5e000 r-xp 00000000 08:02 8012151                    /usr/bin/processing-3.0/java/lib/amd64/libnet.so
7fa539b5e000-7fa539d5e000 ---p 00016000 08:02 8012151                    /usr/bin/processing-3.0/java/lib/amd64/libnet.so
7fa539d5e000-7fa539d5f000 rw-p 00016000 08:02 8012151                    /usr/bin/processing-3.0/java/lib/amd64/libnet.so
7fa539d5f000-7fa539d62000 ---p 00000000 00:00 0 
7fa539d62000-7fa539d98000 rw-p 00000000 00:00 0 
7fa539d98000-7fa539d99000 r--p 00000000 00:00 0 
7fa539d99000-7fa539d9d000 r--s 00095000 08:02 6696012                    /usr/bin/processing-3.0/java/lib/jsse.jar
7fa539d9d000-7fa539f9d000 rw-p 00000000 00:00 0 
7fa539f9d000-7fa539fa0000 r--s 00041000 08:02 8014028                    /usr/bin/processing-3.0/modes/java/mode/org.netbeans.swing.outline.jar
7fa539fa0000-7fa539fa5000 r--s 00038000 08:02 8014038                    /usr/bin/processing-3.0/modes/java/mode/org.eclipse.text.jar
7fa539fa5000-7fa539fb9000 r--s 00121000 08:02 8014045                    /usr/bin/processing-3.0/modes/java/mode/org.eclipse.osgi.jar
7fa539fb9000-7fa539ff1000 r--s 00515000 08:02 8014044                    /usr/bin/processing-3.0/modes/java/mode/org.eclipse.jdt.core.jar
7fa539ff1000-7fa539ff4000 r--s 0001c000 08:02 8014042                    /usr/bin/processing-3.0/modes/java/mode/org.eclipse.equinox.preferences.jar
7fa539ff4000-7fa539ff7000 r--s 00018000 08:02 8014034                    /usr/bin/processing-3.0/modes/java/mode/org.eclipse.equinox.common.jar
7fa539ff7000-7fa539ff9000 r--s 00011000 08:02 8014037                    /usr/bin/processing-3.0/modes/java/mode/org.eclipse.core.runtime.jar
7fa539ff9000-7fa53a004000 r--s 000c1000 08:02 8014040                    /usr/bin/processing-3.0/modes/java/mode/org.eclipse.core.resources.jar
7fa53a004000-7fa53a011000 r--s 000cb000 08:02 8014036                    /usr/bin/processing-3.0/modes/java/mode/jdimodel.jar
7fa53a011000-7fa53a06c000 r--s 009e2000 08:02 8014039                    /usr/bin/processing-3.0/modes/java/mode/com.ibm.icu.jar
7fa53a06c000-7fa53a075000 r-xp 00000000 08:02 6561541                    /usr/lib/x86_64-linux-gnu/libXrandr.so.2.2.0
7fa53a075000-7fa53a274000 ---p 00009000 08:02 6561541                    /usr/lib/x86_64-linux-gnu/libXrandr.so.2.2.0
7fa53a274000-7fa53a275000 r--p 00008000 08:02 6561541                    /usr/lib/x86_64-linux-gnu/libXrandr.so.2.2.0
7fa53a275000-7fa53a276000 rw-p 00009000 08:02 6561541                    /usr/lib/x86_64-linux-gnu/libXrandr.so.2.2.0
7fa53a276000-7fa53a279000 ---p 00000000 00:00 0 
7fa53a279000-7fa53a377000 rw-p 00000000 00:00 0                          [stack:9428]
7fa53a377000-7fa53a37c000 r-xp 00000000 08:02 6561523                    /usr/lib/x86_64-linux-gnu/libXfixes.so.3.1.0
7fa53a37c000-7fa53a57b000 ---p 00005000 08:02 6561523                    /usr/lib/x86_64-linux-gnu/libXfixes.so.3.1.0
7fa53a57b000-7fa53a57c000 r--p 00004000 08:02 6561523                    /usr/lib/x86_64-linux-gnu/libXfixes.so.3.1.0
7fa53a57c000-7fa53a57d000 rw-p 00005000 08:02 6561523                    /usr/lib/x86_64-linux-gnu/libXfixes.so.3.1.0
7fa53a57d000-7fa53a586000 r-xp 00000000 08:02 6561515                    /usr/lib/x86_64-linux-gnu/libXcursor.so.1.0.2
7fa53a586000-7fa53a785000 ---p 00009000 08:02 6561515                    /usr/lib/x86_64-linux-gnu/libXcursor.so.1.0.2
7fa53a785000-7fa53a786000 r--p 00008000 08:02 6561515                    /usr/lib/x86_64-linux-gnu/libXcursor.so.1.0.2
7fa53a786000-7fa53a787000 rw-p 00009000 08:02 6561515                    /usr/lib/x86_64-linux-gnu/libXcursor.so.1.0.2
7fa53a787000-7fa53a79d000 r-xp 00000000 08:02 13635717                   /lib/x86_64-linux-gnu/libgcc_s.so.1
7fa53a79d000-7fa53a99c000 ---p 00016000 08:02 13635717                   /lib/x86_64-linux-gnu/libgcc_s.so.1
7fa53a99c000-7fa53a99d000 rw-p 00015000 08:02 13635717                   /lib/x86_64-linux-gnu/libgcc_s.so.1
7fa53a99d000-7fa53aa03000 r-xp 00000000 08:02 8012146                    /usr/bin/processing-3.0/java/lib/amd64/libfontmanager.so
7fa53aa03000-7fa53ac02000 ---p 00066000 08:02 8012146                    /usr/bin/processing-3.0/java/lib/amd64/libfontmanager.so
7fa53ac02000-7fa53ac06000 rw-p 00065000 08:02 8012146                    /usr/bin/processing-3.0/java/lib/amd64/libfontmanager.so
7fa53ac06000-7fa53ac17000 rw-p 00000000 00:00 0 
7fa53ac17000-7fa53ac1c000 r-xp 00000000 08:02 6561519                    /usr/lib/x86_64-linux-gnu/libXdmcp.so.6.0.0
7fa53ac1c000-7fa53ae1b000 ---p 00005000 08:02 6561519                    /usr/lib/x86_64-linux-gnu/libXdmcp.so.6.0.0
7fa53ae1b000-7fa53ae1c000 r--p 00004000 08:02 6561519                    /usr/lib/x86_64-linux-gnu/libXdmcp.so.6.0.0
7fa53ae1c000-7fa53ae1d000 rw-p 00005000 08:02 6561519                    /usr/lib/x86_64-linux-gnu/libXdmcp.so.6.0.0
7fa53ae1d000-7fa53ae1f000 r-xp 00000000 08:02 6561508                    /usr/lib/x86_64-linux-gnu/libXau.so.6.0.0
7fa53ae1f000-7fa53b01f000 ---p 00002000 08:02 6561508                    /usr/lib/x86_64-linux-gnu/libXau.so.6.0.0
7fa53b01f000-7fa53b020000 r--p 00002000 08:02 6561508                    /usr/lib/x86_64-linux-gnu/libXau.so.6.0.0
7fa53b020000-7fa53b021000 rw-p 00003000 08:02 6561508                    /usr/lib/x86_64-linux-gnu/libXau.so.6.0.0
7fa53b021000-7fa53b03e000 r-xp 00000000 08:02 6562574                    /usr/lib/x86_64-linux-gnu/libxcb.so.1.1.0
7fa53b03e000-7fa53b23e000 ---p 0001d000 08:02 6562574                    /usr/lib/x86_64-linux-gnu/libxcb.so.1.1.0
7fa53b23e000-7fa53b23f000 r--p 0001d000 08:02 6562574                    /usr/lib/x86_64-linux-gnu/libxcb.so.1.1.0
7fa53b23f000-7fa53b240000 rw-p 0001e000 08:02 6562574                    /usr/lib/x86_64-linux-gnu/libxcb.so.1.1.0
7fa53b240000-7fa53b24f000 r-xp 00000000 08:02 6561529                    /usr/lib/x86_64-linux-gnu/libXi.so.6.1.0
7fa53b24f000-7fa53b44e000 ---p 0000f000 08:02 6561529                    /usr/lib/x86_64-linux-gnu/libXi.so.6.1.0
7fa53b44e000-7fa53b44f000 r--p 0000e000 08:02 6561529                    /usr/lib/x86_64-linux-gnu/libXi.so.6.1.0
7fa53b44f000-7fa53b450000 rw-p 0000f000 08:02 6561529                    /usr/lib/x86_64-linux-gnu/libXi.so.6.1.0
7fa53b450000-7fa53b455000 r-xp 00000000 08:02 6561549                    /usr/lib/x86_64-linux-gnu/libXtst.so.6.1.0
7fa53b455000-7fa53b654000 ---p 00005000 08:02 6561549                    /usr/lib/x86_64-linux-gnu/libXtst.so.6.1.0
7fa53b654000-7fa53b655000 r--p 00004000 08:02 6561549                    /usr/lib/x86_64-linux-gnu/libXtst.so.6.1.0
7fa53b655000-7fa53b656000 rw-p 00005000 08:02 6561549                    /usr/lib/x86_64-linux-gnu/libXtst.so.6.1.0
7fa53b656000-7fa53b65f000 r-xp 00000000 08:02 6561543                    /usr/lib/x86_64-linux-gnu/libXrender.so.1.3.0
7fa53b65f000-7fa53b85e000 ---p 00009000 08:02 6561543                    /usr/lib/x86_64-linux-gnu/libXrender.so.1.3.0
7fa53b85e000-7fa53b85f000 r--p 00008000 08:02 6561543                    /usr/lib/x86_64-linux-gnu/libXrender.so.1.3.0
7fa53b85f000-7fa53b860000 rw-p 00009000 08:02 6561543                    /usr/lib/x86_64-linux-gnu/libXrender.so.1.3.0
7fa53b860000-7fa53b990000 r-xp 00000000 08:02 6561504                    /usr/lib/x86_64-linux-gnu/libX11.so.6.3.0
7fa53b990000-7fa53bb90000 ---p 00130000 08:02 6561504                    /usr/lib/x86_64-linux-gnu/libX11.so.6.3.0
7fa53bb90000-7fa53bb91000 r--p 00130000 08:02 6561504                    /usr/lib/x86_64-linux-gnu/libX11.so.6.3.0
7fa53bb91000-7fa53bb95000 rw-p 00131000 08:02 6561504                    /usr/lib/x86_64-linux-gnu/libX11.so.6.3.0
7fa53bb95000-7fa53bba6000 r-xp 00000000 08:02 6561521                    /usr/lib/x86_64-linux-gnu/libXext.so.6.4.0
7fa53bba6000-7fa53bda5000 ---p 00011000 08:02 6561521                    /usr/lib/x86_64-linux-gnu/libXext.so.6.4.0
7fa53bda5000-7fa53bda6000 r--p 00010000 08:02 6561521                    /usr/lib/x86_64-linux-gnu/libXext.so.6.4.0
7fa53bda6000-7fa53bda7000 rw-p 00011000 08:02 6561521                    /usr/lib/x86_64-linux-gnu/libXext.so.6.4.0
7fa53bda7000-7fa53bdfb000 r-xp 00000000 08:02 8012182                    /usr/bin/processing-3.0/java/lib/amd64/libawt_xawt.so
7fa53bdfb000-7fa53bffb000 ---p 00054000 08:02 8012182                    /usr/bin/processing-3.0/java/lib/amd64/libawt_xawt.so
7fa53bffb000-7fa53bfff000 rw-p 00054000 08:02 8012182                    /usr/bin/processing-3.0/java/lib/amd64/libawt_xawt.so
7fa53bfff000-7fa53c000000 rw-p 00000000 00:00 0 
7fa53c000000-7fa53c8c0000 rw-p 00000000 00:00 0 
7fa53c8c0000-7fa540000000 ---p 00000000 00:00 0 
7fa540000000-7fa540021000 rw-p 00000000 00:00 0 
7fa540021000-7fa544000000 ---p 00000000 00:00 0 
7fa544000000-7fa5466c1000 rw-p 00000000 00:00 0 
7fa5466c1000-7fa548000000 ---p 00000000 00:00 0 
7fa548000000-7fa549921000 rw-p 00000000 00:00 0 
7fa549921000-7fa54c000000 ---p 00000000 00:00 0 
7fa54c000000-7fa54c021000 rw-p 00000000 00:00 0 
7fa54c021000-7fa550000000 ---p 00000000 00:00 0 
7fa550000000-7fa550021000 rw-p 00000000 00:00 0 
7fa550021000-7fa554000000 ---p 00000000 00:00 0 
7fa554000000-7fa554021000 rw-p 00000000 00:00 0 
7fa554021000-7fa558000000 ---p 00000000 00:00 0 
7fa558000000-7fa558021000 rw-p 00000000 00:00 0 
7fa558021000-7fa55c000000 ---p 00000000 00:00 0 
7fa55c000000-7fa55c021000 rw-p 00000000 00:00 0 
7fa55c021000-7fa560000000 ---p 00000000 00:00 0 
7fa560000000-7fa560021000 rw-p 00000000 00:00 0 
7fa560021000-7fa564000000 ---p 00000000 00:00 0 
7fa564000000-7fa564021000 rw-p 00000000 00:00 0 
7fa564021000-7fa568000000 ---p 00000000 00:00 0 
7fa568000000-7fa568021000 rw-p 00000000 00:00 0 
7fa568021000-7fa56c000000 ---p 00000000 00:00 0 
7fa56c000000-7fa56c021000 rw-p 00000000 00:00 0 
7fa56c021000-7fa570000000 ---p 00000000 00:00 0 
7fa570000000-7fa570021000 rw-p 00000000 00:00 0 
7fa570021000-7fa574000000 ---p 00000000 00:00 0 
7fa574000000-7fa574021000 rw-p 00000000 00:00 0 
7fa574021000-7fa578000000 ---p 00000000 00:00 0 
7fa578000000-7fa578002000 r--s 00016000 08:02 8014027                    /usr/bin/processing-3.0/modes/java/mode/org.eclipse.core.jobs.jar
7fa578002000-7fa578004000 r--s 00015000 08:02 8014029                    /usr/bin/processing-3.0/modes/java/mode/org.eclipse.core.contenttype.jar
7fa578004000-7fa578009000 r--s 0003f000 08:02 8014032                    /usr/bin/processing-3.0/modes/java/mode/jsoup-1.7.1.jar
7fa578009000-7fa57800a000 r--s 00003000 08:02 8014046                    /usr/bin/processing-3.0/modes/java/mode/jdtCompilerAdapter.jar
7fa57800a000-7fa57800e000 r--s 0000e000 08:02 8014030                    /usr/bin/processing-3.0/modes/java/mode/jdi.jar
7fa57800e000-7fa578014000 r--s 0007d000 08:02 8014033                    /usr/bin/processing-3.0/modes/java/mode/JavaMode.jar
7fa578014000-7fa578015000 r--s 00003000 08:02 8014035                    /usr/bin/processing-3.0/modes/java/mode/classpath-explorer-1.0.jar
7fa578015000-7fa57801a000 r--s 00068000 08:02 8014043                    /usr/bin/processing-3.0/modes/java/mode/antlr.jar
7fa57801a000-7fa578024000 r--s 00097000 08:02 6695776                    /usr/bin/processing-3.0/lib/pde.jar
7fa578024000-7fa578038000 r--s 00127000 08:02 6695832                    /usr/bin/processing-3.0/lib/jna.jar
7fa578038000-7fa57803a000 r--s 00002000 08:02 6695836                    /usr/bin/processing-3.0/lib/ant-launcher.jar
7fa57803a000-7fa578058000 r--s 001bb000 08:02 6695851                    /usr/bin/processing-3.0/lib/ant.jar
7fa578058000-7fa57805a000 r--s 00005000 08:02 4591938                    /home/akelly/sketchbook/libraries/minim/library/mp3spi1.9.5.jar
7fa57805a000-7fa57805e000 r--s 00040000 08:02 4591936                    /home/akelly/sketchbook/libraries/minim/library/jl1.0.1.jar
7fa57805e000-7fa578078000 r--s 01689000 08:02 6569030                    /usr/bin/processing-3.0/core/library/jogl-java-src.zip
7fa578078000-7fa578080000 r--s 003d3000 08:02 6569026                    /usr/bin/processing-3.0/core/library/gluegen-java-src.zip
7fa578080000-7fa5780a3000 r--s 00308000 08:02 6569034                    /usr/bin/processing-3.0/core/library/jogl-all.jar
7fa5780a3000-7fa5780a6000 ---p 00000000 00:00 0 
7fa5780a6000-7fa5781a4000 rw-p 00000000 00:00 0                          [stack:9427]
7fa5781a4000-7fa578246000 r-xp 00000000 08:02 8012174                    /usr/bin/processing-3.0/java/lib/amd64/libawt.so
7fa578246000-7fa578446000 ---p 000a2000 08:02 8012174                    /usr/bin/processing-3.0/java/lib/amd64/libawt.so
7fa578446000-7fa578452000 rw-p 000a2000 08:02 8012174                    /usr/bin/processing-3.0/java/lib/amd64/libawt.so
7fa578452000-7fa578476000 rw-p 00000000 00:00 0 
7fa578476000-7fa578477000 ---p 00000000 00:00 0 
7fa578477000-7fa578577000 rw-p 00000000 00:00 0                          [stack:9426]
7fa578577000-7fa57857a000 ---p 00000000 00:00 0 
7fa57857a000-7fa578678000 rw-p 00000000 00:00 0                          [stack:9425]
7fa578678000-7fa57867b000 ---p 00000000 00:00 0 
7fa57867b000-7fa578779000 rw-p 00000000 00:00 0                          [stack:9424]
7fa578779000-7fa57877c000 ---p 00000000 00:00 0 
7fa57877c000-7fa57887a000 rw-p 00000000 00:00 0                          [stack:9423]
7fa57887a000-7fa57887d000 ---p 00000000 00:00 0 
7fa57887d000-7fa57897b000 rw-p 00000000 00:00 0                          [stack:9422]
7fa57897b000-7fa57897e000 ---p 00000000 00:00 0 
7fa57897e000-7fa578a7c000 rw-p 00000000 00:00 0                          [stack:9416]
7fa578a7c000-7fa578a7f000 ---p 00000000 00:00 0 
7fa578a7f000-7fa578b7d000 rw-p 00000000 00:00 0                          [stack:9412]
7fa578b7d000-7fa578b80000 ---p 00000000 00:00 0 
7fa578b80000-7fa578c7e000 rw-p 00000000 00:00 0                          [stack:9411]
7fa578c7e000-7fa578c82000 r-xp 00000000 08:02 8012175                    /usr/bin/processing-3.0/java/lib/amd64/libdt_socket.so
7fa578c82000-7fa578e81000 ---p 00004000 08:02 8012175                    /usr/bin/processing-3.0/java/lib/amd64/libdt_socket.so
7fa578e81000-7fa578e82000 rw-p 00003000 08:02 8012175                    /usr/bin/processing-3.0/java/lib/amd64/libdt_socket.so
7fa578e82000-7fa578e85000 ---p 00000000 00:00 0 
7fa578e85000-7fa578f83000 rw-p 00000000 00:00 0                          [stack:9409]
7fa578f83000-7fa578f86000 ---p 00000000 00:00 0 
7fa578f86000-7fa579084000 rw-p 00000000 00:00 0                          [stack:9408]
7fa579084000-7fa579087000 ---p 00000000 00:00 0 
7fa579087000-7fa579185000 rw-p 00000000 00:00 0                          [stack:9407]
7fa579185000-7fa579186000 ---p 00000000 00:00 0 
7fa579186000-7fa57a268000 rw-p 00000000 00:00 0                          [stack:9406]
7fa57a268000-7fa57a440000 r--s 03d0c000 08:02 6695974                    /usr/bin/processing-3.0/java/lib/rt.jar
7fa57a440000-7fa5830ed000 rw-p 00000000 00:00 0 
7fa5830ed000-7fa5830ee000 ---p 00000000 00:00 0 
7fa5830ee000-7fa5831ee000 rw-p 00000000 00:00 0                          [stack:9405]
7fa5831ee000-7fa5831ef000 ---p 00000000 00:00 0 
7fa5831ef000-7fa5832ef000 rw-p 00000000 00:00 0                          [stack:9404]
7fa5832ef000-7fa5832f0000 ---p 00000000 00:00 0 
7fa5832f0000-7fa5833f0000 rw-p 00000000 00:00 0                          [stack:9403]
7fa5833f0000-7fa5833f1000 ---p 00000000 00:00 0 
7fa5833f1000-7fa583545000 rw-p 00000000 00:00 0                          [stack:9402]
7fa583545000-7fa583a21000 ---p 00000000 00:00 0 
7fa583a21000-7fa583a75000 rw-p 00000000 00:00 0 
7fa583a75000-7fa583f50000 ---p 00000000 00:00 0 
7fa583f50000-7fa584199000 rw-p 00000000 00:00 0 
7fa584199000-7fa5841e8000 ---p 00000000 00:00 0 
7fa5841e8000-7fa584209000 rw-p 00000000 00:00 0 
7fa584209000-7fa5845a9000 ---p 00000000 00:00 0 
7fa5845a9000-7fa584da9000 rwxp 00000000 00:00 0 
7fa584da9000-7fa5935a9000 ---p 00000000 00:00 0 
7fa5935a9000-7fa5935c3000 r-xp 00000000 08:02 8012189                    /usr/bin/processing-3.0/java/lib/amd64/libzip.so
7fa5935c3000-7fa5937c3000 ---p 0001a000 08:02 8012189                    /usr/bin/processing-3.0/java/lib/amd64/libzip.so
7fa5937c3000-7fa5937c4000 rw-p 0001a000 08:02 8012189                    /usr/bin/processing-3.0/java/lib/amd64/libzip.so
7fa5937c4000-7fa5937cf000 r-xp 00000000 08:02 13635765                   /lib/x86_64-linux-gnu/libnss_files-2.19.so
7fa5937cf000-7fa5939ce000 ---p 0000b000 08:02 13635765                   /lib/x86_64-linux-gnu/libnss_files-2.19.so
7fa5939ce000-7fa5939cf000 r--p 0000a000 08:02 13635765                   /lib/x86_64-linux-gnu/libnss_files-2.19.so
7fa5939cf000-7fa5939d0000 rw-p 0000b000 08:02 13635765                   /lib/x86_64-linux-gnu/libnss_files-2.19.so
7fa5939d0000-7fa5939db000 r-xp 00000000 08:02 13635775                   /lib/x86_64-linux-gnu/libnss_nis-2.19.so
7fa5939db000-7fa593bda000 ---p 0000b000 08:02 13635775                   /lib/x86_64-linux-gnu/libnss_nis-2.19.so
7fa593bda000-7fa593bdb000 r--p 0000a000 08:02 13635775                   /lib/x86_64-linux-gnu/libnss_nis-2.19.so
7fa593bdb000-7fa593bdc000 rw-p 0000b000 08:02 13635775                   /lib/x86_64-linux-gnu/libnss_nis-2.19.so
7fa593bdc000-7fa593bf3000 r-xp 00000000 08:02 13635759                   /lib/x86_64-linux-gnu/libnsl-2.19.so
7fa593bf3000-7fa593df2000 ---p 00017000 08:02 13635759                   /lib/x86_64-linux-gnu/libnsl-2.19.so
7fa593df2000-7fa593df3000 r--p 00016000 08:02 13635759                   /lib/x86_64-linux-gnu/libnsl-2.19.so
7fa593df3000-7fa593df4000 rw-p 00017000 08:02 13635759                   /lib/x86_64-linux-gnu/libnsl-2.19.so
7fa593df4000-7fa593df6000 rw-p 00000000 00:00 0 
7fa593df6000-7fa593dff000 r-xp 00000000 08:02 13635761                   /lib/x86_64-linux-gnu/libnss_compat-2.19.so
7fa593dff000-7fa593ffe000 ---p 00009000 08:02 13635761                   /lib/x86_64-linux-gnu/libnss_compat-2.19.so
7fa593ffe000-7fa593fff000 r--p 00008000 08:02 13635761                   /lib/x86_64-linux-gnu/libnss_compat-2.19.so
7fa593fff000-7fa594000000 rw-p 00009000 08:02 13635761                   /lib/x86_64-linux-gnu/libnss_compat-2.19.so
7fa594000000-7fa594863000 rw-p 00000000 00:00 0 
7fa594863000-7fa598000000 ---p 00000000 00:00 0 
7fa598000000-7fa598001000 r--s 0000b000 08:02 4591937                    /home/akelly/sketchbook/libraries/minim/library/jsminim.jar
7fa598001000-7fa598004000 r--s 00017000 08:02 4591933                    /home/akelly/sketchbook/libraries/minim/library/tritonus_share.jar
7fa598004000-7fa598007000 r--s 00016000 08:02 4591932                    /home/akelly/sketchbook/libraries/minim/library/minim.jar
7fa598007000-7fa598028000 rw-p 00000000 00:00 0 
7fa598028000-7fa59870a000 r--p 00000000 08:02 6560506                    /usr/lib/locale/locale-archive
7fa59870a000-7fa59870c000 r-xp 00000000 08:02 8012169                    /usr/bin/processing-3.0/java/lib/amd64/libnpt.so
7fa59870c000-7fa59890c000 ---p 00002000 08:02 8012169                    /usr/bin/processing-3.0/java/lib/amd64/libnpt.so
7fa59890c000-7fa59890d000 rw-p 00002000 08:02 8012169                    /usr/bin/processing-3.0/java/lib/amd64/libnpt.so
7fa59890d000-7fa598946000 r-xp 00000000 08:02 8012184                    /usr/bin/processing-3.0/java/lib/amd64/libjdwp.so
7fa598946000-7fa598b45000 ---p 00039000 08:02 8012184                    /usr/bin/processing-3.0/java/lib/amd64/libjdwp.so
7fa598b45000-7fa598b47000 rw-p 00038000 08:02 8012184                    /usr/bin/processing-3.0/java/lib/amd64/libjdwp.so
7fa598b47000-7fa598b71000 r-xp 00000000 08:02 8012204                    /usr/bin/processing-3.0/java/lib/amd64/libjava.so
7fa598b71000-7fa598d71000 ---p 0002a000 08:02 8012204                    /usr/bin/processing-3.0/java/lib/amd64/libjava.so
7fa598d71000-7fa598d73000 rw-p 0002a000 08:02 8012204                    /usr/bin/processing-3.0/java/lib/amd64/libjava.so
7fa598d73000-7fa598d80000 r-xp 00000000 08:02 8012148                    /usr/bin/processing-3.0/java/lib/amd64/libverify.so
7fa598d80000-7fa598f80000 ---p 0000d000 08:02 8012148                    /usr/bin/processing-3.0/java/lib/amd64/libverify.so
7fa598f80000-7fa598f82000 rw-p 0000d000 08:02 8012148                    /usr/bin/processing-3.0/java/lib/amd64/libverify.so
7fa598f82000-7fa598f89000 r-xp 00000000 08:02 13635818                   /lib/x86_64-linux-gnu/librt-2.19.so
7fa598f89000-7fa599188000 ---p 00007000 08:02 13635818                   /lib/x86_64-linux-gnu/librt-2.19.so
7fa599188000-7fa599189000 r--p 00006000 08:02 13635818                   /lib/x86_64-linux-gnu/librt-2.19.so
7fa599189000-7fa59918a000 rw-p 00007000 08:02 13635818                   /lib/x86_64-linux-gnu/librt-2.19.so
7fa59918a000-7fa59928f000 r-xp 00000000 08:02 13635740                   /lib/x86_64-linux-gnu/libm-2.19.so
7fa59928f000-7fa59948e000 ---p 00105000 08:02 13635740                   /lib/x86_64-linux-gnu/libm-2.19.so
7fa59948e000-7fa59948f000 r--p 00104000 08:02 13635740                   /lib/x86_64-linux-gnu/libm-2.19.so
7fa59948f000-7fa599490000 rw-p 00105000 08:02 13635740                   /lib/x86_64-linux-gnu/libm-2.19.so
7fa599490000-7fa59a13e000 r-xp 00000000 08:02 8012167                    /usr/bin/processing-3.0/java/lib/amd64/server/libjvm.so
7fa59a13e000-7fa59a33e000 ---p 00cae000 08:02 8012167                    /usr/bin/processing-3.0/java/lib/amd64/server/libjvm.so
7fa59a33e000-7fa59a415000 rw-p 00cae000 08:02 8012167                    /usr/bin/processing-3.0/java/lib/amd64/server/libjvm.so
7fa59a415000-7fa59a459000 rw-p 00000000 00:00 0 
7fa59a459000-7fa59a614000 r-xp 00000000 08:02 13635690                   /lib/x86_64-linux-gnu/libc-2.19.so
7fa59a614000-7fa59a813000 ---p 001bb000 08:02 13635690                   /lib/x86_64-linux-gnu/libc-2.19.so
7fa59a813000-7fa59a817000 r--p 001ba000 08:02 13635690                   /lib/x86_64-linux-gnu/libc-2.19.so
7fa59a817000-7fa59a819000 rw-p 001be000 08:02 13635690                   /lib/x86_64-linux-gnu/libc-2.19.so
7fa59a819000-7fa59a81e000 rw-p 00000000 00:00 0 
7fa59a81e000-7fa59a821000 r-xp 00000000 08:02 13635707                   /lib/x86_64-linux-gnu/libdl-2.19.so
7fa59a821000-7fa59aa20000 ---p 00003000 08:02 13635707                   /lib/x86_64-linux-gnu/libdl-2.19.so
7fa59aa20000-7fa59aa21000 r--p 00002000 08:02 13635707                   /lib/x86_64-linux-gnu/libdl-2.19.so
7fa59aa21000-7fa59aa22000 rw-p 00003000 08:02 13635707                   /lib/x86_64-linux-gnu/libdl-2.19.so
7fa59aa22000-7fa59aa37000 r-xp 00000000 08:02 8012145                    /usr/bin/processing-3.0/java/lib/amd64/jli/libjli.so
7fa59aa37000-7fa59ac37000 ---p 00015000 08:02 8012145                    /usr/bin/processing-3.0/java/lib/amd64/jli/libjli.so
7fa59ac37000-7fa59ac38000 rw-p 00015000 08:02 8012145                    /usr/bin/processing-3.0/java/lib/amd64/jli/libjli.so
7fa59ac38000-7fa59ac51000 r-xp 00000000 08:02 13635810                   /lib/x86_64-linux-gnu/libpthread-2.19.so
7fa59ac51000-7fa59ae50000 ---p 00019000 08:02 13635810                   /lib/x86_64-linux-gnu/libpthread-2.19.so
7fa59ae50000-7fa59ae51000 r--p 00018000 08:02 13635810                   /lib/x86_64-linux-gnu/libpthread-2.19.so
7fa59ae51000-7fa59ae52000 rw-p 00019000 08:02 13635810                   /lib/x86_64-linux-gnu/libpthread-2.19.so
7fa59ae52000-7fa59ae56000 rw-p 00000000 00:00 0 
7fa59ae56000-7fa59ae79000 r-xp 00000000 08:02 13635666                   /lib/x86_64-linux-gnu/ld-2.19.so
7fa59ae79000-7fa59ae7a000 r--s 00002000 08:02 4591935                    /home/akelly/sketchbook/libraries/minim/library/tritonus_aos.jar
7fa59ae7a000-7fa59ae7b000 r--s 00001000 08:02 6569033                    /usr/bin/processing-3.0/core/library/gluegen-rt-natives-macosx-universal.jar
7fa59ae7b000-7fa59ae7d000 r--s 00038000 08:02 6569032                    /usr/bin/processing-3.0/core/library/jogl-all-natives-windows-amd64.jar
7fa59ae7d000-7fa59ae7e000 r--s 00034000 08:02 6569031                    /usr/bin/processing-3.0/core/library/jogl-all-natives-linux-amd64.jar
7fa59ae7e000-7fa59ae7f000 r--s 00001000 08:02 6569036                    /usr/bin/processing-3.0/core/library/gluegen-rt-natives-windows-i586.jar
7fa59ae7f000-7fa59af50000 rw-p 00000000 00:00 0 
7fa59af50000-7fa59af53000 ---p 00000000 00:00 0 
7fa59af53000-7fa59b055000 rw-p 00000000 00:00 0                          [stack:9401]
7fa59b055000-7fa59b05b000 r--s 0004a000 08:02 6569021                    /usr/bin/processing-3.0/core/library/gluegen-rt.jar
7fa59b05b000-7fa59b05c000 r--s 00000000 08:02 6569035                    /usr/bin/processing-3.0/core/library/gluegen-rt-natives-linux-armv6hf.jar
7fa59b05c000-7fa59b05d000 r--s 00031000 08:02 6569019                    /usr/bin/processing-3.0/core/library/jogl-all-natives-windows-i586.jar
7fa59b05d000-7fa59b05e000 r--s 00001000 08:02 6569022                    /usr/bin/processing-3.0/core/library/gluegen-rt-natives-windows-amd64.jar
7fa59b05e000-7fa59b060000 r--s 0006c000 08:02 6569020                    /usr/bin/processing-3.0/core/library/jogl-all-natives-macosx-universal.jar
7fa59b060000-7fa59b065000 r--s 000f0000 08:02 6569027                    /usr/bin/processing-3.0/core/library/core.jar
7fa59b065000-7fa59b067000 r--s 00000000 08:02 6569025                    /usr/bin/processing-3.0/core/library/gluegen-rt-natives-linux-amd64.jar
7fa59b067000-7fa59b068000 r--s 00026000 08:02 6569028                    /usr/bin/processing-3.0/core/library/jogl-all-natives-linux-armv6hf.jar
7fa59b068000-7fa59b069000 r--s 00032000 08:02 6569024                    /usr/bin/processing-3.0/core/library/jogl-all-natives-linux-i586.jar
7fa59b069000-7fa59b06b000 r--s 00000000 08:02 6569023                    /usr/bin/processing-3.0/core/library/gluegen-rt-natives-linux-i586.jar
7fa59b06b000-7fa59b06c000 rw-p 00000000 00:00 0 
7fa59b06c000-7fa59b074000 rw-s 00000000 08:02 4325390                    /tmp/hsperfdata_akelly/9399
7fa59b074000-7fa59b075000 rw-p 00000000 00:00 0 
7fa59b075000-7fa59b076000 r--p 00000000 00:00 0 
7fa59b076000-7fa59b078000 rw-p 00000000 00:00 0 
7fa59b078000-7fa59b079000 r--p 00022000 08:02 13635666                   /lib/x86_64-linux-gnu/ld-2.19.so
7fa59b079000-7fa59b07a000 rw-p 00023000 08:02 13635666                   /lib/x86_64-linux-gnu/ld-2.19.so
7fa59b07a000-7fa59b07b000 rw-p 00000000 00:00 0 
7ffdaaef6000-7ffdaaf19000 rw-p 00000000 00:00 0                          [stack]
7ffdaafb0000-7ffdaafb2000 r--p 00000000 00:00 0                          [vvar]
7ffdaafb2000-7ffdaafb4000 r-xp 00000000 00:00 0                          [vdso]
ffffffffff600000-ffffffffff601000 r-xp 00000000 00:00 0                  [vsyscall]

VM Arguments:
jvm_args: -agentlib:jdwp=transport=dt_socket,address=8077,server=y,suspend=y -Djava.library.path=:/usr/bin/processing-3.0/core/library:/home/akelly/sketchbook/libraries/minim/library:/usr/java/packages/lib/amd64:/usr/lib64:/lib64:/lib:/usr/lib -ea 
java_command: processing.core.PApplet --display=1 --sketch-path=/home/akelly/sketchbook/_audioVisualizer/_audioVisualizer/build build
java_class_path (initial): /home/akelly/sketchbook/_audioVisualizer/_audioVisualizer/build/build-tmp:/usr/bin/processing-3.0/core/library/gluegen-rt-natives-linux-i586.jar:/usr/bin/processing-3.0/core/library/jogl-all-natives-linux-i586.jar:/usr/bin/processing-3.0/core/library/jogl-all-natives-linux-armv6hf.jar:/usr/bin/processing-3.0/core/library/gluegen-rt-natives-linux-amd64.jar:/usr/bin/processing-3.0/core/library/core.jar:/usr/bin/processing-3.0/core/library/jogl-all-natives-macosx-universal.jar:/usr/bin/processing-3.0/core/library/gluegen-rt-natives-windows-amd64.jar:/usr/bin/processing-3.0/core/library/jogl-all-natives-windows-i586.jar:/usr/bin/processing-3.0/core/library/gluegen-rt-natives-linux-armv6hf.jar:/usr/bin/processing-3.0/core/library/gluegen-rt.jar:/usr/bin/processing-3.0/core/library/gluegen-rt-natives-windows-i586.jar:/usr/bin/processing-3.0/core/library/jogl-all.jar:/usr/bin/processing-3.0/core/library/jogl-all-natives-linux-amd64.jar:/usr/bin/processing-3.0/core/library/jogl-all-natives-windows-amd64.jar:/usr/bin/processing-3.0/core/library/gluegen-java-src.zip:/usr/bin/processing-3.0/core/library/jogl-java-src.zip:/usr/bin/processing-3.0/core/library/gluegen-rt-natives-macosx-universal.jar:/usr/bin/processing-3.0/core/library/gluegen-rt-natives-linux-i586.jar:/usr/bin/processing-3.0/core/library/jogl-all-natives-linux-i586.jar:/usr/bin/processing-3.0/core/library/jogl-all-natives-linux-armv6hf.jar:/usr/bin/processing-3.0/core/library/gluegen-rt-natives-linux-amd64.jar:/usr/bin/processing-3.0/core/library/core.jar:/usr/bin/processing-3.0/core/library/jogl-all-natives-macosx-universal.jar:/usr/bin/processing-3.0/core/library/gluegen-rt-natives-windows-amd64.jar:/usr/bin/processing-3.0/core/library/jogl-all-natives-windows-i586.jar:/usr/bin/processing-3.0/core/library/gluegen-rt-natives-linux-armv6hf.jar:/usr/bin/processing-3.0/core/library/gluegen-rt.jar:/usr/bin/processing-3.0/core/library/gluegen-rt-natives-windows-i586.jar:/usr/bin/processi
Launcher Type: SUN_STANDARD

Environment Variables:
PATH=/usr/bin/processing-3.0/java/bin:/usr/local/sbin:/usr/local/bin:/usr/sbin:/usr/bin:/sbin:/bin:/usr/games:/usr/local/games
SHELL=/bin/bash
DISPLAY=:0

Signal Handlers:
SIGSEGV: [libjvm.so+0xaad540], sa_mask[0]=11111111011111111101111111111110, sa_flags=SA_RESTART|SA_SIGINFO
SIGBUS: [libjvm.so+0xaad540], sa_mask[0]=11111111011111111101111111111110, sa_flags=SA_RESTART|SA_SIGINFO
SIGFPE: [libjvm.so+0x90b6b0], sa_mask[0]=11111111011111111101111111111110, sa_flags=SA_RESTART|SA_SIGINFO
SIGPIPE: [libjvm.so+0x90b6b0], sa_mask[0]=11111111011111111101111111111110, sa_flags=SA_RESTART|SA_SIGINFO
SIGXFSZ: [libjvm.so+0x90b6b0], sa_mask[0]=11111111011111111101111111111110, sa_flags=SA_RESTART|SA_SIGINFO
SIGILL: [libjvm.so+0x90b6b0], sa_mask[0]=11111111011111111101111111111110, sa_flags=SA_RESTART|SA_SIGINFO
SIGUSR1: SIG_DFL, sa_mask[0]=00000000000000000000000000000000, sa_flags=none
SIGUSR2: [libjvm.so+0x90ccf0], sa_mask[0]=00100000000000000000000000000000, sa_flags=SA_RESTART|SA_SIGINFO
SIGHUP: [libjvm.so+0x90e040], sa_mask[0]=11111111011111111101111111111110, sa_flags=SA_RESTART|SA_SIGINFO
SIGINT: [libjvm.so+0x90e040], sa_mask[0]=11111111011111111101111111111110, sa_flags=SA_RESTART|SA_SIGINFO
SIGTERM: [libjvm.so+0x90e040], sa_mask[0]=11111111011111111101111111111110, sa_flags=SA_RESTART|SA_SIGINFO
SIGQUIT: [libjvm.so+0x90e040], sa_mask[0]=11111111011111111101111111111110, sa_flags=SA_RESTART|SA_SIGINFO


---------------  S Y S T E M  ---------------

OS:DISTRIB_ID=Ubuntu
DISTRIB_RELEASE=14.04
DISTRIB_CODENAME=trusty
DISTRIB_DESCRIPTION="Ubuntu 14.04.3 LTS"

uname:Linux 3.19.0-28-generic #30~14.04.1-Ubuntu SMP Tue Sep 1 09:32:55 UTC 2015 x86_64
libc:glibc 2.19 NPTL 2.19 
rlimit: STACK 8192k, CORE 0k, NPROC 63284, NOFILE 4096, AS infinity
load average:2.11 1.93 2.23

/proc/meminfo:
MemTotal:       16309452 kB
MemFree:        10546876 kB
MemAvailable:   11775704 kB
Buffers:          117472 kB
Cached:          1790376 kB
SwapCached:           48 kB
Active:          4641756 kB
Inactive:         852596 kB
Active(anon):    3705116 kB
Inactive(anon):   435324 kB
Active(file):     936640 kB
Inactive(file):   417272 kB
Unevictable:          92 kB
Mlocked:              92 kB
SwapTotal:      16653308 kB
SwapFree:       16584364 kB
Dirty:               116 kB
Writeback:             0 kB
AnonPages:       3586608 kB
Mapped:           548376 kB
Shmem:            553940 kB
Slab:             129356 kB
SReclaimable:      87716 kB
SUnreclaim:        41640 kB
KernelStack:       10320 kB
PageTables:        52564 kB
NFS_Unstable:          0 kB
Bounce:                0 kB
WritebackTmp:          0 kB
CommitLimit:    24808032 kB
Committed_AS:    9839100 kB
VmallocTotal:   34359738367 kB
VmallocUsed:      384832 kB
VmallocChunk:   34359343192 kB
HardwareCorrupted:     0 kB
AnonHugePages:   1507328 kB
CmaTotal:              0 kB
CmaFree:               0 kB
HugePages_Total:       0
HugePages_Free:        0
HugePages_Rsvd:        0
HugePages_Surp:        0
Hugepagesize:       2048 kB
DirectMap4k:      200108 kB
DirectMap2M:    12259328 kB
DirectMap1G:     4194304 kB


CPU:total 4 (2 cores per cpu, 2 threads per core) family 6 model 61 stepping 4, cmov, cx8, fxsr, mmx, sse, sse2, sse3, ssse3, sse4.1, sse4.2, popcnt, avx, avx2, aes, clmul, erms, rtm, 3dnowpref, lzcnt, ht, tsc, tscinvbit, bmi1, bmi2, adx

/proc/cpuinfo:
processor	: 0
vendor_id	: GenuineIntel
cpu family	: 6
model		: 61
model name	: Intel(R) Core(TM) i7-5600U CPU @ 2.60GHz
stepping	: 4
microcode	: 0x19
cpu MHz		: 2309.937
cache size	: 4096 KB
physical id	: 0
siblings	: 4
core id		: 0
cpu cores	: 2
apicid		: 0
initial apicid	: 0
fpu		: yes
fpu_exception	: yes
cpuid level	: 20
wp		: yes
flags		: fpu vme de pse tsc msr pae mce cx8 apic sep mtrr pge mca cmov pat pse36 clflush dts acpi mmx fxsr sse sse2 ss ht tm pbe syscall nx pdpe1gb rdtscp lm constant_tsc arch_perfmon pebs bts rep_good nopl xtopology nonstop_tsc aperfmperf eagerfpu pni pclmulqdq dtes64 monitor ds_cpl vmx smx est tm2 ssse3 fma cx16 xtpr pdcm pcid sse4_1 sse4_2 x2apic movbe popcnt tsc_deadline_timer aes xsave avx f16c rdrand lahf_lm abm 3dnowprefetch ida arat epb pln pts dtherm tpr_shadow vnmi flexpriority ept vpid fsgsbase tsc_adjust bmi1 hle avx2 smep bmi2 erms invpcid rtm rdseed adx smap xsaveopt
bugs		:
bogomips	: 5188.48
clflush size	: 64
cache_alignment	: 64
address sizes	: 39 bits physical, 48 bits virtual
power management:

processor	: 1
vendor_id	: GenuineIntel
cpu family	: 6
model		: 61
model name	: Intel(R) Core(TM) i7-5600U CPU @ 2.60GHz
stepping	: 4
microcode	: 0x19
cpu MHz		: 2399.921
cache size	: 4096 KB
physical id	: 0
siblings	: 4
core id		: 0
cpu cores	: 2
apicid		: 1
initial apicid	: 1
fpu		: yes
fpu_exception	: yes
cpuid level	: 20
wp		: yes
flags		: fpu vme de pse tsc msr pae mce cx8 apic sep mtrr pge mca cmov pat pse36 clflush dts acpi mmx fxsr sse sse2 ss ht tm pbe syscall nx pdpe1gb rdtscp lm constant_tsc arch_perfmon pebs bts rep_good nopl xtopology nonstop_tsc aperfmperf eagerfpu pni pclmulqdq dtes64 monitor ds_cpl vmx smx est tm2 ssse3 fma cx16 xtpr pdcm pcid sse4_1 sse4_2 x2apic movbe popcnt tsc_deadline_timer aes xsave avx f16c rdrand lahf_lm abm 3dnowprefetch ida arat epb pln pts dtherm tpr_shadow vnmi flexpriority ept vpid fsgsbase tsc_adjust bmi1 hle avx2 smep bmi2 erms invpcid rtm rdseed adx smap xsaveopt
bugs		:
bogomips	: 5188.48
clflush size	: 64
cache_alignment	: 64
address sizes	: 39 bits physical, 48 bits virtual
power management:

processor	: 2
vendor_id	: GenuineIntel
cpu family	: 6
model		: 61
model name	: Intel(R) Core(TM) i7-5600U CPU @ 2.60GHz
stepping	: 4
microcode	: 0x19
cpu MHz		: 2400.023
cache size	: 4096 KB
physical id	: 0
siblings	: 4
core id		: 1
cpu cores	: 2
apicid		: 2
initial apicid	: 2
fpu		: yes
fpu_exception	: yes
cpuid level	: 20
wp		: yes
flags		: fpu vme de pse tsc msr pae mce cx8 apic sep mtrr pge mca cmov pat pse36 clflush dts acpi mmx fxsr sse sse2 ss ht tm pbe syscall nx pdpe1gb rdtscp lm constant_tsc arch_perfmon pebs bts rep_good nopl xtopology nonstop_tsc aperfmperf eagerfpu pni pclmulqdq dtes64 monitor ds_cpl vmx smx est tm2 ssse3 fma cx16 xtpr pdcm pcid sse4_1 sse4_2 x2apic movbe popcnt tsc_deadline_timer aes xsave avx f16c rdrand lahf_lm abm 3dnowprefetch ida arat epb pln pts dtherm tpr_shadow vnmi flexpriority ept vpid fsgsbase tsc_adjust bmi1 hle avx2 smep bmi2 erms invpcid rtm rdseed adx smap xsaveopt
bugs		:
bogomips	: 5188.48
clflush size	: 64
cache_alignment	: 64
address sizes	: 39 bits physical, 48 bits virtual
power management:

processor	: 3
vendor_id	: GenuineIntel
cpu family	: 6
model		: 61
model name	: Intel(R) Core(TM) i7-5600U CPU @ 2.60GHz
stepping	: 4
microcode	: 0x19
cpu MHz		: 2381.539
cache size	: 4096 KB
physical id	: 0
siblings	: 4
core id		: 1
cpu cores	: 2
apicid		: 3
initial apicid	: 3
fpu		: yes
fpu_exception	: yes
cpuid level	: 20
wp		: yes
flags		: fpu vme de pse tsc msr pae mce cx8 apic sep mtrr pge mca cmov pat pse36 clflush dts acpi mmx fxsr sse sse2 ss ht tm pbe syscall nx pdpe1gb rdtscp lm constant_tsc arch_perfmon pebs bts rep_good nopl xtopology nonstop_tsc aperfmperf eagerfpu pni pclmulqdq dtes64 monitor ds_cpl vmx smx est tm2 ssse3 fma cx16 xtpr pdcm pcid sse4_1 sse4_2 x2apic movbe popcnt tsc_deadline_timer aes xsave avx f16c rdrand lahf_lm abm 3dnowprefetch ida arat epb pln pts dtherm tpr_shadow vnmi flexpriority ept vpid fsgsbase tsc_adjust bmi1 hle avx2 smep bmi2 erms invpcid rtm rdseed adx smap xsaveopt
bugs		:
bogomips	: 5188.48
clflush size	: 64
cache_alignment	: 64
address sizes	: 39 bits physical, 48 bits virtual
power management:



Memory: 4k page, physical 16309452k(10546876k free), swap 16653308k(16584364k free)

vm_info: Java HotSpot(TM) 64-Bit Server VM (25.51-b03) for linux-amd64 JRE (1.8.0_51-b16), built on Jun  8 2015 19:28:07 by "java_re" with gcc 4.3.0 20080428 (Red Hat 4.3.0-8)

time: Sat Oct 10 16:00:23 2015
elapsed time: 108 seconds (0d 0h 1m 48s)

