#
# A fatal error has been detected by the Java Runtime Environment:
#
#  SIGSEGV (0xb) at pc=0x00007f523eb80998, pid=9830, tid=139991610947328
#
# JRE version: Java(TM) SE Runtime Environment (8.0_51-b16) (build 1.8.0_51-b16)
# Java VM: Java HotSpot(TM) 64-Bit Server VM (25.51-b03 mixed mode linux-amd64 compressed oops)
# Problematic frame:
# C  [i965_dri.so+0x3c9998]
#
# Failed to write core dump. Core dumps have been disabled. To enable core dumping, try "ulimit -c unlimited" before starting Java again
#
# If you would like to submit a bug report, please visit:
#   http://bugreport.java.com/bugreport/crash.jsp
# The crash happened outside the Java Virtual Machine in native code.
# See problematic frame for where to report the bug.
#

---------------  T H R E A D  ---------------

Current thread (0x00007f52bc6dc000):  JavaThread "main-Display-.x11_:0-1-EDT-1" daemon [_thread_in_native, id=9870, stack(0x00007f52562df000,0x00007f52563e0000)]

siginfo: si_signo: 11 (SIGSEGV), si_code: 1 (SEGV_MAPERR), si_addr: 0x0000000100000000

Registers:
RAX=0x00007f523eb80990, RBX=0x00007f523404f7c0, RCX=0x0000000000000000, RDX=0x0000000000000001
RSP=0x00007f52563dd480, RBP=0x00007f5240022100, RSI=0x00007f523404f8a0, RDI=0x0000000100000000
R8 =0x0000000000000000, R9 =0x00007f5255c8cfc0, R10=0x00007f52ad6d3687, R11=0x00000006c74fbf18
R12=0x00007f524001fc20, R13=0x0000000000000000, R14=0x00007f52400232c0, R15=0x0000000000000000
RIP=0x00007f523eb80998, EFLAGS=0x0000000000010202, CSGSFS=0x0000000000000033, ERR=0x0000000000000004
  TRAPNO=0x000000000000000e

Top of Stack: (sp=0x00007f52563dd480)
0x00007f52563dd480:   00007f52563dd570 0000000000000000
0x00007f52563dd490:   00007f523404f7c0 00007f5240022100
0x00007f52563dd4a0:   00007f524001fc20 00007f5255c8d04e
0x00007f52563dd4b0:   00007f52563dd4e8 00007f5255eda660
0x00007f52563dd4c0:   00007f5240014b10 00007f5200000000
0x00007f52563dd4d0:   0000000000000000 0000000000000000
0x00007f52563dd4e0:   00007f52ad0055d0 00007f523404f7c0
0x00007f52563dd4f0:   0000000004200002 0000000000000000
0x00007f52563dd500:   00007f52563dd570 0000000000000000
0x00007f52563dd510:   00007f52563dd650 00007f52563dd5b0
0x00007f52563dd520:   00007f52bc6dc000 00007f525439fba7
0x00007f52563dd530:   00000006c7a32638 00007f5255c66ab0
0x00007f52563dd540:   0000000004200002 00007f5240014b10
0x00007f52563dd550:   00007f52563dd5b0 00007f52bc6dc1f8
0x00007f52563dd560:   00000006c73ffac0 00007f5255c66ab0
0x00007f52563dd570:   00007f52563dd5c0 00007f52ad6d36fd
0x00007f52563dd580:   00000006c7a32628 00007f52d8f464c9
0x00007f52563dd590:   00000006c7a32638 00000006c7a32648
0x00007f52563dd5a0:   00007f523cba57d8 00007f52bc6dc000
0x00007f52563dd5b0:   00000006c74fbf18 00007f52bc68ec30
0x00007f52563dd5c0:   00000006c73ffac0 00007f52ad12ee00
0x00007f52563dd5d0:   00000006c73ffac0 0000000000000003
0x00007f52563dd5e0:   00000006c79798d8 00007f5240014b10
0x00007f52563dd5f0:   0000000004200002 00007f5255c66ab0
0x00007f52563dd600:   00000006c73ffbb8 00000000000000b6
0x00007f52563dd610:   0000000000000000 00007f523cba579f
0x00007f52563dd620:   00007f52563dd6b8 00007f52bc6dc000
0x00007f52563dd630:   00007f52563dd698 00007f52ad007ccd
0x00007f52563dd640:   00007f52563dd698 00007f52ad007ccd
0x00007f52563dd650:   00000006c73ffac0 00007f52563dd658
0x00007f52563dd660:   00007f523cba579f 00007f52563dd6b8
0x00007f52563dd670:   00007f523cba8138 0000000000000000 

Instructions: (pc=0x00007f523eb80998)
0x00007f523eb80978:   0f 1f 84 00 00 00 00 00 48 83 c4 10 5b 5d 41 5c
0x00007f523eb80988:   c3 0f 1f 80 00 00 00 00 41 54 55 53 48 83 ec 10
0x00007f523eb80998:   48 8b 1f 48 85 db 74 3d f6 83 48 05 00 00 01 49
0x00007f523eb809a8:   89 f4 89 cd 75 72 83 e2 01 75 5d 83 e5 fd 74 38 

Register to memory mapping:

RAX=0x00007f523eb80990: <offset 0x3c9990> in /usr/lib/x86_64-linux-gnu/dri/i965_dri.so at 0x00007f523e7b7000
RBX=0x00007f523404f7c0 is an unknown value
RCX=0x0000000000000000 is an unknown value
RDX=0x0000000000000001 is an unknown value
RSP=0x00007f52563dd480 is pointing into the stack for thread: 0x00007f52bc6dc000
RBP=0x00007f5240022100 is an unknown value
RSI=0x00007f523404f8a0 is an unknown value
RDI=0x0000000100000000 is an unknown value
R8 =0x0000000000000000 is an unknown value
R9 =0x00007f5255c8cfc0: <offset 0x42fc0> in /usr/lib/x86_64-linux-gnu/mesa/libGL.so.1 at 0x00007f5255c4a000
R10=0x00007f52ad6d3687 is at entry_point+71 in (nmethod*)0x00007f52ad6d34d0
R11=0x00000006c74fbf18 is an oop
java.lang.Class 
 - klass: 'java/lang/Class'
R12=0x00007f524001fc20 is an unknown value
R13=0x0000000000000000 is an unknown value
R14=0x00007f52400232c0 is an unknown value
R15=0x0000000000000000 is an unknown value


Stack: [0x00007f52562df000,0x00007f52563e0000],  sp=0x00007f52563dd480,  free space=1017k
Native frames: (J=compiled Java code, j=interpreted, Vv=VM code, C=native code)
C  [i965_dri.so+0x3c9998]

Java frames: (J=compiled Java code, j=interpreted, Vv=VM code)
J 1777  jogamp.opengl.x11.glx.GLX.dispatch_glXSwapBuffers0(JJJ)V (0 bytes) @ 0x00007f52ad6d3687 [0x00007f52ad6d3640+0x47]
J 2051 C2 jogamp.opengl.GLDrawableImpl.swapBuffers()V (138 bytes) @ 0x00007f52ad12ee00 [0x00007f52ad12ec20+0x1e0]
j  jogamp.opengl.GLAutoDrawableBase.defaultSwapBuffers()V+23
j  com.jogamp.newt.opengl.GLWindow.swapBuffers()V+1
j  processing.opengl.PJOGL.swapBuffers()V+15
j  processing.opengl.PGraphicsOpenGL.dispose()V+15
j  processing.core.PApplet.dispose()V+28
j  processing.opengl.PSurfaceJOGL$NEWTWindowListener.windowDestroyNotify(Lcom/jogamp/newt/event/WindowEvent;)V+7
J 2016 C1 jogamp.newt.WindowImpl.consumeWindowEvent(Lcom/jogamp/newt/event/WindowEvent;)V (343 bytes) @ 0x00007f52ad5dfd24 [0x00007f52ad5df320+0xa04]
J 1982 C1 jogamp.newt.WindowImpl.sendWindowEvent(I)V (18 bytes) @ 0x00007f52ad46ea4c [0x00007f52ad46e700+0x34c]
j  jogamp.newt.WindowImpl$1.run()V+143
j  jogamp.newt.DisplayImpl.runOnEDTIfAvail(ZLjava/lang/Runnable;)V+172
j  jogamp.newt.WindowImpl.runOnEDTIfAvail(ZLjava/lang/Runnable;)V+36
j  jogamp.newt.WindowImpl.destroy()V+11
j  com.jogamp.newt.opengl.GLWindow.destroy()V+4
j  jogamp.opengl.GLAutoDrawableBase.destroyAvoidAwareOfLocking()V+31
j  jogamp.opengl.GLAutoDrawableBase.defaultWindowDestroyNotifyOp()V+43
j  com.jogamp.newt.opengl.GLWindow.access$000(Lcom/jogamp/newt/opengl/GLWindow;)V+1
j  com.jogamp.newt.opengl.GLWindow$1.run()V+4
j  jogamp.newt.WindowImpl.windowDestroyNotify(Z)Z+147
v  ~StubRoutines::call_stub
J 1501  jogamp.newt.driver.x11.DisplayDriver.DispatchMessages0(JJJII)V (0 bytes) @ 0x00007f52ad5e177f [0x00007f52ad5e1740+0x3f]
J 1900 C2 jogamp.newt.driver.x11.DisplayDriver.dispatchMessagesNative()V (66 bytes) @ 0x00007f52ad152c64 [0x00007f52ad152b00+0x164]
J 2067 C2 jogamp.newt.DisplayImpl$7.run()V (8 bytes) @ 0x00007f52ad3a30c0 [0x00007f52ad3a3040+0x80]
J 2079% C1 jogamp.newt.DefaultEDTUtil$NEDT.run()V (1107 bytes) @ 0x00007f52ad6356ec [0x00007f52ad635540+0x1ac]
v  ~StubRoutines::call_stub

---------------  P R O C E S S  ---------------

Java Threads: ( => current thread )
  0x00007f5234131800 JavaThread "Thread-6" [_thread_in_native, id=9892, stack(0x00007f5256ca6000,0x00007f5256da7000)]
  0x00007f523411d000 JavaThread "Java Sound Event Dispatcher" daemon [_thread_blocked, id=9887, stack(0x00007f523c08e000,0x00007f523c18f000)]
  0x00007f52bc00f800 JavaThread "DestroyJavaVM" [_thread_blocked, id=9832, stack(0x00007f52c4ced000,0x00007f52c4dee000)]
  0x00007f52bc74b000 JavaThread "Thread-2" [_thread_blocked, id=9873, stack(0x00007f523ca90000,0x00007f523cb91000)]
  0x00007f52bc73a000 JavaThread "main-SharedResourceRunner" daemon [_thread_blocked, id=9872, stack(0x00007f5254105000,0x00007f5254206000)]
  0x00007f52bc710800 JavaThread "main-SharedResourceRunner" daemon [_thread_blocked, id=9871, stack(0x00007f5254206000,0x00007f5254307000)]
=>0x00007f52bc6dc000 JavaThread "main-Display-.x11_:0-1-EDT-1" daemon [_thread_in_native, id=9870, stack(0x00007f52562df000,0x00007f52563e0000)]
  0x00007f52bc2dc800 JavaThread "AWT-XAWT" daemon [_thread_in_native, id=9859, stack(0x00007f529406b000,0x00007f529416c000)]
  0x00007f52bc2bc800 JavaThread "Java2D Disposer" daemon [_thread_blocked, id=9858, stack(0x00007f529457c000,0x00007f529467d000)]
  0x00007f52bc0e1000 JavaThread "Service Thread" daemon [_thread_blocked, id=9856, stack(0x00007f52962ea000,0x00007f52963eb000)]
  0x00007f52bc0d3000 JavaThread "C1 CompilerThread2" daemon [_thread_blocked, id=9855, stack(0x00007f52963eb000,0x00007f52964ec000)]
  0x00007f52bc0d1800 JavaThread "C2 CompilerThread1" daemon [_thread_blocked, id=9854, stack(0x00007f52964ec000,0x00007f52965ed000)]
  0x00007f52bc0ce800 JavaThread "C2 CompilerThread0" daemon [_thread_blocked, id=9853, stack(0x00007f52965ed000,0x00007f52966ee000)]
  0x00007f5278001000 JavaThread "JDWP Command Reader" daemon [_thread_in_native, id=9846, stack(0x00007f52966ee000,0x00007f52967ef000)]
  0x00007f52bc0cc800 JavaThread "JDWP Event Helper Thread" daemon [_thread_blocked, id=9842, stack(0x00007f52967ef000,0x00007f52968f0000)]
  0x00007f52bc0c9000 JavaThread "JDWP Transport Listener: dt_socket" daemon [_thread_blocked, id=9841, stack(0x00007f52968f0000,0x00007f52969f1000)]
  0x00007f52bc0bb800 JavaThread "Signal Dispatcher" daemon [_thread_blocked, id=9840, stack(0x00007f5296bf5000,0x00007f5296cf6000)]
  0x00007f52bc084800 JavaThread "Finalizer" daemon [_thread_blocked, id=9839, stack(0x00007f5296cf6000,0x00007f5296df7000)]
  0x00007f52bc082800 JavaThread "Reference Handler" daemon [_thread_blocked, id=9838, stack(0x00007f5296df7000,0x00007f5296ef8000)]

Other Threads:
  0x00007f52bc07d000 VMThread [stack: 0x00007f5296ef8000,0x00007f5296ff9000] [id=9837]
  0x00007f52bc0e3800 WatcherThread [stack: 0x00007f52961e9000,0x00007f52962ea000] [id=9857]

VM state:not at safepoint (normal execution)

VM Mutex/Monitor currently owned by a thread: None

Heap:
 PSYoungGen      total 31744K, used 30609K [0x000000076d100000, 0x000000076f100000, 0x00000007c0000000)
  eden space 31232K, 97% used [0x000000076d100000,0x000000076eedc590,0x000000076ef80000)
  from space 512K, 6% used [0x000000076f080000,0x000000076f088000,0x000000076f100000)
  to   space 512K, 0% used [0x000000076f000000,0x000000076f000000,0x000000076f080000)
 ParOldGen       total 171008K, used 10689K [0x00000006c7200000, 0x00000006d1900000, 0x000000076d100000)
  object space 171008K, 6% used [0x00000006c7200000,0x00000006c7c70650,0x00000006d1900000)
 Metaspace       used 17495K, capacity 17706K, committed 18048K, reserved 1064960K
  class space    used 1553K, capacity 1630K, committed 1664K, reserved 1048576K

Card table byte_map: [0x00007f52c07e6000,0x00007f52c0fae000] byte_map_base: 0x00007f52bd1ad000

Marking Bits: (ParMarkBitMap*) 0x00007f52c41cb660
 Begin Bits: [0x00007f52a518e000, 0x00007f52a8fc6000)
 End Bits:   [0x00007f52a8fc6000, 0x00007f52acdfe000)

Polling page: 0x00007f52c4e12000

CodeCache: size=245760Kb used=6503Kb max_used=7400Kb free=239256Kb
 bounds [0x00007f52ad000000, 0x00007f52ad760000, 0x00007f52bc000000]
 total_blobs=2645 nmethods=1686 adapters=881
 compilation: enabled

Compilation events (10 events):
Event: 332.422 Thread 0x00007f52bc0d3000 2076       3       sun.misc.FloatingDecimal$BinaryToASCIIBuffer::getChars (502 bytes)
Event: 332.428 Thread 0x00007f52bc0d3000 nmethod 2076 0x00007f52ad553090 code [0x00007f52ad553300, 0x00007f52ad554378]
Event: 332.949 Thread 0x00007f52bc0ce800 2077       4       sun.misc.FloatingDecimal$BinaryToASCIIBuffer::dtoa (1509 bytes)
Event: 333.070 Thread 0x00007f52bc0ce800 nmethod 2077 0x00007f52ad6475d0 code [0x00007f52ad647860, 0x00007f52ad64aa28]
Event: 333.657 Thread 0x00007f52bc0d1800 2078       4       sun.misc.FloatingDecimal$BinaryToASCIIBuffer::getChars (502 bytes)
Event: 333.678 Thread 0x00007f52bc0d1800 nmethod 2078 0x00007f52ad4281d0 code [0x00007f52ad4283a0, 0x00007f52ad428e18]
Event: 616.170 Thread 0x00007f52bc0d3000 2079 % !   3       jogamp.newt.DefaultEDTUtil$NEDT::run @ 53 (1107 bytes)
Event: 616.185 Thread 0x00007f52bc0d3000 nmethod 2079% 0x00007f52ad634b50 code [0x00007f52ad635540, 0x00007f52ad63d1a8]
Event: 626.619 Thread 0x00007f52bc0d3000 2080   !   3       jogamp.newt.DefaultEDTUtil$NEDT::run (1107 bytes)
Event: 626.634 Thread 0x00007f52bc0d3000 nmethod 2080 0x00007f52ad623750 code [0x00007f52ad6240e0, 0x00007f52ad62b4c8]

GC Heap History (10 events):
Event: 658.668 GC heap before
{Heap before GC invocations=1542 (full 0):
 PSYoungGen      total 31744K, used 31264K [0x000000076d100000, 0x000000076f100000, 0x00000007c0000000)
  eden space 31232K, 100% used [0x000000076d100000,0x000000076ef80000,0x000000076ef80000)
  from space 512K, 6% used [0x000000076f000000,0x000000076f008000,0x000000076f080000)
  to   space 512K, 0% used [0x000000076f080000,0x000000076f080000,0x000000076f100000)
 ParOldGen       total 171008K, used 10689K [0x00000006c7200000, 0x00000006d1900000, 0x000000076d100000)
  object space 171008K, 6% used [0x00000006c7200000,0x00000006c7c70650,0x00000006d1900000)
 Metaspace       used 17494K, capacity 17706K, committed 18048K, reserved 1064960K
  class space    used 1553K, capacity 1630K, committed 1664K, reserved 1048576K
Event: 658.669 GC heap after
Heap after GC invocations=1542 (full 0):
 PSYoungGen      total 31744K, used 64K [0x000000076d100000, 0x000000076f100000, 0x00000007c0000000)
  eden space 31232K, 0% used [0x000000076d100000,0x000000076d100000,0x000000076ef80000)
  from space 512K, 12% used [0x000000076f080000,0x000000076f090000,0x000000076f100000)
  to   space 512K, 0% used [0x000000076f000000,0x000000076f000000,0x000000076f080000)
 ParOldGen       total 171008K, used 10689K [0x00000006c7200000, 0x00000006d1900000, 0x000000076d100000)
  object space 171008K, 6% used [0x00000006c7200000,0x00000006c7c70650,0x00000006d1900000)
 Metaspace       used 17494K, capacity 17706K, committed 18048K, reserved 1064960K
  class space    used 1553K, capacity 1630K, committed 1664K, reserved 1048576K
}
Event: 659.107 GC heap before
{Heap before GC invocations=1543 (full 0):
 PSYoungGen      total 31744K, used 31296K [0x000000076d100000, 0x000000076f100000, 0x00000007c0000000)
  eden space 31232K, 100% used [0x000000076d100000,0x000000076ef80000,0x000000076ef80000)
  from space 512K, 12% used [0x000000076f080000,0x000000076f090000,0x000000076f100000)
  to   space 512K, 0% used [0x000000076f000000,0x000000076f000000,0x000000076f080000)
 ParOldGen       total 171008K, used 10689K [0x00000006c7200000, 0x00000006d1900000, 0x000000076d100000)
  object space 171008K, 6% used [0x00000006c7200000,0x00000006c7c70650,0x00000006d1900000)
 Metaspace       used 17494K, capacity 17706K, committed 18048K, reserved 1064960K
  class space    used 1553K, capacity 1630K, committed 1664K, reserved 1048576K
Event: 659.109 GC heap after
Heap after GC invocations=1543 (full 0):
 PSYoungGen      total 31744K, used 32K [0x000000076d100000, 0x000000076f100000, 0x00000007c0000000)
  eden space 31232K, 0% used [0x000000076d100000,0x000000076d100000,0x000000076ef80000)
  from space 512K, 6% used [0x000000076f000000,0x000000076f008000,0x000000076f080000)
  to   space 512K, 0% used [0x000000076f080000,0x000000076f080000,0x000000076f100000)
 ParOldGen       total 171008K, used 10689K [0x00000006c7200000, 0x00000006d1900000, 0x000000076d100000)
  object space 171008K, 6% used [0x00000006c7200000,0x00000006c7c70650,0x00000006d1900000)
 Metaspace       used 17494K, capacity 17706K, committed 18048K, reserved 1064960K
  class space    used 1553K, capacity 1630K, committed 1664K, reserved 1048576K
}
Event: 659.548 GC heap before
{Heap before GC invocations=1544 (full 0):
 PSYoungGen      total 31744K, used 31260K [0x000000076d100000, 0x000000076f100000, 0x00000007c0000000)
  eden space 31232K, 99% used [0x000000076d100000,0x000000076ef7f1e8,0x000000076ef80000)
  from space 512K, 6% used [0x000000076f000000,0x000000076f008000,0x000000076f080000)
  to   space 512K, 0% used [0x000000076f080000,0x000000076f080000,0x000000076f100000)
 ParOldGen       total 171008K, used 10689K [0x00000006c7200000, 0x00000006d1900000, 0x000000076d100000)
  object space 171008K, 6% used [0x00000006c7200000,0x00000006c7c70650,0x00000006d1900000)
 Metaspace       used 17494K, capacity 17706K, committed 18048K, reserved 1064960K
  class space    used 1553K, capacity 1630K, committed 1664K, reserved 1048576K
Event: 659.551 GC heap after
Heap after GC invocations=1544 (full 0):
 PSYoungGen      total 31744K, used 32K [0x000000076d100000, 0x000000076f100000, 0x00000007c0000000)
  eden space 31232K, 0% used [0x000000076d100000,0x000000076d100000,0x000000076ef80000)
  from space 512K, 6% used [0x000000076f080000,0x000000076f088000,0x000000076f100000)
  to   space 512K, 0% used [0x000000076f000000,0x000000076f000000,0x000000076f080000)
 ParOldGen       total 171008K, used 10689K [0x00000006c7200000, 0x00000006d1900000, 0x000000076d100000)
  object space 171008K, 6% used [0x00000006c7200000,0x00000006c7c70650,0x00000006d1900000)
 Metaspace       used 17494K, capacity 17706K, committed 18048K, reserved 1064960K
  class space    used 1553K, capacity 1630K, committed 1664K, reserved 1048576K
}
Event: 660.041 GC heap before
{Heap before GC invocations=1545 (full 0):
 PSYoungGen      total 31744K, used 31264K [0x000000076d100000, 0x000000076f100000, 0x00000007c0000000)
  eden space 31232K, 100% used [0x000000076d100000,0x000000076ef80000,0x000000076ef80000)
  from space 512K, 6% used [0x000000076f080000,0x000000076f088000,0x000000076f100000)
  to   space 512K, 0% used [0x000000076f000000,0x000000076f000000,0x000000076f080000)
 ParOldGen       total 171008K, used 10689K [0x00000006c7200000, 0x00000006d1900000, 0x000000076d100000)
  object space 171008K, 6% used [0x00000006c7200000,0x00000006c7c70650,0x00000006d1900000)
 Metaspace       used 17494K, capacity 17706K, committed 18048K, reserved 1064960K
  class space    used 1553K, capacity 1630K, committed 1664K, reserved 1048576K
Event: 660.043 GC heap after
Heap after GC invocations=1545 (full 0):
 PSYoungGen      total 31744K, used 32K [0x000000076d100000, 0x000000076f100000, 0x00000007c0000000)
  eden space 31232K, 0% used [0x000000076d100000,0x000000076d100000,0x000000076ef80000)
  from space 512K, 6% used [0x000000076f000000,0x000000076f008000,0x000000076f080000)
  to   space 512K, 0% used [0x000000076f080000,0x000000076f080000,0x000000076f100000)
 ParOldGen       total 171008K, used 10689K [0x00000006c7200000, 0x00000006d1900000, 0x000000076d100000)
  object space 171008K, 6% used [0x00000006c7200000,0x00000006c7c70650,0x00000006d1900000)
 Metaspace       used 17494K, capacity 17706K, committed 18048K, reserved 1064960K
  class space    used 1553K, capacity 1630K, committed 1664K, reserved 1048576K
}
Event: 660.499 GC heap before
{Heap before GC invocations=1546 (full 0):
 PSYoungGen      total 31744K, used 31264K [0x000000076d100000, 0x000000076f100000, 0x00000007c0000000)
  eden space 31232K, 100% used [0x000000076d100000,0x000000076ef80000,0x000000076ef80000)
  from space 512K, 6% used [0x000000076f000000,0x000000076f008000,0x000000076f080000)
  to   space 512K, 0% used [0x000000076f080000,0x000000076f080000,0x000000076f100000)
 ParOldGen       total 171008K, used 10689K [0x00000006c7200000, 0x00000006d1900000, 0x000000076d100000)
  object space 171008K, 6% used [0x00000006c7200000,0x00000006c7c70650,0x00000006d1900000)
 Metaspace       used 17494K, capacity 17706K, committed 18048K, reserved 1064960K
  class space    used 1553K, capacity 1630K, committed 1664K, reserved 1048576K
Event: 660.500 GC heap after
Heap after GC invocations=1546 (full 0):
 PSYoungGen      total 31744K, used 32K [0x000000076d100000, 0x000000076f100000, 0x00000007c0000000)
  eden space 31232K, 0% used [0x000000076d100000,0x000000076d100000,0x000000076ef80000)
  from space 512K, 6% used [0x000000076f080000,0x000000076f088000,0x000000076f100000)
  to   space 512K, 0% used [0x000000076f000000,0x000000076f000000,0x000000076f080000)
 ParOldGen       total 171008K, used 10689K [0x00000006c7200000, 0x00000006d1900000, 0x000000076d100000)
  object space 171008K, 6% used [0x00000006c7200000,0x00000006c7c70650,0x00000006d1900000)
 Metaspace       used 17494K, capacity 17706K, committed 18048K, reserved 1064960K
  class space    used 1553K, capacity 1630K, committed 1664K, reserved 1048576K
}

Deoptimization events (10 events):
Event: 660.601 Thread 0x00007f52bc74d000 Uncommon trap: reason=unhandled action=none pc=0x00007f52ad37524c method=jogamp.opengl.gl4.GL4bcImpl.getGL2()Lcom/jogamp/opengl/GL2; @ 17
Event: 660.639 Thread 0x00007f52bc74d000 Uncommon trap: reason=unhandled action=none pc=0x00007f52ad37524c method=jogamp.opengl.gl4.GL4bcImpl.getGL2()Lcom/jogamp/opengl/GL2; @ 17
Event: 660.681 Thread 0x00007f52bc74d000 Uncommon trap: reason=unhandled action=none pc=0x00007f52ad37524c method=jogamp.opengl.gl4.GL4bcImpl.getGL2()Lcom/jogamp/opengl/GL2; @ 17
Event: 660.719 Thread 0x00007f52bc74d000 Uncommon trap: reason=unhandled action=none pc=0x00007f52ad37524c method=jogamp.opengl.gl4.GL4bcImpl.getGL2()Lcom/jogamp/opengl/GL2; @ 17
Event: 660.762 Thread 0x00007f52bc74d000 Uncommon trap: reason=unhandled action=none pc=0x00007f52ad37524c method=jogamp.opengl.gl4.GL4bcImpl.getGL2()Lcom/jogamp/opengl/GL2; @ 17
Event: 660.806 Thread 0x00007f52bc74d000 Uncommon trap: reason=unhandled action=none pc=0x00007f52ad37524c method=jogamp.opengl.gl4.GL4bcImpl.getGL2()Lcom/jogamp/opengl/GL2; @ 17
Event: 660.848 Thread 0x00007f52bc74d000 Uncommon trap: reason=unhandled action=none pc=0x00007f52ad37524c method=jogamp.opengl.gl4.GL4bcImpl.getGL2()Lcom/jogamp/opengl/GL2; @ 17
Event: 660.891 Thread 0x00007f52bc74d000 Uncommon trap: reason=unhandled action=none pc=0x00007f52ad37524c method=jogamp.opengl.gl4.GL4bcImpl.getGL2()Lcom/jogamp/opengl/GL2; @ 17
Event: 660.934 Thread 0x00007f52bc74d000 Uncommon trap: reason=unstable_if action=reinterpret pc=0x00007f52ad417e90 method=com.jogamp.opengl.util.FPSAnimator$MainTask.run()V @ 199
Event: 660.934 Thread 0x00007f52bc74d000 Uncommon trap: reason=unstable_if action=reinterpret pc=0x00007f52ad49d4b4 method=java.util.TaskQueue.isEmpty()Z @ 4

Internal exceptions (10 events):
Event: 0.810 Thread 0x00007f52bc00f800 Exception <a 'java/security/PrivilegedActionException'> (0x000000076d7b0d20) thrown at [/HUDSON/workspace/8-2-build-linux-amd64/jdk8u51/3951/hotspot/src/share/vm/prims/jvm.cpp, line 1382]
Event: 0.810 Thread 0x00007f52bc00f800 Exception <a 'java/security/PrivilegedActionException'> (0x000000076d7b0ed8) thrown at [/HUDSON/workspace/8-2-build-linux-amd64/jdk8u51/3951/hotspot/src/share/vm/prims/jvm.cpp, line 1382]
Event: 0.811 Thread 0x00007f52bc00f800 Exception <a 'java/security/PrivilegedActionException'> (0x000000076d7b3190) thrown at [/HUDSON/workspace/8-2-build-linux-amd64/jdk8u51/3951/hotspot/src/share/vm/prims/jvm.cpp, line 1382]
Event: 0.811 Thread 0x00007f52bc00f800 Exception <a 'java/security/PrivilegedActionException'> (0x000000076d7b3348) thrown at [/HUDSON/workspace/8-2-build-linux-amd64/jdk8u51/3951/hotspot/src/share/vm/prims/jvm.cpp, line 1382]
Event: 0.817 Thread 0x00007f52bc00f800 Exception <a 'java/io/FileNotFoundException'> (0x000000076d7bd0a0) thrown at [/HUDSON/workspace/8-2-build-linux-amd64/jdk8u51/3951/hotspot/src/share/vm/prims/jni.cpp, line 709]
Event: 0.817 Thread 0x00007f52bc00f800 Exception <a 'java/io/FileNotFoundException'> (0x000000076d7bda28) thrown at [/HUDSON/workspace/8-2-build-linux-amd64/jdk8u51/3951/hotspot/src/share/vm/prims/jni.cpp, line 709]
Event: 0.898 Thread 0x00007f52bc00f800 Exception <a 'java/lang/NoSuchFieldError': method resolution failed> (0x000000076d8c3988) thrown at [/HUDSON/workspace/8-2-build-linux-amd64/jdk8u51/3951/hotspot/src/share/vm/prims/methodHandles.cpp, line 1125]
Event: 0.900 Thread 0x00007f52bc00f800 Exception <a 'java/lang/NoSuchFieldError': method resolution failed> (0x000000076d8d2348) thrown at [/HUDSON/workspace/8-2-build-linux-amd64/jdk8u51/3951/hotspot/src/share/vm/prims/methodHandles.cpp, line 1125]
Event: 1.856 Thread 0x00007f52bc00f800 Exception <a 'java/lang/InterruptedException'> (0x000000076f3d51b0) thrown at [/HUDSON/workspace/8-2-build-linux-amd64/jdk8u51/3951/hotspot/src/share/vm/runtime/objectMonitor.cpp, line 1683]
Event: 2.022 Thread 0x00007f52bc00f800 Exception <a 'java/lang/InterruptedException'> (0x000000076f3e0650) thrown at [/HUDSON/workspace/8-2-build-linux-amd64/jdk8u51/3951/hotspot/src/share/vm/runtime/objectMonitor.cpp, line 1683]

Events (10 events):
Event: 660.848 Thread 0x00007f52bc74d000 DEOPT UNPACKING pc=0x00007f52ad005229 sp=0x00007f523ca8e3c8 mode 2
Event: 660.890 Thread 0x00007f52bc74d000 Uncommon trap: trap_request=0xffffffa7 fr.pc=0x00007f52ad37524c
Event: 660.891 Thread 0x00007f52bc74d000 DEOPT PACKING pc=0x00007f52ad37524c sp=0x00007f523ca8e440
Event: 660.891 Thread 0x00007f52bc74d000 DEOPT UNPACKING pc=0x00007f52ad005229 sp=0x00007f523ca8e3c8 mode 2
Event: 660.934 Thread 0x00007f52bc74d000 Uncommon trap: trap_request=0xffffff65 fr.pc=0x00007f52ad417e90
Event: 660.934 Thread 0x00007f52bc74d000 DEOPT PACKING pc=0x00007f52ad417e90 sp=0x00007f523ca8e630
Event: 660.934 Thread 0x00007f52bc74d000 DEOPT UNPACKING pc=0x00007f52ad005229 sp=0x00007f523ca8e640 mode 2
Event: 660.934 Thread 0x00007f52bc74d000 Uncommon trap: trap_request=0xffffff65 fr.pc=0x00007f52ad49d4b4
Event: 660.934 Thread 0x00007f52bc74d000 DEOPT PACKING pc=0x00007f52ad49d4b4 sp=0x00007f523ca8e6a0
Event: 660.934 Thread 0x00007f52bc74d000 DEOPT UNPACKING pc=0x00007f52ad005229 sp=0x00007f523ca8e668 mode 2


Dynamic libraries:
00400000-00401000 r-xp 00000000 08:02 6695910                            /usr/bin/processing-3.0/java/bin/java
00600000-00601000 rw-p 00000000 08:02 6695910                            /usr/bin/processing-3.0/java/bin/java
00aea000-00b0b000 rw-p 00000000 00:00 0                                  [heap]
6c7200000-6d1900000 rw-p 00000000 00:00 0 
6d1900000-76d100000 ---p 00000000 00:00 0 
76d100000-76f100000 rw-p 00000000 00:00 0 
76f100000-7c0000000 ---p 00000000 00:00 0 
7c0000000-7c01a0000 rw-p 00000000 00:00 0 
7c01a0000-800000000 ---p 00000000 00:00 0 
7f5217fff000-7f521c000000 r--s 00000000 00:16 18791                      /run/shm/pulse-shm-3302753902
7f521c000000-7f521c021000 rw-p 00000000 00:00 0 
7f521c021000-7f5220000000 ---p 00000000 00:00 0 
7f5224000000-7f5224021000 rw-p 00000000 00:00 0 
7f5224021000-7f5228000000 ---p 00000000 00:00 0 
7f5229170000-7f5229171000 ---p 00000000 00:00 0 
7f5229171000-7f5229971000 rw-p 00000000 00:00 0 
7f5229971000-7f5229972000 ---p 00000000 00:00 0 
7f5229972000-7f522a172000 rw-p 00000000 00:00 0                          [stack:9888]
7f522a172000-7f522e173000 rw-s 00000000 00:16 154506                     /run/shm/pulse-shm-1756749383
7f522e173000-7f522e179000 r-xp 00000000 08:02 6947199                    /usr/lib/x86_64-linux-gnu/alsa-lib/libasound_module_pcm_pulse.so
7f522e179000-7f522e378000 ---p 00006000 08:02 6947199                    /usr/lib/x86_64-linux-gnu/alsa-lib/libasound_module_pcm_pulse.so
7f522e378000-7f522e379000 r--p 00005000 08:02 6947199                    /usr/lib/x86_64-linux-gnu/alsa-lib/libasound_module_pcm_pulse.so
7f522e379000-7f522e37a000 rw-p 00006000 08:02 6947199                    /usr/lib/x86_64-linux-gnu/alsa-lib/libasound_module_pcm_pulse.so
7f522e37a000-7f522e391000 r-xp 00000000 08:02 13635816                   /lib/x86_64-linux-gnu/libresolv-2.19.so
7f522e391000-7f522e591000 ---p 00017000 08:02 13635816                   /lib/x86_64-linux-gnu/libresolv-2.19.so
7f522e591000-7f522e592000 r--p 00017000 08:02 13635816                   /lib/x86_64-linux-gnu/libresolv-2.19.so
7f522e592000-7f522e593000 rw-p 00018000 08:02 13635816                   /lib/x86_64-linux-gnu/libresolv-2.19.so
7f522e593000-7f522e595000 rw-p 00000000 00:00 0 
7f522e595000-7f522e59c000 r-xp 00000000 08:02 6562227                    /usr/lib/x86_64-linux-gnu/libogg.so.0.8.1
7f522e59c000-7f522e79c000 ---p 00007000 08:02 6562227                    /usr/lib/x86_64-linux-gnu/libogg.so.0.8.1
7f522e79c000-7f522e79d000 r--p 00007000 08:02 6562227                    /usr/lib/x86_64-linux-gnu/libogg.so.0.8.1
7f522e79d000-7f522e79e000 rw-p 00008000 08:02 6562227                    /usr/lib/x86_64-linux-gnu/libogg.so.0.8.1
7f522e79e000-7f522e7ca000 r-xp 00000000 08:02 6562501                    /usr/lib/x86_64-linux-gnu/libvorbis.so.0.4.5
7f522e7ca000-7f522e9c9000 ---p 0002c000 08:02 6562501                    /usr/lib/x86_64-linux-gnu/libvorbis.so.0.4.5
7f522e9c9000-7f522e9ca000 r--p 0002b000 08:02 6562501                    /usr/lib/x86_64-linux-gnu/libvorbis.so.0.4.5
7f522e9ca000-7f522e9cb000 rw-p 0002c000 08:02 6562501                    /usr/lib/x86_64-linux-gnu/libvorbis.so.0.4.5
7f522e9cb000-7f522ec7e000 r-xp 00000000 08:02 6562503                    /usr/lib/x86_64-linux-gnu/libvorbisenc.so.2.0.8
7f522ec7e000-7f522ee7d000 ---p 002b3000 08:02 6562503                    /usr/lib/x86_64-linux-gnu/libvorbisenc.so.2.0.8
7f522ee7d000-7f522ee99000 r--p 002b2000 08:02 6562503                    /usr/lib/x86_64-linux-gnu/libvorbisenc.so.2.0.8
7f522ee99000-7f522ee9a000 rw-p 002ce000 08:02 6562503                    /usr/lib/x86_64-linux-gnu/libvorbisenc.so.2.0.8
7f522ee9a000-7f522eeca000 r-xp 00000000 08:02 6561366                    /usr/lib/x86_64-linux-gnu/libFLAC.so.8.3.0
7f522eeca000-7f522f0c9000 ---p 00030000 08:02 6561366                    /usr/lib/x86_64-linux-gnu/libFLAC.so.8.3.0
7f522f0c9000-7f522f0ca000 r--p 0002f000 08:02 6561366                    /usr/lib/x86_64-linux-gnu/libFLAC.so.8.3.0
7f522f0ca000-7f522f0cb000 rw-p 00030000 08:02 6561366                    /usr/lib/x86_64-linux-gnu/libFLAC.so.8.3.0
7f522f0cb000-7f522f0d0000 r-xp 00000000 08:02 6561598                    /usr/lib/x86_64-linux-gnu/libasyncns.so.0.3.1
7f522f0d0000-7f522f2cf000 ---p 00005000 08:02 6561598                    /usr/lib/x86_64-linux-gnu/libasyncns.so.0.3.1
7f522f2cf000-7f522f2d0000 r--p 00004000 08:02 6561598                    /usr/lib/x86_64-linux-gnu/libasyncns.so.0.3.1
7f522f2d0000-7f522f2d1000 rw-p 00005000 08:02 6561598                    /usr/lib/x86_64-linux-gnu/libasyncns.so.0.3.1
7f522f2d1000-7f522f332000 r-xp 00000000 08:02 6562384                    /usr/lib/x86_64-linux-gnu/libsndfile.so.1.0.25
7f522f332000-7f522f532000 ---p 00061000 08:02 6562384                    /usr/lib/x86_64-linux-gnu/libsndfile.so.1.0.25
7f522f532000-7f522f534000 r--p 00061000 08:02 6562384                    /usr/lib/x86_64-linux-gnu/libsndfile.so.1.0.25
7f522f534000-7f522f535000 rw-p 00063000 08:02 6562384                    /usr/lib/x86_64-linux-gnu/libsndfile.so.1.0.25
7f522f535000-7f522f539000 rw-p 00000000 00:00 0 
7f522f539000-7f522f541000 r-xp 00000000 08:02 13635850                   /lib/x86_64-linux-gnu/libwrap.so.0.7.6
7f522f541000-7f522f740000 ---p 00008000 08:02 13635850                   /lib/x86_64-linux-gnu/libwrap.so.0.7.6
7f522f740000-7f522f741000 r--p 00007000 08:02 13635850                   /lib/x86_64-linux-gnu/libwrap.so.0.7.6
7f522f741000-7f522f742000 rw-p 00008000 08:02 13635850                   /lib/x86_64-linux-gnu/libwrap.so.0.7.6
7f522f742000-7f522f743000 rw-p 00000000 00:00 0 
7f522f743000-7f522f7a9000 r-xp 00000000 08:02 6948471                    /usr/lib/x86_64-linux-gnu/pulseaudio/libpulsecommon-4.0.so
7f522f7a9000-7f522f9a8000 ---p 00066000 08:02 6948471                    /usr/lib/x86_64-linux-gnu/pulseaudio/libpulsecommon-4.0.so
7f522f9a8000-7f522f9a9000 r--p 00065000 08:02 6948471                    /usr/lib/x86_64-linux-gnu/pulseaudio/libpulsecommon-4.0.so
7f522f9a9000-7f522f9aa000 rw-p 00066000 08:02 6948471                    /usr/lib/x86_64-linux-gnu/pulseaudio/libpulsecommon-4.0.so
7f522f9aa000-7f522f9b4000 r-xp 00000000 08:02 13635730                   /lib/x86_64-linux-gnu/libjson-c.so.2.0.0
7f522f9b4000-7f522fbb3000 ---p 0000a000 08:02 13635730                   /lib/x86_64-linux-gnu/libjson-c.so.2.0.0
7f522fbb3000-7f522fbb4000 r--p 00009000 08:02 13635730                   /lib/x86_64-linux-gnu/libjson-c.so.2.0.0
7f522fbb4000-7f522fbb5000 rw-p 0000a000 08:02 13635730                   /lib/x86_64-linux-gnu/libjson-c.so.2.0.0
7f522fbb5000-7f522fbfc000 r-xp 00000000 08:02 6562296                    /usr/lib/x86_64-linux-gnu/libpulse.so.0.16.2
7f522fbfc000-7f522fdfc000 ---p 00047000 08:02 6562296                    /usr/lib/x86_64-linux-gnu/libpulse.so.0.16.2
7f522fdfc000-7f522fdfd000 r--p 00047000 08:02 6562296                    /usr/lib/x86_64-linux-gnu/libpulse.so.0.16.2
7f522fdfd000-7f522fdfe000 rw-p 00048000 08:02 6562296                    /usr/lib/x86_64-linux-gnu/libpulse.so.0.16.2
7f5230000000-7f5230021000 rw-p 00000000 00:00 0 
7f5230021000-7f5234000000 ---p 00000000 00:00 0 
7f5234000000-7f5234bc6000 rw-p 00000000 00:00 0 
7f5234bc6000-7f5238000000 ---p 00000000 00:00 0 
7f5238000000-7f523b082000 rw-p 00000000 00:00 0 
7f523b082000-7f523c000000 ---p 00000000 00:00 0 
7f523c08e000-7f523c091000 ---p 00000000 00:00 0 
7f523c091000-7f523c18f000 rw-p 00000000 00:00 0                          [stack:9887]
7f523c18f000-7f523c278000 r-xp 00000000 08:02 6561590                    /usr/lib/x86_64-linux-gnu/libasound.so.2.0.0
7f523c278000-7f523c477000 ---p 000e9000 08:02 6561590                    /usr/lib/x86_64-linux-gnu/libasound.so.2.0.0
7f523c477000-7f523c47e000 r--p 000e8000 08:02 6561590                    /usr/lib/x86_64-linux-gnu/libasound.so.2.0.0
7f523c47e000-7f523c47f000 rw-p 000ef000 08:02 6561590                    /usr/lib/x86_64-linux-gnu/libasound.so.2.0.0
7f523c47f000-7f523c48e000 r-xp 00000000 08:02 8012164                    /usr/bin/processing-3.0/java/lib/amd64/libjsoundalsa.so
7f523c48e000-7f523c68d000 ---p 0000f000 08:02 8012164                    /usr/bin/processing-3.0/java/lib/amd64/libjsoundalsa.so
7f523c68d000-7f523c68e000 rw-p 0000e000 08:02 8012164                    /usr/bin/processing-3.0/java/lib/amd64/libjsoundalsa.so
7f523c68e000-7f523c68f000 r-xp 00000000 08:02 8012181                    /usr/bin/processing-3.0/java/lib/amd64/libjsound.so
7f523c68f000-7f523c88e000 ---p 00001000 08:02 8012181                    /usr/bin/processing-3.0/java/lib/amd64/libjsound.so
7f523c88e000-7f523c88f000 rw-p 00000000 08:02 8012181                    /usr/bin/processing-3.0/java/lib/amd64/libjsound.so
7f523c88f000-7f523c98f000 rw-s 148f06000 00:06 10208                     /dev/dri/card0
7f523c98f000-7f523c992000 ---p 00000000 00:00 0 
7f523c992000-7f523ca90000 rw-p 00000000 00:00 0 
7f523ca90000-7f523ca93000 ---p 00000000 00:00 0 
7f523ca93000-7f523cd91000 rw-p 00000000 00:00 0                          [stack:9873]
7f523cd91000-7f523cdd5000 r-xp 00000000 08:02 13635704                   /lib/x86_64-linux-gnu/libdbus-1.so.3.7.6
7f523cdd5000-7f523cfd4000 ---p 00044000 08:02 13635704                   /lib/x86_64-linux-gnu/libdbus-1.so.3.7.6
7f523cfd4000-7f523cfd5000 r--p 00043000 08:02 13635704                   /lib/x86_64-linux-gnu/libdbus-1.so.3.7.6
7f523cfd5000-7f523cfd6000 rw-p 00044000 08:02 13635704                   /lib/x86_64-linux-gnu/libdbus-1.so.3.7.6
7f523cfd6000-7f523cfde000 r-xp 00000000 08:02 13635752                   /lib/x86_64-linux-gnu/libnih-dbus.so.1.0.0
7f523cfde000-7f523d1de000 ---p 00008000 08:02 13635752                   /lib/x86_64-linux-gnu/libnih-dbus.so.1.0.0
7f523d1de000-7f523d1df000 r--p 00008000 08:02 13635752                   /lib/x86_64-linux-gnu/libnih-dbus.so.1.0.0
7f523d1df000-7f523d1e0000 rw-p 00009000 08:02 13635752                   /lib/x86_64-linux-gnu/libnih-dbus.so.1.0.0
7f523d1e0000-7f523d1f7000 r-xp 00000000 08:02 13635754                   /lib/x86_64-linux-gnu/libnih.so.1.0.0
7f523d1f7000-7f523d3f6000 ---p 00017000 08:02 13635754                   /lib/x86_64-linux-gnu/libnih.so.1.0.0
7f523d3f6000-7f523d3f7000 r--p 00016000 08:02 13635754                   /lib/x86_64-linux-gnu/libnih.so.1.0.0
7f523d3f7000-7f523d3f8000 rw-p 00017000 08:02 13635754                   /lib/x86_64-linux-gnu/libnih.so.1.0.0
7f523d3f8000-7f523d411000 r-xp 00000000 08:02 13635695                   /lib/x86_64-linux-gnu/libcgmanager.so.0.0.0
7f523d411000-7f523d610000 ---p 00019000 08:02 13635695                   /lib/x86_64-linux-gnu/libcgmanager.so.0.0.0
7f523d610000-7f523d612000 r--p 00018000 08:02 13635695                   /lib/x86_64-linux-gnu/libcgmanager.so.0.0.0
7f523d612000-7f523d613000 rw-p 0001a000 08:02 13635695                   /lib/x86_64-linux-gnu/libcgmanager.so.0.0.0
7f523d613000-7f523d623000 r-xp 00000000 08:02 13635838                   /lib/x86_64-linux-gnu/libudev.so.1.3.5
7f523d623000-7f523d822000 ---p 00010000 08:02 13635838                   /lib/x86_64-linux-gnu/libudev.so.1.3.5
7f523d822000-7f523d823000 r--p 0000f000 08:02 13635838                   /lib/x86_64-linux-gnu/libudev.so.1.3.5
7f523d823000-7f523d824000 rw-p 00010000 08:02 13635838                   /lib/x86_64-linux-gnu/libudev.so.1.3.5
7f523d824000-7f523d85b000 r-xp 00000000 08:02 6562454                    /usr/lib/x86_64-linux-gnu/libtxc_dxtn_s2tc.so.0.0.0
7f523d85b000-7f523da5a000 ---p 00037000 08:02 6562454                    /usr/lib/x86_64-linux-gnu/libtxc_dxtn_s2tc.so.0.0.0
7f523da5a000-7f523da5b000 r--p 00036000 08:02 6562454                    /usr/lib/x86_64-linux-gnu/libtxc_dxtn_s2tc.so.0.0.0
7f523da5b000-7f523da5c000 rw-p 00037000 08:02 6562454                    /usr/lib/x86_64-linux-gnu/libtxc_dxtn_s2tc.so.0.0.0
7f523da5c000-7f523da74000 r-xp 00000000 08:02 13635853                   /lib/x86_64-linux-gnu/libz.so.1.2.8
7f523da74000-7f523dc73000 ---p 00018000 08:02 13635853                   /lib/x86_64-linux-gnu/libz.so.1.2.8
7f523dc73000-7f523dc74000 r--p 00017000 08:02 13635853                   /lib/x86_64-linux-gnu/libz.so.1.2.8
7f523dc74000-7f523dc75000 rw-p 00018000 08:02 13635853                   /lib/x86_64-linux-gnu/libz.so.1.2.8
7f523dc75000-7f523dc7d000 r-xp 00000000 08:02 6562259                    /usr/lib/x86_64-linux-gnu/libpciaccess.so.0.11.1
7f523dc7d000-7f523de7c000 ---p 00008000 08:02 6562259                    /usr/lib/x86_64-linux-gnu/libpciaccess.so.0.11.1
7f523de7c000-7f523de7d000 r--p 00007000 08:02 6562259                    /usr/lib/x86_64-linux-gnu/libpciaccess.so.0.11.1
7f523de7d000-7f523de7e000 rw-p 00008000 08:02 6562259                    /usr/lib/x86_64-linux-gnu/libpciaccess.so.0.11.1
7f523de7e000-7f523df64000 r-xp 00000000 08:02 6562412                    /usr/lib/x86_64-linux-gnu/libstdc++.so.6.0.19
7f523df64000-7f523e163000 ---p 000e6000 08:02 6562412                    /usr/lib/x86_64-linux-gnu/libstdc++.so.6.0.19
7f523e163000-7f523e16b000 r--p 000e5000 08:02 6562412                    /usr/lib/x86_64-linux-gnu/libstdc++.so.6.0.19
7f523e16b000-7f523e16d000 rw-p 000ed000 08:02 6562412                    /usr/lib/x86_64-linux-gnu/libstdc++.so.6.0.19
7f523e16d000-7f523e182000 rw-p 00000000 00:00 0 
7f523e182000-7f523e18e000 r-xp 00000000 08:02 6561756                    /usr/lib/x86_64-linux-gnu/libdrm_radeon.so.1.0.1
7f523e18e000-7f523e38d000 ---p 0000c000 08:02 6561756                    /usr/lib/x86_64-linux-gnu/libdrm_radeon.so.1.0.1
7f523e38d000-7f523e38e000 r--p 0000b000 08:02 6561756                    /usr/lib/x86_64-linux-gnu/libdrm_radeon.so.1.0.1
7f523e38e000-7f523e38f000 rw-p 0000c000 08:02 6561756                    /usr/lib/x86_64-linux-gnu/libdrm_radeon.so.1.0.1
7f523e38f000-7f523e395000 r-xp 00000000 08:02 6561754                    /usr/lib/x86_64-linux-gnu/libdrm_nouveau.so.2.0.0
7f523e395000-7f523e594000 ---p 00006000 08:02 6561754                    /usr/lib/x86_64-linux-gnu/libdrm_nouveau.so.2.0.0
7f523e594000-7f523e595000 r--p 00005000 08:02 6561754                    /usr/lib/x86_64-linux-gnu/libdrm_nouveau.so.2.0.0
7f523e595000-7f523e596000 rw-p 00006000 08:02 6561754                    /usr/lib/x86_64-linux-gnu/libdrm_nouveau.so.2.0.0
7f523e596000-7f523e5b6000 r-xp 00000000 08:02 6561752                    /usr/lib/x86_64-linux-gnu/libdrm_intel.so.1.0.0
7f523e5b6000-7f523e7b5000 ---p 00020000 08:02 6561752                    /usr/lib/x86_64-linux-gnu/libdrm_intel.so.1.0.0
7f523e7b5000-7f523e7b6000 r--p 0001f000 08:02 6561752                    /usr/lib/x86_64-linux-gnu/libdrm_intel.so.1.0.0
7f523e7b6000-7f523e7b7000 rw-p 00020000 08:02 6561752                    /usr/lib/x86_64-linux-gnu/libdrm_intel.so.1.0.0
7f523e7b7000-7f523ed0b000 r-xp 00000000 08:02 6947244                    /usr/lib/x86_64-linux-gnu/dri/i965_dri.so
7f523ed0b000-7f523ef0b000 ---p 00554000 08:02 6947244                    /usr/lib/x86_64-linux-gnu/dri/i965_dri.so
7f523ef0b000-7f523ef2c000 r--p 00554000 08:02 6947244                    /usr/lib/x86_64-linux-gnu/dri/i965_dri.so
7f523ef2c000-7f523ef33000 rw-p 00575000 08:02 6947244                    /usr/lib/x86_64-linux-gnu/dri/i965_dri.so
7f523ef33000-7f523ef3a000 rw-p 00000000 00:00 0 
7f523ef3a000-7f523ef93000 r-xp 00000000 08:02 4461996                    /tmp/jogamp_0000/file_cache/jln7640551701528277727/jln6311753089240639077/libjogl_mobile.so
7f523ef93000-7f523f193000 ---p 00059000 08:02 4461996                    /tmp/jogamp_0000/file_cache/jln7640551701528277727/jln6311753089240639077/libjogl_mobile.so
7f523f193000-7f523f194000 rw-p 00059000 08:02 4461996                    /tmp/jogamp_0000/file_cache/jln7640551701528277727/jln6311753089240639077/libjogl_mobile.so
7f523f194000-7f523f19b000 r-xp 00000000 08:02 6561790                    /usr/lib/x86_64-linux-gnu/libffi.so.6.0.1
7f523f19b000-7f523f39a000 ---p 00007000 08:02 6561790                    /usr/lib/x86_64-linux-gnu/libffi.so.6.0.1
7f523f39a000-7f523f39b000 r--p 00006000 08:02 6561790                    /usr/lib/x86_64-linux-gnu/libffi.so.6.0.1
7f523f39b000-7f523f39c000 rw-p 00007000 08:02 6561790                    /usr/lib/x86_64-linux-gnu/libffi.so.6.0.1
7f523f39c000-7f523f3a8000 r-xp 00000000 08:02 6561843                    /usr/lib/x86_64-linux-gnu/libgbm.so.1.0.0
7f523f3a8000-7f523f5a8000 ---p 0000c000 08:02 6561843                    /usr/lib/x86_64-linux-gnu/libgbm.so.1.0.0
7f523f5a8000-7f523f5a9000 r--p 0000c000 08:02 6561843                    /usr/lib/x86_64-linux-gnu/libgbm.so.1.0.0
7f523f5a9000-7f523f5aa000 rw-p 0000d000 08:02 6561843                    /usr/lib/x86_64-linux-gnu/libgbm.so.1.0.0
7f523f5aa000-7f523f5b9000 r-xp 00000000 08:02 6562520                    /usr/lib/x86_64-linux-gnu/libwayland-server.so.0.1.0
7f523f5b9000-7f523f7b8000 ---p 0000f000 08:02 6562520                    /usr/lib/x86_64-linux-gnu/libwayland-server.so.0.1.0
7f523f7b8000-7f523f7ba000 r--p 0000e000 08:02 6562520                    /usr/lib/x86_64-linux-gnu/libwayland-server.so.0.1.0
7f523f7ba000-7f523f7bb000 rw-p 00010000 08:02 6562520                    /usr/lib/x86_64-linux-gnu/libwayland-server.so.0.1.0
7f523f7bb000-7f523f7c6000 r-xp 00000000 08:02 6562514                    /usr/lib/x86_64-linux-gnu/libwayland-client.so.0.2.0
7f523f7c6000-7f523f9c5000 ---p 0000b000 08:02 6562514                    /usr/lib/x86_64-linux-gnu/libwayland-client.so.0.2.0
7f523f9c5000-7f523f9c7000 r--p 0000a000 08:02 6562514                    /usr/lib/x86_64-linux-gnu/libwayland-client.so.0.2.0
7f523f9c7000-7f523f9c8000 rw-p 0000c000 08:02 6562514                    /usr/lib/x86_64-linux-gnu/libwayland-client.so.0.2.0
7f523f9c8000-7f523f9cd000 r-xp 00000000 08:02 6562570                    /usr/lib/x86_64-linux-gnu/libxcb-xfixes.so.0.0.0
7f523f9cd000-7f523fbcd000 ---p 00005000 08:02 6562570                    /usr/lib/x86_64-linux-gnu/libxcb-xfixes.so.0.0.0
7f523fbcd000-7f523fbce000 r--p 00005000 08:02 6562570                    /usr/lib/x86_64-linux-gnu/libxcb-xfixes.so.0.0.0
7f523fbce000-7f523fbcf000 rw-p 00006000 08:02 6562570                    /usr/lib/x86_64-linux-gnu/libxcb-xfixes.so.0.0.0
7f523fbcf000-7f523fbf6000 r-xp 00000000 08:02 6948353                    /usr/lib/x86_64-linux-gnu/mesa-egl/libEGL.so.1.0.0
7f523fbf6000-7f523fdf6000 ---p 00027000 08:02 6948353                    /usr/lib/x86_64-linux-gnu/mesa-egl/libEGL.so.1.0.0
7f523fdf6000-7f523fdf7000 r--p 00027000 08:02 6948353                    /usr/lib/x86_64-linux-gnu/mesa-egl/libEGL.so.1.0.0
7f523fdf7000-7f523fdf8000 rw-p 00028000 08:02 6948353                    /usr/lib/x86_64-linux-gnu/mesa-egl/libEGL.so.1.0.0
7f523fdf8000-7f523fdf9000 rw-p 00000000 00:00 0 
7f523fdf9000-7f523fdff000 r-xp 00000000 08:02 6948357                    /usr/lib/x86_64-linux-gnu/mesa-egl/libGLESv2.so.2.0.0
7f523fdff000-7f523fffe000 ---p 00006000 08:02 6948357                    /usr/lib/x86_64-linux-gnu/mesa-egl/libGLESv2.so.2.0.0
7f523fffe000-7f523ffff000 r--p 00005000 08:02 6948357                    /usr/lib/x86_64-linux-gnu/mesa-egl/libGLESv2.so.2.0.0
7f523ffff000-7f5240000000 rw-p 00006000 08:02 6948357                    /usr/lib/x86_64-linux-gnu/mesa-egl/libGLESv2.so.2.0.0
7f5240000000-7f5240754000 rw-p 00000000 00:00 0 
7f5240754000-7f5244000000 ---p 00000000 00:00 0 
7f5244000000-7f5246ded000 rw-p 00000000 00:00 0 
7f5246ded000-7f5248000000 ---p 00000000 00:00 0 
7f5248000000-7f5248021000 rw-p 00000000 00:00 0 
7f5248021000-7f524c000000 ---p 00000000 00:00 0 
7f524c000000-7f524c291000 rw-p 00000000 00:00 0 
7f524c291000-7f5250000000 ---p 00000000 00:00 0 
7f5250000000-7f5250021000 rw-p 00000000 00:00 0 
7f5250021000-7f5254000000 ---p 00000000 00:00 0 
7f52540a2000-7f52540a3000 rw-p 00000000 00:00 0 
7f52540a3000-7f52540ab000 rw-s 00000000 00:05 157279                     /drm mm object (deleted)
7f52540ab000-7f52540b3000 rw-s 00000000 00:05 156406                     /drm mm object (deleted)
7f52540b3000-7f52540bb000 rw-s 00000000 00:05 156379                     /drm mm object (deleted)
7f52540bb000-7f52540c3000 rw-s 00000000 00:05 154518                     /drm mm object (deleted)
7f52540c3000-7f52540cb000 rw-s 00000000 00:05 156355                     /drm mm object (deleted)
7f52540cb000-7f52540d2000 r--s 00000000 08:02 6947811                    /usr/lib/x86_64-linux-gnu/gconv/gconv-modules.cache
7f52540d2000-7f52540e5000 r--s 00344000 08:02 6695996                    /usr/bin/processing-3.0/java/lib/resources.jar
7f52540e5000-7f52540ed000 rw-s 00000000 00:05 156318                     /drm mm object (deleted)
7f52540ed000-7f52540f5000 rw-s 00000000 00:05 155636                     /drm mm object (deleted)
7f52540f5000-7f52540fd000 rw-s 00000000 00:05 156763                     /drm mm object (deleted)
7f52540fd000-7f5254105000 rw-s 00000000 00:05 155625                     /drm mm object (deleted)
7f5254105000-7f5254108000 ---p 00000000 00:00 0 
7f5254108000-7f5254206000 rw-p 00000000 00:00 0                          [stack:9872]
7f5254206000-7f5254209000 ---p 00000000 00:00 0 
7f5254209000-7f5254307000 rw-p 00000000 00:00 0                          [stack:9871]
7f5254307000-7f52543ba000 r-xp 00000000 08:02 4461995                    /tmp/jogamp_0000/file_cache/jln7640551701528277727/jln6311753089240639077/libjogl_desktop.so
7f52543ba000-7f52545ba000 ---p 000b3000 08:02 4461995                    /tmp/jogamp_0000/file_cache/jln7640551701528277727/jln6311753089240639077/libjogl_desktop.so
7f52545ba000-7f52545bb000 rw-p 000b3000 08:02 4461995                    /tmp/jogamp_0000/file_cache/jln7640551701528277727/jln6311753089240639077/libjogl_desktop.so
7f52545bb000-7f52545c6000 r-xp 00000000 08:02 6561750                    /usr/lib/x86_64-linux-gnu/libdrm.so.2.4.0
7f52545c6000-7f52547c5000 ---p 0000b000 08:02 6561750                    /usr/lib/x86_64-linux-gnu/libdrm.so.2.4.0
7f52547c5000-7f52547c6000 r--p 0000a000 08:02 6561750                    /usr/lib/x86_64-linux-gnu/libdrm.so.2.4.0
7f52547c6000-7f52547c7000 rw-p 0000b000 08:02 6561750                    /usr/lib/x86_64-linux-gnu/libdrm.so.2.4.0
7f52547c7000-7f52547c8000 r-xp 00000000 08:02 6562584                    /usr/lib/x86_64-linux-gnu/libxshmfence.so.1.0.0
7f52547c8000-7f52549c7000 ---p 00001000 08:02 6562584                    /usr/lib/x86_64-linux-gnu/libxshmfence.so.1.0.0
7f52549c7000-7f52549c8000 r--p 00000000 08:02 6562584                    /usr/lib/x86_64-linux-gnu/libxshmfence.so.1.0.0
7f52549c8000-7f52549c9000 rw-p 00001000 08:02 6562584                    /usr/lib/x86_64-linux-gnu/libxshmfence.so.1.0.0
7f52549c9000-7f52549ce000 r-xp 00000000 08:02 6562566                    /usr/lib/x86_64-linux-gnu/libxcb-sync.so.1.0.0
7f52549ce000-7f5254bcd000 ---p 00005000 08:02 6562566                    /usr/lib/x86_64-linux-gnu/libxcb-sync.so.1.0.0
7f5254bcd000-7f5254bce000 r--p 00004000 08:02 6562566                    /usr/lib/x86_64-linux-gnu/libxcb-sync.so.1.0.0
7f5254bce000-7f5254bcf000 rw-p 00005000 08:02 6562566                    /usr/lib/x86_64-linux-gnu/libxcb-sync.so.1.0.0
7f5254bcf000-7f5254bd1000 r-xp 00000000 08:02 6562554                    /usr/lib/x86_64-linux-gnu/libxcb-present.so.0.0.0
7f5254bd1000-7f5254dd0000 ---p 00002000 08:02 6562554                    /usr/lib/x86_64-linux-gnu/libxcb-present.so.0.0.0
7f5254dd0000-7f5254dd1000 r--p 00001000 08:02 6562554                    /usr/lib/x86_64-linux-gnu/libxcb-present.so.0.0.0
7f5254dd1000-7f5254dd2000 rw-p 00002000 08:02 6562554                    /usr/lib/x86_64-linux-gnu/libxcb-present.so.0.0.0
7f5254dd2000-7f5254dd4000 r-xp 00000000 08:02 6562544                    /usr/lib/x86_64-linux-gnu/libxcb-dri3.so.0.0.0
7f5254dd4000-7f5254fd3000 ---p 00002000 08:02 6562544                    /usr/lib/x86_64-linux-gnu/libxcb-dri3.so.0.0.0
7f5254fd3000-7f5254fd4000 r--p 00001000 08:02 6562544                    /usr/lib/x86_64-linux-gnu/libxcb-dri3.so.0.0.0
7f5254fd4000-7f5254fd5000 rw-p 00002000 08:02 6562544                    /usr/lib/x86_64-linux-gnu/libxcb-dri3.so.0.0.0
7f5254fd5000-7f5254fd8000 r-xp 00000000 08:02 6562542                    /usr/lib/x86_64-linux-gnu/libxcb-dri2.so.0.0.0
7f5254fd8000-7f52551d8000 ---p 00003000 08:02 6562542                    /usr/lib/x86_64-linux-gnu/libxcb-dri2.so.0.0.0
7f52551d8000-7f52551d9000 r--p 00003000 08:02 6562542                    /usr/lib/x86_64-linux-gnu/libxcb-dri2.so.0.0.0
7f52551d9000-7f52551da000 rw-p 00004000 08:02 6562542                    /usr/lib/x86_64-linux-gnu/libxcb-dri2.so.0.0.0
7f52551da000-7f52551ef000 r-xp 00000000 08:02 6562546                    /usr/lib/x86_64-linux-gnu/libxcb-glx.so.0.0.0
7f52551ef000-7f52553ee000 ---p 00015000 08:02 6562546                    /usr/lib/x86_64-linux-gnu/libxcb-glx.so.0.0.0
7f52553ee000-7f52553f0000 r--p 00014000 08:02 6562546                    /usr/lib/x86_64-linux-gnu/libxcb-glx.so.0.0.0
7f52553f0000-7f52553f1000 rw-p 00016000 08:02 6562546                    /usr/lib/x86_64-linux-gnu/libxcb-glx.so.0.0.0
7f52553f1000-7f52553f2000 r-xp 00000000 08:02 6561502                    /usr/lib/x86_64-linux-gnu/libX11-xcb.so.1.0.0
7f52553f2000-7f52555f1000 ---p 00001000 08:02 6561502                    /usr/lib/x86_64-linux-gnu/libX11-xcb.so.1.0.0
7f52555f1000-7f52555f2000 r--p 00000000 08:02 6561502                    /usr/lib/x86_64-linux-gnu/libX11-xcb.so.1.0.0
7f52555f2000-7f52555f3000 rw-p 00001000 08:02 6561502                    /usr/lib/x86_64-linux-gnu/libX11-xcb.so.1.0.0
7f52555f3000-7f52555f5000 r-xp 00000000 08:02 6561517                    /usr/lib/x86_64-linux-gnu/libXdamage.so.1.1.0
7f52555f5000-7f52557f4000 ---p 00002000 08:02 6561517                    /usr/lib/x86_64-linux-gnu/libXdamage.so.1.1.0
7f52557f4000-7f52557f5000 r--p 00001000 08:02 6561517                    /usr/lib/x86_64-linux-gnu/libXdamage.so.1.1.0
7f52557f5000-7f52557f6000 rw-p 00002000 08:02 6561517                    /usr/lib/x86_64-linux-gnu/libXdamage.so.1.1.0
7f52557f6000-7f525581b000 r-xp 00000000 08:02 6561895                    /usr/lib/x86_64-linux-gnu/libglapi.so.0.0.0
7f525581b000-7f5255a1b000 ---p 00025000 08:02 6561895                    /usr/lib/x86_64-linux-gnu/libglapi.so.0.0.0
7f5255a1b000-7f5255a1e000 r--p 00025000 08:02 6561895                    /usr/lib/x86_64-linux-gnu/libglapi.so.0.0.0
7f5255a1e000-7f5255a1f000 rw-p 00028000 08:02 6561895                    /usr/lib/x86_64-linux-gnu/libglapi.so.0.0.0
7f5255a1f000-7f5255a20000 rw-p 00000000 00:00 0 
7f5255a20000-7f5255a47000 r-xp 00000000 08:02 13637323                   /lib/x86_64-linux-gnu/libexpat.so.1.6.0
7f5255a47000-7f5255c47000 ---p 00027000 08:02 13637323                   /lib/x86_64-linux-gnu/libexpat.so.1.6.0
7f5255c47000-7f5255c49000 r--p 00027000 08:02 13637323                   /lib/x86_64-linux-gnu/libexpat.so.1.6.0
7f5255c49000-7f5255c4a000 rw-p 00029000 08:02 13637323                   /lib/x86_64-linux-gnu/libexpat.so.1.6.0
7f5255c4a000-7f5255cd8000 r-xp 00000000 08:02 6948350                    /usr/lib/x86_64-linux-gnu/mesa/libGL.so.1.2.0
7f5255cd8000-7f5255ed7000 ---p 0008e000 08:02 6948350                    /usr/lib/x86_64-linux-gnu/mesa/libGL.so.1.2.0
7f5255ed7000-7f5255eda000 r--p 0008d000 08:02 6948350                    /usr/lib/x86_64-linux-gnu/mesa/libGL.so.1.2.0
7f5255eda000-7f5255edb000 rw-p 00090000 08:02 6948350                    /usr/lib/x86_64-linux-gnu/mesa/libGL.so.1.2.0
7f5255edb000-7f52560dc000 rw-p 00000000 00:00 0 
7f52560dc000-7f52560de000 r-xp 00000000 08:02 6561531                    /usr/lib/x86_64-linux-gnu/libXinerama.so.1.0.0
7f52560de000-7f52562dd000 ---p 00002000 08:02 6561531                    /usr/lib/x86_64-linux-gnu/libXinerama.so.1.0.0
7f52562dd000-7f52562de000 r--p 00001000 08:02 6561531                    /usr/lib/x86_64-linux-gnu/libXinerama.so.1.0.0
7f52562de000-7f52562df000 rw-p 00002000 08:02 6561531                    /usr/lib/x86_64-linux-gnu/libXinerama.so.1.0.0
7f52562df000-7f52562e2000 ---p 00000000 00:00 0 
7f52562e2000-7f5256890000 rw-p 00000000 00:00 0                          [stack:9870]
7f5256890000-7f525689f000 r-xp 00000000 08:02 4461999                    /tmp/jogamp_0000/file_cache/jln7640551701528277727/jln6311753089240639077/libnewt.so
7f525689f000-7f5256a9e000 ---p 0000f000 08:02 4461999                    /tmp/jogamp_0000/file_cache/jln7640551701528277727/jln6311753089240639077/libnewt.so
7f5256a9e000-7f5256a9f000 rw-p 0000e000 08:02 4461999                    /tmp/jogamp_0000/file_cache/jln7640551701528277727/jln6311753089240639077/libnewt.so
7f5256a9f000-7f5256aa6000 r-xp 00000000 08:02 4461998                    /tmp/jogamp_0000/file_cache/jln7640551701528277727/jln6311753089240639077/libnativewindow_x11.so
7f5256aa6000-7f5256ca5000 ---p 00007000 08:02 4461998                    /tmp/jogamp_0000/file_cache/jln7640551701528277727/jln6311753089240639077/libnativewindow_x11.so
7f5256ca5000-7f5256ca6000 rw-p 00006000 08:02 4461998                    /tmp/jogamp_0000/file_cache/jln7640551701528277727/jln6311753089240639077/libnativewindow_x11.so
7f5256ca6000-7f5256ca9000 ---p 00000000 00:00 0 
7f5256ca9000-7f5256da7000 rw-p 00000000 00:00 0                          [stack:9892]
7f5256da7000-7f5256dab000 r-xp 00000000 08:02 6561559                    /usr/lib/x86_64-linux-gnu/libXxf86vm.so.1.0.0
7f5256dab000-7f5256fab000 ---p 00004000 08:02 6561559                    /usr/lib/x86_64-linux-gnu/libXxf86vm.so.1.0.0
7f5256fab000-7f5256fac000 r--p 00004000 08:02 6561559                    /usr/lib/x86_64-linux-gnu/libXxf86vm.so.1.0.0
7f5256fac000-7f5256fad000 rw-p 00005000 08:02 6561559                    /usr/lib/x86_64-linux-gnu/libXxf86vm.so.1.0.0
7f5256fad000-7f5256faf000 rw-s 149007000 00:06 10208                     /dev/dri/card0
7f5256faf000-7f5256fb0000 rw-s 149006000 00:06 10208                     /dev/dri/card0
7f5256fb0000-7f5256fb1000 rw-s 81000000 00:06 94744                      /dev/snd/pcmC2D0p
7f5256fb1000-7f5256fb2000 r--s 80000000 00:06 94744                      /dev/snd/pcmC2D0p
7f5256fb2000-7f5256fb3000 rw-s 148f05000 00:06 10208                     /dev/dri/card0
7f5256fb3000-7f5256fb4000 rw-s 148f04000 00:06 10208                     /dev/dri/card0
7f5256fb4000-7f5256fb5000 rwxp 00000000 00:00 0 
7f5256fb5000-7f5256fbd000 rw-s 00000000 00:05 155582                     /drm mm object (deleted)
7f5256fbd000-7f5256fc5000 rw-s 00000000 00:05 155622                     /drm mm object (deleted)
7f5256fc5000-7f5256fc6000 rw-s 148f03000 00:06 10208                     /dev/dri/card0
7f5256fc6000-7f5256fce000 rw-s 00000000 00:05 155571                     /drm mm object (deleted)
7f5256fce000-7f5256fd0000 r-xp 00000000 08:02 4461997                    /tmp/jogamp_0000/file_cache/jln7640551701528277727/jln6311753089240639077/libnativewindow_awt.so
7f5256fd0000-7f52571cf000 ---p 00002000 08:02 4461997                    /tmp/jogamp_0000/file_cache/jln7640551701528277727/jln6311753089240639077/libnativewindow_awt.so
7f52571cf000-7f52571d0000 rw-p 00001000 08:02 4461997                    /tmp/jogamp_0000/file_cache/jln7640551701528277727/jln6311753089240639077/libnativewindow_awt.so
7f52571d0000-7f52571d1000 r-xp 00000000 08:02 8012156                    /usr/bin/processing-3.0/java/lib/amd64/libjawt.so
7f52571d1000-7f52573d0000 ---p 00001000 08:02 8012156                    /usr/bin/processing-3.0/java/lib/amd64/libjawt.so
7f52573d0000-7f52573d1000 rw-p 00000000 08:02 8012156                    /usr/bin/processing-3.0/java/lib/amd64/libjawt.so
7f52573d1000-7f52573d3000 r-xp 00000000 08:02 4461994                    /tmp/jogamp_0000/file_cache/jln7640551701528277727/jln6311753089240639077/libgluegen-rt.so
7f52573d3000-7f52575d2000 ---p 00002000 08:02 4461994                    /tmp/jogamp_0000/file_cache/jln7640551701528277727/jln6311753089240639077/libgluegen-rt.so
7f52575d2000-7f52575d3000 rw-p 00001000 08:02 4461994                    /tmp/jogamp_0000/file_cache/jln7640551701528277727/jln6311753089240639077/libgluegen-rt.so
7f52575d3000-7f52575d6000 ---p 00000000 00:00 0 
7f52575d6000-7f52576d4000 rw-p 00000000 00:00 0 
7f52576d4000-7f52576e5000 r-xp 00000000 08:02 8012203                    /usr/bin/processing-3.0/java/lib/amd64/libnio.so
7f52576e5000-7f52578e4000 ---p 00011000 08:02 8012203                    /usr/bin/processing-3.0/java/lib/amd64/libnio.so
7f52578e4000-7f52578e5000 rw-p 00010000 08:02 8012203                    /usr/bin/processing-3.0/java/lib/amd64/libnio.so
7f52578e5000-7f52578fb000 r-xp 00000000 08:02 8012151                    /usr/bin/processing-3.0/java/lib/amd64/libnet.so
7f52578fb000-7f5257afb000 ---p 00016000 08:02 8012151                    /usr/bin/processing-3.0/java/lib/amd64/libnet.so
7f5257afb000-7f5257afc000 rw-p 00016000 08:02 8012151                    /usr/bin/processing-3.0/java/lib/amd64/libnet.so
7f5257afc000-7f5257aff000 ---p 00000000 00:00 0 
7f5257aff000-7f5257b35000 rw-p 00000000 00:00 0 
7f5257b35000-7f5257b39000 r--s 00095000 08:02 6696012                    /usr/bin/processing-3.0/java/lib/jsse.jar
7f5257b39000-7f5257d39000 rw-p 00000000 00:00 0 
7f5257d39000-7f5257d3c000 r--s 00041000 08:02 8014028                    /usr/bin/processing-3.0/modes/java/mode/org.netbeans.swing.outline.jar
7f5257d3c000-7f5257d41000 r--s 00038000 08:02 8014038                    /usr/bin/processing-3.0/modes/java/mode/org.eclipse.text.jar
7f5257d41000-7f5257d55000 r--s 00121000 08:02 8014045                    /usr/bin/processing-3.0/modes/java/mode/org.eclipse.osgi.jar
7f5257d55000-7f5257d8d000 r--s 00515000 08:02 8014044                    /usr/bin/processing-3.0/modes/java/mode/org.eclipse.jdt.core.jar
7f5257d8d000-7f5257d90000 r--s 0001c000 08:02 8014042                    /usr/bin/processing-3.0/modes/java/mode/org.eclipse.equinox.preferences.jar
7f5257d90000-7f5257d9b000 r--s 000c1000 08:02 8014040                    /usr/bin/processing-3.0/modes/java/mode/org.eclipse.core.resources.jar
7f5257d9b000-7f5257df6000 r--s 009e2000 08:02 8014039                    /usr/bin/processing-3.0/modes/java/mode/com.ibm.icu.jar
7f5257df6000-7f5257dff000 r-xp 00000000 08:02 6561541                    /usr/lib/x86_64-linux-gnu/libXrandr.so.2.2.0
7f5257dff000-7f5257ffe000 ---p 00009000 08:02 6561541                    /usr/lib/x86_64-linux-gnu/libXrandr.so.2.2.0
7f5257ffe000-7f5257fff000 r--p 00008000 08:02 6561541                    /usr/lib/x86_64-linux-gnu/libXrandr.so.2.2.0
7f5257fff000-7f5258000000 rw-p 00009000 08:02 6561541                    /usr/lib/x86_64-linux-gnu/libXrandr.so.2.2.0
7f5258000000-7f5258021000 rw-p 00000000 00:00 0 
7f5258021000-7f525c000000 ---p 00000000 00:00 0 
7f525c000000-7f525c027000 rw-p 00000000 00:00 0 
7f525c027000-7f5260000000 ---p 00000000 00:00 0 
7f5260000000-7f5260021000 rw-p 00000000 00:00 0 
7f5260021000-7f5264000000 ---p 00000000 00:00 0 
7f5264000000-7f5264021000 rw-p 00000000 00:00 0 
7f5264021000-7f5268000000 ---p 00000000 00:00 0 
7f5268000000-7f5269203000 rw-p 00000000 00:00 0 
7f5269203000-7f526c000000 ---p 00000000 00:00 0 
7f526c000000-7f526c461000 rw-p 00000000 00:00 0 
7f526c461000-7f5270000000 ---p 00000000 00:00 0 
7f5270000000-7f5270021000 rw-p 00000000 00:00 0 
7f5270021000-7f5274000000 ---p 00000000 00:00 0 
7f5274000000-7f5274688000 rw-p 00000000 00:00 0 
7f5274688000-7f5278000000 ---p 00000000 00:00 0 
7f5278000000-7f5278021000 rw-p 00000000 00:00 0 
7f5278021000-7f527c000000 ---p 00000000 00:00 0 
7f527c000000-7f527c021000 rw-p 00000000 00:00 0 
7f527c021000-7f5280000000 ---p 00000000 00:00 0 
7f5280000000-7f5280021000 rw-p 00000000 00:00 0 
7f5280021000-7f5284000000 ---p 00000000 00:00 0 
7f5284000000-7f5284021000 rw-p 00000000 00:00 0 
7f5284021000-7f5288000000 ---p 00000000 00:00 0 
7f5288000000-7f5288021000 rw-p 00000000 00:00 0 
7f5288021000-7f528c000000 ---p 00000000 00:00 0 
7f528c000000-7f528c021000 rw-p 00000000 00:00 0 
7f528c021000-7f5290000000 ---p 00000000 00:00 0 
7f5290000000-7f5290021000 rw-p 00000000 00:00 0 
7f5290021000-7f5294000000 ---p 00000000 00:00 0 
7f5294000000-7f5294001000 r--p 00000000 00:00 0 
7f5294001000-7f5294004000 r--s 00018000 08:02 8014034                    /usr/bin/processing-3.0/modes/java/mode/org.eclipse.equinox.common.jar
7f5294004000-7f5294006000 r--s 00011000 08:02 8014037                    /usr/bin/processing-3.0/modes/java/mode/org.eclipse.core.runtime.jar
7f5294006000-7f5294008000 r--s 00016000 08:02 8014027                    /usr/bin/processing-3.0/modes/java/mode/org.eclipse.core.jobs.jar
7f5294008000-7f529400a000 r--s 00015000 08:02 8014029                    /usr/bin/processing-3.0/modes/java/mode/org.eclipse.core.contenttype.jar
7f529400a000-7f529400f000 r--s 0003f000 08:02 8014032                    /usr/bin/processing-3.0/modes/java/mode/jsoup-1.7.1.jar
7f529400f000-7f529401c000 r--s 000cb000 08:02 8014036                    /usr/bin/processing-3.0/modes/java/mode/jdimodel.jar
7f529401c000-7f5294020000 r--s 0000e000 08:02 8014030                    /usr/bin/processing-3.0/modes/java/mode/jdi.jar
7f5294020000-7f529402a000 r--s 00097000 08:02 6695776                    /usr/bin/processing-3.0/lib/pde.jar
7f529402a000-7f5294048000 r--s 001bb000 08:02 6695851                    /usr/bin/processing-3.0/lib/ant.jar
7f5294048000-7f529406b000 r--s 00308000 08:02 6569034                    /usr/bin/processing-3.0/core/library/jogl-all.jar
7f529406b000-7f529406e000 ---p 00000000 00:00 0 
7f529406e000-7f529416c000 rw-p 00000000 00:00 0                          [stack:9859]
7f529416c000-7f5294171000 r-xp 00000000 08:02 6561523                    /usr/lib/x86_64-linux-gnu/libXfixes.so.3.1.0
7f5294171000-7f5294370000 ---p 00005000 08:02 6561523                    /usr/lib/x86_64-linux-gnu/libXfixes.so.3.1.0
7f5294370000-7f5294371000 r--p 00004000 08:02 6561523                    /usr/lib/x86_64-linux-gnu/libXfixes.so.3.1.0
7f5294371000-7f5294372000 rw-p 00005000 08:02 6561523                    /usr/lib/x86_64-linux-gnu/libXfixes.so.3.1.0
7f5294372000-7f529437b000 r-xp 00000000 08:02 6561515                    /usr/lib/x86_64-linux-gnu/libXcursor.so.1.0.2
7f529437b000-7f529457a000 ---p 00009000 08:02 6561515                    /usr/lib/x86_64-linux-gnu/libXcursor.so.1.0.2
7f529457a000-7f529457b000 r--p 00008000 08:02 6561515                    /usr/lib/x86_64-linux-gnu/libXcursor.so.1.0.2
7f529457b000-7f529457c000 rw-p 00009000 08:02 6561515                    /usr/lib/x86_64-linux-gnu/libXcursor.so.1.0.2
7f529457c000-7f529457f000 ---p 00000000 00:00 0 
7f529457f000-7f529467d000 rw-p 00000000 00:00 0                          [stack:9858]
7f529467d000-7f5294693000 r-xp 00000000 08:02 13635717                   /lib/x86_64-linux-gnu/libgcc_s.so.1
7f5294693000-7f5294892000 ---p 00016000 08:02 13635717                   /lib/x86_64-linux-gnu/libgcc_s.so.1
7f5294892000-7f5294893000 rw-p 00015000 08:02 13635717                   /lib/x86_64-linux-gnu/libgcc_s.so.1
7f5294893000-7f52948f9000 r-xp 00000000 08:02 8012146                    /usr/bin/processing-3.0/java/lib/amd64/libfontmanager.so
7f52948f9000-7f5294af8000 ---p 00066000 08:02 8012146                    /usr/bin/processing-3.0/java/lib/amd64/libfontmanager.so
7f5294af8000-7f5294afc000 rw-p 00065000 08:02 8012146                    /usr/bin/processing-3.0/java/lib/amd64/libfontmanager.so
7f5294afc000-7f5294b0d000 rw-p 00000000 00:00 0 
7f5294b0d000-7f5294b12000 r-xp 00000000 08:02 6561519                    /usr/lib/x86_64-linux-gnu/libXdmcp.so.6.0.0
7f5294b12000-7f5294d11000 ---p 00005000 08:02 6561519                    /usr/lib/x86_64-linux-gnu/libXdmcp.so.6.0.0
7f5294d11000-7f5294d12000 r--p 00004000 08:02 6561519                    /usr/lib/x86_64-linux-gnu/libXdmcp.so.6.0.0
7f5294d12000-7f5294d13000 rw-p 00005000 08:02 6561519                    /usr/lib/x86_64-linux-gnu/libXdmcp.so.6.0.0
7f5294d13000-7f5294d15000 r-xp 00000000 08:02 6561508                    /usr/lib/x86_64-linux-gnu/libXau.so.6.0.0
7f5294d15000-7f5294f15000 ---p 00002000 08:02 6561508                    /usr/lib/x86_64-linux-gnu/libXau.so.6.0.0
7f5294f15000-7f5294f16000 r--p 00002000 08:02 6561508                    /usr/lib/x86_64-linux-gnu/libXau.so.6.0.0
7f5294f16000-7f5294f17000 rw-p 00003000 08:02 6561508                    /usr/lib/x86_64-linux-gnu/libXau.so.6.0.0
7f5294f17000-7f5294f34000 r-xp 00000000 08:02 6562574                    /usr/lib/x86_64-linux-gnu/libxcb.so.1.1.0
7f5294f34000-7f5295134000 ---p 0001d000 08:02 6562574                    /usr/lib/x86_64-linux-gnu/libxcb.so.1.1.0
7f5295134000-7f5295135000 r--p 0001d000 08:02 6562574                    /usr/lib/x86_64-linux-gnu/libxcb.so.1.1.0
7f5295135000-7f5295136000 rw-p 0001e000 08:02 6562574                    /usr/lib/x86_64-linux-gnu/libxcb.so.1.1.0
7f5295136000-7f5295145000 r-xp 00000000 08:02 6561529                    /usr/lib/x86_64-linux-gnu/libXi.so.6.1.0
7f5295145000-7f5295344000 ---p 0000f000 08:02 6561529                    /usr/lib/x86_64-linux-gnu/libXi.so.6.1.0
7f5295344000-7f5295345000 r--p 0000e000 08:02 6561529                    /usr/lib/x86_64-linux-gnu/libXi.so.6.1.0
7f5295345000-7f5295346000 rw-p 0000f000 08:02 6561529                    /usr/lib/x86_64-linux-gnu/libXi.so.6.1.0
7f5295346000-7f529534b000 r-xp 00000000 08:02 6561549                    /usr/lib/x86_64-linux-gnu/libXtst.so.6.1.0
7f529534b000-7f529554a000 ---p 00005000 08:02 6561549                    /usr/lib/x86_64-linux-gnu/libXtst.so.6.1.0
7f529554a000-7f529554b000 r--p 00004000 08:02 6561549                    /usr/lib/x86_64-linux-gnu/libXtst.so.6.1.0
7f529554b000-7f529554c000 rw-p 00005000 08:02 6561549                    /usr/lib/x86_64-linux-gnu/libXtst.so.6.1.0
7f529554c000-7f5295555000 r-xp 00000000 08:02 6561543                    /usr/lib/x86_64-linux-gnu/libXrender.so.1.3.0
7f5295555000-7f5295754000 ---p 00009000 08:02 6561543                    /usr/lib/x86_64-linux-gnu/libXrender.so.1.3.0
7f5295754000-7f5295755000 r--p 00008000 08:02 6561543                    /usr/lib/x86_64-linux-gnu/libXrender.so.1.3.0
7f5295755000-7f5295756000 rw-p 00009000 08:02 6561543                    /usr/lib/x86_64-linux-gnu/libXrender.so.1.3.0
7f5295756000-7f5295886000 r-xp 00000000 08:02 6561504                    /usr/lib/x86_64-linux-gnu/libX11.so.6.3.0
7f5295886000-7f5295a86000 ---p 00130000 08:02 6561504                    /usr/lib/x86_64-linux-gnu/libX11.so.6.3.0
7f5295a86000-7f5295a87000 r--p 00130000 08:02 6561504                    /usr/lib/x86_64-linux-gnu/libX11.so.6.3.0
7f5295a87000-7f5295a8b000 rw-p 00131000 08:02 6561504                    /usr/lib/x86_64-linux-gnu/libX11.so.6.3.0
7f5295a8b000-7f5295a9c000 r-xp 00000000 08:02 6561521                    /usr/lib/x86_64-linux-gnu/libXext.so.6.4.0
7f5295a9c000-7f5295c9b000 ---p 00011000 08:02 6561521                    /usr/lib/x86_64-linux-gnu/libXext.so.6.4.0
7f5295c9b000-7f5295c9c000 r--p 00010000 08:02 6561521                    /usr/lib/x86_64-linux-gnu/libXext.so.6.4.0
7f5295c9c000-7f5295c9d000 rw-p 00011000 08:02 6561521                    /usr/lib/x86_64-linux-gnu/libXext.so.6.4.0
7f5295c9d000-7f5295c9e000 r--s 00003000 08:02 8014046                    /usr/bin/processing-3.0/modes/java/mode/jdtCompilerAdapter.jar
7f5295c9e000-7f5295ca4000 r--s 0007d000 08:02 8014033                    /usr/bin/processing-3.0/modes/java/mode/JavaMode.jar
7f5295ca4000-7f5295cbe000 r--s 01689000 08:02 6569030                    /usr/bin/processing-3.0/core/library/jogl-java-src.zip
7f5295cbe000-7f5295d12000 r-xp 00000000 08:02 8012182                    /usr/bin/processing-3.0/java/lib/amd64/libawt_xawt.so
7f5295d12000-7f5295f12000 ---p 00054000 08:02 8012182                    /usr/bin/processing-3.0/java/lib/amd64/libawt_xawt.so
7f5295f12000-7f5295f16000 rw-p 00054000 08:02 8012182                    /usr/bin/processing-3.0/java/lib/amd64/libawt_xawt.so
7f5295f16000-7f5295f17000 rw-p 00000000 00:00 0 
7f5295f17000-7f5295fb9000 r-xp 00000000 08:02 8012174                    /usr/bin/processing-3.0/java/lib/amd64/libawt.so
7f5295fb9000-7f52961b9000 ---p 000a2000 08:02 8012174                    /usr/bin/processing-3.0/java/lib/amd64/libawt.so
7f52961b9000-7f52961c5000 rw-p 000a2000 08:02 8012174                    /usr/bin/processing-3.0/java/lib/amd64/libawt.so
7f52961c5000-7f52961e9000 rw-p 00000000 00:00 0 
7f52961e9000-7f52961ea000 ---p 00000000 00:00 0 
7f52961ea000-7f52962ea000 rw-p 00000000 00:00 0                          [stack:9857]
7f52962ea000-7f52962ed000 ---p 00000000 00:00 0 
7f52962ed000-7f52963eb000 rw-p 00000000 00:00 0                          [stack:9856]
7f52963eb000-7f52963ee000 ---p 00000000 00:00 0 
7f52963ee000-7f52964ec000 rw-p 00000000 00:00 0                          [stack:9855]
7f52964ec000-7f52964ef000 ---p 00000000 00:00 0 
7f52964ef000-7f52965ed000 rw-p 00000000 00:00 0                          [stack:9854]
7f52965ed000-7f52965f0000 ---p 00000000 00:00 0 
7f52965f0000-7f52966ee000 rw-p 00000000 00:00 0                          [stack:9853]
7f52966ee000-7f52966f1000 ---p 00000000 00:00 0 
7f52966f1000-7f52967ef000 rw-p 00000000 00:00 0                          [stack:9846]
7f52967ef000-7f52967f2000 ---p 00000000 00:00 0 
7f52967f2000-7f52968f0000 rw-p 00000000 00:00 0                          [stack:9842]
7f52968f0000-7f52968f3000 ---p 00000000 00:00 0 
7f52968f3000-7f52969f1000 rw-p 00000000 00:00 0                          [stack:9841]
7f52969f1000-7f52969f5000 r-xp 00000000 08:02 8012175                    /usr/bin/processing-3.0/java/lib/amd64/libdt_socket.so
7f52969f5000-7f5296bf4000 ---p 00004000 08:02 8012175                    /usr/bin/processing-3.0/java/lib/amd64/libdt_socket.so
7f5296bf4000-7f5296bf5000 rw-p 00003000 08:02 8012175                    /usr/bin/processing-3.0/java/lib/amd64/libdt_socket.so
7f5296bf5000-7f5296bf8000 ---p 00000000 00:00 0 
7f5296bf8000-7f5296cf6000 rw-p 00000000 00:00 0                          [stack:9840]
7f5296cf6000-7f5296cf9000 ---p 00000000 00:00 0 
7f5296cf9000-7f5296df7000 rw-p 00000000 00:00 0                          [stack:9839]
7f5296df7000-7f5296dfa000 ---p 00000000 00:00 0 
7f5296dfa000-7f5296ef8000 rw-p 00000000 00:00 0                          [stack:9838]
7f5296ef8000-7f5296ef9000 ---p 00000000 00:00 0 
7f5296ef9000-7f5297e28000 rw-p 00000000 00:00 0                          [stack:9837]
7f5297e28000-7f5298000000 r--s 03d0c000 08:02 6695974                    /usr/bin/processing-3.0/java/lib/rt.jar
7f5298000000-7f5298021000 rw-p 00000000 00:00 0 
7f5298021000-7f529c000000 ---p 00000000 00:00 0 
7f529c000000-7f529c021000 rw-p 00000000 00:00 0 
7f529c021000-7f52a0000000 ---p 00000000 00:00 0 
7f52a0000000-7f52a0021000 rw-p 00000000 00:00 0 
7f52a0021000-7f52a4000000 ---p 00000000 00:00 0 
7f52a4000000-7f52a4014000 r--s 00127000 08:02 6695832                    /usr/bin/processing-3.0/lib/jna.jar
7f52a4014000-7f52acdfe000 rw-p 00000000 00:00 0 
7f52acdfe000-7f52acdff000 ---p 00000000 00:00 0 
7f52acdff000-7f52aceff000 rw-p 00000000 00:00 0                          [stack:9836]
7f52aceff000-7f52acf00000 ---p 00000000 00:00 0 
7f52acf00000-7f52ad000000 rw-p 00000000 00:00 0                          [stack:9835]
7f52ad000000-7f52ad760000 rwxp 00000000 00:00 0 
7f52ad760000-7f52bc000000 ---p 00000000 00:00 0 
7f52bc000000-7f52bc897000 rw-p 00000000 00:00 0 
7f52bc897000-7f52c0000000 ---p 00000000 00:00 0 
7f52c0000000-7f52c0001000 r--s 00003000 08:02 8014035                    /usr/bin/processing-3.0/modes/java/mode/classpath-explorer-1.0.jar
7f52c0001000-7f52c0006000 r--s 00068000 08:02 8014043                    /usr/bin/processing-3.0/modes/java/mode/antlr.jar
7f52c0006000-7f52c0008000 r--s 00002000 08:02 6695836                    /usr/bin/processing-3.0/lib/ant-launcher.jar
7f52c0008000-7f52c000a000 r--s 00005000 08:02 4591938                    /home/akelly/sketchbook/libraries/minim/library/mp3spi1.9.5.jar
7f52c000a000-7f52c000b000 r--s 0000b000 08:02 4591937                    /home/akelly/sketchbook/libraries/minim/library/jsminim.jar
7f52c000b000-7f52c000f000 r--s 00040000 08:02 4591936                    /home/akelly/sketchbook/libraries/minim/library/jl1.0.1.jar
7f52c000f000-7f52c0012000 r--s 00017000 08:02 4591933                    /home/akelly/sketchbook/libraries/minim/library/tritonus_share.jar
7f52c0012000-7f52c0015000 r--s 00016000 08:02 4591932                    /home/akelly/sketchbook/libraries/minim/library/minim.jar
7f52c0015000-7f52c001d000 r--s 003d3000 08:02 6569026                    /usr/bin/processing-3.0/core/library/gluegen-java-src.zip
7f52c001d000-7f52c00b4000 rw-p 00000000 00:00 0 
7f52c00b4000-7f52c00b5000 ---p 00000000 00:00 0 
7f52c00b5000-7f52c01b5000 rw-p 00000000 00:00 0                          [stack:9834]
7f52c01b5000-7f52c01b6000 ---p 00000000 00:00 0 
7f52c01b6000-7f52c030a000 rw-p 00000000 00:00 0                          [stack:9833]
7f52c030a000-7f52c07e6000 ---p 00000000 00:00 0 
7f52c07e6000-7f52c083a000 rw-p 00000000 00:00 0 
7f52c083a000-7f52c0d15000 ---p 00000000 00:00 0 
7f52c0d15000-7f52c0d26000 rw-p 00000000 00:00 0 
7f52c0d26000-7f52c0fad000 ---p 00000000 00:00 0 
7f52c0fad000-7f52c0fcc000 rw-p 00000000 00:00 0 
7f52c0fcc000-7f52c136e000 ---p 00000000 00:00 0 
7f52c136e000-7f52c1388000 r-xp 00000000 08:02 8012189                    /usr/bin/processing-3.0/java/lib/amd64/libzip.so
7f52c1388000-7f52c1588000 ---p 0001a000 08:02 8012189                    /usr/bin/processing-3.0/java/lib/amd64/libzip.so
7f52c1588000-7f52c1589000 rw-p 0001a000 08:02 8012189                    /usr/bin/processing-3.0/java/lib/amd64/libzip.so
7f52c1589000-7f52c1594000 r-xp 00000000 08:02 13635765                   /lib/x86_64-linux-gnu/libnss_files-2.19.so
7f52c1594000-7f52c1793000 ---p 0000b000 08:02 13635765                   /lib/x86_64-linux-gnu/libnss_files-2.19.so
7f52c1793000-7f52c1794000 r--p 0000a000 08:02 13635765                   /lib/x86_64-linux-gnu/libnss_files-2.19.so
7f52c1794000-7f52c1795000 rw-p 0000b000 08:02 13635765                   /lib/x86_64-linux-gnu/libnss_files-2.19.so
7f52c1795000-7f52c17a0000 r-xp 00000000 08:02 13635775                   /lib/x86_64-linux-gnu/libnss_nis-2.19.so
7f52c17a0000-7f52c199f000 ---p 0000b000 08:02 13635775                   /lib/x86_64-linux-gnu/libnss_nis-2.19.so
7f52c199f000-7f52c19a0000 r--p 0000a000 08:02 13635775                   /lib/x86_64-linux-gnu/libnss_nis-2.19.so
7f52c19a0000-7f52c19a1000 rw-p 0000b000 08:02 13635775                   /lib/x86_64-linux-gnu/libnss_nis-2.19.so
7f52c19a1000-7f52c19b8000 r-xp 00000000 08:02 13635759                   /lib/x86_64-linux-gnu/libnsl-2.19.so
7f52c19b8000-7f52c1bb7000 ---p 00017000 08:02 13635759                   /lib/x86_64-linux-gnu/libnsl-2.19.so
7f52c1bb7000-7f52c1bb8000 r--p 00016000 08:02 13635759                   /lib/x86_64-linux-gnu/libnsl-2.19.so
7f52c1bb8000-7f52c1bb9000 rw-p 00017000 08:02 13635759                   /lib/x86_64-linux-gnu/libnsl-2.19.so
7f52c1bb9000-7f52c1bbb000 rw-p 00000000 00:00 0 
7f52c1bbb000-7f52c1bc4000 r-xp 00000000 08:02 13635761                   /lib/x86_64-linux-gnu/libnss_compat-2.19.so
7f52c1bc4000-7f52c1dc3000 ---p 00009000 08:02 13635761                   /lib/x86_64-linux-gnu/libnss_compat-2.19.so
7f52c1dc3000-7f52c1dc4000 r--p 00008000 08:02 13635761                   /lib/x86_64-linux-gnu/libnss_compat-2.19.so
7f52c1dc4000-7f52c1dc5000 rw-p 00009000 08:02 13635761                   /lib/x86_64-linux-gnu/libnss_compat-2.19.so
7f52c1dc5000-7f52c24a7000 r--p 00000000 08:02 6560506                    /usr/lib/locale/locale-archive
7f52c24a7000-7f52c24a9000 r-xp 00000000 08:02 8012169                    /usr/bin/processing-3.0/java/lib/amd64/libnpt.so
7f52c24a9000-7f52c26a9000 ---p 00002000 08:02 8012169                    /usr/bin/processing-3.0/java/lib/amd64/libnpt.so
7f52c26a9000-7f52c26aa000 rw-p 00002000 08:02 8012169                    /usr/bin/processing-3.0/java/lib/amd64/libnpt.so
7f52c26aa000-7f52c26e3000 r-xp 00000000 08:02 8012184                    /usr/bin/processing-3.0/java/lib/amd64/libjdwp.so
7f52c26e3000-7f52c28e2000 ---p 00039000 08:02 8012184                    /usr/bin/processing-3.0/java/lib/amd64/libjdwp.so
7f52c28e2000-7f52c28e4000 rw-p 00038000 08:02 8012184                    /usr/bin/processing-3.0/java/lib/amd64/libjdwp.so
7f52c28e4000-7f52c290e000 r-xp 00000000 08:02 8012204                    /usr/bin/processing-3.0/java/lib/amd64/libjava.so
7f52c290e000-7f52c2b0e000 ---p 0002a000 08:02 8012204                    /usr/bin/processing-3.0/java/lib/amd64/libjava.so
7f52c2b0e000-7f52c2b10000 rw-p 0002a000 08:02 8012204                    /usr/bin/processing-3.0/java/lib/amd64/libjava.so
7f52c2b10000-7f52c2b1d000 r-xp 00000000 08:02 8012148                    /usr/bin/processing-3.0/java/lib/amd64/libverify.so
7f52c2b1d000-7f52c2d1d000 ---p 0000d000 08:02 8012148                    /usr/bin/processing-3.0/java/lib/amd64/libverify.so
7f52c2d1d000-7f52c2d1f000 rw-p 0000d000 08:02 8012148                    /usr/bin/processing-3.0/java/lib/amd64/libverify.so
7f52c2d1f000-7f52c2d26000 r-xp 00000000 08:02 13635818                   /lib/x86_64-linux-gnu/librt-2.19.so
7f52c2d26000-7f52c2f25000 ---p 00007000 08:02 13635818                   /lib/x86_64-linux-gnu/librt-2.19.so
7f52c2f25000-7f52c2f26000 r--p 00006000 08:02 13635818                   /lib/x86_64-linux-gnu/librt-2.19.so
7f52c2f26000-7f52c2f27000 rw-p 00007000 08:02 13635818                   /lib/x86_64-linux-gnu/librt-2.19.so
7f52c2f27000-7f52c302c000 r-xp 00000000 08:02 13635740                   /lib/x86_64-linux-gnu/libm-2.19.so
7f52c302c000-7f52c322b000 ---p 00105000 08:02 13635740                   /lib/x86_64-linux-gnu/libm-2.19.so
7f52c322b000-7f52c322c000 r--p 00104000 08:02 13635740                   /lib/x86_64-linux-gnu/libm-2.19.so
7f52c322c000-7f52c322d000 rw-p 00105000 08:02 13635740                   /lib/x86_64-linux-gnu/libm-2.19.so
7f52c322d000-7f52c3edb000 r-xp 00000000 08:02 8012167                    /usr/bin/processing-3.0/java/lib/amd64/server/libjvm.so
7f52c3edb000-7f52c40db000 ---p 00cae000 08:02 8012167                    /usr/bin/processing-3.0/java/lib/amd64/server/libjvm.so
7f52c40db000-7f52c41b2000 rw-p 00cae000 08:02 8012167                    /usr/bin/processing-3.0/java/lib/amd64/server/libjvm.so
7f52c41b2000-7f52c41f6000 rw-p 00000000 00:00 0 
7f52c41f6000-7f52c43b1000 r-xp 00000000 08:02 13635690                   /lib/x86_64-linux-gnu/libc-2.19.so
7f52c43b1000-7f52c45b0000 ---p 001bb000 08:02 13635690                   /lib/x86_64-linux-gnu/libc-2.19.so
7f52c45b0000-7f52c45b4000 r--p 001ba000 08:02 13635690                   /lib/x86_64-linux-gnu/libc-2.19.so
7f52c45b4000-7f52c45b6000 rw-p 001be000 08:02 13635690                   /lib/x86_64-linux-gnu/libc-2.19.so
7f52c45b6000-7f52c45bb000 rw-p 00000000 00:00 0 
7f52c45bb000-7f52c45be000 r-xp 00000000 08:02 13635707                   /lib/x86_64-linux-gnu/libdl-2.19.so
7f52c45be000-7f52c47bd000 ---p 00003000 08:02 13635707                   /lib/x86_64-linux-gnu/libdl-2.19.so
7f52c47bd000-7f52c47be000 r--p 00002000 08:02 13635707                   /lib/x86_64-linux-gnu/libdl-2.19.so
7f52c47be000-7f52c47bf000 rw-p 00003000 08:02 13635707                   /lib/x86_64-linux-gnu/libdl-2.19.so
7f52c47bf000-7f52c47d4000 r-xp 00000000 08:02 8012145                    /usr/bin/processing-3.0/java/lib/amd64/jli/libjli.so
7f52c47d4000-7f52c49d4000 ---p 00015000 08:02 8012145                    /usr/bin/processing-3.0/java/lib/amd64/jli/libjli.so
7f52c49d4000-7f52c49d5000 rw-p 00015000 08:02 8012145                    /usr/bin/processing-3.0/java/lib/amd64/jli/libjli.so
7f52c49d5000-7f52c49ee000 r-xp 00000000 08:02 13635810                   /lib/x86_64-linux-gnu/libpthread-2.19.so
7f52c49ee000-7f52c4bed000 ---p 00019000 08:02 13635810                   /lib/x86_64-linux-gnu/libpthread-2.19.so
7f52c4bed000-7f52c4bee000 r--p 00018000 08:02 13635810                   /lib/x86_64-linux-gnu/libpthread-2.19.so
7f52c4bee000-7f52c4bef000 rw-p 00019000 08:02 13635810                   /lib/x86_64-linux-gnu/libpthread-2.19.so
7f52c4bef000-7f52c4bf3000 rw-p 00000000 00:00 0 
7f52c4bf3000-7f52c4c16000 r-xp 00000000 08:02 13635666                   /lib/x86_64-linux-gnu/ld-2.19.so
7f52c4c16000-7f52c4c17000 r--s 00002000 08:02 4591935                    /home/akelly/sketchbook/libraries/minim/library/tritonus_aos.jar
7f52c4c17000-7f52c4c18000 r--s 00001000 08:02 6569033                    /usr/bin/processing-3.0/core/library/gluegen-rt-natives-macosx-universal.jar
7f52c4c18000-7f52c4c1a000 r--s 00038000 08:02 6569032                    /usr/bin/processing-3.0/core/library/jogl-all-natives-windows-amd64.jar
7f52c4c1a000-7f52c4c1b000 r--s 00034000 08:02 6569031                    /usr/bin/processing-3.0/core/library/jogl-all-natives-linux-amd64.jar
7f52c4c1b000-7f52c4c1c000 r--s 00001000 08:02 6569036                    /usr/bin/processing-3.0/core/library/gluegen-rt-natives-windows-i586.jar
7f52c4c1c000-7f52c4ced000 rw-p 00000000 00:00 0 
7f52c4ced000-7f52c4cf0000 ---p 00000000 00:00 0 
7f52c4cf0000-7f52c4df2000 rw-p 00000000 00:00 0                          [stack:9832]
7f52c4df2000-7f52c4df8000 r--s 0004a000 08:02 6569021                    /usr/bin/processing-3.0/core/library/gluegen-rt.jar
7f52c4df8000-7f52c4df9000 r--s 00000000 08:02 6569035                    /usr/bin/processing-3.0/core/library/gluegen-rt-natives-linux-armv6hf.jar
7f52c4df9000-7f52c4dfa000 r--s 00031000 08:02 6569019                    /usr/bin/processing-3.0/core/library/jogl-all-natives-windows-i586.jar
7f52c4dfa000-7f52c4dfb000 r--s 00001000 08:02 6569022                    /usr/bin/processing-3.0/core/library/gluegen-rt-natives-windows-amd64.jar
7f52c4dfb000-7f52c4dfd000 r--s 0006c000 08:02 6569020                    /usr/bin/processing-3.0/core/library/jogl-all-natives-macosx-universal.jar
7f52c4dfd000-7f52c4e02000 r--s 000f0000 08:02 6569027                    /usr/bin/processing-3.0/core/library/core.jar
7f52c4e02000-7f52c4e04000 r--s 00000000 08:02 6569025                    /usr/bin/processing-3.0/core/library/gluegen-rt-natives-linux-amd64.jar
7f52c4e04000-7f52c4e05000 r--s 00026000 08:02 6569028                    /usr/bin/processing-3.0/core/library/jogl-all-natives-linux-armv6hf.jar
7f52c4e05000-7f52c4e06000 r--s 00032000 08:02 6569024                    /usr/bin/processing-3.0/core/library/jogl-all-natives-linux-i586.jar
7f52c4e06000-7f52c4e08000 r--s 00000000 08:02 6569023                    /usr/bin/processing-3.0/core/library/gluegen-rt-natives-linux-i586.jar
7f52c4e08000-7f52c4e09000 rw-p 00000000 00:00 0 
7f52c4e09000-7f52c4e11000 rw-s 00000000 08:02 4325390                    /tmp/hsperfdata_akelly/9830
7f52c4e11000-7f52c4e12000 rw-p 00000000 00:00 0 
7f52c4e12000-7f52c4e13000 r--p 00000000 00:00 0 
7f52c4e13000-7f52c4e15000 rw-p 00000000 00:00 0 
7f52c4e15000-7f52c4e16000 r--p 00022000 08:02 13635666                   /lib/x86_64-linux-gnu/ld-2.19.so
7f52c4e16000-7f52c4e17000 rw-p 00023000 08:02 13635666                   /lib/x86_64-linux-gnu/ld-2.19.so
7f52c4e17000-7f52c4e18000 rw-p 00000000 00:00 0 
7ffe0f1ef000-7ffe0f212000 rw-p 00000000 00:00 0                          [stack]
7ffe0f2fa000-7ffe0f2fc000 r--p 00000000 00:00 0                          [vvar]
7ffe0f2fc000-7ffe0f2fe000 r-xp 00000000 00:00 0                          [vdso]
ffffffffff600000-ffffffffff601000 r-xp 00000000 00:00 0                  [vsyscall]

VM Arguments:
jvm_args: -agentlib:jdwp=transport=dt_socket,address=8470,server=y,suspend=y -Djava.library.path=:/usr/bin/processing-3.0/core/library:/home/akelly/sketchbook/libraries/minim/library:/usr/java/packages/lib/amd64:/usr/lib64:/lib64:/lib:/usr/lib -ea 
java_command: processing.core.PApplet --display=1 --sketch-path=/home/akelly/sketchbook/_audioVisualizer/_audioVisualizer/build build
java_class_path (initial): /home/akelly/sketchbook/_audioVisualizer/_audioVisualizer/build/build-tmp:/usr/bin/processing-3.0/core/library/gluegen-rt-natives-linux-i586.jar:/usr/bin/processing-3.0/core/library/jogl-all-natives-linux-i586.jar:/usr/bin/processing-3.0/core/library/jogl-all-natives-linux-armv6hf.jar:/usr/bin/processing-3.0/core/library/gluegen-rt-natives-linux-amd64.jar:/usr/bin/processing-3.0/core/library/core.jar:/usr/bin/processing-3.0/core/library/jogl-all-natives-macosx-universal.jar:/usr/bin/processing-3.0/core/library/gluegen-rt-natives-windows-amd64.jar:/usr/bin/processing-3.0/core/library/jogl-all-natives-windows-i586.jar:/usr/bin/processing-3.0/core/library/gluegen-rt-natives-linux-armv6hf.jar:/usr/bin/processing-3.0/core/library/gluegen-rt.jar:/usr/bin/processing-3.0/core/library/gluegen-rt-natives-windows-i586.jar:/usr/bin/processing-3.0/core/library/jogl-all.jar:/usr/bin/processing-3.0/core/library/jogl-all-natives-linux-amd64.jar:/usr/bin/processing-3.0/core/library/jogl-all-natives-windows-amd64.jar:/usr/bin/processing-3.0/core/library/gluegen-java-src.zip:/usr/bin/processing-3.0/core/library/jogl-java-src.zip:/usr/bin/processing-3.0/core/library/gluegen-rt-natives-macosx-universal.jar:/usr/bin/processing-3.0/core/library/gluegen-rt-natives-linux-i586.jar:/usr/bin/processing-3.0/core/library/jogl-all-natives-linux-i586.jar:/usr/bin/processing-3.0/core/library/jogl-all-natives-linux-armv6hf.jar:/usr/bin/processing-3.0/core/library/gluegen-rt-natives-linux-amd64.jar:/usr/bin/processing-3.0/core/library/core.jar:/usr/bin/processing-3.0/core/library/jogl-all-natives-macosx-universal.jar:/usr/bin/processing-3.0/core/library/gluegen-rt-natives-windows-amd64.jar:/usr/bin/processing-3.0/core/library/jogl-all-natives-windows-i586.jar:/usr/bin/processing-3.0/core/library/gluegen-rt-natives-linux-armv6hf.jar:/usr/bin/processing-3.0/core/library/gluegen-rt.jar:/usr/bin/processing-3.0/core/library/gluegen-rt-natives-windows-i586.jar:/usr/bin/processi
Launcher Type: SUN_STANDARD

Environment Variables:
PATH=/usr/bin/processing-3.0/java/bin:/usr/local/sbin:/usr/local/bin:/usr/sbin:/usr/bin:/sbin:/bin:/usr/games:/usr/local/games
SHELL=/bin/bash
DISPLAY=:0

Signal Handlers:
SIGSEGV: [libjvm.so+0xaad540], sa_mask[0]=11111111011111111101111111111110, sa_flags=SA_RESTART|SA_SIGINFO
SIGBUS: [libjvm.so+0xaad540], sa_mask[0]=11111111011111111101111111111110, sa_flags=SA_RESTART|SA_SIGINFO
SIGFPE: [libjvm.so+0x90b6b0], sa_mask[0]=11111111011111111101111111111110, sa_flags=SA_RESTART|SA_SIGINFO
SIGPIPE: [libjvm.so+0x90b6b0], sa_mask[0]=11111111011111111101111111111110, sa_flags=SA_RESTART|SA_SIGINFO
SIGXFSZ: [libjvm.so+0x90b6b0], sa_mask[0]=11111111011111111101111111111110, sa_flags=SA_RESTART|SA_SIGINFO
SIGILL: [libjvm.so+0x90b6b0], sa_mask[0]=11111111011111111101111111111110, sa_flags=SA_RESTART|SA_SIGINFO
SIGUSR1: SIG_DFL, sa_mask[0]=00000000000000000000000000000000, sa_flags=none
SIGUSR2: [libjvm.so+0x90ccf0], sa_mask[0]=00100000000000000000000000000000, sa_flags=SA_RESTART|SA_SIGINFO
SIGHUP: [libjvm.so+0x90e040], sa_mask[0]=11111111011111111101111111111110, sa_flags=SA_RESTART|SA_SIGINFO
SIGINT: [libjvm.so+0x90e040], sa_mask[0]=11111111011111111101111111111110, sa_flags=SA_RESTART|SA_SIGINFO
SIGTERM: [libjvm.so+0x90e040], sa_mask[0]=11111111011111111101111111111110, sa_flags=SA_RESTART|SA_SIGINFO
SIGQUIT: [libjvm.so+0x90e040], sa_mask[0]=11111111011111111101111111111110, sa_flags=SA_RESTART|SA_SIGINFO


---------------  S Y S T E M  ---------------

OS:DISTRIB_ID=Ubuntu
DISTRIB_RELEASE=14.04
DISTRIB_CODENAME=trusty
DISTRIB_DESCRIPTION="Ubuntu 14.04.3 LTS"

uname:Linux 3.19.0-28-generic #30~14.04.1-Ubuntu SMP Tue Sep 1 09:32:55 UTC 2015 x86_64
libc:glibc 2.19 NPTL 2.19 
rlimit: STACK 8192k, CORE 0k, NPROC 63284, NOFILE 4096, AS infinity
load average:2.81 2.94 2.61

/proc/meminfo:
MemTotal:       16309452 kB
MemFree:        10744796 kB
MemAvailable:   11990252 kB
Buffers:          119228 kB
Cached:          2224676 kB
SwapCached:           48 kB
Active:          3976864 kB
Inactive:        1317752 kB
Active(anon):    3033784 kB
Inactive(anon):   890520 kB
Active(file):     943080 kB
Inactive(file):   427232 kB
Unevictable:          92 kB
Mlocked:              92 kB
SwapTotal:      16653308 kB
SwapFree:       16584364 kB
Dirty:               136 kB
Writeback:             0 kB
AnonPages:       2950752 kB
Mapped:          1042508 kB
Shmem:            973596 kB
Slab:             129752 kB
SReclaimable:      88176 kB
SUnreclaim:        41576 kB
KernelStack:       10480 kB
PageTables:        53616 kB
NFS_Unstable:          0 kB
Bounce:                0 kB
WritebackTmp:          0 kB
CommitLimit:    24808032 kB
Committed_AS:    9407180 kB
VmallocTotal:   34359738367 kB
VmallocUsed:      384868 kB
VmallocChunk:   34359343192 kB
HardwareCorrupted:     0 kB
AnonHugePages:    952320 kB
CmaTotal:              0 kB
CmaFree:               0 kB
HugePages_Total:       0
HugePages_Free:        0
HugePages_Rsvd:        0
HugePages_Surp:        0
Hugepagesize:       2048 kB
DirectMap4k:      206252 kB
DirectMap2M:    12253184 kB
DirectMap1G:     4194304 kB


CPU:total 4 (2 cores per cpu, 2 threads per core) family 6 model 61 stepping 4, cmov, cx8, fxsr, mmx, sse, sse2, sse3, ssse3, sse4.1, sse4.2, popcnt, avx, avx2, aes, clmul, erms, rtm, 3dnowpref, lzcnt, ht, tsc, tscinvbit, bmi1, bmi2, adx

/proc/cpuinfo:
processor	: 0
vendor_id	: GenuineIntel
cpu family	: 6
model		: 61
model name	: Intel(R) Core(TM) i7-5600U CPU @ 2.60GHz
stepping	: 4
microcode	: 0x19
cpu MHz		: 2087.617
cache size	: 4096 KB
physical id	: 0
siblings	: 4
core id		: 0
cpu cores	: 2
apicid		: 0
initial apicid	: 0
fpu		: yes
fpu_exception	: yes
cpuid level	: 20
wp		: yes
flags		: fpu vme de pse tsc msr pae mce cx8 apic sep mtrr pge mca cmov pat pse36 clflush dts acpi mmx fxsr sse sse2 ss ht tm pbe syscall nx pdpe1gb rdtscp lm constant_tsc arch_perfmon pebs bts rep_good nopl xtopology nonstop_tsc aperfmperf eagerfpu pni pclmulqdq dtes64 monitor ds_cpl vmx smx est tm2 ssse3 fma cx16 xtpr pdcm pcid sse4_1 sse4_2 x2apic movbe popcnt tsc_deadline_timer aes xsave avx f16c rdrand lahf_lm abm 3dnowprefetch ida arat epb pln pts dtherm tpr_shadow vnmi flexpriority ept vpid fsgsbase tsc_adjust bmi1 hle avx2 smep bmi2 erms invpcid rtm rdseed adx smap xsaveopt
bugs		:
bogomips	: 5188.48
clflush size	: 64
cache_alignment	: 64
address sizes	: 39 bits physical, 48 bits virtual
power management:

processor	: 1
vendor_id	: GenuineIntel
cpu family	: 6
model		: 61
model name	: Intel(R) Core(TM) i7-5600U CPU @ 2.60GHz
stepping	: 4
microcode	: 0x19
cpu MHz		: 2091.171
cache size	: 4096 KB
physical id	: 0
siblings	: 4
core id		: 0
cpu cores	: 2
apicid		: 1
initial apicid	: 1
fpu		: yes
fpu_exception	: yes
cpuid level	: 20
wp		: yes
flags		: fpu vme de pse tsc msr pae mce cx8 apic sep mtrr pge mca cmov pat pse36 clflush dts acpi mmx fxsr sse sse2 ss ht tm pbe syscall nx pdpe1gb rdtscp lm constant_tsc arch_perfmon pebs bts rep_good nopl xtopology nonstop_tsc aperfmperf eagerfpu pni pclmulqdq dtes64 monitor ds_cpl vmx smx est tm2 ssse3 fma cx16 xtpr pdcm pcid sse4_1 sse4_2 x2apic movbe popcnt tsc_deadline_timer aes xsave avx f16c rdrand lahf_lm abm 3dnowprefetch ida arat epb pln pts dtherm tpr_shadow vnmi flexpriority ept vpid fsgsbase tsc_adjust bmi1 hle avx2 smep bmi2 erms invpcid rtm rdseed adx smap xsaveopt
bugs		:
bogomips	: 5188.48
clflush size	: 64
cache_alignment	: 64
address sizes	: 39 bits physical, 48 bits virtual
power management:

processor	: 2
vendor_id	: GenuineIntel
cpu family	: 6
model		: 61
model name	: Intel(R) Core(TM) i7-5600U CPU @ 2.60GHz
stepping	: 4
microcode	: 0x19
cpu MHz		: 2081.625
cache size	: 4096 KB
physical id	: 0
siblings	: 4
core id		: 1
cpu cores	: 2
apicid		: 2
initial apicid	: 2
fpu		: yes
fpu_exception	: yes
cpuid level	: 20
wp		: yes
flags		: fpu vme de pse tsc msr pae mce cx8 apic sep mtrr pge mca cmov pat pse36 clflush dts acpi mmx fxsr sse sse2 ss ht tm pbe syscall nx pdpe1gb rdtscp lm constant_tsc arch_perfmon pebs bts rep_good nopl xtopology nonstop_tsc aperfmperf eagerfpu pni pclmulqdq dtes64 monitor ds_cpl vmx smx est tm2 ssse3 fma cx16 xtpr pdcm pcid sse4_1 sse4_2 x2apic movbe popcnt tsc_deadline_timer aes xsave avx f16c rdrand lahf_lm abm 3dnowprefetch ida arat epb pln pts dtherm tpr_shadow vnmi flexpriority ept vpid fsgsbase tsc_adjust bmi1 hle avx2 smep bmi2 erms invpcid rtm rdseed adx smap xsaveopt
bugs		:
bogomips	: 5188.48
clflush size	: 64
cache_alignment	: 64
address sizes	: 39 bits physical, 48 bits virtual
power management:

processor	: 3
vendor_id	: GenuineIntel
cpu family	: 6
model		: 61
model name	: Intel(R) Core(TM) i7-5600U CPU @ 2.60GHz
stepping	: 4
microcode	: 0x19
cpu MHz		: 2085.382
cache size	: 4096 KB
physical id	: 0
siblings	: 4
core id		: 1
cpu cores	: 2
apicid		: 3
initial apicid	: 3
fpu		: yes
fpu_exception	: yes
cpuid level	: 20
wp		: yes
flags		: fpu vme de pse tsc msr pae mce cx8 apic sep mtrr pge mca cmov pat pse36 clflush dts acpi mmx fxsr sse sse2 ss ht tm pbe syscall nx pdpe1gb rdtscp lm constant_tsc arch_perfmon pebs bts rep_good nopl xtopology nonstop_tsc aperfmperf eagerfpu pni pclmulqdq dtes64 monitor ds_cpl vmx smx est tm2 ssse3 fma cx16 xtpr pdcm pcid sse4_1 sse4_2 x2apic movbe popcnt tsc_deadline_timer aes xsave avx f16c rdrand lahf_lm abm 3dnowprefetch ida arat epb pln pts dtherm tpr_shadow vnmi flexpriority ept vpid fsgsbase tsc_adjust bmi1 hle avx2 smep bmi2 erms invpcid rtm rdseed adx smap xsaveopt
bugs		:
bogomips	: 5188.48
clflush size	: 64
cache_alignment	: 64
address sizes	: 39 bits physical, 48 bits virtual
power management:



Memory: 4k page, physical 16309452k(10744796k free), swap 16653308k(16584364k free)

vm_info: Java HotSpot(TM) 64-Bit Server VM (25.51-b03) for linux-amd64 JRE (1.8.0_51-b16), built on Jun  8 2015 19:28:07 by "java_re" with gcc 4.3.0 20080428 (Red Hat 4.3.0-8)

time: Sat Oct 10 16:14:38 2015
elapsed time: 660 seconds (0d 0h 11m 0s)

