#
# A fatal error has been detected by the Java Runtime Environment:
#
#  SIGSEGV (0xb) at pc=0x00007f19343f5998, pid=8665, tid=139746285516544
#
# JRE version: Java(TM) SE Runtime Environment (8.0_51-b16) (build 1.8.0_51-b16)
# Java VM: Java HotSpot(TM) 64-Bit Server VM (25.51-b03 mixed mode linux-amd64 compressed oops)
# Problematic frame:
# C  [i965_dri.so+0x3c9998]
#
# Failed to write core dump. Core dumps have been disabled. To enable core dumping, try "ulimit -c unlimited" before starting Java again
#
# If you would like to submit a bug report, please visit:
#   http://bugreport.java.com/bugreport/crash.jsp
# The crash happened outside the Java Virtual Machine in native code.
# See problematic frame for where to report the bug.
#

---------------  T H R E A D  ---------------

Current thread (0x00007f19586cd800):  JavaThread "main-Display-.x11_:0-1-EDT-1" daemon [_thread_in_native, id=8706, stack(0x00007f1937a4f000,0x00007f1937b50000)]

siginfo: si_signo: 11 (SIGSEGV), si_code: 1 (SEGV_MAPERR), si_addr: 0x0000000100000000

Registers:
RAX=0x00007f19343f5990, RBX=0x00007f18c404f900, RCX=0x0000000000000000, RDX=0x0000000000000001
RSP=0x00007f1937b4d3e0, RBP=0x00007f18e00220d0, RSI=0x00007f18c404f9e0, RDI=0x0000000100000000
R8 =0x0000000000000000, R9 =0x00007f19373fcfc0, R10=0x00007f1948469947, R11=0x00000006c73d1708
R12=0x00007f18e001fb90, R13=0x0000000000000000, R14=0x00007f18e00232c0, R15=0x0000000000000000
RIP=0x00007f19343f5998, EFLAGS=0x0000000000010202, CSGSFS=0x0000000000000033, ERR=0x0000000000000004
  TRAPNO=0x000000000000000e

Top of Stack: (sp=0x00007f1937b4d3e0)
0x00007f1937b4d3e0:   00007f1937b4d4d0 0000000000000000
0x00007f1937b4d3f0:   00007f18c404f900 00007f18e00220d0
0x00007f1937b4d400:   00007f18e001fb90 00007f19373fd04e
0x00007f1937b4d410:   00007f1937b4d448 00007f193764a660
0x00007f1937b4d420:   00007f18e0014b10 00007f1900000000
0x00007f1937b4d430:   0000000000000000 0000000000000000
0x00007f1937b4d440:   00007f1947cc95d0 00007f18c404f900
0x00007f1937b4d450:   0000000004200002 0000000000000000
0x00007f1937b4d460:   00007f1937b4d4d0 0000000000000000
0x00007f1937b4d470:   00007f1937b4d5a8 00007f1937b4d510
0x00007f1937b4d480:   00007f19586cd800 00007f1935b0fba7
0x00007f1937b4d490:   00000006c72dbd10 00007f19373d6ab0
0x00007f1937b4d4a0:   0000000004200002 00007f18e0014b10
0x00007f1937b4d4b0:   00007f1937b4d510 00007f19586cd9f8
0x00007f1937b4d4c0:   00000006c72b7cf8 00007f19373d6ab0
0x00007f1937b4d4d0:   00007f1937b4d520 00007f19484699bd
0x00007f1937b4d4e0:   00000006c72dbd00 00007f19d8e5b7a4
0x00007f1937b4d4f0:   00000006c72dbd10 00000006c72dbd20
0x00007f1937b4d500:   00007f18d261ef40 00007f19586cd800
0x00007f1937b4d510:   00000006c73d1708 00007f195d604971
0x00007f1937b4d520:   00000006c72b7cf8 00007f19481efb00
0x00007f1937b4d530:   00000006c72b7cf8 00007f1900000003
0x00007f1937b4d540:   00000006c72dbd40 00007f18e0014b10
0x00007f1937b4d550:   0000000004200002 00007f19373d6ab0
0x00007f1937b4d560:   00000006c7268808 00000000000000b6
0x00007f1937b4d570:   0000000000000000 00007f18d261ef07
0x00007f1937b4d580:   00007f1937b4d610 00007f19586cd800
0x00007f1937b4d590:   00007f1937b4d5f0 00007f1947ccbccd
0x00007f1937b4d5a0:   00007f1947ccbccd 00000006c72b7cf8
0x00007f1937b4d5b0:   00007f1937b4d5b0 00007f18d261ef07
0x00007f1937b4d5c0:   00007f1937b4d610 00007f18d26218a0
0x00007f1937b4d5d0:   0000000000000000 00007f18d261ef40 

Instructions: (pc=0x00007f19343f5998)
0x00007f19343f5978:   0f 1f 84 00 00 00 00 00 48 83 c4 10 5b 5d 41 5c
0x00007f19343f5988:   c3 0f 1f 80 00 00 00 00 41 54 55 53 48 83 ec 10
0x00007f19343f5998:   48 8b 1f 48 85 db 74 3d f6 83 48 05 00 00 01 49
0x00007f19343f59a8:   89 f4 89 cd 75 72 83 e2 01 75 5d 83 e5 fd 74 38 

Register to memory mapping:

RAX=0x00007f19343f5990: <offset 0x3c9990> in /usr/lib/x86_64-linux-gnu/dri/i965_dri.so at 0x00007f193402c000
RBX=0x00007f18c404f900 is an unknown value
RCX=0x0000000000000000 is an unknown value
RDX=0x0000000000000001 is an unknown value
RSP=0x00007f1937b4d3e0 is pointing into the stack for thread: 0x00007f19586cd800
RBP=0x00007f18e00220d0 is an unknown value
RSI=0x00007f18c404f9e0 is an unknown value
RDI=0x0000000100000000 is an unknown value
R8 =0x0000000000000000 is an unknown value
R9 =0x00007f19373fcfc0: <offset 0x42fc0> in /usr/lib/x86_64-linux-gnu/mesa/libGL.so.1 at 0x00007f19373ba000
R10=0x00007f1948469947 is at entry_point+71 in (nmethod*)0x00007f1948469790
R11=0x00000006c73d1708 is an oop
java.lang.Class 
 - klass: 'java/lang/Class'
R12=0x00007f18e001fb90 is an unknown value
R13=0x0000000000000000 is an unknown value
R14=0x00007f18e00232c0 is an unknown value
R15=0x0000000000000000 is an unknown value


Stack: [0x00007f1937a4f000,0x00007f1937b50000],  sp=0x00007f1937b4d3e0,  free space=1016k
Native frames: (J=compiled Java code, j=interpreted, Vv=VM code, C=native code)
C  [i965_dri.so+0x3c9998]

Java frames: (J=compiled Java code, j=interpreted, Vv=VM code)
J 1927  jogamp.opengl.x11.glx.GLX.dispatch_glXSwapBuffers0(JJJ)V (0 bytes) @ 0x00007f1948469947 [0x00007f1948469900+0x47]
J 2208 C2 jogamp.opengl.GLDrawableImpl.swapBuffers()V (138 bytes) @ 0x00007f19481efb00 [0x00007f19481ef920+0x1e0]
j  jogamp.opengl.GLAutoDrawableBase.defaultSwapBuffers()V+23
j  com.jogamp.newt.opengl.GLWindow.swapBuffers()V+1
j  processing.opengl.PJOGL.swapBuffers()V+15
j  processing.opengl.PGraphicsOpenGL.dispose()V+15
j  processing.core.PApplet.dispose()V+28
j  processing.opengl.PSurfaceJOGL$NEWTWindowListener.windowDestroyNotify(Lcom/jogamp/newt/event/WindowEvent;)V+7
j  jogamp.newt.WindowImpl.consumeWindowEvent(Lcom/jogamp/newt/event/WindowEvent;)V+254
j  jogamp.newt.WindowImpl.sendWindowEvent(I)V+14
j  jogamp.newt.WindowImpl$1.run()V+143
j  jogamp.newt.DisplayImpl.runOnEDTIfAvail(ZLjava/lang/Runnable;)V+172
j  jogamp.newt.WindowImpl.runOnEDTIfAvail(ZLjava/lang/Runnable;)V+36
j  jogamp.newt.WindowImpl.destroy()V+11
j  com.jogamp.newt.opengl.GLWindow.destroy()V+4
j  jogamp.opengl.GLAutoDrawableBase.destroyAvoidAwareOfLocking()V+31
j  jogamp.opengl.GLAutoDrawableBase.defaultWindowDestroyNotifyOp()V+43
j  com.jogamp.newt.opengl.GLWindow.access$000(Lcom/jogamp/newt/opengl/GLWindow;)V+1
j  com.jogamp.newt.opengl.GLWindow$1.run()V+4
j  jogamp.newt.WindowImpl.windowDestroyNotify(Z)Z+147
v  ~StubRoutines::call_stub
J 1593  jogamp.newt.driver.x11.DisplayDriver.DispatchMessages0(JJJII)V (0 bytes) @ 0x00007f19482baf7f [0x00007f19482baf40+0x3f]
J 2161 C2 jogamp.newt.driver.x11.DisplayDriver.dispatchMessagesNative()V (66 bytes) @ 0x00007f194818cf64 [0x00007f194818ce00+0x164]
J 2162 C2 jogamp.newt.DisplayImpl$7.run()V (8 bytes) @ 0x00007f1947e31624 [0x00007f1947e315c0+0x64]
j  jogamp.newt.DefaultEDTUtil$NEDT.run()V+67
v  ~StubRoutines::call_stub

---------------  P R O C E S S  ---------------

Java Threads: ( => current thread )
  0x00007f18c412d000 JavaThread "Thread-6" [_thread_in_native, id=8728, stack(0x00007f193c450000,0x00007f193c551000)]
  0x00007f18c411d800 JavaThread "Java Sound Event Dispatcher" daemon [_thread_blocked, id=8723, stack(0x00007f18d1c59000,0x00007f18d1d5a000)]
  0x00007f195800f800 JavaThread "DestroyJavaVM" [_thread_blocked, id=8666, stack(0x00007f195e827000,0x00007f195e928000)]
  0x00007f195873e800 JavaThread "main-FPSAWTAnimator#00-Timer0" [_thread_in_vm, id=8710, stack(0x00007f18d24fa000,0x00007f18d25fb000)]
  0x00007f195873d800 JavaThread "Thread-2" [_thread_blocked, id=8709, stack(0x00007f192006e000,0x00007f192016f000)]
  0x00007f195872b800 JavaThread "main-SharedResourceRunner" daemon [_thread_blocked, id=8708, stack(0x00007f19347af000,0x00007f19348b0000)]
  0x00007f1958701800 JavaThread "main-SharedResourceRunner" daemon [_thread_blocked, id=8707, stack(0x00007f1935976000,0x00007f1935a77000)]
=>0x00007f19586cd800 JavaThread "main-Display-.x11_:0-1-EDT-1" daemon [_thread_in_native, id=8706, stack(0x00007f1937a4f000,0x00007f1937b50000)]
  0x00007f19582db800 JavaThread "AWT-XAWT" daemon [_thread_in_native, id=8695, stack(0x00007f193d79c000,0x00007f193d89d000)]
  0x00007f19582bb800 JavaThread "Java2D Disposer" daemon [_thread_blocked, id=8694, stack(0x00007f193dcad000,0x00007f193ddae000)]
  0x00007f19580d8800 JavaThread "Service Thread" daemon [_thread_blocked, id=8692, stack(0x00007f193f9fa000,0x00007f193fafb000)]
  0x00007f19580d3800 JavaThread "C1 CompilerThread2" daemon [_thread_blocked, id=8691, stack(0x00007f193fafb000,0x00007f193fbfc000)]
  0x00007f19580d1800 JavaThread "C2 CompilerThread1" daemon [_thread_blocked, id=8690, stack(0x00007f193fbfc000,0x00007f193fcfd000)]
  0x00007f19580ce800 JavaThread "C2 CompilerThread0" daemon [_thread_blocked, id=8689, stack(0x00007f193fcfd000,0x00007f193fdfe000)]
  0x00007f190c001000 JavaThread "JDWP Command Reader" daemon [_thread_in_native, id=8683, stack(0x00007f193fdfe000,0x00007f193feff000)]
  0x00007f19580cc800 JavaThread "JDWP Event Helper Thread" daemon [_thread_blocked, id=8680, stack(0x00007f193feff000,0x00007f1940000000)]
  0x00007f19580c9000 JavaThread "JDWP Transport Listener: dt_socket" daemon [_thread_blocked, id=8679, stack(0x00007f19440ad000,0x00007f19441ae000)]
  0x00007f19580bb800 JavaThread "Signal Dispatcher" daemon [_thread_blocked, id=8678, stack(0x00007f19443b2000,0x00007f19444b3000)]
  0x00007f1958084800 JavaThread "Finalizer" daemon [_thread_blocked, id=8674, stack(0x00007f19444b3000,0x00007f19445b4000)]
  0x00007f1958082800 JavaThread "Reference Handler" daemon [_thread_blocked, id=8673, stack(0x00007f19445b4000,0x00007f19446b5000)]

Other Threads:
  0x00007f195807d000 VMThread [stack: 0x00007f19446b5000,0x00007f19447b6000] [id=8672]
  0x00007f19580db000 WatcherThread [stack: 0x00007f193f8f9000,0x00007f193f9fa000] [id=8693]

VM state:not at safepoint (normal execution)

VM Mutex/Monitor currently owned by a thread: None

Heap:
 PSYoungGen      total 56832K, used 7917K [0x000000076d100000, 0x0000000787700000, 0x00000007c0000000)
  eden space 56320K, 14% used [0x000000076d100000,0x000000076d8b35f8,0x0000000770800000)
  from space 512K, 6% used [0x0000000787600000,0x0000000787608000,0x0000000787680000)
  to   space 512K, 0% used [0x0000000787680000,0x0000000787680000,0x0000000787700000)
 ParOldGen       total 171008K, used 5175K [0x00000006c7200000, 0x00000006d1900000, 0x000000076d100000)
  object space 171008K, 3% used [0x00000006c7200000,0x00000006c770de50,0x00000006d1900000)
 Metaspace       used 17682K, capacity 17930K, committed 18048K, reserved 1064960K
  class space    used 1574K, capacity 1662K, committed 1664K, reserved 1048576K

Card table byte_map: [0x00007f194713c000,0x00007f1947904000] byte_map_base: 0x00007f1943b03000

Marking Bits: (ParMarkBitMap*) 0x00007f195dd05660
 Begin Bits: [0x00007f1920390000, 0x00007f19241c8000)
 End Bits:   [0x00007f19241c8000, 0x00007f1928000000)

Polling page: 0x00007f195e94c000

CodeCache: size=245760Kb used=6947Kb max_used=8662Kb free=238812Kb
 bounds [0x00007f1947cc4000, 0x00007f1948554000, 0x00007f1956cc4000]
 total_blobs=2742 nmethods=1787 adapters=877
 compilation: enabled

Compilation events (10 events):
Event: 118.867 Thread 0x00007f19580d3800 2237       3       processing.core.PApplet::mouseMoved (1 bytes)
Event: 118.868 Thread 0x00007f19580d3800 nmethod 2237 0x00007f19480d8f90 code [0x00007f19480d90e0, 0x00007f19480d9230]
Event: 118.874 Thread 0x00007f19580d3800 2238       3       com.jogamp.newt.opengl.GLWindow::getCurrentSurfaceScale (9 bytes)
Event: 118.874 Thread 0x00007f19580d3800 nmethod 2238 0x00007f1947f65390 code [0x00007f1947f65500, 0x00007f1947f65808]
Event: 118.874 Thread 0x00007f19580d3800 2239       3       jogamp.newt.WindowImpl::getCurrentSurfaceScale (13 bytes)
Event: 118.874 Thread 0x00007f19580d3800 nmethod 2239 0x00007f19480e5b10 code [0x00007f19480e5c80, 0x00007f19480e5ea8]
Event: 118.880 Thread 0x00007f19580d3800 2240  s    3       processing.core.PApplet$InternalEventQueue::remove (61 bytes)
Event: 118.881 Thread 0x00007f19580d3800 nmethod 2240 0x00007f19480ba6d0 code [0x00007f19480ba860, 0x00007f19480baca8]
Event: 118.881 Thread 0x00007f19580d3800 2241       3       processing.core.PApplet::handleMouseEvent (296 bytes)
Event: 118.883 Thread 0x00007f19580d3800 nmethod 2241 0x00007f19482c5050 code [0x00007f19482c52a0, 0x00007f19482c6a78]

GC Heap History (10 events):
Event: 117.795 GC heap before
{Heap before GC invocations=251 (full 0):
 PSYoungGen      total 61952K, used 61472K [0x000000076d100000, 0x0000000787700000, 0x00000007c0000000)
  eden space 61440K, 100% used [0x000000076d100000,0x0000000770d00000,0x0000000770d00000)
  from space 512K, 6% used [0x0000000787680000,0x0000000787688000,0x0000000787700000)
  to   space 512K, 0% used [0x0000000787600000,0x0000000787600000,0x0000000787680000)
 ParOldGen       total 171008K, used 5159K [0x00000006c7200000, 0x00000006d1900000, 0x000000076d100000)
  object space 171008K, 3% used [0x00000006c7200000,0x00000006c7709e50,0x00000006d1900000)
 Metaspace       used 17651K, capacity 17866K, committed 18048K, reserved 1064960K
  class space    used 1574K, capacity 1662K, committed 1664K, reserved 1048576K
Event: 117.798 GC heap after
Heap after GC invocations=251 (full 0):
 PSYoungGen      total 60928K, used 32K [0x000000076d100000, 0x0000000787700000, 0x00000007c0000000)
  eden space 60416K, 0% used [0x000000076d100000,0x000000076d100000,0x0000000770c00000)
  from space 512K, 6% used [0x0000000787600000,0x0000000787608000,0x0000000787680000)
  to   space 512K, 0% used [0x0000000787680000,0x0000000787680000,0x0000000787700000)
 ParOldGen       total 171008K, used 5159K [0x00000006c7200000, 0x00000006d1900000, 0x000000076d100000)
  object space 171008K, 3% used [0x00000006c7200000,0x00000006c7709e50,0x00000006d1900000)
 Metaspace       used 17651K, capacity 17866K, committed 18048K, reserved 1064960K
  class space    used 1574K, capacity 1662K, committed 1664K, reserved 1048576K
}
Event: 118.134 GC heap before
{Heap before GC invocations=252 (full 0):
 PSYoungGen      total 60928K, used 60448K [0x000000076d100000, 0x0000000787700000, 0x00000007c0000000)
  eden space 60416K, 100% used [0x000000076d100000,0x0000000770c00000,0x0000000770c00000)
  from space 512K, 6% used [0x0000000787600000,0x0000000787608000,0x0000000787680000)
  to   space 512K, 0% used [0x0000000787680000,0x0000000787680000,0x0000000787700000)
 ParOldGen       total 171008K, used 5159K [0x00000006c7200000, 0x00000006d1900000, 0x000000076d100000)
  object space 171008K, 3% used [0x00000006c7200000,0x00000006c7709e50,0x00000006d1900000)
 Metaspace       used 17651K, capacity 17866K, committed 18048K, reserved 1064960K
  class space    used 1574K, capacity 1662K, committed 1664K, reserved 1048576K
Event: 118.136 GC heap after
Heap after GC invocations=252 (full 0):
 PSYoungGen      total 59904K, used 32K [0x000000076d100000, 0x0000000787700000, 0x00000007c0000000)
  eden space 59392K, 0% used [0x000000076d100000,0x000000076d100000,0x0000000770b00000)
  from space 512K, 6% used [0x0000000787680000,0x0000000787688000,0x0000000787700000)
  to   space 512K, 0% used [0x0000000787600000,0x0000000787600000,0x0000000787680000)
 ParOldGen       total 171008K, used 5159K [0x00000006c7200000, 0x00000006d1900000, 0x000000076d100000)
  object space 171008K, 3% used [0x00000006c7200000,0x00000006c7709e50,0x00000006d1900000)
 Metaspace       used 17651K, capacity 17866K, committed 18048K, reserved 1064960K
  class space    used 1574K, capacity 1662K, committed 1664K, reserved 1048576K
}
Event: 118.467 GC heap before
{Heap before GC invocations=253 (full 0):
 PSYoungGen      total 59904K, used 59424K [0x000000076d100000, 0x0000000787700000, 0x00000007c0000000)
  eden space 59392K, 100% used [0x000000076d100000,0x0000000770b00000,0x0000000770b00000)
  from space 512K, 6% used [0x0000000787680000,0x0000000787688000,0x0000000787700000)
  to   space 512K, 0% used [0x0000000787600000,0x0000000787600000,0x0000000787680000)
 ParOldGen       total 171008K, used 5159K [0x00000006c7200000, 0x00000006d1900000, 0x000000076d100000)
  object space 171008K, 3% used [0x00000006c7200000,0x00000006c7709e50,0x00000006d1900000)
 Metaspace       used 17651K, capacity 17866K, committed 18048K, reserved 1064960K
  class space    used 1574K, capacity 1662K, committed 1664K, reserved 1048576K
Event: 118.469 GC heap after
Heap after GC invocations=253 (full 0):
 PSYoungGen      total 58880K, used 32K [0x000000076d100000, 0x0000000787700000, 0x00000007c0000000)
  eden space 58368K, 0% used [0x000000076d100000,0x000000076d100000,0x0000000770a00000)
  from space 512K, 6% used [0x0000000787600000,0x0000000787608000,0x0000000787680000)
  to   space 512K, 0% used [0x0000000787680000,0x0000000787680000,0x0000000787700000)
 ParOldGen       total 171008K, used 5159K [0x00000006c7200000, 0x00000006d1900000, 0x000000076d100000)
  object space 171008K, 3% used [0x00000006c7200000,0x00000006c7709e50,0x00000006d1900000)
 Metaspace       used 17651K, capacity 17866K, committed 18048K, reserved 1064960K
  class space    used 1574K, capacity 1662K, committed 1664K, reserved 1048576K
}
Event: 118.817 GC heap before
{Heap before GC invocations=254 (full 0):
 PSYoungGen      total 58880K, used 58400K [0x000000076d100000, 0x0000000787700000, 0x00000007c0000000)
  eden space 58368K, 100% used [0x000000076d100000,0x0000000770a00000,0x0000000770a00000)
  from space 512K, 6% used [0x0000000787600000,0x0000000787608000,0x0000000787680000)
  to   space 512K, 0% used [0x0000000787680000,0x0000000787680000,0x0000000787700000)
 ParOldGen       total 171008K, used 5159K [0x00000006c7200000, 0x00000006d1900000, 0x000000076d100000)
  object space 171008K, 3% used [0x00000006c7200000,0x00000006c7709e50,0x00000006d1900000)
 Metaspace       used 17674K, capacity 17866K, committed 18048K, reserved 1064960K
  class space    used 1574K, capacity 1662K, committed 1664K, reserved 1048576K
Event: 118.818 GC heap after
Heap after GC invocations=254 (full 0):
 PSYoungGen      total 57856K, used 32K [0x000000076d100000, 0x0000000787700000, 0x00000007c0000000)
  eden space 57344K, 0% used [0x000000076d100000,0x000000076d100000,0x0000000770900000)
  from space 512K, 6% used [0x0000000787680000,0x0000000787688000,0x0000000787700000)
  to   space 512K, 0% used [0x0000000787600000,0x0000000787600000,0x0000000787680000)
 ParOldGen       total 171008K, used 5167K [0x00000006c7200000, 0x00000006d1900000, 0x000000076d100000)
  object space 171008K, 3% used [0x00000006c7200000,0x00000006c770be50,0x00000006d1900000)
 Metaspace       used 17674K, capacity 17866K, committed 18048K, reserved 1064960K
  class space    used 1574K, capacity 1662K, committed 1664K, reserved 1048576K
}
Event: 119.148 GC heap before
{Heap before GC invocations=255 (full 0):
 PSYoungGen      total 57856K, used 57376K [0x000000076d100000, 0x0000000787700000, 0x00000007c0000000)
  eden space 57344K, 100% used [0x000000076d100000,0x0000000770900000,0x0000000770900000)
  from space 512K, 6% used [0x0000000787680000,0x0000000787688000,0x0000000787700000)
  to   space 512K, 0% used [0x0000000787600000,0x0000000787600000,0x0000000787680000)
 ParOldGen       total 171008K, used 5167K [0x00000006c7200000, 0x00000006d1900000, 0x000000076d100000)
  object space 171008K, 3% used [0x00000006c7200000,0x00000006c770be50,0x00000006d1900000)
 Metaspace       used 17681K, capacity 17930K, committed 18048K, reserved 1064960K
  class space    used 1574K, capacity 1662K, committed 1664K, reserved 1048576K
Event: 119.150 GC heap after
Heap after GC invocations=255 (full 0):
 PSYoungGen      total 56832K, used 32K [0x000000076d100000, 0x0000000787700000, 0x00000007c0000000)
  eden space 56320K, 0% used [0x000000076d100000,0x000000076d100000,0x0000000770800000)
  from space 512K, 6% used [0x0000000787600000,0x0000000787608000,0x0000000787680000)
  to   space 512K, 0% used [0x0000000787680000,0x0000000787680000,0x0000000787700000)
 ParOldGen       total 171008K, used 5175K [0x00000006c7200000, 0x00000006d1900000, 0x000000076d100000)
  object space 171008K, 3% used [0x00000006c7200000,0x00000006c770de50,0x00000006d1900000)
 Metaspace       used 17681K, capacity 17930K, committed 18048K, reserved 1064960K
  class space    used 1574K, capacity 1662K, committed 1664K, reserved 1048576K
}

Deoptimization events (10 events):
Event: 119.025 Thread 0x00007f195873e800 Uncommon trap: reason=unhandled action=none pc=0x00007f194810630c method=jogamp.opengl.gl4.GL4bcImpl.getGL2()Lcom/jogamp/opengl/GL2; @ 17
Event: 119.041 Thread 0x00007f195873e800 Uncommon trap: reason=unhandled action=none pc=0x00007f194810630c method=jogamp.opengl.gl4.GL4bcImpl.getGL2()Lcom/jogamp/opengl/GL2; @ 17
Event: 119.052 Thread 0x00007f195873e800 Uncommon trap: reason=unhandled action=none pc=0x00007f194810630c method=jogamp.opengl.gl4.GL4bcImpl.getGL2()Lcom/jogamp/opengl/GL2; @ 17
Event: 119.067 Thread 0x00007f195873e800 Uncommon trap: reason=unhandled action=none pc=0x00007f194810630c method=jogamp.opengl.gl4.GL4bcImpl.getGL2()Lcom/jogamp/opengl/GL2; @ 17
Event: 119.102 Thread 0x00007f195873e800 Uncommon trap: reason=unhandled action=none pc=0x00007f194810630c method=jogamp.opengl.gl4.GL4bcImpl.getGL2()Lcom/jogamp/opengl/GL2; @ 17
Event: 119.125 Thread 0x00007f195873e800 Uncommon trap: reason=unhandled action=none pc=0x00007f194810630c method=jogamp.opengl.gl4.GL4bcImpl.getGL2()Lcom/jogamp/opengl/GL2; @ 17
Event: 119.145 Thread 0x00007f195873e800 Uncommon trap: reason=unhandled action=none pc=0x00007f194810630c method=jogamp.opengl.gl4.GL4bcImpl.getGL2()Lcom/jogamp/opengl/GL2; @ 17
Event: 119.155 Thread 0x00007f195873e800 Uncommon trap: reason=unhandled action=none pc=0x00007f194810630c method=jogamp.opengl.gl4.GL4bcImpl.getGL2()Lcom/jogamp/opengl/GL2; @ 17
Event: 119.174 Thread 0x00007f195873e800 Uncommon trap: reason=unhandled action=none pc=0x00007f194810630c method=jogamp.opengl.gl4.GL4bcImpl.getGL2()Lcom/jogamp/opengl/GL2; @ 17
Event: 119.183 Thread 0x00007f195873e800 Uncommon trap: reason=unstable_if action=reinterpret pc=0x00007f194833b790 method=com.jogamp.opengl.util.FPSAnimator$MainTask.run()V @ 199

Internal exceptions (10 events):
Event: 0.660 Thread 0x00007f195800f800 Exception <a 'java/security/PrivilegedActionException'> (0x000000076d66e380) thrown at [/HUDSON/workspace/8-2-build-linux-amd64/jdk8u51/3951/hotspot/src/share/vm/prims/jvm.cpp, line 1382]
Event: 0.660 Thread 0x00007f195800f800 Exception <a 'java/security/PrivilegedActionException'> (0x000000076d66e538) thrown at [/HUDSON/workspace/8-2-build-linux-amd64/jdk8u51/3951/hotspot/src/share/vm/prims/jvm.cpp, line 1382]
Event: 0.661 Thread 0x00007f195800f800 Exception <a 'java/security/PrivilegedActionException'> (0x000000076d6707f0) thrown at [/HUDSON/workspace/8-2-build-linux-amd64/jdk8u51/3951/hotspot/src/share/vm/prims/jvm.cpp, line 1382]
Event: 0.661 Thread 0x00007f195800f800 Exception <a 'java/security/PrivilegedActionException'> (0x000000076d6709a8) thrown at [/HUDSON/workspace/8-2-build-linux-amd64/jdk8u51/3951/hotspot/src/share/vm/prims/jvm.cpp, line 1382]
Event: 0.667 Thread 0x00007f195800f800 Exception <a 'java/io/FileNotFoundException'> (0x000000076d67a700) thrown at [/HUDSON/workspace/8-2-build-linux-amd64/jdk8u51/3951/hotspot/src/share/vm/prims/jni.cpp, line 709]
Event: 0.667 Thread 0x00007f195800f800 Exception <a 'java/io/FileNotFoundException'> (0x000000076d67b088) thrown at [/HUDSON/workspace/8-2-build-linux-amd64/jdk8u51/3951/hotspot/src/share/vm/prims/jni.cpp, line 709]
Event: 0.727 Thread 0x00007f195800f800 Exception <a 'java/lang/NoSuchFieldError': method resolution failed> (0x000000076d780fe8) thrown at [/HUDSON/workspace/8-2-build-linux-amd64/jdk8u51/3951/hotspot/src/share/vm/prims/methodHandles.cpp, line 1125]
Event: 0.730 Thread 0x00007f195800f800 Exception <a 'java/lang/NoSuchFieldError': method resolution failed> (0x000000076d78f9a8) thrown at [/HUDSON/workspace/8-2-build-linux-amd64/jdk8u51/3951/hotspot/src/share/vm/prims/methodHandles.cpp, line 1125]
Event: 1.564 Thread 0x00007f195800f800 Exception <a 'java/lang/InterruptedException'> (0x000000076f292868) thrown at [/HUDSON/workspace/8-2-build-linux-amd64/jdk8u51/3951/hotspot/src/share/vm/runtime/objectMonitor.cpp, line 1683]
Event: 1.796 Thread 0x00007f195800f800 Exception <a 'java/lang/InterruptedException'> (0x000000076f29dd08) thrown at [/HUDSON/workspace/8-2-build-linux-amd64/jdk8u51/3951/hotspot/src/share/vm/runtime/objectMonitor.cpp, line 1683]

Events (10 events):
Event: 119.150 Executing VM operation: ParallelGCFailedAllocation done
Event: 119.155 Thread 0x00007f195873e800 Uncommon trap: trap_request=0xffffffa7 fr.pc=0x00007f194810630c
Event: 119.155 Thread 0x00007f195873e800 DEOPT PACKING pc=0x00007f194810630c sp=0x00007f18d25f94b0
Event: 119.155 Thread 0x00007f195873e800 DEOPT UNPACKING pc=0x00007f1947cc9229 sp=0x00007f18d25f9438 mode 2
Event: 119.174 Thread 0x00007f195873e800 Uncommon trap: trap_request=0xffffffa7 fr.pc=0x00007f194810630c
Event: 119.174 Thread 0x00007f195873e800 DEOPT PACKING pc=0x00007f194810630c sp=0x00007f18d25f94b0
Event: 119.174 Thread 0x00007f195873e800 DEOPT UNPACKING pc=0x00007f1947cc9229 sp=0x00007f18d25f9438 mode 2
Event: 119.183 Thread 0x00007f195873e800 Uncommon trap: trap_request=0xffffff65 fr.pc=0x00007f194833b790
Event: 119.183 Thread 0x00007f195873e800 DEOPT PACKING pc=0x00007f194833b790 sp=0x00007f18d25f96b0
Event: 119.183 Thread 0x00007f195873e800 DEOPT UNPACKING pc=0x00007f1947cc9229 sp=0x00007f18d25f96c0 mode 2


Dynamic libraries:
00400000-00401000 r-xp 00000000 08:02 6695910                            /usr/bin/processing-3.0/java/bin/java
00600000-00601000 rw-p 00000000 08:02 6695910                            /usr/bin/processing-3.0/java/bin/java
017ed000-0180e000 rw-p 00000000 00:00 0                                  [heap]
6c7200000-6d1900000 rw-p 00000000 00:00 0 
6d1900000-76d100000 ---p 00000000 00:00 0 
76d100000-787700000 rw-p 00000000 00:00 0 
787700000-7c0000000 ---p 00000000 00:00 0 
7c0000000-7c01a0000 rw-p 00000000 00:00 0 
7c01a0000-800000000 ---p 00000000 00:00 0 
7f18abfff000-7f18b0000000 r--s 00000000 00:16 18791                      /run/shm/pulse-shm-3302753902
7f18b0000000-7f18b0021000 rw-p 00000000 00:00 0 
7f18b0021000-7f18b4000000 ---p 00000000 00:00 0 
7f18b8000000-7f18b8021000 rw-p 00000000 00:00 0 
7f18b8021000-7f18bc000000 ---p 00000000 00:00 0 
7f18bffff000-7f18c4000000 rw-s 00000000 00:16 145657                     /run/shm/pulse-shm-1495428329
7f18c4000000-7f18c4880000 rw-p 00000000 00:00 0 
7f18c4880000-7f18c8000000 ---p 00000000 00:00 0 
7f18cadf7000-7f18cadf8000 ---p 00000000 00:00 0 
7f18cadf8000-7f18cb5f8000 rw-p 00000000 00:00 0 
7f18cb5f8000-7f18cb5f9000 ---p 00000000 00:00 0 
7f18cb5f9000-7f18cbdf9000 rw-p 00000000 00:00 0                          [stack:8724]
7f18cbdf9000-7f18cbdff000 r-xp 00000000 08:02 6947199                    /usr/lib/x86_64-linux-gnu/alsa-lib/libasound_module_pcm_pulse.so
7f18cbdff000-7f18cbffe000 ---p 00006000 08:02 6947199                    /usr/lib/x86_64-linux-gnu/alsa-lib/libasound_module_pcm_pulse.so
7f18cbffe000-7f18cbfff000 r--p 00005000 08:02 6947199                    /usr/lib/x86_64-linux-gnu/alsa-lib/libasound_module_pcm_pulse.so
7f18cbfff000-7f18cc000000 rw-p 00006000 08:02 6947199                    /usr/lib/x86_64-linux-gnu/alsa-lib/libasound_module_pcm_pulse.so
7f18cc000000-7f18cc021000 rw-p 00000000 00:00 0 
7f18cc021000-7f18d0000000 ---p 00000000 00:00 0 
7f18d00d4000-7f18d00eb000 r-xp 00000000 08:02 13635816                   /lib/x86_64-linux-gnu/libresolv-2.19.so
7f18d00eb000-7f18d02eb000 ---p 00017000 08:02 13635816                   /lib/x86_64-linux-gnu/libresolv-2.19.so
7f18d02eb000-7f18d02ec000 r--p 00017000 08:02 13635816                   /lib/x86_64-linux-gnu/libresolv-2.19.so
7f18d02ec000-7f18d02ed000 rw-p 00018000 08:02 13635816                   /lib/x86_64-linux-gnu/libresolv-2.19.so
7f18d02ed000-7f18d02ef000 rw-p 00000000 00:00 0 
7f18d02ef000-7f18d02f6000 r-xp 00000000 08:02 6562227                    /usr/lib/x86_64-linux-gnu/libogg.so.0.8.1
7f18d02f6000-7f18d04f6000 ---p 00007000 08:02 6562227                    /usr/lib/x86_64-linux-gnu/libogg.so.0.8.1
7f18d04f6000-7f18d04f7000 r--p 00007000 08:02 6562227                    /usr/lib/x86_64-linux-gnu/libogg.so.0.8.1
7f18d04f7000-7f18d04f8000 rw-p 00008000 08:02 6562227                    /usr/lib/x86_64-linux-gnu/libogg.so.0.8.1
7f18d04f8000-7f18d0524000 r-xp 00000000 08:02 6562501                    /usr/lib/x86_64-linux-gnu/libvorbis.so.0.4.5
7f18d0524000-7f18d0723000 ---p 0002c000 08:02 6562501                    /usr/lib/x86_64-linux-gnu/libvorbis.so.0.4.5
7f18d0723000-7f18d0724000 r--p 0002b000 08:02 6562501                    /usr/lib/x86_64-linux-gnu/libvorbis.so.0.4.5
7f18d0724000-7f18d0725000 rw-p 0002c000 08:02 6562501                    /usr/lib/x86_64-linux-gnu/libvorbis.so.0.4.5
7f18d0725000-7f18d09d8000 r-xp 00000000 08:02 6562503                    /usr/lib/x86_64-linux-gnu/libvorbisenc.so.2.0.8
7f18d09d8000-7f18d0bd7000 ---p 002b3000 08:02 6562503                    /usr/lib/x86_64-linux-gnu/libvorbisenc.so.2.0.8
7f18d0bd7000-7f18d0bf3000 r--p 002b2000 08:02 6562503                    /usr/lib/x86_64-linux-gnu/libvorbisenc.so.2.0.8
7f18d0bf3000-7f18d0bf4000 rw-p 002ce000 08:02 6562503                    /usr/lib/x86_64-linux-gnu/libvorbisenc.so.2.0.8
7f18d0bf4000-7f18d0c24000 r-xp 00000000 08:02 6561366                    /usr/lib/x86_64-linux-gnu/libFLAC.so.8.3.0
7f18d0c24000-7f18d0e23000 ---p 00030000 08:02 6561366                    /usr/lib/x86_64-linux-gnu/libFLAC.so.8.3.0
7f18d0e23000-7f18d0e24000 r--p 0002f000 08:02 6561366                    /usr/lib/x86_64-linux-gnu/libFLAC.so.8.3.0
7f18d0e24000-7f18d0e25000 rw-p 00030000 08:02 6561366                    /usr/lib/x86_64-linux-gnu/libFLAC.so.8.3.0
7f18d0e25000-7f18d0e2a000 r-xp 00000000 08:02 6561598                    /usr/lib/x86_64-linux-gnu/libasyncns.so.0.3.1
7f18d0e2a000-7f18d1029000 ---p 00005000 08:02 6561598                    /usr/lib/x86_64-linux-gnu/libasyncns.so.0.3.1
7f18d1029000-7f18d102a000 r--p 00004000 08:02 6561598                    /usr/lib/x86_64-linux-gnu/libasyncns.so.0.3.1
7f18d102a000-7f18d102b000 rw-p 00005000 08:02 6561598                    /usr/lib/x86_64-linux-gnu/libasyncns.so.0.3.1
7f18d102b000-7f18d108c000 r-xp 00000000 08:02 6562384                    /usr/lib/x86_64-linux-gnu/libsndfile.so.1.0.25
7f18d108c000-7f18d128c000 ---p 00061000 08:02 6562384                    /usr/lib/x86_64-linux-gnu/libsndfile.so.1.0.25
7f18d128c000-7f18d128e000 r--p 00061000 08:02 6562384                    /usr/lib/x86_64-linux-gnu/libsndfile.so.1.0.25
7f18d128e000-7f18d128f000 rw-p 00063000 08:02 6562384                    /usr/lib/x86_64-linux-gnu/libsndfile.so.1.0.25
7f18d128f000-7f18d1293000 rw-p 00000000 00:00 0 
7f18d1293000-7f18d129b000 r-xp 00000000 08:02 13635850                   /lib/x86_64-linux-gnu/libwrap.so.0.7.6
7f18d129b000-7f18d149a000 ---p 00008000 08:02 13635850                   /lib/x86_64-linux-gnu/libwrap.so.0.7.6
7f18d149a000-7f18d149b000 r--p 00007000 08:02 13635850                   /lib/x86_64-linux-gnu/libwrap.so.0.7.6
7f18d149b000-7f18d149c000 rw-p 00008000 08:02 13635850                   /lib/x86_64-linux-gnu/libwrap.so.0.7.6
7f18d149c000-7f18d149d000 rw-p 00000000 00:00 0 
7f18d149d000-7f18d1503000 r-xp 00000000 08:02 6948471                    /usr/lib/x86_64-linux-gnu/pulseaudio/libpulsecommon-4.0.so
7f18d1503000-7f18d1702000 ---p 00066000 08:02 6948471                    /usr/lib/x86_64-linux-gnu/pulseaudio/libpulsecommon-4.0.so
7f18d1702000-7f18d1703000 r--p 00065000 08:02 6948471                    /usr/lib/x86_64-linux-gnu/pulseaudio/libpulsecommon-4.0.so
7f18d1703000-7f18d1704000 rw-p 00066000 08:02 6948471                    /usr/lib/x86_64-linux-gnu/pulseaudio/libpulsecommon-4.0.so
7f18d1704000-7f18d170e000 r-xp 00000000 08:02 13635730                   /lib/x86_64-linux-gnu/libjson-c.so.2.0.0
7f18d170e000-7f18d190d000 ---p 0000a000 08:02 13635730                   /lib/x86_64-linux-gnu/libjson-c.so.2.0.0
7f18d190d000-7f18d190e000 r--p 00009000 08:02 13635730                   /lib/x86_64-linux-gnu/libjson-c.so.2.0.0
7f18d190e000-7f18d190f000 rw-p 0000a000 08:02 13635730                   /lib/x86_64-linux-gnu/libjson-c.so.2.0.0
7f18d190f000-7f18d1956000 r-xp 00000000 08:02 6562296                    /usr/lib/x86_64-linux-gnu/libpulse.so.0.16.2
7f18d1956000-7f18d1b56000 ---p 00047000 08:02 6562296                    /usr/lib/x86_64-linux-gnu/libpulse.so.0.16.2
7f18d1b56000-7f18d1b57000 r--p 00047000 08:02 6562296                    /usr/lib/x86_64-linux-gnu/libpulse.so.0.16.2
7f18d1b57000-7f18d1b58000 rw-p 00048000 08:02 6562296                    /usr/lib/x86_64-linux-gnu/libpulse.so.0.16.2
7f18d1c59000-7f18d1c5c000 ---p 00000000 00:00 0 
7f18d1c5c000-7f18d1d5a000 rw-p 00000000 00:00 0                          [stack:8723]
7f18d1d5a000-7f18d1e43000 r-xp 00000000 08:02 6561590                    /usr/lib/x86_64-linux-gnu/libasound.so.2.0.0
7f18d1e43000-7f18d2042000 ---p 000e9000 08:02 6561590                    /usr/lib/x86_64-linux-gnu/libasound.so.2.0.0
7f18d2042000-7f18d2049000 r--p 000e8000 08:02 6561590                    /usr/lib/x86_64-linux-gnu/libasound.so.2.0.0
7f18d2049000-7f18d204a000 rw-p 000ef000 08:02 6561590                    /usr/lib/x86_64-linux-gnu/libasound.so.2.0.0
7f18d204a000-7f18d2059000 r-xp 00000000 08:02 8012164                    /usr/bin/processing-3.0/java/lib/amd64/libjsoundalsa.so
7f18d2059000-7f18d2258000 ---p 0000f000 08:02 8012164                    /usr/bin/processing-3.0/java/lib/amd64/libjsoundalsa.so
7f18d2258000-7f18d2259000 rw-p 0000e000 08:02 8012164                    /usr/bin/processing-3.0/java/lib/amd64/libjsoundalsa.so
7f18d2259000-7f18d225a000 r-xp 00000000 08:02 8012181                    /usr/bin/processing-3.0/java/lib/amd64/libjsound.so
7f18d225a000-7f18d2459000 ---p 00001000 08:02 8012181                    /usr/bin/processing-3.0/java/lib/amd64/libjsound.so
7f18d2459000-7f18d245a000 rw-p 00000000 08:02 8012181                    /usr/bin/processing-3.0/java/lib/amd64/libjsound.so
7f18d245a000-7f18d24fa000 rw-s 1d3df7000 00:06 10208                     /dev/dri/card0
7f18d24fa000-7f18d24fd000 ---p 00000000 00:00 0 
7f18d24fd000-7f18d27fb000 rw-p 00000000 00:00 0                          [stack:8710]
7f18d27fb000-7f18d283f000 r-xp 00000000 08:02 13635704                   /lib/x86_64-linux-gnu/libdbus-1.so.3.7.6
7f18d283f000-7f18d2a3e000 ---p 00044000 08:02 13635704                   /lib/x86_64-linux-gnu/libdbus-1.so.3.7.6
7f18d2a3e000-7f18d2a3f000 r--p 00043000 08:02 13635704                   /lib/x86_64-linux-gnu/libdbus-1.so.3.7.6
7f18d2a3f000-7f18d2a40000 rw-p 00044000 08:02 13635704                   /lib/x86_64-linux-gnu/libdbus-1.so.3.7.6
7f18d2a40000-7f18d2a48000 r-xp 00000000 08:02 13635752                   /lib/x86_64-linux-gnu/libnih-dbus.so.1.0.0
7f18d2a48000-7f18d2c48000 ---p 00008000 08:02 13635752                   /lib/x86_64-linux-gnu/libnih-dbus.so.1.0.0
7f18d2c48000-7f18d2c49000 r--p 00008000 08:02 13635752                   /lib/x86_64-linux-gnu/libnih-dbus.so.1.0.0
7f18d2c49000-7f18d2c4a000 rw-p 00009000 08:02 13635752                   /lib/x86_64-linux-gnu/libnih-dbus.so.1.0.0
7f18d2c4a000-7f18d2c61000 r-xp 00000000 08:02 13635754                   /lib/x86_64-linux-gnu/libnih.so.1.0.0
7f18d2c61000-7f18d2e60000 ---p 00017000 08:02 13635754                   /lib/x86_64-linux-gnu/libnih.so.1.0.0
7f18d2e60000-7f18d2e61000 r--p 00016000 08:02 13635754                   /lib/x86_64-linux-gnu/libnih.so.1.0.0
7f18d2e61000-7f18d2e62000 rw-p 00017000 08:02 13635754                   /lib/x86_64-linux-gnu/libnih.so.1.0.0
7f18d2e62000-7f18d2e7b000 r-xp 00000000 08:02 13635695                   /lib/x86_64-linux-gnu/libcgmanager.so.0.0.0
7f18d2e7b000-7f18d307a000 ---p 00019000 08:02 13635695                   /lib/x86_64-linux-gnu/libcgmanager.so.0.0.0
7f18d307a000-7f18d307c000 r--p 00018000 08:02 13635695                   /lib/x86_64-linux-gnu/libcgmanager.so.0.0.0
7f18d307c000-7f18d307d000 rw-p 0001a000 08:02 13635695                   /lib/x86_64-linux-gnu/libcgmanager.so.0.0.0
7f18d307d000-7f18d308d000 r-xp 00000000 08:02 13635838                   /lib/x86_64-linux-gnu/libudev.so.1.3.5
7f18d308d000-7f18d328c000 ---p 00010000 08:02 13635838                   /lib/x86_64-linux-gnu/libudev.so.1.3.5
7f18d328c000-7f18d328d000 r--p 0000f000 08:02 13635838                   /lib/x86_64-linux-gnu/libudev.so.1.3.5
7f18d328d000-7f18d328e000 rw-p 00010000 08:02 13635838                   /lib/x86_64-linux-gnu/libudev.so.1.3.5
7f18d328e000-7f18d32c5000 r-xp 00000000 08:02 6562454                    /usr/lib/x86_64-linux-gnu/libtxc_dxtn_s2tc.so.0.0.0
7f18d32c5000-7f18d34c4000 ---p 00037000 08:02 6562454                    /usr/lib/x86_64-linux-gnu/libtxc_dxtn_s2tc.so.0.0.0
7f18d34c4000-7f18d34c5000 r--p 00036000 08:02 6562454                    /usr/lib/x86_64-linux-gnu/libtxc_dxtn_s2tc.so.0.0.0
7f18d34c5000-7f18d34c6000 rw-p 00037000 08:02 6562454                    /usr/lib/x86_64-linux-gnu/libtxc_dxtn_s2tc.so.0.0.0
7f18d34c6000-7f18d34de000 r-xp 00000000 08:02 13635853                   /lib/x86_64-linux-gnu/libz.so.1.2.8
7f18d34de000-7f18d36dd000 ---p 00018000 08:02 13635853                   /lib/x86_64-linux-gnu/libz.so.1.2.8
7f18d36dd000-7f18d36de000 r--p 00017000 08:02 13635853                   /lib/x86_64-linux-gnu/libz.so.1.2.8
7f18d36de000-7f18d36df000 rw-p 00018000 08:02 13635853                   /lib/x86_64-linux-gnu/libz.so.1.2.8
7f18d36df000-7f18d36e7000 r-xp 00000000 08:02 6562259                    /usr/lib/x86_64-linux-gnu/libpciaccess.so.0.11.1
7f18d36e7000-7f18d38e6000 ---p 00008000 08:02 6562259                    /usr/lib/x86_64-linux-gnu/libpciaccess.so.0.11.1
7f18d38e6000-7f18d38e7000 r--p 00007000 08:02 6562259                    /usr/lib/x86_64-linux-gnu/libpciaccess.so.0.11.1
7f18d38e7000-7f18d38e8000 rw-p 00008000 08:02 6562259                    /usr/lib/x86_64-linux-gnu/libpciaccess.so.0.11.1
7f18d38e8000-7f18d39ce000 r-xp 00000000 08:02 6562412                    /usr/lib/x86_64-linux-gnu/libstdc++.so.6.0.19
7f18d39ce000-7f18d3bcd000 ---p 000e6000 08:02 6562412                    /usr/lib/x86_64-linux-gnu/libstdc++.so.6.0.19
7f18d3bcd000-7f18d3bd5000 r--p 000e5000 08:02 6562412                    /usr/lib/x86_64-linux-gnu/libstdc++.so.6.0.19
7f18d3bd5000-7f18d3bd7000 rw-p 000ed000 08:02 6562412                    /usr/lib/x86_64-linux-gnu/libstdc++.so.6.0.19
7f18d3bd7000-7f18d3bec000 rw-p 00000000 00:00 0 
7f18d3bec000-7f18d3bf8000 r-xp 00000000 08:02 6561756                    /usr/lib/x86_64-linux-gnu/libdrm_radeon.so.1.0.1
7f18d3bf8000-7f18d3df7000 ---p 0000c000 08:02 6561756                    /usr/lib/x86_64-linux-gnu/libdrm_radeon.so.1.0.1
7f18d3df7000-7f18d3df8000 r--p 0000b000 08:02 6561756                    /usr/lib/x86_64-linux-gnu/libdrm_radeon.so.1.0.1
7f18d3df8000-7f18d3df9000 rw-p 0000c000 08:02 6561756                    /usr/lib/x86_64-linux-gnu/libdrm_radeon.so.1.0.1
7f18d3df9000-7f18d3dff000 r-xp 00000000 08:02 6561754                    /usr/lib/x86_64-linux-gnu/libdrm_nouveau.so.2.0.0
7f18d3dff000-7f18d3ffe000 ---p 00006000 08:02 6561754                    /usr/lib/x86_64-linux-gnu/libdrm_nouveau.so.2.0.0
7f18d3ffe000-7f18d3fff000 r--p 00005000 08:02 6561754                    /usr/lib/x86_64-linux-gnu/libdrm_nouveau.so.2.0.0
7f18d3fff000-7f18d4000000 rw-p 00006000 08:02 6561754                    /usr/lib/x86_64-linux-gnu/libdrm_nouveau.so.2.0.0
7f18d4000000-7f18d6ded000 rw-p 00000000 00:00 0 
7f18d6ded000-7f18d8000000 ---p 00000000 00:00 0 
7f18d8000000-7f18db08a000 rw-p 00000000 00:00 0 
7f18db08a000-7f18dc000000 ---p 00000000 00:00 0 
7f18dc000000-7f18dc295000 rw-p 00000000 00:00 0 
7f18dc295000-7f18e0000000 ---p 00000000 00:00 0 
7f18e0000000-7f18e074f000 rw-p 00000000 00:00 0 
7f18e074f000-7f18e4000000 ---p 00000000 00:00 0 
7f18e4000000-7f18e4021000 rw-p 00000000 00:00 0 
7f18e4021000-7f18e8000000 ---p 00000000 00:00 0 
7f18e8000000-7f18e8021000 rw-p 00000000 00:00 0 
7f18e8021000-7f18ec000000 ---p 00000000 00:00 0 
7f18ec000000-7f18ec021000 rw-p 00000000 00:00 0 
7f18ec021000-7f18f0000000 ---p 00000000 00:00 0 
7f18f0000000-7f18f0022000 rw-p 00000000 00:00 0 
7f18f0022000-7f18f4000000 ---p 00000000 00:00 0 
7f18f4000000-7f18f4021000 rw-p 00000000 00:00 0 
7f18f4021000-7f18f8000000 ---p 00000000 00:00 0 
7f18f8000000-7f18f8021000 rw-p 00000000 00:00 0 
7f18f8021000-7f18fc000000 ---p 00000000 00:00 0 
7f18fc000000-7f18fd7b3000 rw-p 00000000 00:00 0 
7f18fd7b3000-7f1900000000 ---p 00000000 00:00 0 
7f1900000000-7f190065b000 rw-p 00000000 00:00 0 
7f190065b000-7f1904000000 ---p 00000000 00:00 0 
7f1904000000-7f1904021000 rw-p 00000000 00:00 0 
7f1904021000-7f1908000000 ---p 00000000 00:00 0 
7f1908000000-7f1908b8a000 rw-p 00000000 00:00 0 
7f1908b8a000-7f190c000000 ---p 00000000 00:00 0 
7f190c000000-7f190c021000 rw-p 00000000 00:00 0 
7f190c021000-7f1910000000 ---p 00000000 00:00 0 
7f1910000000-7f1910021000 rw-p 00000000 00:00 0 
7f1910021000-7f1914000000 ---p 00000000 00:00 0 
7f1914000000-7f1914021000 rw-p 00000000 00:00 0 
7f1914021000-7f1918000000 ---p 00000000 00:00 0 
7f1918000000-7f1918021000 rw-p 00000000 00:00 0 
7f1918021000-7f191c000000 ---p 00000000 00:00 0 
7f191c000000-7f191c021000 rw-p 00000000 00:00 0 
7f191c021000-7f1920000000 ---p 00000000 00:00 0 
7f192006e000-7f1920071000 ---p 00000000 00:00 0 
7f1920071000-7f192016f000 rw-p 00000000 00:00 0                          [stack:8709]
7f192016f000-7f192018f000 r-xp 00000000 08:02 6561752                    /usr/lib/x86_64-linux-gnu/libdrm_intel.so.1.0.0
7f192018f000-7f192038e000 ---p 00020000 08:02 6561752                    /usr/lib/x86_64-linux-gnu/libdrm_intel.so.1.0.0
7f192038e000-7f192038f000 r--p 0001f000 08:02 6561752                    /usr/lib/x86_64-linux-gnu/libdrm_intel.so.1.0.0
7f192038f000-7f1920390000 rw-p 00020000 08:02 6561752                    /usr/lib/x86_64-linux-gnu/libdrm_intel.so.1.0.0
7f1920390000-7f1928000000 rw-p 00000000 00:00 0 
7f1928000000-7f1928021000 rw-p 00000000 00:00 0 
7f1928021000-7f192c000000 ---p 00000000 00:00 0 
7f192c000000-7f192c021000 rw-p 00000000 00:00 0 
7f192c021000-7f1930000000 ---p 00000000 00:00 0 
7f1930000000-7f1930021000 rw-p 00000000 00:00 0 
7f1930021000-7f1934000000 ---p 00000000 00:00 0 
7f1934023000-7f1934024000 rw-p 00000000 00:00 0 
7f1934024000-7f193402c000 rw-s 00000000 00:05 145674                     /drm mm object (deleted)
7f193402c000-7f1934580000 r-xp 00000000 08:02 6947244                    /usr/lib/x86_64-linux-gnu/dri/i965_dri.so
7f1934580000-7f1934780000 ---p 00554000 08:02 6947244                    /usr/lib/x86_64-linux-gnu/dri/i965_dri.so
7f1934780000-7f19347a1000 r--p 00554000 08:02 6947244                    /usr/lib/x86_64-linux-gnu/dri/i965_dri.so
7f19347a1000-7f19347a8000 rw-p 00575000 08:02 6947244                    /usr/lib/x86_64-linux-gnu/dri/i965_dri.so
7f19347a8000-7f19347af000 rw-p 00000000 00:00 0 
7f19347af000-7f19347b2000 ---p 00000000 00:00 0 
7f19347b2000-7f19348b0000 rw-p 00000000 00:00 0                          [stack:8708]
7f19348b0000-7f1934909000 r-xp 00000000 08:02 4721845                    /tmp/jogamp_0000/file_cache/jln6494971473193505558/jln8617649039620653801/libjogl_mobile.so
7f1934909000-7f1934b09000 ---p 00059000 08:02 4721845                    /tmp/jogamp_0000/file_cache/jln6494971473193505558/jln8617649039620653801/libjogl_mobile.so
7f1934b09000-7f1934b0a000 rw-p 00059000 08:02 4721845                    /tmp/jogamp_0000/file_cache/jln6494971473193505558/jln8617649039620653801/libjogl_mobile.so
7f1934b0a000-7f1934b11000 r-xp 00000000 08:02 6561790                    /usr/lib/x86_64-linux-gnu/libffi.so.6.0.1
7f1934b11000-7f1934d10000 ---p 00007000 08:02 6561790                    /usr/lib/x86_64-linux-gnu/libffi.so.6.0.1
7f1934d10000-7f1934d11000 r--p 00006000 08:02 6561790                    /usr/lib/x86_64-linux-gnu/libffi.so.6.0.1
7f1934d11000-7f1934d12000 rw-p 00007000 08:02 6561790                    /usr/lib/x86_64-linux-gnu/libffi.so.6.0.1
7f1934d12000-7f1934d1e000 r-xp 00000000 08:02 6561843                    /usr/lib/x86_64-linux-gnu/libgbm.so.1.0.0
7f1934d1e000-7f1934f1e000 ---p 0000c000 08:02 6561843                    /usr/lib/x86_64-linux-gnu/libgbm.so.1.0.0
7f1934f1e000-7f1934f1f000 r--p 0000c000 08:02 6561843                    /usr/lib/x86_64-linux-gnu/libgbm.so.1.0.0
7f1934f1f000-7f1934f20000 rw-p 0000d000 08:02 6561843                    /usr/lib/x86_64-linux-gnu/libgbm.so.1.0.0
7f1934f20000-7f1934f2f000 r-xp 00000000 08:02 6562520                    /usr/lib/x86_64-linux-gnu/libwayland-server.so.0.1.0
7f1934f2f000-7f193512e000 ---p 0000f000 08:02 6562520                    /usr/lib/x86_64-linux-gnu/libwayland-server.so.0.1.0
7f193512e000-7f1935130000 r--p 0000e000 08:02 6562520                    /usr/lib/x86_64-linux-gnu/libwayland-server.so.0.1.0
7f1935130000-7f1935131000 rw-p 00010000 08:02 6562520                    /usr/lib/x86_64-linux-gnu/libwayland-server.so.0.1.0
7f1935131000-7f193513c000 r-xp 00000000 08:02 6562514                    /usr/lib/x86_64-linux-gnu/libwayland-client.so.0.2.0
7f193513c000-7f193533b000 ---p 0000b000 08:02 6562514                    /usr/lib/x86_64-linux-gnu/libwayland-client.so.0.2.0
7f193533b000-7f193533d000 r--p 0000a000 08:02 6562514                    /usr/lib/x86_64-linux-gnu/libwayland-client.so.0.2.0
7f193533d000-7f193533e000 rw-p 0000c000 08:02 6562514                    /usr/lib/x86_64-linux-gnu/libwayland-client.so.0.2.0
7f193533e000-7f1935343000 r-xp 00000000 08:02 6562570                    /usr/lib/x86_64-linux-gnu/libxcb-xfixes.so.0.0.0
7f1935343000-7f1935543000 ---p 00005000 08:02 6562570                    /usr/lib/x86_64-linux-gnu/libxcb-xfixes.so.0.0.0
7f1935543000-7f1935544000 r--p 00005000 08:02 6562570                    /usr/lib/x86_64-linux-gnu/libxcb-xfixes.so.0.0.0
7f1935544000-7f1935545000 rw-p 00006000 08:02 6562570                    /usr/lib/x86_64-linux-gnu/libxcb-xfixes.so.0.0.0
7f1935545000-7f193556c000 r-xp 00000000 08:02 6948353                    /usr/lib/x86_64-linux-gnu/mesa-egl/libEGL.so.1.0.0
7f193556c000-7f193576c000 ---p 00027000 08:02 6948353                    /usr/lib/x86_64-linux-gnu/mesa-egl/libEGL.so.1.0.0
7f193576c000-7f193576d000 r--p 00027000 08:02 6948353                    /usr/lib/x86_64-linux-gnu/mesa-egl/libEGL.so.1.0.0
7f193576d000-7f193576e000 rw-p 00028000 08:02 6948353                    /usr/lib/x86_64-linux-gnu/mesa-egl/libEGL.so.1.0.0
7f193576e000-7f193576f000 rw-p 00000000 00:00 0 
7f193576f000-7f1935775000 r-xp 00000000 08:02 6948357                    /usr/lib/x86_64-linux-gnu/mesa-egl/libGLESv2.so.2.0.0
7f1935775000-7f1935974000 ---p 00006000 08:02 6948357                    /usr/lib/x86_64-linux-gnu/mesa-egl/libGLESv2.so.2.0.0
7f1935974000-7f1935975000 r--p 00005000 08:02 6948357                    /usr/lib/x86_64-linux-gnu/mesa-egl/libGLESv2.so.2.0.0
7f1935975000-7f1935976000 rw-p 00006000 08:02 6948357                    /usr/lib/x86_64-linux-gnu/mesa-egl/libGLESv2.so.2.0.0
7f1935976000-7f1935979000 ---p 00000000 00:00 0 
7f1935979000-7f1935a77000 rw-p 00000000 00:00 0                          [stack:8707]
7f1935a77000-7f1935b2a000 r-xp 00000000 08:02 4721843                    /tmp/jogamp_0000/file_cache/jln6494971473193505558/jln8617649039620653801/libjogl_desktop.so
7f1935b2a000-7f1935d2a000 ---p 000b3000 08:02 4721843                    /tmp/jogamp_0000/file_cache/jln6494971473193505558/jln8617649039620653801/libjogl_desktop.so
7f1935d2a000-7f1935d2b000 rw-p 000b3000 08:02 4721843                    /tmp/jogamp_0000/file_cache/jln6494971473193505558/jln8617649039620653801/libjogl_desktop.so
7f1935d2b000-7f1935d36000 r-xp 00000000 08:02 6561750                    /usr/lib/x86_64-linux-gnu/libdrm.so.2.4.0
7f1935d36000-7f1935f35000 ---p 0000b000 08:02 6561750                    /usr/lib/x86_64-linux-gnu/libdrm.so.2.4.0
7f1935f35000-7f1935f36000 r--p 0000a000 08:02 6561750                    /usr/lib/x86_64-linux-gnu/libdrm.so.2.4.0
7f1935f36000-7f1935f37000 rw-p 0000b000 08:02 6561750                    /usr/lib/x86_64-linux-gnu/libdrm.so.2.4.0
7f1935f37000-7f1935f38000 r-xp 00000000 08:02 6562584                    /usr/lib/x86_64-linux-gnu/libxshmfence.so.1.0.0
7f1935f38000-7f1936137000 ---p 00001000 08:02 6562584                    /usr/lib/x86_64-linux-gnu/libxshmfence.so.1.0.0
7f1936137000-7f1936138000 r--p 00000000 08:02 6562584                    /usr/lib/x86_64-linux-gnu/libxshmfence.so.1.0.0
7f1936138000-7f1936139000 rw-p 00001000 08:02 6562584                    /usr/lib/x86_64-linux-gnu/libxshmfence.so.1.0.0
7f1936139000-7f193613e000 r-xp 00000000 08:02 6562566                    /usr/lib/x86_64-linux-gnu/libxcb-sync.so.1.0.0
7f193613e000-7f193633d000 ---p 00005000 08:02 6562566                    /usr/lib/x86_64-linux-gnu/libxcb-sync.so.1.0.0
7f193633d000-7f193633e000 r--p 00004000 08:02 6562566                    /usr/lib/x86_64-linux-gnu/libxcb-sync.so.1.0.0
7f193633e000-7f193633f000 rw-p 00005000 08:02 6562566                    /usr/lib/x86_64-linux-gnu/libxcb-sync.so.1.0.0
7f193633f000-7f1936341000 r-xp 00000000 08:02 6562554                    /usr/lib/x86_64-linux-gnu/libxcb-present.so.0.0.0
7f1936341000-7f1936540000 ---p 00002000 08:02 6562554                    /usr/lib/x86_64-linux-gnu/libxcb-present.so.0.0.0
7f1936540000-7f1936541000 r--p 00001000 08:02 6562554                    /usr/lib/x86_64-linux-gnu/libxcb-present.so.0.0.0
7f1936541000-7f1936542000 rw-p 00002000 08:02 6562554                    /usr/lib/x86_64-linux-gnu/libxcb-present.so.0.0.0
7f1936542000-7f1936544000 r-xp 00000000 08:02 6562544                    /usr/lib/x86_64-linux-gnu/libxcb-dri3.so.0.0.0
7f1936544000-7f1936743000 ---p 00002000 08:02 6562544                    /usr/lib/x86_64-linux-gnu/libxcb-dri3.so.0.0.0
7f1936743000-7f1936744000 r--p 00001000 08:02 6562544                    /usr/lib/x86_64-linux-gnu/libxcb-dri3.so.0.0.0
7f1936744000-7f1936745000 rw-p 00002000 08:02 6562544                    /usr/lib/x86_64-linux-gnu/libxcb-dri3.so.0.0.0
7f1936745000-7f1936748000 r-xp 00000000 08:02 6562542                    /usr/lib/x86_64-linux-gnu/libxcb-dri2.so.0.0.0
7f1936748000-7f1936948000 ---p 00003000 08:02 6562542                    /usr/lib/x86_64-linux-gnu/libxcb-dri2.so.0.0.0
7f1936948000-7f1936949000 r--p 00003000 08:02 6562542                    /usr/lib/x86_64-linux-gnu/libxcb-dri2.so.0.0.0
7f1936949000-7f193694a000 rw-p 00004000 08:02 6562542                    /usr/lib/x86_64-linux-gnu/libxcb-dri2.so.0.0.0
7f193694a000-7f193695f000 r-xp 00000000 08:02 6562546                    /usr/lib/x86_64-linux-gnu/libxcb-glx.so.0.0.0
7f193695f000-7f1936b5e000 ---p 00015000 08:02 6562546                    /usr/lib/x86_64-linux-gnu/libxcb-glx.so.0.0.0
7f1936b5e000-7f1936b60000 r--p 00014000 08:02 6562546                    /usr/lib/x86_64-linux-gnu/libxcb-glx.so.0.0.0
7f1936b60000-7f1936b61000 rw-p 00016000 08:02 6562546                    /usr/lib/x86_64-linux-gnu/libxcb-glx.so.0.0.0
7f1936b61000-7f1936b62000 r-xp 00000000 08:02 6561502                    /usr/lib/x86_64-linux-gnu/libX11-xcb.so.1.0.0
7f1936b62000-7f1936d61000 ---p 00001000 08:02 6561502                    /usr/lib/x86_64-linux-gnu/libX11-xcb.so.1.0.0
7f1936d61000-7f1936d62000 r--p 00000000 08:02 6561502                    /usr/lib/x86_64-linux-gnu/libX11-xcb.so.1.0.0
7f1936d62000-7f1936d63000 rw-p 00001000 08:02 6561502                    /usr/lib/x86_64-linux-gnu/libX11-xcb.so.1.0.0
7f1936d63000-7f1936d65000 r-xp 00000000 08:02 6561517                    /usr/lib/x86_64-linux-gnu/libXdamage.so.1.1.0
7f1936d65000-7f1936f64000 ---p 00002000 08:02 6561517                    /usr/lib/x86_64-linux-gnu/libXdamage.so.1.1.0
7f1936f64000-7f1936f65000 r--p 00001000 08:02 6561517                    /usr/lib/x86_64-linux-gnu/libXdamage.so.1.1.0
7f1936f65000-7f1936f66000 rw-p 00002000 08:02 6561517                    /usr/lib/x86_64-linux-gnu/libXdamage.so.1.1.0
7f1936f66000-7f1936f8b000 r-xp 00000000 08:02 6561895                    /usr/lib/x86_64-linux-gnu/libglapi.so.0.0.0
7f1936f8b000-7f193718b000 ---p 00025000 08:02 6561895                    /usr/lib/x86_64-linux-gnu/libglapi.so.0.0.0
7f193718b000-7f193718e000 r--p 00025000 08:02 6561895                    /usr/lib/x86_64-linux-gnu/libglapi.so.0.0.0
7f193718e000-7f193718f000 rw-p 00028000 08:02 6561895                    /usr/lib/x86_64-linux-gnu/libglapi.so.0.0.0
7f193718f000-7f1937190000 rw-p 00000000 00:00 0 
7f1937190000-7f19371b7000 r-xp 00000000 08:02 13637323                   /lib/x86_64-linux-gnu/libexpat.so.1.6.0
7f19371b7000-7f19373b7000 ---p 00027000 08:02 13637323                   /lib/x86_64-linux-gnu/libexpat.so.1.6.0
7f19373b7000-7f19373b9000 r--p 00027000 08:02 13637323                   /lib/x86_64-linux-gnu/libexpat.so.1.6.0
7f19373b9000-7f19373ba000 rw-p 00029000 08:02 13637323                   /lib/x86_64-linux-gnu/libexpat.so.1.6.0
7f19373ba000-7f1937448000 r-xp 00000000 08:02 6948350                    /usr/lib/x86_64-linux-gnu/mesa/libGL.so.1.2.0
7f1937448000-7f1937647000 ---p 0008e000 08:02 6948350                    /usr/lib/x86_64-linux-gnu/mesa/libGL.so.1.2.0
7f1937647000-7f193764a000 r--p 0008d000 08:02 6948350                    /usr/lib/x86_64-linux-gnu/mesa/libGL.so.1.2.0
7f193764a000-7f193764b000 rw-p 00090000 08:02 6948350                    /usr/lib/x86_64-linux-gnu/mesa/libGL.so.1.2.0
7f193764b000-7f193784c000 rw-p 00000000 00:00 0 
7f193784c000-7f193784e000 r-xp 00000000 08:02 6561531                    /usr/lib/x86_64-linux-gnu/libXinerama.so.1.0.0
7f193784e000-7f1937a4d000 ---p 00002000 08:02 6561531                    /usr/lib/x86_64-linux-gnu/libXinerama.so.1.0.0
7f1937a4d000-7f1937a4e000 r--p 00001000 08:02 6561531                    /usr/lib/x86_64-linux-gnu/libXinerama.so.1.0.0
7f1937a4e000-7f1937a4f000 rw-p 00002000 08:02 6561531                    /usr/lib/x86_64-linux-gnu/libXinerama.so.1.0.0
7f1937a4f000-7f1937a52000 ---p 00000000 00:00 0 
7f1937a52000-7f1938000000 rw-p 00000000 00:00 0                          [stack:8706]
7f1938000000-7f1938021000 rw-p 00000000 00:00 0 
7f1938021000-7f193c000000 ---p 00000000 00:00 0 
7f193c000000-7f193c007000 r--s 00000000 08:02 6947811                    /usr/lib/x86_64-linux-gnu/gconv/gconv-modules.cache
7f193c007000-7f193c01a000 r--s 00344000 08:02 6695996                    /usr/bin/processing-3.0/java/lib/resources.jar
7f193c01a000-7f193c022000 rw-s 00000000 00:05 143707                     /drm mm object (deleted)
7f193c022000-7f193c02a000 rw-s 00000000 00:05 143681                     /drm mm object (deleted)
7f193c02a000-7f193c032000 rw-s 00000000 00:05 144684                     /drm mm object (deleted)
7f193c032000-7f193c03a000 rw-s 00000000 00:05 145572                     /drm mm object (deleted)
7f193c03a000-7f193c049000 r-xp 00000000 08:02 4721849                    /tmp/jogamp_0000/file_cache/jln6494971473193505558/jln8617649039620653801/libnewt.so
7f193c049000-7f193c248000 ---p 0000f000 08:02 4721849                    /tmp/jogamp_0000/file_cache/jln6494971473193505558/jln8617649039620653801/libnewt.so
7f193c248000-7f193c249000 rw-p 0000e000 08:02 4721849                    /tmp/jogamp_0000/file_cache/jln6494971473193505558/jln8617649039620653801/libnewt.so
7f193c249000-7f193c250000 r-xp 00000000 08:02 4721848                    /tmp/jogamp_0000/file_cache/jln6494971473193505558/jln8617649039620653801/libnativewindow_x11.so
7f193c250000-7f193c44f000 ---p 00007000 08:02 4721848                    /tmp/jogamp_0000/file_cache/jln6494971473193505558/jln8617649039620653801/libnativewindow_x11.so
7f193c44f000-7f193c450000 rw-p 00006000 08:02 4721848                    /tmp/jogamp_0000/file_cache/jln6494971473193505558/jln8617649039620653801/libnativewindow_x11.so
7f193c450000-7f193c453000 ---p 00000000 00:00 0 
7f193c453000-7f193c551000 rw-p 00000000 00:00 0                          [stack:8728]
7f193c551000-7f193c555000 r-xp 00000000 08:02 6561559                    /usr/lib/x86_64-linux-gnu/libXxf86vm.so.1.0.0
7f193c555000-7f193c755000 ---p 00004000 08:02 6561559                    /usr/lib/x86_64-linux-gnu/libXxf86vm.so.1.0.0
7f193c755000-7f193c756000 r--p 00004000 08:02 6561559                    /usr/lib/x86_64-linux-gnu/libXxf86vm.so.1.0.0
7f193c756000-7f193c757000 rw-p 00005000 08:02 6561559                    /usr/lib/x86_64-linux-gnu/libXxf86vm.so.1.0.0
7f193c757000-7f193c759000 rw-s 1d3e98000 00:06 10208                     /dev/dri/card0
7f193c759000-7f193c75a000 rw-s 1d3e97000 00:06 10208                     /dev/dri/card0
7f193c75a000-7f193c75b000 rw-s 81000000 00:06 94744                      /dev/snd/pcmC2D0p
7f193c75b000-7f193c75c000 r--s 80000000 00:06 94744                      /dev/snd/pcmC2D0p
7f193c75c000-7f193c75d000 rw-s 1d3df6000 00:06 10208                     /dev/dri/card0
7f193c75d000-7f193c75e000 rw-s 1d3df5000 00:06 10208                     /dev/dri/card0
7f193c75e000-7f193c75f000 rwxp 00000000 00:00 0 
7f193c75f000-7f193c767000 rw-s 00000000 00:05 144633                     /drm mm object (deleted)
7f193c767000-7f193c76f000 rw-s 00000000 00:05 144673                     /drm mm object (deleted)
7f193c76f000-7f193c770000 rw-s 1d3df4000 00:06 10208                     /dev/dri/card0
7f193c770000-7f193c778000 rw-s 00000000 00:05 144622                     /drm mm object (deleted)
7f193c778000-7f193c77a000 r-xp 00000000 08:02 4721847                    /tmp/jogamp_0000/file_cache/jln6494971473193505558/jln8617649039620653801/libnativewindow_awt.so
7f193c77a000-7f193c979000 ---p 00002000 08:02 4721847                    /tmp/jogamp_0000/file_cache/jln6494971473193505558/jln8617649039620653801/libnativewindow_awt.so
7f193c979000-7f193c97a000 rw-p 00001000 08:02 4721847                    /tmp/jogamp_0000/file_cache/jln6494971473193505558/jln8617649039620653801/libnativewindow_awt.so
7f193c97a000-7f193c97b000 r-xp 00000000 08:02 8012156                    /usr/bin/processing-3.0/java/lib/amd64/libjawt.so
7f193c97b000-7f193cb7a000 ---p 00001000 08:02 8012156                    /usr/bin/processing-3.0/java/lib/amd64/libjawt.so
7f193cb7a000-7f193cb7b000 rw-p 00000000 08:02 8012156                    /usr/bin/processing-3.0/java/lib/amd64/libjawt.so
7f193cb7b000-7f193cb7d000 r-xp 00000000 08:02 4721842                    /tmp/jogamp_0000/file_cache/jln6494971473193505558/jln8617649039620653801/libgluegen-rt.so
7f193cb7d000-7f193cd7c000 ---p 00002000 08:02 4721842                    /tmp/jogamp_0000/file_cache/jln6494971473193505558/jln8617649039620653801/libgluegen-rt.so
7f193cd7c000-7f193cd7d000 rw-p 00001000 08:02 4721842                    /tmp/jogamp_0000/file_cache/jln6494971473193505558/jln8617649039620653801/libgluegen-rt.so
7f193cd7d000-7f193cd80000 ---p 00000000 00:00 0 
7f193cd80000-7f193ce7e000 rw-p 00000000 00:00 0 
7f193ce7e000-7f193ce8f000 r-xp 00000000 08:02 8012203                    /usr/bin/processing-3.0/java/lib/amd64/libnio.so
7f193ce8f000-7f193d08e000 ---p 00011000 08:02 8012203                    /usr/bin/processing-3.0/java/lib/amd64/libnio.so
7f193d08e000-7f193d08f000 rw-p 00010000 08:02 8012203                    /usr/bin/processing-3.0/java/lib/amd64/libnio.so
7f193d08f000-7f193d0a5000 r-xp 00000000 08:02 8012151                    /usr/bin/processing-3.0/java/lib/amd64/libnet.so
7f193d0a5000-7f193d2a5000 ---p 00016000 08:02 8012151                    /usr/bin/processing-3.0/java/lib/amd64/libnet.so
7f193d2a5000-7f193d2a6000 rw-p 00016000 08:02 8012151                    /usr/bin/processing-3.0/java/lib/amd64/libnet.so
7f193d2a6000-7f193d2a9000 ---p 00000000 00:00 0 
7f193d2a9000-7f193d2df000 rw-p 00000000 00:00 0 
7f193d2df000-7f193d2e3000 r--s 00095000 08:02 6696012                    /usr/bin/processing-3.0/java/lib/jsse.jar
7f193d2e3000-7f193d4e3000 rw-p 00000000 00:00 0 
7f193d4e3000-7f193d4e6000 r--s 00041000 08:02 8014028                    /usr/bin/processing-3.0/modes/java/mode/org.netbeans.swing.outline.jar
7f193d4e6000-7f193d4eb000 r--s 00038000 08:02 8014038                    /usr/bin/processing-3.0/modes/java/mode/org.eclipse.text.jar
7f193d4eb000-7f193d4ff000 r--s 00121000 08:02 8014045                    /usr/bin/processing-3.0/modes/java/mode/org.eclipse.osgi.jar
7f193d4ff000-7f193d537000 r--s 00515000 08:02 8014044                    /usr/bin/processing-3.0/modes/java/mode/org.eclipse.jdt.core.jar
7f193d537000-7f193d592000 r--s 009e2000 08:02 8014039                    /usr/bin/processing-3.0/modes/java/mode/com.ibm.icu.jar
7f193d592000-7f193d59b000 r-xp 00000000 08:02 6561541                    /usr/lib/x86_64-linux-gnu/libXrandr.so.2.2.0
7f193d59b000-7f193d79a000 ---p 00009000 08:02 6561541                    /usr/lib/x86_64-linux-gnu/libXrandr.so.2.2.0
7f193d79a000-7f193d79b000 r--p 00008000 08:02 6561541                    /usr/lib/x86_64-linux-gnu/libXrandr.so.2.2.0
7f193d79b000-7f193d79c000 rw-p 00009000 08:02 6561541                    /usr/lib/x86_64-linux-gnu/libXrandr.so.2.2.0
7f193d79c000-7f193d79f000 ---p 00000000 00:00 0 
7f193d79f000-7f193d89d000 rw-p 00000000 00:00 0                          [stack:8695]
7f193d89d000-7f193d8a2000 r-xp 00000000 08:02 6561523                    /usr/lib/x86_64-linux-gnu/libXfixes.so.3.1.0
7f193d8a2000-7f193daa1000 ---p 00005000 08:02 6561523                    /usr/lib/x86_64-linux-gnu/libXfixes.so.3.1.0
7f193daa1000-7f193daa2000 r--p 00004000 08:02 6561523                    /usr/lib/x86_64-linux-gnu/libXfixes.so.3.1.0
7f193daa2000-7f193daa3000 rw-p 00005000 08:02 6561523                    /usr/lib/x86_64-linux-gnu/libXfixes.so.3.1.0
7f193daa3000-7f193daac000 r-xp 00000000 08:02 6561515                    /usr/lib/x86_64-linux-gnu/libXcursor.so.1.0.2
7f193daac000-7f193dcab000 ---p 00009000 08:02 6561515                    /usr/lib/x86_64-linux-gnu/libXcursor.so.1.0.2
7f193dcab000-7f193dcac000 r--p 00008000 08:02 6561515                    /usr/lib/x86_64-linux-gnu/libXcursor.so.1.0.2
7f193dcac000-7f193dcad000 rw-p 00009000 08:02 6561515                    /usr/lib/x86_64-linux-gnu/libXcursor.so.1.0.2
7f193dcad000-7f193dcb0000 ---p 00000000 00:00 0 
7f193dcb0000-7f193ddae000 rw-p 00000000 00:00 0                          [stack:8694]
7f193ddae000-7f193ddc4000 r-xp 00000000 08:02 13635717                   /lib/x86_64-linux-gnu/libgcc_s.so.1
7f193ddc4000-7f193dfc3000 ---p 00016000 08:02 13635717                   /lib/x86_64-linux-gnu/libgcc_s.so.1
7f193dfc3000-7f193dfc4000 rw-p 00015000 08:02 13635717                   /lib/x86_64-linux-gnu/libgcc_s.so.1
7f193dfc4000-7f193e02a000 r-xp 00000000 08:02 8012146                    /usr/bin/processing-3.0/java/lib/amd64/libfontmanager.so
7f193e02a000-7f193e229000 ---p 00066000 08:02 8012146                    /usr/bin/processing-3.0/java/lib/amd64/libfontmanager.so
7f193e229000-7f193e22d000 rw-p 00065000 08:02 8012146                    /usr/bin/processing-3.0/java/lib/amd64/libfontmanager.so
7f193e22d000-7f193e23e000 rw-p 00000000 00:00 0 
7f193e23e000-7f193e243000 r-xp 00000000 08:02 6561519                    /usr/lib/x86_64-linux-gnu/libXdmcp.so.6.0.0
7f193e243000-7f193e442000 ---p 00005000 08:02 6561519                    /usr/lib/x86_64-linux-gnu/libXdmcp.so.6.0.0
7f193e442000-7f193e443000 r--p 00004000 08:02 6561519                    /usr/lib/x86_64-linux-gnu/libXdmcp.so.6.0.0
7f193e443000-7f193e444000 rw-p 00005000 08:02 6561519                    /usr/lib/x86_64-linux-gnu/libXdmcp.so.6.0.0
7f193e444000-7f193e446000 r-xp 00000000 08:02 6561508                    /usr/lib/x86_64-linux-gnu/libXau.so.6.0.0
7f193e446000-7f193e646000 ---p 00002000 08:02 6561508                    /usr/lib/x86_64-linux-gnu/libXau.so.6.0.0
7f193e646000-7f193e647000 r--p 00002000 08:02 6561508                    /usr/lib/x86_64-linux-gnu/libXau.so.6.0.0
7f193e647000-7f193e648000 rw-p 00003000 08:02 6561508                    /usr/lib/x86_64-linux-gnu/libXau.so.6.0.0
7f193e648000-7f193e665000 r-xp 00000000 08:02 6562574                    /usr/lib/x86_64-linux-gnu/libxcb.so.1.1.0
7f193e665000-7f193e865000 ---p 0001d000 08:02 6562574                    /usr/lib/x86_64-linux-gnu/libxcb.so.1.1.0
7f193e865000-7f193e866000 r--p 0001d000 08:02 6562574                    /usr/lib/x86_64-linux-gnu/libxcb.so.1.1.0
7f193e866000-7f193e867000 rw-p 0001e000 08:02 6562574                    /usr/lib/x86_64-linux-gnu/libxcb.so.1.1.0
7f193e867000-7f193e876000 r-xp 00000000 08:02 6561529                    /usr/lib/x86_64-linux-gnu/libXi.so.6.1.0
7f193e876000-7f193ea75000 ---p 0000f000 08:02 6561529                    /usr/lib/x86_64-linux-gnu/libXi.so.6.1.0
7f193ea75000-7f193ea76000 r--p 0000e000 08:02 6561529                    /usr/lib/x86_64-linux-gnu/libXi.so.6.1.0
7f193ea76000-7f193ea77000 rw-p 0000f000 08:02 6561529                    /usr/lib/x86_64-linux-gnu/libXi.so.6.1.0
7f193ea77000-7f193ea7c000 r-xp 00000000 08:02 6561549                    /usr/lib/x86_64-linux-gnu/libXtst.so.6.1.0
7f193ea7c000-7f193ec7b000 ---p 00005000 08:02 6561549                    /usr/lib/x86_64-linux-gnu/libXtst.so.6.1.0
7f193ec7b000-7f193ec7c000 r--p 00004000 08:02 6561549                    /usr/lib/x86_64-linux-gnu/libXtst.so.6.1.0
7f193ec7c000-7f193ec7d000 rw-p 00005000 08:02 6561549                    /usr/lib/x86_64-linux-gnu/libXtst.so.6.1.0
7f193ec7d000-7f193ec86000 r-xp 00000000 08:02 6561543                    /usr/lib/x86_64-linux-gnu/libXrender.so.1.3.0
7f193ec86000-7f193ee85000 ---p 00009000 08:02 6561543                    /usr/lib/x86_64-linux-gnu/libXrender.so.1.3.0
7f193ee85000-7f193ee86000 r--p 00008000 08:02 6561543                    /usr/lib/x86_64-linux-gnu/libXrender.so.1.3.0
7f193ee86000-7f193ee87000 rw-p 00009000 08:02 6561543                    /usr/lib/x86_64-linux-gnu/libXrender.so.1.3.0
7f193ee87000-7f193efb7000 r-xp 00000000 08:02 6561504                    /usr/lib/x86_64-linux-gnu/libX11.so.6.3.0
7f193efb7000-7f193f1b7000 ---p 00130000 08:02 6561504                    /usr/lib/x86_64-linux-gnu/libX11.so.6.3.0
7f193f1b7000-7f193f1b8000 r--p 00130000 08:02 6561504                    /usr/lib/x86_64-linux-gnu/libX11.so.6.3.0
7f193f1b8000-7f193f1bc000 rw-p 00131000 08:02 6561504                    /usr/lib/x86_64-linux-gnu/libX11.so.6.3.0
7f193f1bc000-7f193f1cd000 r-xp 00000000 08:02 6561521                    /usr/lib/x86_64-linux-gnu/libXext.so.6.4.0
7f193f1cd000-7f193f3cc000 ---p 00011000 08:02 6561521                    /usr/lib/x86_64-linux-gnu/libXext.so.6.4.0
7f193f3cc000-7f193f3cd000 r--p 00010000 08:02 6561521                    /usr/lib/x86_64-linux-gnu/libXext.so.6.4.0
7f193f3cd000-7f193f3ce000 rw-p 00011000 08:02 6561521                    /usr/lib/x86_64-linux-gnu/libXext.so.6.4.0
7f193f3ce000-7f193f422000 r-xp 00000000 08:02 8012182                    /usr/bin/processing-3.0/java/lib/amd64/libawt_xawt.so
7f193f422000-7f193f622000 ---p 00054000 08:02 8012182                    /usr/bin/processing-3.0/java/lib/amd64/libawt_xawt.so
7f193f622000-7f193f626000 rw-p 00054000 08:02 8012182                    /usr/bin/processing-3.0/java/lib/amd64/libawt_xawt.so
7f193f626000-7f193f627000 rw-p 00000000 00:00 0 
7f193f627000-7f193f6c9000 r-xp 00000000 08:02 8012174                    /usr/bin/processing-3.0/java/lib/amd64/libawt.so
7f193f6c9000-7f193f8c9000 ---p 000a2000 08:02 8012174                    /usr/bin/processing-3.0/java/lib/amd64/libawt.so
7f193f8c9000-7f193f8d5000 rw-p 000a2000 08:02 8012174                    /usr/bin/processing-3.0/java/lib/amd64/libawt.so
7f193f8d5000-7f193f8f9000 rw-p 00000000 00:00 0 
7f193f8f9000-7f193f8fa000 ---p 00000000 00:00 0 
7f193f8fa000-7f193f9fa000 rw-p 00000000 00:00 0                          [stack:8693]
7f193f9fa000-7f193f9fd000 ---p 00000000 00:00 0 
7f193f9fd000-7f193fafb000 rw-p 00000000 00:00 0                          [stack:8692]
7f193fafb000-7f193fafe000 ---p 00000000 00:00 0 
7f193fafe000-7f193fbfc000 rw-p 00000000 00:00 0                          [stack:8691]
7f193fbfc000-7f193fbff000 ---p 00000000 00:00 0 
7f193fbff000-7f193fcfd000 rw-p 00000000 00:00 0                          [stack:8690]
7f193fcfd000-7f193fd00000 ---p 00000000 00:00 0 
7f193fd00000-7f193fdfe000 rw-p 00000000 00:00 0                          [stack:8689]
7f193fdfe000-7f193fe01000 ---p 00000000 00:00 0 
7f193fe01000-7f193feff000 rw-p 00000000 00:00 0                          [stack:8683]
7f193feff000-7f193ff02000 ---p 00000000 00:00 0 
7f193ff02000-7f1940000000 rw-p 00000000 00:00 0                          [stack:8680]
7f1940000000-7f1940021000 rw-p 00000000 00:00 0 
7f1940021000-7f1944000000 ---p 00000000 00:00 0 
7f1944000000-7f1944001000 r--p 00000000 00:00 0 
7f1944001000-7f1944004000 r--s 0001c000 08:02 8014042                    /usr/bin/processing-3.0/modes/java/mode/org.eclipse.equinox.preferences.jar
7f1944004000-7f1944007000 r--s 00018000 08:02 8014034                    /usr/bin/processing-3.0/modes/java/mode/org.eclipse.equinox.common.jar
7f1944007000-7f1944009000 r--s 00011000 08:02 8014037                    /usr/bin/processing-3.0/modes/java/mode/org.eclipse.core.runtime.jar
7f1944009000-7f1944014000 r--s 000c1000 08:02 8014040                    /usr/bin/processing-3.0/modes/java/mode/org.eclipse.core.resources.jar
7f1944014000-7f1944016000 r--s 00016000 08:02 8014027                    /usr/bin/processing-3.0/modes/java/mode/org.eclipse.core.jobs.jar
7f1944016000-7f1944018000 r--s 00015000 08:02 8014029                    /usr/bin/processing-3.0/modes/java/mode/org.eclipse.core.contenttype.jar
7f1944018000-7f194401d000 r--s 0003f000 08:02 8014032                    /usr/bin/processing-3.0/modes/java/mode/jsoup-1.7.1.jar
7f194401d000-7f194402a000 r--s 000cb000 08:02 8014036                    /usr/bin/processing-3.0/modes/java/mode/jdimodel.jar
7f194402a000-7f194402e000 r--s 0000e000 08:02 8014030                    /usr/bin/processing-3.0/modes/java/mode/jdi.jar
7f194402e000-7f1944034000 r--s 0007d000 08:02 8014033                    /usr/bin/processing-3.0/modes/java/mode/JavaMode.jar
7f1944034000-7f194403e000 r--s 00097000 08:02 6695776                    /usr/bin/processing-3.0/lib/pde.jar
7f194403e000-7f1944052000 r--s 00127000 08:02 6695832                    /usr/bin/processing-3.0/lib/jna.jar
7f1944052000-7f1944070000 r--s 001bb000 08:02 6695851                    /usr/bin/processing-3.0/lib/ant.jar
7f1944070000-7f194408a000 r--s 01689000 08:02 6569030                    /usr/bin/processing-3.0/core/library/jogl-java-src.zip
7f194408a000-7f19440ad000 r--s 00308000 08:02 6569034                    /usr/bin/processing-3.0/core/library/jogl-all.jar
7f19440ad000-7f19440b0000 ---p 00000000 00:00 0 
7f19440b0000-7f19441ae000 rw-p 00000000 00:00 0                          [stack:8679]
7f19441ae000-7f19441b2000 r-xp 00000000 08:02 8012175                    /usr/bin/processing-3.0/java/lib/amd64/libdt_socket.so
7f19441b2000-7f19443b1000 ---p 00004000 08:02 8012175                    /usr/bin/processing-3.0/java/lib/amd64/libdt_socket.so
7f19443b1000-7f19443b2000 rw-p 00003000 08:02 8012175                    /usr/bin/processing-3.0/java/lib/amd64/libdt_socket.so
7f19443b2000-7f19443b5000 ---p 00000000 00:00 0 
7f19443b5000-7f19444b3000 rw-p 00000000 00:00 0                          [stack:8678]
7f19444b3000-7f19444b6000 ---p 00000000 00:00 0 
7f19444b6000-7f19445b4000 rw-p 00000000 00:00 0                          [stack:8674]
7f19445b4000-7f19445b7000 ---p 00000000 00:00 0 
7f19445b7000-7f19446b5000 rw-p 00000000 00:00 0                          [stack:8673]
7f19446b5000-7f19446b6000 ---p 00000000 00:00 0 
7f19446b6000-7f194576a000 rw-p 00000000 00:00 0                          [stack:8672]
7f194576a000-7f1945942000 r--s 03d0c000 08:02 6695974                    /usr/bin/processing-3.0/java/lib/rt.jar
7f1945942000-7f1946909000 rw-p 00000000 00:00 0 
7f1946909000-7f194690a000 ---p 00000000 00:00 0 
7f194690a000-7f1946a0a000 rw-p 00000000 00:00 0                          [stack:8671]
7f1946a0a000-7f1946a0b000 ---p 00000000 00:00 0 
7f1946a0b000-7f1946b0b000 rw-p 00000000 00:00 0                          [stack:8670]
7f1946b0b000-7f1946b0c000 ---p 00000000 00:00 0 
7f1946b0c000-7f1946c60000 rw-p 00000000 00:00 0                          [stack:8669]
7f1946c60000-7f194713c000 ---p 00000000 00:00 0 
7f194713c000-7f1947190000 rw-p 00000000 00:00 0 
7f1947190000-7f194766b000 ---p 00000000 00:00 0 
7f194766b000-7f194773f000 rw-p 00000000 00:00 0 
7f194773f000-7f1947903000 ---p 00000000 00:00 0 
7f1947903000-7f1947927000 rw-p 00000000 00:00 0 
7f1947927000-7f1947cc4000 ---p 00000000 00:00 0 
7f1947cc4000-7f1948554000 rwxp 00000000 00:00 0 
7f1948554000-7f1956cc4000 ---p 00000000 00:00 0 
7f1956cc4000-7f1956cde000 r-xp 00000000 08:02 8012189                    /usr/bin/processing-3.0/java/lib/amd64/libzip.so
7f1956cde000-7f1956ede000 ---p 0001a000 08:02 8012189                    /usr/bin/processing-3.0/java/lib/amd64/libzip.so
7f1956ede000-7f1956edf000 rw-p 0001a000 08:02 8012189                    /usr/bin/processing-3.0/java/lib/amd64/libzip.so
7f1956edf000-7f1956eea000 r-xp 00000000 08:02 13635765                   /lib/x86_64-linux-gnu/libnss_files-2.19.so
7f1956eea000-7f19570e9000 ---p 0000b000 08:02 13635765                   /lib/x86_64-linux-gnu/libnss_files-2.19.so
7f19570e9000-7f19570ea000 r--p 0000a000 08:02 13635765                   /lib/x86_64-linux-gnu/libnss_files-2.19.so
7f19570ea000-7f19570eb000 rw-p 0000b000 08:02 13635765                   /lib/x86_64-linux-gnu/libnss_files-2.19.so
7f19570eb000-7f19570f6000 r-xp 00000000 08:02 13635775                   /lib/x86_64-linux-gnu/libnss_nis-2.19.so
7f19570f6000-7f19572f5000 ---p 0000b000 08:02 13635775                   /lib/x86_64-linux-gnu/libnss_nis-2.19.so
7f19572f5000-7f19572f6000 r--p 0000a000 08:02 13635775                   /lib/x86_64-linux-gnu/libnss_nis-2.19.so
7f19572f6000-7f19572f7000 rw-p 0000b000 08:02 13635775                   /lib/x86_64-linux-gnu/libnss_nis-2.19.so
7f19572f7000-7f195730e000 r-xp 00000000 08:02 13635759                   /lib/x86_64-linux-gnu/libnsl-2.19.so
7f195730e000-7f195750d000 ---p 00017000 08:02 13635759                   /lib/x86_64-linux-gnu/libnsl-2.19.so
7f195750d000-7f195750e000 r--p 00016000 08:02 13635759                   /lib/x86_64-linux-gnu/libnsl-2.19.so
7f195750e000-7f195750f000 rw-p 00017000 08:02 13635759                   /lib/x86_64-linux-gnu/libnsl-2.19.so
7f195750f000-7f1957511000 rw-p 00000000 00:00 0 
7f1957511000-7f195751a000 r-xp 00000000 08:02 13635761                   /lib/x86_64-linux-gnu/libnss_compat-2.19.so
7f195751a000-7f1957719000 ---p 00009000 08:02 13635761                   /lib/x86_64-linux-gnu/libnss_compat-2.19.so
7f1957719000-7f195771a000 r--p 00008000 08:02 13635761                   /lib/x86_64-linux-gnu/libnss_compat-2.19.so
7f195771a000-7f195771b000 rw-p 00009000 08:02 13635761                   /lib/x86_64-linux-gnu/libnss_compat-2.19.so
7f195771b000-7f1957dfd000 r--p 00000000 08:02 6560506                    /usr/lib/locale/locale-archive
7f1957dfd000-7f1957dff000 r-xp 00000000 08:02 8012169                    /usr/bin/processing-3.0/java/lib/amd64/libnpt.so
7f1957dff000-7f1957fff000 ---p 00002000 08:02 8012169                    /usr/bin/processing-3.0/java/lib/amd64/libnpt.so
7f1957fff000-7f1958000000 rw-p 00002000 08:02 8012169                    /usr/bin/processing-3.0/java/lib/amd64/libnpt.so
7f1958000000-7f1958908000 rw-p 00000000 00:00 0 
7f1958908000-7f195c000000 ---p 00000000 00:00 0 
7f195c000000-7f195c001000 r--s 00003000 08:02 8014046                    /usr/bin/processing-3.0/modes/java/mode/jdtCompilerAdapter.jar
7f195c001000-7f195c002000 r--s 00003000 08:02 8014035                    /usr/bin/processing-3.0/modes/java/mode/classpath-explorer-1.0.jar
7f195c002000-7f195c007000 r--s 00068000 08:02 8014043                    /usr/bin/processing-3.0/modes/java/mode/antlr.jar
7f195c007000-7f195c009000 r--s 00002000 08:02 6695836                    /usr/bin/processing-3.0/lib/ant-launcher.jar
7f195c009000-7f195c00b000 r--s 00005000 08:02 4591938                    /home/akelly/sketchbook/libraries/minim/library/mp3spi1.9.5.jar
7f195c00b000-7f195c00c000 r--s 0000b000 08:02 4591937                    /home/akelly/sketchbook/libraries/minim/library/jsminim.jar
7f195c00c000-7f195c010000 r--s 00040000 08:02 4591936                    /home/akelly/sketchbook/libraries/minim/library/jl1.0.1.jar
7f195c010000-7f195c013000 r--s 00017000 08:02 4591933                    /home/akelly/sketchbook/libraries/minim/library/tritonus_share.jar
7f195c013000-7f195c016000 r--s 00016000 08:02 4591932                    /home/akelly/sketchbook/libraries/minim/library/minim.jar
7f195c016000-7f195c01e000 r--s 003d3000 08:02 6569026                    /usr/bin/processing-3.0/core/library/gluegen-java-src.zip
7f195c01e000-7f195c0e3000 rw-p 00000000 00:00 0 
7f195c0e3000-7f195c0e4000 ---p 00000000 00:00 0 
7f195c0e4000-7f195c1e4000 rw-p 00000000 00:00 0                          [stack:8668]
7f195c1e4000-7f195c21d000 r-xp 00000000 08:02 8012184                    /usr/bin/processing-3.0/java/lib/amd64/libjdwp.so
7f195c21d000-7f195c41c000 ---p 00039000 08:02 8012184                    /usr/bin/processing-3.0/java/lib/amd64/libjdwp.so
7f195c41c000-7f195c41e000 rw-p 00038000 08:02 8012184                    /usr/bin/processing-3.0/java/lib/amd64/libjdwp.so
7f195c41e000-7f195c448000 r-xp 00000000 08:02 8012204                    /usr/bin/processing-3.0/java/lib/amd64/libjava.so
7f195c448000-7f195c648000 ---p 0002a000 08:02 8012204                    /usr/bin/processing-3.0/java/lib/amd64/libjava.so
7f195c648000-7f195c64a000 rw-p 0002a000 08:02 8012204                    /usr/bin/processing-3.0/java/lib/amd64/libjava.so
7f195c64a000-7f195c657000 r-xp 00000000 08:02 8012148                    /usr/bin/processing-3.0/java/lib/amd64/libverify.so
7f195c657000-7f195c857000 ---p 0000d000 08:02 8012148                    /usr/bin/processing-3.0/java/lib/amd64/libverify.so
7f195c857000-7f195c859000 rw-p 0000d000 08:02 8012148                    /usr/bin/processing-3.0/java/lib/amd64/libverify.so
7f195c859000-7f195c860000 r-xp 00000000 08:02 13635818                   /lib/x86_64-linux-gnu/librt-2.19.so
7f195c860000-7f195ca5f000 ---p 00007000 08:02 13635818                   /lib/x86_64-linux-gnu/librt-2.19.so
7f195ca5f000-7f195ca60000 r--p 00006000 08:02 13635818                   /lib/x86_64-linux-gnu/librt-2.19.so
7f195ca60000-7f195ca61000 rw-p 00007000 08:02 13635818                   /lib/x86_64-linux-gnu/librt-2.19.so
7f195ca61000-7f195cb66000 r-xp 00000000 08:02 13635740                   /lib/x86_64-linux-gnu/libm-2.19.so
7f195cb66000-7f195cd65000 ---p 00105000 08:02 13635740                   /lib/x86_64-linux-gnu/libm-2.19.so
7f195cd65000-7f195cd66000 r--p 00104000 08:02 13635740                   /lib/x86_64-linux-gnu/libm-2.19.so
7f195cd66000-7f195cd67000 rw-p 00105000 08:02 13635740                   /lib/x86_64-linux-gnu/libm-2.19.so
7f195cd67000-7f195da15000 r-xp 00000000 08:02 8012167                    /usr/bin/processing-3.0/java/lib/amd64/server/libjvm.so
7f195da15000-7f195dc15000 ---p 00cae000 08:02 8012167                    /usr/bin/processing-3.0/java/lib/amd64/server/libjvm.so
7f195dc15000-7f195dcec000 rw-p 00cae000 08:02 8012167                    /usr/bin/processing-3.0/java/lib/amd64/server/libjvm.so
7f195dcec000-7f195dd30000 rw-p 00000000 00:00 0 
7f195dd30000-7f195deeb000 r-xp 00000000 08:02 13635690                   /lib/x86_64-linux-gnu/libc-2.19.so
7f195deeb000-7f195e0ea000 ---p 001bb000 08:02 13635690                   /lib/x86_64-linux-gnu/libc-2.19.so
7f195e0ea000-7f195e0ee000 r--p 001ba000 08:02 13635690                   /lib/x86_64-linux-gnu/libc-2.19.so
7f195e0ee000-7f195e0f0000 rw-p 001be000 08:02 13635690                   /lib/x86_64-linux-gnu/libc-2.19.so
7f195e0f0000-7f195e0f5000 rw-p 00000000 00:00 0 
7f195e0f5000-7f195e0f8000 r-xp 00000000 08:02 13635707                   /lib/x86_64-linux-gnu/libdl-2.19.so
7f195e0f8000-7f195e2f7000 ---p 00003000 08:02 13635707                   /lib/x86_64-linux-gnu/libdl-2.19.so
7f195e2f7000-7f195e2f8000 r--p 00002000 08:02 13635707                   /lib/x86_64-linux-gnu/libdl-2.19.so
7f195e2f8000-7f195e2f9000 rw-p 00003000 08:02 13635707                   /lib/x86_64-linux-gnu/libdl-2.19.so
7f195e2f9000-7f195e30e000 r-xp 00000000 08:02 8012145                    /usr/bin/processing-3.0/java/lib/amd64/jli/libjli.so
7f195e30e000-7f195e50e000 ---p 00015000 08:02 8012145                    /usr/bin/processing-3.0/java/lib/amd64/jli/libjli.so
7f195e50e000-7f195e50f000 rw-p 00015000 08:02 8012145                    /usr/bin/processing-3.0/java/lib/amd64/jli/libjli.so
7f195e50f000-7f195e528000 r-xp 00000000 08:02 13635810                   /lib/x86_64-linux-gnu/libpthread-2.19.so
7f195e528000-7f195e727000 ---p 00019000 08:02 13635810                   /lib/x86_64-linux-gnu/libpthread-2.19.so
7f195e727000-7f195e728000 r--p 00018000 08:02 13635810                   /lib/x86_64-linux-gnu/libpthread-2.19.so
7f195e728000-7f195e729000 rw-p 00019000 08:02 13635810                   /lib/x86_64-linux-gnu/libpthread-2.19.so
7f195e729000-7f195e72d000 rw-p 00000000 00:00 0 
7f195e72d000-7f195e750000 r-xp 00000000 08:02 13635666                   /lib/x86_64-linux-gnu/ld-2.19.so
7f195e750000-7f195e751000 r--s 00002000 08:02 4591935                    /home/akelly/sketchbook/libraries/minim/library/tritonus_aos.jar
7f195e751000-7f195e752000 r--s 00001000 08:02 6569033                    /usr/bin/processing-3.0/core/library/gluegen-rt-natives-macosx-universal.jar
7f195e752000-7f195e754000 r--s 00038000 08:02 6569032                    /usr/bin/processing-3.0/core/library/jogl-all-natives-windows-amd64.jar
7f195e754000-7f195e755000 r--s 00034000 08:02 6569031                    /usr/bin/processing-3.0/core/library/jogl-all-natives-linux-amd64.jar
7f195e755000-7f195e756000 r--s 00001000 08:02 6569036                    /usr/bin/processing-3.0/core/library/gluegen-rt-natives-windows-i586.jar
7f195e756000-7f195e827000 rw-p 00000000 00:00 0 
7f195e827000-7f195e82a000 ---p 00000000 00:00 0 
7f195e82a000-7f195e92c000 rw-p 00000000 00:00 0                          [stack:8666]
7f195e92c000-7f195e932000 r--s 0004a000 08:02 6569021                    /usr/bin/processing-3.0/core/library/gluegen-rt.jar
7f195e932000-7f195e933000 r--s 00000000 08:02 6569035                    /usr/bin/processing-3.0/core/library/gluegen-rt-natives-linux-armv6hf.jar
7f195e933000-7f195e934000 r--s 00031000 08:02 6569019                    /usr/bin/processing-3.0/core/library/jogl-all-natives-windows-i586.jar
7f195e934000-7f195e935000 r--s 00001000 08:02 6569022                    /usr/bin/processing-3.0/core/library/gluegen-rt-natives-windows-amd64.jar
7f195e935000-7f195e937000 r--s 0006c000 08:02 6569020                    /usr/bin/processing-3.0/core/library/jogl-all-natives-macosx-universal.jar
7f195e937000-7f195e93c000 r--s 000f0000 08:02 6569027                    /usr/bin/processing-3.0/core/library/core.jar
7f195e93c000-7f195e93e000 r--s 00000000 08:02 6569025                    /usr/bin/processing-3.0/core/library/gluegen-rt-natives-linux-amd64.jar
7f195e93e000-7f195e93f000 r--s 00026000 08:02 6569028                    /usr/bin/processing-3.0/core/library/jogl-all-natives-linux-armv6hf.jar
7f195e93f000-7f195e940000 r--s 00032000 08:02 6569024                    /usr/bin/processing-3.0/core/library/jogl-all-natives-linux-i586.jar
7f195e940000-7f195e942000 r--s 00000000 08:02 6569023                    /usr/bin/processing-3.0/core/library/gluegen-rt-natives-linux-i586.jar
7f195e942000-7f195e943000 rw-p 00000000 00:00 0 
7f195e943000-7f195e94b000 rw-s 00000000 08:02 4325390                    /tmp/hsperfdata_akelly/8665
7f195e94b000-7f195e94c000 rw-p 00000000 00:00 0 
7f195e94c000-7f195e94d000 r--p 00000000 00:00 0 
7f195e94d000-7f195e94f000 rw-p 00000000 00:00 0 
7f195e94f000-7f195e950000 r--p 00022000 08:02 13635666                   /lib/x86_64-linux-gnu/ld-2.19.so
7f195e950000-7f195e951000 rw-p 00023000 08:02 13635666                   /lib/x86_64-linux-gnu/ld-2.19.so
7f195e951000-7f195e952000 rw-p 00000000 00:00 0 
7fffee898000-7fffee8bb000 rw-p 00000000 00:00 0                          [stack]
7fffee971000-7fffee973000 r--p 00000000 00:00 0                          [vvar]
7fffee973000-7fffee975000 r-xp 00000000 00:00 0                          [vdso]
ffffffffff600000-ffffffffff601000 r-xp 00000000 00:00 0                  [vsyscall]

VM Arguments:
jvm_args: -agentlib:jdwp=transport=dt_socket,address=8499,server=y,suspend=y -Djava.library.path=:/usr/bin/processing-3.0/core/library:/home/akelly/sketchbook/libraries/minim/library:/usr/java/packages/lib/amd64:/usr/lib64:/lib64:/lib:/usr/lib -ea 
java_command: processing.core.PApplet --display=1 --sketch-path=/home/akelly/sketchbook/_audioVisualizer/_audioVisualizer/build build
java_class_path (initial): /home/akelly/sketchbook/_audioVisualizer/_audioVisualizer/build/build-tmp:/usr/bin/processing-3.0/core/library/gluegen-rt-natives-linux-i586.jar:/usr/bin/processing-3.0/core/library/jogl-all-natives-linux-i586.jar:/usr/bin/processing-3.0/core/library/jogl-all-natives-linux-armv6hf.jar:/usr/bin/processing-3.0/core/library/gluegen-rt-natives-linux-amd64.jar:/usr/bin/processing-3.0/core/library/core.jar:/usr/bin/processing-3.0/core/library/jogl-all-natives-macosx-universal.jar:/usr/bin/processing-3.0/core/library/gluegen-rt-natives-windows-amd64.jar:/usr/bin/processing-3.0/core/library/jogl-all-natives-windows-i586.jar:/usr/bin/processing-3.0/core/library/gluegen-rt-natives-linux-armv6hf.jar:/usr/bin/processing-3.0/core/library/gluegen-rt.jar:/usr/bin/processing-3.0/core/library/gluegen-rt-natives-windows-i586.jar:/usr/bin/processing-3.0/core/library/jogl-all.jar:/usr/bin/processing-3.0/core/library/jogl-all-natives-linux-amd64.jar:/usr/bin/processing-3.0/core/library/jogl-all-natives-windows-amd64.jar:/usr/bin/processing-3.0/core/library/gluegen-java-src.zip:/usr/bin/processing-3.0/core/library/jogl-java-src.zip:/usr/bin/processing-3.0/core/library/gluegen-rt-natives-macosx-universal.jar:/usr/bin/processing-3.0/core/library/gluegen-rt-natives-linux-i586.jar:/usr/bin/processing-3.0/core/library/jogl-all-natives-linux-i586.jar:/usr/bin/processing-3.0/core/library/jogl-all-natives-linux-armv6hf.jar:/usr/bin/processing-3.0/core/library/gluegen-rt-natives-linux-amd64.jar:/usr/bin/processing-3.0/core/library/core.jar:/usr/bin/processing-3.0/core/library/jogl-all-natives-macosx-universal.jar:/usr/bin/processing-3.0/core/library/gluegen-rt-natives-windows-amd64.jar:/usr/bin/processing-3.0/core/library/jogl-all-natives-windows-i586.jar:/usr/bin/processing-3.0/core/library/gluegen-rt-natives-linux-armv6hf.jar:/usr/bin/processing-3.0/core/library/gluegen-rt.jar:/usr/bin/processing-3.0/core/library/gluegen-rt-natives-windows-i586.jar:/usr/bin/processi
Launcher Type: SUN_STANDARD

Environment Variables:
PATH=/usr/bin/processing-3.0/java/bin:/usr/local/sbin:/usr/local/bin:/usr/sbin:/usr/bin:/sbin:/bin:/usr/games:/usr/local/games
SHELL=/bin/bash
DISPLAY=:0

Signal Handlers:
SIGSEGV: [libjvm.so+0xaad540], sa_mask[0]=11111111011111111101111111111110, sa_flags=SA_RESTART|SA_SIGINFO
SIGBUS: [libjvm.so+0xaad540], sa_mask[0]=11111111011111111101111111111110, sa_flags=SA_RESTART|SA_SIGINFO
SIGFPE: [libjvm.so+0x90b6b0], sa_mask[0]=11111111011111111101111111111110, sa_flags=SA_RESTART|SA_SIGINFO
SIGPIPE: [libjvm.so+0x90b6b0], sa_mask[0]=11111111011111111101111111111110, sa_flags=SA_RESTART|SA_SIGINFO
SIGXFSZ: [libjvm.so+0x90b6b0], sa_mask[0]=11111111011111111101111111111110, sa_flags=SA_RESTART|SA_SIGINFO
SIGILL: [libjvm.so+0x90b6b0], sa_mask[0]=11111111011111111101111111111110, sa_flags=SA_RESTART|SA_SIGINFO
SIGUSR1: SIG_DFL, sa_mask[0]=00000000000000000000000000000000, sa_flags=none
SIGUSR2: [libjvm.so+0x90ccf0], sa_mask[0]=00100000000000000000000000000000, sa_flags=SA_RESTART|SA_SIGINFO
SIGHUP: [libjvm.so+0x90e040], sa_mask[0]=11111111011111111101111111111110, sa_flags=SA_RESTART|SA_SIGINFO
SIGINT: [libjvm.so+0x90e040], sa_mask[0]=11111111011111111101111111111110, sa_flags=SA_RESTART|SA_SIGINFO
SIGTERM: [libjvm.so+0x90e040], sa_mask[0]=11111111011111111101111111111110, sa_flags=SA_RESTART|SA_SIGINFO
SIGQUIT: [libjvm.so+0x90e040], sa_mask[0]=11111111011111111101111111111110, sa_flags=SA_RESTART|SA_SIGINFO


---------------  S Y S T E M  ---------------

OS:DISTRIB_ID=Ubuntu
DISTRIB_RELEASE=14.04
DISTRIB_CODENAME=trusty
DISTRIB_DESCRIPTION="Ubuntu 14.04.3 LTS"

uname:Linux 3.19.0-28-generic #30~14.04.1-Ubuntu SMP Tue Sep 1 09:32:55 UTC 2015 x86_64
libc:glibc 2.19 NPTL 2.19 
rlimit: STACK 8192k, CORE 0k, NPROC 63284, NOFILE 4096, AS infinity
load average:2.06 2.36 2.61

/proc/meminfo:
MemTotal:       16309452 kB
MemFree:        10806668 kB
MemAvailable:   12005268 kB
Buffers:          116420 kB
Cached:          1650204 kB
SwapCached:           48 kB
Active:          4525744 kB
Inactive:         708244 kB
Active(anon):    3598176 kB
Inactive(anon):   311832 kB
Active(file):     927568 kB
Inactive(file):   396412 kB
Unevictable:          92 kB
Mlocked:              92 kB
SwapTotal:      16653308 kB
SwapFree:       16584364 kB
Dirty:               260 kB
Writeback:             0 kB
AnonPages:       3467624 kB
Mapped:           586480 kB
Shmem:            442648 kB
Slab:             128748 kB
SReclaimable:      87128 kB
SUnreclaim:        41620 kB
KernelStack:       10880 kB
PageTables:        53652 kB
NFS_Unstable:          0 kB
Bounce:                0 kB
WritebackTmp:          0 kB
CommitLimit:    24808032 kB
Committed_AS:    9555388 kB
VmallocTotal:   34359738367 kB
VmallocUsed:      384844 kB
VmallocChunk:   34359343192 kB
HardwareCorrupted:     0 kB
AnonHugePages:   1198080 kB
CmaTotal:              0 kB
CmaFree:               0 kB
HugePages_Total:       0
HugePages_Free:        0
HugePages_Rsvd:        0
HugePages_Surp:        0
Hugepagesize:       2048 kB
DirectMap4k:      200108 kB
DirectMap2M:    12259328 kB
DirectMap1G:     4194304 kB


CPU:total 4 (2 cores per cpu, 2 threads per core) family 6 model 61 stepping 4, cmov, cx8, fxsr, mmx, sse, sse2, sse3, ssse3, sse4.1, sse4.2, popcnt, avx, avx2, aes, clmul, erms, rtm, 3dnowpref, lzcnt, ht, tsc, tscinvbit, bmi1, bmi2, adx

/proc/cpuinfo:
processor	: 0
vendor_id	: GenuineIntel
cpu family	: 6
model		: 61
model name	: Intel(R) Core(TM) i7-5600U CPU @ 2.60GHz
stepping	: 4
microcode	: 0x19
cpu MHz		: 2271.242
cache size	: 4096 KB
physical id	: 0
siblings	: 4
core id		: 0
cpu cores	: 2
apicid		: 0
initial apicid	: 0
fpu		: yes
fpu_exception	: yes
cpuid level	: 20
wp		: yes
flags		: fpu vme de pse tsc msr pae mce cx8 apic sep mtrr pge mca cmov pat pse36 clflush dts acpi mmx fxsr sse sse2 ss ht tm pbe syscall nx pdpe1gb rdtscp lm constant_tsc arch_perfmon pebs bts rep_good nopl xtopology nonstop_tsc aperfmperf eagerfpu pni pclmulqdq dtes64 monitor ds_cpl vmx smx est tm2 ssse3 fma cx16 xtpr pdcm pcid sse4_1 sse4_2 x2apic movbe popcnt tsc_deadline_timer aes xsave avx f16c rdrand lahf_lm abm 3dnowprefetch ida arat epb pln pts dtherm tpr_shadow vnmi flexpriority ept vpid fsgsbase tsc_adjust bmi1 hle avx2 smep bmi2 erms invpcid rtm rdseed adx smap xsaveopt
bugs		:
bogomips	: 5188.48
clflush size	: 64
cache_alignment	: 64
address sizes	: 39 bits physical, 48 bits virtual
power management:

processor	: 1
vendor_id	: GenuineIntel
cpu family	: 6
model		: 61
model name	: Intel(R) Core(TM) i7-5600U CPU @ 2.60GHz
stepping	: 4
microcode	: 0x19
cpu MHz		: 2175.875
cache size	: 4096 KB
physical id	: 0
siblings	: 4
core id		: 0
cpu cores	: 2
apicid		: 1
initial apicid	: 1
fpu		: yes
fpu_exception	: yes
cpuid level	: 20
wp		: yes
flags		: fpu vme de pse tsc msr pae mce cx8 apic sep mtrr pge mca cmov pat pse36 clflush dts acpi mmx fxsr sse sse2 ss ht tm pbe syscall nx pdpe1gb rdtscp lm constant_tsc arch_perfmon pebs bts rep_good nopl xtopology nonstop_tsc aperfmperf eagerfpu pni pclmulqdq dtes64 monitor ds_cpl vmx smx est tm2 ssse3 fma cx16 xtpr pdcm pcid sse4_1 sse4_2 x2apic movbe popcnt tsc_deadline_timer aes xsave avx f16c rdrand lahf_lm abm 3dnowprefetch ida arat epb pln pts dtherm tpr_shadow vnmi flexpriority ept vpid fsgsbase tsc_adjust bmi1 hle avx2 smep bmi2 erms invpcid rtm rdseed adx smap xsaveopt
bugs		:
bogomips	: 5188.48
clflush size	: 64
cache_alignment	: 64
address sizes	: 39 bits physical, 48 bits virtual
power management:

processor	: 2
vendor_id	: GenuineIntel
cpu family	: 6
model		: 61
model name	: Intel(R) Core(TM) i7-5600U CPU @ 2.60GHz
stepping	: 4
microcode	: 0x19
cpu MHz		: 2176.281
cache size	: 4096 KB
physical id	: 0
siblings	: 4
core id		: 1
cpu cores	: 2
apicid		: 2
initial apicid	: 2
fpu		: yes
fpu_exception	: yes
cpuid level	: 20
wp		: yes
flags		: fpu vme de pse tsc msr pae mce cx8 apic sep mtrr pge mca cmov pat pse36 clflush dts acpi mmx fxsr sse sse2 ss ht tm pbe syscall nx pdpe1gb rdtscp lm constant_tsc arch_perfmon pebs bts rep_good nopl xtopology nonstop_tsc aperfmperf eagerfpu pni pclmulqdq dtes64 monitor ds_cpl vmx smx est tm2 ssse3 fma cx16 xtpr pdcm pcid sse4_1 sse4_2 x2apic movbe popcnt tsc_deadline_timer aes xsave avx f16c rdrand lahf_lm abm 3dnowprefetch ida arat epb pln pts dtherm tpr_shadow vnmi flexpriority ept vpid fsgsbase tsc_adjust bmi1 hle avx2 smep bmi2 erms invpcid rtm rdseed adx smap xsaveopt
bugs		:
bogomips	: 5188.48
clflush size	: 64
cache_alignment	: 64
address sizes	: 39 bits physical, 48 bits virtual
power management:

processor	: 3
vendor_id	: GenuineIntel
cpu family	: 6
model		: 61
model name	: Intel(R) Core(TM) i7-5600U CPU @ 2.60GHz
stepping	: 4
microcode	: 0x19
cpu MHz		: 2238.437
cache size	: 4096 KB
physical id	: 0
siblings	: 4
core id		: 1
cpu cores	: 2
apicid		: 3
initial apicid	: 3
fpu		: yes
fpu_exception	: yes
cpuid level	: 20
wp		: yes
flags		: fpu vme de pse tsc msr pae mce cx8 apic sep mtrr pge mca cmov pat pse36 clflush dts acpi mmx fxsr sse sse2 ss ht tm pbe syscall nx pdpe1gb rdtscp lm constant_tsc arch_perfmon pebs bts rep_good nopl xtopology nonstop_tsc aperfmperf eagerfpu pni pclmulqdq dtes64 monitor ds_cpl vmx smx est tm2 ssse3 fma cx16 xtpr pdcm pcid sse4_1 sse4_2 x2apic movbe popcnt tsc_deadline_timer aes xsave avx f16c rdrand lahf_lm abm 3dnowprefetch ida arat epb pln pts dtherm tpr_shadow vnmi flexpriority ept vpid fsgsbase tsc_adjust bmi1 hle avx2 smep bmi2 erms invpcid rtm rdseed adx smap xsaveopt
bugs		:
bogomips	: 5188.48
clflush size	: 64
cache_alignment	: 64
address sizes	: 39 bits physical, 48 bits virtual
power management:



Memory: 4k page, physical 16309452k(10806668k free), swap 16653308k(16584364k free)

vm_info: Java HotSpot(TM) 64-Bit Server VM (25.51-b03) for linux-amd64 JRE (1.8.0_51-b16), built on Jun  8 2015 19:28:07 by "java_re" with gcc 4.3.0 20080428 (Red Hat 4.3.0-8)

time: Sat Oct 10 15:51:34 2015
elapsed time: 119 seconds (0d 0h 1m 59s)

