#
# A fatal error has been detected by the Java Runtime Environment:
#
#  SIGSEGV (0xb) at pc=0x00007fda1903b998, pid=8775, tid=140575160903424
#
# JRE version: Java(TM) SE Runtime Environment (8.0_51-b16) (build 1.8.0_51-b16)
# Java VM: Java HotSpot(TM) 64-Bit Server VM (25.51-b03 mixed mode linux-amd64 compressed oops)
# Problematic frame:
# C  [i965_dri.so+0x3c9998]
#
# Failed to write core dump. Core dumps have been disabled. To enable core dumping, try "ulimit -c unlimited" before starting Java again
#
# If you would like to submit a bug report, please visit:
#   http://bugreport.java.com/bugreport/crash.jsp
# The crash happened outside the Java Virtual Machine in native code.
# See problematic frame for where to report the bug.
#

---------------  T H R E A D  ---------------

Current thread (0x00007fda906c3800):  JavaThread "main-Display-.x11_:0-1-EDT-1" daemon [_thread_in_native, id=8815, stack(0x00007fda3477a000,0x00007fda3487b000)]

siginfo: si_signo: 11 (SIGSEGV), si_code: 1 (SEGV_MAPERR), si_addr: 0x0000000100000000

Registers:
RAX=0x00007fda1903b990, RBX=0x00007fd9fc04f7c0, RCX=0x0000000000000000, RDX=0x0000000000000001
RSP=0x00007fda34878410, RBP=0x00007fda140220d0, RSI=0x00007fd9fc04f8a0, RDI=0x0000000100000000
R8 =0x0000000000000000, R9 =0x00007fda34127fc0, R10=0x00007fda80f623c7, R11=0x00007fda7c5f2000
R12=0x00007fda1401fb90, R13=0x0000000000000000, R14=0x00007fda140232c0, R15=0x0000000000000000
RIP=0x00007fda1903b998, EFLAGS=0x0000000000010202, CSGSFS=0x0000000000000033, ERR=0x0000000000000004
  TRAPNO=0x000000000000000e

Top of Stack: (sp=0x00007fda34878410)
0x00007fda34878410:   00007fda34878500 0000000000000000
0x00007fda34878420:   00007fd9fc04f7c0 00007fda140220d0
0x00007fda34878430:   00007fda1401fb90 00007fda3412804e
0x00007fda34878440:   00007fda34878478 00007fda34375660
0x00007fda34878450:   00007fda14014b10 00007fda00000000
0x00007fda34878460:   0000000000000000 0000000000000000
0x00007fda34878470:   00007fdad8e6f54a 00007fd9fc04f7c0
0x00007fda34878480:   0000000003e00002 00000007c0122058
0x00007fda34878490:   00007fda34878500 0000000000000000
0x00007fda348784a0:   00007fda34878798 00007fda34878540
0x00007fda348784b0:   00007fda906c3800 00007fda1a755ba7
0x00007fda348784c0:   00000006c720fdb8 00007fda34101ab0
0x00007fda348784d0:   0000000003e00002 00007fda14014b10
0x00007fda348784e0:   00007fda34878540 00007fda906c39f8
0x00007fda348784f0:   00007fda344a92e8 00007fda34101ab0
0x00007fda34878500:   00007fda34878550 00007fda80f6243d
0x00007fda34878510:   fffffffe00000000 0000000000000000
0x00007fda34878520:   00000006c737aa40 00000006c737aa50
0x00007fda34878530:   00000000000003d8 00007fda90664d90
0x00007fda34878540:   00000006c7315458 00000007c0169668
0x00007fda34878550:   00007fda348787e0 00007fda80f654bc
0x00007fda34878560:   00000006c720fdb8 00000006c7234aa8
0x00007fda34878570:   fffffffe00000000 0000000000000000
0x00007fda34878580:   0000000000000031 00000006c737aa50
0x00007fda34878590:   00007fda34878798 00007fda807e0f03
0x00007fda348785a0:   00007fda348787e0 00007fda80d1fa34
0x00007fda348785b0:   00007fda348787e0 00007fda34878798
0x00007fda348785c0:   0000000000000031 00000006c7234aa8
0x00007fda348785d0:   00000006c737aa30 00007fda00000000
0x00007fda348785e0:   00007fda348787e0 00007fda80e8c324
0x00007fda348785f0:   00007fda34878798 00007fda807e0f03
0x00007fda34878600:   00007fda807b85d0 00007fda00000000 

Instructions: (pc=0x00007fda1903b998)
0x00007fda1903b978:   0f 1f 84 00 00 00 00 00 48 83 c4 10 5b 5d 41 5c
0x00007fda1903b988:   c3 0f 1f 80 00 00 00 00 41 54 55 53 48 83 ec 10
0x00007fda1903b998:   48 8b 1f 48 85 db 74 3d f6 83 48 05 00 00 01 49
0x00007fda1903b9a8:   89 f4 89 cd 75 72 83 e2 01 75 5d 83 e5 fd 74 38 

Register to memory mapping:

RAX=0x00007fda1903b990: <offset 0x3c9990> in /usr/lib/x86_64-linux-gnu/dri/i965_dri.so at 0x00007fda18c72000
RBX=0x00007fd9fc04f7c0 is an unknown value
RCX=0x0000000000000000 is an unknown value
RDX=0x0000000000000001 is an unknown value
RSP=0x00007fda34878410 is pointing into the stack for thread: 0x00007fda906c3800
RBP=0x00007fda140220d0 is an unknown value
RSI=0x00007fd9fc04f8a0 is an unknown value
RDI=0x0000000100000000 is an unknown value
R8 =0x0000000000000000 is an unknown value
R9 =0x00007fda34127fc0: <offset 0x42fc0> in /usr/lib/x86_64-linux-gnu/mesa/libGL.so.1 at 0x00007fda340e5000
R10=0x00007fda80f623c7 is at entry_point+71 in (nmethod*)0x00007fda80f62210
R11=0x00007fda7c5f2000 is an unknown value
R12=0x00007fda1401fb90 is an unknown value
R13=0x0000000000000000 is an unknown value
R14=0x00007fda140232c0 is an unknown value
R15=0x0000000000000000 is an unknown value


Stack: [0x00007fda3477a000,0x00007fda3487b000],  sp=0x00007fda34878410,  free space=1017k
Native frames: (J=compiled Java code, j=interpreted, Vv=VM code, C=native code)
C  [i965_dri.so+0x3c9998]

Java frames: (J=compiled Java code, j=interpreted, Vv=VM code)
J 1927  jogamp.opengl.x11.glx.GLX.dispatch_glXSwapBuffers0(JJJ)V (0 bytes) @ 0x00007fda80f623c7 [0x00007fda80f62380+0x47]
J 1926 C1 jogamp.opengl.x11.glx.GLX.glXSwapBuffers(JJ)V (45 bytes) @ 0x00007fda80f654bc [0x00007fda80f64aa0+0xa1c]
J 1925 C1 jogamp.opengl.x11.glx.X11GLXDrawable.swapBuffersImpl(Z)V (21 bytes) @ 0x00007fda80f6460c [0x00007fda80f64360+0x2ac]
J 1924 C1 jogamp.opengl.GLDrawableImpl.swapBuffers()V (138 bytes) @ 0x00007fda80f62ef4 [0x00007fda80f62820+0x6d4]
j  jogamp.opengl.GLAutoDrawableBase.defaultSwapBuffers()V+23
j  com.jogamp.newt.opengl.GLWindow.swapBuffers()V+1
j  processing.opengl.PJOGL.swapBuffers()V+15
j  processing.opengl.PGraphicsOpenGL.dispose()V+15
j  processing.core.PApplet.dispose()V+28
j  processing.opengl.PSurfaceJOGL$NEWTWindowListener.windowDestroyNotify(Lcom/jogamp/newt/event/WindowEvent;)V+7
j  jogamp.newt.WindowImpl.consumeWindowEvent(Lcom/jogamp/newt/event/WindowEvent;)V+254
j  jogamp.newt.WindowImpl.sendWindowEvent(I)V+14
j  jogamp.newt.WindowImpl$1.run()V+143
j  jogamp.newt.DisplayImpl.runOnEDTIfAvail(ZLjava/lang/Runnable;)V+172
j  jogamp.newt.WindowImpl.runOnEDTIfAvail(ZLjava/lang/Runnable;)V+36
j  jogamp.newt.WindowImpl.destroy()V+11
j  com.jogamp.newt.opengl.GLWindow.destroy()V+4
j  jogamp.opengl.GLAutoDrawableBase.destroyAvoidAwareOfLocking()V+31
j  jogamp.opengl.GLAutoDrawableBase.defaultWindowDestroyNotifyOp()V+43
j  com.jogamp.newt.opengl.GLWindow.access$000(Lcom/jogamp/newt/opengl/GLWindow;)V+1
j  com.jogamp.newt.opengl.GLWindow$1.run()V+4
j  jogamp.newt.WindowImpl.windowDestroyNotify(Z)Z+147
v  ~StubRoutines::call_stub
J 1715  jogamp.newt.driver.x11.DisplayDriver.DispatchMessages0(JJJII)V (0 bytes) @ 0x00007fda80e5c7ff [0x00007fda80e5c7c0+0x3f]
J 1714 C1 jogamp.newt.driver.x11.DisplayDriver.dispatchMessagesNative()V (66 bytes) @ 0x00007fda80e5cf54 [0x00007fda80e5cbc0+0x394]
J 1530 C1 jogamp.newt.DisplayImpl.dispatchMessages()V (116 bytes) @ 0x00007fda80d6baf4 [0x00007fda80d6b740+0x3b4]
J 1529 C1 jogamp.newt.DisplayImpl$7.run()V (8 bytes) @ 0x00007fda80d6b374 [0x00007fda80d6b300+0x74]
j  jogamp.newt.DefaultEDTUtil$NEDT.run()V+67
v  ~StubRoutines::call_stub

---------------  P R O C E S S  ---------------

Java Threads: ( => current thread )
  0x00007fd9fc12e800 JavaThread "Thread-6" [_thread_blocked, id=8837, stack(0x00007fda0e519000,0x00007fda0e61a000)]
  0x00007fd9fc11d800 JavaThread "Java Sound Event Dispatcher" daemon [_thread_blocked, id=8832, stack(0x00007fda0e61a000,0x00007fda0e71b000)]
  0x00007fda9000f800 JavaThread "DestroyJavaVM" [_thread_blocked, id=8776, stack(0x00007fda97188000,0x00007fda97289000)]
  0x00007fda9072d000 JavaThread "Thread-2" [_thread_blocked, id=8818, stack(0x00007fda1802f000,0x00007fda18130000)]
  0x00007fda90722000 JavaThread "main-SharedResourceRunner" daemon [_thread_blocked, id=8817, stack(0x00007fda193f5000,0x00007fda194f6000)]
  0x00007fda906f8000 JavaThread "main-SharedResourceRunner" daemon [_thread_blocked, id=8816, stack(0x00007fda1a5bc000,0x00007fda1a6bd000)]
=>0x00007fda906c3800 JavaThread "main-Display-.x11_:0-1-EDT-1" daemon [_thread_in_native, id=8815, stack(0x00007fda3477a000,0x00007fda3487b000)]
  0x00007fda90526000 JavaThread "process reaper" daemon [_thread_blocked, id=8808, stack(0x00007fda35f97000,0x00007fda35fd0000)]
  0x00007fda902cc000 JavaThread "AWT-XAWT" daemon [_thread_in_native, id=8804, stack(0x00007fda364cf000,0x00007fda365d0000)]
  0x00007fda902ac000 JavaThread "Java2D Disposer" daemon [_thread_blocked, id=8803, stack(0x00007fda74082000,0x00007fda74183000)]
  0x00007fda900d8800 JavaThread "Service Thread" daemon [_thread_blocked, id=8801, stack(0x00007fda747af000,0x00007fda748b0000)]
  0x00007fda900d3000 JavaThread "C1 CompilerThread2" daemon [_thread_blocked, id=8800, stack(0x00007fda748b0000,0x00007fda749b1000)]
  0x00007fda900d1800 JavaThread "C2 CompilerThread1" daemon [_thread_blocked, id=8799, stack(0x00007fda749b1000,0x00007fda74ab2000)]
  0x00007fda900ce800 JavaThread "C2 CompilerThread0" daemon [_thread_blocked, id=8798, stack(0x00007fda74ab2000,0x00007fda74bb3000)]
  0x00007fda54001000 JavaThread "JDWP Command Reader" daemon [_thread_in_native, id=8792, stack(0x00007fda74bb3000,0x00007fda74cb4000)]
  0x00007fda900cc800 JavaThread "JDWP Event Helper Thread" daemon [_thread_blocked, id=8787, stack(0x00007fda74cb4000,0x00007fda74db5000)]
  0x00007fda900c9000 JavaThread "JDWP Transport Listener: dt_socket" daemon [_thread_blocked, id=8786, stack(0x00007fda74db5000,0x00007fda74eb6000)]
  0x00007fda900bb800 JavaThread "Signal Dispatcher" daemon [_thread_blocked, id=8785, stack(0x00007fda750ba000,0x00007fda751bb000)]
  0x00007fda90084800 JavaThread "Finalizer" daemon [_thread_blocked, id=8784, stack(0x00007fda751bb000,0x00007fda752bc000)]
  0x00007fda90082800 JavaThread "Reference Handler" daemon [_thread_blocked, id=8783, stack(0x00007fda752bc000,0x00007fda753bd000)]

Other Threads:
  0x00007fda9007d000 VMThread [stack: 0x00007fda753bd000,0x00007fda754be000] [id=8782]
  0x00007fda900db800 WatcherThread [stack: 0x00007fda746ae000,0x00007fda747af000] [id=8802]

VM state:not at safepoint (normal execution)

VM Mutex/Monitor currently owned by a thread: None

Heap:
 PSYoungGen      total 432640K, used 94733K [0x000000076d100000, 0x000000078c080000, 0x00000007c0000000)
  eden space 432128K, 21% used [0x000000076d100000,0x0000000772d6b4c8,0x0000000787700000)
  from space 512K, 18% used [0x000000078c000000,0x000000078c018000,0x000000078c080000)
  to   space 9728K, 0% used [0x000000078ad80000,0x000000078ad80000,0x000000078b700000)
 ParOldGen       total 171008K, used 4858K [0x00000006c7200000, 0x00000006d1900000, 0x000000076d100000)
  object space 171008K, 2% used [0x00000006c7200000,0x00000006c76bea88,0x00000006d1900000)
 Metaspace       used 17635K, capacity 17870K, committed 18048K, reserved 1064960K
  class space    used 1568K, capacity 1662K, committed 1664K, reserved 1048576K

Card table byte_map: [0x00007fda7fc2b000,0x00007fda803f3000] byte_map_base: 0x00007fda7c5f2000

Marking Bits: (ParMarkBitMap*) 0x00007fda96666660
 Begin Bits: [0x00007fda77687000, 0x00007fda7b4bf000)
 End Bits:   [0x00007fda7b4bf000, 0x00007fda7f2f7000)

Polling page: 0x00007fda972ad000

CodeCache: size=245760Kb used=8277Kb max_used=8290Kb free=237482Kb
 bounds [0x00007fda807b3000, 0x00007fda80fe3000, 0x00007fda8f7b3000]
 total_blobs=3000 nmethods=2045 adapters=877
 compilation: enabled

Compilation events (10 events):
Event: 19.991 Thread 0x00007fda900d1800 2060       4       processing.opengl.PJOGL::bufferData (16 bytes)
Event: 19.992 Thread 0x00007fda900ce800 2061       4       jogamp.opengl.gl4.GL4bcImpl::glBufferData (24 bytes)
Event: 19.993 Thread 0x00007fda900d1800 nmethod 2060 0x00007fda80fd1250 code [0x00007fda80fd13c0, 0x00007fda80fd15a8]
Event: 19.993 Thread 0x00007fda900d1800 2062       4       jogamp.opengl.gl4.GL4bcImpl$1::create (14 bytes)
Event: 19.993 Thread 0x00007fda900ce800 nmethod 2061 0x00007fda80fc4f10 code [0x00007fda80fc5060, 0x00007fda80fc5188]
Event: 19.997 Thread 0x00007fda900d1800 nmethod 2062 0x00007fda80fcf310 code [0x00007fda80fcf480, 0x00007fda80fcf888]
Event: 20.026 Thread 0x00007fda900ce800 2063       4       jogamp.opengl.gl4.GL4bcImpl::checkBufferObject (186 bytes)
Event: 20.026 Thread 0x00007fda900d1800 2064   !   4       jogamp.common.util.locks.RecursiveLockImpl01Unfairish::tryLock (582 bytes)
Event: 20.029 Thread 0x00007fda900ce800 nmethod 2063 0x00007fda80fce910 code [0x00007fda80fcea80, 0x00007fda80fcee98]
Event: 20.030 Thread 0x00007fda900d1800 nmethod 2064 0x00007fda80fd2a10 code [0x00007fda80fd2b80, 0x00007fda80fd3078]

GC Heap History (10 events):
Event: 8.558 GC heap before
{Heap before GC invocations=8 (full 0):
 PSYoungGen      total 266752K, used 258176K [0x000000076d100000, 0x000000078dc00000, 0x00000007c0000000)
  eden space 258048K, 100% used [0x000000076d100000,0x000000077cd00000,0x000000077cd00000)
  from space 8704K, 1% used [0x000000077cd00000,0x000000077cd20000,0x000000077d580000)
  to   space 9728K, 0% used [0x000000078d280000,0x000000078d280000,0x000000078dc00000)
 ParOldGen       total 171008K, used 4786K [0x00000006c7200000, 0x00000006d1900000, 0x000000076d100000)
  object space 171008K, 2% used [0x00000006c7200000,0x00000006c76aca88,0x00000006d1900000)
 Metaspace       used 17519K, capacity 17742K, committed 18048K, reserved 1064960K
  class space    used 1568K, capacity 1662K, committed 1664K, reserved 1048576K
Event: 8.566 GC heap after
Heap after GC invocations=8 (full 0):
 PSYoungGen      total 525824K, used 128K [0x000000076d100000, 0x000000078dc00000, 0x00000007c0000000)
  eden space 516096K, 0% used [0x000000076d100000,0x000000076d100000,0x000000078c900000)
  from space 9728K, 1% used [0x000000078d280000,0x000000078d2a0000,0x000000078dc00000)
  to   space 9728K, 0% used [0x000000078c900000,0x000000078c900000,0x000000078d280000)
 ParOldGen       total 171008K, used 4802K [0x00000006c7200000, 0x00000006d1900000, 0x000000076d100000)
  object space 171008K, 2% used [0x00000006c7200000,0x00000006c76b0a88,0x00000006d1900000)
 Metaspace       used 17519K, capacity 17742K, committed 18048K, reserved 1064960K
  class space    used 1568K, capacity 1662K, committed 1664K, reserved 1048576K
}
Event: 11.615 GC heap before
{Heap before GC invocations=9 (full 0):
 PSYoungGen      total 525824K, used 516224K [0x000000076d100000, 0x000000078dc00000, 0x00000007c0000000)
  eden space 516096K, 100% used [0x000000076d100000,0x000000078c900000,0x000000078c900000)
  from space 9728K, 1% used [0x000000078d280000,0x000000078d2a0000,0x000000078dc00000)
  to   space 9728K, 0% used [0x000000078c900000,0x000000078c900000,0x000000078d280000)
 ParOldGen       total 171008K, used 4802K [0x00000006c7200000, 0x00000006d1900000, 0x000000076d100000)
  object space 171008K, 2% used [0x00000006c7200000,0x00000006c76b0a88,0x00000006d1900000)
 Metaspace       used 17629K, capacity 17870K, committed 18048K, reserved 1064960K
  class space    used 1568K, capacity 1662K, committed 1664K, reserved 1048576K
Event: 11.617 GC heap after
Heap after GC invocations=9 (full 0):
 PSYoungGen      total 494080K, used 64K [0x000000076d100000, 0x000000078d300000, 0x00000007c0000000)
  eden space 493568K, 0% used [0x000000076d100000,0x000000076d100000,0x000000078b300000)
  from space 512K, 12% used [0x000000078c900000,0x000000078c910000,0x000000078c980000)
  to   space 9728K, 0% used [0x000000078c980000,0x000000078c980000,0x000000078d300000)
 ParOldGen       total 171008K, used 4810K [0x00000006c7200000, 0x00000006d1900000, 0x000000076d100000)
  object space 171008K, 2% used [0x00000006c7200000,0x00000006c76b2a88,0x00000006d1900000)
 Metaspace       used 17629K, capacity 17870K, committed 18048K, reserved 1064960K
  class space    used 1568K, capacity 1662K, committed 1664K, reserved 1048576K
}
Event: 14.447 GC heap before
{Heap before GC invocations=10 (full 0):
 PSYoungGen      total 494080K, used 493632K [0x000000076d100000, 0x000000078d300000, 0x00000007c0000000)
  eden space 493568K, 100% used [0x000000076d100000,0x000000078b300000,0x000000078b300000)
  from space 512K, 12% used [0x000000078c900000,0x000000078c910000,0x000000078c980000)
  to   space 9728K, 0% used [0x000000078c980000,0x000000078c980000,0x000000078d300000)
 ParOldGen       total 171008K, used 4810K [0x00000006c7200000, 0x00000006d1900000, 0x000000076d100000)
  object space 171008K, 2% used [0x00000006c7200000,0x00000006c76b2a88,0x00000006d1900000)
 Metaspace       used 17635K, capacity 17870K, committed 18048K, reserved 1064960K
  class space    used 1568K, capacity 1662K, committed 1664K, reserved 1048576K
Event: 14.449 GC heap after
Heap after GC invocations=10 (full 0):
 PSYoungGen      total 472576K, used 96K [0x000000076d100000, 0x000000078ca00000, 0x00000007c0000000)
  eden space 472064K, 0% used [0x000000076d100000,0x000000076d100000,0x0000000789e00000)
  from space 512K, 18% used [0x000000078c980000,0x000000078c998000,0x000000078ca00000)
  to   space 10240K, 0% used [0x000000078b600000,0x000000078b600000,0x000000078c000000)
 ParOldGen       total 171008K, used 4818K [0x00000006c7200000, 0x00000006d1900000, 0x000000076d100000)
  object space 171008K, 2% used [0x00000006c7200000,0x00000006c76b4a88,0x00000006d1900000)
 Metaspace       used 17635K, capacity 17870K, committed 18048K, reserved 1064960K
  class space    used 1568K, capacity 1662K, committed 1664K, reserved 1048576K
}
Event: 17.161 GC heap before
{Heap before GC invocations=11 (full 0):
 PSYoungGen      total 472576K, used 472160K [0x000000076d100000, 0x000000078ca00000, 0x00000007c0000000)
  eden space 472064K, 100% used [0x000000076d100000,0x0000000789e00000,0x0000000789e00000)
  from space 512K, 18% used [0x000000078c980000,0x000000078c998000,0x000000078ca00000)
  to   space 10240K, 0% used [0x000000078b600000,0x000000078b600000,0x000000078c000000)
 ParOldGen       total 171008K, used 4818K [0x00000006c7200000, 0x00000006d1900000, 0x000000076d100000)
  object space 171008K, 2% used [0x00000006c7200000,0x00000006c76b4a88,0x00000006d1900000)
 Metaspace       used 17635K, capacity 17870K, committed 18048K, reserved 1064960K
  class space    used 1568K, capacity 1662K, committed 1664K, reserved 1048576K
Event: 17.163 GC heap after
Heap after GC invocations=11 (full 0):
 PSYoungGen      total 461824K, used 96K [0x000000076d100000, 0x000000078ca00000, 0x00000007c0000000)
  eden space 451584K, 0% used [0x000000076d100000,0x000000076d100000,0x0000000788a00000)
  from space 10240K, 0% used [0x000000078b600000,0x000000078b618000,0x000000078c000000)
  to   space 10240K, 0% used [0x000000078c000000,0x000000078c000000,0x000000078ca00000)
 ParOldGen       total 171008K, used 4858K [0x00000006c7200000, 0x00000006d1900000, 0x000000076d100000)
  object space 171008K, 2% used [0x00000006c7200000,0x00000006c76bea88,0x00000006d1900000)
 Metaspace       used 17635K, capacity 17870K, committed 18048K, reserved 1064960K
  class space    used 1568K, capacity 1662K, committed 1664K, reserved 1048576K
}
Event: 19.708 GC heap before
{Heap before GC invocations=12 (full 0):
 PSYoungGen      total 461824K, used 451680K [0x000000076d100000, 0x000000078ca00000, 0x00000007c0000000)
  eden space 451584K, 100% used [0x000000076d100000,0x0000000788a00000,0x0000000788a00000)
  from space 10240K, 0% used [0x000000078b600000,0x000000078b618000,0x000000078c000000)
  to   space 10240K, 0% used [0x000000078c000000,0x000000078c000000,0x000000078ca00000)
 ParOldGen       total 171008K, used 4858K [0x00000006c7200000, 0x00000006d1900000, 0x000000076d100000)
  object space 171008K, 2% used [0x00000006c7200000,0x00000006c76bea88,0x00000006d1900000)
 Metaspace       used 17635K, capacity 17870K, committed 18048K, reserved 1064960K
  class space    used 1568K, capacity 1662K, committed 1664K, reserved 1048576K
Event: 19.709 GC heap after
Heap after GC invocations=12 (full 0):
 PSYoungGen      total 432640K, used 96K [0x000000076d100000, 0x000000078c080000, 0x00000007c0000000)
  eden space 432128K, 0% used [0x000000076d100000,0x000000076d100000,0x0000000787700000)
  from space 512K, 18% used [0x000000078c000000,0x000000078c018000,0x000000078c080000)
  to   space 9728K, 0% used [0x000000078ad80000,0x000000078ad80000,0x000000078b700000)
 ParOldGen       total 171008K, used 4858K [0x00000006c7200000, 0x00000006d1900000, 0x000000076d100000)
  object space 171008K, 2% used [0x00000006c7200000,0x00000006c76bea88,0x00000006d1900000)
 Metaspace       used 17635K, capacity 17870K, committed 18048K, reserved 1064960K
  class space    used 1568K, capacity 1662K, committed 1664K, reserved 1048576K
}

Deoptimization events (10 events):
Event: 1.544 Thread 0x00007fda906f8000 Uncommon trap: reason=class_check action=maybe_recompile pc=0x00007fda80b48170 method=com.jogamp.common.os.DynamicLibraryBundle.dynamicLookupFunction(Ljava/lang/String;)J @ 80
Event: 1.544 Thread 0x00007fda906f8000 Uncommon trap: reason=class_check action=maybe_recompile pc=0x00007fda80b3e1f0 method=com.jogamp.common.os.DynamicLibraryBundle.toolDynamicLookupFunction(Ljava/lang/String;)J @ 18
Event: 1.544 Thread 0x00007fda906f8000 Uncommon trap: reason=class_check action=maybe_recompile pc=0x00007fda80b48170 method=com.jogamp.common.os.DynamicLibraryBundle.dynamicLookupFunction(Ljava/lang/String;)J @ 80
Event: 1.544 Thread 0x00007fda906f8000 Uncommon trap: reason=class_check action=maybe_recompile pc=0x00007fda80b3e1f0 method=com.jogamp.common.os.DynamicLibraryBundle.toolDynamicLookupFunction(Ljava/lang/String;)J @ 18
Event: 1.545 Thread 0x00007fda906f8000 Uncommon trap: reason=class_check action=maybe_recompile pc=0x00007fda80b48170 method=com.jogamp.common.os.DynamicLibraryBundle.dynamicLookupFunction(Ljava/lang/String;)J @ 80
Event: 1.545 Thread 0x00007fda906f8000 Uncommon trap: reason=class_check action=maybe_recompile pc=0x00007fda80b3e1f0 method=com.jogamp.common.os.DynamicLibraryBundle.toolDynamicLookupFunction(Ljava/lang/String;)J @ 18
Event: 1.660 Thread 0x00007fda9000f800 Uncommon trap: reason=unstable_if action=reinterpret pc=0x00007fda80b52bec method=java.lang.reflect.AccessibleObject.setAccessible0(Ljava/lang/reflect/AccessibleObject;Z)V @ 4
Event: 1.779 Thread 0x00007fda90734000 Uncommon trap: reason=unstable_if action=reinterpret pc=0x00007fda80a97234 method=sun.misc.MetaIndex.mayContain(Ljava/lang/String;)Z @ 38
Event: 1.835 Thread 0x00007fda90734000 Uncommon trap: reason=unstable_if action=reinterpret pc=0x00007fda80b8910c method=javax.sound.sampled.AudioFormat.matches(Ljavax/sound/sampled/AudioFormat;)Z @ 112
Event: 2.305 Thread 0x00007fd9fc12e800 Uncommon trap: reason=unstable_if action=reinterpret pc=0x00007fda80b9860c method=ddf.minim.javasound.FloatSampleTools.quantize16(FF)I @ 32

Internal exceptions (10 events):
Event: 0.562 Thread 0x00007fda9000f800 Exception <a 'java/security/PrivilegedActionException'> (0x000000076d7b0d20) thrown at [/HUDSON/workspace/8-2-build-linux-amd64/jdk8u51/3951/hotspot/src/share/vm/prims/jvm.cpp, line 1382]
Event: 0.562 Thread 0x00007fda9000f800 Exception <a 'java/security/PrivilegedActionException'> (0x000000076d7b0ed8) thrown at [/HUDSON/workspace/8-2-build-linux-amd64/jdk8u51/3951/hotspot/src/share/vm/prims/jvm.cpp, line 1382]
Event: 0.562 Thread 0x00007fda9000f800 Exception <a 'java/security/PrivilegedActionException'> (0x000000076d7b3190) thrown at [/HUDSON/workspace/8-2-build-linux-amd64/jdk8u51/3951/hotspot/src/share/vm/prims/jvm.cpp, line 1382]
Event: 0.562 Thread 0x00007fda9000f800 Exception <a 'java/security/PrivilegedActionException'> (0x000000076d7b3348) thrown at [/HUDSON/workspace/8-2-build-linux-amd64/jdk8u51/3951/hotspot/src/share/vm/prims/jvm.cpp, line 1382]
Event: 0.567 Thread 0x00007fda9000f800 Exception <a 'java/io/FileNotFoundException'> (0x000000076d7bd0a0) thrown at [/HUDSON/workspace/8-2-build-linux-amd64/jdk8u51/3951/hotspot/src/share/vm/prims/jni.cpp, line 709]
Event: 0.567 Thread 0x00007fda9000f800 Exception <a 'java/io/FileNotFoundException'> (0x000000076d7bda28) thrown at [/HUDSON/workspace/8-2-build-linux-amd64/jdk8u51/3951/hotspot/src/share/vm/prims/jni.cpp, line 709]
Event: 0.642 Thread 0x00007fda9000f800 Exception <a 'java/lang/NoSuchFieldError': method resolution failed> (0x000000076d8c3988) thrown at [/HUDSON/workspace/8-2-build-linux-amd64/jdk8u51/3951/hotspot/src/share/vm/prims/methodHandles.cpp, line 1125]
Event: 0.645 Thread 0x00007fda9000f800 Exception <a 'java/lang/NoSuchFieldError': method resolution failed> (0x000000076d8d2348) thrown at [/HUDSON/workspace/8-2-build-linux-amd64/jdk8u51/3951/hotspot/src/share/vm/prims/methodHandles.cpp, line 1125]
Event: 1.497 Thread 0x00007fda9000f800 Exception <a 'java/lang/InterruptedException'> (0x000000076f3d51e0) thrown at [/HUDSON/workspace/8-2-build-linux-amd64/jdk8u51/3951/hotspot/src/share/vm/runtime/objectMonitor.cpp, line 1683]
Event: 1.657 Thread 0x00007fda9000f800 Exception <a 'java/lang/InterruptedException'> (0x000000076f3e0680) thrown at [/HUDSON/workspace/8-2-build-linux-amd64/jdk8u51/3951/hotspot/src/share/vm/runtime/objectMonitor.cpp, line 1683]

Events (10 events):
Event: 20.141 Thread 0x00007fda90734000 DEOPT UNPACKING pc=0x00007fda807fa633 sp=0x00007fda0ef19bc8 mode 1
Event: 20.158 Thread 0x00007fda90734000 DEOPT PACKING pc=0x00007fda80f487c9 sp=0x00007fda0ef19de0
Event: 20.158 Thread 0x00007fda90734000 DEOPT UNPACKING pc=0x00007fda807fa633 sp=0x00007fda0ef19b78 mode 1
Event: 20.158 Thread 0x00007fda90734000 DEOPT PACKING pc=0x00007fda80ece9ec sp=0x00007fda0ef19e70
Event: 20.158 Thread 0x00007fda90734000 DEOPT UNPACKING pc=0x00007fda807fa633 sp=0x00007fda0ef19bc8 mode 1
Event: 20.174 Thread 0x00007fda90734000 DEOPT PACKING pc=0x00007fda80f487c9 sp=0x00007fda0ef19de0
Event: 20.174 Thread 0x00007fda90734000 DEOPT UNPACKING pc=0x00007fda807fa633 sp=0x00007fda0ef19b78 mode 1
Event: 20.174 Thread 0x00007fda90734000 DEOPT PACKING pc=0x00007fda80ece9ec sp=0x00007fda0ef19e70
Event: 20.174 Thread 0x00007fda90734000 DEOPT UNPACKING pc=0x00007fda807fa633 sp=0x00007fda0ef19bc8 mode 1
Event: 20.191 Thread 0x00007fda90734000 Thread exited: 0x00007fda90734000


Dynamic libraries:
00400000-00401000 r-xp 00000000 08:02 6695910                            /usr/bin/processing-3.0/java/bin/java
00600000-00601000 rw-p 00000000 08:02 6695910                            /usr/bin/processing-3.0/java/bin/java
01e05000-01e26000 rw-p 00000000 00:00 0                                  [heap]
6c7200000-6d1900000 rw-p 00000000 00:00 0 
6d1900000-76d100000 ---p 00000000 00:00 0 
76d100000-78c080000 rw-p 00000000 00:00 0 
78c080000-7c0000000 ---p 00000000 00:00 0 
7c0000000-7c01a0000 rw-p 00000000 00:00 0 
7c01a0000-800000000 ---p 00000000 00:00 0 
7fd9e0000000-7fd9e028b000 rw-p 00000000 00:00 0 
7fd9e028b000-7fd9e4000000 ---p 00000000 00:00 0 
7fd9ebfff000-7fd9f0000000 r--s 00000000 00:16 18791                      /run/shm/pulse-shm-3302753902
7fd9f0000000-7fd9f0021000 rw-p 00000000 00:00 0 
7fd9f0021000-7fd9f4000000 ---p 00000000 00:00 0 
7fd9f73fe000-7fd9f75fe000 rw-s 149103000 00:06 10208                     /dev/dri/card0
7fd9f77fe000-7fd9f77ff000 ---p 00000000 00:00 0 
7fd9f77ff000-7fd9f7fff000 rw-p 00000000 00:00 0 
7fd9f7fff000-7fd9fc000000 rw-s 00000000 00:16 143064                     /run/shm/pulse-shm-1336090641
7fd9fc000000-7fd9fc889000 rw-p 00000000 00:00 0 
7fd9fc889000-7fda00000000 ---p 00000000 00:00 0 
7fda00000000-7fda00021000 rw-p 00000000 00:00 0 
7fda00021000-7fda04000000 ---p 00000000 00:00 0 
7fda04000000-7fda04021000 rw-p 00000000 00:00 0 
7fda04021000-7fda08000000 ---p 00000000 00:00 0 
7fda08000000-7fda0ae0e000 rw-p 00000000 00:00 0 
7fda0ae0e000-7fda0c000000 ---p 00000000 00:00 0 
7fda0c08d000-7fda0c08e000 ---p 00000000 00:00 0 
7fda0c08e000-7fda0c88e000 rw-p 00000000 00:00 0                          [stack:8833]
7fda0c88e000-7fda0c894000 r-xp 00000000 08:02 6947199                    /usr/lib/x86_64-linux-gnu/alsa-lib/libasound_module_pcm_pulse.so
7fda0c894000-7fda0ca93000 ---p 00006000 08:02 6947199                    /usr/lib/x86_64-linux-gnu/alsa-lib/libasound_module_pcm_pulse.so
7fda0ca93000-7fda0ca94000 r--p 00005000 08:02 6947199                    /usr/lib/x86_64-linux-gnu/alsa-lib/libasound_module_pcm_pulse.so
7fda0ca94000-7fda0ca95000 rw-p 00006000 08:02 6947199                    /usr/lib/x86_64-linux-gnu/alsa-lib/libasound_module_pcm_pulse.so
7fda0ca95000-7fda0caac000 r-xp 00000000 08:02 13635816                   /lib/x86_64-linux-gnu/libresolv-2.19.so
7fda0caac000-7fda0ccac000 ---p 00017000 08:02 13635816                   /lib/x86_64-linux-gnu/libresolv-2.19.so
7fda0ccac000-7fda0ccad000 r--p 00017000 08:02 13635816                   /lib/x86_64-linux-gnu/libresolv-2.19.so
7fda0ccad000-7fda0ccae000 rw-p 00018000 08:02 13635816                   /lib/x86_64-linux-gnu/libresolv-2.19.so
7fda0ccae000-7fda0ccb0000 rw-p 00000000 00:00 0 
7fda0ccb0000-7fda0ccb7000 r-xp 00000000 08:02 6562227                    /usr/lib/x86_64-linux-gnu/libogg.so.0.8.1
7fda0ccb7000-7fda0ceb7000 ---p 00007000 08:02 6562227                    /usr/lib/x86_64-linux-gnu/libogg.so.0.8.1
7fda0ceb7000-7fda0ceb8000 r--p 00007000 08:02 6562227                    /usr/lib/x86_64-linux-gnu/libogg.so.0.8.1
7fda0ceb8000-7fda0ceb9000 rw-p 00008000 08:02 6562227                    /usr/lib/x86_64-linux-gnu/libogg.so.0.8.1
7fda0ceb9000-7fda0cee5000 r-xp 00000000 08:02 6562501                    /usr/lib/x86_64-linux-gnu/libvorbis.so.0.4.5
7fda0cee5000-7fda0d0e4000 ---p 0002c000 08:02 6562501                    /usr/lib/x86_64-linux-gnu/libvorbis.so.0.4.5
7fda0d0e4000-7fda0d0e5000 r--p 0002b000 08:02 6562501                    /usr/lib/x86_64-linux-gnu/libvorbis.so.0.4.5
7fda0d0e5000-7fda0d0e6000 rw-p 0002c000 08:02 6562501                    /usr/lib/x86_64-linux-gnu/libvorbis.so.0.4.5
7fda0d0e6000-7fda0d399000 r-xp 00000000 08:02 6562503                    /usr/lib/x86_64-linux-gnu/libvorbisenc.so.2.0.8
7fda0d399000-7fda0d598000 ---p 002b3000 08:02 6562503                    /usr/lib/x86_64-linux-gnu/libvorbisenc.so.2.0.8
7fda0d598000-7fda0d5b4000 r--p 002b2000 08:02 6562503                    /usr/lib/x86_64-linux-gnu/libvorbisenc.so.2.0.8
7fda0d5b4000-7fda0d5b5000 rw-p 002ce000 08:02 6562503                    /usr/lib/x86_64-linux-gnu/libvorbisenc.so.2.0.8
7fda0d5b5000-7fda0d5e5000 r-xp 00000000 08:02 6561366                    /usr/lib/x86_64-linux-gnu/libFLAC.so.8.3.0
7fda0d5e5000-7fda0d7e4000 ---p 00030000 08:02 6561366                    /usr/lib/x86_64-linux-gnu/libFLAC.so.8.3.0
7fda0d7e4000-7fda0d7e5000 r--p 0002f000 08:02 6561366                    /usr/lib/x86_64-linux-gnu/libFLAC.so.8.3.0
7fda0d7e5000-7fda0d7e6000 rw-p 00030000 08:02 6561366                    /usr/lib/x86_64-linux-gnu/libFLAC.so.8.3.0
7fda0d7e6000-7fda0d7eb000 r-xp 00000000 08:02 6561598                    /usr/lib/x86_64-linux-gnu/libasyncns.so.0.3.1
7fda0d7eb000-7fda0d9ea000 ---p 00005000 08:02 6561598                    /usr/lib/x86_64-linux-gnu/libasyncns.so.0.3.1
7fda0d9ea000-7fda0d9eb000 r--p 00004000 08:02 6561598                    /usr/lib/x86_64-linux-gnu/libasyncns.so.0.3.1
7fda0d9eb000-7fda0d9ec000 rw-p 00005000 08:02 6561598                    /usr/lib/x86_64-linux-gnu/libasyncns.so.0.3.1
7fda0d9ec000-7fda0da4d000 r-xp 00000000 08:02 6562384                    /usr/lib/x86_64-linux-gnu/libsndfile.so.1.0.25
7fda0da4d000-7fda0dc4d000 ---p 00061000 08:02 6562384                    /usr/lib/x86_64-linux-gnu/libsndfile.so.1.0.25
7fda0dc4d000-7fda0dc4f000 r--p 00061000 08:02 6562384                    /usr/lib/x86_64-linux-gnu/libsndfile.so.1.0.25
7fda0dc4f000-7fda0dc50000 rw-p 00063000 08:02 6562384                    /usr/lib/x86_64-linux-gnu/libsndfile.so.1.0.25
7fda0dc50000-7fda0dc54000 rw-p 00000000 00:00 0 
7fda0dc54000-7fda0dc5c000 r-xp 00000000 08:02 13635850                   /lib/x86_64-linux-gnu/libwrap.so.0.7.6
7fda0dc5c000-7fda0de5b000 ---p 00008000 08:02 13635850                   /lib/x86_64-linux-gnu/libwrap.so.0.7.6
7fda0de5b000-7fda0de5c000 r--p 00007000 08:02 13635850                   /lib/x86_64-linux-gnu/libwrap.so.0.7.6
7fda0de5c000-7fda0de5d000 rw-p 00008000 08:02 13635850                   /lib/x86_64-linux-gnu/libwrap.so.0.7.6
7fda0de5d000-7fda0de5e000 rw-p 00000000 00:00 0 
7fda0de5e000-7fda0dec4000 r-xp 00000000 08:02 6948471                    /usr/lib/x86_64-linux-gnu/pulseaudio/libpulsecommon-4.0.so
7fda0dec4000-7fda0e0c3000 ---p 00066000 08:02 6948471                    /usr/lib/x86_64-linux-gnu/pulseaudio/libpulsecommon-4.0.so
7fda0e0c3000-7fda0e0c4000 r--p 00065000 08:02 6948471                    /usr/lib/x86_64-linux-gnu/pulseaudio/libpulsecommon-4.0.so
7fda0e0c4000-7fda0e0c5000 rw-p 00066000 08:02 6948471                    /usr/lib/x86_64-linux-gnu/pulseaudio/libpulsecommon-4.0.so
7fda0e0c5000-7fda0e0cf000 r-xp 00000000 08:02 13635730                   /lib/x86_64-linux-gnu/libjson-c.so.2.0.0
7fda0e0cf000-7fda0e2ce000 ---p 0000a000 08:02 13635730                   /lib/x86_64-linux-gnu/libjson-c.so.2.0.0
7fda0e2ce000-7fda0e2cf000 r--p 00009000 08:02 13635730                   /lib/x86_64-linux-gnu/libjson-c.so.2.0.0
7fda0e2cf000-7fda0e2d0000 rw-p 0000a000 08:02 13635730                   /lib/x86_64-linux-gnu/libjson-c.so.2.0.0
7fda0e2d0000-7fda0e317000 r-xp 00000000 08:02 6562296                    /usr/lib/x86_64-linux-gnu/libpulse.so.0.16.2
7fda0e317000-7fda0e517000 ---p 00047000 08:02 6562296                    /usr/lib/x86_64-linux-gnu/libpulse.so.0.16.2
7fda0e517000-7fda0e518000 r--p 00047000 08:02 6562296                    /usr/lib/x86_64-linux-gnu/libpulse.so.0.16.2
7fda0e518000-7fda0e519000 rw-p 00048000 08:02 6562296                    /usr/lib/x86_64-linux-gnu/libpulse.so.0.16.2
7fda0e519000-7fda0e51c000 ---p 00000000 00:00 0 
7fda0e51c000-7fda0e61a000 rw-p 00000000 00:00 0                          [stack:8837]
7fda0e61a000-7fda0e61d000 ---p 00000000 00:00 0 
7fda0e61d000-7fda0e71b000 rw-p 00000000 00:00 0                          [stack:8832]
7fda0e71b000-7fda0e804000 r-xp 00000000 08:02 6561590                    /usr/lib/x86_64-linux-gnu/libasound.so.2.0.0
7fda0e804000-7fda0ea03000 ---p 000e9000 08:02 6561590                    /usr/lib/x86_64-linux-gnu/libasound.so.2.0.0
7fda0ea03000-7fda0ea0a000 r--p 000e8000 08:02 6561590                    /usr/lib/x86_64-linux-gnu/libasound.so.2.0.0
7fda0ea0a000-7fda0ea0b000 rw-p 000ef000 08:02 6561590                    /usr/lib/x86_64-linux-gnu/libasound.so.2.0.0
7fda0ea0b000-7fda0ea1a000 r-xp 00000000 08:02 8012164                    /usr/bin/processing-3.0/java/lib/amd64/libjsoundalsa.so
7fda0ea1a000-7fda0ec19000 ---p 0000f000 08:02 8012164                    /usr/bin/processing-3.0/java/lib/amd64/libjsoundalsa.so
7fda0ec19000-7fda0ec1a000 rw-p 0000e000 08:02 8012164                    /usr/bin/processing-3.0/java/lib/amd64/libjsoundalsa.so
7fda0ec1a000-7fda0ec1b000 r-xp 00000000 08:02 8012181                    /usr/bin/processing-3.0/java/lib/amd64/libjsound.so
7fda0ec1b000-7fda0ee1a000 ---p 00001000 08:02 8012181                    /usr/bin/processing-3.0/java/lib/amd64/libjsound.so
7fda0ee1a000-7fda0ee1b000 rw-p 00000000 08:02 8012181                    /usr/bin/processing-3.0/java/lib/amd64/libjsound.so
7fda0ee1b000-7fda0ee1e000 ---p 00000000 00:00 0 
7fda0ee1e000-7fda0f11c000 rw-p 00000000 00:00 0 
7fda0f11c000-7fda0f160000 r-xp 00000000 08:02 13635704                   /lib/x86_64-linux-gnu/libdbus-1.so.3.7.6
7fda0f160000-7fda0f35f000 ---p 00044000 08:02 13635704                   /lib/x86_64-linux-gnu/libdbus-1.so.3.7.6
7fda0f35f000-7fda0f360000 r--p 00043000 08:02 13635704                   /lib/x86_64-linux-gnu/libdbus-1.so.3.7.6
7fda0f360000-7fda0f361000 rw-p 00044000 08:02 13635704                   /lib/x86_64-linux-gnu/libdbus-1.so.3.7.6
7fda0f361000-7fda0f369000 r-xp 00000000 08:02 13635752                   /lib/x86_64-linux-gnu/libnih-dbus.so.1.0.0
7fda0f369000-7fda0f569000 ---p 00008000 08:02 13635752                   /lib/x86_64-linux-gnu/libnih-dbus.so.1.0.0
7fda0f569000-7fda0f56a000 r--p 00008000 08:02 13635752                   /lib/x86_64-linux-gnu/libnih-dbus.so.1.0.0
7fda0f56a000-7fda0f56b000 rw-p 00009000 08:02 13635752                   /lib/x86_64-linux-gnu/libnih-dbus.so.1.0.0
7fda0f56b000-7fda0f582000 r-xp 00000000 08:02 13635754                   /lib/x86_64-linux-gnu/libnih.so.1.0.0
7fda0f582000-7fda0f781000 ---p 00017000 08:02 13635754                   /lib/x86_64-linux-gnu/libnih.so.1.0.0
7fda0f781000-7fda0f782000 r--p 00016000 08:02 13635754                   /lib/x86_64-linux-gnu/libnih.so.1.0.0
7fda0f782000-7fda0f783000 rw-p 00017000 08:02 13635754                   /lib/x86_64-linux-gnu/libnih.so.1.0.0
7fda0f783000-7fda0f79c000 r-xp 00000000 08:02 13635695                   /lib/x86_64-linux-gnu/libcgmanager.so.0.0.0
7fda0f79c000-7fda0f99b000 ---p 00019000 08:02 13635695                   /lib/x86_64-linux-gnu/libcgmanager.so.0.0.0
7fda0f99b000-7fda0f99d000 r--p 00018000 08:02 13635695                   /lib/x86_64-linux-gnu/libcgmanager.so.0.0.0
7fda0f99d000-7fda0f99e000 rw-p 0001a000 08:02 13635695                   /lib/x86_64-linux-gnu/libcgmanager.so.0.0.0
7fda0f99e000-7fda0f9ae000 r-xp 00000000 08:02 13635838                   /lib/x86_64-linux-gnu/libudev.so.1.3.5
7fda0f9ae000-7fda0fbad000 ---p 00010000 08:02 13635838                   /lib/x86_64-linux-gnu/libudev.so.1.3.5
7fda0fbad000-7fda0fbae000 r--p 0000f000 08:02 13635838                   /lib/x86_64-linux-gnu/libudev.so.1.3.5
7fda0fbae000-7fda0fbaf000 rw-p 00010000 08:02 13635838                   /lib/x86_64-linux-gnu/libudev.so.1.3.5
7fda0fbaf000-7fda0fbe6000 r-xp 00000000 08:02 6562454                    /usr/lib/x86_64-linux-gnu/libtxc_dxtn_s2tc.so.0.0.0
7fda0fbe6000-7fda0fde5000 ---p 00037000 08:02 6562454                    /usr/lib/x86_64-linux-gnu/libtxc_dxtn_s2tc.so.0.0.0
7fda0fde5000-7fda0fde6000 r--p 00036000 08:02 6562454                    /usr/lib/x86_64-linux-gnu/libtxc_dxtn_s2tc.so.0.0.0
7fda0fde6000-7fda0fde7000 rw-p 00037000 08:02 6562454                    /usr/lib/x86_64-linux-gnu/libtxc_dxtn_s2tc.so.0.0.0
7fda0fde7000-7fda0fdff000 r-xp 00000000 08:02 13635853                   /lib/x86_64-linux-gnu/libz.so.1.2.8
7fda0fdff000-7fda0fffe000 ---p 00018000 08:02 13635853                   /lib/x86_64-linux-gnu/libz.so.1.2.8
7fda0fffe000-7fda0ffff000 r--p 00017000 08:02 13635853                   /lib/x86_64-linux-gnu/libz.so.1.2.8
7fda0ffff000-7fda10000000 rw-p 00018000 08:02 13635853                   /lib/x86_64-linux-gnu/libz.so.1.2.8
7fda10000000-7fda12ded000 rw-p 00000000 00:00 0 
7fda12ded000-7fda14000000 ---p 00000000 00:00 0 
7fda14000000-7fda1474e000 rw-p 00000000 00:00 0 
7fda1474e000-7fda18000000 ---p 00000000 00:00 0 
7fda1802f000-7fda18032000 ---p 00000000 00:00 0 
7fda18032000-7fda18130000 rw-p 00000000 00:00 0                          [stack:8818]
7fda18130000-7fda18138000 r-xp 00000000 08:02 6562259                    /usr/lib/x86_64-linux-gnu/libpciaccess.so.0.11.1
7fda18138000-7fda18337000 ---p 00008000 08:02 6562259                    /usr/lib/x86_64-linux-gnu/libpciaccess.so.0.11.1
7fda18337000-7fda18338000 r--p 00007000 08:02 6562259                    /usr/lib/x86_64-linux-gnu/libpciaccess.so.0.11.1
7fda18338000-7fda18339000 rw-p 00008000 08:02 6562259                    /usr/lib/x86_64-linux-gnu/libpciaccess.so.0.11.1
7fda18339000-7fda1841f000 r-xp 00000000 08:02 6562412                    /usr/lib/x86_64-linux-gnu/libstdc++.so.6.0.19
7fda1841f000-7fda1861e000 ---p 000e6000 08:02 6562412                    /usr/lib/x86_64-linux-gnu/libstdc++.so.6.0.19
7fda1861e000-7fda18626000 r--p 000e5000 08:02 6562412                    /usr/lib/x86_64-linux-gnu/libstdc++.so.6.0.19
7fda18626000-7fda18628000 rw-p 000ed000 08:02 6562412                    /usr/lib/x86_64-linux-gnu/libstdc++.so.6.0.19
7fda18628000-7fda1863d000 rw-p 00000000 00:00 0 
7fda1863d000-7fda18649000 r-xp 00000000 08:02 6561756                    /usr/lib/x86_64-linux-gnu/libdrm_radeon.so.1.0.1
7fda18649000-7fda18848000 ---p 0000c000 08:02 6561756                    /usr/lib/x86_64-linux-gnu/libdrm_radeon.so.1.0.1
7fda18848000-7fda18849000 r--p 0000b000 08:02 6561756                    /usr/lib/x86_64-linux-gnu/libdrm_radeon.so.1.0.1
7fda18849000-7fda1884a000 rw-p 0000c000 08:02 6561756                    /usr/lib/x86_64-linux-gnu/libdrm_radeon.so.1.0.1
7fda1884a000-7fda18850000 r-xp 00000000 08:02 6561754                    /usr/lib/x86_64-linux-gnu/libdrm_nouveau.so.2.0.0
7fda18850000-7fda18a4f000 ---p 00006000 08:02 6561754                    /usr/lib/x86_64-linux-gnu/libdrm_nouveau.so.2.0.0
7fda18a4f000-7fda18a50000 r--p 00005000 08:02 6561754                    /usr/lib/x86_64-linux-gnu/libdrm_nouveau.so.2.0.0
7fda18a50000-7fda18a51000 rw-p 00006000 08:02 6561754                    /usr/lib/x86_64-linux-gnu/libdrm_nouveau.so.2.0.0
7fda18a51000-7fda18a71000 r-xp 00000000 08:02 6561752                    /usr/lib/x86_64-linux-gnu/libdrm_intel.so.1.0.0
7fda18a71000-7fda18c70000 ---p 00020000 08:02 6561752                    /usr/lib/x86_64-linux-gnu/libdrm_intel.so.1.0.0
7fda18c70000-7fda18c71000 r--p 0001f000 08:02 6561752                    /usr/lib/x86_64-linux-gnu/libdrm_intel.so.1.0.0
7fda18c71000-7fda18c72000 rw-p 00020000 08:02 6561752                    /usr/lib/x86_64-linux-gnu/libdrm_intel.so.1.0.0
7fda18c72000-7fda191c6000 r-xp 00000000 08:02 6947244                    /usr/lib/x86_64-linux-gnu/dri/i965_dri.so
7fda191c6000-7fda193c6000 ---p 00554000 08:02 6947244                    /usr/lib/x86_64-linux-gnu/dri/i965_dri.so
7fda193c6000-7fda193e7000 r--p 00554000 08:02 6947244                    /usr/lib/x86_64-linux-gnu/dri/i965_dri.so
7fda193e7000-7fda193ee000 rw-p 00575000 08:02 6947244                    /usr/lib/x86_64-linux-gnu/dri/i965_dri.so
7fda193ee000-7fda193f5000 rw-p 00000000 00:00 0 
7fda193f5000-7fda193f8000 ---p 00000000 00:00 0 
7fda193f8000-7fda194f6000 rw-p 00000000 00:00 0                          [stack:8817]
7fda194f6000-7fda1954f000 r-xp 00000000 08:02 4461996                    /tmp/jogamp_0000/file_cache/jln6156820721897427953/jln7810141912987437517/libjogl_mobile.so
7fda1954f000-7fda1974f000 ---p 00059000 08:02 4461996                    /tmp/jogamp_0000/file_cache/jln6156820721897427953/jln7810141912987437517/libjogl_mobile.so
7fda1974f000-7fda19750000 rw-p 00059000 08:02 4461996                    /tmp/jogamp_0000/file_cache/jln6156820721897427953/jln7810141912987437517/libjogl_mobile.so
7fda19750000-7fda19757000 r-xp 00000000 08:02 6561790                    /usr/lib/x86_64-linux-gnu/libffi.so.6.0.1
7fda19757000-7fda19956000 ---p 00007000 08:02 6561790                    /usr/lib/x86_64-linux-gnu/libffi.so.6.0.1
7fda19956000-7fda19957000 r--p 00006000 08:02 6561790                    /usr/lib/x86_64-linux-gnu/libffi.so.6.0.1
7fda19957000-7fda19958000 rw-p 00007000 08:02 6561790                    /usr/lib/x86_64-linux-gnu/libffi.so.6.0.1
7fda19958000-7fda19964000 r-xp 00000000 08:02 6561843                    /usr/lib/x86_64-linux-gnu/libgbm.so.1.0.0
7fda19964000-7fda19b64000 ---p 0000c000 08:02 6561843                    /usr/lib/x86_64-linux-gnu/libgbm.so.1.0.0
7fda19b64000-7fda19b65000 r--p 0000c000 08:02 6561843                    /usr/lib/x86_64-linux-gnu/libgbm.so.1.0.0
7fda19b65000-7fda19b66000 rw-p 0000d000 08:02 6561843                    /usr/lib/x86_64-linux-gnu/libgbm.so.1.0.0
7fda19b66000-7fda19b75000 r-xp 00000000 08:02 6562520                    /usr/lib/x86_64-linux-gnu/libwayland-server.so.0.1.0
7fda19b75000-7fda19d74000 ---p 0000f000 08:02 6562520                    /usr/lib/x86_64-linux-gnu/libwayland-server.so.0.1.0
7fda19d74000-7fda19d76000 r--p 0000e000 08:02 6562520                    /usr/lib/x86_64-linux-gnu/libwayland-server.so.0.1.0
7fda19d76000-7fda19d77000 rw-p 00010000 08:02 6562520                    /usr/lib/x86_64-linux-gnu/libwayland-server.so.0.1.0
7fda19d77000-7fda19d82000 r-xp 00000000 08:02 6562514                    /usr/lib/x86_64-linux-gnu/libwayland-client.so.0.2.0
7fda19d82000-7fda19f81000 ---p 0000b000 08:02 6562514                    /usr/lib/x86_64-linux-gnu/libwayland-client.so.0.2.0
7fda19f81000-7fda19f83000 r--p 0000a000 08:02 6562514                    /usr/lib/x86_64-linux-gnu/libwayland-client.so.0.2.0
7fda19f83000-7fda19f84000 rw-p 0000c000 08:02 6562514                    /usr/lib/x86_64-linux-gnu/libwayland-client.so.0.2.0
7fda19f84000-7fda19f89000 r-xp 00000000 08:02 6562570                    /usr/lib/x86_64-linux-gnu/libxcb-xfixes.so.0.0.0
7fda19f89000-7fda1a189000 ---p 00005000 08:02 6562570                    /usr/lib/x86_64-linux-gnu/libxcb-xfixes.so.0.0.0
7fda1a189000-7fda1a18a000 r--p 00005000 08:02 6562570                    /usr/lib/x86_64-linux-gnu/libxcb-xfixes.so.0.0.0
7fda1a18a000-7fda1a18b000 rw-p 00006000 08:02 6562570                    /usr/lib/x86_64-linux-gnu/libxcb-xfixes.so.0.0.0
7fda1a18b000-7fda1a1b2000 r-xp 00000000 08:02 6948353                    /usr/lib/x86_64-linux-gnu/mesa-egl/libEGL.so.1.0.0
7fda1a1b2000-7fda1a3b2000 ---p 00027000 08:02 6948353                    /usr/lib/x86_64-linux-gnu/mesa-egl/libEGL.so.1.0.0
7fda1a3b2000-7fda1a3b3000 r--p 00027000 08:02 6948353                    /usr/lib/x86_64-linux-gnu/mesa-egl/libEGL.so.1.0.0
7fda1a3b3000-7fda1a3b4000 rw-p 00028000 08:02 6948353                    /usr/lib/x86_64-linux-gnu/mesa-egl/libEGL.so.1.0.0
7fda1a3b4000-7fda1a3b5000 rw-p 00000000 00:00 0 
7fda1a3b5000-7fda1a3bb000 r-xp 00000000 08:02 6948357                    /usr/lib/x86_64-linux-gnu/mesa-egl/libGLESv2.so.2.0.0
7fda1a3bb000-7fda1a5ba000 ---p 00006000 08:02 6948357                    /usr/lib/x86_64-linux-gnu/mesa-egl/libGLESv2.so.2.0.0
7fda1a5ba000-7fda1a5bb000 r--p 00005000 08:02 6948357                    /usr/lib/x86_64-linux-gnu/mesa-egl/libGLESv2.so.2.0.0
7fda1a5bb000-7fda1a5bc000 rw-p 00006000 08:02 6948357                    /usr/lib/x86_64-linux-gnu/mesa-egl/libGLESv2.so.2.0.0
7fda1a5bc000-7fda1a5bf000 ---p 00000000 00:00 0 
7fda1a5bf000-7fda1a6bd000 rw-p 00000000 00:00 0                          [stack:8816]
7fda1a6bd000-7fda1a770000 r-xp 00000000 08:02 4461995                    /tmp/jogamp_0000/file_cache/jln6156820721897427953/jln7810141912987437517/libjogl_desktop.so
7fda1a770000-7fda1a970000 ---p 000b3000 08:02 4461995                    /tmp/jogamp_0000/file_cache/jln6156820721897427953/jln7810141912987437517/libjogl_desktop.so
7fda1a970000-7fda1a971000 rw-p 000b3000 08:02 4461995                    /tmp/jogamp_0000/file_cache/jln6156820721897427953/jln7810141912987437517/libjogl_desktop.so
7fda1a971000-7fda1a97c000 r-xp 00000000 08:02 6561750                    /usr/lib/x86_64-linux-gnu/libdrm.so.2.4.0
7fda1a97c000-7fda1ab7b000 ---p 0000b000 08:02 6561750                    /usr/lib/x86_64-linux-gnu/libdrm.so.2.4.0
7fda1ab7b000-7fda1ab7c000 r--p 0000a000 08:02 6561750                    /usr/lib/x86_64-linux-gnu/libdrm.so.2.4.0
7fda1ab7c000-7fda1ab7d000 rw-p 0000b000 08:02 6561750                    /usr/lib/x86_64-linux-gnu/libdrm.so.2.4.0
7fda1ab7d000-7fda1ab7e000 r-xp 00000000 08:02 6562584                    /usr/lib/x86_64-linux-gnu/libxshmfence.so.1.0.0
7fda1ab7e000-7fda1ad7d000 ---p 00001000 08:02 6562584                    /usr/lib/x86_64-linux-gnu/libxshmfence.so.1.0.0
7fda1ad7d000-7fda1ad7e000 r--p 00000000 08:02 6562584                    /usr/lib/x86_64-linux-gnu/libxshmfence.so.1.0.0
7fda1ad7e000-7fda1ad7f000 rw-p 00001000 08:02 6562584                    /usr/lib/x86_64-linux-gnu/libxshmfence.so.1.0.0
7fda1ad7f000-7fda1ad84000 r-xp 00000000 08:02 6562566                    /usr/lib/x86_64-linux-gnu/libxcb-sync.so.1.0.0
7fda1ad84000-7fda1af83000 ---p 00005000 08:02 6562566                    /usr/lib/x86_64-linux-gnu/libxcb-sync.so.1.0.0
7fda1af83000-7fda1af84000 r--p 00004000 08:02 6562566                    /usr/lib/x86_64-linux-gnu/libxcb-sync.so.1.0.0
7fda1af84000-7fda1af85000 rw-p 00005000 08:02 6562566                    /usr/lib/x86_64-linux-gnu/libxcb-sync.so.1.0.0
7fda1af85000-7fda1af87000 r-xp 00000000 08:02 6562554                    /usr/lib/x86_64-linux-gnu/libxcb-present.so.0.0.0
7fda1af87000-7fda1b186000 ---p 00002000 08:02 6562554                    /usr/lib/x86_64-linux-gnu/libxcb-present.so.0.0.0
7fda1b186000-7fda1b187000 r--p 00001000 08:02 6562554                    /usr/lib/x86_64-linux-gnu/libxcb-present.so.0.0.0
7fda1b187000-7fda1b188000 rw-p 00002000 08:02 6562554                    /usr/lib/x86_64-linux-gnu/libxcb-present.so.0.0.0
7fda1b188000-7fda1b18a000 r-xp 00000000 08:02 6562544                    /usr/lib/x86_64-linux-gnu/libxcb-dri3.so.0.0.0
7fda1b18a000-7fda1b389000 ---p 00002000 08:02 6562544                    /usr/lib/x86_64-linux-gnu/libxcb-dri3.so.0.0.0
7fda1b389000-7fda1b38a000 r--p 00001000 08:02 6562544                    /usr/lib/x86_64-linux-gnu/libxcb-dri3.so.0.0.0
7fda1b38a000-7fda1b38b000 rw-p 00002000 08:02 6562544                    /usr/lib/x86_64-linux-gnu/libxcb-dri3.so.0.0.0
7fda1b38b000-7fda1b38e000 r-xp 00000000 08:02 6562542                    /usr/lib/x86_64-linux-gnu/libxcb-dri2.so.0.0.0
7fda1b38e000-7fda1b58e000 ---p 00003000 08:02 6562542                    /usr/lib/x86_64-linux-gnu/libxcb-dri2.so.0.0.0
7fda1b58e000-7fda1b58f000 r--p 00003000 08:02 6562542                    /usr/lib/x86_64-linux-gnu/libxcb-dri2.so.0.0.0
7fda1b58f000-7fda1b590000 rw-p 00004000 08:02 6562542                    /usr/lib/x86_64-linux-gnu/libxcb-dri2.so.0.0.0
7fda1b590000-7fda1b5a5000 r-xp 00000000 08:02 6562546                    /usr/lib/x86_64-linux-gnu/libxcb-glx.so.0.0.0
7fda1b5a5000-7fda1b7a4000 ---p 00015000 08:02 6562546                    /usr/lib/x86_64-linux-gnu/libxcb-glx.so.0.0.0
7fda1b7a4000-7fda1b7a6000 r--p 00014000 08:02 6562546                    /usr/lib/x86_64-linux-gnu/libxcb-glx.so.0.0.0
7fda1b7a6000-7fda1b7a7000 rw-p 00016000 08:02 6562546                    /usr/lib/x86_64-linux-gnu/libxcb-glx.so.0.0.0
7fda1b7a7000-7fda1b7a8000 r-xp 00000000 08:02 6561502                    /usr/lib/x86_64-linux-gnu/libX11-xcb.so.1.0.0
7fda1b7a8000-7fda1b9a7000 ---p 00001000 08:02 6561502                    /usr/lib/x86_64-linux-gnu/libX11-xcb.so.1.0.0
7fda1b9a7000-7fda1b9a8000 r--p 00000000 08:02 6561502                    /usr/lib/x86_64-linux-gnu/libX11-xcb.so.1.0.0
7fda1b9a8000-7fda1b9a9000 rw-p 00001000 08:02 6561502                    /usr/lib/x86_64-linux-gnu/libX11-xcb.so.1.0.0
7fda1b9a9000-7fda1b9ab000 r-xp 00000000 08:02 6561517                    /usr/lib/x86_64-linux-gnu/libXdamage.so.1.1.0
7fda1b9ab000-7fda1bbaa000 ---p 00002000 08:02 6561517                    /usr/lib/x86_64-linux-gnu/libXdamage.so.1.1.0
7fda1bbaa000-7fda1bbab000 r--p 00001000 08:02 6561517                    /usr/lib/x86_64-linux-gnu/libXdamage.so.1.1.0
7fda1bbab000-7fda1bbac000 rw-p 00002000 08:02 6561517                    /usr/lib/x86_64-linux-gnu/libXdamage.so.1.1.0
7fda1bbac000-7fda1bbd1000 r-xp 00000000 08:02 6561895                    /usr/lib/x86_64-linux-gnu/libglapi.so.0.0.0
7fda1bbd1000-7fda1bdd1000 ---p 00025000 08:02 6561895                    /usr/lib/x86_64-linux-gnu/libglapi.so.0.0.0
7fda1bdd1000-7fda1bdd4000 r--p 00025000 08:02 6561895                    /usr/lib/x86_64-linux-gnu/libglapi.so.0.0.0
7fda1bdd4000-7fda1bdd5000 rw-p 00028000 08:02 6561895                    /usr/lib/x86_64-linux-gnu/libglapi.so.0.0.0
7fda1bdd5000-7fda1bdd6000 rw-p 00000000 00:00 0 
7fda1bdd6000-7fda1bdfd000 r-xp 00000000 08:02 13637323                   /lib/x86_64-linux-gnu/libexpat.so.1.6.0
7fda1bdfd000-7fda1bffd000 ---p 00027000 08:02 13637323                   /lib/x86_64-linux-gnu/libexpat.so.1.6.0
7fda1bffd000-7fda1bfff000 r--p 00027000 08:02 13637323                   /lib/x86_64-linux-gnu/libexpat.so.1.6.0
7fda1bfff000-7fda1c000000 rw-p 00029000 08:02 13637323                   /lib/x86_64-linux-gnu/libexpat.so.1.6.0
7fda1c000000-7fda1c021000 rw-p 00000000 00:00 0 
7fda1c021000-7fda20000000 ---p 00000000 00:00 0 
7fda20000000-7fda20021000 rw-p 00000000 00:00 0 
7fda20021000-7fda24000000 ---p 00000000 00:00 0 
7fda24000000-7fda24021000 rw-p 00000000 00:00 0 
7fda24021000-7fda28000000 ---p 00000000 00:00 0 
7fda28000000-7fda28021000 rw-p 00000000 00:00 0 
7fda28021000-7fda2c000000 ---p 00000000 00:00 0 
7fda2c000000-7fda2c021000 rw-p 00000000 00:00 0 
7fda2c021000-7fda30000000 ---p 00000000 00:00 0 
7fda30000000-7fda30021000 rw-p 00000000 00:00 0 
7fda30021000-7fda34000000 ---p 00000000 00:00 0 
7fda34002000-7fda34003000 rw-p 00000000 00:00 0 
7fda34003000-7fda3400b000 rw-s 00000000 00:05 144107                     /drm mm object (deleted)
7fda3400b000-7fda34012000 r--s 00000000 08:02 6947811                    /usr/lib/x86_64-linux-gnu/gconv/gconv-modules.cache
7fda34012000-7fda34025000 r--s 00344000 08:02 6695996                    /usr/bin/processing-3.0/java/lib/resources.jar
7fda34025000-7fda340c5000 rw-s 1d3df7000 00:06 10208                     /dev/dri/card0
7fda340c5000-7fda340cd000 rw-s 00000000 00:05 145172                     /drm mm object (deleted)
7fda340cd000-7fda340d5000 rw-s 00000000 00:05 145146                     /drm mm object (deleted)
7fda340d5000-7fda340dd000 rw-s 00000000 00:05 144019                     /drm mm object (deleted)
7fda340dd000-7fda340e5000 rw-s 00000000 00:05 145908                     /drm mm object (deleted)
7fda340e5000-7fda34173000 r-xp 00000000 08:02 6948350                    /usr/lib/x86_64-linux-gnu/mesa/libGL.so.1.2.0
7fda34173000-7fda34372000 ---p 0008e000 08:02 6948350                    /usr/lib/x86_64-linux-gnu/mesa/libGL.so.1.2.0
7fda34372000-7fda34375000 r--p 0008d000 08:02 6948350                    /usr/lib/x86_64-linux-gnu/mesa/libGL.so.1.2.0
7fda34375000-7fda34376000 rw-p 00090000 08:02 6948350                    /usr/lib/x86_64-linux-gnu/mesa/libGL.so.1.2.0
7fda34376000-7fda34577000 rw-p 00000000 00:00 0 
7fda34577000-7fda34579000 r-xp 00000000 08:02 6561531                    /usr/lib/x86_64-linux-gnu/libXinerama.so.1.0.0
7fda34579000-7fda34778000 ---p 00002000 08:02 6561531                    /usr/lib/x86_64-linux-gnu/libXinerama.so.1.0.0
7fda34778000-7fda34779000 r--p 00001000 08:02 6561531                    /usr/lib/x86_64-linux-gnu/libXinerama.so.1.0.0
7fda34779000-7fda3477a000 rw-p 00002000 08:02 6561531                    /usr/lib/x86_64-linux-gnu/libXinerama.so.1.0.0
7fda3477a000-7fda3477d000 ---p 00000000 00:00 0 
7fda3477d000-7fda34d2b000 rw-p 00000000 00:00 0                          [stack:8815]
7fda34d2b000-7fda34d3a000 r-xp 00000000 08:02 4461999                    /tmp/jogamp_0000/file_cache/jln6156820721897427953/jln7810141912987437517/libnewt.so
7fda34d3a000-7fda34f39000 ---p 0000f000 08:02 4461999                    /tmp/jogamp_0000/file_cache/jln6156820721897427953/jln7810141912987437517/libnewt.so
7fda34f39000-7fda34f3a000 rw-p 0000e000 08:02 4461999                    /tmp/jogamp_0000/file_cache/jln6156820721897427953/jln7810141912987437517/libnewt.so
7fda34f3a000-7fda34f41000 r-xp 00000000 08:02 4461998                    /tmp/jogamp_0000/file_cache/jln6156820721897427953/jln7810141912987437517/libnativewindow_x11.so
7fda34f41000-7fda35140000 ---p 00007000 08:02 4461998                    /tmp/jogamp_0000/file_cache/jln6156820721897427953/jln7810141912987437517/libnativewindow_x11.so
7fda35140000-7fda35141000 rw-p 00006000 08:02 4461998                    /tmp/jogamp_0000/file_cache/jln6156820721897427953/jln7810141912987437517/libnativewindow_x11.so
7fda35141000-7fda35144000 ---p 00000000 00:00 0 
7fda35144000-7fda35242000 rw-p 00000000 00:00 0 
7fda35242000-7fda35246000 r-xp 00000000 08:02 6561559                    /usr/lib/x86_64-linux-gnu/libXxf86vm.so.1.0.0
7fda35246000-7fda35446000 ---p 00004000 08:02 6561559                    /usr/lib/x86_64-linux-gnu/libXxf86vm.so.1.0.0
7fda35446000-7fda35447000 r--p 00004000 08:02 6561559                    /usr/lib/x86_64-linux-gnu/libXxf86vm.so.1.0.0
7fda35447000-7fda35448000 rw-p 00005000 08:02 6561559                    /usr/lib/x86_64-linux-gnu/libXxf86vm.so.1.0.0
7fda35448000-7fda3544a000 rw-s 1d3e98000 00:06 10208                     /dev/dri/card0
7fda3544a000-7fda3544b000 rw-s 1d3e97000 00:06 10208                     /dev/dri/card0
7fda3544b000-7fda3544c000 rw-s 81000000 00:06 94744                      /dev/snd/pcmC2D0p
7fda3544c000-7fda3544d000 r--s 80000000 00:06 94744                      /dev/snd/pcmC2D0p
7fda3544d000-7fda3544e000 rw-s 1d3df6000 00:06 10208                     /dev/dri/card0
7fda3544e000-7fda3544f000 rw-s 1d3df5000 00:06 10208                     /dev/dri/card0
7fda3544f000-7fda35450000 rwxp 00000000 00:00 0 
7fda35450000-7fda35458000 rw-s 00000000 00:05 145080                     /drm mm object (deleted)
7fda35458000-7fda35460000 rw-s 00000000 00:05 145120                     /drm mm object (deleted)
7fda35460000-7fda35461000 rw-s 1d3df4000 00:06 10208                     /dev/dri/card0
7fda35461000-7fda35469000 rw-s 00000000 00:05 145069                     /drm mm object (deleted)
7fda35469000-7fda3546b000 r-xp 00000000 08:02 4461997                    /tmp/jogamp_0000/file_cache/jln6156820721897427953/jln7810141912987437517/libnativewindow_awt.so
7fda3546b000-7fda3566a000 ---p 00002000 08:02 4461997                    /tmp/jogamp_0000/file_cache/jln6156820721897427953/jln7810141912987437517/libnativewindow_awt.so
7fda3566a000-7fda3566b000 rw-p 00001000 08:02 4461997                    /tmp/jogamp_0000/file_cache/jln6156820721897427953/jln7810141912987437517/libnativewindow_awt.so
7fda3566b000-7fda3566c000 r-xp 00000000 08:02 8012156                    /usr/bin/processing-3.0/java/lib/amd64/libjawt.so
7fda3566c000-7fda3586b000 ---p 00001000 08:02 8012156                    /usr/bin/processing-3.0/java/lib/amd64/libjawt.so
7fda3586b000-7fda3586c000 rw-p 00000000 08:02 8012156                    /usr/bin/processing-3.0/java/lib/amd64/libjawt.so
7fda3586c000-7fda3586e000 r-xp 00000000 08:02 4461994                    /tmp/jogamp_0000/file_cache/jln6156820721897427953/jln7810141912987437517/libgluegen-rt.so
7fda3586e000-7fda35a6d000 ---p 00002000 08:02 4461994                    /tmp/jogamp_0000/file_cache/jln6156820721897427953/jln7810141912987437517/libgluegen-rt.so
7fda35a6d000-7fda35a6e000 rw-p 00001000 08:02 4461994                    /tmp/jogamp_0000/file_cache/jln6156820721897427953/jln7810141912987437517/libgluegen-rt.so
7fda35a6e000-7fda35a71000 ---p 00000000 00:00 0 
7fda35a71000-7fda35b6f000 rw-p 00000000 00:00 0 
7fda35b6f000-7fda35b80000 r-xp 00000000 08:02 8012203                    /usr/bin/processing-3.0/java/lib/amd64/libnio.so
7fda35b80000-7fda35d7f000 ---p 00011000 08:02 8012203                    /usr/bin/processing-3.0/java/lib/amd64/libnio.so
7fda35d7f000-7fda35d80000 rw-p 00010000 08:02 8012203                    /usr/bin/processing-3.0/java/lib/amd64/libnio.so
7fda35d80000-7fda35d96000 r-xp 00000000 08:02 8012151                    /usr/bin/processing-3.0/java/lib/amd64/libnet.so
7fda35d96000-7fda35f96000 ---p 00016000 08:02 8012151                    /usr/bin/processing-3.0/java/lib/amd64/libnet.so
7fda35f96000-7fda35f97000 rw-p 00016000 08:02 8012151                    /usr/bin/processing-3.0/java/lib/amd64/libnet.so
7fda35f97000-7fda35f9a000 ---p 00000000 00:00 0 
7fda35f9a000-7fda35fd0000 rw-p 00000000 00:00 0                          [stack:8808]
7fda35fd0000-7fda35fd4000 r--s 00095000 08:02 6696012                    /usr/bin/processing-3.0/java/lib/jsse.jar
7fda35fd4000-7fda361d4000 rw-p 00000000 00:00 0 
7fda361d4000-7fda361d7000 r--s 00041000 08:02 8014028                    /usr/bin/processing-3.0/modes/java/mode/org.netbeans.swing.outline.jar
7fda361d7000-7fda361dc000 r--s 00038000 08:02 8014038                    /usr/bin/processing-3.0/modes/java/mode/org.eclipse.text.jar
7fda361dc000-7fda361f0000 r--s 00121000 08:02 8014045                    /usr/bin/processing-3.0/modes/java/mode/org.eclipse.osgi.jar
7fda361f0000-7fda36228000 r--s 00515000 08:02 8014044                    /usr/bin/processing-3.0/modes/java/mode/org.eclipse.jdt.core.jar
7fda36228000-7fda3622b000 r--s 0001c000 08:02 8014042                    /usr/bin/processing-3.0/modes/java/mode/org.eclipse.equinox.preferences.jar
7fda3622b000-7fda3622e000 r--s 00018000 08:02 8014034                    /usr/bin/processing-3.0/modes/java/mode/org.eclipse.equinox.common.jar
7fda3622e000-7fda36230000 r--s 00011000 08:02 8014037                    /usr/bin/processing-3.0/modes/java/mode/org.eclipse.core.runtime.jar
7fda36230000-7fda3623b000 r--s 000c1000 08:02 8014040                    /usr/bin/processing-3.0/modes/java/mode/org.eclipse.core.resources.jar
7fda3623b000-7fda3623d000 r--s 00016000 08:02 8014027                    /usr/bin/processing-3.0/modes/java/mode/org.eclipse.core.jobs.jar
7fda3623d000-7fda3623f000 r--s 00015000 08:02 8014029                    /usr/bin/processing-3.0/modes/java/mode/org.eclipse.core.contenttype.jar
7fda3623f000-7fda36244000 r--s 0003f000 08:02 8014032                    /usr/bin/processing-3.0/modes/java/mode/jsoup-1.7.1.jar
7fda36244000-7fda36251000 r--s 000cb000 08:02 8014036                    /usr/bin/processing-3.0/modes/java/mode/jdimodel.jar
7fda36251000-7fda36255000 r--s 0000e000 08:02 8014030                    /usr/bin/processing-3.0/modes/java/mode/jdi.jar
7fda36255000-7fda3625b000 r--s 0007d000 08:02 8014033                    /usr/bin/processing-3.0/modes/java/mode/JavaMode.jar
7fda3625b000-7fda362b6000 r--s 009e2000 08:02 8014039                    /usr/bin/processing-3.0/modes/java/mode/com.ibm.icu.jar
7fda362b6000-7fda362bb000 r--s 00068000 08:02 8014043                    /usr/bin/processing-3.0/modes/java/mode/antlr.jar
7fda362bb000-7fda362c5000 r--s 00097000 08:02 6695776                    /usr/bin/processing-3.0/lib/pde.jar
7fda362c5000-7fda362ce000 r-xp 00000000 08:02 6561541                    /usr/lib/x86_64-linux-gnu/libXrandr.so.2.2.0
7fda362ce000-7fda364cd000 ---p 00009000 08:02 6561541                    /usr/lib/x86_64-linux-gnu/libXrandr.so.2.2.0
7fda364cd000-7fda364ce000 r--p 00008000 08:02 6561541                    /usr/lib/x86_64-linux-gnu/libXrandr.so.2.2.0
7fda364ce000-7fda364cf000 rw-p 00009000 08:02 6561541                    /usr/lib/x86_64-linux-gnu/libXrandr.so.2.2.0
7fda364cf000-7fda364d2000 ---p 00000000 00:00 0 
7fda364d2000-7fda365d0000 rw-p 00000000 00:00 0                          [stack:8804]
7fda365d0000-7fda365d5000 r-xp 00000000 08:02 6561523                    /usr/lib/x86_64-linux-gnu/libXfixes.so.3.1.0
7fda365d5000-7fda367d4000 ---p 00005000 08:02 6561523                    /usr/lib/x86_64-linux-gnu/libXfixes.so.3.1.0
7fda367d4000-7fda367d5000 r--p 00004000 08:02 6561523                    /usr/lib/x86_64-linux-gnu/libXfixes.so.3.1.0
7fda367d5000-7fda367d6000 rw-p 00005000 08:02 6561523                    /usr/lib/x86_64-linux-gnu/libXfixes.so.3.1.0
7fda367d6000-7fda367df000 r-xp 00000000 08:02 6561515                    /usr/lib/x86_64-linux-gnu/libXcursor.so.1.0.2
7fda367df000-7fda369de000 ---p 00009000 08:02 6561515                    /usr/lib/x86_64-linux-gnu/libXcursor.so.1.0.2
7fda369de000-7fda369df000 r--p 00008000 08:02 6561515                    /usr/lib/x86_64-linux-gnu/libXcursor.so.1.0.2
7fda369df000-7fda369e0000 rw-p 00009000 08:02 6561515                    /usr/lib/x86_64-linux-gnu/libXcursor.so.1.0.2
7fda369e0000-7fda369f6000 r-xp 00000000 08:02 13635717                   /lib/x86_64-linux-gnu/libgcc_s.so.1
7fda369f6000-7fda36bf5000 ---p 00016000 08:02 13635717                   /lib/x86_64-linux-gnu/libgcc_s.so.1
7fda36bf5000-7fda36bf6000 rw-p 00015000 08:02 13635717                   /lib/x86_64-linux-gnu/libgcc_s.so.1
7fda36bf6000-7fda36c5c000 r-xp 00000000 08:02 8012146                    /usr/bin/processing-3.0/java/lib/amd64/libfontmanager.so
7fda36c5c000-7fda36e5b000 ---p 00066000 08:02 8012146                    /usr/bin/processing-3.0/java/lib/amd64/libfontmanager.so
7fda36e5b000-7fda36e5f000 rw-p 00065000 08:02 8012146                    /usr/bin/processing-3.0/java/lib/amd64/libfontmanager.so
7fda36e5f000-7fda36e70000 rw-p 00000000 00:00 0 
7fda36e70000-7fda36e75000 r-xp 00000000 08:02 6561519                    /usr/lib/x86_64-linux-gnu/libXdmcp.so.6.0.0
7fda36e75000-7fda37074000 ---p 00005000 08:02 6561519                    /usr/lib/x86_64-linux-gnu/libXdmcp.so.6.0.0
7fda37074000-7fda37075000 r--p 00004000 08:02 6561519                    /usr/lib/x86_64-linux-gnu/libXdmcp.so.6.0.0
7fda37075000-7fda37076000 rw-p 00005000 08:02 6561519                    /usr/lib/x86_64-linux-gnu/libXdmcp.so.6.0.0
7fda37076000-7fda37078000 r-xp 00000000 08:02 6561508                    /usr/lib/x86_64-linux-gnu/libXau.so.6.0.0
7fda37078000-7fda37278000 ---p 00002000 08:02 6561508                    /usr/lib/x86_64-linux-gnu/libXau.so.6.0.0
7fda37278000-7fda37279000 r--p 00002000 08:02 6561508                    /usr/lib/x86_64-linux-gnu/libXau.so.6.0.0
7fda37279000-7fda3727a000 rw-p 00003000 08:02 6561508                    /usr/lib/x86_64-linux-gnu/libXau.so.6.0.0
7fda3727a000-7fda37297000 r-xp 00000000 08:02 6562574                    /usr/lib/x86_64-linux-gnu/libxcb.so.1.1.0
7fda37297000-7fda37497000 ---p 0001d000 08:02 6562574                    /usr/lib/x86_64-linux-gnu/libxcb.so.1.1.0
7fda37497000-7fda37498000 r--p 0001d000 08:02 6562574                    /usr/lib/x86_64-linux-gnu/libxcb.so.1.1.0
7fda37498000-7fda37499000 rw-p 0001e000 08:02 6562574                    /usr/lib/x86_64-linux-gnu/libxcb.so.1.1.0
7fda37499000-7fda374a8000 r-xp 00000000 08:02 6561529                    /usr/lib/x86_64-linux-gnu/libXi.so.6.1.0
7fda374a8000-7fda376a7000 ---p 0000f000 08:02 6561529                    /usr/lib/x86_64-linux-gnu/libXi.so.6.1.0
7fda376a7000-7fda376a8000 r--p 0000e000 08:02 6561529                    /usr/lib/x86_64-linux-gnu/libXi.so.6.1.0
7fda376a8000-7fda376a9000 rw-p 0000f000 08:02 6561529                    /usr/lib/x86_64-linux-gnu/libXi.so.6.1.0
7fda376a9000-7fda376ae000 r-xp 00000000 08:02 6561549                    /usr/lib/x86_64-linux-gnu/libXtst.so.6.1.0
7fda376ae000-7fda378ad000 ---p 00005000 08:02 6561549                    /usr/lib/x86_64-linux-gnu/libXtst.so.6.1.0
7fda378ad000-7fda378ae000 r--p 00004000 08:02 6561549                    /usr/lib/x86_64-linux-gnu/libXtst.so.6.1.0
7fda378ae000-7fda378af000 rw-p 00005000 08:02 6561549                    /usr/lib/x86_64-linux-gnu/libXtst.so.6.1.0
7fda378af000-7fda378b8000 r-xp 00000000 08:02 6561543                    /usr/lib/x86_64-linux-gnu/libXrender.so.1.3.0
7fda378b8000-7fda37ab7000 ---p 00009000 08:02 6561543                    /usr/lib/x86_64-linux-gnu/libXrender.so.1.3.0
7fda37ab7000-7fda37ab8000 r--p 00008000 08:02 6561543                    /usr/lib/x86_64-linux-gnu/libXrender.so.1.3.0
7fda37ab8000-7fda37ab9000 rw-p 00009000 08:02 6561543                    /usr/lib/x86_64-linux-gnu/libXrender.so.1.3.0
7fda37ab9000-7fda37be9000 r-xp 00000000 08:02 6561504                    /usr/lib/x86_64-linux-gnu/libX11.so.6.3.0
7fda37be9000-7fda37de9000 ---p 00130000 08:02 6561504                    /usr/lib/x86_64-linux-gnu/libX11.so.6.3.0
7fda37de9000-7fda37dea000 r--p 00130000 08:02 6561504                    /usr/lib/x86_64-linux-gnu/libX11.so.6.3.0
7fda37dea000-7fda37dee000 rw-p 00131000 08:02 6561504                    /usr/lib/x86_64-linux-gnu/libX11.so.6.3.0
7fda37dee000-7fda37dff000 r-xp 00000000 08:02 6561521                    /usr/lib/x86_64-linux-gnu/libXext.so.6.4.0
7fda37dff000-7fda37ffe000 ---p 00011000 08:02 6561521                    /usr/lib/x86_64-linux-gnu/libXext.so.6.4.0
7fda37ffe000-7fda37fff000 r--p 00010000 08:02 6561521                    /usr/lib/x86_64-linux-gnu/libXext.so.6.4.0
7fda37fff000-7fda38000000 rw-p 00011000 08:02 6561521                    /usr/lib/x86_64-linux-gnu/libXext.so.6.4.0
7fda38000000-7fda388a8000 rw-p 00000000 00:00 0 
7fda388a8000-7fda3c000000 ---p 00000000 00:00 0 
7fda3c000000-7fda3c021000 rw-p 00000000 00:00 0 
7fda3c021000-7fda40000000 ---p 00000000 00:00 0 
7fda40000000-7fda42d43000 rw-p 00000000 00:00 0 
7fda42d43000-7fda44000000 ---p 00000000 00:00 0 
7fda44000000-7fda45971000 rw-p 00000000 00:00 0 
7fda45971000-7fda48000000 ---p 00000000 00:00 0 
7fda48000000-7fda48021000 rw-p 00000000 00:00 0 
7fda48021000-7fda4c000000 ---p 00000000 00:00 0 
7fda4c000000-7fda4c021000 rw-p 00000000 00:00 0 
7fda4c021000-7fda50000000 ---p 00000000 00:00 0 
7fda50000000-7fda50021000 rw-p 00000000 00:00 0 
7fda50021000-7fda54000000 ---p 00000000 00:00 0 
7fda54000000-7fda54021000 rw-p 00000000 00:00 0 
7fda54021000-7fda58000000 ---p 00000000 00:00 0 
7fda58000000-7fda58021000 rw-p 00000000 00:00 0 
7fda58021000-7fda5c000000 ---p 00000000 00:00 0 
7fda5c000000-7fda5c021000 rw-p 00000000 00:00 0 
7fda5c021000-7fda60000000 ---p 00000000 00:00 0 
7fda60000000-7fda60021000 rw-p 00000000 00:00 0 
7fda60021000-7fda64000000 ---p 00000000 00:00 0 
7fda64000000-7fda64021000 rw-p 00000000 00:00 0 
7fda64021000-7fda68000000 ---p 00000000 00:00 0 
7fda68000000-7fda68021000 rw-p 00000000 00:00 0 
7fda68021000-7fda6c000000 ---p 00000000 00:00 0 
7fda6c000000-7fda6c021000 rw-p 00000000 00:00 0 
7fda6c021000-7fda70000000 ---p 00000000 00:00 0 
7fda70000000-7fda70021000 rw-p 00000000 00:00 0 
7fda70021000-7fda74000000 ---p 00000000 00:00 0 
7fda74000000-7fda74001000 r--p 00000000 00:00 0 
7fda74001000-7fda74002000 r--s 00003000 08:02 8014046                    /usr/bin/processing-3.0/modes/java/mode/jdtCompilerAdapter.jar
7fda74002000-7fda74003000 r--s 00003000 08:02 8014035                    /usr/bin/processing-3.0/modes/java/mode/classpath-explorer-1.0.jar
7fda74003000-7fda74017000 r--s 00127000 08:02 6695832                    /usr/bin/processing-3.0/lib/jna.jar
7fda74017000-7fda74019000 r--s 00002000 08:02 6695836                    /usr/bin/processing-3.0/lib/ant-launcher.jar
7fda74019000-7fda74037000 r--s 001bb000 08:02 6695851                    /usr/bin/processing-3.0/lib/ant.jar
7fda74037000-7fda74039000 r--s 00005000 08:02 4591938                    /home/akelly/sketchbook/libraries/minim/library/mp3spi1.9.5.jar
7fda74039000-7fda7403d000 r--s 00040000 08:02 4591936                    /home/akelly/sketchbook/libraries/minim/library/jl1.0.1.jar
7fda7403d000-7fda74057000 r--s 01689000 08:02 6569030                    /usr/bin/processing-3.0/core/library/jogl-java-src.zip
7fda74057000-7fda7405f000 r--s 003d3000 08:02 6569026                    /usr/bin/processing-3.0/core/library/gluegen-java-src.zip
7fda7405f000-7fda74082000 r--s 00308000 08:02 6569034                    /usr/bin/processing-3.0/core/library/jogl-all.jar
7fda74082000-7fda74085000 ---p 00000000 00:00 0 
7fda74085000-7fda74183000 rw-p 00000000 00:00 0                          [stack:8803]
7fda74183000-7fda741d7000 r-xp 00000000 08:02 8012182                    /usr/bin/processing-3.0/java/lib/amd64/libawt_xawt.so
7fda741d7000-7fda743d7000 ---p 00054000 08:02 8012182                    /usr/bin/processing-3.0/java/lib/amd64/libawt_xawt.so
7fda743d7000-7fda743db000 rw-p 00054000 08:02 8012182                    /usr/bin/processing-3.0/java/lib/amd64/libawt_xawt.so
7fda743db000-7fda743dc000 rw-p 00000000 00:00 0 
7fda743dc000-7fda7447e000 r-xp 00000000 08:02 8012174                    /usr/bin/processing-3.0/java/lib/amd64/libawt.so
7fda7447e000-7fda7467e000 ---p 000a2000 08:02 8012174                    /usr/bin/processing-3.0/java/lib/amd64/libawt.so
7fda7467e000-7fda7468a000 rw-p 000a2000 08:02 8012174                    /usr/bin/processing-3.0/java/lib/amd64/libawt.so
7fda7468a000-7fda746ae000 rw-p 00000000 00:00 0 
7fda746ae000-7fda746af000 ---p 00000000 00:00 0 
7fda746af000-7fda747af000 rw-p 00000000 00:00 0                          [stack:8802]
7fda747af000-7fda747b2000 ---p 00000000 00:00 0 
7fda747b2000-7fda748b0000 rw-p 00000000 00:00 0                          [stack:8801]
7fda748b0000-7fda748b3000 ---p 00000000 00:00 0 
7fda748b3000-7fda749b1000 rw-p 00000000 00:00 0                          [stack:8800]
7fda749b1000-7fda749b4000 ---p 00000000 00:00 0 
7fda749b4000-7fda74ab2000 rw-p 00000000 00:00 0                          [stack:8799]
7fda74ab2000-7fda74ab5000 ---p 00000000 00:00 0 
7fda74ab5000-7fda74bb3000 rw-p 00000000 00:00 0                          [stack:8798]
7fda74bb3000-7fda74bb6000 ---p 00000000 00:00 0 
7fda74bb6000-7fda74cb4000 rw-p 00000000 00:00 0                          [stack:8792]
7fda74cb4000-7fda74cb7000 ---p 00000000 00:00 0 
7fda74cb7000-7fda74db5000 rw-p 00000000 00:00 0                          [stack:8787]
7fda74db5000-7fda74db8000 ---p 00000000 00:00 0 
7fda74db8000-7fda74eb6000 rw-p 00000000 00:00 0                          [stack:8786]
7fda74eb6000-7fda74eba000 r-xp 00000000 08:02 8012175                    /usr/bin/processing-3.0/java/lib/amd64/libdt_socket.so
7fda74eba000-7fda750b9000 ---p 00004000 08:02 8012175                    /usr/bin/processing-3.0/java/lib/amd64/libdt_socket.so
7fda750b9000-7fda750ba000 rw-p 00003000 08:02 8012175                    /usr/bin/processing-3.0/java/lib/amd64/libdt_socket.so
7fda750ba000-7fda750bd000 ---p 00000000 00:00 0 
7fda750bd000-7fda751bb000 rw-p 00000000 00:00 0                          [stack:8785]
7fda751bb000-7fda751be000 ---p 00000000 00:00 0 
7fda751be000-7fda752bc000 rw-p 00000000 00:00 0                          [stack:8784]
7fda752bc000-7fda752bf000 ---p 00000000 00:00 0 
7fda752bf000-7fda753bd000 rw-p 00000000 00:00 0                          [stack:8783]
7fda753bd000-7fda753be000 ---p 00000000 00:00 0 
7fda753be000-7fda76472000 rw-p 00000000 00:00 0                          [stack:8782]
7fda76472000-7fda7664a000 r--s 03d0c000 08:02 6695974                    /usr/bin/processing-3.0/java/lib/rt.jar
7fda7664a000-7fda7f2f7000 rw-p 00000000 00:00 0 
7fda7f2f7000-7fda7f2f8000 ---p 00000000 00:00 0 
7fda7f2f8000-7fda7f3f8000 rw-p 00000000 00:00 0                          [stack:8781]
7fda7f3f8000-7fda7f3f9000 ---p 00000000 00:00 0 
7fda7f3f9000-7fda7f4f9000 rw-p 00000000 00:00 0                          [stack:8780]
7fda7f4f9000-7fda7f4fa000 ---p 00000000 00:00 0 
7fda7f4fa000-7fda7f5fa000 rw-p 00000000 00:00 0                          [stack:8779]
7fda7f5fa000-7fda7f5fb000 ---p 00000000 00:00 0 
7fda7f5fb000-7fda7f74f000 rw-p 00000000 00:00 0                          [stack:8778]
7fda7f74f000-7fda7fc2b000 ---p 00000000 00:00 0 
7fda7fc2b000-7fda7fc7f000 rw-p 00000000 00:00 0 
7fda7fc7f000-7fda8015a000 ---p 00000000 00:00 0 
7fda8015a000-7fda80253000 rw-p 00000000 00:00 0 
7fda80253000-7fda803f2000 ---p 00000000 00:00 0 
7fda803f2000-7fda80414000 rw-p 00000000 00:00 0 
7fda80414000-7fda807b3000 ---p 00000000 00:00 0 
7fda807b3000-7fda80fe3000 rwxp 00000000 00:00 0 
7fda80fe3000-7fda8f7b3000 ---p 00000000 00:00 0 
7fda8f7b3000-7fda8f7cd000 r-xp 00000000 08:02 8012189                    /usr/bin/processing-3.0/java/lib/amd64/libzip.so
7fda8f7cd000-7fda8f9cd000 ---p 0001a000 08:02 8012189                    /usr/bin/processing-3.0/java/lib/amd64/libzip.so
7fda8f9cd000-7fda8f9ce000 rw-p 0001a000 08:02 8012189                    /usr/bin/processing-3.0/java/lib/amd64/libzip.so
7fda8f9ce000-7fda8f9d9000 r-xp 00000000 08:02 13635765                   /lib/x86_64-linux-gnu/libnss_files-2.19.so
7fda8f9d9000-7fda8fbd8000 ---p 0000b000 08:02 13635765                   /lib/x86_64-linux-gnu/libnss_files-2.19.so
7fda8fbd8000-7fda8fbd9000 r--p 0000a000 08:02 13635765                   /lib/x86_64-linux-gnu/libnss_files-2.19.so
7fda8fbd9000-7fda8fbda000 rw-p 0000b000 08:02 13635765                   /lib/x86_64-linux-gnu/libnss_files-2.19.so
7fda8fbda000-7fda8fbe5000 r-xp 00000000 08:02 13635775                   /lib/x86_64-linux-gnu/libnss_nis-2.19.so
7fda8fbe5000-7fda8fde4000 ---p 0000b000 08:02 13635775                   /lib/x86_64-linux-gnu/libnss_nis-2.19.so
7fda8fde4000-7fda8fde5000 r--p 0000a000 08:02 13635775                   /lib/x86_64-linux-gnu/libnss_nis-2.19.so
7fda8fde5000-7fda8fde6000 rw-p 0000b000 08:02 13635775                   /lib/x86_64-linux-gnu/libnss_nis-2.19.so
7fda8fde6000-7fda8fdfd000 r-xp 00000000 08:02 13635759                   /lib/x86_64-linux-gnu/libnsl-2.19.so
7fda8fdfd000-7fda8fffc000 ---p 00017000 08:02 13635759                   /lib/x86_64-linux-gnu/libnsl-2.19.so
7fda8fffc000-7fda8fffd000 r--p 00016000 08:02 13635759                   /lib/x86_64-linux-gnu/libnsl-2.19.so
7fda8fffd000-7fda8fffe000 rw-p 00017000 08:02 13635759                   /lib/x86_64-linux-gnu/libnsl-2.19.so
7fda8fffe000-7fda90000000 rw-p 00000000 00:00 0 
7fda90000000-7fda90917000 rw-p 00000000 00:00 0 
7fda90917000-7fda94000000 ---p 00000000 00:00 0 
7fda94000000-7fda94001000 r--s 0000b000 08:02 4591937                    /home/akelly/sketchbook/libraries/minim/library/jsminim.jar
7fda94001000-7fda94004000 r--s 00017000 08:02 4591933                    /home/akelly/sketchbook/libraries/minim/library/tritonus_share.jar
7fda94004000-7fda94007000 r--s 00016000 08:02 4591932                    /home/akelly/sketchbook/libraries/minim/library/minim.jar
7fda94007000-7fda94056000 rw-p 00000000 00:00 0 
7fda94056000-7fda9405f000 r-xp 00000000 08:02 13635761                   /lib/x86_64-linux-gnu/libnss_compat-2.19.so
7fda9405f000-7fda9425e000 ---p 00009000 08:02 13635761                   /lib/x86_64-linux-gnu/libnss_compat-2.19.so
7fda9425e000-7fda9425f000 r--p 00008000 08:02 13635761                   /lib/x86_64-linux-gnu/libnss_compat-2.19.so
7fda9425f000-7fda94260000 rw-p 00009000 08:02 13635761                   /lib/x86_64-linux-gnu/libnss_compat-2.19.so
7fda94260000-7fda94942000 r--p 00000000 08:02 6560506                    /usr/lib/locale/locale-archive
7fda94942000-7fda94944000 r-xp 00000000 08:02 8012169                    /usr/bin/processing-3.0/java/lib/amd64/libnpt.so
7fda94944000-7fda94b44000 ---p 00002000 08:02 8012169                    /usr/bin/processing-3.0/java/lib/amd64/libnpt.so
7fda94b44000-7fda94b45000 rw-p 00002000 08:02 8012169                    /usr/bin/processing-3.0/java/lib/amd64/libnpt.so
7fda94b45000-7fda94b7e000 r-xp 00000000 08:02 8012184                    /usr/bin/processing-3.0/java/lib/amd64/libjdwp.so
7fda94b7e000-7fda94d7d000 ---p 00039000 08:02 8012184                    /usr/bin/processing-3.0/java/lib/amd64/libjdwp.so
7fda94d7d000-7fda94d7f000 rw-p 00038000 08:02 8012184                    /usr/bin/processing-3.0/java/lib/amd64/libjdwp.so
7fda94d7f000-7fda94da9000 r-xp 00000000 08:02 8012204                    /usr/bin/processing-3.0/java/lib/amd64/libjava.so
7fda94da9000-7fda94fa9000 ---p 0002a000 08:02 8012204                    /usr/bin/processing-3.0/java/lib/amd64/libjava.so
7fda94fa9000-7fda94fab000 rw-p 0002a000 08:02 8012204                    /usr/bin/processing-3.0/java/lib/amd64/libjava.so
7fda94fab000-7fda94fb8000 r-xp 00000000 08:02 8012148                    /usr/bin/processing-3.0/java/lib/amd64/libverify.so
7fda94fb8000-7fda951b8000 ---p 0000d000 08:02 8012148                    /usr/bin/processing-3.0/java/lib/amd64/libverify.so
7fda951b8000-7fda951ba000 rw-p 0000d000 08:02 8012148                    /usr/bin/processing-3.0/java/lib/amd64/libverify.so
7fda951ba000-7fda951c1000 r-xp 00000000 08:02 13635818                   /lib/x86_64-linux-gnu/librt-2.19.so
7fda951c1000-7fda953c0000 ---p 00007000 08:02 13635818                   /lib/x86_64-linux-gnu/librt-2.19.so
7fda953c0000-7fda953c1000 r--p 00006000 08:02 13635818                   /lib/x86_64-linux-gnu/librt-2.19.so
7fda953c1000-7fda953c2000 rw-p 00007000 08:02 13635818                   /lib/x86_64-linux-gnu/librt-2.19.so
7fda953c2000-7fda954c7000 r-xp 00000000 08:02 13635740                   /lib/x86_64-linux-gnu/libm-2.19.so
7fda954c7000-7fda956c6000 ---p 00105000 08:02 13635740                   /lib/x86_64-linux-gnu/libm-2.19.so
7fda956c6000-7fda956c7000 r--p 00104000 08:02 13635740                   /lib/x86_64-linux-gnu/libm-2.19.so
7fda956c7000-7fda956c8000 rw-p 00105000 08:02 13635740                   /lib/x86_64-linux-gnu/libm-2.19.so
7fda956c8000-7fda96376000 r-xp 00000000 08:02 8012167                    /usr/bin/processing-3.0/java/lib/amd64/server/libjvm.so
7fda96376000-7fda96576000 ---p 00cae000 08:02 8012167                    /usr/bin/processing-3.0/java/lib/amd64/server/libjvm.so
7fda96576000-7fda9664d000 rw-p 00cae000 08:02 8012167                    /usr/bin/processing-3.0/java/lib/amd64/server/libjvm.so
7fda9664d000-7fda96691000 rw-p 00000000 00:00 0 
7fda96691000-7fda9684c000 r-xp 00000000 08:02 13635690                   /lib/x86_64-linux-gnu/libc-2.19.so
7fda9684c000-7fda96a4b000 ---p 001bb000 08:02 13635690                   /lib/x86_64-linux-gnu/libc-2.19.so
7fda96a4b000-7fda96a4f000 r--p 001ba000 08:02 13635690                   /lib/x86_64-linux-gnu/libc-2.19.so
7fda96a4f000-7fda96a51000 rw-p 001be000 08:02 13635690                   /lib/x86_64-linux-gnu/libc-2.19.so
7fda96a51000-7fda96a56000 rw-p 00000000 00:00 0 
7fda96a56000-7fda96a59000 r-xp 00000000 08:02 13635707                   /lib/x86_64-linux-gnu/libdl-2.19.so
7fda96a59000-7fda96c58000 ---p 00003000 08:02 13635707                   /lib/x86_64-linux-gnu/libdl-2.19.so
7fda96c58000-7fda96c59000 r--p 00002000 08:02 13635707                   /lib/x86_64-linux-gnu/libdl-2.19.so
7fda96c59000-7fda96c5a000 rw-p 00003000 08:02 13635707                   /lib/x86_64-linux-gnu/libdl-2.19.so
7fda96c5a000-7fda96c6f000 r-xp 00000000 08:02 8012145                    /usr/bin/processing-3.0/java/lib/amd64/jli/libjli.so
7fda96c6f000-7fda96e6f000 ---p 00015000 08:02 8012145                    /usr/bin/processing-3.0/java/lib/amd64/jli/libjli.so
7fda96e6f000-7fda96e70000 rw-p 00015000 08:02 8012145                    /usr/bin/processing-3.0/java/lib/amd64/jli/libjli.so
7fda96e70000-7fda96e89000 r-xp 00000000 08:02 13635810                   /lib/x86_64-linux-gnu/libpthread-2.19.so
7fda96e89000-7fda97088000 ---p 00019000 08:02 13635810                   /lib/x86_64-linux-gnu/libpthread-2.19.so
7fda97088000-7fda97089000 r--p 00018000 08:02 13635810                   /lib/x86_64-linux-gnu/libpthread-2.19.so
7fda97089000-7fda9708a000 rw-p 00019000 08:02 13635810                   /lib/x86_64-linux-gnu/libpthread-2.19.so
7fda9708a000-7fda9708e000 rw-p 00000000 00:00 0 
7fda9708e000-7fda970b1000 r-xp 00000000 08:02 13635666                   /lib/x86_64-linux-gnu/ld-2.19.so
7fda970b1000-7fda970b2000 r--s 00002000 08:02 4591935                    /home/akelly/sketchbook/libraries/minim/library/tritonus_aos.jar
7fda970b2000-7fda970b3000 r--s 00001000 08:02 6569033                    /usr/bin/processing-3.0/core/library/gluegen-rt-natives-macosx-universal.jar
7fda970b3000-7fda970b5000 r--s 00038000 08:02 6569032                    /usr/bin/processing-3.0/core/library/jogl-all-natives-windows-amd64.jar
7fda970b5000-7fda970b6000 r--s 00034000 08:02 6569031                    /usr/bin/processing-3.0/core/library/jogl-all-natives-linux-amd64.jar
7fda970b6000-7fda970b7000 r--s 00001000 08:02 6569036                    /usr/bin/processing-3.0/core/library/gluegen-rt-natives-windows-i586.jar
7fda970b7000-7fda97188000 rw-p 00000000 00:00 0 
7fda97188000-7fda9718b000 ---p 00000000 00:00 0 
7fda9718b000-7fda9728d000 rw-p 00000000 00:00 0                          [stack:8776]
7fda9728d000-7fda97293000 r--s 0004a000 08:02 6569021                    /usr/bin/processing-3.0/core/library/gluegen-rt.jar
7fda97293000-7fda97294000 r--s 00000000 08:02 6569035                    /usr/bin/processing-3.0/core/library/gluegen-rt-natives-linux-armv6hf.jar
7fda97294000-7fda97295000 r--s 00031000 08:02 6569019                    /usr/bin/processing-3.0/core/library/jogl-all-natives-windows-i586.jar
7fda97295000-7fda97296000 r--s 00001000 08:02 6569022                    /usr/bin/processing-3.0/core/library/gluegen-rt-natives-windows-amd64.jar
7fda97296000-7fda97298000 r--s 0006c000 08:02 6569020                    /usr/bin/processing-3.0/core/library/jogl-all-natives-macosx-universal.jar
7fda97298000-7fda9729d000 r--s 000f0000 08:02 6569027                    /usr/bin/processing-3.0/core/library/core.jar
7fda9729d000-7fda9729f000 r--s 00000000 08:02 6569025                    /usr/bin/processing-3.0/core/library/gluegen-rt-natives-linux-amd64.jar
7fda9729f000-7fda972a0000 r--s 00026000 08:02 6569028                    /usr/bin/processing-3.0/core/library/jogl-all-natives-linux-armv6hf.jar
7fda972a0000-7fda972a1000 r--s 00032000 08:02 6569024                    /usr/bin/processing-3.0/core/library/jogl-all-natives-linux-i586.jar
7fda972a1000-7fda972a3000 r--s 00000000 08:02 6569023                    /usr/bin/processing-3.0/core/library/gluegen-rt-natives-linux-i586.jar
7fda972a3000-7fda972a4000 rw-p 00000000 00:00 0 
7fda972a4000-7fda972ac000 rw-s 00000000 08:02 4325390                    /tmp/hsperfdata_akelly/8775
7fda972ac000-7fda972ad000 rw-p 00000000 00:00 0 
7fda972ad000-7fda972ae000 r--p 00000000 00:00 0 
7fda972ae000-7fda972b0000 rw-p 00000000 00:00 0 
7fda972b0000-7fda972b1000 r--p 00022000 08:02 13635666                   /lib/x86_64-linux-gnu/ld-2.19.so
7fda972b1000-7fda972b2000 rw-p 00023000 08:02 13635666                   /lib/x86_64-linux-gnu/ld-2.19.so
7fda972b2000-7fda972b3000 rw-p 00000000 00:00 0 
7ffcd767f000-7ffcd76a2000 rw-p 00000000 00:00 0                          [stack]
7ffcd77cb000-7ffcd77cd000 r--p 00000000 00:00 0                          [vvar]
7ffcd77cd000-7ffcd77cf000 r-xp 00000000 00:00 0                          [vdso]
ffffffffff600000-ffffffffff601000 r-xp 00000000 00:00 0                  [vsyscall]

VM Arguments:
jvm_args: -agentlib:jdwp=transport=dt_socket,address=8360,server=y,suspend=y -Djava.library.path=:/usr/bin/processing-3.0/core/library:/home/akelly/sketchbook/libraries/minim/library:/usr/java/packages/lib/amd64:/usr/lib64:/lib64:/lib:/usr/lib -ea 
java_command: processing.core.PApplet --display=1 --sketch-path=/home/akelly/sketchbook/_audioVisualizer/_audioVisualizer/build build
java_class_path (initial): /home/akelly/sketchbook/_audioVisualizer/_audioVisualizer/build/build-tmp:/usr/bin/processing-3.0/core/library/gluegen-rt-natives-linux-i586.jar:/usr/bin/processing-3.0/core/library/jogl-all-natives-linux-i586.jar:/usr/bin/processing-3.0/core/library/jogl-all-natives-linux-armv6hf.jar:/usr/bin/processing-3.0/core/library/gluegen-rt-natives-linux-amd64.jar:/usr/bin/processing-3.0/core/library/core.jar:/usr/bin/processing-3.0/core/library/jogl-all-natives-macosx-universal.jar:/usr/bin/processing-3.0/core/library/gluegen-rt-natives-windows-amd64.jar:/usr/bin/processing-3.0/core/library/jogl-all-natives-windows-i586.jar:/usr/bin/processing-3.0/core/library/gluegen-rt-natives-linux-armv6hf.jar:/usr/bin/processing-3.0/core/library/gluegen-rt.jar:/usr/bin/processing-3.0/core/library/gluegen-rt-natives-windows-i586.jar:/usr/bin/processing-3.0/core/library/jogl-all.jar:/usr/bin/processing-3.0/core/library/jogl-all-natives-linux-amd64.jar:/usr/bin/processing-3.0/core/library/jogl-all-natives-windows-amd64.jar:/usr/bin/processing-3.0/core/library/gluegen-java-src.zip:/usr/bin/processing-3.0/core/library/jogl-java-src.zip:/usr/bin/processing-3.0/core/library/gluegen-rt-natives-macosx-universal.jar:/usr/bin/processing-3.0/core/library/gluegen-rt-natives-linux-i586.jar:/usr/bin/processing-3.0/core/library/jogl-all-natives-linux-i586.jar:/usr/bin/processing-3.0/core/library/jogl-all-natives-linux-armv6hf.jar:/usr/bin/processing-3.0/core/library/gluegen-rt-natives-linux-amd64.jar:/usr/bin/processing-3.0/core/library/core.jar:/usr/bin/processing-3.0/core/library/jogl-all-natives-macosx-universal.jar:/usr/bin/processing-3.0/core/library/gluegen-rt-natives-windows-amd64.jar:/usr/bin/processing-3.0/core/library/jogl-all-natives-windows-i586.jar:/usr/bin/processing-3.0/core/library/gluegen-rt-natives-linux-armv6hf.jar:/usr/bin/processing-3.0/core/library/gluegen-rt.jar:/usr/bin/processing-3.0/core/library/gluegen-rt-natives-windows-i586.jar:/usr/bin/processi
Launcher Type: SUN_STANDARD

Environment Variables:
PATH=/usr/bin/processing-3.0/java/bin:/usr/local/sbin:/usr/local/bin:/usr/sbin:/usr/bin:/sbin:/bin:/usr/games:/usr/local/games
SHELL=/bin/bash
DISPLAY=:0

Signal Handlers:
SIGSEGV: [libjvm.so+0xaad540], sa_mask[0]=11111111011111111101111111111110, sa_flags=SA_RESTART|SA_SIGINFO
SIGBUS: [libjvm.so+0xaad540], sa_mask[0]=11111111011111111101111111111110, sa_flags=SA_RESTART|SA_SIGINFO
SIGFPE: [libjvm.so+0x90b6b0], sa_mask[0]=11111111011111111101111111111110, sa_flags=SA_RESTART|SA_SIGINFO
SIGPIPE: [libjvm.so+0x90b6b0], sa_mask[0]=11111111011111111101111111111110, sa_flags=SA_RESTART|SA_SIGINFO
SIGXFSZ: [libjvm.so+0x90b6b0], sa_mask[0]=11111111011111111101111111111110, sa_flags=SA_RESTART|SA_SIGINFO
SIGILL: [libjvm.so+0x90b6b0], sa_mask[0]=11111111011111111101111111111110, sa_flags=SA_RESTART|SA_SIGINFO
SIGUSR1: SIG_DFL, sa_mask[0]=00000000000000000000000000000000, sa_flags=none
SIGUSR2: [libjvm.so+0x90ccf0], sa_mask[0]=00100000000000000000000000000000, sa_flags=SA_RESTART|SA_SIGINFO
SIGHUP: [libjvm.so+0x90e040], sa_mask[0]=11111111011111111101111111111110, sa_flags=SA_RESTART|SA_SIGINFO
SIGINT: [libjvm.so+0x90e040], sa_mask[0]=11111111011111111101111111111110, sa_flags=SA_RESTART|SA_SIGINFO
SIGTERM: [libjvm.so+0x90e040], sa_mask[0]=11111111011111111101111111111110, sa_flags=SA_RESTART|SA_SIGINFO
SIGQUIT: [libjvm.so+0x90e040], sa_mask[0]=11111111011111111101111111111110, sa_flags=SA_RESTART|SA_SIGINFO


---------------  S Y S T E M  ---------------

OS:DISTRIB_ID=Ubuntu
DISTRIB_RELEASE=14.04
DISTRIB_CODENAME=trusty
DISTRIB_DESCRIPTION="Ubuntu 14.04.3 LTS"

uname:Linux 3.19.0-28-generic #30~14.04.1-Ubuntu SMP Tue Sep 1 09:32:55 UTC 2015 x86_64
libc:glibc 2.19 NPTL 2.19 
rlimit: STACK 8192k, CORE 0k, NPROC 63284, NOFILE 4096, AS infinity
load average:2.49 2.45 2.63

/proc/meminfo:
MemTotal:       16309452 kB
MemFree:        10856080 kB
MemAvailable:   12055656 kB
Buffers:          116448 kB
Cached:          1651692 kB
SwapCached:           48 kB
Active:          4475120 kB
Inactive:         709404 kB
Active(anon):    3547260 kB
Inactive(anon):   312360 kB
Active(file):     927860 kB
Inactive(file):   397044 kB
Unevictable:          92 kB
Mlocked:              92 kB
SwapTotal:      16653308 kB
SwapFree:       16584364 kB
Dirty:               228 kB
Writeback:             0 kB
AnonPages:       3416720 kB
Mapped:           586068 kB
Shmem:            443240 kB
Slab:             128868 kB
SReclaimable:      87232 kB
SUnreclaim:        41636 kB
KernelStack:       10560 kB
PageTables:        53184 kB
NFS_Unstable:          0 kB
Bounce:                0 kB
WritebackTmp:          0 kB
CommitLimit:    24808032 kB
Committed_AS:    9321308 kB
VmallocTotal:   34359738367 kB
VmallocUsed:      384844 kB
VmallocChunk:   34359343192 kB
HardwareCorrupted:     0 kB
AnonHugePages:   1204224 kB
CmaTotal:              0 kB
CmaFree:               0 kB
HugePages_Total:       0
HugePages_Free:        0
HugePages_Rsvd:        0
HugePages_Surp:        0
Hugepagesize:       2048 kB
DirectMap4k:      200108 kB
DirectMap2M:    12259328 kB
DirectMap1G:     4194304 kB


CPU:total 4 (2 cores per cpu, 2 threads per core) family 6 model 61 stepping 4, cmov, cx8, fxsr, mmx, sse, sse2, sse3, ssse3, sse4.1, sse4.2, popcnt, avx, avx2, aes, clmul, erms, rtm, 3dnowpref, lzcnt, ht, tsc, tscinvbit, bmi1, bmi2, adx

/proc/cpuinfo:
processor	: 0
vendor_id	: GenuineIntel
cpu family	: 6
model		: 61
model name	: Intel(R) Core(TM) i7-5600U CPU @ 2.60GHz
stepping	: 4
microcode	: 0x19
cpu MHz		: 1076.562
cache size	: 4096 KB
physical id	: 0
siblings	: 4
core id		: 0
cpu cores	: 2
apicid		: 0
initial apicid	: 0
fpu		: yes
fpu_exception	: yes
cpuid level	: 20
wp		: yes
flags		: fpu vme de pse tsc msr pae mce cx8 apic sep mtrr pge mca cmov pat pse36 clflush dts acpi mmx fxsr sse sse2 ss ht tm pbe syscall nx pdpe1gb rdtscp lm constant_tsc arch_perfmon pebs bts rep_good nopl xtopology nonstop_tsc aperfmperf eagerfpu pni pclmulqdq dtes64 monitor ds_cpl vmx smx est tm2 ssse3 fma cx16 xtpr pdcm pcid sse4_1 sse4_2 x2apic movbe popcnt tsc_deadline_timer aes xsave avx f16c rdrand lahf_lm abm 3dnowprefetch ida arat epb pln pts dtherm tpr_shadow vnmi flexpriority ept vpid fsgsbase tsc_adjust bmi1 hle avx2 smep bmi2 erms invpcid rtm rdseed adx smap xsaveopt
bugs		:
bogomips	: 5188.48
clflush size	: 64
cache_alignment	: 64
address sizes	: 39 bits physical, 48 bits virtual
power management:

processor	: 1
vendor_id	: GenuineIntel
cpu family	: 6
model		: 61
model name	: Intel(R) Core(TM) i7-5600U CPU @ 2.60GHz
stepping	: 4
microcode	: 0x19
cpu MHz		: 803.257
cache size	: 4096 KB
physical id	: 0
siblings	: 4
core id		: 0
cpu cores	: 2
apicid		: 1
initial apicid	: 1
fpu		: yes
fpu_exception	: yes
cpuid level	: 20
wp		: yes
flags		: fpu vme de pse tsc msr pae mce cx8 apic sep mtrr pge mca cmov pat pse36 clflush dts acpi mmx fxsr sse sse2 ss ht tm pbe syscall nx pdpe1gb rdtscp lm constant_tsc arch_perfmon pebs bts rep_good nopl xtopology nonstop_tsc aperfmperf eagerfpu pni pclmulqdq dtes64 monitor ds_cpl vmx smx est tm2 ssse3 fma cx16 xtpr pdcm pcid sse4_1 sse4_2 x2apic movbe popcnt tsc_deadline_timer aes xsave avx f16c rdrand lahf_lm abm 3dnowprefetch ida arat epb pln pts dtherm tpr_shadow vnmi flexpriority ept vpid fsgsbase tsc_adjust bmi1 hle avx2 smep bmi2 erms invpcid rtm rdseed adx smap xsaveopt
bugs		:
bogomips	: 5188.48
clflush size	: 64
cache_alignment	: 64
address sizes	: 39 bits physical, 48 bits virtual
power management:

processor	: 2
vendor_id	: GenuineIntel
cpu family	: 6
model		: 61
model name	: Intel(R) Core(TM) i7-5600U CPU @ 2.60GHz
stepping	: 4
microcode	: 0x19
cpu MHz		: 330.484
cache size	: 4096 KB
physical id	: 0
siblings	: 4
core id		: 1
cpu cores	: 2
apicid		: 2
initial apicid	: 2
fpu		: yes
fpu_exception	: yes
cpuid level	: 20
wp		: yes
flags		: fpu vme de pse tsc msr pae mce cx8 apic sep mtrr pge mca cmov pat pse36 clflush dts acpi mmx fxsr sse sse2 ss ht tm pbe syscall nx pdpe1gb rdtscp lm constant_tsc arch_perfmon pebs bts rep_good nopl xtopology nonstop_tsc aperfmperf eagerfpu pni pclmulqdq dtes64 monitor ds_cpl vmx smx est tm2 ssse3 fma cx16 xtpr pdcm pcid sse4_1 sse4_2 x2apic movbe popcnt tsc_deadline_timer aes xsave avx f16c rdrand lahf_lm abm 3dnowprefetch ida arat epb pln pts dtherm tpr_shadow vnmi flexpriority ept vpid fsgsbase tsc_adjust bmi1 hle avx2 smep bmi2 erms invpcid rtm rdseed adx smap xsaveopt
bugs		:
bogomips	: 5188.48
clflush size	: 64
cache_alignment	: 64
address sizes	: 39 bits physical, 48 bits virtual
power management:

processor	: 3
vendor_id	: GenuineIntel
cpu family	: 6
model		: 61
model name	: Intel(R) Core(TM) i7-5600U CPU @ 2.60GHz
stepping	: 4
microcode	: 0x19
cpu MHz		: 801.937
cache size	: 4096 KB
physical id	: 0
siblings	: 4
core id		: 1
cpu cores	: 2
apicid		: 3
initial apicid	: 3
fpu		: yes
fpu_exception	: yes
cpuid level	: 20
wp		: yes
flags		: fpu vme de pse tsc msr pae mce cx8 apic sep mtrr pge mca cmov pat pse36 clflush dts acpi mmx fxsr sse sse2 ss ht tm pbe syscall nx pdpe1gb rdtscp lm constant_tsc arch_perfmon pebs bts rep_good nopl xtopology nonstop_tsc aperfmperf eagerfpu pni pclmulqdq dtes64 monitor ds_cpl vmx smx est tm2 ssse3 fma cx16 xtpr pdcm pcid sse4_1 sse4_2 x2apic movbe popcnt tsc_deadline_timer aes xsave avx f16c rdrand lahf_lm abm 3dnowprefetch ida arat epb pln pts dtherm tpr_shadow vnmi flexpriority ept vpid fsgsbase tsc_adjust bmi1 hle avx2 smep bmi2 erms invpcid rtm rdseed adx smap xsaveopt
bugs		:
bogomips	: 5188.48
clflush size	: 64
cache_alignment	: 64
address sizes	: 39 bits physical, 48 bits virtual
power management:



Memory: 4k page, physical 16309452k(10856080k free), swap 16653308k(16584364k free)

vm_info: Java HotSpot(TM) 64-Bit Server VM (25.51-b03) for linux-amd64 JRE (1.8.0_51-b16), built on Jun  8 2015 19:28:07 by "java_re" with gcc 4.3.0 20080428 (Red Hat 4.3.0-8)

time: Sat Oct 10 15:51:55 2015
elapsed time: 20 seconds (0d 0h 0m 20s)

