#
# A fatal error has been detected by the Java Runtime Environment:
#
#  SIGSEGV (0xb) at pc=0x00007f71abc46998, pid=8467, tid=140127269218048
#
# JRE version: Java(TM) SE Runtime Environment (8.0_51-b16) (build 1.8.0_51-b16)
# Java VM: Java HotSpot(TM) 64-Bit Server VM (25.51-b03 mixed mode linux-amd64 compressed oops)
# Problematic frame:
# C  [i965_dri.so+0x3c9998]
#
# Failed to write core dump. Core dumps have been disabled. To enable core dumping, try "ulimit -c unlimited" before starting Java again
#
# If you would like to submit a bug report, please visit:
#   http://bugreport.java.com/bugreport/crash.jsp
# The crash happened outside the Java Virtual Machine in native code.
# See problematic frame for where to report the bug.
#

---------------  T H R E A D  ---------------

Current thread (0x00007f72306ad000):  JavaThread "main-Display-.x11_:0-1-EDT-1" daemon [_thread_in_native, id=8507, stack(0x00007f71ec0ae000,0x00007f71ec1af000)]

siginfo: si_signo: 11 (SIGSEGV), si_code: 1 (SEGV_MAPERR), si_addr: 0x0000000100000000

Registers:
RAX=0x00007f71abc46990, RBX=0x00007f719c04f900, RCX=0x0000000000000000, RDX=0x0000000000000001
RSP=0x00007f71ec1ac210, RBP=0x00007f71b40222b0, RSI=0x00007f719c04f9e0, RDI=0x0000000100000000
R8 =0x0000000000000000, R9 =0x00007f71bf2eefc0, R10=0x00007f72202179c7, R11=0x00000006c7438bf8
R12=0x00007f71b401fd60, R13=0x0000000000000000, R14=0x00007f71b40234a0, R15=0x0000000000000000
RIP=0x00007f71abc46998, EFLAGS=0x0000000000010202, CSGSFS=0x0000000000000033, ERR=0x0000000000000004
  TRAPNO=0x000000000000000e

Top of Stack: (sp=0x00007f71ec1ac210)
0x00007f71ec1ac210:   00007f71ec1ac300 0000000000000000
0x00007f71ec1ac220:   00007f719c04f900 00007f71b40222b0
0x00007f71ec1ac230:   00007f71b401fd60 00007f71bf2ef04e
0x00007f71ec1ac240:   00007f71ec1ac278 00007f71bf53c660
0x00007f71ec1ac250:   00007f71b4014b10 00007f7100000000
0x00007f71ec1ac260:   0000000000000000 0000000000000000
0x00007f71ec1ac270:   00007f71ec1ac580 00007f719c04f900
0x00007f71ec1ac280:   0000000004200002 00000007c0122058
0x00007f71ec1ac290:   00007f71ec1ac300 0000000000000000
0x00007f71ec1ac2a0:   00007f71ec1ac598 00007f71ec1ac340
0x00007f71ec1ac2b0:   00007f72306ad000 00007f71bda01ba7
0x00007f71ec1ac2c0:   00007f71e4011760 00007f71bf2c8ab0
0x00007f71ec1ac2d0:   0000000004200002 00007f71b4014b10
0x00007f71ec1ac2e0:   00007f71ec1ac340 00007f72306ad1f8
0x00007f71ec1ac2f0:   00007f71bf6713a0 00007f71bf2c8ab0
0x00007f71ec1ac300:   00007f71ec1ac350 00007f7220217a3d
0x00007f71ec1ac310:   fffffffe00000000 0000000000000000
0x00007f71ec1ac320:   00000000d8e8717f 00007f71e4011b38
0x00007f71ec1ac330:   00000006c7438be8 00007f72306329e0
0x00007f71ec1ac340:   00000006c7202e10 0000000000001388
0x00007f71ec1ac350:   00007f71ec1ac5e0 00007f72202187fc
0x00007f71ec1ac360:   00007f71d8e5afec 00007f72306ad000
0x00007f71ec1ac370:   00000006c7438be8 00000006c7438bf8
0x00007f71ec1ac380:   00000000d8e8717f 00007f71e4011b38
0x00007f71ec1ac390:   0000000000000031 00007f7220269c2c
0x00007f71ec1ac3a0:   00007f71ec1ac5e0 00007f721ffe0cf4
0x00007f71ec1ac3b0:   00000006c72d7f50 00000006c72d7f60
0x00007f71ec1ac3c0:   00007f71d8e5afec 00007f721fa8ef03
0x00007f71ec1ac3d0:   00000006c7438bd8 00007f7200000000
0x00007f71ec1ac3e0:   00007f71ec1ac5e0 00007f72201288e4
0x00007f71ec1ac3f0:   00007f71ec1ac598 00007f721fa8ef03
0x00007f71ec1ac400:   00007f721fa665d0 00007f7200000000 

Instructions: (pc=0x00007f71abc46998)
0x00007f71abc46978:   0f 1f 84 00 00 00 00 00 48 83 c4 10 5b 5d 41 5c
0x00007f71abc46988:   c3 0f 1f 80 00 00 00 00 41 54 55 53 48 83 ec 10
0x00007f71abc46998:   48 8b 1f 48 85 db 74 3d f6 83 48 05 00 00 01 49
0x00007f71abc469a8:   89 f4 89 cd 75 72 83 e2 01 75 5d 83 e5 fd 74 38 

Register to memory mapping:

RAX=0x00007f71abc46990: <offset 0x3c9990> in /usr/lib/x86_64-linux-gnu/dri/i965_dri.so at 0x00007f71ab87d000
RBX=0x00007f719c04f900 is an unknown value
RCX=0x0000000000000000 is an unknown value
RDX=0x0000000000000001 is an unknown value
RSP=0x00007f71ec1ac210 is pointing into the stack for thread: 0x00007f72306ad000
RBP=0x00007f71b40222b0 is an unknown value
RSI=0x00007f719c04f9e0 is an unknown value
RDI=0x0000000100000000 is an unknown value
R8 =0x0000000000000000 is an unknown value
R9 =0x00007f71bf2eefc0: <offset 0x42fc0> in /usr/lib/x86_64-linux-gnu/mesa/libGL.so.1 at 0x00007f71bf2ac000
R10=0x00007f72202179c7 is at entry_point+71 in (nmethod*)0x00007f7220217810
R11=0x00000006c7438bf8 is an oop
jogamp.common.util.locks.RecursiveLockImpl01Unfairish$SingleThreadSync 
 - klass: 'jogamp/common/util/locks/RecursiveLockImpl01Unfairish$SingleThreadSync'
R12=0x00007f71b401fd60 is an unknown value
R13=0x0000000000000000 is an unknown value
R14=0x00007f71b40234a0 is an unknown value
R15=0x0000000000000000 is an unknown value


Stack: [0x00007f71ec0ae000,0x00007f71ec1af000],  sp=0x00007f71ec1ac210,  free space=1016k
Native frames: (J=compiled Java code, j=interpreted, Vv=VM code, C=native code)
C  [i965_dri.so+0x3c9998]

Java frames: (J=compiled Java code, j=interpreted, Vv=VM code)
J 1927  jogamp.opengl.x11.glx.GLX.dispatch_glXSwapBuffers0(JJJ)V (0 bytes) @ 0x00007f72202179c7 [0x00007f7220217980+0x47]
J 1926 C1 jogamp.opengl.x11.glx.GLX.glXSwapBuffers(JJ)V (45 bytes) @ 0x00007f72202187fc [0x00007f7220217de0+0xa1c]
J 1925 C1 jogamp.opengl.x11.glx.X11GLXDrawable.swapBuffersImpl(Z)V (21 bytes) @ 0x00007f72202175cc [0x00007f7220217320+0x2ac]
J 1829 C1 jogamp.opengl.GLDrawableImpl.swapBuffers()V (138 bytes) @ 0x00007f722019d534 [0x00007f722019ce60+0x6d4]
j  jogamp.opengl.GLAutoDrawableBase.defaultSwapBuffers()V+23
j  com.jogamp.newt.opengl.GLWindow.swapBuffers()V+1
j  processing.opengl.PJOGL.swapBuffers()V+15
j  processing.opengl.PGraphicsOpenGL.dispose()V+15
j  processing.core.PApplet.dispose()V+28
j  processing.opengl.PSurfaceJOGL$NEWTWindowListener.windowDestroyNotify(Lcom/jogamp/newt/event/WindowEvent;)V+7
j  jogamp.newt.WindowImpl.consumeWindowEvent(Lcom/jogamp/newt/event/WindowEvent;)V+254
j  jogamp.newt.WindowImpl.sendWindowEvent(I)V+14
j  jogamp.newt.WindowImpl$1.run()V+143
j  jogamp.newt.DisplayImpl.runOnEDTIfAvail(ZLjava/lang/Runnable;)V+172
j  jogamp.newt.WindowImpl.runOnEDTIfAvail(ZLjava/lang/Runnable;)V+36
j  jogamp.newt.WindowImpl.destroy()V+11
j  com.jogamp.newt.opengl.GLWindow.destroy()V+4
j  jogamp.opengl.GLAutoDrawableBase.destroyAvoidAwareOfLocking()V+31
j  jogamp.opengl.GLAutoDrawableBase.defaultWindowDestroyNotifyOp()V+43
j  com.jogamp.newt.opengl.GLWindow.access$000(Lcom/jogamp/newt/opengl/GLWindow;)V+1
j  com.jogamp.newt.opengl.GLWindow$1.run()V+4
j  jogamp.newt.WindowImpl.windowDestroyNotify(Z)Z+147
v  ~StubRoutines::call_stub
J 1574  jogamp.newt.driver.x11.DisplayDriver.DispatchMessages0(JJJII)V (0 bytes) @ 0x00007f7220042dbf [0x00007f7220042d80+0x3f]
J 1573 C1 jogamp.newt.driver.x11.DisplayDriver.dispatchMessagesNative()V (66 bytes) @ 0x00007f7220053a14 [0x00007f7220053680+0x394]
J 1578 C1 jogamp.newt.DisplayImpl.dispatchMessages()V (116 bytes) @ 0x00007f72200566b4 [0x00007f7220055c60+0xa54]
J 1577 C1 jogamp.newt.DisplayImpl$7.run()V (8 bytes) @ 0x00007f722005750c [0x00007f7220057400+0x10c]
j  jogamp.newt.DefaultEDTUtil$NEDT.run()V+67
v  ~StubRoutines::call_stub

---------------  P R O C E S S  ---------------

Java Threads: ( => current thread )
  0x00007f719c131800 JavaThread "Thread-6" [_thread_blocked, id=8529, stack(0x00007f71ec3b6000,0x00007f71ec4b7000)]
  0x00007f719c11d800 JavaThread "Java Sound Event Dispatcher" daemon [_thread_blocked, id=8524, stack(0x00007f71a97e9000,0x00007f71a98ea000)]
  0x00007f723000f800 JavaThread "DestroyJavaVM" [_thread_blocked, id=8468, stack(0x00007f72363fd000,0x00007f72364fe000)]
  0x00007f723071e800 JavaThread "main-FPSAWTAnimator#00-Timer0" [_thread_in_Java, id=8511, stack(0x00007f71aa08a000,0x00007f71aa18b000)]
  0x00007f723071c000 JavaThread "Thread-2" [_thread_blocked, id=8510, stack(0x00007f71aa18b000,0x00007f71aa28c000)]
  0x00007f723070b800 JavaThread "main-SharedResourceRunner" daemon [_thread_blocked, id=8509, stack(0x00007f71bc6a1000,0x00007f71bc7a2000)]
  0x00007f72306e2000 JavaThread "main-SharedResourceRunner" daemon [_thread_blocked, id=8508, stack(0x00007f71bd868000,0x00007f71bd969000)]
=>0x00007f72306ad000 JavaThread "main-Display-.x11_:0-1-EDT-1" daemon [_thread_in_native, id=8507, stack(0x00007f71ec0ae000,0x00007f71ec1af000)]
  0x00007f72304fe000 JavaThread "process reaper" daemon [_thread_blocked, id=8500, stack(0x00007f71ed20c000,0x00007f71ed245000)]
  0x00007f723029c000 JavaThread "AWT-XAWT" daemon [_thread_in_native, id=8496, stack(0x00007f71ed77b000,0x00007f71ed87c000)]
  0x00007f723027c000 JavaThread "Java2D Disposer" daemon [_thread_blocked, id=8495, stack(0x00007f71edc8c000,0x00007f71edd8d000)]
  0x00007f72300d8800 JavaThread "Service Thread" daemon [_thread_blocked, id=8493, stack(0x00007f71ef9fa000,0x00007f71efafb000)]
  0x00007f72300d3800 JavaThread "C1 CompilerThread2" daemon [_thread_blocked, id=8492, stack(0x00007f71efafb000,0x00007f71efbfc000)]
  0x00007f72300d1800 JavaThread "C2 CompilerThread1" daemon [_thread_blocked, id=8491, stack(0x00007f71efbfc000,0x00007f71efcfd000)]
  0x00007f72300ce800 JavaThread "C2 CompilerThread0" daemon [_thread_blocked, id=8490, stack(0x00007f71efcfd000,0x00007f71efdfe000)]
  0x00007f71f4001000 JavaThread "JDWP Command Reader" daemon [_thread_in_native, id=8484, stack(0x00007f71efdfe000,0x00007f71efeff000)]
  0x00007f72300cc800 JavaThread "JDWP Event Helper Thread" daemon [_thread_blocked, id=8479, stack(0x00007f71efeff000,0x00007f71f0000000)]
  0x00007f72300c9000 JavaThread "JDWP Transport Listener: dt_socket" daemon [_thread_blocked, id=8478, stack(0x00007f7214014000,0x00007f7214115000)]
  0x00007f72300bb800 JavaThread "Signal Dispatcher" daemon [_thread_blocked, id=8477, stack(0x00007f7214319000,0x00007f721441a000)]
  0x00007f7230084800 JavaThread "Finalizer" daemon [_thread_blocked, id=8476, stack(0x00007f721441a000,0x00007f721451b000)]
  0x00007f7230082800 JavaThread "Reference Handler" daemon [_thread_blocked, id=8475, stack(0x00007f721451b000,0x00007f721461c000)]

Other Threads:
  0x00007f723007d000 VMThread [stack: 0x00007f721461c000,0x00007f721471d000] [id=8474]
  0x00007f72300db800 WatcherThread [stack: 0x00007f71ef8f9000,0x00007f71ef9fa000] [id=8494]

VM state:not at safepoint (normal execution)

VM Mutex/Monitor currently owned by a thread: None

Heap:
 PSYoungGen      total 423424K, used 223019K [0x000000076d100000, 0x000000078c080000, 0x00000007c0000000)
  eden space 413696K, 53% used [0x000000076d100000,0x000000077aabac18,0x0000000786500000)
  from space 9728K, 0% used [0x000000078ad80000,0x000000078ad90000,0x000000078b700000)
  to   space 9728K, 0% used [0x000000078b700000,0x000000078b700000,0x000000078c080000)
 ParOldGen       total 171008K, used 4875K [0x00000006c7200000, 0x00000006d1900000, 0x000000076d100000)
  object space 171008K, 2% used [0x00000006c7200000,0x00000006c76c2da0,0x00000006d1900000)
 Metaspace       used 17636K, capacity 17874K, committed 18048K, reserved 1064960K
  class space    used 1575K, capacity 1662K, committed 1664K, reserved 1048576K

Card table byte_map: [0x00007f721eed9000,0x00007f721f6a1000] byte_map_base: 0x00007f721b8a0000

Marking Bits: (ParMarkBitMap*) 0x00007f72358db660
 Begin Bits: [0x00007f7216935000, 0x00007f721a76d000)
 End Bits:   [0x00007f721a76d000, 0x00007f721e5a5000)

Polling page: 0x00007f7236522000

CodeCache: size=245760Kb used=8300Kb max_used=8313Kb free=237459Kb
 bounds [0x00007f721fa61000, 0x00007f7220291000, 0x00007f722ea61000]
 total_blobs=2995 nmethods=2040 adapters=877
 compilation: enabled

Compilation events (10 events):
Event: 22.394 Thread 0x00007f72300ce800 2052  s    4       jogamp.opengl.GLBufferObjectTracker::createBufferStorage (457 bytes)
Event: 22.396 Thread 0x00007f72300d1800 2053       4       jogamp.opengl.gl4.GL4bcImpl::glBufferDataDelegate (92 bytes)
Event: 22.401 Thread 0x00007f72300d1800 nmethod 2053 0x00007f7220272e90 code [0x00007f7220273000, 0x00007f7220273288]
Event: 22.401 Thread 0x00007f72300d1800 2054       4       jogamp.opengl.gl4.GL4bcImpl$1::create (14 bytes)
Event: 22.406 Thread 0x00007f72300d1800 nmethod 2054 0x00007f7220280910 code [0x00007f7220280a80, 0x00007f7220280e88]
Event: 22.416 Thread 0x00007f72300ce800 nmethod 2052 0x00007f7220286b90 code [0x00007f7220286dc0, 0x00007f72202880e8]
Event: 22.728 Thread 0x00007f72300d1800 2055       4       java.nio.DirectFloatBufferU::put (154 bytes)
Event: 22.732 Thread 0x00007f72300d1800 nmethod 2055 0x00007f7220280150 code [0x00007f72202802c0, 0x00007f7220280618]
Event: 22.827 Thread 0x00007f72300ce800 2056       4       ddf.minim.javasound.FloatSampleBuffer::grow (50 bytes)
Event: 22.828 Thread 0x00007f72300ce800 nmethod 2056 0x00007f72202765d0 code [0x00007f7220276720, 0x00007f7220276818]

GC Heap History (10 events):
Event: 11.548 GC heap before
{Heap before GC invocations=9 (full 0):
 PSYoungGen      total 525824K, used 516160K [0x000000076d100000, 0x000000078dc00000, 0x00000007c0000000)
  eden space 516096K, 100% used [0x000000076d100000,0x000000078c900000,0x000000078c900000)
  from space 9728K, 0% used [0x000000078d280000,0x000000078d290000,0x000000078dc00000)
  to   space 9728K, 0% used [0x000000078c900000,0x000000078c900000,0x000000078d280000)
 ParOldGen       total 171008K, used 4811K [0x00000006c7200000, 0x00000006d1900000, 0x000000076d100000)
  object space 171008K, 2% used [0x00000006c7200000,0x00000006c76b2da0,0x00000006d1900000)
 Metaspace       used 17621K, capacity 17810K, committed 18048K, reserved 1064960K
  class space    used 1575K, capacity 1662K, committed 1664K, reserved 1048576K
Event: 11.552 GC heap after
Heap after GC invocations=9 (full 0):
 PSYoungGen      total 494080K, used 64K [0x000000076d100000, 0x000000078d300000, 0x00000007c0000000)
  eden space 493568K, 0% used [0x000000076d100000,0x000000076d100000,0x000000078b300000)
  from space 512K, 12% used [0x000000078c900000,0x000000078c910000,0x000000078c980000)
  to   space 9728K, 0% used [0x000000078c980000,0x000000078c980000,0x000000078d300000)
 ParOldGen       total 171008K, used 4819K [0x00000006c7200000, 0x00000006d1900000, 0x000000076d100000)
  object space 171008K, 2% used [0x00000006c7200000,0x00000006c76b4da0,0x00000006d1900000)
 Metaspace       used 17621K, capacity 17810K, committed 18048K, reserved 1064960K
  class space    used 1575K, capacity 1662K, committed 1664K, reserved 1048576K
}
Event: 14.365 GC heap before
{Heap before GC invocations=10 (full 0):
 PSYoungGen      total 494080K, used 493632K [0x000000076d100000, 0x000000078d300000, 0x00000007c0000000)
  eden space 493568K, 100% used [0x000000076d100000,0x000000078b300000,0x000000078b300000)
  from space 512K, 12% used [0x000000078c900000,0x000000078c910000,0x000000078c980000)
  to   space 9728K, 0% used [0x000000078c980000,0x000000078c980000,0x000000078d300000)
 ParOldGen       total 171008K, used 4819K [0x00000006c7200000, 0x00000006d1900000, 0x000000076d100000)
  object space 171008K, 2% used [0x00000006c7200000,0x00000006c76b4da0,0x00000006d1900000)
 Metaspace       used 17635K, capacity 17874K, committed 18048K, reserved 1064960K
  class space    used 1575K, capacity 1662K, committed 1664K, reserved 1048576K
Event: 14.367 GC heap after
Heap after GC invocations=10 (full 0):
 PSYoungGen      total 472576K, used 64K [0x000000076d100000, 0x000000078ca00000, 0x00000007c0000000)
  eden space 472064K, 0% used [0x000000076d100000,0x000000076d100000,0x0000000789e00000)
  from space 512K, 12% used [0x000000078c980000,0x000000078c990000,0x000000078ca00000)
  to   space 10240K, 0% used [0x000000078b600000,0x000000078b600000,0x000000078c000000)
 ParOldGen       total 171008K, used 4851K [0x00000006c7200000, 0x00000006d1900000, 0x000000076d100000)
  object space 171008K, 2% used [0x00000006c7200000,0x00000006c76bcda0,0x00000006d1900000)
 Metaspace       used 17635K, capacity 17874K, committed 18048K, reserved 1064960K
  class space    used 1575K, capacity 1662K, committed 1664K, reserved 1048576K
}
Event: 17.104 GC heap before
{Heap before GC invocations=11 (full 0):
 PSYoungGen      total 472576K, used 472128K [0x000000076d100000, 0x000000078ca00000, 0x00000007c0000000)
  eden space 472064K, 100% used [0x000000076d100000,0x0000000789e00000,0x0000000789e00000)
  from space 512K, 12% used [0x000000078c980000,0x000000078c990000,0x000000078ca00000)
  to   space 10240K, 0% used [0x000000078b600000,0x000000078b600000,0x000000078c000000)
 ParOldGen       total 171008K, used 4851K [0x00000006c7200000, 0x00000006d1900000, 0x000000076d100000)
  object space 171008K, 2% used [0x00000006c7200000,0x00000006c76bcda0,0x00000006d1900000)
 Metaspace       used 17635K, capacity 17874K, committed 18048K, reserved 1064960K
  class space    used 1575K, capacity 1662K, committed 1664K, reserved 1048576K
Event: 17.106 GC heap after
Heap after GC invocations=11 (full 0):
 PSYoungGen      total 461824K, used 96K [0x000000076d100000, 0x000000078ca00000, 0x00000007c0000000)
  eden space 451584K, 0% used [0x000000076d100000,0x000000076d100000,0x0000000788a00000)
  from space 10240K, 0% used [0x000000078b600000,0x000000078b618000,0x000000078c000000)
  to   space 10240K, 0% used [0x000000078c000000,0x000000078c000000,0x000000078ca00000)
 ParOldGen       total 171008K, used 4867K [0x00000006c7200000, 0x00000006d1900000, 0x000000076d100000)
  object space 171008K, 2% used [0x00000006c7200000,0x00000006c76c0da0,0x00000006d1900000)
 Metaspace       used 17635K, capacity 17874K, committed 18048K, reserved 1064960K
  class space    used 1575K, capacity 1662K, committed 1664K, reserved 1048576K
}
Event: 19.693 GC heap before
{Heap before GC invocations=12 (full 0):
 PSYoungGen      total 461824K, used 451680K [0x000000076d100000, 0x000000078ca00000, 0x00000007c0000000)
  eden space 451584K, 100% used [0x000000076d100000,0x0000000788a00000,0x0000000788a00000)
  from space 10240K, 0% used [0x000000078b600000,0x000000078b618000,0x000000078c000000)
  to   space 10240K, 0% used [0x000000078c000000,0x000000078c000000,0x000000078ca00000)
 ParOldGen       total 171008K, used 4867K [0x00000006c7200000, 0x00000006d1900000, 0x000000076d100000)
  object space 171008K, 2% used [0x00000006c7200000,0x00000006c76c0da0,0x00000006d1900000)
 Metaspace       used 17635K, capacity 17874K, committed 18048K, reserved 1064960K
  class space    used 1575K, capacity 1662K, committed 1664K, reserved 1048576K
Event: 19.695 GC heap after
Heap after GC invocations=12 (full 0):
 PSYoungGen      total 432640K, used 64K [0x000000076d100000, 0x000000078c080000, 0x00000007c0000000)
  eden space 432128K, 0% used [0x000000076d100000,0x000000076d100000,0x0000000787700000)
  from space 512K, 12% used [0x000000078c000000,0x000000078c010000,0x000000078c080000)
  to   space 9728K, 0% used [0x000000078ad80000,0x000000078ad80000,0x000000078b700000)
 ParOldGen       total 171008K, used 4875K [0x00000006c7200000, 0x00000006d1900000, 0x000000076d100000)
  object space 171008K, 2% used [0x00000006c7200000,0x00000006c76c2da0,0x00000006d1900000)
 Metaspace       used 17635K, capacity 17874K, committed 18048K, reserved 1064960K
  class space    used 1575K, capacity 1662K, committed 1664K, reserved 1048576K
}
Event: 22.159 GC heap before
{Heap before GC invocations=13 (full 0):
 PSYoungGen      total 432640K, used 432192K [0x000000076d100000, 0x000000078c080000, 0x00000007c0000000)
  eden space 432128K, 100% used [0x000000076d100000,0x0000000787700000,0x0000000787700000)
  from space 512K, 12% used [0x000000078c000000,0x000000078c010000,0x000000078c080000)
  to   space 9728K, 0% used [0x000000078ad80000,0x000000078ad80000,0x000000078b700000)
 ParOldGen       total 171008K, used 4875K [0x00000006c7200000, 0x00000006d1900000, 0x000000076d100000)
  object space 171008K, 2% used [0x00000006c7200000,0x00000006c76c2da0,0x00000006d1900000)
 Metaspace       used 17635K, capacity 17874K, committed 18048K, reserved 1064960K
  class space    used 1575K, capacity 1662K, committed 1664K, reserved 1048576K
Event: 22.159 GC heap after
Heap after GC invocations=13 (full 0):
 PSYoungGen      total 423424K, used 64K [0x000000076d100000, 0x000000078c080000, 0x00000007c0000000)
  eden space 413696K, 0% used [0x000000076d100000,0x000000076d100000,0x0000000786500000)
  from space 9728K, 0% used [0x000000078ad80000,0x000000078ad90000,0x000000078b700000)
  to   space 9728K, 0% used [0x000000078b700000,0x000000078b700000,0x000000078c080000)
 ParOldGen       total 171008K, used 4875K [0x00000006c7200000, 0x00000006d1900000, 0x000000076d100000)
  object space 171008K, 2% used [0x00000006c7200000,0x00000006c76c2da0,0x00000006d1900000)
 Metaspace       used 17635K, capacity 17874K, committed 18048K, reserved 1064960K
  class space    used 1575K, capacity 1662K, committed 1664K, reserved 1048576K
}

Deoptimization events (10 events):
Event: 1.807 Thread 0x00007f72306e2000 Uncommon trap: reason=class_check action=maybe_recompile pc=0x00007f721fdf3804 method=com.jogamp.common.os.DynamicLibraryBundle.dynamicLookupFunction(Ljava/lang/String;)J @ 80
Event: 1.807 Thread 0x00007f72306e2000 Uncommon trap: reason=class_check action=maybe_recompile pc=0x00007f721fddc7f0 method=com.jogamp.common.os.DynamicLibraryBundle.toolDynamicLookupFunction(Ljava/lang/String;)J @ 18
Event: 1.924 Thread 0x00007f723000f800 Uncommon trap: reason=unstable_if action=reinterpret pc=0x00007f721fe064ac method=java.lang.reflect.AccessibleObject.setAccessible0(Ljava/lang/reflect/AccessibleObject;Z)V @ 4
Event: 2.038 Thread 0x00007f723071e800 Uncommon trap: reason=unstable_if action=reinterpret pc=0x00007f721fd34274 method=sun.misc.MetaIndex.mayContain(Ljava/lang/String;)Z @ 38
Event: 2.055 Thread 0x00007f723071e800 Uncommon trap: reason=unstable_if action=reinterpret pc=0x00007f721fcfe918 method=sun.misc.MetaIndex.mayContain(Ljava/lang/String;)Z @ 38
Event: 2.103 Thread 0x00007f723071e800 Uncommon trap: reason=unstable_if action=reinterpret pc=0x00007f721fe332cc method=javax.sound.sampled.AudioFormat.matches(Ljavax/sound/sampled/AudioFormat;)Z @ 112
Event: 2.269 Thread 0x00007f719c131800 Uncommon trap: reason=unstable_if action=reinterpret pc=0x00007f721fe47c0c method=ddf.minim.javasound.FloatSampleTools.quantize16(FF)I @ 32
Event: 3.158 Thread 0x00007f719c131800 Uncommon trap: reason=unstable_if action=reinterpret pc=0x00007f721ff17450 method=ddf.minim.javasound.FloatSampleTools.quantize16(FF)I @ 21
Event: 7.974 Thread 0x00007f723071e800 Uncommon trap: reason=unstable_if action=reinterpret pc=0x00007f7220076288 method=sun.misc.FloatingDecimal$BinaryToASCIIBuffer.dtoa(IJIZ)V @ 1459
Event: 20.258 Thread 0x00007f723071e800 Uncommon trap: reason=unstable_if action=reinterpret pc=0x00007f72201eb018 method=sun.misc.FloatingDecimal$BinaryToASCIIBuffer.dtoa(IJIZ)V @ 714

Internal exceptions (10 events):
Event: 0.654 Thread 0x00007f723000f800 Exception <a 'java/security/PrivilegedActionException'> (0x000000076d66e380) thrown at [/HUDSON/workspace/8-2-build-linux-amd64/jdk8u51/3951/hotspot/src/share/vm/prims/jvm.cpp, line 1382]
Event: 0.654 Thread 0x00007f723000f800 Exception <a 'java/security/PrivilegedActionException'> (0x000000076d66e538) thrown at [/HUDSON/workspace/8-2-build-linux-amd64/jdk8u51/3951/hotspot/src/share/vm/prims/jvm.cpp, line 1382]
Event: 0.655 Thread 0x00007f723000f800 Exception <a 'java/security/PrivilegedActionException'> (0x000000076d6707f0) thrown at [/HUDSON/workspace/8-2-build-linux-amd64/jdk8u51/3951/hotspot/src/share/vm/prims/jvm.cpp, line 1382]
Event: 0.655 Thread 0x00007f723000f800 Exception <a 'java/security/PrivilegedActionException'> (0x000000076d6709a8) thrown at [/HUDSON/workspace/8-2-build-linux-amd64/jdk8u51/3951/hotspot/src/share/vm/prims/jvm.cpp, line 1382]
Event: 0.659 Thread 0x00007f723000f800 Exception <a 'java/io/FileNotFoundException'> (0x000000076d67a700) thrown at [/HUDSON/workspace/8-2-build-linux-amd64/jdk8u51/3951/hotspot/src/share/vm/prims/jni.cpp, line 709]
Event: 0.659 Thread 0x00007f723000f800 Exception <a 'java/io/FileNotFoundException'> (0x000000076d67b088) thrown at [/HUDSON/workspace/8-2-build-linux-amd64/jdk8u51/3951/hotspot/src/share/vm/prims/jni.cpp, line 709]
Event: 0.719 Thread 0x00007f723000f800 Exception <a 'java/lang/NoSuchFieldError': method resolution failed> (0x000000076d780fe8) thrown at [/HUDSON/workspace/8-2-build-linux-amd64/jdk8u51/3951/hotspot/src/share/vm/prims/methodHandles.cpp, line 1125]
Event: 0.721 Thread 0x00007f723000f800 Exception <a 'java/lang/NoSuchFieldError': method resolution failed> (0x000000076d78f9a8) thrown at [/HUDSON/workspace/8-2-build-linux-amd64/jdk8u51/3951/hotspot/src/share/vm/prims/methodHandles.cpp, line 1125]
Event: 1.772 Thread 0x00007f723000f800 Exception <a 'java/lang/InterruptedException'> (0x000000076f292928) thrown at [/HUDSON/workspace/8-2-build-linux-amd64/jdk8u51/3951/hotspot/src/share/vm/runtime/objectMonitor.cpp, line 1683]
Event: 1.919 Thread 0x00007f723000f800 Exception <a 'java/lang/InterruptedException'> (0x000000076f29ddc8) thrown at [/HUDSON/workspace/8-2-build-linux-amd64/jdk8u51/3951/hotspot/src/share/vm/runtime/objectMonitor.cpp, line 1683]

Events (10 events):
Event: 23.419 Thread 0x00007f723071e800 DEOPT PACKING pc=0x00007f72201862ac sp=0x00007f71aa189070
Event: 23.419 Thread 0x00007f723071e800 DEOPT UNPACKING pc=0x00007f721faa8633 sp=0x00007f71aa188dc8 mode 1
Event: 23.438 Thread 0x00007f723071e800 DEOPT PACKING pc=0x00007f72201fd089 sp=0x00007f71aa188fe0
Event: 23.438 Thread 0x00007f723071e800 DEOPT UNPACKING pc=0x00007f721faa8633 sp=0x00007f71aa188d78 mode 1
Event: 23.438 Thread 0x00007f723071e800 DEOPT PACKING pc=0x00007f72201862ac sp=0x00007f71aa189070
Event: 23.438 Thread 0x00007f723071e800 DEOPT UNPACKING pc=0x00007f721faa8633 sp=0x00007f71aa188dc8 mode 1
Event: 23.461 Thread 0x00007f723071e800 DEOPT PACKING pc=0x00007f72201fd089 sp=0x00007f71aa188fe0
Event: 23.461 Thread 0x00007f723071e800 DEOPT UNPACKING pc=0x00007f721faa8633 sp=0x00007f71aa188d78 mode 1
Event: 23.462 Thread 0x00007f723071e800 DEOPT PACKING pc=0x00007f72201862ac sp=0x00007f71aa189070
Event: 23.462 Thread 0x00007f723071e800 DEOPT UNPACKING pc=0x00007f721faa8633 sp=0x00007f71aa188dc8 mode 1


Dynamic libraries:
00400000-00401000 r-xp 00000000 08:02 6695910                            /usr/bin/processing-3.0/java/bin/java
00600000-00601000 rw-p 00000000 08:02 6695910                            /usr/bin/processing-3.0/java/bin/java
02265000-02286000 rw-p 00000000 00:00 0                                  [heap]
6c7200000-6d1900000 rw-p 00000000 00:00 0 
6d1900000-76d100000 ---p 00000000 00:00 0 
76d100000-78c080000 rw-p 00000000 00:00 0 
78c080000-7c0000000 ---p 00000000 00:00 0 
7c0000000-7c01a0000 rw-p 00000000 00:00 0 
7c01a0000-800000000 ---p 00000000 00:00 0 
7f718bfff000-7f7190000000 r--s 00000000 00:16 18791                      /run/shm/pulse-shm-3302753902
7f7190000000-7f7190021000 rw-p 00000000 00:00 0 
7f7190021000-7f7194000000 ---p 00000000 00:00 0 
7f7197fff000-7f719c000000 rw-s 00000000 00:16 142490                     /run/shm/pulse-shm-580949309
7f719c000000-7f719c60d000 rw-p 00000000 00:00 0 
7f719c60d000-7f71a0000000 ---p 00000000 00:00 0 
7f71a29d3000-7f71a29d4000 ---p 00000000 00:00 0 
7f71a29d4000-7f71a31d4000 rw-p 00000000 00:00 0 
7f71a31d4000-7f71a31d5000 ---p 00000000 00:00 0 
7f71a31d5000-7f71a39d5000 rw-p 00000000 00:00 0                          [stack:8525]
7f71a39d5000-7f71a39db000 r-xp 00000000 08:02 6947199                    /usr/lib/x86_64-linux-gnu/alsa-lib/libasound_module_pcm_pulse.so
7f71a39db000-7f71a3bda000 ---p 00006000 08:02 6947199                    /usr/lib/x86_64-linux-gnu/alsa-lib/libasound_module_pcm_pulse.so
7f71a3bda000-7f71a3bdb000 r--p 00005000 08:02 6947199                    /usr/lib/x86_64-linux-gnu/alsa-lib/libasound_module_pcm_pulse.so
7f71a3bdb000-7f71a3bdc000 rw-p 00006000 08:02 6947199                    /usr/lib/x86_64-linux-gnu/alsa-lib/libasound_module_pcm_pulse.so
7f71a3bdc000-7f71a3bf3000 r-xp 00000000 08:02 13635816                   /lib/x86_64-linux-gnu/libresolv-2.19.so
7f71a3bf3000-7f71a3df3000 ---p 00017000 08:02 13635816                   /lib/x86_64-linux-gnu/libresolv-2.19.so
7f71a3df3000-7f71a3df4000 r--p 00017000 08:02 13635816                   /lib/x86_64-linux-gnu/libresolv-2.19.so
7f71a3df4000-7f71a3df5000 rw-p 00018000 08:02 13635816                   /lib/x86_64-linux-gnu/libresolv-2.19.so
7f71a3df5000-7f71a3df7000 rw-p 00000000 00:00 0 
7f71a3df7000-7f71a3dfe000 r-xp 00000000 08:02 6562227                    /usr/lib/x86_64-linux-gnu/libogg.so.0.8.1
7f71a3dfe000-7f71a3ffe000 ---p 00007000 08:02 6562227                    /usr/lib/x86_64-linux-gnu/libogg.so.0.8.1
7f71a3ffe000-7f71a3fff000 r--p 00007000 08:02 6562227                    /usr/lib/x86_64-linux-gnu/libogg.so.0.8.1
7f71a3fff000-7f71a4000000 rw-p 00008000 08:02 6562227                    /usr/lib/x86_64-linux-gnu/libogg.so.0.8.1
7f71a4000000-7f71a4021000 rw-p 00000000 00:00 0 
7f71a4021000-7f71a8000000 ---p 00000000 00:00 0 
7f71a8088000-7f71a80b4000 r-xp 00000000 08:02 6562501                    /usr/lib/x86_64-linux-gnu/libvorbis.so.0.4.5
7f71a80b4000-7f71a82b3000 ---p 0002c000 08:02 6562501                    /usr/lib/x86_64-linux-gnu/libvorbis.so.0.4.5
7f71a82b3000-7f71a82b4000 r--p 0002b000 08:02 6562501                    /usr/lib/x86_64-linux-gnu/libvorbis.so.0.4.5
7f71a82b4000-7f71a82b5000 rw-p 0002c000 08:02 6562501                    /usr/lib/x86_64-linux-gnu/libvorbis.so.0.4.5
7f71a82b5000-7f71a8568000 r-xp 00000000 08:02 6562503                    /usr/lib/x86_64-linux-gnu/libvorbisenc.so.2.0.8
7f71a8568000-7f71a8767000 ---p 002b3000 08:02 6562503                    /usr/lib/x86_64-linux-gnu/libvorbisenc.so.2.0.8
7f71a8767000-7f71a8783000 r--p 002b2000 08:02 6562503                    /usr/lib/x86_64-linux-gnu/libvorbisenc.so.2.0.8
7f71a8783000-7f71a8784000 rw-p 002ce000 08:02 6562503                    /usr/lib/x86_64-linux-gnu/libvorbisenc.so.2.0.8
7f71a8784000-7f71a87b4000 r-xp 00000000 08:02 6561366                    /usr/lib/x86_64-linux-gnu/libFLAC.so.8.3.0
7f71a87b4000-7f71a89b3000 ---p 00030000 08:02 6561366                    /usr/lib/x86_64-linux-gnu/libFLAC.so.8.3.0
7f71a89b3000-7f71a89b4000 r--p 0002f000 08:02 6561366                    /usr/lib/x86_64-linux-gnu/libFLAC.so.8.3.0
7f71a89b4000-7f71a89b5000 rw-p 00030000 08:02 6561366                    /usr/lib/x86_64-linux-gnu/libFLAC.so.8.3.0
7f71a89b5000-7f71a89ba000 r-xp 00000000 08:02 6561598                    /usr/lib/x86_64-linux-gnu/libasyncns.so.0.3.1
7f71a89ba000-7f71a8bb9000 ---p 00005000 08:02 6561598                    /usr/lib/x86_64-linux-gnu/libasyncns.so.0.3.1
7f71a8bb9000-7f71a8bba000 r--p 00004000 08:02 6561598                    /usr/lib/x86_64-linux-gnu/libasyncns.so.0.3.1
7f71a8bba000-7f71a8bbb000 rw-p 00005000 08:02 6561598                    /usr/lib/x86_64-linux-gnu/libasyncns.so.0.3.1
7f71a8bbb000-7f71a8c1c000 r-xp 00000000 08:02 6562384                    /usr/lib/x86_64-linux-gnu/libsndfile.so.1.0.25
7f71a8c1c000-7f71a8e1c000 ---p 00061000 08:02 6562384                    /usr/lib/x86_64-linux-gnu/libsndfile.so.1.0.25
7f71a8e1c000-7f71a8e1e000 r--p 00061000 08:02 6562384                    /usr/lib/x86_64-linux-gnu/libsndfile.so.1.0.25
7f71a8e1e000-7f71a8e1f000 rw-p 00063000 08:02 6562384                    /usr/lib/x86_64-linux-gnu/libsndfile.so.1.0.25
7f71a8e1f000-7f71a8e23000 rw-p 00000000 00:00 0 
7f71a8e23000-7f71a8e2b000 r-xp 00000000 08:02 13635850                   /lib/x86_64-linux-gnu/libwrap.so.0.7.6
7f71a8e2b000-7f71a902a000 ---p 00008000 08:02 13635850                   /lib/x86_64-linux-gnu/libwrap.so.0.7.6
7f71a902a000-7f71a902b000 r--p 00007000 08:02 13635850                   /lib/x86_64-linux-gnu/libwrap.so.0.7.6
7f71a902b000-7f71a902c000 rw-p 00008000 08:02 13635850                   /lib/x86_64-linux-gnu/libwrap.so.0.7.6
7f71a902c000-7f71a902d000 rw-p 00000000 00:00 0 
7f71a902d000-7f71a9093000 r-xp 00000000 08:02 6948471                    /usr/lib/x86_64-linux-gnu/pulseaudio/libpulsecommon-4.0.so
7f71a9093000-7f71a9292000 ---p 00066000 08:02 6948471                    /usr/lib/x86_64-linux-gnu/pulseaudio/libpulsecommon-4.0.so
7f71a9292000-7f71a9293000 r--p 00065000 08:02 6948471                    /usr/lib/x86_64-linux-gnu/pulseaudio/libpulsecommon-4.0.so
7f71a9293000-7f71a9294000 rw-p 00066000 08:02 6948471                    /usr/lib/x86_64-linux-gnu/pulseaudio/libpulsecommon-4.0.so
7f71a9294000-7f71a929e000 r-xp 00000000 08:02 13635730                   /lib/x86_64-linux-gnu/libjson-c.so.2.0.0
7f71a929e000-7f71a949d000 ---p 0000a000 08:02 13635730                   /lib/x86_64-linux-gnu/libjson-c.so.2.0.0
7f71a949d000-7f71a949e000 r--p 00009000 08:02 13635730                   /lib/x86_64-linux-gnu/libjson-c.so.2.0.0
7f71a949e000-7f71a949f000 rw-p 0000a000 08:02 13635730                   /lib/x86_64-linux-gnu/libjson-c.so.2.0.0
7f71a949f000-7f71a94e6000 r-xp 00000000 08:02 6562296                    /usr/lib/x86_64-linux-gnu/libpulse.so.0.16.2
7f71a94e6000-7f71a96e6000 ---p 00047000 08:02 6562296                    /usr/lib/x86_64-linux-gnu/libpulse.so.0.16.2
7f71a96e6000-7f71a96e7000 r--p 00047000 08:02 6562296                    /usr/lib/x86_64-linux-gnu/libpulse.so.0.16.2
7f71a96e7000-7f71a96e8000 rw-p 00048000 08:02 6562296                    /usr/lib/x86_64-linux-gnu/libpulse.so.0.16.2
7f71a97e9000-7f71a97ec000 ---p 00000000 00:00 0 
7f71a97ec000-7f71a98ea000 rw-p 00000000 00:00 0                          [stack:8524]
7f71a98ea000-7f71a99d3000 r-xp 00000000 08:02 6561590                    /usr/lib/x86_64-linux-gnu/libasound.so.2.0.0
7f71a99d3000-7f71a9bd2000 ---p 000e9000 08:02 6561590                    /usr/lib/x86_64-linux-gnu/libasound.so.2.0.0
7f71a9bd2000-7f71a9bd9000 r--p 000e8000 08:02 6561590                    /usr/lib/x86_64-linux-gnu/libasound.so.2.0.0
7f71a9bd9000-7f71a9bda000 rw-p 000ef000 08:02 6561590                    /usr/lib/x86_64-linux-gnu/libasound.so.2.0.0
7f71a9bda000-7f71a9be9000 r-xp 00000000 08:02 8012164                    /usr/bin/processing-3.0/java/lib/amd64/libjsoundalsa.so
7f71a9be9000-7f71a9de8000 ---p 0000f000 08:02 8012164                    /usr/bin/processing-3.0/java/lib/amd64/libjsoundalsa.so
7f71a9de8000-7f71a9de9000 rw-p 0000e000 08:02 8012164                    /usr/bin/processing-3.0/java/lib/amd64/libjsoundalsa.so
7f71a9de9000-7f71a9dea000 r-xp 00000000 08:02 8012181                    /usr/bin/processing-3.0/java/lib/amd64/libjsound.so
7f71a9dea000-7f71a9fe9000 ---p 00001000 08:02 8012181                    /usr/bin/processing-3.0/java/lib/amd64/libjsound.so
7f71a9fe9000-7f71a9fea000 rw-p 00000000 08:02 8012181                    /usr/bin/processing-3.0/java/lib/amd64/libjsound.so
7f71a9fea000-7f71aa08a000 rw-s 1d3df7000 00:06 10208                     /dev/dri/card0
7f71aa08a000-7f71aa08d000 ---p 00000000 00:00 0 
7f71aa08d000-7f71aa18b000 rw-p 00000000 00:00 0                          [stack:8511]
7f71aa18b000-7f71aa18e000 ---p 00000000 00:00 0 
7f71aa18e000-7f71aa48c000 rw-p 00000000 00:00 0                          [stack:8510]
7f71aa48c000-7f71aa4d0000 r-xp 00000000 08:02 13635704                   /lib/x86_64-linux-gnu/libdbus-1.so.3.7.6
7f71aa4d0000-7f71aa6cf000 ---p 00044000 08:02 13635704                   /lib/x86_64-linux-gnu/libdbus-1.so.3.7.6
7f71aa6cf000-7f71aa6d0000 r--p 00043000 08:02 13635704                   /lib/x86_64-linux-gnu/libdbus-1.so.3.7.6
7f71aa6d0000-7f71aa6d1000 rw-p 00044000 08:02 13635704                   /lib/x86_64-linux-gnu/libdbus-1.so.3.7.6
7f71aa6d1000-7f71aa6d9000 r-xp 00000000 08:02 13635752                   /lib/x86_64-linux-gnu/libnih-dbus.so.1.0.0
7f71aa6d9000-7f71aa8d9000 ---p 00008000 08:02 13635752                   /lib/x86_64-linux-gnu/libnih-dbus.so.1.0.0
7f71aa8d9000-7f71aa8da000 r--p 00008000 08:02 13635752                   /lib/x86_64-linux-gnu/libnih-dbus.so.1.0.0
7f71aa8da000-7f71aa8db000 rw-p 00009000 08:02 13635752                   /lib/x86_64-linux-gnu/libnih-dbus.so.1.0.0
7f71aa8db000-7f71aa8f2000 r-xp 00000000 08:02 13635754                   /lib/x86_64-linux-gnu/libnih.so.1.0.0
7f71aa8f2000-7f71aaaf1000 ---p 00017000 08:02 13635754                   /lib/x86_64-linux-gnu/libnih.so.1.0.0
7f71aaaf1000-7f71aaaf2000 r--p 00016000 08:02 13635754                   /lib/x86_64-linux-gnu/libnih.so.1.0.0
7f71aaaf2000-7f71aaaf3000 rw-p 00017000 08:02 13635754                   /lib/x86_64-linux-gnu/libnih.so.1.0.0
7f71aaaf3000-7f71aab0c000 r-xp 00000000 08:02 13635695                   /lib/x86_64-linux-gnu/libcgmanager.so.0.0.0
7f71aab0c000-7f71aad0b000 ---p 00019000 08:02 13635695                   /lib/x86_64-linux-gnu/libcgmanager.so.0.0.0
7f71aad0b000-7f71aad0d000 r--p 00018000 08:02 13635695                   /lib/x86_64-linux-gnu/libcgmanager.so.0.0.0
7f71aad0d000-7f71aad0e000 rw-p 0001a000 08:02 13635695                   /lib/x86_64-linux-gnu/libcgmanager.so.0.0.0
7f71aad0e000-7f71aad1e000 r-xp 00000000 08:02 13635838                   /lib/x86_64-linux-gnu/libudev.so.1.3.5
7f71aad1e000-7f71aaf1d000 ---p 00010000 08:02 13635838                   /lib/x86_64-linux-gnu/libudev.so.1.3.5
7f71aaf1d000-7f71aaf1e000 r--p 0000f000 08:02 13635838                   /lib/x86_64-linux-gnu/libudev.so.1.3.5
7f71aaf1e000-7f71aaf1f000 rw-p 00010000 08:02 13635838                   /lib/x86_64-linux-gnu/libudev.so.1.3.5
7f71aaf1f000-7f71aaf56000 r-xp 00000000 08:02 6562454                    /usr/lib/x86_64-linux-gnu/libtxc_dxtn_s2tc.so.0.0.0
7f71aaf56000-7f71ab155000 ---p 00037000 08:02 6562454                    /usr/lib/x86_64-linux-gnu/libtxc_dxtn_s2tc.so.0.0.0
7f71ab155000-7f71ab156000 r--p 00036000 08:02 6562454                    /usr/lib/x86_64-linux-gnu/libtxc_dxtn_s2tc.so.0.0.0
7f71ab156000-7f71ab157000 rw-p 00037000 08:02 6562454                    /usr/lib/x86_64-linux-gnu/libtxc_dxtn_s2tc.so.0.0.0
7f71ab157000-7f71ab16f000 r-xp 00000000 08:02 13635853                   /lib/x86_64-linux-gnu/libz.so.1.2.8
7f71ab16f000-7f71ab36e000 ---p 00018000 08:02 13635853                   /lib/x86_64-linux-gnu/libz.so.1.2.8
7f71ab36e000-7f71ab36f000 r--p 00017000 08:02 13635853                   /lib/x86_64-linux-gnu/libz.so.1.2.8
7f71ab36f000-7f71ab370000 rw-p 00018000 08:02 13635853                   /lib/x86_64-linux-gnu/libz.so.1.2.8
7f71ab370000-7f71ab378000 r-xp 00000000 08:02 6562259                    /usr/lib/x86_64-linux-gnu/libpciaccess.so.0.11.1
7f71ab378000-7f71ab577000 ---p 00008000 08:02 6562259                    /usr/lib/x86_64-linux-gnu/libpciaccess.so.0.11.1
7f71ab577000-7f71ab578000 r--p 00007000 08:02 6562259                    /usr/lib/x86_64-linux-gnu/libpciaccess.so.0.11.1
7f71ab578000-7f71ab579000 rw-p 00008000 08:02 6562259                    /usr/lib/x86_64-linux-gnu/libpciaccess.so.0.11.1
7f71ab579000-7f71ab65f000 r-xp 00000000 08:02 6562412                    /usr/lib/x86_64-linux-gnu/libstdc++.so.6.0.19
7f71ab65f000-7f71ab85e000 ---p 000e6000 08:02 6562412                    /usr/lib/x86_64-linux-gnu/libstdc++.so.6.0.19
7f71ab85e000-7f71ab866000 r--p 000e5000 08:02 6562412                    /usr/lib/x86_64-linux-gnu/libstdc++.so.6.0.19
7f71ab866000-7f71ab868000 rw-p 000ed000 08:02 6562412                    /usr/lib/x86_64-linux-gnu/libstdc++.so.6.0.19
7f71ab868000-7f71ab87d000 rw-p 00000000 00:00 0 
7f71ab87d000-7f71abdd1000 r-xp 00000000 08:02 6947244                    /usr/lib/x86_64-linux-gnu/dri/i965_dri.so
7f71abdd1000-7f71abfd1000 ---p 00554000 08:02 6947244                    /usr/lib/x86_64-linux-gnu/dri/i965_dri.so
7f71abfd1000-7f71abff2000 r--p 00554000 08:02 6947244                    /usr/lib/x86_64-linux-gnu/dri/i965_dri.so
7f71abff2000-7f71abff9000 rw-p 00575000 08:02 6947244                    /usr/lib/x86_64-linux-gnu/dri/i965_dri.so
7f71abff9000-7f71ac000000 rw-p 00000000 00:00 0 
7f71ac000000-7f71aeded000 rw-p 00000000 00:00 0 
7f71aeded000-7f71b0000000 ---p 00000000 00:00 0 
7f71b0000000-7f71b3082000 rw-p 00000000 00:00 0 
7f71b3082000-7f71b4000000 ---p 00000000 00:00 0 
7f71b4000000-7f71b474c000 rw-p 00000000 00:00 0 
7f71b474c000-7f71b8000000 ---p 00000000 00:00 0 
7f71b8000000-7f71b8021000 rw-p 00000000 00:00 0 
7f71b8021000-7f71bc000000 ---p 00000000 00:00 0 
7f71bc06c000-7f71bc078000 r-xp 00000000 08:02 6561756                    /usr/lib/x86_64-linux-gnu/libdrm_radeon.so.1.0.1
7f71bc078000-7f71bc277000 ---p 0000c000 08:02 6561756                    /usr/lib/x86_64-linux-gnu/libdrm_radeon.so.1.0.1
7f71bc277000-7f71bc278000 r--p 0000b000 08:02 6561756                    /usr/lib/x86_64-linux-gnu/libdrm_radeon.so.1.0.1
7f71bc278000-7f71bc279000 rw-p 0000c000 08:02 6561756                    /usr/lib/x86_64-linux-gnu/libdrm_radeon.so.1.0.1
7f71bc279000-7f71bc27f000 r-xp 00000000 08:02 6561754                    /usr/lib/x86_64-linux-gnu/libdrm_nouveau.so.2.0.0
7f71bc27f000-7f71bc47e000 ---p 00006000 08:02 6561754                    /usr/lib/x86_64-linux-gnu/libdrm_nouveau.so.2.0.0
7f71bc47e000-7f71bc47f000 r--p 00005000 08:02 6561754                    /usr/lib/x86_64-linux-gnu/libdrm_nouveau.so.2.0.0
7f71bc47f000-7f71bc480000 rw-p 00006000 08:02 6561754                    /usr/lib/x86_64-linux-gnu/libdrm_nouveau.so.2.0.0
7f71bc480000-7f71bc4a0000 r-xp 00000000 08:02 6561752                    /usr/lib/x86_64-linux-gnu/libdrm_intel.so.1.0.0
7f71bc4a0000-7f71bc69f000 ---p 00020000 08:02 6561752                    /usr/lib/x86_64-linux-gnu/libdrm_intel.so.1.0.0
7f71bc69f000-7f71bc6a0000 r--p 0001f000 08:02 6561752                    /usr/lib/x86_64-linux-gnu/libdrm_intel.so.1.0.0
7f71bc6a0000-7f71bc6a1000 rw-p 00020000 08:02 6561752                    /usr/lib/x86_64-linux-gnu/libdrm_intel.so.1.0.0
7f71bc6a1000-7f71bc6a4000 ---p 00000000 00:00 0 
7f71bc6a4000-7f71bc7a2000 rw-p 00000000 00:00 0                          [stack:8509]
7f71bc7a2000-7f71bc7fb000 r-xp 00000000 08:02 4721842                    /tmp/jogamp_0000/file_cache/jln4987091802182536830/jln6597208589913496482/libjogl_mobile.so
7f71bc7fb000-7f71bc9fb000 ---p 00059000 08:02 4721842                    /tmp/jogamp_0000/file_cache/jln4987091802182536830/jln6597208589913496482/libjogl_mobile.so
7f71bc9fb000-7f71bc9fc000 rw-p 00059000 08:02 4721842                    /tmp/jogamp_0000/file_cache/jln4987091802182536830/jln6597208589913496482/libjogl_mobile.so
7f71bc9fc000-7f71bca03000 r-xp 00000000 08:02 6561790                    /usr/lib/x86_64-linux-gnu/libffi.so.6.0.1
7f71bca03000-7f71bcc02000 ---p 00007000 08:02 6561790                    /usr/lib/x86_64-linux-gnu/libffi.so.6.0.1
7f71bcc02000-7f71bcc03000 r--p 00006000 08:02 6561790                    /usr/lib/x86_64-linux-gnu/libffi.so.6.0.1
7f71bcc03000-7f71bcc04000 rw-p 00007000 08:02 6561790                    /usr/lib/x86_64-linux-gnu/libffi.so.6.0.1
7f71bcc04000-7f71bcc10000 r-xp 00000000 08:02 6561843                    /usr/lib/x86_64-linux-gnu/libgbm.so.1.0.0
7f71bcc10000-7f71bce10000 ---p 0000c000 08:02 6561843                    /usr/lib/x86_64-linux-gnu/libgbm.so.1.0.0
7f71bce10000-7f71bce11000 r--p 0000c000 08:02 6561843                    /usr/lib/x86_64-linux-gnu/libgbm.so.1.0.0
7f71bce11000-7f71bce12000 rw-p 0000d000 08:02 6561843                    /usr/lib/x86_64-linux-gnu/libgbm.so.1.0.0
7f71bce12000-7f71bce21000 r-xp 00000000 08:02 6562520                    /usr/lib/x86_64-linux-gnu/libwayland-server.so.0.1.0
7f71bce21000-7f71bd020000 ---p 0000f000 08:02 6562520                    /usr/lib/x86_64-linux-gnu/libwayland-server.so.0.1.0
7f71bd020000-7f71bd022000 r--p 0000e000 08:02 6562520                    /usr/lib/x86_64-linux-gnu/libwayland-server.so.0.1.0
7f71bd022000-7f71bd023000 rw-p 00010000 08:02 6562520                    /usr/lib/x86_64-linux-gnu/libwayland-server.so.0.1.0
7f71bd023000-7f71bd02e000 r-xp 00000000 08:02 6562514                    /usr/lib/x86_64-linux-gnu/libwayland-client.so.0.2.0
7f71bd02e000-7f71bd22d000 ---p 0000b000 08:02 6562514                    /usr/lib/x86_64-linux-gnu/libwayland-client.so.0.2.0
7f71bd22d000-7f71bd22f000 r--p 0000a000 08:02 6562514                    /usr/lib/x86_64-linux-gnu/libwayland-client.so.0.2.0
7f71bd22f000-7f71bd230000 rw-p 0000c000 08:02 6562514                    /usr/lib/x86_64-linux-gnu/libwayland-client.so.0.2.0
7f71bd230000-7f71bd235000 r-xp 00000000 08:02 6562570                    /usr/lib/x86_64-linux-gnu/libxcb-xfixes.so.0.0.0
7f71bd235000-7f71bd435000 ---p 00005000 08:02 6562570                    /usr/lib/x86_64-linux-gnu/libxcb-xfixes.so.0.0.0
7f71bd435000-7f71bd436000 r--p 00005000 08:02 6562570                    /usr/lib/x86_64-linux-gnu/libxcb-xfixes.so.0.0.0
7f71bd436000-7f71bd437000 rw-p 00006000 08:02 6562570                    /usr/lib/x86_64-linux-gnu/libxcb-xfixes.so.0.0.0
7f71bd437000-7f71bd45e000 r-xp 00000000 08:02 6948353                    /usr/lib/x86_64-linux-gnu/mesa-egl/libEGL.so.1.0.0
7f71bd45e000-7f71bd65e000 ---p 00027000 08:02 6948353                    /usr/lib/x86_64-linux-gnu/mesa-egl/libEGL.so.1.0.0
7f71bd65e000-7f71bd65f000 r--p 00027000 08:02 6948353                    /usr/lib/x86_64-linux-gnu/mesa-egl/libEGL.so.1.0.0
7f71bd65f000-7f71bd660000 rw-p 00028000 08:02 6948353                    /usr/lib/x86_64-linux-gnu/mesa-egl/libEGL.so.1.0.0
7f71bd660000-7f71bd661000 rw-p 00000000 00:00 0 
7f71bd661000-7f71bd667000 r-xp 00000000 08:02 6948357                    /usr/lib/x86_64-linux-gnu/mesa-egl/libGLESv2.so.2.0.0
7f71bd667000-7f71bd866000 ---p 00006000 08:02 6948357                    /usr/lib/x86_64-linux-gnu/mesa-egl/libGLESv2.so.2.0.0
7f71bd866000-7f71bd867000 r--p 00005000 08:02 6948357                    /usr/lib/x86_64-linux-gnu/mesa-egl/libGLESv2.so.2.0.0
7f71bd867000-7f71bd868000 rw-p 00006000 08:02 6948357                    /usr/lib/x86_64-linux-gnu/mesa-egl/libGLESv2.so.2.0.0
7f71bd868000-7f71bd86b000 ---p 00000000 00:00 0 
7f71bd86b000-7f71bd969000 rw-p 00000000 00:00 0                          [stack:8508]
7f71bd969000-7f71bda1c000 r-xp 00000000 08:02 4721841                    /tmp/jogamp_0000/file_cache/jln4987091802182536830/jln6597208589913496482/libjogl_desktop.so
7f71bda1c000-7f71bdc1c000 ---p 000b3000 08:02 4721841                    /tmp/jogamp_0000/file_cache/jln4987091802182536830/jln6597208589913496482/libjogl_desktop.so
7f71bdc1c000-7f71bdc1d000 rw-p 000b3000 08:02 4721841                    /tmp/jogamp_0000/file_cache/jln4987091802182536830/jln6597208589913496482/libjogl_desktop.so
7f71bdc1d000-7f71bdc28000 r-xp 00000000 08:02 6561750                    /usr/lib/x86_64-linux-gnu/libdrm.so.2.4.0
7f71bdc28000-7f71bde27000 ---p 0000b000 08:02 6561750                    /usr/lib/x86_64-linux-gnu/libdrm.so.2.4.0
7f71bde27000-7f71bde28000 r--p 0000a000 08:02 6561750                    /usr/lib/x86_64-linux-gnu/libdrm.so.2.4.0
7f71bde28000-7f71bde29000 rw-p 0000b000 08:02 6561750                    /usr/lib/x86_64-linux-gnu/libdrm.so.2.4.0
7f71bde29000-7f71bde2a000 r-xp 00000000 08:02 6562584                    /usr/lib/x86_64-linux-gnu/libxshmfence.so.1.0.0
7f71bde2a000-7f71be029000 ---p 00001000 08:02 6562584                    /usr/lib/x86_64-linux-gnu/libxshmfence.so.1.0.0
7f71be029000-7f71be02a000 r--p 00000000 08:02 6562584                    /usr/lib/x86_64-linux-gnu/libxshmfence.so.1.0.0
7f71be02a000-7f71be02b000 rw-p 00001000 08:02 6562584                    /usr/lib/x86_64-linux-gnu/libxshmfence.so.1.0.0
7f71be02b000-7f71be030000 r-xp 00000000 08:02 6562566                    /usr/lib/x86_64-linux-gnu/libxcb-sync.so.1.0.0
7f71be030000-7f71be22f000 ---p 00005000 08:02 6562566                    /usr/lib/x86_64-linux-gnu/libxcb-sync.so.1.0.0
7f71be22f000-7f71be230000 r--p 00004000 08:02 6562566                    /usr/lib/x86_64-linux-gnu/libxcb-sync.so.1.0.0
7f71be230000-7f71be231000 rw-p 00005000 08:02 6562566                    /usr/lib/x86_64-linux-gnu/libxcb-sync.so.1.0.0
7f71be231000-7f71be233000 r-xp 00000000 08:02 6562554                    /usr/lib/x86_64-linux-gnu/libxcb-present.so.0.0.0
7f71be233000-7f71be432000 ---p 00002000 08:02 6562554                    /usr/lib/x86_64-linux-gnu/libxcb-present.so.0.0.0
7f71be432000-7f71be433000 r--p 00001000 08:02 6562554                    /usr/lib/x86_64-linux-gnu/libxcb-present.so.0.0.0
7f71be433000-7f71be434000 rw-p 00002000 08:02 6562554                    /usr/lib/x86_64-linux-gnu/libxcb-present.so.0.0.0
7f71be434000-7f71be436000 r-xp 00000000 08:02 6562544                    /usr/lib/x86_64-linux-gnu/libxcb-dri3.so.0.0.0
7f71be436000-7f71be635000 ---p 00002000 08:02 6562544                    /usr/lib/x86_64-linux-gnu/libxcb-dri3.so.0.0.0
7f71be635000-7f71be636000 r--p 00001000 08:02 6562544                    /usr/lib/x86_64-linux-gnu/libxcb-dri3.so.0.0.0
7f71be636000-7f71be637000 rw-p 00002000 08:02 6562544                    /usr/lib/x86_64-linux-gnu/libxcb-dri3.so.0.0.0
7f71be637000-7f71be63a000 r-xp 00000000 08:02 6562542                    /usr/lib/x86_64-linux-gnu/libxcb-dri2.so.0.0.0
7f71be63a000-7f71be83a000 ---p 00003000 08:02 6562542                    /usr/lib/x86_64-linux-gnu/libxcb-dri2.so.0.0.0
7f71be83a000-7f71be83b000 r--p 00003000 08:02 6562542                    /usr/lib/x86_64-linux-gnu/libxcb-dri2.so.0.0.0
7f71be83b000-7f71be83c000 rw-p 00004000 08:02 6562542                    /usr/lib/x86_64-linux-gnu/libxcb-dri2.so.0.0.0
7f71be83c000-7f71be851000 r-xp 00000000 08:02 6562546                    /usr/lib/x86_64-linux-gnu/libxcb-glx.so.0.0.0
7f71be851000-7f71bea50000 ---p 00015000 08:02 6562546                    /usr/lib/x86_64-linux-gnu/libxcb-glx.so.0.0.0
7f71bea50000-7f71bea52000 r--p 00014000 08:02 6562546                    /usr/lib/x86_64-linux-gnu/libxcb-glx.so.0.0.0
7f71bea52000-7f71bea53000 rw-p 00016000 08:02 6562546                    /usr/lib/x86_64-linux-gnu/libxcb-glx.so.0.0.0
7f71bea53000-7f71bea54000 r-xp 00000000 08:02 6561502                    /usr/lib/x86_64-linux-gnu/libX11-xcb.so.1.0.0
7f71bea54000-7f71bec53000 ---p 00001000 08:02 6561502                    /usr/lib/x86_64-linux-gnu/libX11-xcb.so.1.0.0
7f71bec53000-7f71bec54000 r--p 00000000 08:02 6561502                    /usr/lib/x86_64-linux-gnu/libX11-xcb.so.1.0.0
7f71bec54000-7f71bec55000 rw-p 00001000 08:02 6561502                    /usr/lib/x86_64-linux-gnu/libX11-xcb.so.1.0.0
7f71bec55000-7f71bec57000 r-xp 00000000 08:02 6561517                    /usr/lib/x86_64-linux-gnu/libXdamage.so.1.1.0
7f71bec57000-7f71bee56000 ---p 00002000 08:02 6561517                    /usr/lib/x86_64-linux-gnu/libXdamage.so.1.1.0
7f71bee56000-7f71bee57000 r--p 00001000 08:02 6561517                    /usr/lib/x86_64-linux-gnu/libXdamage.so.1.1.0
7f71bee57000-7f71bee58000 rw-p 00002000 08:02 6561517                    /usr/lib/x86_64-linux-gnu/libXdamage.so.1.1.0
7f71bee58000-7f71bee7d000 r-xp 00000000 08:02 6561895                    /usr/lib/x86_64-linux-gnu/libglapi.so.0.0.0
7f71bee7d000-7f71bf07d000 ---p 00025000 08:02 6561895                    /usr/lib/x86_64-linux-gnu/libglapi.so.0.0.0
7f71bf07d000-7f71bf080000 r--p 00025000 08:02 6561895                    /usr/lib/x86_64-linux-gnu/libglapi.so.0.0.0
7f71bf080000-7f71bf081000 rw-p 00028000 08:02 6561895                    /usr/lib/x86_64-linux-gnu/libglapi.so.0.0.0
7f71bf081000-7f71bf082000 rw-p 00000000 00:00 0 
7f71bf082000-7f71bf0a9000 r-xp 00000000 08:02 13637323                   /lib/x86_64-linux-gnu/libexpat.so.1.6.0
7f71bf0a9000-7f71bf2a9000 ---p 00027000 08:02 13637323                   /lib/x86_64-linux-gnu/libexpat.so.1.6.0
7f71bf2a9000-7f71bf2ab000 r--p 00027000 08:02 13637323                   /lib/x86_64-linux-gnu/libexpat.so.1.6.0
7f71bf2ab000-7f71bf2ac000 rw-p 00029000 08:02 13637323                   /lib/x86_64-linux-gnu/libexpat.so.1.6.0
7f71bf2ac000-7f71bf33a000 r-xp 00000000 08:02 6948350                    /usr/lib/x86_64-linux-gnu/mesa/libGL.so.1.2.0
7f71bf33a000-7f71bf539000 ---p 0008e000 08:02 6948350                    /usr/lib/x86_64-linux-gnu/mesa/libGL.so.1.2.0
7f71bf539000-7f71bf53c000 r--p 0008d000 08:02 6948350                    /usr/lib/x86_64-linux-gnu/mesa/libGL.so.1.2.0
7f71bf53c000-7f71bf53d000 rw-p 00090000 08:02 6948350                    /usr/lib/x86_64-linux-gnu/mesa/libGL.so.1.2.0
7f71bf53d000-7f71bf73e000 rw-p 00000000 00:00 0 
7f71bf73e000-7f71bf740000 r-xp 00000000 08:02 6561531                    /usr/lib/x86_64-linux-gnu/libXinerama.so.1.0.0
7f71bf740000-7f71bf93f000 ---p 00002000 08:02 6561531                    /usr/lib/x86_64-linux-gnu/libXinerama.so.1.0.0
7f71bf93f000-7f71bf940000 r--p 00001000 08:02 6561531                    /usr/lib/x86_64-linux-gnu/libXinerama.so.1.0.0
7f71bf940000-7f71bf941000 rw-p 00002000 08:02 6561531                    /usr/lib/x86_64-linux-gnu/libXinerama.so.1.0.0
7f71bf941000-7f71bfdf1000 rw-p 00000000 00:00 0 
7f71bfdf1000-7f71bfe00000 r-xp 00000000 08:02 4721847                    /tmp/jogamp_0000/file_cache/jln4987091802182536830/jln6597208589913496482/libnewt.so
7f71bfe00000-7f71bffff000 ---p 0000f000 08:02 4721847                    /tmp/jogamp_0000/file_cache/jln4987091802182536830/jln6597208589913496482/libnewt.so
7f71bffff000-7f71c0000000 rw-p 0000e000 08:02 4721847                    /tmp/jogamp_0000/file_cache/jln4987091802182536830/jln6597208589913496482/libnewt.so
7f71c0000000-7f71c0021000 rw-p 00000000 00:00 0 
7f71c0021000-7f71c4000000 ---p 00000000 00:00 0 
7f71c4000000-7f71c4291000 rw-p 00000000 00:00 0 
7f71c4291000-7f71c8000000 ---p 00000000 00:00 0 
7f71c8000000-7f71c8021000 rw-p 00000000 00:00 0 
7f71c8021000-7f71cc000000 ---p 00000000 00:00 0 
7f71cc000000-7f71cc021000 rw-p 00000000 00:00 0 
7f71cc021000-7f71d0000000 ---p 00000000 00:00 0 
7f71d0000000-7f71d0021000 rw-p 00000000 00:00 0 
7f71d0021000-7f71d4000000 ---p 00000000 00:00 0 
7f71d4000000-7f71d4021000 rw-p 00000000 00:00 0 
7f71d4021000-7f71d8000000 ---p 00000000 00:00 0 
7f71d8000000-7f71d98bf000 rw-p 00000000 00:00 0 
7f71d98bf000-7f71dc000000 ---p 00000000 00:00 0 
7f71dc000000-7f71dc715000 rw-p 00000000 00:00 0 
7f71dc715000-7f71e0000000 ---p 00000000 00:00 0 
7f71e0000000-7f71e0021000 rw-p 00000000 00:00 0 
7f71e0021000-7f71e4000000 ---p 00000000 00:00 0 
7f71e4000000-7f71e4aa6000 rw-p 00000000 00:00 0 
7f71e4aa6000-7f71e8000000 ---p 00000000 00:00 0 
7f71e8000000-7f71e8021000 rw-p 00000000 00:00 0 
7f71e8021000-7f71ec000000 ---p 00000000 00:00 0 
7f71ec06b000-7f71ec06c000 rw-p 00000000 00:00 0 
7f71ec06c000-7f71ec074000 rw-s 00000000 00:05 139235                     /drm mm object (deleted)
7f71ec074000-7f71ec07b000 r--s 00000000 08:02 6947811                    /usr/lib/x86_64-linux-gnu/gconv/gconv-modules.cache
7f71ec07b000-7f71ec08e000 r--s 00344000 08:02 6695996                    /usr/bin/processing-3.0/java/lib/resources.jar
7f71ec08e000-7f71ec096000 rw-s 00000000 00:05 139205                     /drm mm object (deleted)
7f71ec096000-7f71ec09e000 rw-s 00000000 00:05 139179                     /drm mm object (deleted)
7f71ec09e000-7f71ec0a6000 rw-s 00000000 00:05 142043                     /drm mm object (deleted)
7f71ec0a6000-7f71ec0ae000 rw-s 00000000 00:05 139168                     /drm mm object (deleted)
7f71ec0ae000-7f71ec0b1000 ---p 00000000 00:00 0 
7f71ec0b1000-7f71ec1af000 rw-p 00000000 00:00 0                          [stack:8507]
7f71ec1af000-7f71ec1b6000 r-xp 00000000 08:02 4721845                    /tmp/jogamp_0000/file_cache/jln4987091802182536830/jln6597208589913496482/libnativewindow_x11.so
7f71ec1b6000-7f71ec3b5000 ---p 00007000 08:02 4721845                    /tmp/jogamp_0000/file_cache/jln4987091802182536830/jln6597208589913496482/libnativewindow_x11.so
7f71ec3b5000-7f71ec3b6000 rw-p 00006000 08:02 4721845                    /tmp/jogamp_0000/file_cache/jln4987091802182536830/jln6597208589913496482/libnativewindow_x11.so
7f71ec3b6000-7f71ec3b9000 ---p 00000000 00:00 0 
7f71ec3b9000-7f71ec4b7000 rw-p 00000000 00:00 0                          [stack:8529]
7f71ec4b7000-7f71ec4bb000 r-xp 00000000 08:02 6561559                    /usr/lib/x86_64-linux-gnu/libXxf86vm.so.1.0.0
7f71ec4bb000-7f71ec6bb000 ---p 00004000 08:02 6561559                    /usr/lib/x86_64-linux-gnu/libXxf86vm.so.1.0.0
7f71ec6bb000-7f71ec6bc000 r--p 00004000 08:02 6561559                    /usr/lib/x86_64-linux-gnu/libXxf86vm.so.1.0.0
7f71ec6bc000-7f71ec6bd000 rw-p 00005000 08:02 6561559                    /usr/lib/x86_64-linux-gnu/libXxf86vm.so.1.0.0
7f71ec6bd000-7f71ec6bf000 rw-s 1d3e98000 00:06 10208                     /dev/dri/card0
7f71ec6bf000-7f71ec6c0000 rw-s 1d3e97000 00:06 10208                     /dev/dri/card0
7f71ec6c0000-7f71ec6c1000 rw-s 81000000 00:06 94744                      /dev/snd/pcmC2D0p
7f71ec6c1000-7f71ec6c2000 r--s 80000000 00:06 94744                      /dev/snd/pcmC2D0p
7f71ec6c2000-7f71ec6c3000 rw-s 1d3df6000 00:06 10208                     /dev/dri/card0
7f71ec6c3000-7f71ec6c4000 rw-s 1d3df5000 00:06 10208                     /dev/dri/card0
7f71ec6c4000-7f71ec6c5000 rwxp 00000000 00:00 0 
7f71ec6c5000-7f71ec6cd000 rw-s 00000000 00:05 138169                     /drm mm object (deleted)
7f71ec6cd000-7f71ec6d5000 rw-s 00000000 00:05 138209                     /drm mm object (deleted)
7f71ec6d5000-7f71ec6d6000 rw-s 1d3df4000 00:06 10208                     /dev/dri/card0
7f71ec6d6000-7f71ec6de000 rw-s 00000000 00:05 138158                     /drm mm object (deleted)
7f71ec6de000-7f71ec6e0000 r-xp 00000000 08:02 4721843                    /tmp/jogamp_0000/file_cache/jln4987091802182536830/jln6597208589913496482/libnativewindow_awt.so
7f71ec6e0000-7f71ec8df000 ---p 00002000 08:02 4721843                    /tmp/jogamp_0000/file_cache/jln4987091802182536830/jln6597208589913496482/libnativewindow_awt.so
7f71ec8df000-7f71ec8e0000 rw-p 00001000 08:02 4721843                    /tmp/jogamp_0000/file_cache/jln4987091802182536830/jln6597208589913496482/libnativewindow_awt.so
7f71ec8e0000-7f71ec8e1000 r-xp 00000000 08:02 8012156                    /usr/bin/processing-3.0/java/lib/amd64/libjawt.so
7f71ec8e1000-7f71ecae0000 ---p 00001000 08:02 8012156                    /usr/bin/processing-3.0/java/lib/amd64/libjawt.so
7f71ecae0000-7f71ecae1000 rw-p 00000000 08:02 8012156                    /usr/bin/processing-3.0/java/lib/amd64/libjawt.so
7f71ecae1000-7f71ecae3000 r-xp 00000000 08:02 4721838                    /tmp/jogamp_0000/file_cache/jln4987091802182536830/jln6597208589913496482/libgluegen-rt.so
7f71ecae3000-7f71ecce2000 ---p 00002000 08:02 4721838                    /tmp/jogamp_0000/file_cache/jln4987091802182536830/jln6597208589913496482/libgluegen-rt.so
7f71ecce2000-7f71ecce3000 rw-p 00001000 08:02 4721838                    /tmp/jogamp_0000/file_cache/jln4987091802182536830/jln6597208589913496482/libgluegen-rt.so
7f71ecce3000-7f71ecce6000 ---p 00000000 00:00 0 
7f71ecce6000-7f71ecde4000 rw-p 00000000 00:00 0 
7f71ecde4000-7f71ecdf5000 r-xp 00000000 08:02 8012203                    /usr/bin/processing-3.0/java/lib/amd64/libnio.so
7f71ecdf5000-7f71ecff4000 ---p 00011000 08:02 8012203                    /usr/bin/processing-3.0/java/lib/amd64/libnio.so
7f71ecff4000-7f71ecff5000 rw-p 00010000 08:02 8012203                    /usr/bin/processing-3.0/java/lib/amd64/libnio.so
7f71ecff5000-7f71ed00b000 r-xp 00000000 08:02 8012151                    /usr/bin/processing-3.0/java/lib/amd64/libnet.so
7f71ed00b000-7f71ed20b000 ---p 00016000 08:02 8012151                    /usr/bin/processing-3.0/java/lib/amd64/libnet.so
7f71ed20b000-7f71ed20c000 rw-p 00016000 08:02 8012151                    /usr/bin/processing-3.0/java/lib/amd64/libnet.so
7f71ed20c000-7f71ed20f000 ---p 00000000 00:00 0 
7f71ed20f000-7f71ed245000 rw-p 00000000 00:00 0                          [stack:8500]
7f71ed245000-7f71ed246000 r--p 00000000 00:00 0 
7f71ed246000-7f71ed24a000 r--s 00095000 08:02 6696012                    /usr/bin/processing-3.0/java/lib/jsse.jar
7f71ed24a000-7f71ed44a000 rw-p 00000000 00:00 0 
7f71ed44a000-7f71ed44d000 r--s 00041000 08:02 8014028                    /usr/bin/processing-3.0/modes/java/mode/org.netbeans.swing.outline.jar
7f71ed44d000-7f71ed452000 r--s 00038000 08:02 8014038                    /usr/bin/processing-3.0/modes/java/mode/org.eclipse.text.jar
7f71ed452000-7f71ed466000 r--s 00121000 08:02 8014045                    /usr/bin/processing-3.0/modes/java/mode/org.eclipse.osgi.jar
7f71ed466000-7f71ed49e000 r--s 00515000 08:02 8014044                    /usr/bin/processing-3.0/modes/java/mode/org.eclipse.jdt.core.jar
7f71ed49e000-7f71ed4a1000 r--s 0001c000 08:02 8014042                    /usr/bin/processing-3.0/modes/java/mode/org.eclipse.equinox.preferences.jar
7f71ed4a1000-7f71ed4a4000 r--s 00018000 08:02 8014034                    /usr/bin/processing-3.0/modes/java/mode/org.eclipse.equinox.common.jar
7f71ed4a4000-7f71ed4a6000 r--s 00011000 08:02 8014037                    /usr/bin/processing-3.0/modes/java/mode/org.eclipse.core.runtime.jar
7f71ed4a6000-7f71ed4b1000 r--s 000c1000 08:02 8014040                    /usr/bin/processing-3.0/modes/java/mode/org.eclipse.core.resources.jar
7f71ed4b1000-7f71ed4b3000 r--s 00016000 08:02 8014027                    /usr/bin/processing-3.0/modes/java/mode/org.eclipse.core.jobs.jar
7f71ed4b3000-7f71ed4b5000 r--s 00015000 08:02 8014029                    /usr/bin/processing-3.0/modes/java/mode/org.eclipse.core.contenttype.jar
7f71ed4b5000-7f71ed4ba000 r--s 0003f000 08:02 8014032                    /usr/bin/processing-3.0/modes/java/mode/jsoup-1.7.1.jar
7f71ed4ba000-7f71ed4c7000 r--s 000cb000 08:02 8014036                    /usr/bin/processing-3.0/modes/java/mode/jdimodel.jar
7f71ed4c7000-7f71ed4cb000 r--s 0000e000 08:02 8014030                    /usr/bin/processing-3.0/modes/java/mode/jdi.jar
7f71ed4cb000-7f71ed526000 r--s 009e2000 08:02 8014039                    /usr/bin/processing-3.0/modes/java/mode/com.ibm.icu.jar
7f71ed526000-7f71ed530000 r--s 00097000 08:02 6695776                    /usr/bin/processing-3.0/lib/pde.jar
7f71ed530000-7f71ed54e000 r--s 001bb000 08:02 6695851                    /usr/bin/processing-3.0/lib/ant.jar
7f71ed54e000-7f71ed571000 r--s 00308000 08:02 6569034                    /usr/bin/processing-3.0/core/library/jogl-all.jar
7f71ed571000-7f71ed57a000 r-xp 00000000 08:02 6561541                    /usr/lib/x86_64-linux-gnu/libXrandr.so.2.2.0
7f71ed57a000-7f71ed779000 ---p 00009000 08:02 6561541                    /usr/lib/x86_64-linux-gnu/libXrandr.so.2.2.0
7f71ed779000-7f71ed77a000 r--p 00008000 08:02 6561541                    /usr/lib/x86_64-linux-gnu/libXrandr.so.2.2.0
7f71ed77a000-7f71ed77b000 rw-p 00009000 08:02 6561541                    /usr/lib/x86_64-linux-gnu/libXrandr.so.2.2.0
7f71ed77b000-7f71ed77e000 ---p 00000000 00:00 0 
7f71ed77e000-7f71ed87c000 rw-p 00000000 00:00 0                          [stack:8496]
7f71ed87c000-7f71ed881000 r-xp 00000000 08:02 6561523                    /usr/lib/x86_64-linux-gnu/libXfixes.so.3.1.0
7f71ed881000-7f71eda80000 ---p 00005000 08:02 6561523                    /usr/lib/x86_64-linux-gnu/libXfixes.so.3.1.0
7f71eda80000-7f71eda81000 r--p 00004000 08:02 6561523                    /usr/lib/x86_64-linux-gnu/libXfixes.so.3.1.0
7f71eda81000-7f71eda82000 rw-p 00005000 08:02 6561523                    /usr/lib/x86_64-linux-gnu/libXfixes.so.3.1.0
7f71eda82000-7f71eda8b000 r-xp 00000000 08:02 6561515                    /usr/lib/x86_64-linux-gnu/libXcursor.so.1.0.2
7f71eda8b000-7f71edc8a000 ---p 00009000 08:02 6561515                    /usr/lib/x86_64-linux-gnu/libXcursor.so.1.0.2
7f71edc8a000-7f71edc8b000 r--p 00008000 08:02 6561515                    /usr/lib/x86_64-linux-gnu/libXcursor.so.1.0.2
7f71edc8b000-7f71edc8c000 rw-p 00009000 08:02 6561515                    /usr/lib/x86_64-linux-gnu/libXcursor.so.1.0.2
7f71edc8c000-7f71edc8f000 ---p 00000000 00:00 0 
7f71edc8f000-7f71edd8d000 rw-p 00000000 00:00 0                          [stack:8495]
7f71edd8d000-7f71edda3000 r-xp 00000000 08:02 13635717                   /lib/x86_64-linux-gnu/libgcc_s.so.1
7f71edda3000-7f71edfa2000 ---p 00016000 08:02 13635717                   /lib/x86_64-linux-gnu/libgcc_s.so.1
7f71edfa2000-7f71edfa3000 rw-p 00015000 08:02 13635717                   /lib/x86_64-linux-gnu/libgcc_s.so.1
7f71edfa3000-7f71ee009000 r-xp 00000000 08:02 8012146                    /usr/bin/processing-3.0/java/lib/amd64/libfontmanager.so
7f71ee009000-7f71ee208000 ---p 00066000 08:02 8012146                    /usr/bin/processing-3.0/java/lib/amd64/libfontmanager.so
7f71ee208000-7f71ee20c000 rw-p 00065000 08:02 8012146                    /usr/bin/processing-3.0/java/lib/amd64/libfontmanager.so
7f71ee20c000-7f71ee21d000 rw-p 00000000 00:00 0 
7f71ee21d000-7f71ee222000 r-xp 00000000 08:02 6561519                    /usr/lib/x86_64-linux-gnu/libXdmcp.so.6.0.0
7f71ee222000-7f71ee421000 ---p 00005000 08:02 6561519                    /usr/lib/x86_64-linux-gnu/libXdmcp.so.6.0.0
7f71ee421000-7f71ee422000 r--p 00004000 08:02 6561519                    /usr/lib/x86_64-linux-gnu/libXdmcp.so.6.0.0
7f71ee422000-7f71ee423000 rw-p 00005000 08:02 6561519                    /usr/lib/x86_64-linux-gnu/libXdmcp.so.6.0.0
7f71ee423000-7f71ee425000 r-xp 00000000 08:02 6561508                    /usr/lib/x86_64-linux-gnu/libXau.so.6.0.0
7f71ee425000-7f71ee625000 ---p 00002000 08:02 6561508                    /usr/lib/x86_64-linux-gnu/libXau.so.6.0.0
7f71ee625000-7f71ee626000 r--p 00002000 08:02 6561508                    /usr/lib/x86_64-linux-gnu/libXau.so.6.0.0
7f71ee626000-7f71ee627000 rw-p 00003000 08:02 6561508                    /usr/lib/x86_64-linux-gnu/libXau.so.6.0.0
7f71ee627000-7f71ee644000 r-xp 00000000 08:02 6562574                    /usr/lib/x86_64-linux-gnu/libxcb.so.1.1.0
7f71ee644000-7f71ee844000 ---p 0001d000 08:02 6562574                    /usr/lib/x86_64-linux-gnu/libxcb.so.1.1.0
7f71ee844000-7f71ee845000 r--p 0001d000 08:02 6562574                    /usr/lib/x86_64-linux-gnu/libxcb.so.1.1.0
7f71ee845000-7f71ee846000 rw-p 0001e000 08:02 6562574                    /usr/lib/x86_64-linux-gnu/libxcb.so.1.1.0
7f71ee846000-7f71ee855000 r-xp 00000000 08:02 6561529                    /usr/lib/x86_64-linux-gnu/libXi.so.6.1.0
7f71ee855000-7f71eea54000 ---p 0000f000 08:02 6561529                    /usr/lib/x86_64-linux-gnu/libXi.so.6.1.0
7f71eea54000-7f71eea55000 r--p 0000e000 08:02 6561529                    /usr/lib/x86_64-linux-gnu/libXi.so.6.1.0
7f71eea55000-7f71eea56000 rw-p 0000f000 08:02 6561529                    /usr/lib/x86_64-linux-gnu/libXi.so.6.1.0
7f71eea56000-7f71eea5b000 r-xp 00000000 08:02 6561549                    /usr/lib/x86_64-linux-gnu/libXtst.so.6.1.0
7f71eea5b000-7f71eec5a000 ---p 00005000 08:02 6561549                    /usr/lib/x86_64-linux-gnu/libXtst.so.6.1.0
7f71eec5a000-7f71eec5b000 r--p 00004000 08:02 6561549                    /usr/lib/x86_64-linux-gnu/libXtst.so.6.1.0
7f71eec5b000-7f71eec5c000 rw-p 00005000 08:02 6561549                    /usr/lib/x86_64-linux-gnu/libXtst.so.6.1.0
7f71eec5c000-7f71eec65000 r-xp 00000000 08:02 6561543                    /usr/lib/x86_64-linux-gnu/libXrender.so.1.3.0
7f71eec65000-7f71eee64000 ---p 00009000 08:02 6561543                    /usr/lib/x86_64-linux-gnu/libXrender.so.1.3.0
7f71eee64000-7f71eee65000 r--p 00008000 08:02 6561543                    /usr/lib/x86_64-linux-gnu/libXrender.so.1.3.0
7f71eee65000-7f71eee66000 rw-p 00009000 08:02 6561543                    /usr/lib/x86_64-linux-gnu/libXrender.so.1.3.0
7f71eee66000-7f71eef96000 r-xp 00000000 08:02 6561504                    /usr/lib/x86_64-linux-gnu/libX11.so.6.3.0
7f71eef96000-7f71ef196000 ---p 00130000 08:02 6561504                    /usr/lib/x86_64-linux-gnu/libX11.so.6.3.0
7f71ef196000-7f71ef197000 r--p 00130000 08:02 6561504                    /usr/lib/x86_64-linux-gnu/libX11.so.6.3.0
7f71ef197000-7f71ef19b000 rw-p 00131000 08:02 6561504                    /usr/lib/x86_64-linux-gnu/libX11.so.6.3.0
7f71ef19b000-7f71ef1ac000 r-xp 00000000 08:02 6561521                    /usr/lib/x86_64-linux-gnu/libXext.so.6.4.0
7f71ef1ac000-7f71ef3ab000 ---p 00011000 08:02 6561521                    /usr/lib/x86_64-linux-gnu/libXext.so.6.4.0
7f71ef3ab000-7f71ef3ac000 r--p 00010000 08:02 6561521                    /usr/lib/x86_64-linux-gnu/libXext.so.6.4.0
7f71ef3ac000-7f71ef3ad000 rw-p 00011000 08:02 6561521                    /usr/lib/x86_64-linux-gnu/libXext.so.6.4.0
7f71ef3ad000-7f71ef3ae000 r--s 00003000 08:02 8014046                    /usr/bin/processing-3.0/modes/java/mode/jdtCompilerAdapter.jar
7f71ef3ae000-7f71ef3b4000 r--s 0007d000 08:02 8014033                    /usr/bin/processing-3.0/modes/java/mode/JavaMode.jar
7f71ef3b4000-7f71ef3ce000 r--s 01689000 08:02 6569030                    /usr/bin/processing-3.0/core/library/jogl-java-src.zip
7f71ef3ce000-7f71ef422000 r-xp 00000000 08:02 8012182                    /usr/bin/processing-3.0/java/lib/amd64/libawt_xawt.so
7f71ef422000-7f71ef622000 ---p 00054000 08:02 8012182                    /usr/bin/processing-3.0/java/lib/amd64/libawt_xawt.so
7f71ef622000-7f71ef626000 rw-p 00054000 08:02 8012182                    /usr/bin/processing-3.0/java/lib/amd64/libawt_xawt.so
7f71ef626000-7f71ef627000 rw-p 00000000 00:00 0 
7f71ef627000-7f71ef6c9000 r-xp 00000000 08:02 8012174                    /usr/bin/processing-3.0/java/lib/amd64/libawt.so
7f71ef6c9000-7f71ef8c9000 ---p 000a2000 08:02 8012174                    /usr/bin/processing-3.0/java/lib/amd64/libawt.so
7f71ef8c9000-7f71ef8d5000 rw-p 000a2000 08:02 8012174                    /usr/bin/processing-3.0/java/lib/amd64/libawt.so
7f71ef8d5000-7f71ef8f9000 rw-p 00000000 00:00 0 
7f71ef8f9000-7f71ef8fa000 ---p 00000000 00:00 0 
7f71ef8fa000-7f71ef9fa000 rw-p 00000000 00:00 0                          [stack:8494]
7f71ef9fa000-7f71ef9fd000 ---p 00000000 00:00 0 
7f71ef9fd000-7f71efafb000 rw-p 00000000 00:00 0                          [stack:8493]
7f71efafb000-7f71efafe000 ---p 00000000 00:00 0 
7f71efafe000-7f71efbfc000 rw-p 00000000 00:00 0                          [stack:8492]
7f71efbfc000-7f71efbff000 ---p 00000000 00:00 0 
7f71efbff000-7f71efcfd000 rw-p 00000000 00:00 0                          [stack:8491]
7f71efcfd000-7f71efd00000 ---p 00000000 00:00 0 
7f71efd00000-7f71efdfe000 rw-p 00000000 00:00 0                          [stack:8490]
7f71efdfe000-7f71efe01000 ---p 00000000 00:00 0 
7f71efe01000-7f71efeff000 rw-p 00000000 00:00 0                          [stack:8484]
7f71efeff000-7f71eff02000 ---p 00000000 00:00 0 
7f71eff02000-7f71f0000000 rw-p 00000000 00:00 0                          [stack:8479]
7f71f0000000-7f71f0021000 rw-p 00000000 00:00 0 
7f71f0021000-7f71f4000000 ---p 00000000 00:00 0 
7f71f4000000-7f71f4021000 rw-p 00000000 00:00 0 
7f71f4021000-7f71f8000000 ---p 00000000 00:00 0 
7f71f8000000-7f71f8021000 rw-p 00000000 00:00 0 
7f71f8021000-7f71fc000000 ---p 00000000 00:00 0 
7f71fc000000-7f71fc021000 rw-p 00000000 00:00 0 
7f71fc021000-7f7200000000 ---p 00000000 00:00 0 
7f7200000000-7f7200021000 rw-p 00000000 00:00 0 
7f7200021000-7f7204000000 ---p 00000000 00:00 0 
7f7204000000-7f7204021000 rw-p 00000000 00:00 0 
7f7204021000-7f7208000000 ---p 00000000 00:00 0 
7f7208000000-7f7208021000 rw-p 00000000 00:00 0 
7f7208021000-7f720c000000 ---p 00000000 00:00 0 
7f720c000000-7f720c021000 rw-p 00000000 00:00 0 
7f720c021000-7f7210000000 ---p 00000000 00:00 0 
7f7210000000-7f7210021000 rw-p 00000000 00:00 0 
7f7210021000-7f7214000000 ---p 00000000 00:00 0 
7f7214000000-7f7214014000 r--s 00127000 08:02 6695832                    /usr/bin/processing-3.0/lib/jna.jar
7f7214014000-7f7214017000 ---p 00000000 00:00 0 
7f7214017000-7f7214115000 rw-p 00000000 00:00 0                          [stack:8478]
7f7214115000-7f7214119000 r-xp 00000000 08:02 8012175                    /usr/bin/processing-3.0/java/lib/amd64/libdt_socket.so
7f7214119000-7f7214318000 ---p 00004000 08:02 8012175                    /usr/bin/processing-3.0/java/lib/amd64/libdt_socket.so
7f7214318000-7f7214319000 rw-p 00003000 08:02 8012175                    /usr/bin/processing-3.0/java/lib/amd64/libdt_socket.so
7f7214319000-7f721431c000 ---p 00000000 00:00 0 
7f721431c000-7f721441a000 rw-p 00000000 00:00 0                          [stack:8477]
7f721441a000-7f721441d000 ---p 00000000 00:00 0 
7f721441d000-7f721451b000 rw-p 00000000 00:00 0                          [stack:8476]
7f721451b000-7f721451e000 ---p 00000000 00:00 0 
7f721451e000-7f721461c000 rw-p 00000000 00:00 0                          [stack:8475]
7f721461c000-7f721461d000 ---p 00000000 00:00 0 
7f721461d000-7f7215720000 rw-p 00000000 00:00 0                          [stack:8474]
7f7215720000-7f72158f8000 r--s 03d0c000 08:02 6695974                    /usr/bin/processing-3.0/java/lib/rt.jar
7f72158f8000-7f721e5a5000 rw-p 00000000 00:00 0 
7f721e5a5000-7f721e5a6000 ---p 00000000 00:00 0 
7f721e5a6000-7f721e6a6000 rw-p 00000000 00:00 0                          [stack:8473]
7f721e6a6000-7f721e6a7000 ---p 00000000 00:00 0 
7f721e6a7000-7f721e7a7000 rw-p 00000000 00:00 0                          [stack:8472]
7f721e7a7000-7f721e7a8000 ---p 00000000 00:00 0 
7f721e7a8000-7f721e8a8000 rw-p 00000000 00:00 0                          [stack:8471]
7f721e8a8000-7f721e8a9000 ---p 00000000 00:00 0 
7f721e8a9000-7f721e9fd000 rw-p 00000000 00:00 0                          [stack:8470]
7f721e9fd000-7f721eed9000 ---p 00000000 00:00 0 
7f721eed9000-7f721ef2d000 rw-p 00000000 00:00 0 
7f721ef2d000-7f721f408000 ---p 00000000 00:00 0 
7f721f408000-7f721f501000 rw-p 00000000 00:00 0 
7f721f501000-7f721f6a0000 ---p 00000000 00:00 0 
7f721f6a0000-7f721f6c2000 rw-p 00000000 00:00 0 
7f721f6c2000-7f721fa61000 ---p 00000000 00:00 0 
7f721fa61000-7f7220291000 rwxp 00000000 00:00 0 
7f7220291000-7f722ea61000 ---p 00000000 00:00 0 
7f722ea61000-7f722ea7b000 r-xp 00000000 08:02 8012189                    /usr/bin/processing-3.0/java/lib/amd64/libzip.so
7f722ea7b000-7f722ec7b000 ---p 0001a000 08:02 8012189                    /usr/bin/processing-3.0/java/lib/amd64/libzip.so
7f722ec7b000-7f722ec7c000 rw-p 0001a000 08:02 8012189                    /usr/bin/processing-3.0/java/lib/amd64/libzip.so
7f722ec7c000-7f722ec87000 r-xp 00000000 08:02 13635765                   /lib/x86_64-linux-gnu/libnss_files-2.19.so
7f722ec87000-7f722ee86000 ---p 0000b000 08:02 13635765                   /lib/x86_64-linux-gnu/libnss_files-2.19.so
7f722ee86000-7f722ee87000 r--p 0000a000 08:02 13635765                   /lib/x86_64-linux-gnu/libnss_files-2.19.so
7f722ee87000-7f722ee88000 rw-p 0000b000 08:02 13635765                   /lib/x86_64-linux-gnu/libnss_files-2.19.so
7f722ee88000-7f722ee93000 r-xp 00000000 08:02 13635775                   /lib/x86_64-linux-gnu/libnss_nis-2.19.so
7f722ee93000-7f722f092000 ---p 0000b000 08:02 13635775                   /lib/x86_64-linux-gnu/libnss_nis-2.19.so
7f722f092000-7f722f093000 r--p 0000a000 08:02 13635775                   /lib/x86_64-linux-gnu/libnss_nis-2.19.so
7f722f093000-7f722f094000 rw-p 0000b000 08:02 13635775                   /lib/x86_64-linux-gnu/libnss_nis-2.19.so
7f722f094000-7f722f0ab000 r-xp 00000000 08:02 13635759                   /lib/x86_64-linux-gnu/libnsl-2.19.so
7f722f0ab000-7f722f2aa000 ---p 00017000 08:02 13635759                   /lib/x86_64-linux-gnu/libnsl-2.19.so
7f722f2aa000-7f722f2ab000 r--p 00016000 08:02 13635759                   /lib/x86_64-linux-gnu/libnsl-2.19.so
7f722f2ab000-7f722f2ac000 rw-p 00017000 08:02 13635759                   /lib/x86_64-linux-gnu/libnsl-2.19.so
7f722f2ac000-7f722f2ae000 rw-p 00000000 00:00 0 
7f722f2ae000-7f722f2b7000 r-xp 00000000 08:02 13635761                   /lib/x86_64-linux-gnu/libnss_compat-2.19.so
7f722f2b7000-7f722f4b6000 ---p 00009000 08:02 13635761                   /lib/x86_64-linux-gnu/libnss_compat-2.19.so
7f722f4b6000-7f722f4b7000 r--p 00008000 08:02 13635761                   /lib/x86_64-linux-gnu/libnss_compat-2.19.so
7f722f4b7000-7f722f4b8000 rw-p 00009000 08:02 13635761                   /lib/x86_64-linux-gnu/libnss_compat-2.19.so
7f722f4b8000-7f722fb9a000 r--p 00000000 08:02 6560506                    /usr/lib/locale/locale-archive
7f722fb9a000-7f722fbd3000 r-xp 00000000 08:02 8012184                    /usr/bin/processing-3.0/java/lib/amd64/libjdwp.so
7f722fbd3000-7f722fdd2000 ---p 00039000 08:02 8012184                    /usr/bin/processing-3.0/java/lib/amd64/libjdwp.so
7f722fdd2000-7f722fdd4000 rw-p 00038000 08:02 8012184                    /usr/bin/processing-3.0/java/lib/amd64/libjdwp.so
7f722fdd4000-7f722fdfe000 r-xp 00000000 08:02 8012204                    /usr/bin/processing-3.0/java/lib/amd64/libjava.so
7f722fdfe000-7f722fffe000 ---p 0002a000 08:02 8012204                    /usr/bin/processing-3.0/java/lib/amd64/libjava.so
7f722fffe000-7f7230000000 rw-p 0002a000 08:02 8012204                    /usr/bin/processing-3.0/java/lib/amd64/libjava.so
7f7230000000-7f7230880000 rw-p 00000000 00:00 0 
7f7230880000-7f7234000000 ---p 00000000 00:00 0 
7f7234000000-7f7234001000 r--s 00003000 08:02 8014035                    /usr/bin/processing-3.0/modes/java/mode/classpath-explorer-1.0.jar
7f7234001000-7f7234006000 r--s 00068000 08:02 8014043                    /usr/bin/processing-3.0/modes/java/mode/antlr.jar
7f7234006000-7f7234008000 r--s 00002000 08:02 6695836                    /usr/bin/processing-3.0/lib/ant-launcher.jar
7f7234008000-7f723400a000 r--s 00005000 08:02 4591938                    /home/akelly/sketchbook/libraries/minim/library/mp3spi1.9.5.jar
7f723400a000-7f723400b000 r--s 0000b000 08:02 4591937                    /home/akelly/sketchbook/libraries/minim/library/jsminim.jar
7f723400b000-7f723400f000 r--s 00040000 08:02 4591936                    /home/akelly/sketchbook/libraries/minim/library/jl1.0.1.jar
7f723400f000-7f7234012000 r--s 00017000 08:02 4591933                    /home/akelly/sketchbook/libraries/minim/library/tritonus_share.jar
7f7234012000-7f7234015000 r--s 00016000 08:02 4591932                    /home/akelly/sketchbook/libraries/minim/library/minim.jar
7f7234015000-7f723401d000 r--s 003d3000 08:02 6569026                    /usr/bin/processing-3.0/core/library/gluegen-java-src.zip
7f723401d000-7f723401f000 r-xp 00000000 08:02 8012169                    /usr/bin/processing-3.0/java/lib/amd64/libnpt.so
7f723401f000-7f723421f000 ---p 00002000 08:02 8012169                    /usr/bin/processing-3.0/java/lib/amd64/libnpt.so
7f723421f000-7f7234220000 rw-p 00002000 08:02 8012169                    /usr/bin/processing-3.0/java/lib/amd64/libnpt.so
7f7234220000-7f723422d000 r-xp 00000000 08:02 8012148                    /usr/bin/processing-3.0/java/lib/amd64/libverify.so
7f723422d000-7f723442d000 ---p 0000d000 08:02 8012148                    /usr/bin/processing-3.0/java/lib/amd64/libverify.so
7f723442d000-7f723442f000 rw-p 0000d000 08:02 8012148                    /usr/bin/processing-3.0/java/lib/amd64/libverify.so
7f723442f000-7f7234436000 r-xp 00000000 08:02 13635818                   /lib/x86_64-linux-gnu/librt-2.19.so
7f7234436000-7f7234635000 ---p 00007000 08:02 13635818                   /lib/x86_64-linux-gnu/librt-2.19.so
7f7234635000-7f7234636000 r--p 00006000 08:02 13635818                   /lib/x86_64-linux-gnu/librt-2.19.so
7f7234636000-7f7234637000 rw-p 00007000 08:02 13635818                   /lib/x86_64-linux-gnu/librt-2.19.so
7f7234637000-7f723473c000 r-xp 00000000 08:02 13635740                   /lib/x86_64-linux-gnu/libm-2.19.so
7f723473c000-7f723493b000 ---p 00105000 08:02 13635740                   /lib/x86_64-linux-gnu/libm-2.19.so
7f723493b000-7f723493c000 r--p 00104000 08:02 13635740                   /lib/x86_64-linux-gnu/libm-2.19.so
7f723493c000-7f723493d000 rw-p 00105000 08:02 13635740                   /lib/x86_64-linux-gnu/libm-2.19.so
7f723493d000-7f72355eb000 r-xp 00000000 08:02 8012167                    /usr/bin/processing-3.0/java/lib/amd64/server/libjvm.so
7f72355eb000-7f72357eb000 ---p 00cae000 08:02 8012167                    /usr/bin/processing-3.0/java/lib/amd64/server/libjvm.so
7f72357eb000-7f72358c2000 rw-p 00cae000 08:02 8012167                    /usr/bin/processing-3.0/java/lib/amd64/server/libjvm.so
7f72358c2000-7f7235906000 rw-p 00000000 00:00 0 
7f7235906000-7f7235ac1000 r-xp 00000000 08:02 13635690                   /lib/x86_64-linux-gnu/libc-2.19.so
7f7235ac1000-7f7235cc0000 ---p 001bb000 08:02 13635690                   /lib/x86_64-linux-gnu/libc-2.19.so
7f7235cc0000-7f7235cc4000 r--p 001ba000 08:02 13635690                   /lib/x86_64-linux-gnu/libc-2.19.so
7f7235cc4000-7f7235cc6000 rw-p 001be000 08:02 13635690                   /lib/x86_64-linux-gnu/libc-2.19.so
7f7235cc6000-7f7235ccb000 rw-p 00000000 00:00 0 
7f7235ccb000-7f7235cce000 r-xp 00000000 08:02 13635707                   /lib/x86_64-linux-gnu/libdl-2.19.so
7f7235cce000-7f7235ecd000 ---p 00003000 08:02 13635707                   /lib/x86_64-linux-gnu/libdl-2.19.so
7f7235ecd000-7f7235ece000 r--p 00002000 08:02 13635707                   /lib/x86_64-linux-gnu/libdl-2.19.so
7f7235ece000-7f7235ecf000 rw-p 00003000 08:02 13635707                   /lib/x86_64-linux-gnu/libdl-2.19.so
7f7235ecf000-7f7235ee4000 r-xp 00000000 08:02 8012145                    /usr/bin/processing-3.0/java/lib/amd64/jli/libjli.so
7f7235ee4000-7f72360e4000 ---p 00015000 08:02 8012145                    /usr/bin/processing-3.0/java/lib/amd64/jli/libjli.so
7f72360e4000-7f72360e5000 rw-p 00015000 08:02 8012145                    /usr/bin/processing-3.0/java/lib/amd64/jli/libjli.so
7f72360e5000-7f72360fe000 r-xp 00000000 08:02 13635810                   /lib/x86_64-linux-gnu/libpthread-2.19.so
7f72360fe000-7f72362fd000 ---p 00019000 08:02 13635810                   /lib/x86_64-linux-gnu/libpthread-2.19.so
7f72362fd000-7f72362fe000 r--p 00018000 08:02 13635810                   /lib/x86_64-linux-gnu/libpthread-2.19.so
7f72362fe000-7f72362ff000 rw-p 00019000 08:02 13635810                   /lib/x86_64-linux-gnu/libpthread-2.19.so
7f72362ff000-7f7236303000 rw-p 00000000 00:00 0 
7f7236303000-7f7236326000 r-xp 00000000 08:02 13635666                   /lib/x86_64-linux-gnu/ld-2.19.so
7f7236326000-7f7236327000 r--s 00002000 08:02 4591935                    /home/akelly/sketchbook/libraries/minim/library/tritonus_aos.jar
7f7236327000-7f7236328000 r--s 00001000 08:02 6569033                    /usr/bin/processing-3.0/core/library/gluegen-rt-natives-macosx-universal.jar
7f7236328000-7f723632a000 r--s 00038000 08:02 6569032                    /usr/bin/processing-3.0/core/library/jogl-all-natives-windows-amd64.jar
7f723632a000-7f723632b000 r--s 00034000 08:02 6569031                    /usr/bin/processing-3.0/core/library/jogl-all-natives-linux-amd64.jar
7f723632b000-7f723632c000 r--s 00001000 08:02 6569036                    /usr/bin/processing-3.0/core/library/gluegen-rt-natives-windows-i586.jar
7f723632c000-7f72363fd000 rw-p 00000000 00:00 0 
7f72363fd000-7f7236400000 ---p 00000000 00:00 0 
7f7236400000-7f7236502000 rw-p 00000000 00:00 0                          [stack:8468]
7f7236502000-7f7236508000 r--s 0004a000 08:02 6569021                    /usr/bin/processing-3.0/core/library/gluegen-rt.jar
7f7236508000-7f7236509000 r--s 00000000 08:02 6569035                    /usr/bin/processing-3.0/core/library/gluegen-rt-natives-linux-armv6hf.jar
7f7236509000-7f723650a000 r--s 00031000 08:02 6569019                    /usr/bin/processing-3.0/core/library/jogl-all-natives-windows-i586.jar
7f723650a000-7f723650b000 r--s 00001000 08:02 6569022                    /usr/bin/processing-3.0/core/library/gluegen-rt-natives-windows-amd64.jar
7f723650b000-7f723650d000 r--s 0006c000 08:02 6569020                    /usr/bin/processing-3.0/core/library/jogl-all-natives-macosx-universal.jar
7f723650d000-7f7236512000 r--s 000f0000 08:02 6569027                    /usr/bin/processing-3.0/core/library/core.jar
7f7236512000-7f7236514000 r--s 00000000 08:02 6569025                    /usr/bin/processing-3.0/core/library/gluegen-rt-natives-linux-amd64.jar
7f7236514000-7f7236515000 r--s 00026000 08:02 6569028                    /usr/bin/processing-3.0/core/library/jogl-all-natives-linux-armv6hf.jar
7f7236515000-7f7236516000 r--s 00032000 08:02 6569024                    /usr/bin/processing-3.0/core/library/jogl-all-natives-linux-i586.jar
7f7236516000-7f7236518000 r--s 00000000 08:02 6569023                    /usr/bin/processing-3.0/core/library/gluegen-rt-natives-linux-i586.jar
7f7236518000-7f7236519000 rw-p 00000000 00:00 0 
7f7236519000-7f7236521000 rw-s 00000000 08:02 4325390                    /tmp/hsperfdata_akelly/8467
7f7236521000-7f7236522000 rw-p 00000000 00:00 0 
7f7236522000-7f7236523000 r--p 00000000 00:00 0 
7f7236523000-7f7236525000 rw-p 00000000 00:00 0 
7f7236525000-7f7236526000 r--p 00022000 08:02 13635666                   /lib/x86_64-linux-gnu/ld-2.19.so
7f7236526000-7f7236527000 rw-p 00023000 08:02 13635666                   /lib/x86_64-linux-gnu/ld-2.19.so
7f7236527000-7f7236528000 rw-p 00000000 00:00 0 
7ffc2dcc0000-7ffc2dce3000 rw-p 00000000 00:00 0                          [stack]
7ffc2dd09000-7ffc2dd0b000 r--p 00000000 00:00 0                          [vvar]
7ffc2dd0b000-7ffc2dd0d000 r-xp 00000000 00:00 0                          [vdso]
ffffffffff600000-ffffffffff601000 r-xp 00000000 00:00 0                  [vsyscall]

VM Arguments:
jvm_args: -agentlib:jdwp=transport=dt_socket,address=8437,server=y,suspend=y -Djava.library.path=:/usr/bin/processing-3.0/core/library:/home/akelly/sketchbook/libraries/minim/library:/usr/java/packages/lib/amd64:/usr/lib64:/lib64:/lib:/usr/lib -ea 
java_command: processing.core.PApplet --display=1 --sketch-path=/home/akelly/sketchbook/_audioVisualizer/_audioVisualizer/build build
java_class_path (initial): /home/akelly/sketchbook/_audioVisualizer/_audioVisualizer/build/build-tmp:/usr/bin/processing-3.0/core/library/gluegen-rt-natives-linux-i586.jar:/usr/bin/processing-3.0/core/library/jogl-all-natives-linux-i586.jar:/usr/bin/processing-3.0/core/library/jogl-all-natives-linux-armv6hf.jar:/usr/bin/processing-3.0/core/library/gluegen-rt-natives-linux-amd64.jar:/usr/bin/processing-3.0/core/library/core.jar:/usr/bin/processing-3.0/core/library/jogl-all-natives-macosx-universal.jar:/usr/bin/processing-3.0/core/library/gluegen-rt-natives-windows-amd64.jar:/usr/bin/processing-3.0/core/library/jogl-all-natives-windows-i586.jar:/usr/bin/processing-3.0/core/library/gluegen-rt-natives-linux-armv6hf.jar:/usr/bin/processing-3.0/core/library/gluegen-rt.jar:/usr/bin/processing-3.0/core/library/gluegen-rt-natives-windows-i586.jar:/usr/bin/processing-3.0/core/library/jogl-all.jar:/usr/bin/processing-3.0/core/library/jogl-all-natives-linux-amd64.jar:/usr/bin/processing-3.0/core/library/jogl-all-natives-windows-amd64.jar:/usr/bin/processing-3.0/core/library/gluegen-java-src.zip:/usr/bin/processing-3.0/core/library/jogl-java-src.zip:/usr/bin/processing-3.0/core/library/gluegen-rt-natives-macosx-universal.jar:/usr/bin/processing-3.0/core/library/gluegen-rt-natives-linux-i586.jar:/usr/bin/processing-3.0/core/library/jogl-all-natives-linux-i586.jar:/usr/bin/processing-3.0/core/library/jogl-all-natives-linux-armv6hf.jar:/usr/bin/processing-3.0/core/library/gluegen-rt-natives-linux-amd64.jar:/usr/bin/processing-3.0/core/library/core.jar:/usr/bin/processing-3.0/core/library/jogl-all-natives-macosx-universal.jar:/usr/bin/processing-3.0/core/library/gluegen-rt-natives-windows-amd64.jar:/usr/bin/processing-3.0/core/library/jogl-all-natives-windows-i586.jar:/usr/bin/processing-3.0/core/library/gluegen-rt-natives-linux-armv6hf.jar:/usr/bin/processing-3.0/core/library/gluegen-rt.jar:/usr/bin/processing-3.0/core/library/gluegen-rt-natives-windows-i586.jar:/usr/bin/processi
Launcher Type: SUN_STANDARD

Environment Variables:
PATH=/usr/bin/processing-3.0/java/bin:/usr/local/sbin:/usr/local/bin:/usr/sbin:/usr/bin:/sbin:/bin:/usr/games:/usr/local/games
SHELL=/bin/bash
DISPLAY=:0

Signal Handlers:
SIGSEGV: [libjvm.so+0xaad540], sa_mask[0]=11111111011111111101111111111110, sa_flags=SA_RESTART|SA_SIGINFO
SIGBUS: [libjvm.so+0xaad540], sa_mask[0]=11111111011111111101111111111110, sa_flags=SA_RESTART|SA_SIGINFO
SIGFPE: [libjvm.so+0x90b6b0], sa_mask[0]=11111111011111111101111111111110, sa_flags=SA_RESTART|SA_SIGINFO
SIGPIPE: [libjvm.so+0x90b6b0], sa_mask[0]=11111111011111111101111111111110, sa_flags=SA_RESTART|SA_SIGINFO
SIGXFSZ: [libjvm.so+0x90b6b0], sa_mask[0]=11111111011111111101111111111110, sa_flags=SA_RESTART|SA_SIGINFO
SIGILL: [libjvm.so+0x90b6b0], sa_mask[0]=11111111011111111101111111111110, sa_flags=SA_RESTART|SA_SIGINFO
SIGUSR1: SIG_DFL, sa_mask[0]=00000000000000000000000000000000, sa_flags=none
SIGUSR2: [libjvm.so+0x90ccf0], sa_mask[0]=00100000000000000000000000000000, sa_flags=SA_RESTART|SA_SIGINFO
SIGHUP: [libjvm.so+0x90e040], sa_mask[0]=11111111011111111101111111111110, sa_flags=SA_RESTART|SA_SIGINFO
SIGINT: [libjvm.so+0x90e040], sa_mask[0]=11111111011111111101111111111110, sa_flags=SA_RESTART|SA_SIGINFO
SIGTERM: [libjvm.so+0x90e040], sa_mask[0]=11111111011111111101111111111110, sa_flags=SA_RESTART|SA_SIGINFO
SIGQUIT: [libjvm.so+0x90e040], sa_mask[0]=11111111011111111101111111111110, sa_flags=SA_RESTART|SA_SIGINFO


---------------  S Y S T E M  ---------------

OS:DISTRIB_ID=Ubuntu
DISTRIB_RELEASE=14.04
DISTRIB_CODENAME=trusty
DISTRIB_DESCRIPTION="Ubuntu 14.04.3 LTS"

uname:Linux 3.19.0-28-generic #30~14.04.1-Ubuntu SMP Tue Sep 1 09:32:55 UTC 2015 x86_64
libc:glibc 2.19 NPTL 2.19 
rlimit: STACK 8192k, CORE 0k, NPROC 63284, NOFILE 4096, AS infinity
load average:2.27 2.12 2.56

/proc/meminfo:
MemTotal:       16309452 kB
MemFree:        10827668 kB
MemAvailable:   12019192 kB
Buffers:          116124 kB
Cached:          1643996 kB
SwapCached:           48 kB
Active:          4508192 kB
Inactive:         705872 kB
Active(anon):    3581508 kB
Inactive(anon):   315576 kB
Active(file):     926684 kB
Inactive(file):   390296 kB
Unevictable:          92 kB
Mlocked:              92 kB
SwapTotal:      16653308 kB
SwapFree:       16584364 kB
Dirty:              1564 kB
Writeback:             0 kB
AnonPages:       3454044 kB
Mapped:           586216 kB
Shmem:            443144 kB
Slab:             128580 kB
SReclaimable:      86976 kB
SUnreclaim:        41604 kB
KernelStack:       10880 kB
PageTables:        53436 kB
NFS_Unstable:          0 kB
Bounce:                0 kB
WritebackTmp:          0 kB
CommitLimit:    24808032 kB
Committed_AS:    9599480 kB
VmallocTotal:   34359738367 kB
VmallocUsed:      384844 kB
VmallocChunk:   34359343192 kB
HardwareCorrupted:     0 kB
AnonHugePages:   1245184 kB
CmaTotal:              0 kB
CmaFree:               0 kB
HugePages_Total:       0
HugePages_Free:        0
HugePages_Rsvd:        0
HugePages_Surp:        0
Hugepagesize:       2048 kB
DirectMap4k:      200108 kB
DirectMap2M:    12259328 kB
DirectMap1G:     4194304 kB


CPU:total 4 (2 cores per cpu, 2 threads per core) family 6 model 61 stepping 4, cmov, cx8, fxsr, mmx, sse, sse2, sse3, ssse3, sse4.1, sse4.2, popcnt, avx, avx2, aes, clmul, erms, rtm, 3dnowpref, lzcnt, ht, tsc, tscinvbit, bmi1, bmi2, adx

/proc/cpuinfo:
processor	: 0
vendor_id	: GenuineIntel
cpu family	: 6
model		: 61
model name	: Intel(R) Core(TM) i7-5600U CPU @ 2.60GHz
stepping	: 4
microcode	: 0x19
cpu MHz		: 2066.593
cache size	: 4096 KB
physical id	: 0
siblings	: 4
core id		: 0
cpu cores	: 2
apicid		: 0
initial apicid	: 0
fpu		: yes
fpu_exception	: yes
cpuid level	: 20
wp		: yes
flags		: fpu vme de pse tsc msr pae mce cx8 apic sep mtrr pge mca cmov pat pse36 clflush dts acpi mmx fxsr sse sse2 ss ht tm pbe syscall nx pdpe1gb rdtscp lm constant_tsc arch_perfmon pebs bts rep_good nopl xtopology nonstop_tsc aperfmperf eagerfpu pni pclmulqdq dtes64 monitor ds_cpl vmx smx est tm2 ssse3 fma cx16 xtpr pdcm pcid sse4_1 sse4_2 x2apic movbe popcnt tsc_deadline_timer aes xsave avx f16c rdrand lahf_lm abm 3dnowprefetch ida arat epb pln pts dtherm tpr_shadow vnmi flexpriority ept vpid fsgsbase tsc_adjust bmi1 hle avx2 smep bmi2 erms invpcid rtm rdseed adx smap xsaveopt
bugs		:
bogomips	: 5188.48
clflush size	: 64
cache_alignment	: 64
address sizes	: 39 bits physical, 48 bits virtual
power management:

processor	: 1
vendor_id	: GenuineIntel
cpu family	: 6
model		: 61
model name	: Intel(R) Core(TM) i7-5600U CPU @ 2.60GHz
stepping	: 4
microcode	: 0x19
cpu MHz		: 2099.906
cache size	: 4096 KB
physical id	: 0
siblings	: 4
core id		: 0
cpu cores	: 2
apicid		: 1
initial apicid	: 1
fpu		: yes
fpu_exception	: yes
cpuid level	: 20
wp		: yes
flags		: fpu vme de pse tsc msr pae mce cx8 apic sep mtrr pge mca cmov pat pse36 clflush dts acpi mmx fxsr sse sse2 ss ht tm pbe syscall nx pdpe1gb rdtscp lm constant_tsc arch_perfmon pebs bts rep_good nopl xtopology nonstop_tsc aperfmperf eagerfpu pni pclmulqdq dtes64 monitor ds_cpl vmx smx est tm2 ssse3 fma cx16 xtpr pdcm pcid sse4_1 sse4_2 x2apic movbe popcnt tsc_deadline_timer aes xsave avx f16c rdrand lahf_lm abm 3dnowprefetch ida arat epb pln pts dtherm tpr_shadow vnmi flexpriority ept vpid fsgsbase tsc_adjust bmi1 hle avx2 smep bmi2 erms invpcid rtm rdseed adx smap xsaveopt
bugs		:
bogomips	: 5188.48
clflush size	: 64
cache_alignment	: 64
address sizes	: 39 bits physical, 48 bits virtual
power management:

processor	: 2
vendor_id	: GenuineIntel
cpu family	: 6
model		: 61
model name	: Intel(R) Core(TM) i7-5600U CPU @ 2.60GHz
stepping	: 4
microcode	: 0x19
cpu MHz		: 2133.218
cache size	: 4096 KB
physical id	: 0
siblings	: 4
core id		: 1
cpu cores	: 2
apicid		: 2
initial apicid	: 2
fpu		: yes
fpu_exception	: yes
cpuid level	: 20
wp		: yes
flags		: fpu vme de pse tsc msr pae mce cx8 apic sep mtrr pge mca cmov pat pse36 clflush dts acpi mmx fxsr sse sse2 ss ht tm pbe syscall nx pdpe1gb rdtscp lm constant_tsc arch_perfmon pebs bts rep_good nopl xtopology nonstop_tsc aperfmperf eagerfpu pni pclmulqdq dtes64 monitor ds_cpl vmx smx est tm2 ssse3 fma cx16 xtpr pdcm pcid sse4_1 sse4_2 x2apic movbe popcnt tsc_deadline_timer aes xsave avx f16c rdrand lahf_lm abm 3dnowprefetch ida arat epb pln pts dtherm tpr_shadow vnmi flexpriority ept vpid fsgsbase tsc_adjust bmi1 hle avx2 smep bmi2 erms invpcid rtm rdseed adx smap xsaveopt
bugs		:
bogomips	: 5188.48
clflush size	: 64
cache_alignment	: 64
address sizes	: 39 bits physical, 48 bits virtual
power management:

processor	: 3
vendor_id	: GenuineIntel
cpu family	: 6
model		: 61
model name	: Intel(R) Core(TM) i7-5600U CPU @ 2.60GHz
stepping	: 4
microcode	: 0x19
cpu MHz		: 2166.531
cache size	: 4096 KB
physical id	: 0
siblings	: 4
core id		: 1
cpu cores	: 2
apicid		: 3
initial apicid	: 3
fpu		: yes
fpu_exception	: yes
cpuid level	: 20
wp		: yes
flags		: fpu vme de pse tsc msr pae mce cx8 apic sep mtrr pge mca cmov pat pse36 clflush dts acpi mmx fxsr sse sse2 ss ht tm pbe syscall nx pdpe1gb rdtscp lm constant_tsc arch_perfmon pebs bts rep_good nopl xtopology nonstop_tsc aperfmperf eagerfpu pni pclmulqdq dtes64 monitor ds_cpl vmx smx est tm2 ssse3 fma cx16 xtpr pdcm pcid sse4_1 sse4_2 x2apic movbe popcnt tsc_deadline_timer aes xsave avx f16c rdrand lahf_lm abm 3dnowprefetch ida arat epb pln pts dtherm tpr_shadow vnmi flexpriority ept vpid fsgsbase tsc_adjust bmi1 hle avx2 smep bmi2 erms invpcid rtm rdseed adx smap xsaveopt
bugs		:
bogomips	: 5188.48
clflush size	: 64
cache_alignment	: 64
address sizes	: 39 bits physical, 48 bits virtual
power management:



Memory: 4k page, physical 16309452k(10827420k free), swap 16653308k(16584364k free)

vm_info: Java HotSpot(TM) 64-Bit Server VM (25.51-b03) for linux-amd64 JRE (1.8.0_51-b16), built on Jun  8 2015 19:28:07 by "java_re" with gcc 4.3.0 20080428 (Red Hat 4.3.0-8)

time: Sat Oct 10 15:49:01 2015
elapsed time: 23 seconds (0d 0h 0m 23s)

