#
# A fatal error has been detected by the Java Runtime Environment:
#
#  SIGSEGV (0xb) at pc=0x00007f3aaceaa998, pid=10567, tid=139890447509248
#
# JRE version: Java(TM) SE Runtime Environment (8.0_51-b16) (build 1.8.0_51-b16)
# Java VM: Java HotSpot(TM) 64-Bit Server VM (25.51-b03 mixed mode linux-amd64 compressed oops)
# Problematic frame:
# C  [i965_dri.so+0x3c9998]
#
# Failed to write core dump. Core dumps have been disabled. To enable core dumping, try "ulimit -c unlimited" before starting Java again
#
# If you would like to submit a bug report, please visit:
#   http://bugreport.java.com/bugreport/crash.jsp
# The crash happened outside the Java Virtual Machine in native code.
# See problematic frame for where to report the bug.
#

---------------  T H R E A D  ---------------

Current thread (0x00007f3b246e2800):  JavaThread "main-Display-.x11_:0-1-EDT-1" daemon [_thread_in_native, id=10607, stack(0x00007f3ac85e6000,0x00007f3ac86e7000)]

siginfo: si_signo: 11 (SIGSEGV), si_code: 1 (SEGV_MAPERR), si_addr: 0x0000000100000000

Registers:
RAX=0x00007f3aaceaa990, RBX=0x00007f3a9004f900, RCX=0x0000000000000000, RDX=0x0000000000000001
RSP=0x00007f3ac86e4410, RBP=0x00007f3aa8022290, RSI=0x00007f3a9004f9e0, RDI=0x0000000100000000
R8 =0x0000000000000000, R9 =0x00007f3aafdb0fc0, R10=0x00007f3b14cd94c7, R11=0x00000006c7625710
R12=0x00007f3aa801fdd0, R13=0x0000000000000000, R14=0x00007f3aa8023480, R15=0x0000000000000000
RIP=0x00007f3aaceaa998, EFLAGS=0x0000000000010202, CSGSFS=0x0000000000000033, ERR=0x0000000000000004
  TRAPNO=0x000000000000000e

Top of Stack: (sp=0x00007f3ac86e4410)
0x00007f3ac86e4410:   00007f3ac86e4500 0000000000000000
0x00007f3ac86e4420:   00007f3a9004f900 00007f3aa8022290
0x00007f3ac86e4430:   00007f3aa801fdd0 00007f3aafdb104e
0x00007f3ac86e4440:   00007f3ac86e4478 00007f3aafffe660
0x00007f3ac86e4450:   00007f3aa8014b10 00007f3a00000000
0x00007f3ac86e4460:   0000000000000000 0000000000000000
0x00007f3ac86e4470:   00007f3ac86e4780 00007f3a9004f900
0x00007f3ac86e4480:   0000000004200002 00000007c0122058
0x00007f3ac86e4490:   00007f3ac86e4500 0000000000000000
0x00007f3ac86e44a0:   00007f3ac86e4798 00007f3ac86e4540
0x00007f3ac86e44b0:   00007f3b246e2800 00007f3aae4c3ba7
0x00007f3ac86e44c0:   0000000000000007 00007f3aafd8aab0
0x00007f3ac86e44d0:   0000000004200002 00007f3aa8014b10
0x00007f3ac86e44e0:   00007f3ac86e4540 00007f3b246e29f8
0x00007f3ac86e44f0:   00007f3ac8316510 00007f3aafd8aab0
0x00007f3ac86e4500:   00007f3ac86e4550 00007f3b14cd953d
0x00007f3ac86e4510:   00000006c7625710 0000000000000000
0x00007f3ac86e4520:   0000000000000000 0000000000001388
0x00007f3ac86e4530:   0000000000000000 00000006c7625710
0x00007f3ac86e4540:   00000006c75b01c0 0000000000001388
0x00007f3ac86e4550:   00007f3ac86e47e0 00007f3b14cda2fc
0x00007f3ac86e4560:   00007f3aa2d26980 00007f3b246e2800
0x00007f3ac86e4570:   00000006c7625700 00000006c7625710
0x00007f3ac86e4580:   00000000d8ec4ae2 00007f3ad4072038
0x00007f3ac86e4590:   0000000000000031 00007f3b14ce5aec
0x00007f3ac86e45a0:   00007f3ac86e47e0 00007f3b14af3474
0x00007f3ac86e45b0:   00000006c7512378 00000006c7512a78
0x00007f3ac86e45c0:   00007f3ad8ea254f 00007f3b145d6f03
0x00007f3ac86e45d0:   00000006c76256f0 00007f3b00000000
0x00007f3ac86e45e0:   00007f3ac86e47e0 00007f3b14c496e4
0x00007f3ac86e45f0:   00007f3ac86e4798 00007f3b145d6f03
0x00007f3ac86e4600:   00007f3b145ae5d0 00007f3b00000000 

Instructions: (pc=0x00007f3aaceaa998)
0x00007f3aaceaa978:   0f 1f 84 00 00 00 00 00 48 83 c4 10 5b 5d 41 5c
0x00007f3aaceaa988:   c3 0f 1f 80 00 00 00 00 41 54 55 53 48 83 ec 10
0x00007f3aaceaa998:   48 8b 1f 48 85 db 74 3d f6 83 48 05 00 00 01 49
0x00007f3aaceaa9a8:   89 f4 89 cd 75 72 83 e2 01 75 5d 83 e5 fd 74 38 

Register to memory mapping:

RAX=0x00007f3aaceaa990: <offset 0x3c9990> in /usr/lib/x86_64-linux-gnu/dri/i965_dri.so at 0x00007f3aacae1000
RBX=0x00007f3a9004f900 is an unknown value
RCX=0x0000000000000000 is an unknown value
RDX=0x0000000000000001 is an unknown value
RSP=0x00007f3ac86e4410 is pointing into the stack for thread: 0x00007f3b246e2800
RBP=0x00007f3aa8022290 is an unknown value
RSI=0x00007f3a9004f9e0 is an unknown value
RDI=0x0000000100000000 is an unknown value
R8 =0x0000000000000000 is an unknown value
R9 =0x00007f3aafdb0fc0: <offset 0x42fc0> in /usr/lib/x86_64-linux-gnu/mesa/libGL.so.1 at 0x00007f3aafd6e000
R10=0x00007f3b14cd94c7 is at entry_point+71 in (nmethod*)0x00007f3b14cd9310
R11=0x00000006c7625710 is an oop
jogamp.common.util.locks.RecursiveLockImpl01Unfairish$SingleThreadSync 
 - klass: 'jogamp/common/util/locks/RecursiveLockImpl01Unfairish$SingleThreadSync'
R12=0x00007f3aa801fdd0 is an unknown value
R13=0x0000000000000000 is an unknown value
R14=0x00007f3aa8023480 is an unknown value
R15=0x0000000000000000 is an unknown value


Stack: [0x00007f3ac85e6000,0x00007f3ac86e7000],  sp=0x00007f3ac86e4410,  free space=1017k
Native frames: (J=compiled Java code, j=interpreted, Vv=VM code, C=native code)
C  [i965_dri.so+0x3c9998]

Java frames: (J=compiled Java code, j=interpreted, Vv=VM code)
J 1871  jogamp.opengl.x11.glx.GLX.dispatch_glXSwapBuffers0(JJJ)V (0 bytes) @ 0x00007f3b14cd94c7 [0x00007f3b14cd9480+0x47]
J 1870 C1 jogamp.opengl.x11.glx.GLX.glXSwapBuffers(JJ)V (45 bytes) @ 0x00007f3b14cda2fc [0x00007f3b14cd98e0+0xa1c]
J 1869 C1 jogamp.opengl.x11.glx.X11GLXDrawable.swapBuffersImpl(Z)V (21 bytes) @ 0x00007f3b14cd90cc [0x00007f3b14cd8e20+0x2ac]
J 1814 C1 jogamp.opengl.GLDrawableImpl.swapBuffers()V (138 bytes) @ 0x00007f3b14c94374 [0x00007f3b14c93ca0+0x6d4]
j  jogamp.opengl.GLAutoDrawableBase.defaultSwapBuffers()V+23
j  com.jogamp.newt.opengl.GLWindow.swapBuffers()V+1
j  processing.opengl.PJOGL.swapBuffers()V+15
j  processing.opengl.PGraphicsOpenGL.dispose()V+15
j  processing.core.PApplet.dispose()V+28
j  processing.opengl.PSurfaceJOGL$NEWTWindowListener.windowDestroyNotify(Lcom/jogamp/newt/event/WindowEvent;)V+7
j  jogamp.newt.WindowImpl.consumeWindowEvent(Lcom/jogamp/newt/event/WindowEvent;)V+254
j  jogamp.newt.WindowImpl.sendWindowEvent(I)V+14
j  jogamp.newt.WindowImpl$1.run()V+143
j  jogamp.newt.DisplayImpl.runOnEDTIfAvail(ZLjava/lang/Runnable;)V+172
j  jogamp.newt.WindowImpl.runOnEDTIfAvail(ZLjava/lang/Runnable;)V+36
j  jogamp.newt.WindowImpl.destroy()V+11
j  com.jogamp.newt.opengl.GLWindow.destroy()V+4
j  jogamp.opengl.GLAutoDrawableBase.destroyAvoidAwareOfLocking()V+31
j  jogamp.opengl.GLAutoDrawableBase.defaultWindowDestroyNotifyOp()V+43
j  com.jogamp.newt.opengl.GLWindow.access$000(Lcom/jogamp/newt/opengl/GLWindow;)V+1
j  com.jogamp.newt.opengl.GLWindow$1.run()V+4
j  jogamp.newt.WindowImpl.windowDestroyNotify(Z)Z+147
v  ~StubRoutines::call_stub
J 1483  jogamp.newt.driver.x11.DisplayDriver.DispatchMessages0(JJJII)V (0 bytes) @ 0x00007f3b14b59b7f [0x00007f3b14b59b40+0x3f]
J 1482 C1 jogamp.newt.driver.x11.DisplayDriver.dispatchMessagesNative()V (66 bytes) @ 0x00007f3b14b59094 [0x00007f3b14b58d00+0x394]
J 1486 C1 jogamp.newt.DisplayImpl.dispatchMessages()V (116 bytes) @ 0x00007f3b14b5a9f4 [0x00007f3b14b59fa0+0xa54]
J 1485 C1 jogamp.newt.DisplayImpl$7.run()V (8 bytes) @ 0x00007f3b14b5728c [0x00007f3b14b57180+0x10c]
j  jogamp.newt.DefaultEDTUtil$NEDT.run()V+67
v  ~StubRoutines::call_stub

---------------  P R O C E S S  ---------------

Java Threads: ( => current thread )
  0x00007f3a90130800 JavaThread "Thread-6" [_thread_blocked, id=10629, stack(0x00007f3ac98da000,0x00007f3ac99db000)]
  0x00007f3a9011d800 JavaThread "Java Sound Event Dispatcher" daemon [_thread_blocked, id=10624, stack(0x00007f3ac8fad000,0x00007f3ac90ae000)]
  0x00007f3b2400f800 JavaThread "DestroyJavaVM" [_thread_blocked, id=10569, stack(0x00007f3b2aff4000,0x00007f3b2b0f5000)]
  0x00007f3b2474e000 JavaThread "Thread-2" [_thread_blocked, id=10610, stack(0x00007f3aac0a7000,0x00007f3aac1a8000)]
  0x00007f3b24742000 JavaThread "main-SharedResourceRunner" daemon [_thread_blocked, id=10609, stack(0x00007f3aad264000,0x00007f3aad365000)]
  0x00007f3b24718800 JavaThread "main-SharedResourceRunner" daemon [_thread_blocked, id=10608, stack(0x00007f3ac80e2000,0x00007f3ac81e3000)]
=>0x00007f3b246e2800 JavaThread "main-Display-.x11_:0-1-EDT-1" daemon [_thread_in_native, id=10607, stack(0x00007f3ac85e6000,0x00007f3ac86e7000)]
  0x00007f3b24556000 JavaThread "process reaper" daemon [_thread_blocked, id=10600, stack(0x00007f3ac9e03000,0x00007f3ac9e3c000)]
  0x00007f3b242f4000 JavaThread "AWT-XAWT" daemon [_thread_in_native, id=10596, stack(0x00007f3aca387000,0x00007f3aca488000)]
  0x00007f3b242d4000 JavaThread "Java2D Disposer" daemon [_thread_blocked, id=10595, stack(0x00007f3aca898000,0x00007f3aca999000)]
  0x00007f3b240d8800 JavaThread "Service Thread" daemon [_thread_blocked, id=10593, stack(0x00007f3b0861b000,0x00007f3b0871c000)]
  0x00007f3b240d3800 JavaThread "C1 CompilerThread2" daemon [_thread_blocked, id=10592, stack(0x00007f3b0871c000,0x00007f3b0881d000)]
  0x00007f3b240d1800 JavaThread "C2 CompilerThread1" daemon [_thread_blocked, id=10591, stack(0x00007f3b0881d000,0x00007f3b0891e000)]
  0x00007f3b240ce800 JavaThread "C2 CompilerThread0" daemon [_thread_blocked, id=10590, stack(0x00007f3b0891e000,0x00007f3b08a1f000)]
  0x00007f3ae8001000 JavaThread "JDWP Command Reader" daemon [_thread_in_native, id=10584, stack(0x00007f3b08a1f000,0x00007f3b08b20000)]
  0x00007f3b240cc800 JavaThread "JDWP Event Helper Thread" daemon [_thread_blocked, id=10580, stack(0x00007f3b08b20000,0x00007f3b08c21000)]
  0x00007f3b240c9000 JavaThread "JDWP Transport Listener: dt_socket" daemon [_thread_blocked, id=10579, stack(0x00007f3b08c21000,0x00007f3b08d22000)]
  0x00007f3b240bb800 JavaThread "Signal Dispatcher" daemon [_thread_blocked, id=10578, stack(0x00007f3b08f26000,0x00007f3b09027000)]
  0x00007f3b24084800 JavaThread "Finalizer" daemon [_thread_blocked, id=10576, stack(0x00007f3b09027000,0x00007f3b09128000)]
  0x00007f3b24082800 JavaThread "Reference Handler" daemon [_thread_blocked, id=10575, stack(0x00007f3b09128000,0x00007f3b09229000)]

Other Threads:
  0x00007f3b2407d000 VMThread [stack: 0x00007f3b09229000,0x00007f3b0932a000] [id=10574]
  0x00007f3b240db800 WatcherThread [stack: 0x00007f3b0851a000,0x00007f3b0861b000] [id=10594]

VM state:not at safepoint (normal execution)

VM Mutex/Monitor currently owned by a thread: None

Heap:
 PSYoungGen      total 143360K, used 18773K [0x000000076d100000, 0x0000000786d80000, 0x00000007c0000000)
  eden space 133632K, 13% used [0x000000076d100000,0x000000076e33d4b8,0x0000000775380000)
  from space 9728K, 0% used [0x0000000785a80000,0x0000000785a98000,0x0000000786400000)
  to   space 9216K, 0% used [0x0000000786480000,0x0000000786480000,0x0000000786d80000)
 ParOldGen       total 171008K, used 12467K [0x00000006c7200000, 0x00000006d1900000, 0x000000076d100000)
  object space 171008K, 7% used [0x00000006c7200000,0x00000006c7e2ce50,0x00000006d1900000)
 Metaspace       used 17390K, capacity 17642K, committed 17792K, reserved 1064960K
  class space    used 1551K, capacity 1630K, committed 1664K, reserved 1048576K

Card table byte_map: [0x00007f3b13a21000,0x00007f3b141e9000] byte_map_base: 0x00007f3b103e8000

Marking Bits: (ParMarkBitMap*) 0x00007f3b2a4d2660
 Begin Bits: [0x00007f3b0b47d000, 0x00007f3b0f2b5000)
 End Bits:   [0x00007f3b0f2b5000, 0x00007f3b130ed000)

Polling page: 0x00007f3b2b119000

CodeCache: size=245760Kb used=7455Kb max_used=7459Kb free=238304Kb
 bounds [0x00007f3b145a9000, 0x00007f3b14d09000, 0x00007f3b235a9000]
 total_blobs=2839 nmethods=1884 adapters=877
 compilation: enabled

Compilation events (10 events):
Event: 35.329 Thread 0x00007f3b240d3800 1895       3       processing.opengl.PGraphicsOpenGL::flush (310 bytes)
Event: 35.331 Thread 0x00007f3b240d3800 nmethod 1895 0x00007f3b14cf5110 code [0x00007f3b14cf53c0, 0x00007f3b14cf6b88]
Event: 35.514 Thread 0x00007f3b240d3800 1896       1       jogamp.newt.WindowImpl::getSurfaceWidth (5 bytes)
Event: 35.514 Thread 0x00007f3b240d3800 nmethod 1896 0x00007f3b146a7d50 code [0x00007f3b146a7ea0, 0x00007f3b146a7fb0]
Event: 35.515 Thread 0x00007f3b240d3800 1897       1       jogamp.newt.WindowImpl::getSurfaceHeight (5 bytes)
Event: 35.515 Thread 0x00007f3b240d3800 nmethod 1897 0x00007f3b14ce9210 code [0x00007f3b14ce9360, 0x00007f3b14ce9470]
Event: 36.140 Thread 0x00007f3b240d1800 1898       4       processing.core.PGraphics::rect (156 bytes)
Event: 36.151 Thread 0x00007f3b240d1800 nmethod 1898 0x00007f3b14ceb510 code [0x00007f3b14ceb700, 0x00007f3b14cec130]
Event: 36.463 Thread 0x00007f3b240d3800 1899       3       com.jogamp.newt.event.NEWTEvent::isConsumed (16 bytes)
Event: 36.463 Thread 0x00007f3b240d3800 nmethod 1899 0x00007f3b146e5dd0 code [0x00007f3b146e5f40, 0x00007f3b146e6110]

GC Heap History (10 events):
Event: 32.518 GC heap before
{Heap before GC invocations=21 (full 0):
 PSYoungGen      total 158720K, used 158272K [0x000000076d100000, 0x0000000788200000, 0x00000007c0000000)
  eden space 158208K, 100% used [0x000000076d100000,0x0000000776b80000,0x0000000776b80000)
  from space 512K, 12% used [0x0000000788180000,0x0000000788190000,0x0000000788200000)
  to   space 12288K, 0% used [0x0000000786a00000,0x0000000786a00000,0x0000000787600000)
 ParOldGen       total 171008K, used 12443K [0x00000006c7200000, 0x00000006d1900000, 0x000000076d100000)
  object space 171008K, 7% used [0x00000006c7200000,0x00000006c7e26e50,0x00000006d1900000)
 Metaspace       used 17388K, capacity 17642K, committed 17792K, reserved 1064960K
  class space    used 1551K, capacity 1630K, committed 1664K, reserved 1048576K
Event: 32.519 GC heap after
Heap after GC invocations=21 (full 0):
 PSYoungGen      total 165376K, used 64K [0x000000076d100000, 0x0000000788200000, 0x00000007c0000000)
  eden space 153088K, 0% used [0x000000076d100000,0x000000076d100000,0x0000000776680000)
  from space 12288K, 0% used [0x0000000786a00000,0x0000000786a10000,0x0000000787600000)
  to   space 11776K, 0% used [0x0000000787680000,0x0000000787680000,0x0000000788200000)
 ParOldGen       total 171008K, used 12459K [0x00000006c7200000, 0x00000006d1900000, 0x000000076d100000)
  object space 171008K, 7% used [0x00000006c7200000,0x00000006c7e2ae50,0x00000006d1900000)
 Metaspace       used 17388K, capacity 17642K, committed 17792K, reserved 1064960K
  class space    used 1551K, capacity 1630K, committed 1664K, reserved 1048576K
}
Event: 33.906 GC heap before
{Heap before GC invocations=22 (full 0):
 PSYoungGen      total 165376K, used 153152K [0x000000076d100000, 0x0000000788200000, 0x00000007c0000000)
  eden space 153088K, 100% used [0x000000076d100000,0x0000000776680000,0x0000000776680000)
  from space 12288K, 0% used [0x0000000786a00000,0x0000000786a10000,0x0000000787600000)
  to   space 11776K, 0% used [0x0000000787680000,0x0000000787680000,0x0000000788200000)
 ParOldGen       total 171008K, used 12459K [0x00000006c7200000, 0x00000006d1900000, 0x000000076d100000)
  object space 171008K, 7% used [0x00000006c7200000,0x00000006c7e2ae50,0x00000006d1900000)
 Metaspace       used 17388K, capacity 17642K, committed 17792K, reserved 1064960K
  class space    used 1551K, capacity 1630K, committed 1664K, reserved 1048576K
Event: 33.908 GC heap after
Heap after GC invocations=22 (full 0):
 PSYoungGen      total 148480K, used 128K [0x000000076d100000, 0x0000000787700000, 0x00000007c0000000)
  eden space 147968K, 0% used [0x000000076d100000,0x000000076d100000,0x0000000776180000)
  from space 512K, 25% used [0x0000000787680000,0x00000007876a0000,0x0000000787700000)
  to   space 11264K, 0% used [0x0000000786100000,0x0000000786100000,0x0000000786c00000)
 ParOldGen       total 171008K, used 12459K [0x00000006c7200000, 0x00000006d1900000, 0x000000076d100000)
  object space 171008K, 7% used [0x00000006c7200000,0x00000006c7e2ae50,0x00000006d1900000)
 Metaspace       used 17388K, capacity 17642K, committed 17792K, reserved 1064960K
  class space    used 1551K, capacity 1630K, committed 1664K, reserved 1048576K
}
Event: 35.148 GC heap before
{Heap before GC invocations=23 (full 0):
 PSYoungGen      total 148480K, used 148096K [0x000000076d100000, 0x0000000787700000, 0x00000007c0000000)
  eden space 147968K, 100% used [0x000000076d100000,0x0000000776180000,0x0000000776180000)
  from space 512K, 25% used [0x0000000787680000,0x00000007876a0000,0x0000000787700000)
  to   space 11264K, 0% used [0x0000000786100000,0x0000000786100000,0x0000000786c00000)
 ParOldGen       total 171008K, used 12459K [0x00000006c7200000, 0x00000006d1900000, 0x000000076d100000)
  object space 171008K, 7% used [0x00000006c7200000,0x00000006c7e2ae50,0x00000006d1900000)
 Metaspace       used 17388K, capacity 17642K, committed 17792K, reserved 1064960K
  class space    used 1551K, capacity 1630K, committed 1664K, reserved 1048576K
Event: 35.150 GC heap after
Heap after GC invocations=23 (full 0):
 PSYoungGen      total 154112K, used 96K [0x000000076d100000, 0x0000000787700000, 0x00000007c0000000)
  eden space 142848K, 0% used [0x000000076d100000,0x000000076d100000,0x0000000775c80000)
  from space 11264K, 0% used [0x0000000786100000,0x0000000786118000,0x0000000786c00000)
  to   space 10240K, 0% used [0x0000000786d00000,0x0000000786d00000,0x0000000787700000)
 ParOldGen       total 171008K, used 12459K [0x00000006c7200000, 0x00000006d1900000, 0x000000076d100000)
  object space 171008K, 7% used [0x00000006c7200000,0x00000006c7e2ae50,0x00000006d1900000)
 Metaspace       used 17388K, capacity 17642K, committed 17792K, reserved 1064960K
  class space    used 1551K, capacity 1630K, committed 1664K, reserved 1048576K
}
Event: 36.242 GC heap before
{Heap before GC invocations=24 (full 0):
 PSYoungGen      total 154112K, used 142944K [0x000000076d100000, 0x0000000787700000, 0x00000007c0000000)
  eden space 142848K, 100% used [0x000000076d100000,0x0000000775c80000,0x0000000775c80000)
  from space 11264K, 0% used [0x0000000786100000,0x0000000786118000,0x0000000786c00000)
  to   space 10240K, 0% used [0x0000000786d00000,0x0000000786d00000,0x0000000787700000)
 ParOldGen       total 171008K, used 12459K [0x00000006c7200000, 0x00000006d1900000, 0x000000076d100000)
  object space 171008K, 7% used [0x00000006c7200000,0x00000006c7e2ae50,0x00000006d1900000)
 Metaspace       used 17388K, capacity 17642K, committed 17792K, reserved 1064960K
  class space    used 1551K, capacity 1630K, committed 1664K, reserved 1048576K
Event: 36.244 GC heap after
Heap after GC invocations=24 (full 0):
 PSYoungGen      total 138752K, used 96K [0x000000076d100000, 0x0000000786d80000, 0x00000007c0000000)
  eden space 138240K, 0% used [0x000000076d100000,0x000000076d100000,0x0000000775800000)
  from space 512K, 18% used [0x0000000786d00000,0x0000000786d18000,0x0000000786d80000)
  to   space 9728K, 0% used [0x0000000785a80000,0x0000000785a80000,0x0000000786400000)
 ParOldGen       total 171008K, used 12459K [0x00000006c7200000, 0x00000006d1900000, 0x000000076d100000)
  object space 171008K, 7% used [0x00000006c7200000,0x00000006c7e2ae50,0x00000006d1900000)
 Metaspace       used 17388K, capacity 17642K, committed 17792K, reserved 1064960K
  class space    used 1551K, capacity 1630K, committed 1664K, reserved 1048576K
}
Event: 37.284 GC heap before
{Heap before GC invocations=25 (full 0):
 PSYoungGen      total 138752K, used 138336K [0x000000076d100000, 0x0000000786d80000, 0x00000007c0000000)
  eden space 138240K, 100% used [0x000000076d100000,0x0000000775800000,0x0000000775800000)
  from space 512K, 18% used [0x0000000786d00000,0x0000000786d18000,0x0000000786d80000)
  to   space 9728K, 0% used [0x0000000785a80000,0x0000000785a80000,0x0000000786400000)
 ParOldGen       total 171008K, used 12459K [0x00000006c7200000, 0x00000006d1900000, 0x000000076d100000)
  object space 171008K, 7% used [0x00000006c7200000,0x00000006c7e2ae50,0x00000006d1900000)
 Metaspace       used 17389K, capacity 17642K, committed 17792K, reserved 1064960K
  class space    used 1551K, capacity 1630K, committed 1664K, reserved 1048576K
Event: 37.285 GC heap after
Heap after GC invocations=25 (full 0):
 PSYoungGen      total 143360K, used 96K [0x000000076d100000, 0x0000000786d80000, 0x00000007c0000000)
  eden space 133632K, 0% used [0x000000076d100000,0x000000076d100000,0x0000000775380000)
  from space 9728K, 0% used [0x0000000785a80000,0x0000000785a98000,0x0000000786400000)
  to   space 9216K, 0% used [0x0000000786480000,0x0000000786480000,0x0000000786d80000)
 ParOldGen       total 171008K, used 12467K [0x00000006c7200000, 0x00000006d1900000, 0x000000076d100000)
  object space 171008K, 7% used [0x00000006c7200000,0x00000006c7e2ce50,0x00000006d1900000)
 Metaspace       used 17389K, capacity 17642K, committed 17792K, reserved 1064960K
  class space    used 1551K, capacity 1630K, committed 1664K, reserved 1048576K
}

Deoptimization events (10 events):
Event: 2.268 Thread 0x00007f3b24752800 Uncommon trap: reason=unstable_if action=reinterpret pc=0x00007f3b149c2c90 method=processing.core.PApplet.max(II)I @ 2
Event: 2.391 Thread 0x00007f3b24752800 Uncommon trap: reason=unstable_if action=reinterpret pc=0x00007f3b14a181f4 method=processing.opengl.PGraphicsOpenGL$Tessellator.addLineSegment3D(IIIII[SZ)I @ 68
Event: 2.712 Thread 0x00007f3b24752800 Uncommon trap: reason=unstable_if action=reinterpret pc=0x00007f3b14a7572c method=processing.core.PApplet.max(III)I @ 20
Event: 2.712 Thread 0x00007f3b24752800 Uncommon trap: reason=unstable_if action=reinterpret pc=0x00007f3b149d3874 method=processing.core.PApplet.max(III)I @ 20
Event: 7.124 Thread 0x00007f3b24752800 Uncommon trap: reason=unstable_if action=reinterpret pc=0x00007f3b14b6a640 method=sun.misc.FloatingDecimal$BinaryToASCIIBuffer.dtoa(IJIZ)V @ 386
Event: 7.294 Thread 0x00007f3a90130800 Uncommon trap: reason=unstable_if action=reinterpret pc=0x00007f3b14b1356c method=ddf.minim.javasound.FloatSampleTools.quantize16(FF)I @ 21
Event: 7.934 Thread 0x00007f3b24752800 Uncommon trap: reason=unstable_if action=reinterpret pc=0x00007f3b14bbaef0 method=sun.misc.FloatingDecimal$BinaryToASCIIBuffer.getChars([C)I @ 94
Event: 10.790 Thread 0x00007f3a90130800 Uncommon trap: reason=unstable_if action=reinterpret pc=0x00007f3b14bd9d54 method=ddf.minim.javasound.FloatSampleTools.quantize16(FF)I @ 32
Event: 21.309 Thread 0x00007f3b24752800 Uncommon trap: reason=unstable_if action=reinterpret pc=0x00007f3b14becf3c method=sun.misc.FloatingDecimal$BinaryToASCIIBuffer.dtoa(IJIZ)V @ 714
Event: 34.719 Thread 0x00007f3b24752800 Uncommon trap: reason=unstable_if action=reinterpret pc=0x00007f3b14cad240 method=processing.opengl.PGraphicsOpenGL.flush()V @ 117

Internal exceptions (10 events):
Event: 0.650 Thread 0x00007f3b2400f800 Exception <a 'java/security/PrivilegedActionException'> (0x000000076d66e380) thrown at [/HUDSON/workspace/8-2-build-linux-amd64/jdk8u51/3951/hotspot/src/share/vm/prims/jvm.cpp, line 1382]
Event: 0.650 Thread 0x00007f3b2400f800 Exception <a 'java/security/PrivilegedActionException'> (0x000000076d66e538) thrown at [/HUDSON/workspace/8-2-build-linux-amd64/jdk8u51/3951/hotspot/src/share/vm/prims/jvm.cpp, line 1382]
Event: 0.650 Thread 0x00007f3b2400f800 Exception <a 'java/security/PrivilegedActionException'> (0x000000076d6707f0) thrown at [/HUDSON/workspace/8-2-build-linux-amd64/jdk8u51/3951/hotspot/src/share/vm/prims/jvm.cpp, line 1382]
Event: 0.650 Thread 0x00007f3b2400f800 Exception <a 'java/security/PrivilegedActionException'> (0x000000076d6709a8) thrown at [/HUDSON/workspace/8-2-build-linux-amd64/jdk8u51/3951/hotspot/src/share/vm/prims/jvm.cpp, line 1382]
Event: 0.657 Thread 0x00007f3b2400f800 Exception <a 'java/io/FileNotFoundException'> (0x000000076d67a700) thrown at [/HUDSON/workspace/8-2-build-linux-amd64/jdk8u51/3951/hotspot/src/share/vm/prims/jni.cpp, line 709]
Event: 0.657 Thread 0x00007f3b2400f800 Exception <a 'java/io/FileNotFoundException'> (0x000000076d67b088) thrown at [/HUDSON/workspace/8-2-build-linux-amd64/jdk8u51/3951/hotspot/src/share/vm/prims/jni.cpp, line 709]
Event: 0.734 Thread 0x00007f3b2400f800 Exception <a 'java/lang/NoSuchFieldError': method resolution failed> (0x000000076d780fe8) thrown at [/HUDSON/workspace/8-2-build-linux-amd64/jdk8u51/3951/hotspot/src/share/vm/prims/methodHandles.cpp, line 1125]
Event: 0.737 Thread 0x00007f3b2400f800 Exception <a 'java/lang/NoSuchFieldError': method resolution failed> (0x000000076d78f9a8) thrown at [/HUDSON/workspace/8-2-build-linux-amd64/jdk8u51/3951/hotspot/src/share/vm/prims/methodHandles.cpp, line 1125]
Event: 1.703 Thread 0x00007f3b2400f800 Exception <a 'java/lang/InterruptedException'> (0x000000076f292908) thrown at [/HUDSON/workspace/8-2-build-linux-amd64/jdk8u51/3951/hotspot/src/share/vm/runtime/objectMonitor.cpp, line 1683]
Event: 1.875 Thread 0x00007f3b2400f800 Exception <a 'java/lang/InterruptedException'> (0x000000076f29dda8) thrown at [/HUDSON/workspace/8-2-build-linux-amd64/jdk8u51/3951/hotspot/src/share/vm/runtime/objectMonitor.cpp, line 1683]

Events (10 events):
Event: 37.165 Thread 0x00007f3b24752800 DEOPT PACKING pc=0x00007f3b14ca9dac sp=0x00007f3aa2d10e30
Event: 37.165 Thread 0x00007f3b24752800 DEOPT UNPACKING pc=0x00007f3b145f0633 sp=0x00007f3aa2d10b88 mode 1
Event: 37.230 Thread 0x00007f3b24752800 DEOPT PACKING pc=0x00007f3b14ca9dac sp=0x00007f3aa2d10e30
Event: 37.230 Thread 0x00007f3b24752800 DEOPT UNPACKING pc=0x00007f3b145f0633 sp=0x00007f3aa2d10b88 mode 1
Event: 37.284 Executing VM operation: ParallelGCFailedAllocation
Event: 37.285 Executing VM operation: ParallelGCFailedAllocation done
Event: 37.297 Thread 0x00007f3b24752800 DEOPT PACKING pc=0x00007f3b14ca9dac sp=0x00007f3aa2d10e30
Event: 37.297 Thread 0x00007f3b24752800 DEOPT UNPACKING pc=0x00007f3b145f0633 sp=0x00007f3aa2d10b88 mode 1
Event: 37.361 Thread 0x00007f3b24752800 DEOPT PACKING pc=0x00007f3b14ca9dac sp=0x00007f3aa2d10e30
Event: 37.361 Thread 0x00007f3b24752800 DEOPT UNPACKING pc=0x00007f3b145f0633 sp=0x00007f3aa2d10b88 mode 1


Dynamic libraries:
00400000-00401000 r-xp 00000000 08:02 6695910                            /usr/bin/processing-3.0/java/bin/java
00600000-00601000 rw-p 00000000 08:02 6695910                            /usr/bin/processing-3.0/java/bin/java
019f2000-01a13000 rw-p 00000000 00:00 0                                  [heap]
6c7200000-6d1900000 rw-p 00000000 00:00 0 
6d1900000-76d100000 ---p 00000000 00:00 0 
76d100000-786d80000 rw-p 00000000 00:00 0 
786d80000-7c0000000 ---p 00000000 00:00 0 
7c0000000-7c01a0000 rw-p 00000000 00:00 0 
7c01a0000-800000000 ---p 00000000 00:00 0 
7f3a7ffff000-7f3a84000000 r--s 00000000 00:16 18791                      /run/shm/pulse-shm-3302753902
7f3a84000000-7f3a84290000 rw-p 00000000 00:00 0 
7f3a84290000-7f3a88000000 ---p 00000000 00:00 0 
7f3a8bfff000-7f3a90000000 rw-s 00000000 00:16 176107                     /run/shm/pulse-shm-2042892371
7f3a90000000-7f3a90b3a000 rw-p 00000000 00:00 0 
7f3a90b3a000-7f3a94000000 ---p 00000000 00:00 0 
7f3a96ffe000-7f3a96fff000 ---p 00000000 00:00 0 
7f3a96fff000-7f3a977ff000 rw-p 00000000 00:00 0 
7f3a977ff000-7f3a97800000 ---p 00000000 00:00 0 
7f3a97800000-7f3a98000000 rw-p 00000000 00:00 0                          [stack:10625]
7f3a98000000-7f3a98021000 rw-p 00000000 00:00 0 
7f3a98021000-7f3a9c000000 ---p 00000000 00:00 0 
7f3a9c000000-7f3a9ee0e000 rw-p 00000000 00:00 0 
7f3a9ee0e000-7f3aa0000000 ---p 00000000 00:00 0 
7f3aa0585000-7f3aa058b000 r-xp 00000000 08:02 6947199                    /usr/lib/x86_64-linux-gnu/alsa-lib/libasound_module_pcm_pulse.so
7f3aa058b000-7f3aa078a000 ---p 00006000 08:02 6947199                    /usr/lib/x86_64-linux-gnu/alsa-lib/libasound_module_pcm_pulse.so
7f3aa078a000-7f3aa078b000 r--p 00005000 08:02 6947199                    /usr/lib/x86_64-linux-gnu/alsa-lib/libasound_module_pcm_pulse.so
7f3aa078b000-7f3aa078c000 rw-p 00006000 08:02 6947199                    /usr/lib/x86_64-linux-gnu/alsa-lib/libasound_module_pcm_pulse.so
7f3aa078c000-7f3aa07a3000 r-xp 00000000 08:02 13635816                   /lib/x86_64-linux-gnu/libresolv-2.19.so
7f3aa07a3000-7f3aa09a3000 ---p 00017000 08:02 13635816                   /lib/x86_64-linux-gnu/libresolv-2.19.so
7f3aa09a3000-7f3aa09a4000 r--p 00017000 08:02 13635816                   /lib/x86_64-linux-gnu/libresolv-2.19.so
7f3aa09a4000-7f3aa09a5000 rw-p 00018000 08:02 13635816                   /lib/x86_64-linux-gnu/libresolv-2.19.so
7f3aa09a5000-7f3aa09a7000 rw-p 00000000 00:00 0 
7f3aa09a7000-7f3aa09ae000 r-xp 00000000 08:02 6562227                    /usr/lib/x86_64-linux-gnu/libogg.so.0.8.1
7f3aa09ae000-7f3aa0bae000 ---p 00007000 08:02 6562227                    /usr/lib/x86_64-linux-gnu/libogg.so.0.8.1
7f3aa0bae000-7f3aa0baf000 r--p 00007000 08:02 6562227                    /usr/lib/x86_64-linux-gnu/libogg.so.0.8.1
7f3aa0baf000-7f3aa0bb0000 rw-p 00008000 08:02 6562227                    /usr/lib/x86_64-linux-gnu/libogg.so.0.8.1
7f3aa0bb0000-7f3aa0bdc000 r-xp 00000000 08:02 6562501                    /usr/lib/x86_64-linux-gnu/libvorbis.so.0.4.5
7f3aa0bdc000-7f3aa0ddb000 ---p 0002c000 08:02 6562501                    /usr/lib/x86_64-linux-gnu/libvorbis.so.0.4.5
7f3aa0ddb000-7f3aa0ddc000 r--p 0002b000 08:02 6562501                    /usr/lib/x86_64-linux-gnu/libvorbis.so.0.4.5
7f3aa0ddc000-7f3aa0ddd000 rw-p 0002c000 08:02 6562501                    /usr/lib/x86_64-linux-gnu/libvorbis.so.0.4.5
7f3aa0ddd000-7f3aa1090000 r-xp 00000000 08:02 6562503                    /usr/lib/x86_64-linux-gnu/libvorbisenc.so.2.0.8
7f3aa1090000-7f3aa128f000 ---p 002b3000 08:02 6562503                    /usr/lib/x86_64-linux-gnu/libvorbisenc.so.2.0.8
7f3aa128f000-7f3aa12ab000 r--p 002b2000 08:02 6562503                    /usr/lib/x86_64-linux-gnu/libvorbisenc.so.2.0.8
7f3aa12ab000-7f3aa12ac000 rw-p 002ce000 08:02 6562503                    /usr/lib/x86_64-linux-gnu/libvorbisenc.so.2.0.8
7f3aa12ac000-7f3aa12dc000 r-xp 00000000 08:02 6561366                    /usr/lib/x86_64-linux-gnu/libFLAC.so.8.3.0
7f3aa12dc000-7f3aa14db000 ---p 00030000 08:02 6561366                    /usr/lib/x86_64-linux-gnu/libFLAC.so.8.3.0
7f3aa14db000-7f3aa14dc000 r--p 0002f000 08:02 6561366                    /usr/lib/x86_64-linux-gnu/libFLAC.so.8.3.0
7f3aa14dc000-7f3aa14dd000 rw-p 00030000 08:02 6561366                    /usr/lib/x86_64-linux-gnu/libFLAC.so.8.3.0
7f3aa14dd000-7f3aa14e2000 r-xp 00000000 08:02 6561598                    /usr/lib/x86_64-linux-gnu/libasyncns.so.0.3.1
7f3aa14e2000-7f3aa16e1000 ---p 00005000 08:02 6561598                    /usr/lib/x86_64-linux-gnu/libasyncns.so.0.3.1
7f3aa16e1000-7f3aa16e2000 r--p 00004000 08:02 6561598                    /usr/lib/x86_64-linux-gnu/libasyncns.so.0.3.1
7f3aa16e2000-7f3aa16e3000 rw-p 00005000 08:02 6561598                    /usr/lib/x86_64-linux-gnu/libasyncns.so.0.3.1
7f3aa16e3000-7f3aa1744000 r-xp 00000000 08:02 6562384                    /usr/lib/x86_64-linux-gnu/libsndfile.so.1.0.25
7f3aa1744000-7f3aa1944000 ---p 00061000 08:02 6562384                    /usr/lib/x86_64-linux-gnu/libsndfile.so.1.0.25
7f3aa1944000-7f3aa1946000 r--p 00061000 08:02 6562384                    /usr/lib/x86_64-linux-gnu/libsndfile.so.1.0.25
7f3aa1946000-7f3aa1947000 rw-p 00063000 08:02 6562384                    /usr/lib/x86_64-linux-gnu/libsndfile.so.1.0.25
7f3aa1947000-7f3aa194b000 rw-p 00000000 00:00 0 
7f3aa194b000-7f3aa1953000 r-xp 00000000 08:02 13635850                   /lib/x86_64-linux-gnu/libwrap.so.0.7.6
7f3aa1953000-7f3aa1b52000 ---p 00008000 08:02 13635850                   /lib/x86_64-linux-gnu/libwrap.so.0.7.6
7f3aa1b52000-7f3aa1b53000 r--p 00007000 08:02 13635850                   /lib/x86_64-linux-gnu/libwrap.so.0.7.6
7f3aa1b53000-7f3aa1b54000 rw-p 00008000 08:02 13635850                   /lib/x86_64-linux-gnu/libwrap.so.0.7.6
7f3aa1b54000-7f3aa1b55000 rw-p 00000000 00:00 0 
7f3aa1b55000-7f3aa1bbb000 r-xp 00000000 08:02 6948471                    /usr/lib/x86_64-linux-gnu/pulseaudio/libpulsecommon-4.0.so
7f3aa1bbb000-7f3aa1dba000 ---p 00066000 08:02 6948471                    /usr/lib/x86_64-linux-gnu/pulseaudio/libpulsecommon-4.0.so
7f3aa1dba000-7f3aa1dbb000 r--p 00065000 08:02 6948471                    /usr/lib/x86_64-linux-gnu/pulseaudio/libpulsecommon-4.0.so
7f3aa1dbb000-7f3aa1dbc000 rw-p 00066000 08:02 6948471                    /usr/lib/x86_64-linux-gnu/pulseaudio/libpulsecommon-4.0.so
7f3aa1dbc000-7f3aa1dc6000 r-xp 00000000 08:02 13635730                   /lib/x86_64-linux-gnu/libjson-c.so.2.0.0
7f3aa1dc6000-7f3aa1fc5000 ---p 0000a000 08:02 13635730                   /lib/x86_64-linux-gnu/libjson-c.so.2.0.0
7f3aa1fc5000-7f3aa1fc6000 r--p 00009000 08:02 13635730                   /lib/x86_64-linux-gnu/libjson-c.so.2.0.0
7f3aa1fc6000-7f3aa1fc7000 rw-p 0000a000 08:02 13635730                   /lib/x86_64-linux-gnu/libjson-c.so.2.0.0
7f3aa1fc7000-7f3aa200e000 r-xp 00000000 08:02 6562296                    /usr/lib/x86_64-linux-gnu/libpulse.so.0.16.2
7f3aa200e000-7f3aa220e000 ---p 00047000 08:02 6562296                    /usr/lib/x86_64-linux-gnu/libpulse.so.0.16.2
7f3aa220e000-7f3aa220f000 r--p 00047000 08:02 6562296                    /usr/lib/x86_64-linux-gnu/libpulse.so.0.16.2
7f3aa220f000-7f3aa2210000 rw-p 00048000 08:02 6562296                    /usr/lib/x86_64-linux-gnu/libpulse.so.0.16.2
7f3aa2412000-7f3aa24fb000 r-xp 00000000 08:02 6561590                    /usr/lib/x86_64-linux-gnu/libasound.so.2.0.0
7f3aa24fb000-7f3aa26fa000 ---p 000e9000 08:02 6561590                    /usr/lib/x86_64-linux-gnu/libasound.so.2.0.0
7f3aa26fa000-7f3aa2701000 r--p 000e8000 08:02 6561590                    /usr/lib/x86_64-linux-gnu/libasound.so.2.0.0
7f3aa2701000-7f3aa2702000 rw-p 000ef000 08:02 6561590                    /usr/lib/x86_64-linux-gnu/libasound.so.2.0.0
7f3aa2702000-7f3aa2711000 r-xp 00000000 08:02 8012164                    /usr/bin/processing-3.0/java/lib/amd64/libjsoundalsa.so
7f3aa2711000-7f3aa2910000 ---p 0000f000 08:02 8012164                    /usr/bin/processing-3.0/java/lib/amd64/libjsoundalsa.so
7f3aa2910000-7f3aa2911000 rw-p 0000e000 08:02 8012164                    /usr/bin/processing-3.0/java/lib/amd64/libjsoundalsa.so
7f3aa2911000-7f3aa2912000 r-xp 00000000 08:02 8012181                    /usr/bin/processing-3.0/java/lib/amd64/libjsound.so
7f3aa2912000-7f3aa2b11000 ---p 00001000 08:02 8012181                    /usr/bin/processing-3.0/java/lib/amd64/libjsound.so
7f3aa2b11000-7f3aa2b12000 rw-p 00000000 08:02 8012181                    /usr/bin/processing-3.0/java/lib/amd64/libjsound.so
7f3aa2b12000-7f3aa2c12000 rw-s 148f06000 00:06 10208                     /dev/dri/card0
7f3aa2c12000-7f3aa2c15000 ---p 00000000 00:00 0 
7f3aa2c15000-7f3aa2ed3000 rw-p 00000000 00:00 0 
7f3aa2ed3000-7f3aa2f13000 ---p 00000000 00:00 0 
7f3aa2f13000-7f3aa2f57000 r-xp 00000000 08:02 13635704                   /lib/x86_64-linux-gnu/libdbus-1.so.3.7.6
7f3aa2f57000-7f3aa3156000 ---p 00044000 08:02 13635704                   /lib/x86_64-linux-gnu/libdbus-1.so.3.7.6
7f3aa3156000-7f3aa3157000 r--p 00043000 08:02 13635704                   /lib/x86_64-linux-gnu/libdbus-1.so.3.7.6
7f3aa3157000-7f3aa3158000 rw-p 00044000 08:02 13635704                   /lib/x86_64-linux-gnu/libdbus-1.so.3.7.6
7f3aa3158000-7f3aa3160000 r-xp 00000000 08:02 13635752                   /lib/x86_64-linux-gnu/libnih-dbus.so.1.0.0
7f3aa3160000-7f3aa3360000 ---p 00008000 08:02 13635752                   /lib/x86_64-linux-gnu/libnih-dbus.so.1.0.0
7f3aa3360000-7f3aa3361000 r--p 00008000 08:02 13635752                   /lib/x86_64-linux-gnu/libnih-dbus.so.1.0.0
7f3aa3361000-7f3aa3362000 rw-p 00009000 08:02 13635752                   /lib/x86_64-linux-gnu/libnih-dbus.so.1.0.0
7f3aa3362000-7f3aa3379000 r-xp 00000000 08:02 13635754                   /lib/x86_64-linux-gnu/libnih.so.1.0.0
7f3aa3379000-7f3aa3578000 ---p 00017000 08:02 13635754                   /lib/x86_64-linux-gnu/libnih.so.1.0.0
7f3aa3578000-7f3aa3579000 r--p 00016000 08:02 13635754                   /lib/x86_64-linux-gnu/libnih.so.1.0.0
7f3aa3579000-7f3aa357a000 rw-p 00017000 08:02 13635754                   /lib/x86_64-linux-gnu/libnih.so.1.0.0
7f3aa357a000-7f3aa3593000 r-xp 00000000 08:02 13635695                   /lib/x86_64-linux-gnu/libcgmanager.so.0.0.0
7f3aa3593000-7f3aa3792000 ---p 00019000 08:02 13635695                   /lib/x86_64-linux-gnu/libcgmanager.so.0.0.0
7f3aa3792000-7f3aa3794000 r--p 00018000 08:02 13635695                   /lib/x86_64-linux-gnu/libcgmanager.so.0.0.0
7f3aa3794000-7f3aa3795000 rw-p 0001a000 08:02 13635695                   /lib/x86_64-linux-gnu/libcgmanager.so.0.0.0
7f3aa3795000-7f3aa37a5000 r-xp 00000000 08:02 13635838                   /lib/x86_64-linux-gnu/libudev.so.1.3.5
7f3aa37a5000-7f3aa39a4000 ---p 00010000 08:02 13635838                   /lib/x86_64-linux-gnu/libudev.so.1.3.5
7f3aa39a4000-7f3aa39a5000 r--p 0000f000 08:02 13635838                   /lib/x86_64-linux-gnu/libudev.so.1.3.5
7f3aa39a5000-7f3aa39a6000 rw-p 00010000 08:02 13635838                   /lib/x86_64-linux-gnu/libudev.so.1.3.5
7f3aa39a6000-7f3aa39dd000 r-xp 00000000 08:02 6562454                    /usr/lib/x86_64-linux-gnu/libtxc_dxtn_s2tc.so.0.0.0
7f3aa39dd000-7f3aa3bdc000 ---p 00037000 08:02 6562454                    /usr/lib/x86_64-linux-gnu/libtxc_dxtn_s2tc.so.0.0.0
7f3aa3bdc000-7f3aa3bdd000 r--p 00036000 08:02 6562454                    /usr/lib/x86_64-linux-gnu/libtxc_dxtn_s2tc.so.0.0.0
7f3aa3bdd000-7f3aa3bde000 rw-p 00037000 08:02 6562454                    /usr/lib/x86_64-linux-gnu/libtxc_dxtn_s2tc.so.0.0.0
7f3aa3bde000-7f3aa3bf6000 r-xp 00000000 08:02 13635853                   /lib/x86_64-linux-gnu/libz.so.1.2.8
7f3aa3bf6000-7f3aa3df5000 ---p 00018000 08:02 13635853                   /lib/x86_64-linux-gnu/libz.so.1.2.8
7f3aa3df5000-7f3aa3df6000 r--p 00017000 08:02 13635853                   /lib/x86_64-linux-gnu/libz.so.1.2.8
7f3aa3df6000-7f3aa3df7000 rw-p 00018000 08:02 13635853                   /lib/x86_64-linux-gnu/libz.so.1.2.8
7f3aa3df7000-7f3aa3dff000 r-xp 00000000 08:02 6562259                    /usr/lib/x86_64-linux-gnu/libpciaccess.so.0.11.1
7f3aa3dff000-7f3aa3ffe000 ---p 00008000 08:02 6562259                    /usr/lib/x86_64-linux-gnu/libpciaccess.so.0.11.1
7f3aa3ffe000-7f3aa3fff000 r--p 00007000 08:02 6562259                    /usr/lib/x86_64-linux-gnu/libpciaccess.so.0.11.1
7f3aa3fff000-7f3aa4000000 rw-p 00008000 08:02 6562259                    /usr/lib/x86_64-linux-gnu/libpciaccess.so.0.11.1
7f3aa4000000-7f3aa6ded000 rw-p 00000000 00:00 0 
7f3aa6ded000-7f3aa8000000 ---p 00000000 00:00 0 
7f3aa8000000-7f3aa874d000 rw-p 00000000 00:00 0 
7f3aa874d000-7f3aac000000 ---p 00000000 00:00 0 
7f3aac0a7000-7f3aac0aa000 ---p 00000000 00:00 0 
7f3aac0aa000-7f3aac1a8000 rw-p 00000000 00:00 0                          [stack:10610]
7f3aac1a8000-7f3aac28e000 r-xp 00000000 08:02 6562412                    /usr/lib/x86_64-linux-gnu/libstdc++.so.6.0.19
7f3aac28e000-7f3aac48d000 ---p 000e6000 08:02 6562412                    /usr/lib/x86_64-linux-gnu/libstdc++.so.6.0.19
7f3aac48d000-7f3aac495000 r--p 000e5000 08:02 6562412                    /usr/lib/x86_64-linux-gnu/libstdc++.so.6.0.19
7f3aac495000-7f3aac497000 rw-p 000ed000 08:02 6562412                    /usr/lib/x86_64-linux-gnu/libstdc++.so.6.0.19
7f3aac497000-7f3aac4ac000 rw-p 00000000 00:00 0 
7f3aac4ac000-7f3aac4b8000 r-xp 00000000 08:02 6561756                    /usr/lib/x86_64-linux-gnu/libdrm_radeon.so.1.0.1
7f3aac4b8000-7f3aac6b7000 ---p 0000c000 08:02 6561756                    /usr/lib/x86_64-linux-gnu/libdrm_radeon.so.1.0.1
7f3aac6b7000-7f3aac6b8000 r--p 0000b000 08:02 6561756                    /usr/lib/x86_64-linux-gnu/libdrm_radeon.so.1.0.1
7f3aac6b8000-7f3aac6b9000 rw-p 0000c000 08:02 6561756                    /usr/lib/x86_64-linux-gnu/libdrm_radeon.so.1.0.1
7f3aac6b9000-7f3aac6bf000 r-xp 00000000 08:02 6561754                    /usr/lib/x86_64-linux-gnu/libdrm_nouveau.so.2.0.0
7f3aac6bf000-7f3aac8be000 ---p 00006000 08:02 6561754                    /usr/lib/x86_64-linux-gnu/libdrm_nouveau.so.2.0.0
7f3aac8be000-7f3aac8bf000 r--p 00005000 08:02 6561754                    /usr/lib/x86_64-linux-gnu/libdrm_nouveau.so.2.0.0
7f3aac8bf000-7f3aac8c0000 rw-p 00006000 08:02 6561754                    /usr/lib/x86_64-linux-gnu/libdrm_nouveau.so.2.0.0
7f3aac8c0000-7f3aac8e0000 r-xp 00000000 08:02 6561752                    /usr/lib/x86_64-linux-gnu/libdrm_intel.so.1.0.0
7f3aac8e0000-7f3aacadf000 ---p 00020000 08:02 6561752                    /usr/lib/x86_64-linux-gnu/libdrm_intel.so.1.0.0
7f3aacadf000-7f3aacae0000 r--p 0001f000 08:02 6561752                    /usr/lib/x86_64-linux-gnu/libdrm_intel.so.1.0.0
7f3aacae0000-7f3aacae1000 rw-p 00020000 08:02 6561752                    /usr/lib/x86_64-linux-gnu/libdrm_intel.so.1.0.0
7f3aacae1000-7f3aad035000 r-xp 00000000 08:02 6947244                    /usr/lib/x86_64-linux-gnu/dri/i965_dri.so
7f3aad035000-7f3aad235000 ---p 00554000 08:02 6947244                    /usr/lib/x86_64-linux-gnu/dri/i965_dri.so
7f3aad235000-7f3aad256000 r--p 00554000 08:02 6947244                    /usr/lib/x86_64-linux-gnu/dri/i965_dri.so
7f3aad256000-7f3aad25d000 rw-p 00575000 08:02 6947244                    /usr/lib/x86_64-linux-gnu/dri/i965_dri.so
7f3aad25d000-7f3aad264000 rw-p 00000000 00:00 0 
7f3aad264000-7f3aad267000 ---p 00000000 00:00 0 
7f3aad267000-7f3aad365000 rw-p 00000000 00:00 0                          [stack:10609]
7f3aad365000-7f3aad3be000 r-xp 00000000 08:02 4721859                    /tmp/jogamp_0000/file_cache/jln6272057990917498521/jln2687795811818529791/libjogl_mobile.so
7f3aad3be000-7f3aad5be000 ---p 00059000 08:02 4721859                    /tmp/jogamp_0000/file_cache/jln6272057990917498521/jln2687795811818529791/libjogl_mobile.so
7f3aad5be000-7f3aad5bf000 rw-p 00059000 08:02 4721859                    /tmp/jogamp_0000/file_cache/jln6272057990917498521/jln2687795811818529791/libjogl_mobile.so
7f3aad5bf000-7f3aad5c6000 r-xp 00000000 08:02 6561790                    /usr/lib/x86_64-linux-gnu/libffi.so.6.0.1
7f3aad5c6000-7f3aad7c5000 ---p 00007000 08:02 6561790                    /usr/lib/x86_64-linux-gnu/libffi.so.6.0.1
7f3aad7c5000-7f3aad7c6000 r--p 00006000 08:02 6561790                    /usr/lib/x86_64-linux-gnu/libffi.so.6.0.1
7f3aad7c6000-7f3aad7c7000 rw-p 00007000 08:02 6561790                    /usr/lib/x86_64-linux-gnu/libffi.so.6.0.1
7f3aad7c7000-7f3aad7d3000 r-xp 00000000 08:02 6561843                    /usr/lib/x86_64-linux-gnu/libgbm.so.1.0.0
7f3aad7d3000-7f3aad9d3000 ---p 0000c000 08:02 6561843                    /usr/lib/x86_64-linux-gnu/libgbm.so.1.0.0
7f3aad9d3000-7f3aad9d4000 r--p 0000c000 08:02 6561843                    /usr/lib/x86_64-linux-gnu/libgbm.so.1.0.0
7f3aad9d4000-7f3aad9d5000 rw-p 0000d000 08:02 6561843                    /usr/lib/x86_64-linux-gnu/libgbm.so.1.0.0
7f3aad9d5000-7f3aad9e4000 r-xp 00000000 08:02 6562520                    /usr/lib/x86_64-linux-gnu/libwayland-server.so.0.1.0
7f3aad9e4000-7f3aadbe3000 ---p 0000f000 08:02 6562520                    /usr/lib/x86_64-linux-gnu/libwayland-server.so.0.1.0
7f3aadbe3000-7f3aadbe5000 r--p 0000e000 08:02 6562520                    /usr/lib/x86_64-linux-gnu/libwayland-server.so.0.1.0
7f3aadbe5000-7f3aadbe6000 rw-p 00010000 08:02 6562520                    /usr/lib/x86_64-linux-gnu/libwayland-server.so.0.1.0
7f3aadbe6000-7f3aadbf1000 r-xp 00000000 08:02 6562514                    /usr/lib/x86_64-linux-gnu/libwayland-client.so.0.2.0
7f3aadbf1000-7f3aaddf0000 ---p 0000b000 08:02 6562514                    /usr/lib/x86_64-linux-gnu/libwayland-client.so.0.2.0
7f3aaddf0000-7f3aaddf2000 r--p 0000a000 08:02 6562514                    /usr/lib/x86_64-linux-gnu/libwayland-client.so.0.2.0
7f3aaddf2000-7f3aaddf3000 rw-p 0000c000 08:02 6562514                    /usr/lib/x86_64-linux-gnu/libwayland-client.so.0.2.0
7f3aaddf3000-7f3aaddf8000 r-xp 00000000 08:02 6562570                    /usr/lib/x86_64-linux-gnu/libxcb-xfixes.so.0.0.0
7f3aaddf8000-7f3aadff8000 ---p 00005000 08:02 6562570                    /usr/lib/x86_64-linux-gnu/libxcb-xfixes.so.0.0.0
7f3aadff8000-7f3aadff9000 r--p 00005000 08:02 6562570                    /usr/lib/x86_64-linux-gnu/libxcb-xfixes.so.0.0.0
7f3aadff9000-7f3aadffa000 rw-p 00006000 08:02 6562570                    /usr/lib/x86_64-linux-gnu/libxcb-xfixes.so.0.0.0
7f3aadffa000-7f3aae021000 r-xp 00000000 08:02 6948353                    /usr/lib/x86_64-linux-gnu/mesa-egl/libEGL.so.1.0.0
7f3aae021000-7f3aae221000 ---p 00027000 08:02 6948353                    /usr/lib/x86_64-linux-gnu/mesa-egl/libEGL.so.1.0.0
7f3aae221000-7f3aae222000 r--p 00027000 08:02 6948353                    /usr/lib/x86_64-linux-gnu/mesa-egl/libEGL.so.1.0.0
7f3aae222000-7f3aae223000 rw-p 00028000 08:02 6948353                    /usr/lib/x86_64-linux-gnu/mesa-egl/libEGL.so.1.0.0
7f3aae223000-7f3aae224000 rw-p 00000000 00:00 0 
7f3aae224000-7f3aae22a000 r-xp 00000000 08:02 6948357                    /usr/lib/x86_64-linux-gnu/mesa-egl/libGLESv2.so.2.0.0
7f3aae22a000-7f3aae429000 ---p 00006000 08:02 6948357                    /usr/lib/x86_64-linux-gnu/mesa-egl/libGLESv2.so.2.0.0
7f3aae429000-7f3aae42a000 r--p 00005000 08:02 6948357                    /usr/lib/x86_64-linux-gnu/mesa-egl/libGLESv2.so.2.0.0
7f3aae42a000-7f3aae42b000 rw-p 00006000 08:02 6948357                    /usr/lib/x86_64-linux-gnu/mesa-egl/libGLESv2.so.2.0.0
7f3aae42b000-7f3aae4de000 r-xp 00000000 08:02 4721857                    /tmp/jogamp_0000/file_cache/jln6272057990917498521/jln2687795811818529791/libjogl_desktop.so
7f3aae4de000-7f3aae6de000 ---p 000b3000 08:02 4721857                    /tmp/jogamp_0000/file_cache/jln6272057990917498521/jln2687795811818529791/libjogl_desktop.so
7f3aae6de000-7f3aae6df000 rw-p 000b3000 08:02 4721857                    /tmp/jogamp_0000/file_cache/jln6272057990917498521/jln2687795811818529791/libjogl_desktop.so
7f3aae6df000-7f3aae6ea000 r-xp 00000000 08:02 6561750                    /usr/lib/x86_64-linux-gnu/libdrm.so.2.4.0
7f3aae6ea000-7f3aae8e9000 ---p 0000b000 08:02 6561750                    /usr/lib/x86_64-linux-gnu/libdrm.so.2.4.0
7f3aae8e9000-7f3aae8ea000 r--p 0000a000 08:02 6561750                    /usr/lib/x86_64-linux-gnu/libdrm.so.2.4.0
7f3aae8ea000-7f3aae8eb000 rw-p 0000b000 08:02 6561750                    /usr/lib/x86_64-linux-gnu/libdrm.so.2.4.0
7f3aae8eb000-7f3aae8ec000 r-xp 00000000 08:02 6562584                    /usr/lib/x86_64-linux-gnu/libxshmfence.so.1.0.0
7f3aae8ec000-7f3aaeaeb000 ---p 00001000 08:02 6562584                    /usr/lib/x86_64-linux-gnu/libxshmfence.so.1.0.0
7f3aaeaeb000-7f3aaeaec000 r--p 00000000 08:02 6562584                    /usr/lib/x86_64-linux-gnu/libxshmfence.so.1.0.0
7f3aaeaec000-7f3aaeaed000 rw-p 00001000 08:02 6562584                    /usr/lib/x86_64-linux-gnu/libxshmfence.so.1.0.0
7f3aaeaed000-7f3aaeaf2000 r-xp 00000000 08:02 6562566                    /usr/lib/x86_64-linux-gnu/libxcb-sync.so.1.0.0
7f3aaeaf2000-7f3aaecf1000 ---p 00005000 08:02 6562566                    /usr/lib/x86_64-linux-gnu/libxcb-sync.so.1.0.0
7f3aaecf1000-7f3aaecf2000 r--p 00004000 08:02 6562566                    /usr/lib/x86_64-linux-gnu/libxcb-sync.so.1.0.0
7f3aaecf2000-7f3aaecf3000 rw-p 00005000 08:02 6562566                    /usr/lib/x86_64-linux-gnu/libxcb-sync.so.1.0.0
7f3aaecf3000-7f3aaecf5000 r-xp 00000000 08:02 6562554                    /usr/lib/x86_64-linux-gnu/libxcb-present.so.0.0.0
7f3aaecf5000-7f3aaeef4000 ---p 00002000 08:02 6562554                    /usr/lib/x86_64-linux-gnu/libxcb-present.so.0.0.0
7f3aaeef4000-7f3aaeef5000 r--p 00001000 08:02 6562554                    /usr/lib/x86_64-linux-gnu/libxcb-present.so.0.0.0
7f3aaeef5000-7f3aaeef6000 rw-p 00002000 08:02 6562554                    /usr/lib/x86_64-linux-gnu/libxcb-present.so.0.0.0
7f3aaeef6000-7f3aaeef8000 r-xp 00000000 08:02 6562544                    /usr/lib/x86_64-linux-gnu/libxcb-dri3.so.0.0.0
7f3aaeef8000-7f3aaf0f7000 ---p 00002000 08:02 6562544                    /usr/lib/x86_64-linux-gnu/libxcb-dri3.so.0.0.0
7f3aaf0f7000-7f3aaf0f8000 r--p 00001000 08:02 6562544                    /usr/lib/x86_64-linux-gnu/libxcb-dri3.so.0.0.0
7f3aaf0f8000-7f3aaf0f9000 rw-p 00002000 08:02 6562544                    /usr/lib/x86_64-linux-gnu/libxcb-dri3.so.0.0.0
7f3aaf0f9000-7f3aaf0fc000 r-xp 00000000 08:02 6562542                    /usr/lib/x86_64-linux-gnu/libxcb-dri2.so.0.0.0
7f3aaf0fc000-7f3aaf2fc000 ---p 00003000 08:02 6562542                    /usr/lib/x86_64-linux-gnu/libxcb-dri2.so.0.0.0
7f3aaf2fc000-7f3aaf2fd000 r--p 00003000 08:02 6562542                    /usr/lib/x86_64-linux-gnu/libxcb-dri2.so.0.0.0
7f3aaf2fd000-7f3aaf2fe000 rw-p 00004000 08:02 6562542                    /usr/lib/x86_64-linux-gnu/libxcb-dri2.so.0.0.0
7f3aaf2fe000-7f3aaf313000 r-xp 00000000 08:02 6562546                    /usr/lib/x86_64-linux-gnu/libxcb-glx.so.0.0.0
7f3aaf313000-7f3aaf512000 ---p 00015000 08:02 6562546                    /usr/lib/x86_64-linux-gnu/libxcb-glx.so.0.0.0
7f3aaf512000-7f3aaf514000 r--p 00014000 08:02 6562546                    /usr/lib/x86_64-linux-gnu/libxcb-glx.so.0.0.0
7f3aaf514000-7f3aaf515000 rw-p 00016000 08:02 6562546                    /usr/lib/x86_64-linux-gnu/libxcb-glx.so.0.0.0
7f3aaf515000-7f3aaf516000 r-xp 00000000 08:02 6561502                    /usr/lib/x86_64-linux-gnu/libX11-xcb.so.1.0.0
7f3aaf516000-7f3aaf715000 ---p 00001000 08:02 6561502                    /usr/lib/x86_64-linux-gnu/libX11-xcb.so.1.0.0
7f3aaf715000-7f3aaf716000 r--p 00000000 08:02 6561502                    /usr/lib/x86_64-linux-gnu/libX11-xcb.so.1.0.0
7f3aaf716000-7f3aaf717000 rw-p 00001000 08:02 6561502                    /usr/lib/x86_64-linux-gnu/libX11-xcb.so.1.0.0
7f3aaf717000-7f3aaf719000 r-xp 00000000 08:02 6561517                    /usr/lib/x86_64-linux-gnu/libXdamage.so.1.1.0
7f3aaf719000-7f3aaf918000 ---p 00002000 08:02 6561517                    /usr/lib/x86_64-linux-gnu/libXdamage.so.1.1.0
7f3aaf918000-7f3aaf919000 r--p 00001000 08:02 6561517                    /usr/lib/x86_64-linux-gnu/libXdamage.so.1.1.0
7f3aaf919000-7f3aaf91a000 rw-p 00002000 08:02 6561517                    /usr/lib/x86_64-linux-gnu/libXdamage.so.1.1.0
7f3aaf91a000-7f3aaf93f000 r-xp 00000000 08:02 6561895                    /usr/lib/x86_64-linux-gnu/libglapi.so.0.0.0
7f3aaf93f000-7f3aafb3f000 ---p 00025000 08:02 6561895                    /usr/lib/x86_64-linux-gnu/libglapi.so.0.0.0
7f3aafb3f000-7f3aafb42000 r--p 00025000 08:02 6561895                    /usr/lib/x86_64-linux-gnu/libglapi.so.0.0.0
7f3aafb42000-7f3aafb43000 rw-p 00028000 08:02 6561895                    /usr/lib/x86_64-linux-gnu/libglapi.so.0.0.0
7f3aafb43000-7f3aafb44000 rw-p 00000000 00:00 0 
7f3aafb44000-7f3aafb6b000 r-xp 00000000 08:02 13637323                   /lib/x86_64-linux-gnu/libexpat.so.1.6.0
7f3aafb6b000-7f3aafd6b000 ---p 00027000 08:02 13637323                   /lib/x86_64-linux-gnu/libexpat.so.1.6.0
7f3aafd6b000-7f3aafd6d000 r--p 00027000 08:02 13637323                   /lib/x86_64-linux-gnu/libexpat.so.1.6.0
7f3aafd6d000-7f3aafd6e000 rw-p 00029000 08:02 13637323                   /lib/x86_64-linux-gnu/libexpat.so.1.6.0
7f3aafd6e000-7f3aafdfc000 r-xp 00000000 08:02 6948350                    /usr/lib/x86_64-linux-gnu/mesa/libGL.so.1.2.0
7f3aafdfc000-7f3aafffb000 ---p 0008e000 08:02 6948350                    /usr/lib/x86_64-linux-gnu/mesa/libGL.so.1.2.0
7f3aafffb000-7f3aafffe000 r--p 0008d000 08:02 6948350                    /usr/lib/x86_64-linux-gnu/mesa/libGL.so.1.2.0
7f3aafffe000-7f3aaffff000 rw-p 00090000 08:02 6948350                    /usr/lib/x86_64-linux-gnu/mesa/libGL.so.1.2.0
7f3aaffff000-7f3ab0000000 rw-p 00000000 00:00 0 
7f3ab0000000-7f3ab0021000 rw-p 00000000 00:00 0 
7f3ab0021000-7f3ab4000000 ---p 00000000 00:00 0 
7f3ab4000000-7f3ab4021000 rw-p 00000000 00:00 0 
7f3ab4021000-7f3ab8000000 ---p 00000000 00:00 0 
7f3ab8000000-7f3ab8021000 rw-p 00000000 00:00 0 
7f3ab8021000-7f3abc000000 ---p 00000000 00:00 0 
7f3abc000000-7f3abc021000 rw-p 00000000 00:00 0 
7f3abc021000-7f3ac0000000 ---p 00000000 00:00 0 
7f3ac0000000-7f3ac0021000 rw-p 00000000 00:00 0 
7f3ac0021000-7f3ac4000000 ---p 00000000 00:00 0 
7f3ac4000000-7f3ac4021000 rw-p 00000000 00:00 0 
7f3ac4021000-7f3ac8000000 ---p 00000000 00:00 0 
7f3ac807f000-7f3ac8080000 rw-p 00000000 00:00 0 
7f3ac8080000-7f3ac8088000 rw-s 00000000 00:05 178364                     /drm mm object (deleted)
7f3ac8088000-7f3ac8090000 rw-s 00000000 00:05 176672                     /drm mm object (deleted)
7f3ac8090000-7f3ac8098000 rw-s 00000000 00:05 177520                     /drm mm object (deleted)
7f3ac8098000-7f3ac80a0000 rw-s 00000000 00:05 178267                     /drm mm object (deleted)
7f3ac80a0000-7f3ac80a8000 rw-s 00000000 00:05 176125                     /drm mm object (deleted)
7f3ac80a8000-7f3ac80af000 r--s 00000000 08:02 6947811                    /usr/lib/x86_64-linux-gnu/gconv/gconv-modules.cache
7f3ac80af000-7f3ac80c2000 r--s 00344000 08:02 6695996                    /usr/bin/processing-3.0/java/lib/resources.jar
7f3ac80c2000-7f3ac80ca000 rw-s 00000000 00:05 177503                     /drm mm object (deleted)
7f3ac80ca000-7f3ac80d2000 rw-s 00000000 00:05 177477                     /drm mm object (deleted)
7f3ac80d2000-7f3ac80da000 rw-s 00000000 00:05 176022                     /drm mm object (deleted)
7f3ac80da000-7f3ac80e2000 rw-s 00000000 00:05 177466                     /drm mm object (deleted)
7f3ac80e2000-7f3ac80e5000 ---p 00000000 00:00 0 
7f3ac80e5000-7f3ac83e3000 rw-p 00000000 00:00 0                          [stack:10608]
7f3ac83e3000-7f3ac83e5000 r-xp 00000000 08:02 6561531                    /usr/lib/x86_64-linux-gnu/libXinerama.so.1.0.0
7f3ac83e5000-7f3ac85e4000 ---p 00002000 08:02 6561531                    /usr/lib/x86_64-linux-gnu/libXinerama.so.1.0.0
7f3ac85e4000-7f3ac85e5000 r--p 00001000 08:02 6561531                    /usr/lib/x86_64-linux-gnu/libXinerama.so.1.0.0
7f3ac85e5000-7f3ac85e6000 rw-p 00002000 08:02 6561531                    /usr/lib/x86_64-linux-gnu/libXinerama.so.1.0.0
7f3ac85e6000-7f3ac85e9000 ---p 00000000 00:00 0 
7f3ac85e9000-7f3ac8b97000 rw-p 00000000 00:00 0                          [stack:10607]
7f3ac8b97000-7f3ac8ba6000 r-xp 00000000 08:02 4721865                    /tmp/jogamp_0000/file_cache/jln6272057990917498521/jln2687795811818529791/libnewt.so
7f3ac8ba6000-7f3ac8da5000 ---p 0000f000 08:02 4721865                    /tmp/jogamp_0000/file_cache/jln6272057990917498521/jln2687795811818529791/libnewt.so
7f3ac8da5000-7f3ac8da6000 rw-p 0000e000 08:02 4721865                    /tmp/jogamp_0000/file_cache/jln6272057990917498521/jln2687795811818529791/libnewt.so
7f3ac8da6000-7f3ac8dad000 r-xp 00000000 08:02 4721863                    /tmp/jogamp_0000/file_cache/jln6272057990917498521/jln2687795811818529791/libnativewindow_x11.so
7f3ac8dad000-7f3ac8fac000 ---p 00007000 08:02 4721863                    /tmp/jogamp_0000/file_cache/jln6272057990917498521/jln2687795811818529791/libnativewindow_x11.so
7f3ac8fac000-7f3ac8fad000 rw-p 00006000 08:02 4721863                    /tmp/jogamp_0000/file_cache/jln6272057990917498521/jln2687795811818529791/libnativewindow_x11.so
7f3ac8fad000-7f3ac8fb0000 ---p 00000000 00:00 0 
7f3ac8fb0000-7f3ac90ae000 rw-p 00000000 00:00 0                          [stack:10624]
7f3ac90ae000-7f3ac90b2000 r-xp 00000000 08:02 6561559                    /usr/lib/x86_64-linux-gnu/libXxf86vm.so.1.0.0
7f3ac90b2000-7f3ac92b2000 ---p 00004000 08:02 6561559                    /usr/lib/x86_64-linux-gnu/libXxf86vm.so.1.0.0
7f3ac92b2000-7f3ac92b3000 r--p 00004000 08:02 6561559                    /usr/lib/x86_64-linux-gnu/libXxf86vm.so.1.0.0
7f3ac92b3000-7f3ac92b4000 rw-p 00005000 08:02 6561559                    /usr/lib/x86_64-linux-gnu/libXxf86vm.so.1.0.0
7f3ac92b4000-7f3ac92b6000 rw-s 149007000 00:06 10208                     /dev/dri/card0
7f3ac92b6000-7f3ac92b7000 rw-s 149006000 00:06 10208                     /dev/dri/card0
7f3ac92b7000-7f3ac92b8000 rw-s 81000000 00:06 94744                      /dev/snd/pcmC2D0p
7f3ac92b8000-7f3ac92b9000 r--s 80000000 00:06 94744                      /dev/snd/pcmC2D0p
7f3ac92b9000-7f3ac92ba000 rw-s 148f05000 00:06 10208                     /dev/dri/card0
7f3ac92ba000-7f3ac92bb000 rw-s 148f04000 00:06 10208                     /dev/dri/card0
7f3ac92bb000-7f3ac92bc000 rwxp 00000000 00:00 0 
7f3ac92bc000-7f3ac92c4000 rw-s 00000000 00:05 173816                     /drm mm object (deleted)
7f3ac92c4000-7f3ac92cc000 rw-s 00000000 00:05 173856                     /drm mm object (deleted)
7f3ac92cc000-7f3ac92cd000 rw-s 148f03000 00:06 10208                     /dev/dri/card0
7f3ac92cd000-7f3ac92d5000 rw-s 00000000 00:05 173805                     /drm mm object (deleted)
7f3ac92d5000-7f3ac92d7000 r-xp 00000000 08:02 4721861                    /tmp/jogamp_0000/file_cache/jln6272057990917498521/jln2687795811818529791/libnativewindow_awt.so
7f3ac92d7000-7f3ac94d6000 ---p 00002000 08:02 4721861                    /tmp/jogamp_0000/file_cache/jln6272057990917498521/jln2687795811818529791/libnativewindow_awt.so
7f3ac94d6000-7f3ac94d7000 rw-p 00001000 08:02 4721861                    /tmp/jogamp_0000/file_cache/jln6272057990917498521/jln2687795811818529791/libnativewindow_awt.so
7f3ac94d7000-7f3ac94d8000 r-xp 00000000 08:02 8012156                    /usr/bin/processing-3.0/java/lib/amd64/libjawt.so
7f3ac94d8000-7f3ac96d7000 ---p 00001000 08:02 8012156                    /usr/bin/processing-3.0/java/lib/amd64/libjawt.so
7f3ac96d7000-7f3ac96d8000 rw-p 00000000 08:02 8012156                    /usr/bin/processing-3.0/java/lib/amd64/libjawt.so
7f3ac96d8000-7f3ac96da000 r-xp 00000000 08:02 4721855                    /tmp/jogamp_0000/file_cache/jln6272057990917498521/jln2687795811818529791/libgluegen-rt.so
7f3ac96da000-7f3ac98d9000 ---p 00002000 08:02 4721855                    /tmp/jogamp_0000/file_cache/jln6272057990917498521/jln2687795811818529791/libgluegen-rt.so
7f3ac98d9000-7f3ac98da000 rw-p 00001000 08:02 4721855                    /tmp/jogamp_0000/file_cache/jln6272057990917498521/jln2687795811818529791/libgluegen-rt.so
7f3ac98da000-7f3ac98dd000 ---p 00000000 00:00 0 
7f3ac98dd000-7f3ac99db000 rw-p 00000000 00:00 0                          [stack:10629]
7f3ac99db000-7f3ac99ec000 r-xp 00000000 08:02 8012203                    /usr/bin/processing-3.0/java/lib/amd64/libnio.so
7f3ac99ec000-7f3ac9beb000 ---p 00011000 08:02 8012203                    /usr/bin/processing-3.0/java/lib/amd64/libnio.so
7f3ac9beb000-7f3ac9bec000 rw-p 00010000 08:02 8012203                    /usr/bin/processing-3.0/java/lib/amd64/libnio.so
7f3ac9bec000-7f3ac9c02000 r-xp 00000000 08:02 8012151                    /usr/bin/processing-3.0/java/lib/amd64/libnet.so
7f3ac9c02000-7f3ac9e02000 ---p 00016000 08:02 8012151                    /usr/bin/processing-3.0/java/lib/amd64/libnet.so
7f3ac9e02000-7f3ac9e03000 rw-p 00016000 08:02 8012151                    /usr/bin/processing-3.0/java/lib/amd64/libnet.so
7f3ac9e03000-7f3ac9e06000 ---p 00000000 00:00 0 
7f3ac9e06000-7f3ac9e3c000 rw-p 00000000 00:00 0                          [stack:10600]
7f3ac9e3c000-7f3ac9e40000 r--s 00095000 08:02 6696012                    /usr/bin/processing-3.0/java/lib/jsse.jar
7f3ac9e40000-7f3aca040000 rw-p 00000000 00:00 0 
7f3aca040000-7f3aca043000 r--s 00041000 08:02 8014028                    /usr/bin/processing-3.0/modes/java/mode/org.netbeans.swing.outline.jar
7f3aca043000-7f3aca048000 r--s 00038000 08:02 8014038                    /usr/bin/processing-3.0/modes/java/mode/org.eclipse.text.jar
7f3aca048000-7f3aca05c000 r--s 00121000 08:02 8014045                    /usr/bin/processing-3.0/modes/java/mode/org.eclipse.osgi.jar
7f3aca05c000-7f3aca094000 r--s 00515000 08:02 8014044                    /usr/bin/processing-3.0/modes/java/mode/org.eclipse.jdt.core.jar
7f3aca094000-7f3aca097000 r--s 0001c000 08:02 8014042                    /usr/bin/processing-3.0/modes/java/mode/org.eclipse.equinox.preferences.jar
7f3aca097000-7f3aca09a000 r--s 00018000 08:02 8014034                    /usr/bin/processing-3.0/modes/java/mode/org.eclipse.equinox.common.jar
7f3aca09a000-7f3aca09c000 r--s 00011000 08:02 8014037                    /usr/bin/processing-3.0/modes/java/mode/org.eclipse.core.runtime.jar
7f3aca09c000-7f3aca0a7000 r--s 000c1000 08:02 8014040                    /usr/bin/processing-3.0/modes/java/mode/org.eclipse.core.resources.jar
7f3aca0a7000-7f3aca0a9000 r--s 00016000 08:02 8014027                    /usr/bin/processing-3.0/modes/java/mode/org.eclipse.core.jobs.jar
7f3aca0a9000-7f3aca0ab000 r--s 00015000 08:02 8014029                    /usr/bin/processing-3.0/modes/java/mode/org.eclipse.core.contenttype.jar
7f3aca0ab000-7f3aca0b0000 r--s 0003f000 08:02 8014032                    /usr/bin/processing-3.0/modes/java/mode/jsoup-1.7.1.jar
7f3aca0b0000-7f3aca0bd000 r--s 000cb000 08:02 8014036                    /usr/bin/processing-3.0/modes/java/mode/jdimodel.jar
7f3aca0bd000-7f3aca0c1000 r--s 0000e000 08:02 8014030                    /usr/bin/processing-3.0/modes/java/mode/jdi.jar
7f3aca0c1000-7f3aca0c7000 r--s 0007d000 08:02 8014033                    /usr/bin/processing-3.0/modes/java/mode/JavaMode.jar
7f3aca0c7000-7f3aca122000 r--s 009e2000 08:02 8014039                    /usr/bin/processing-3.0/modes/java/mode/com.ibm.icu.jar
7f3aca122000-7f3aca140000 r--s 001bb000 08:02 6695851                    /usr/bin/processing-3.0/lib/ant.jar
7f3aca140000-7f3aca15a000 r--s 01689000 08:02 6569030                    /usr/bin/processing-3.0/core/library/jogl-java-src.zip
7f3aca15a000-7f3aca17d000 r--s 00308000 08:02 6569034                    /usr/bin/processing-3.0/core/library/jogl-all.jar
7f3aca17d000-7f3aca186000 r-xp 00000000 08:02 6561541                    /usr/lib/x86_64-linux-gnu/libXrandr.so.2.2.0
7f3aca186000-7f3aca385000 ---p 00009000 08:02 6561541                    /usr/lib/x86_64-linux-gnu/libXrandr.so.2.2.0
7f3aca385000-7f3aca386000 r--p 00008000 08:02 6561541                    /usr/lib/x86_64-linux-gnu/libXrandr.so.2.2.0
7f3aca386000-7f3aca387000 rw-p 00009000 08:02 6561541                    /usr/lib/x86_64-linux-gnu/libXrandr.so.2.2.0
7f3aca387000-7f3aca38a000 ---p 00000000 00:00 0 
7f3aca38a000-7f3aca488000 rw-p 00000000 00:00 0                          [stack:10596]
7f3aca488000-7f3aca48d000 r-xp 00000000 08:02 6561523                    /usr/lib/x86_64-linux-gnu/libXfixes.so.3.1.0
7f3aca48d000-7f3aca68c000 ---p 00005000 08:02 6561523                    /usr/lib/x86_64-linux-gnu/libXfixes.so.3.1.0
7f3aca68c000-7f3aca68d000 r--p 00004000 08:02 6561523                    /usr/lib/x86_64-linux-gnu/libXfixes.so.3.1.0
7f3aca68d000-7f3aca68e000 rw-p 00005000 08:02 6561523                    /usr/lib/x86_64-linux-gnu/libXfixes.so.3.1.0
7f3aca68e000-7f3aca697000 r-xp 00000000 08:02 6561515                    /usr/lib/x86_64-linux-gnu/libXcursor.so.1.0.2
7f3aca697000-7f3aca896000 ---p 00009000 08:02 6561515                    /usr/lib/x86_64-linux-gnu/libXcursor.so.1.0.2
7f3aca896000-7f3aca897000 r--p 00008000 08:02 6561515                    /usr/lib/x86_64-linux-gnu/libXcursor.so.1.0.2
7f3aca897000-7f3aca898000 rw-p 00009000 08:02 6561515                    /usr/lib/x86_64-linux-gnu/libXcursor.so.1.0.2
7f3aca898000-7f3aca89b000 ---p 00000000 00:00 0 
7f3aca89b000-7f3aca999000 rw-p 00000000 00:00 0                          [stack:10595]
7f3aca999000-7f3aca9af000 r-xp 00000000 08:02 13635717                   /lib/x86_64-linux-gnu/libgcc_s.so.1
7f3aca9af000-7f3acabae000 ---p 00016000 08:02 13635717                   /lib/x86_64-linux-gnu/libgcc_s.so.1
7f3acabae000-7f3acabaf000 rw-p 00015000 08:02 13635717                   /lib/x86_64-linux-gnu/libgcc_s.so.1
7f3acabaf000-7f3acac15000 r-xp 00000000 08:02 8012146                    /usr/bin/processing-3.0/java/lib/amd64/libfontmanager.so
7f3acac15000-7f3acae14000 ---p 00066000 08:02 8012146                    /usr/bin/processing-3.0/java/lib/amd64/libfontmanager.so
7f3acae14000-7f3acae18000 rw-p 00065000 08:02 8012146                    /usr/bin/processing-3.0/java/lib/amd64/libfontmanager.so
7f3acae18000-7f3acae29000 rw-p 00000000 00:00 0 
7f3acae29000-7f3acae2e000 r-xp 00000000 08:02 6561519                    /usr/lib/x86_64-linux-gnu/libXdmcp.so.6.0.0
7f3acae2e000-7f3acb02d000 ---p 00005000 08:02 6561519                    /usr/lib/x86_64-linux-gnu/libXdmcp.so.6.0.0
7f3acb02d000-7f3acb02e000 r--p 00004000 08:02 6561519                    /usr/lib/x86_64-linux-gnu/libXdmcp.so.6.0.0
7f3acb02e000-7f3acb02f000 rw-p 00005000 08:02 6561519                    /usr/lib/x86_64-linux-gnu/libXdmcp.so.6.0.0
7f3acb02f000-7f3acb031000 r-xp 00000000 08:02 6561508                    /usr/lib/x86_64-linux-gnu/libXau.so.6.0.0
7f3acb031000-7f3acb231000 ---p 00002000 08:02 6561508                    /usr/lib/x86_64-linux-gnu/libXau.so.6.0.0
7f3acb231000-7f3acb232000 r--p 00002000 08:02 6561508                    /usr/lib/x86_64-linux-gnu/libXau.so.6.0.0
7f3acb232000-7f3acb233000 rw-p 00003000 08:02 6561508                    /usr/lib/x86_64-linux-gnu/libXau.so.6.0.0
7f3acb233000-7f3acb250000 r-xp 00000000 08:02 6562574                    /usr/lib/x86_64-linux-gnu/libxcb.so.1.1.0
7f3acb250000-7f3acb450000 ---p 0001d000 08:02 6562574                    /usr/lib/x86_64-linux-gnu/libxcb.so.1.1.0
7f3acb450000-7f3acb451000 r--p 0001d000 08:02 6562574                    /usr/lib/x86_64-linux-gnu/libxcb.so.1.1.0
7f3acb451000-7f3acb452000 rw-p 0001e000 08:02 6562574                    /usr/lib/x86_64-linux-gnu/libxcb.so.1.1.0
7f3acb452000-7f3acb461000 r-xp 00000000 08:02 6561529                    /usr/lib/x86_64-linux-gnu/libXi.so.6.1.0
7f3acb461000-7f3acb660000 ---p 0000f000 08:02 6561529                    /usr/lib/x86_64-linux-gnu/libXi.so.6.1.0
7f3acb660000-7f3acb661000 r--p 0000e000 08:02 6561529                    /usr/lib/x86_64-linux-gnu/libXi.so.6.1.0
7f3acb661000-7f3acb662000 rw-p 0000f000 08:02 6561529                    /usr/lib/x86_64-linux-gnu/libXi.so.6.1.0
7f3acb662000-7f3acb667000 r-xp 00000000 08:02 6561549                    /usr/lib/x86_64-linux-gnu/libXtst.so.6.1.0
7f3acb667000-7f3acb866000 ---p 00005000 08:02 6561549                    /usr/lib/x86_64-linux-gnu/libXtst.so.6.1.0
7f3acb866000-7f3acb867000 r--p 00004000 08:02 6561549                    /usr/lib/x86_64-linux-gnu/libXtst.so.6.1.0
7f3acb867000-7f3acb868000 rw-p 00005000 08:02 6561549                    /usr/lib/x86_64-linux-gnu/libXtst.so.6.1.0
7f3acb868000-7f3acb871000 r-xp 00000000 08:02 6561543                    /usr/lib/x86_64-linux-gnu/libXrender.so.1.3.0
7f3acb871000-7f3acba70000 ---p 00009000 08:02 6561543                    /usr/lib/x86_64-linux-gnu/libXrender.so.1.3.0
7f3acba70000-7f3acba71000 r--p 00008000 08:02 6561543                    /usr/lib/x86_64-linux-gnu/libXrender.so.1.3.0
7f3acba71000-7f3acba72000 rw-p 00009000 08:02 6561543                    /usr/lib/x86_64-linux-gnu/libXrender.so.1.3.0
7f3acba72000-7f3acbba2000 r-xp 00000000 08:02 6561504                    /usr/lib/x86_64-linux-gnu/libX11.so.6.3.0
7f3acbba2000-7f3acbda2000 ---p 00130000 08:02 6561504                    /usr/lib/x86_64-linux-gnu/libX11.so.6.3.0
7f3acbda2000-7f3acbda3000 r--p 00130000 08:02 6561504                    /usr/lib/x86_64-linux-gnu/libX11.so.6.3.0
7f3acbda3000-7f3acbda7000 rw-p 00131000 08:02 6561504                    /usr/lib/x86_64-linux-gnu/libX11.so.6.3.0
7f3acbda7000-7f3acbdfb000 r-xp 00000000 08:02 8012182                    /usr/bin/processing-3.0/java/lib/amd64/libawt_xawt.so
7f3acbdfb000-7f3acbffb000 ---p 00054000 08:02 8012182                    /usr/bin/processing-3.0/java/lib/amd64/libawt_xawt.so
7f3acbffb000-7f3acbfff000 rw-p 00054000 08:02 8012182                    /usr/bin/processing-3.0/java/lib/amd64/libawt_xawt.so
7f3acbfff000-7f3acc000000 rw-p 00000000 00:00 0 
7f3acc000000-7f3acc3a5000 rw-p 00000000 00:00 0 
7f3acc3a5000-7f3ad0000000 ---p 00000000 00:00 0 
7f3ad0000000-7f3ad0021000 rw-p 00000000 00:00 0 
7f3ad0021000-7f3ad4000000 ---p 00000000 00:00 0 
7f3ad4000000-7f3ad4bf7000 rw-p 00000000 00:00 0 
7f3ad4bf7000-7f3ad8000000 ---p 00000000 00:00 0 
7f3ad8000000-7f3ad8575000 rw-p 00000000 00:00 0 
7f3ad8575000-7f3adc000000 ---p 00000000 00:00 0 
7f3adc000000-7f3adc021000 rw-p 00000000 00:00 0 
7f3adc021000-7f3ae0000000 ---p 00000000 00:00 0 
7f3ae0000000-7f3ae0021000 rw-p 00000000 00:00 0 
7f3ae0021000-7f3ae4000000 ---p 00000000 00:00 0 
7f3ae4000000-7f3ae4021000 rw-p 00000000 00:00 0 
7f3ae4021000-7f3ae8000000 ---p 00000000 00:00 0 
7f3ae8000000-7f3ae8021000 rw-p 00000000 00:00 0 
7f3ae8021000-7f3aec000000 ---p 00000000 00:00 0 
7f3aec000000-7f3aec021000 rw-p 00000000 00:00 0 
7f3aec021000-7f3af0000000 ---p 00000000 00:00 0 
7f3af0000000-7f3af0021000 rw-p 00000000 00:00 0 
7f3af0021000-7f3af4000000 ---p 00000000 00:00 0 
7f3af4000000-7f3af4021000 rw-p 00000000 00:00 0 
7f3af4021000-7f3af8000000 ---p 00000000 00:00 0 
7f3af8000000-7f3af8021000 rw-p 00000000 00:00 0 
7f3af8021000-7f3afc000000 ---p 00000000 00:00 0 
7f3afc000000-7f3afc021000 rw-p 00000000 00:00 0 
7f3afc021000-7f3b00000000 ---p 00000000 00:00 0 
7f3b00000000-7f3b00021000 rw-p 00000000 00:00 0 
7f3b00021000-7f3b04000000 ---p 00000000 00:00 0 
7f3b04000000-7f3b04021000 rw-p 00000000 00:00 0 
7f3b04021000-7f3b08000000 ---p 00000000 00:00 0 
7f3b08000000-7f3b08001000 r--p 00000000 00:00 0 
7f3b08001000-7f3b08015000 r--s 00127000 08:02 6695832                    /usr/bin/processing-3.0/lib/jna.jar
7f3b08015000-7f3b08026000 r-xp 00000000 08:02 6561521                    /usr/lib/x86_64-linux-gnu/libXext.so.6.4.0
7f3b08026000-7f3b08225000 ---p 00011000 08:02 6561521                    /usr/lib/x86_64-linux-gnu/libXext.so.6.4.0
7f3b08225000-7f3b08226000 r--p 00010000 08:02 6561521                    /usr/lib/x86_64-linux-gnu/libXext.so.6.4.0
7f3b08226000-7f3b08227000 rw-p 00011000 08:02 6561521                    /usr/lib/x86_64-linux-gnu/libXext.so.6.4.0
7f3b08227000-7f3b08228000 r--s 00003000 08:02 8014046                    /usr/bin/processing-3.0/modes/java/mode/jdtCompilerAdapter.jar
7f3b08228000-7f3b08229000 r--s 00003000 08:02 8014035                    /usr/bin/processing-3.0/modes/java/mode/classpath-explorer-1.0.jar
7f3b08229000-7f3b0822e000 r--s 00068000 08:02 8014043                    /usr/bin/processing-3.0/modes/java/mode/antlr.jar
7f3b0822e000-7f3b08238000 r--s 00097000 08:02 6695776                    /usr/bin/processing-3.0/lib/pde.jar
7f3b08238000-7f3b0823a000 r--s 00002000 08:02 6695836                    /usr/bin/processing-3.0/lib/ant-launcher.jar
7f3b0823a000-7f3b0823c000 r--s 00005000 08:02 4591938                    /home/akelly/sketchbook/libraries/minim/library/mp3spi1.9.5.jar
7f3b0823c000-7f3b08240000 r--s 00040000 08:02 4591936                    /home/akelly/sketchbook/libraries/minim/library/jl1.0.1.jar
7f3b08240000-7f3b08248000 r--s 003d3000 08:02 6569026                    /usr/bin/processing-3.0/core/library/gluegen-java-src.zip
7f3b08248000-7f3b082ea000 r-xp 00000000 08:02 8012174                    /usr/bin/processing-3.0/java/lib/amd64/libawt.so
7f3b082ea000-7f3b084ea000 ---p 000a2000 08:02 8012174                    /usr/bin/processing-3.0/java/lib/amd64/libawt.so
7f3b084ea000-7f3b084f6000 rw-p 000a2000 08:02 8012174                    /usr/bin/processing-3.0/java/lib/amd64/libawt.so
7f3b084f6000-7f3b0851a000 rw-p 00000000 00:00 0 
7f3b0851a000-7f3b0851b000 ---p 00000000 00:00 0 
7f3b0851b000-7f3b0861b000 rw-p 00000000 00:00 0                          [stack:10594]
7f3b0861b000-7f3b0861e000 ---p 00000000 00:00 0 
7f3b0861e000-7f3b0871c000 rw-p 00000000 00:00 0                          [stack:10593]
7f3b0871c000-7f3b0871f000 ---p 00000000 00:00 0 
7f3b0871f000-7f3b0881d000 rw-p 00000000 00:00 0                          [stack:10592]
7f3b0881d000-7f3b08820000 ---p 00000000 00:00 0 
7f3b08820000-7f3b0891e000 rw-p 00000000 00:00 0                          [stack:10591]
7f3b0891e000-7f3b08921000 ---p 00000000 00:00 0 
7f3b08921000-7f3b08a1f000 rw-p 00000000 00:00 0                          [stack:10590]
7f3b08a1f000-7f3b08a22000 ---p 00000000 00:00 0 
7f3b08a22000-7f3b08b20000 rw-p 00000000 00:00 0                          [stack:10584]
7f3b08b20000-7f3b08b23000 ---p 00000000 00:00 0 
7f3b08b23000-7f3b08c21000 rw-p 00000000 00:00 0                          [stack:10580]
7f3b08c21000-7f3b08c24000 ---p 00000000 00:00 0 
7f3b08c24000-7f3b08d22000 rw-p 00000000 00:00 0                          [stack:10579]
7f3b08d22000-7f3b08d26000 r-xp 00000000 08:02 8012175                    /usr/bin/processing-3.0/java/lib/amd64/libdt_socket.so
7f3b08d26000-7f3b08f25000 ---p 00004000 08:02 8012175                    /usr/bin/processing-3.0/java/lib/amd64/libdt_socket.so
7f3b08f25000-7f3b08f26000 rw-p 00003000 08:02 8012175                    /usr/bin/processing-3.0/java/lib/amd64/libdt_socket.so
7f3b08f26000-7f3b08f29000 ---p 00000000 00:00 0 
7f3b08f29000-7f3b09027000 rw-p 00000000 00:00 0                          [stack:10578]
7f3b09027000-7f3b0902a000 ---p 00000000 00:00 0 
7f3b0902a000-7f3b09128000 rw-p 00000000 00:00 0                          [stack:10576]
7f3b09128000-7f3b0912b000 ---p 00000000 00:00 0 
7f3b0912b000-7f3b09229000 rw-p 00000000 00:00 0                          [stack:10575]
7f3b09229000-7f3b0922a000 ---p 00000000 00:00 0 
7f3b0922a000-7f3b0a2de000 rw-p 00000000 00:00 0                          [stack:10574]
7f3b0a2de000-7f3b0a4b6000 r--s 03d0c000 08:02 6695974                    /usr/bin/processing-3.0/java/lib/rt.jar
7f3b0a4b6000-7f3b130ed000 rw-p 00000000 00:00 0 
7f3b130ed000-7f3b130ee000 ---p 00000000 00:00 0 
7f3b130ee000-7f3b131ee000 rw-p 00000000 00:00 0                          [stack:10573]
7f3b131ee000-7f3b131ef000 ---p 00000000 00:00 0 
7f3b131ef000-7f3b132ef000 rw-p 00000000 00:00 0                          [stack:10572]
7f3b132ef000-7f3b132f0000 ---p 00000000 00:00 0 
7f3b132f0000-7f3b133f0000 rw-p 00000000 00:00 0                          [stack:10571]
7f3b133f0000-7f3b133f1000 ---p 00000000 00:00 0 
7f3b133f1000-7f3b13545000 rw-p 00000000 00:00 0                          [stack:10570]
7f3b13545000-7f3b13a21000 ---p 00000000 00:00 0 
7f3b13a21000-7f3b13a75000 rw-p 00000000 00:00 0 
7f3b13a75000-7f3b13f50000 ---p 00000000 00:00 0 
7f3b13f50000-7f3b1401f000 rw-p 00000000 00:00 0 
7f3b1401f000-7f3b141e8000 ---p 00000000 00:00 0 
7f3b141e8000-7f3b14207000 rw-p 00000000 00:00 0 
7f3b14207000-7f3b145a9000 ---p 00000000 00:00 0 
7f3b145a9000-7f3b14d09000 rwxp 00000000 00:00 0 
7f3b14d09000-7f3b235a9000 ---p 00000000 00:00 0 
7f3b235a9000-7f3b235c3000 r-xp 00000000 08:02 8012189                    /usr/bin/processing-3.0/java/lib/amd64/libzip.so
7f3b235c3000-7f3b237c3000 ---p 0001a000 08:02 8012189                    /usr/bin/processing-3.0/java/lib/amd64/libzip.so
7f3b237c3000-7f3b237c4000 rw-p 0001a000 08:02 8012189                    /usr/bin/processing-3.0/java/lib/amd64/libzip.so
7f3b237c4000-7f3b237cf000 r-xp 00000000 08:02 13635765                   /lib/x86_64-linux-gnu/libnss_files-2.19.so
7f3b237cf000-7f3b239ce000 ---p 0000b000 08:02 13635765                   /lib/x86_64-linux-gnu/libnss_files-2.19.so
7f3b239ce000-7f3b239cf000 r--p 0000a000 08:02 13635765                   /lib/x86_64-linux-gnu/libnss_files-2.19.so
7f3b239cf000-7f3b239d0000 rw-p 0000b000 08:02 13635765                   /lib/x86_64-linux-gnu/libnss_files-2.19.so
7f3b239d0000-7f3b239db000 r-xp 00000000 08:02 13635775                   /lib/x86_64-linux-gnu/libnss_nis-2.19.so
7f3b239db000-7f3b23bda000 ---p 0000b000 08:02 13635775                   /lib/x86_64-linux-gnu/libnss_nis-2.19.so
7f3b23bda000-7f3b23bdb000 r--p 0000a000 08:02 13635775                   /lib/x86_64-linux-gnu/libnss_nis-2.19.so
7f3b23bdb000-7f3b23bdc000 rw-p 0000b000 08:02 13635775                   /lib/x86_64-linux-gnu/libnss_nis-2.19.so
7f3b23bdc000-7f3b23bf3000 r-xp 00000000 08:02 13635759                   /lib/x86_64-linux-gnu/libnsl-2.19.so
7f3b23bf3000-7f3b23df2000 ---p 00017000 08:02 13635759                   /lib/x86_64-linux-gnu/libnsl-2.19.so
7f3b23df2000-7f3b23df3000 r--p 00016000 08:02 13635759                   /lib/x86_64-linux-gnu/libnsl-2.19.so
7f3b23df3000-7f3b23df4000 rw-p 00017000 08:02 13635759                   /lib/x86_64-linux-gnu/libnsl-2.19.so
7f3b23df4000-7f3b23df6000 rw-p 00000000 00:00 0 
7f3b23df6000-7f3b23dff000 r-xp 00000000 08:02 13635761                   /lib/x86_64-linux-gnu/libnss_compat-2.19.so
7f3b23dff000-7f3b23ffe000 ---p 00009000 08:02 13635761                   /lib/x86_64-linux-gnu/libnss_compat-2.19.so
7f3b23ffe000-7f3b23fff000 r--p 00008000 08:02 13635761                   /lib/x86_64-linux-gnu/libnss_compat-2.19.so
7f3b23fff000-7f3b24000000 rw-p 00009000 08:02 13635761                   /lib/x86_64-linux-gnu/libnss_compat-2.19.so
7f3b24000000-7f3b24881000 rw-p 00000000 00:00 0 
7f3b24881000-7f3b28000000 ---p 00000000 00:00 0 
7f3b28000000-7f3b28001000 r--s 0000b000 08:02 4591937                    /home/akelly/sketchbook/libraries/minim/library/jsminim.jar
7f3b28001000-7f3b28004000 r--s 00017000 08:02 4591933                    /home/akelly/sketchbook/libraries/minim/library/tritonus_share.jar
7f3b28004000-7f3b28007000 r--s 00016000 08:02 4591932                    /home/akelly/sketchbook/libraries/minim/library/minim.jar
7f3b28007000-7f3b280cc000 rw-p 00000000 00:00 0 
7f3b280cc000-7f3b287ae000 r--p 00000000 08:02 6560506                    /usr/lib/locale/locale-archive
7f3b287ae000-7f3b287b0000 r-xp 00000000 08:02 8012169                    /usr/bin/processing-3.0/java/lib/amd64/libnpt.so
7f3b287b0000-7f3b289b0000 ---p 00002000 08:02 8012169                    /usr/bin/processing-3.0/java/lib/amd64/libnpt.so
7f3b289b0000-7f3b289b1000 rw-p 00002000 08:02 8012169                    /usr/bin/processing-3.0/java/lib/amd64/libnpt.so
7f3b289b1000-7f3b289ea000 r-xp 00000000 08:02 8012184                    /usr/bin/processing-3.0/java/lib/amd64/libjdwp.so
7f3b289ea000-7f3b28be9000 ---p 00039000 08:02 8012184                    /usr/bin/processing-3.0/java/lib/amd64/libjdwp.so
7f3b28be9000-7f3b28beb000 rw-p 00038000 08:02 8012184                    /usr/bin/processing-3.0/java/lib/amd64/libjdwp.so
7f3b28beb000-7f3b28c15000 r-xp 00000000 08:02 8012204                    /usr/bin/processing-3.0/java/lib/amd64/libjava.so
7f3b28c15000-7f3b28e15000 ---p 0002a000 08:02 8012204                    /usr/bin/processing-3.0/java/lib/amd64/libjava.so
7f3b28e15000-7f3b28e17000 rw-p 0002a000 08:02 8012204                    /usr/bin/processing-3.0/java/lib/amd64/libjava.so
7f3b28e17000-7f3b28e24000 r-xp 00000000 08:02 8012148                    /usr/bin/processing-3.0/java/lib/amd64/libverify.so
7f3b28e24000-7f3b29024000 ---p 0000d000 08:02 8012148                    /usr/bin/processing-3.0/java/lib/amd64/libverify.so
7f3b29024000-7f3b29026000 rw-p 0000d000 08:02 8012148                    /usr/bin/processing-3.0/java/lib/amd64/libverify.so
7f3b29026000-7f3b2902d000 r-xp 00000000 08:02 13635818                   /lib/x86_64-linux-gnu/librt-2.19.so
7f3b2902d000-7f3b2922c000 ---p 00007000 08:02 13635818                   /lib/x86_64-linux-gnu/librt-2.19.so
7f3b2922c000-7f3b2922d000 r--p 00006000 08:02 13635818                   /lib/x86_64-linux-gnu/librt-2.19.so
7f3b2922d000-7f3b2922e000 rw-p 00007000 08:02 13635818                   /lib/x86_64-linux-gnu/librt-2.19.so
7f3b2922e000-7f3b29333000 r-xp 00000000 08:02 13635740                   /lib/x86_64-linux-gnu/libm-2.19.so
7f3b29333000-7f3b29532000 ---p 00105000 08:02 13635740                   /lib/x86_64-linux-gnu/libm-2.19.so
7f3b29532000-7f3b29533000 r--p 00104000 08:02 13635740                   /lib/x86_64-linux-gnu/libm-2.19.so
7f3b29533000-7f3b29534000 rw-p 00105000 08:02 13635740                   /lib/x86_64-linux-gnu/libm-2.19.so
7f3b29534000-7f3b2a1e2000 r-xp 00000000 08:02 8012167                    /usr/bin/processing-3.0/java/lib/amd64/server/libjvm.so
7f3b2a1e2000-7f3b2a3e2000 ---p 00cae000 08:02 8012167                    /usr/bin/processing-3.0/java/lib/amd64/server/libjvm.so
7f3b2a3e2000-7f3b2a4b9000 rw-p 00cae000 08:02 8012167                    /usr/bin/processing-3.0/java/lib/amd64/server/libjvm.so
7f3b2a4b9000-7f3b2a4fd000 rw-p 00000000 00:00 0 
7f3b2a4fd000-7f3b2a6b8000 r-xp 00000000 08:02 13635690                   /lib/x86_64-linux-gnu/libc-2.19.so
7f3b2a6b8000-7f3b2a8b7000 ---p 001bb000 08:02 13635690                   /lib/x86_64-linux-gnu/libc-2.19.so
7f3b2a8b7000-7f3b2a8bb000 r--p 001ba000 08:02 13635690                   /lib/x86_64-linux-gnu/libc-2.19.so
7f3b2a8bb000-7f3b2a8bd000 rw-p 001be000 08:02 13635690                   /lib/x86_64-linux-gnu/libc-2.19.so
7f3b2a8bd000-7f3b2a8c2000 rw-p 00000000 00:00 0 
7f3b2a8c2000-7f3b2a8c5000 r-xp 00000000 08:02 13635707                   /lib/x86_64-linux-gnu/libdl-2.19.so
7f3b2a8c5000-7f3b2aac4000 ---p 00003000 08:02 13635707                   /lib/x86_64-linux-gnu/libdl-2.19.so
7f3b2aac4000-7f3b2aac5000 r--p 00002000 08:02 13635707                   /lib/x86_64-linux-gnu/libdl-2.19.so
7f3b2aac5000-7f3b2aac6000 rw-p 00003000 08:02 13635707                   /lib/x86_64-linux-gnu/libdl-2.19.so
7f3b2aac6000-7f3b2aadb000 r-xp 00000000 08:02 8012145                    /usr/bin/processing-3.0/java/lib/amd64/jli/libjli.so
7f3b2aadb000-7f3b2acdb000 ---p 00015000 08:02 8012145                    /usr/bin/processing-3.0/java/lib/amd64/jli/libjli.so
7f3b2acdb000-7f3b2acdc000 rw-p 00015000 08:02 8012145                    /usr/bin/processing-3.0/java/lib/amd64/jli/libjli.so
7f3b2acdc000-7f3b2acf5000 r-xp 00000000 08:02 13635810                   /lib/x86_64-linux-gnu/libpthread-2.19.so
7f3b2acf5000-7f3b2aef4000 ---p 00019000 08:02 13635810                   /lib/x86_64-linux-gnu/libpthread-2.19.so
7f3b2aef4000-7f3b2aef5000 r--p 00018000 08:02 13635810                   /lib/x86_64-linux-gnu/libpthread-2.19.so
7f3b2aef5000-7f3b2aef6000 rw-p 00019000 08:02 13635810                   /lib/x86_64-linux-gnu/libpthread-2.19.so
7f3b2aef6000-7f3b2aefa000 rw-p 00000000 00:00 0 
7f3b2aefa000-7f3b2af1d000 r-xp 00000000 08:02 13635666                   /lib/x86_64-linux-gnu/ld-2.19.so
7f3b2af1d000-7f3b2af1e000 r--s 00002000 08:02 4591935                    /home/akelly/sketchbook/libraries/minim/library/tritonus_aos.jar
7f3b2af1e000-7f3b2af1f000 r--s 00001000 08:02 6569033                    /usr/bin/processing-3.0/core/library/gluegen-rt-natives-macosx-universal.jar
7f3b2af1f000-7f3b2af21000 r--s 00038000 08:02 6569032                    /usr/bin/processing-3.0/core/library/jogl-all-natives-windows-amd64.jar
7f3b2af21000-7f3b2af22000 r--s 00034000 08:02 6569031                    /usr/bin/processing-3.0/core/library/jogl-all-natives-linux-amd64.jar
7f3b2af22000-7f3b2af23000 r--s 00001000 08:02 6569036                    /usr/bin/processing-3.0/core/library/gluegen-rt-natives-windows-i586.jar
7f3b2af23000-7f3b2aff4000 rw-p 00000000 00:00 0 
7f3b2aff4000-7f3b2aff7000 ---p 00000000 00:00 0 
7f3b2aff7000-7f3b2b0f9000 rw-p 00000000 00:00 0                          [stack:10569]
7f3b2b0f9000-7f3b2b0ff000 r--s 0004a000 08:02 6569021                    /usr/bin/processing-3.0/core/library/gluegen-rt.jar
7f3b2b0ff000-7f3b2b100000 r--s 00000000 08:02 6569035                    /usr/bin/processing-3.0/core/library/gluegen-rt-natives-linux-armv6hf.jar
7f3b2b100000-7f3b2b101000 r--s 00031000 08:02 6569019                    /usr/bin/processing-3.0/core/library/jogl-all-natives-windows-i586.jar
7f3b2b101000-7f3b2b102000 r--s 00001000 08:02 6569022                    /usr/bin/processing-3.0/core/library/gluegen-rt-natives-windows-amd64.jar
7f3b2b102000-7f3b2b104000 r--s 0006c000 08:02 6569020                    /usr/bin/processing-3.0/core/library/jogl-all-natives-macosx-universal.jar
7f3b2b104000-7f3b2b109000 r--s 000f0000 08:02 6569027                    /usr/bin/processing-3.0/core/library/core.jar
7f3b2b109000-7f3b2b10b000 r--s 00000000 08:02 6569025                    /usr/bin/processing-3.0/core/library/gluegen-rt-natives-linux-amd64.jar
7f3b2b10b000-7f3b2b10c000 r--s 00026000 08:02 6569028                    /usr/bin/processing-3.0/core/library/jogl-all-natives-linux-armv6hf.jar
7f3b2b10c000-7f3b2b10d000 r--s 00032000 08:02 6569024                    /usr/bin/processing-3.0/core/library/jogl-all-natives-linux-i586.jar
7f3b2b10d000-7f3b2b10f000 r--s 00000000 08:02 6569023                    /usr/bin/processing-3.0/core/library/gluegen-rt-natives-linux-i586.jar
7f3b2b10f000-7f3b2b110000 rw-p 00000000 00:00 0 
7f3b2b110000-7f3b2b118000 rw-s 00000000 08:02 4325390                    /tmp/hsperfdata_akelly/10567
7f3b2b118000-7f3b2b119000 rw-p 00000000 00:00 0 
7f3b2b119000-7f3b2b11a000 r--p 00000000 00:00 0 
7f3b2b11a000-7f3b2b11c000 rw-p 00000000 00:00 0 
7f3b2b11c000-7f3b2b11d000 r--p 00022000 08:02 13635666                   /lib/x86_64-linux-gnu/ld-2.19.so
7f3b2b11d000-7f3b2b11e000 rw-p 00023000 08:02 13635666                   /lib/x86_64-linux-gnu/ld-2.19.so
7f3b2b11e000-7f3b2b11f000 rw-p 00000000 00:00 0 
7ffd13295000-7ffd132b8000 rw-p 00000000 00:00 0                          [stack]
7ffd133bc000-7ffd133be000 r--p 00000000 00:00 0                          [vvar]
7ffd133be000-7ffd133c0000 r-xp 00000000 00:00 0                          [vdso]
ffffffffff600000-ffffffffff601000 r-xp 00000000 00:00 0                  [vsyscall]

VM Arguments:
jvm_args: -agentlib:jdwp=transport=dt_socket,address=8559,server=y,suspend=y -Djava.library.path=:/usr/bin/processing-3.0/core/library:/home/akelly/sketchbook/libraries/minim/library:/usr/java/packages/lib/amd64:/usr/lib64:/lib64:/lib:/usr/lib -ea 
java_command: processing.core.PApplet --display=1 --sketch-path=/home/akelly/sketchbook/_audioVisualizer/_audioVisualizer/build build
java_class_path (initial): /home/akelly/sketchbook/_audioVisualizer/_audioVisualizer/build/build-tmp:/usr/bin/processing-3.0/core/library/gluegen-rt-natives-linux-i586.jar:/usr/bin/processing-3.0/core/library/jogl-all-natives-linux-i586.jar:/usr/bin/processing-3.0/core/library/jogl-all-natives-linux-armv6hf.jar:/usr/bin/processing-3.0/core/library/gluegen-rt-natives-linux-amd64.jar:/usr/bin/processing-3.0/core/library/core.jar:/usr/bin/processing-3.0/core/library/jogl-all-natives-macosx-universal.jar:/usr/bin/processing-3.0/core/library/gluegen-rt-natives-windows-amd64.jar:/usr/bin/processing-3.0/core/library/jogl-all-natives-windows-i586.jar:/usr/bin/processing-3.0/core/library/gluegen-rt-natives-linux-armv6hf.jar:/usr/bin/processing-3.0/core/library/gluegen-rt.jar:/usr/bin/processing-3.0/core/library/gluegen-rt-natives-windows-i586.jar:/usr/bin/processing-3.0/core/library/jogl-all.jar:/usr/bin/processing-3.0/core/library/jogl-all-natives-linux-amd64.jar:/usr/bin/processing-3.0/core/library/jogl-all-natives-windows-amd64.jar:/usr/bin/processing-3.0/core/library/gluegen-java-src.zip:/usr/bin/processing-3.0/core/library/jogl-java-src.zip:/usr/bin/processing-3.0/core/library/gluegen-rt-natives-macosx-universal.jar:/usr/bin/processing-3.0/core/library/gluegen-rt-natives-linux-i586.jar:/usr/bin/processing-3.0/core/library/jogl-all-natives-linux-i586.jar:/usr/bin/processing-3.0/core/library/jogl-all-natives-linux-armv6hf.jar:/usr/bin/processing-3.0/core/library/gluegen-rt-natives-linux-amd64.jar:/usr/bin/processing-3.0/core/library/core.jar:/usr/bin/processing-3.0/core/library/jogl-all-natives-macosx-universal.jar:/usr/bin/processing-3.0/core/library/gluegen-rt-natives-windows-amd64.jar:/usr/bin/processing-3.0/core/library/jogl-all-natives-windows-i586.jar:/usr/bin/processing-3.0/core/library/gluegen-rt-natives-linux-armv6hf.jar:/usr/bin/processing-3.0/core/library/gluegen-rt.jar:/usr/bin/processing-3.0/core/library/gluegen-rt-natives-windows-i586.jar:/usr/bin/processi
Launcher Type: SUN_STANDARD

Environment Variables:
PATH=/usr/bin/processing-3.0/java/bin:/usr/local/sbin:/usr/local/bin:/usr/sbin:/usr/bin:/sbin:/bin:/usr/games:/usr/local/games
SHELL=/bin/bash
DISPLAY=:0

Signal Handlers:
SIGSEGV: [libjvm.so+0xaad540], sa_mask[0]=11111111011111111101111111111110, sa_flags=SA_RESTART|SA_SIGINFO
SIGBUS: [libjvm.so+0xaad540], sa_mask[0]=11111111011111111101111111111110, sa_flags=SA_RESTART|SA_SIGINFO
SIGFPE: [libjvm.so+0x90b6b0], sa_mask[0]=11111111011111111101111111111110, sa_flags=SA_RESTART|SA_SIGINFO
SIGPIPE: [libjvm.so+0x90b6b0], sa_mask[0]=11111111011111111101111111111110, sa_flags=SA_RESTART|SA_SIGINFO
SIGXFSZ: [libjvm.so+0x90b6b0], sa_mask[0]=11111111011111111101111111111110, sa_flags=SA_RESTART|SA_SIGINFO
SIGILL: [libjvm.so+0x90b6b0], sa_mask[0]=11111111011111111101111111111110, sa_flags=SA_RESTART|SA_SIGINFO
SIGUSR1: SIG_DFL, sa_mask[0]=00000000000000000000000000000000, sa_flags=none
SIGUSR2: [libjvm.so+0x90ccf0], sa_mask[0]=00100000000000000000000000000000, sa_flags=SA_RESTART|SA_SIGINFO
SIGHUP: [libjvm.so+0x90e040], sa_mask[0]=11111111011111111101111111111110, sa_flags=SA_RESTART|SA_SIGINFO
SIGINT: [libjvm.so+0x90e040], sa_mask[0]=11111111011111111101111111111110, sa_flags=SA_RESTART|SA_SIGINFO
SIGTERM: [libjvm.so+0x90e040], sa_mask[0]=11111111011111111101111111111110, sa_flags=SA_RESTART|SA_SIGINFO
SIGQUIT: [libjvm.so+0x90e040], sa_mask[0]=11111111011111111101111111111110, sa_flags=SA_RESTART|SA_SIGINFO


---------------  S Y S T E M  ---------------

OS:DISTRIB_ID=Ubuntu
DISTRIB_RELEASE=14.04
DISTRIB_CODENAME=trusty
DISTRIB_DESCRIPTION="Ubuntu 14.04.3 LTS"

uname:Linux 3.19.0-28-generic #30~14.04.1-Ubuntu SMP Tue Sep 1 09:32:55 UTC 2015 x86_64
libc:glibc 2.19 NPTL 2.19 
rlimit: STACK 8192k, CORE 0k, NPROC 63284, NOFILE 4096, AS infinity
load average:2.08 2.81 2.74

/proc/meminfo:
MemTotal:       16309452 kB
MemFree:        10981528 kB
MemAvailable:   12264612 kB
Buffers:          120600 kB
Cached:          1767652 kB
SwapCached:           48 kB
Active:          4214388 kB
Inactive:         845308 kB
Active(anon):    3254916 kB
Inactive(anon):   397356 kB
Active(file):     959472 kB
Inactive(file):   447952 kB
Unevictable:          92 kB
Mlocked:              92 kB
SwapTotal:      16653308 kB
SwapFree:       16584364 kB
Dirty:              1100 kB
Writeback:             0 kB
AnonPages:       3171892 kB
Mapped:           526560 kB
Shmem:            480540 kB
Slab:             130612 kB
SReclaimable:      89204 kB
SUnreclaim:        41408 kB
KernelStack:       10336 kB
PageTables:        50948 kB
NFS_Unstable:          0 kB
Bounce:                0 kB
WritebackTmp:          0 kB
CommitLimit:    24808032 kB
Committed_AS:    9065992 kB
VmallocTotal:   34359738367 kB
VmallocUsed:      384844 kB
VmallocChunk:   34359343192 kB
HardwareCorrupted:     0 kB
AnonHugePages:   1241088 kB
CmaTotal:              0 kB
CmaFree:               0 kB
HugePages_Total:       0
HugePages_Free:        0
HugePages_Rsvd:        0
HugePages_Surp:        0
Hugepagesize:       2048 kB
DirectMap4k:      210348 kB
DirectMap2M:    13297664 kB
DirectMap1G:     3145728 kB


CPU:total 4 (2 cores per cpu, 2 threads per core) family 6 model 61 stepping 4, cmov, cx8, fxsr, mmx, sse, sse2, sse3, ssse3, sse4.1, sse4.2, popcnt, avx, avx2, aes, clmul, erms, rtm, 3dnowpref, lzcnt, ht, tsc, tscinvbit, bmi1, bmi2, adx

/proc/cpuinfo:
processor	: 0
vendor_id	: GenuineIntel
cpu family	: 6
model		: 61
model name	: Intel(R) Core(TM) i7-5600U CPU @ 2.60GHz
stepping	: 4
microcode	: 0x19
cpu MHz		: 2580.195
cache size	: 4096 KB
physical id	: 0
siblings	: 4
core id		: 0
cpu cores	: 2
apicid		: 0
initial apicid	: 0
fpu		: yes
fpu_exception	: yes
cpuid level	: 20
wp		: yes
flags		: fpu vme de pse tsc msr pae mce cx8 apic sep mtrr pge mca cmov pat pse36 clflush dts acpi mmx fxsr sse sse2 ss ht tm pbe syscall nx pdpe1gb rdtscp lm constant_tsc arch_perfmon pebs bts rep_good nopl xtopology nonstop_tsc aperfmperf eagerfpu pni pclmulqdq dtes64 monitor ds_cpl vmx smx est tm2 ssse3 fma cx16 xtpr pdcm pcid sse4_1 sse4_2 x2apic movbe popcnt tsc_deadline_timer aes xsave avx f16c rdrand lahf_lm abm 3dnowprefetch ida arat epb pln pts dtherm tpr_shadow vnmi flexpriority ept vpid fsgsbase tsc_adjust bmi1 hle avx2 smep bmi2 erms invpcid rtm rdseed adx smap xsaveopt
bugs		:
bogomips	: 5188.48
clflush size	: 64
cache_alignment	: 64
address sizes	: 39 bits physical, 48 bits virtual
power management:

processor	: 1
vendor_id	: GenuineIntel
cpu family	: 6
model		: 61
model name	: Intel(R) Core(TM) i7-5600U CPU @ 2.60GHz
stepping	: 4
microcode	: 0x19
cpu MHz		: 2715.781
cache size	: 4096 KB
physical id	: 0
siblings	: 4
core id		: 0
cpu cores	: 2
apicid		: 1
initial apicid	: 1
fpu		: yes
fpu_exception	: yes
cpuid level	: 20
wp		: yes
flags		: fpu vme de pse tsc msr pae mce cx8 apic sep mtrr pge mca cmov pat pse36 clflush dts acpi mmx fxsr sse sse2 ss ht tm pbe syscall nx pdpe1gb rdtscp lm constant_tsc arch_perfmon pebs bts rep_good nopl xtopology nonstop_tsc aperfmperf eagerfpu pni pclmulqdq dtes64 monitor ds_cpl vmx smx est tm2 ssse3 fma cx16 xtpr pdcm pcid sse4_1 sse4_2 x2apic movbe popcnt tsc_deadline_timer aes xsave avx f16c rdrand lahf_lm abm 3dnowprefetch ida arat epb pln pts dtherm tpr_shadow vnmi flexpriority ept vpid fsgsbase tsc_adjust bmi1 hle avx2 smep bmi2 erms invpcid rtm rdseed adx smap xsaveopt
bugs		:
bogomips	: 5188.48
clflush size	: 64
cache_alignment	: 64
address sizes	: 39 bits physical, 48 bits virtual
power management:

processor	: 2
vendor_id	: GenuineIntel
cpu family	: 6
model		: 61
model name	: Intel(R) Core(TM) i7-5600U CPU @ 2.60GHz
stepping	: 4
microcode	: 0x19
cpu MHz		: 2499.859
cache size	: 4096 KB
physical id	: 0
siblings	: 4
core id		: 1
cpu cores	: 2
apicid		: 2
initial apicid	: 2
fpu		: yes
fpu_exception	: yes
cpuid level	: 20
wp		: yes
flags		: fpu vme de pse tsc msr pae mce cx8 apic sep mtrr pge mca cmov pat pse36 clflush dts acpi mmx fxsr sse sse2 ss ht tm pbe syscall nx pdpe1gb rdtscp lm constant_tsc arch_perfmon pebs bts rep_good nopl xtopology nonstop_tsc aperfmperf eagerfpu pni pclmulqdq dtes64 monitor ds_cpl vmx smx est tm2 ssse3 fma cx16 xtpr pdcm pcid sse4_1 sse4_2 x2apic movbe popcnt tsc_deadline_timer aes xsave avx f16c rdrand lahf_lm abm 3dnowprefetch ida arat epb pln pts dtherm tpr_shadow vnmi flexpriority ept vpid fsgsbase tsc_adjust bmi1 hle avx2 smep bmi2 erms invpcid rtm rdseed adx smap xsaveopt
bugs		:
bogomips	: 5188.48
clflush size	: 64
cache_alignment	: 64
address sizes	: 39 bits physical, 48 bits virtual
power management:

processor	: 3
vendor_id	: GenuineIntel
cpu family	: 6
model		: 61
model name	: Intel(R) Core(TM) i7-5600U CPU @ 2.60GHz
stepping	: 4
microcode	: 0x19
cpu MHz		: 2451.515
cache size	: 4096 KB
physical id	: 0
siblings	: 4
core id		: 1
cpu cores	: 2
apicid		: 3
initial apicid	: 3
fpu		: yes
fpu_exception	: yes
cpuid level	: 20
wp		: yes
flags		: fpu vme de pse tsc msr pae mce cx8 apic sep mtrr pge mca cmov pat pse36 clflush dts acpi mmx fxsr sse sse2 ss ht tm pbe syscall nx pdpe1gb rdtscp lm constant_tsc arch_perfmon pebs bts rep_good nopl xtopology nonstop_tsc aperfmperf eagerfpu pni pclmulqdq dtes64 monitor ds_cpl vmx smx est tm2 ssse3 fma cx16 xtpr pdcm pcid sse4_1 sse4_2 x2apic movbe popcnt tsc_deadline_timer aes xsave avx f16c rdrand lahf_lm abm 3dnowprefetch ida arat epb pln pts dtherm tpr_shadow vnmi flexpriority ept vpid fsgsbase tsc_adjust bmi1 hle avx2 smep bmi2 erms invpcid rtm rdseed adx smap xsaveopt
bugs		:
bogomips	: 5188.48
clflush size	: 64
cache_alignment	: 64
address sizes	: 39 bits physical, 48 bits virtual
power management:



Memory: 4k page, physical 16309452k(10981528k free), swap 16653308k(16584364k free)

vm_info: Java HotSpot(TM) 64-Bit Server VM (25.51-b03) for linux-amd64 JRE (1.8.0_51-b16), built on Jun  8 2015 19:28:07 by "java_re" with gcc 4.3.0 20080428 (Red Hat 4.3.0-8)

time: Sat Oct 10 16:22:01 2015
elapsed time: 37 seconds (0d 0h 0m 37s)

