#
# A fatal error has been detected by the Java Runtime Environment:
#
#  SIGSEGV (0xb) at pc=0x00007f83eea7f998, pid=7643, tid=140205015148288
#
# JRE version: Java(TM) SE Runtime Environment (8.0_51-b16) (build 1.8.0_51-b16)
# Java VM: Java HotSpot(TM) 64-Bit Server VM (25.51-b03 mixed mode linux-amd64 compressed oops)
# Problematic frame:
# C  [i965_dri.so+0x3c9998]
#
# Failed to write core dump. Core dumps have been disabled. To enable core dumping, try "ulimit -c unlimited" before starting Java again
#
# If you would like to submit a bug report, please visit:
#   http://bugreport.java.com/bugreport/crash.jsp
# The crash happened outside the Java Virtual Machine in native code.
# See problematic frame for where to report the bug.
#

---------------  T H R E A D  ---------------

Current thread (0x00007f846868d800):  JavaThread "main-Display-.x11_:0-1-EDT-1" daemon [_thread_in_native, id=7683, stack(0x00007f84060fa000,0x00007f84061fb000)]

siginfo: si_signo: 11 (SIGSEGV), si_code: 1 (SEGV_MAPERR), si_addr: 0x0000000100000000

Registers:
RAX=0x00007f83eea7f990, RBX=0x00007f83e004f900, RCX=0x0000000000000000, RDX=0x0000000000000001
RSP=0x00007f84061f8280, RBP=0x00007f83f4022100, RSI=0x00007f83e004f9e0, RDI=0x0000000100000000
R8 =0x0000000000000000, R9 =0x00007f8405aa7fc0, R10=0x00007f845901ce58, R11=0x00007f846f9f5090
R12=0x00007f83f401fc20, R13=0x0000000000000000, R14=0x00007f83f40232c0, R15=0x0000000000000000
RIP=0x00007f83eea7f998, EFLAGS=0x0000000000010202, CSGSFS=0x0000000000000033, ERR=0x0000000000000004
  TRAPNO=0x000000000000000e

Top of Stack: (sp=0x00007f84061f8280)
0x00007f84061f8280:   00007f84061f8370 0000000000000000
0x00007f84061f8290:   00007f83e004f900 00007f83f4022100
0x00007f84061f82a0:   00007f83f401fc20 00007f8405aa804e
0x00007f84061f82b0:   00007f84061f82e8 00007f8405cf5660
0x00007f84061f82c0:   00007f83f4014b10 00007f8400000000
0x00007f84061f82d0:   0000000000000000 0000000000000000
0x00007f84061f82e0:   00000007c0153ea0 00007f83e004f900
0x00007f84061f82f0:   0000000004200002 00007f8405e43388
0x00007f84061f8300:   00007f84061f8370 0000000000000000
0x00007f84061f8310:   00007f8405e43388 00007f84061f8440
0x00007f84061f8320:   00007f846868d800 00007f84041baba7
0x00007f84061f8330:   000000077cd62628 00007f8405a81ab0
0x00007f84061f8340:   0000000004200002 00007f83f4014b10
0x00007f84061f8350:   00007f84061f8408 00007f846868d9f8
0x00007f84061f8360:   00007f83ecaa40b8 00007f8405a81ab0
0x00007f84061f8370:   00007f84061f83f8 00007f845901ce84
0x00007f84061f8380:   0000000000000000 00007f8410000ef8
0x00007f84061f8390:   0000000000000029 000000077cd62638
0x00007f84061f83a0:   00007f84590055d0 0000000700000000
0x00007f84061f83b0:   00007f84061f8568 00007f84061f83b8
0x00007f84061f83c0:   0000000000000000 00007f84061f8440
0x00007f84061f83d0:   00007f8405e44698 0000000000000000
0x00007f84061f83e0:   00007f8405e43388 0000000000000000
0x00007f84061f83f0:   00007f84061f8418 00007f84061f8488
0x00007f84061f8400:   00007f8459007ccd 000000077cec5d40
0x00007f84061f8410:   00007f84590137d8 00007f8405a81ab0
0x00007f84061f8420:   00007f84061f8598 0000000004200002
0x00007f84061f8430:   00007f84590055d0 00007f83f4014b10
0x00007f84061f8440:   000000077cec6000 00007f84061f8448
0x00007f84061f8450:   00007f8405e432d9 00007f84061f84c0
0x00007f84061f8460:   00007f8405e44698 0000000000000000
0x00007f84061f8470:   00007f8405e432e8 00007f84061f8418 

Instructions: (pc=0x00007f83eea7f998)
0x00007f83eea7f978:   0f 1f 84 00 00 00 00 00 48 83 c4 10 5b 5d 41 5c
0x00007f83eea7f988:   c3 0f 1f 80 00 00 00 00 41 54 55 53 48 83 ec 10
0x00007f83eea7f998:   48 8b 1f 48 85 db 74 3d f6 83 48 05 00 00 01 49
0x00007f83eea7f9a8:   89 f4 89 cd 75 72 83 e2 01 75 5d 83 e5 fd 74 38 

Register to memory mapping:

RAX=0x00007f83eea7f990: <offset 0x3c9990> in /usr/lib/x86_64-linux-gnu/dri/i965_dri.so at 0x00007f83ee6b6000
RBX=0x00007f83e004f900 is an unknown value
RCX=0x0000000000000000 is an unknown value
RDX=0x0000000000000001 is an unknown value
RSP=0x00007f84061f8280 is pointing into the stack for thread: 0x00007f846868d800
RBP=0x00007f83f4022100 is an unknown value
RSI=0x00007f83e004f9e0 is an unknown value
RDI=0x0000000100000000 is an unknown value
R8 =0x0000000000000000 is an unknown value
R9 =0x00007f8405aa7fc0: <offset 0x42fc0> in /usr/lib/x86_64-linux-gnu/mesa/libGL.so.1 at 0x00007f8405a65000
R10=0x00007f845901ce58 is at code_begin+1528 in an Interpreter codelet
method entry point (kind = native)  [0x00007f845901c860, 0x00007f845901d7a0]  3904 bytes
R11=0x00007f846f9f5090: <offset 0x9ad090> in /usr/bin/processing-3.0/java/lib/amd64/server/libjvm.so at 0x00007f846f048000
R12=0x00007f83f401fc20 is an unknown value
R13=0x0000000000000000 is an unknown value
R14=0x00007f83f40232c0 is an unknown value
R15=0x0000000000000000 is an unknown value


Stack: [0x00007f84060fa000,0x00007f84061fb000],  sp=0x00007f84061f8280,  free space=1016k
Native frames: (J=compiled Java code, j=interpreted, Vv=VM code, C=native code)
C  [i965_dri.so+0x3c9998]

Java frames: (J=compiled Java code, j=interpreted, Vv=VM code)
j  jogamp.opengl.x11.glx.GLX.dispatch_glXSwapBuffers0(JJJ)V+0
j  jogamp.opengl.x11.glx.GLX.glXSwapBuffers(JJ)V+41
j  jogamp.opengl.x11.glx.X11GLXDrawable.swapBuffersImpl(Z)V+17
j  jogamp.opengl.GLDrawableImpl.swapBuffers()V+67
j  jogamp.opengl.GLAutoDrawableBase.defaultSwapBuffers()V+23
j  com.jogamp.newt.opengl.GLWindow.swapBuffers()V+1
j  processing.opengl.PJOGL.swapBuffers()V+15
j  processing.opengl.PGraphicsOpenGL.dispose()V+15
j  processing.core.PApplet.dispose()V+28
j  processing.opengl.PSurfaceJOGL$NEWTWindowListener.windowDestroyNotify(Lcom/jogamp/newt/event/WindowEvent;)V+7
j  jogamp.newt.WindowImpl.consumeWindowEvent(Lcom/jogamp/newt/event/WindowEvent;)V+254
j  jogamp.newt.WindowImpl.sendWindowEvent(I)V+14
j  jogamp.newt.WindowImpl$1.run()V+143
j  jogamp.newt.DisplayImpl.runOnEDTIfAvail(ZLjava/lang/Runnable;)V+172
j  jogamp.newt.WindowImpl.runOnEDTIfAvail(ZLjava/lang/Runnable;)V+36
j  jogamp.newt.WindowImpl.destroy()V+11
j  com.jogamp.newt.opengl.GLWindow.destroy()V+4
j  jogamp.opengl.GLAutoDrawableBase.destroyAvoidAwareOfLocking()V+31
j  jogamp.opengl.GLAutoDrawableBase.defaultWindowDestroyNotifyOp()V+43
j  com.jogamp.newt.opengl.GLWindow.access$000(Lcom/jogamp/newt/opengl/GLWindow;)V+1
j  com.jogamp.newt.opengl.GLWindow$1.run()V+4
j  jogamp.newt.WindowImpl.windowDestroyNotify(Z)Z+147
v  ~StubRoutines::call_stub
J 1587  jogamp.newt.driver.x11.DisplayDriver.DispatchMessages0(JJJII)V (0 bytes) @ 0x00007f845960edff [0x00007f845960edc0+0x3f]
J 1586 C1 jogamp.newt.driver.x11.DisplayDriver.dispatchMessagesNative()V (66 bytes) @ 0x00007f8459604d54 [0x00007f84596049c0+0x394]
J 1712 C1 jogamp.newt.DisplayImpl.dispatchMessages()V (116 bytes) @ 0x00007f845968d234 [0x00007f845968c7e0+0xa54]
J 1592 C1 jogamp.newt.DisplayImpl$7.run()V (8 bytes) @ 0x00007f845960ea4c [0x00007f845960e940+0x10c]
j  jogamp.newt.DefaultEDTUtil$NEDT.run()V+67
v  ~StubRoutines::call_stub

---------------  P R O C E S S  ---------------

Java Threads: ( => current thread )
  0x00007f83e0131800 JavaThread "Thread-6" [_thread_blocked, id=7705, stack(0x00007f83dbdfe000,0x00007f83dbeff000)]
  0x00007f83e011d800 JavaThread "Java Sound Event Dispatcher" daemon [_thread_blocked, id=7700, stack(0x00007f83dbeff000,0x00007f83dc000000)]
  0x00007f846800f800 JavaThread "DestroyJavaVM" [_thread_blocked, id=7645, stack(0x00007f8470b08000,0x00007f8470c09000)]
  0x00007f84686f4000 JavaThread "Thread-2" [_thread_blocked, id=7686, stack(0x00007f83ec98f000,0x00007f83eca90000)]
  0x00007f84686e4000 JavaThread "main-SharedResourceRunner" daemon [_thread_blocked, id=7685, stack(0x00007f83eee39000,0x00007f83eef3a000)]
  0x00007f84686bf000 JavaThread "main-SharedResourceRunner" daemon [_thread_blocked, id=7684, stack(0x00007f8404021000,0x00007f8404122000)]
=>0x00007f846868d800 JavaThread "main-Display-.x11_:0-1-EDT-1" daemon [_thread_in_native, id=7683, stack(0x00007f84060fa000,0x00007f84061fb000)]
  0x00007f8468506800 JavaThread "process reaper" daemon [_thread_blocked, id=7676, stack(0x00007f8407917000,0x00007f8407950000)]
  0x00007f84682b4800 JavaThread "AWT-XAWT" daemon [_thread_in_native, id=7672, stack(0x00007f844c0b1000,0x00007f844c1b2000)]
  0x00007f8468294800 JavaThread "Java2D Disposer" daemon [_thread_blocked, id=7671, stack(0x00007f844c3bc000,0x00007f844c4bd000)]
  0x00007f84680e1000 JavaThread "Service Thread" daemon [_thread_blocked, id=7669, stack(0x00007f844e12a000,0x00007f844e22b000)]
  0x00007f84680d3800 JavaThread "C1 CompilerThread2" daemon [_thread_blocked, id=7668, stack(0x00007f844e22b000,0x00007f844e32c000)]
  0x00007f84680d1800 JavaThread "C2 CompilerThread1" daemon [_thread_blocked, id=7667, stack(0x00007f844e32c000,0x00007f844e42d000)]
  0x00007f84680ce800 JavaThread "C2 CompilerThread0" daemon [_thread_blocked, id=7666, stack(0x00007f844e42d000,0x00007f844e52e000)]
  0x00007f842c001000 JavaThread "JDWP Command Reader" daemon [_thread_in_native, id=7660, stack(0x00007f844e52e000,0x00007f844e62f000)]
  0x00007f84680cc800 JavaThread "JDWP Event Helper Thread" daemon [_thread_blocked, id=7655, stack(0x00007f844e62f000,0x00007f844e730000)]
  0x00007f84680c9000 JavaThread "JDWP Transport Listener: dt_socket" daemon [_thread_blocked, id=7654, stack(0x00007f844e730000,0x00007f844e831000)]
  0x00007f84680bb800 JavaThread "Signal Dispatcher" daemon [_thread_blocked, id=7653, stack(0x00007f844ea35000,0x00007f844eb36000)]
  0x00007f8468084800 JavaThread "Finalizer" daemon [_thread_blocked, id=7652, stack(0x00007f844eb36000,0x00007f844ec37000)]
  0x00007f8468082800 JavaThread "Reference Handler" daemon [_thread_blocked, id=7651, stack(0x00007f844ec37000,0x00007f844ed38000)]

Other Threads:
  0x00007f846807d000 VMThread [stack: 0x00007f844ed38000,0x00007f844ee39000] [id=7650]
  0x00007f84680e3800 WatcherThread [stack: 0x00007f844e029000,0x00007f844e12a000] [id=7670]

VM state:not at safepoint (normal execution)

VM Mutex/Monitor currently owned by a thread: None

Heap:
 PSYoungGen      total 268288K, used 19588K [0x000000076d100000, 0x000000078db00000, 0x00000007c0000000)
  eden space 258048K, 5% used [0x000000076d100000,0x000000076df63150,0x000000077cd00000)
  from space 10240K, 47% used [0x000000077cd00000,0x000000077d1be0a0,0x000000077d700000)
  to   space 9216K, 0% used [0x000000078d200000,0x000000078d200000,0x000000078db00000)
 ParOldGen       total 171008K, used 24K [0x00000006c7200000, 0x00000006d1900000, 0x000000076d100000)
  object space 171008K, 0% used [0x00000006c7200000,0x00000006c7206000,0x00000006d1900000)
 Metaspace       used 17394K, capacity 17618K, committed 17792K, reserved 1064960K
  class space    used 1569K, capacity 1662K, committed 1664K, reserved 1048576K

Card table byte_map: [0x00007f846c601000,0x00007f846cdc9000] byte_map_base: 0x00007f8468fc8000

Marking Bits: (ParMarkBitMap*) 0x00007f846ffe6660
 Begin Bits: [0x00007f8450f8c000, 0x00007f8454dc4000)
 End Bits:   [0x00007f8454dc4000, 0x00007f8458bfc000)

Polling page: 0x00007f8470c2d000

CodeCache: size=245760Kb used=6930Kb max_used=6930Kb free=238829Kb
 bounds [0x00007f8459000000, 0x00007f84596d0000, 0x00007f8468000000]
 total_blobs=2698 nmethods=1743 adapters=877
 compilation: enabled

Compilation events (10 events):
Event: 5.844 Thread 0x00007f84680d3800 1749       3       java.util.ArrayList::iterator (10 bytes)
Event: 5.844 Thread 0x00007f84680d3800 nmethod 1749 0x00007f84596c76d0 code [0x00007f84596c7840, 0x00007f84596c7b30]
Event: 5.844 Thread 0x00007f84680d3800 1750       3       java.util.ArrayList$Itr::<init> (6 bytes)
Event: 5.845 Thread 0x00007f84680d3800 nmethod 1750 0x00007f84596c7c90 code [0x00007f84596c7e00, 0x00007f84596c8050]
Event: 5.852 Thread 0x00007f84680d3800 1751       3       build::myAudioDataUpdate (82 bytes)
Event: 5.853 Thread 0x00007f84680d3800 nmethod 1751 0x00007f84596c8190 code [0x00007f84596c8340, 0x00007f84596c88a8]
Event: 5.858 Thread 0x00007f84680d3800 1752       3       build::myAudioDataWidget (93 bytes)
Event: 5.861 Thread 0x00007f84680d3800 nmethod 1752 0x00007f84596c8b50 code [0x00007f84596c8e40, 0x00007f84596ca598]
Event: 6.039 Thread 0x00007f84680d3800 1753       3       java.util.HashSet::iterator (13 bytes)
Event: 6.039 Thread 0x00007f84680d3800 nmethod 1753 0x00007f84596caed0 code [0x00007f84596cb060, 0x00007f84596cb338]

GC Heap History (10 events):
Event: 2.137 GC heap before
{Heap before GC invocations=1 (full 0):
 PSYoungGen      total 74752K, used 64512K [0x000000076d100000, 0x0000000772400000, 0x00000007c0000000)
  eden space 64512K, 100% used [0x000000076d100000,0x0000000771000000,0x0000000771000000)
  from space 10240K, 0% used [0x0000000771a00000,0x0000000771a00000,0x0000000772400000)
  to   space 10240K, 0% used [0x0000000771000000,0x0000000771000000,0x0000000771a00000)
 ParOldGen       total 171008K, used 0K [0x00000006c7200000, 0x00000006d1900000, 0x000000076d100000)
  object space 171008K, 0% used [0x00000006c7200000,0x00000006c7200000,0x00000006d1900000)
 Metaspace       used 17160K, capacity 17362K, committed 17536K, reserved 1064960K
  class space    used 1569K, capacity 1662K, committed 1664K, reserved 1048576K
Event: 2.160 GC heap after
Heap after GC invocations=1 (full 0):
 PSYoungGen      total 74752K, used 8849K [0x000000076d100000, 0x0000000776300000, 0x00000007c0000000)
  eden space 64512K, 0% used [0x000000076d100000,0x000000076d100000,0x0000000771000000)
  from space 10240K, 86% used [0x0000000771000000,0x00000007718a4458,0x0000000771a00000)
  to   space 10240K, 0% used [0x0000000775900000,0x0000000775900000,0x0000000776300000)
 ParOldGen       total 171008K, used 0K [0x00000006c7200000, 0x00000006d1900000, 0x000000076d100000)
  object space 171008K, 0% used [0x00000006c7200000,0x00000006c7200000,0x00000006d1900000)
 Metaspace       used 17160K, capacity 17362K, committed 17536K, reserved 1064960K
  class space    used 1569K, capacity 1662K, committed 1664K, reserved 1048576K
}
Event: 2.852 GC heap before
{Heap before GC invocations=2 (full 0):
 PSYoungGen      total 74752K, used 73361K [0x000000076d100000, 0x0000000776300000, 0x00000007c0000000)
  eden space 64512K, 100% used [0x000000076d100000,0x0000000771000000,0x0000000771000000)
  from space 10240K, 86% used [0x0000000771000000,0x00000007718a4458,0x0000000771a00000)
  to   space 10240K, 0% used [0x0000000775900000,0x0000000775900000,0x0000000776300000)
 ParOldGen       total 171008K, used 0K [0x00000006c7200000, 0x00000006d1900000, 0x000000076d100000)
  object space 171008K, 0% used [0x00000006c7200000,0x00000006c7200000,0x00000006d1900000)
 Metaspace       used 17249K, capacity 17490K, committed 17792K, reserved 1064960K
  class space    used 1569K, capacity 1662K, committed 1664K, reserved 1048576K
Event: 2.863 GC heap after
Heap after GC invocations=2 (full 0):
 PSYoungGen      total 139264K, used 4843K [0x000000076d100000, 0x0000000776300000, 0x00000007c0000000)
  eden space 129024K, 0% used [0x000000076d100000,0x000000076d100000,0x0000000774f00000)
  from space 10240K, 47% used [0x0000000775900000,0x0000000775dbaed0,0x0000000776300000)
  to   space 10240K, 0% used [0x0000000774f00000,0x0000000774f00000,0x0000000775900000)
 ParOldGen       total 171008K, used 8K [0x00000006c7200000, 0x00000006d1900000, 0x000000076d100000)
  object space 171008K, 0% used [0x00000006c7200000,0x00000006c7202000,0x00000006d1900000)
 Metaspace       used 17249K, capacity 17490K, committed 17792K, reserved 1064960K
  class space    used 1569K, capacity 1662K, committed 1664K, reserved 1048576K
}
Event: 3.800 GC heap before
{Heap before GC invocations=3 (full 0):
 PSYoungGen      total 139264K, used 133867K [0x000000076d100000, 0x0000000776300000, 0x00000007c0000000)
  eden space 129024K, 100% used [0x000000076d100000,0x0000000774f00000,0x0000000774f00000)
  from space 10240K, 47% used [0x0000000775900000,0x0000000775dbaed0,0x0000000776300000)
  to   space 10240K, 0% used [0x0000000774f00000,0x0000000774f00000,0x0000000775900000)
 ParOldGen       total 171008K, used 8K [0x00000006c7200000, 0x00000006d1900000, 0x000000076d100000)
  object space 171008K, 0% used [0x00000006c7200000,0x00000006c7202000,0x00000006d1900000)
 Metaspace       used 17281K, capacity 17490K, committed 17792K, reserved 1064960K
  class space    used 1569K, capacity 1662K, committed 1664K, reserved 1048576K
Event: 3.809 GC heap after
Heap after GC invocations=3 (full 0):
 PSYoungGen      total 139264K, used 4846K [0x000000076d100000, 0x000000077e100000, 0x00000007c0000000)
  eden space 129024K, 0% used [0x000000076d100000,0x000000076d100000,0x0000000774f00000)
  from space 10240K, 47% used [0x0000000774f00000,0x00000007753bb970,0x0000000775900000)
  to   space 10240K, 0% used [0x000000077d700000,0x000000077d700000,0x000000077e100000)
 ParOldGen       total 171008K, used 16K [0x00000006c7200000, 0x00000006d1900000, 0x000000076d100000)
  object space 171008K, 0% used [0x00000006c7200000,0x00000006c7204000,0x00000006d1900000)
 Metaspace       used 17281K, capacity 17490K, committed 17792K, reserved 1064960K
  class space    used 1569K, capacity 1662K, committed 1664K, reserved 1048576K
}
Event: 4.526 GC heap before
{Heap before GC invocations=4 (full 0):
 PSYoungGen      total 139264K, used 133870K [0x000000076d100000, 0x000000077e100000, 0x00000007c0000000)
  eden space 129024K, 100% used [0x000000076d100000,0x0000000774f00000,0x0000000774f00000)
  from space 10240K, 47% used [0x0000000774f00000,0x00000007753bb970,0x0000000775900000)
  to   space 10240K, 0% used [0x000000077d700000,0x000000077d700000,0x000000077e100000)
 ParOldGen       total 171008K, used 16K [0x00000006c7200000, 0x00000006d1900000, 0x000000076d100000)
  object space 171008K, 0% used [0x00000006c7200000,0x00000006c7204000,0x00000006d1900000)
 Metaspace       used 17337K, capacity 17554K, committed 17792K, reserved 1064960K
  class space    used 1569K, capacity 1662K, committed 1664K, reserved 1048576K
Event: 4.536 GC heap after
Heap after GC invocations=4 (full 0):
 PSYoungGen      total 268288K, used 4878K [0x000000076d100000, 0x000000077e100000, 0x00000007c0000000)
  eden space 258048K, 0% used [0x000000076d100000,0x000000076d100000,0x000000077cd00000)
  from space 10240K, 47% used [0x000000077d700000,0x000000077dbc3950,0x000000077e100000)
  to   space 10240K, 0% used [0x000000077cd00000,0x000000077cd00000,0x000000077d700000)
 ParOldGen       total 171008K, used 16K [0x00000006c7200000, 0x00000006d1900000, 0x000000076d100000)
  object space 171008K, 0% used [0x00000006c7200000,0x00000006c7204000,0x00000006d1900000)
 Metaspace       used 17337K, capacity 17554K, committed 17792K, reserved 1064960K
  class space    used 1569K, capacity 1662K, committed 1664K, reserved 1048576K
}
Event: 5.969 GC heap before
{Heap before GC invocations=5 (full 0):
 PSYoungGen      total 268288K, used 262926K [0x000000076d100000, 0x000000077e100000, 0x00000007c0000000)
  eden space 258048K, 100% used [0x000000076d100000,0x000000077cd00000,0x000000077cd00000)
  from space 10240K, 47% used [0x000000077d700000,0x000000077dbc3950,0x000000077e100000)
  to   space 10240K, 0% used [0x000000077cd00000,0x000000077cd00000,0x000000077d700000)
 ParOldGen       total 171008K, used 16K [0x00000006c7200000, 0x00000006d1900000, 0x000000076d100000)
  object space 171008K, 0% used [0x00000006c7200000,0x00000006c7204000,0x00000006d1900000)
 Metaspace       used 17393K, capacity 17618K, committed 17792K, reserved 1064960K
  class space    used 1569K, capacity 1662K, committed 1664K, reserved 1048576K
Event: 5.979 GC heap after
Heap after GC invocations=5 (full 0):
 PSYoungGen      total 268288K, used 4856K [0x000000076d100000, 0x000000078db00000, 0x00000007c0000000)
  eden space 258048K, 0% used [0x000000076d100000,0x000000076d100000,0x000000077cd00000)
  from space 10240K, 47% used [0x000000077cd00000,0x000000077d1be0a0,0x000000077d700000)
  to   space 9216K, 0% used [0x000000078d200000,0x000000078d200000,0x000000078db00000)
 ParOldGen       total 171008K, used 24K [0x00000006c7200000, 0x00000006d1900000, 0x000000076d100000)
  object space 171008K, 0% used [0x00000006c7200000,0x00000006c7206000,0x00000006d1900000)
 Metaspace       used 17393K, capacity 17618K, committed 17792K, reserved 1064960K
  class space    used 1569K, capacity 1662K, committed 1664K, reserved 1048576K
}

Deoptimization events (10 events):
Event: 1.501 Thread 0x00007f84686bf000 Uncommon trap: reason=class_check action=maybe_recompile pc=0x00007f8459384170 method=com.jogamp.common.os.DynamicLibraryBundle.toolDynamicLookupFunction(Ljava/lang/String;)J @ 18
Event: 1.501 Thread 0x00007f84686bf000 Uncommon trap: reason=class_check action=maybe_recompile pc=0x00007f845938d404 method=com.jogamp.common.os.DynamicLibraryBundle.dynamicLookupFunction(Ljava/lang/String;)J @ 80
Event: 1.501 Thread 0x00007f84686bf000 Uncommon trap: reason=class_check action=maybe_recompile pc=0x00007f8459384170 method=com.jogamp.common.os.DynamicLibraryBundle.toolDynamicLookupFunction(Ljava/lang/String;)J @ 18
Event: 1.502 Thread 0x00007f84686bf000 Uncommon trap: reason=class_check action=maybe_recompile pc=0x00007f845938d404 method=com.jogamp.common.os.DynamicLibraryBundle.dynamicLookupFunction(Ljava/lang/String;)J @ 80
Event: 1.502 Thread 0x00007f84686bf000 Uncommon trap: reason=class_check action=maybe_recompile pc=0x00007f8459384170 method=com.jogamp.common.os.DynamicLibraryBundle.toolDynamicLookupFunction(Ljava/lang/String;)J @ 18
Event: 1.502 Thread 0x00007f84686bf000 Uncommon trap: reason=class_check action=maybe_recompile pc=0x00007f845938d404 method=com.jogamp.common.os.DynamicLibraryBundle.dynamicLookupFunction(Ljava/lang/String;)J @ 80
Event: 1.502 Thread 0x00007f84686bf000 Uncommon trap: reason=class_check action=maybe_recompile pc=0x00007f8459384170 method=com.jogamp.common.os.DynamicLibraryBundle.toolDynamicLookupFunction(Ljava/lang/String;)J @ 18
Event: 1.620 Thread 0x00007f846800f800 Uncommon trap: reason=unstable_if action=reinterpret pc=0x00007f84593a1b6c method=java.lang.reflect.AccessibleObject.setAccessible0(Ljava/lang/reflect/AccessibleObject;Z)V @ 4
Event: 1.723 Thread 0x00007f84686ef000 Uncommon trap: reason=unstable_if action=reinterpret pc=0x00007f84592c44f4 method=sun.misc.MetaIndex.mayContain(Ljava/lang/String;)Z @ 38
Event: 1.780 Thread 0x00007f84686ef000 Uncommon trap: reason=unstable_if action=reinterpret pc=0x00007f84593cd2cc method=javax.sound.sampled.AudioFormat.matches(Ljavax/sound/sampled/AudioFormat;)Z @ 112

Internal exceptions (10 events):
Event: 0.538 Thread 0x00007f846800f800 Exception <a 'java/security/PrivilegedActionException'> (0x000000076d66e380) thrown at [/HUDSON/workspace/8-2-build-linux-amd64/jdk8u51/3951/hotspot/src/share/vm/prims/jvm.cpp, line 1382]
Event: 0.538 Thread 0x00007f846800f800 Exception <a 'java/security/PrivilegedActionException'> (0x000000076d66e538) thrown at [/HUDSON/workspace/8-2-build-linux-amd64/jdk8u51/3951/hotspot/src/share/vm/prims/jvm.cpp, line 1382]
Event: 0.538 Thread 0x00007f846800f800 Exception <a 'java/security/PrivilegedActionException'> (0x000000076d6707f0) thrown at [/HUDSON/workspace/8-2-build-linux-amd64/jdk8u51/3951/hotspot/src/share/vm/prims/jvm.cpp, line 1382]
Event: 0.538 Thread 0x00007f846800f800 Exception <a 'java/security/PrivilegedActionException'> (0x000000076d6709a8) thrown at [/HUDSON/workspace/8-2-build-linux-amd64/jdk8u51/3951/hotspot/src/share/vm/prims/jvm.cpp, line 1382]
Event: 0.543 Thread 0x00007f846800f800 Exception <a 'java/io/FileNotFoundException'> (0x000000076d67a700) thrown at [/HUDSON/workspace/8-2-build-linux-amd64/jdk8u51/3951/hotspot/src/share/vm/prims/jni.cpp, line 709]
Event: 0.543 Thread 0x00007f846800f800 Exception <a 'java/io/FileNotFoundException'> (0x000000076d67b088) thrown at [/HUDSON/workspace/8-2-build-linux-amd64/jdk8u51/3951/hotspot/src/share/vm/prims/jni.cpp, line 709]
Event: 0.601 Thread 0x00007f846800f800 Exception <a 'java/lang/NoSuchFieldError': method resolution failed> (0x000000076d780fe8) thrown at [/HUDSON/workspace/8-2-build-linux-amd64/jdk8u51/3951/hotspot/src/share/vm/prims/methodHandles.cpp, line 1125]
Event: 0.602 Thread 0x00007f846800f800 Exception <a 'java/lang/NoSuchFieldError': method resolution failed> (0x000000076d78f9a8) thrown at [/HUDSON/workspace/8-2-build-linux-amd64/jdk8u51/3951/hotspot/src/share/vm/prims/methodHandles.cpp, line 1125]
Event: 1.456 Thread 0x00007f846800f800 Exception <a 'java/lang/InterruptedException'> (0x000000076f292898) thrown at [/HUDSON/workspace/8-2-build-linux-amd64/jdk8u51/3951/hotspot/src/share/vm/runtime/objectMonitor.cpp, line 1683]
Event: 1.616 Thread 0x00007f846800f800 Exception <a 'java/lang/InterruptedException'> (0x000000076f29dd38) thrown at [/HUDSON/workspace/8-2-build-linux-amd64/jdk8u51/3951/hotspot/src/share/vm/runtime/objectMonitor.cpp, line 1683]

Events (10 events):
Event: 4.420 Thread 0x00007f84686ef000 DEOPT PACKING pc=0x00007f84595f9eef sp=0x00007f83ec98d0e0
Event: 4.420 Thread 0x00007f84686ef000 DEOPT UNPACKING pc=0x00007f8459047633 sp=0x00007f83ec98ce38 mode 0
Event: 4.453 Thread 0x00007f84686ef000 DEOPT PACKING pc=0x00007f84596127ac sp=0x00007f83ec98d0c0
Event: 4.453 Thread 0x00007f84686ef000 DEOPT UNPACKING pc=0x00007f8459047633 sp=0x00007f83ec98ce18 mode 0
Event: 4.483 Executing VM operation: EnableBiasedLocking
Event: 4.483 Executing VM operation: EnableBiasedLocking done
Event: 4.526 Executing VM operation: ParallelGCFailedAllocation
Event: 4.537 Executing VM operation: ParallelGCFailedAllocation done
Event: 5.969 Executing VM operation: ParallelGCFailedAllocation
Event: 5.979 Executing VM operation: ParallelGCFailedAllocation done


Dynamic libraries:
00400000-00401000 r-xp 00000000 08:02 6695910                            /usr/bin/processing-3.0/java/bin/java
00600000-00601000 rw-p 00000000 08:02 6695910                            /usr/bin/processing-3.0/java/bin/java
020f1000-02112000 rw-p 00000000 00:00 0                                  [heap]
6c7200000-6d1900000 rw-p 00000000 00:00 0 
6d1900000-76d100000 ---p 00000000 00:00 0 
76d100000-78db00000 rw-p 00000000 00:00 0 
78db00000-7c0000000 ---p 00000000 00:00 0 
7c0000000-7c01a0000 rw-p 00000000 00:00 0 
7c01a0000-800000000 ---p 00000000 00:00 0 
7f83c3fff000-7f83c8000000 r--s 00000000 00:16 18791                      /run/shm/pulse-shm-3302753902
7f83c8000000-7f83c8021000 rw-p 00000000 00:00 0 
7f83c8021000-7f83cc000000 ---p 00000000 00:00 0 
7f83cc000000-7f83cc021000 rw-p 00000000 00:00 0 
7f83cc021000-7f83d0000000 ---p 00000000 00:00 0 
7f83d0000000-7f83d0021000 rw-p 00000000 00:00 0 
7f83d0021000-7f83d4000000 ---p 00000000 00:00 0 
7f83d5170000-7f83d5171000 ---p 00000000 00:00 0 
7f83d5171000-7f83d5971000 rw-p 00000000 00:00 0 
7f83d5971000-7f83d5972000 ---p 00000000 00:00 0 
7f83d5972000-7f83d6172000 rw-p 00000000 00:00 0                          [stack:7701]
7f83d6172000-7f83da173000 rw-s 00000000 00:16 127091                     /run/shm/pulse-shm-3163052492
7f83da173000-7f83da179000 r-xp 00000000 08:02 6947199                    /usr/lib/x86_64-linux-gnu/alsa-lib/libasound_module_pcm_pulse.so
7f83da179000-7f83da378000 ---p 00006000 08:02 6947199                    /usr/lib/x86_64-linux-gnu/alsa-lib/libasound_module_pcm_pulse.so
7f83da378000-7f83da379000 r--p 00005000 08:02 6947199                    /usr/lib/x86_64-linux-gnu/alsa-lib/libasound_module_pcm_pulse.so
7f83da379000-7f83da37a000 rw-p 00006000 08:02 6947199                    /usr/lib/x86_64-linux-gnu/alsa-lib/libasound_module_pcm_pulse.so
7f83da37a000-7f83da391000 r-xp 00000000 08:02 13635816                   /lib/x86_64-linux-gnu/libresolv-2.19.so
7f83da391000-7f83da591000 ---p 00017000 08:02 13635816                   /lib/x86_64-linux-gnu/libresolv-2.19.so
7f83da591000-7f83da592000 r--p 00017000 08:02 13635816                   /lib/x86_64-linux-gnu/libresolv-2.19.so
7f83da592000-7f83da593000 rw-p 00018000 08:02 13635816                   /lib/x86_64-linux-gnu/libresolv-2.19.so
7f83da593000-7f83da595000 rw-p 00000000 00:00 0 
7f83da595000-7f83da59c000 r-xp 00000000 08:02 6562227                    /usr/lib/x86_64-linux-gnu/libogg.so.0.8.1
7f83da59c000-7f83da79c000 ---p 00007000 08:02 6562227                    /usr/lib/x86_64-linux-gnu/libogg.so.0.8.1
7f83da79c000-7f83da79d000 r--p 00007000 08:02 6562227                    /usr/lib/x86_64-linux-gnu/libogg.so.0.8.1
7f83da79d000-7f83da79e000 rw-p 00008000 08:02 6562227                    /usr/lib/x86_64-linux-gnu/libogg.so.0.8.1
7f83da79e000-7f83da7ca000 r-xp 00000000 08:02 6562501                    /usr/lib/x86_64-linux-gnu/libvorbis.so.0.4.5
7f83da7ca000-7f83da9c9000 ---p 0002c000 08:02 6562501                    /usr/lib/x86_64-linux-gnu/libvorbis.so.0.4.5
7f83da9c9000-7f83da9ca000 r--p 0002b000 08:02 6562501                    /usr/lib/x86_64-linux-gnu/libvorbis.so.0.4.5
7f83da9ca000-7f83da9cb000 rw-p 0002c000 08:02 6562501                    /usr/lib/x86_64-linux-gnu/libvorbis.so.0.4.5
7f83da9cb000-7f83dac7e000 r-xp 00000000 08:02 6562503                    /usr/lib/x86_64-linux-gnu/libvorbisenc.so.2.0.8
7f83dac7e000-7f83dae7d000 ---p 002b3000 08:02 6562503                    /usr/lib/x86_64-linux-gnu/libvorbisenc.so.2.0.8
7f83dae7d000-7f83dae99000 r--p 002b2000 08:02 6562503                    /usr/lib/x86_64-linux-gnu/libvorbisenc.so.2.0.8
7f83dae99000-7f83dae9a000 rw-p 002ce000 08:02 6562503                    /usr/lib/x86_64-linux-gnu/libvorbisenc.so.2.0.8
7f83dae9a000-7f83daeca000 r-xp 00000000 08:02 6561366                    /usr/lib/x86_64-linux-gnu/libFLAC.so.8.3.0
7f83daeca000-7f83db0c9000 ---p 00030000 08:02 6561366                    /usr/lib/x86_64-linux-gnu/libFLAC.so.8.3.0
7f83db0c9000-7f83db0ca000 r--p 0002f000 08:02 6561366                    /usr/lib/x86_64-linux-gnu/libFLAC.so.8.3.0
7f83db0ca000-7f83db0cb000 rw-p 00030000 08:02 6561366                    /usr/lib/x86_64-linux-gnu/libFLAC.so.8.3.0
7f83db0cb000-7f83db0d0000 r-xp 00000000 08:02 6561598                    /usr/lib/x86_64-linux-gnu/libasyncns.so.0.3.1
7f83db0d0000-7f83db2cf000 ---p 00005000 08:02 6561598                    /usr/lib/x86_64-linux-gnu/libasyncns.so.0.3.1
7f83db2cf000-7f83db2d0000 r--p 00004000 08:02 6561598                    /usr/lib/x86_64-linux-gnu/libasyncns.so.0.3.1
7f83db2d0000-7f83db2d1000 rw-p 00005000 08:02 6561598                    /usr/lib/x86_64-linux-gnu/libasyncns.so.0.3.1
7f83db2d1000-7f83db332000 r-xp 00000000 08:02 6562384                    /usr/lib/x86_64-linux-gnu/libsndfile.so.1.0.25
7f83db332000-7f83db532000 ---p 00061000 08:02 6562384                    /usr/lib/x86_64-linux-gnu/libsndfile.so.1.0.25
7f83db532000-7f83db534000 r--p 00061000 08:02 6562384                    /usr/lib/x86_64-linux-gnu/libsndfile.so.1.0.25
7f83db534000-7f83db535000 rw-p 00063000 08:02 6562384                    /usr/lib/x86_64-linux-gnu/libsndfile.so.1.0.25
7f83db535000-7f83db539000 rw-p 00000000 00:00 0 
7f83db539000-7f83db541000 r-xp 00000000 08:02 13635850                   /lib/x86_64-linux-gnu/libwrap.so.0.7.6
7f83db541000-7f83db740000 ---p 00008000 08:02 13635850                   /lib/x86_64-linux-gnu/libwrap.so.0.7.6
7f83db740000-7f83db741000 r--p 00007000 08:02 13635850                   /lib/x86_64-linux-gnu/libwrap.so.0.7.6
7f83db741000-7f83db742000 rw-p 00008000 08:02 13635850                   /lib/x86_64-linux-gnu/libwrap.so.0.7.6
7f83db742000-7f83db743000 rw-p 00000000 00:00 0 
7f83db743000-7f83db7a9000 r-xp 00000000 08:02 6948471                    /usr/lib/x86_64-linux-gnu/pulseaudio/libpulsecommon-4.0.so
7f83db7a9000-7f83db9a8000 ---p 00066000 08:02 6948471                    /usr/lib/x86_64-linux-gnu/pulseaudio/libpulsecommon-4.0.so
7f83db9a8000-7f83db9a9000 r--p 00065000 08:02 6948471                    /usr/lib/x86_64-linux-gnu/pulseaudio/libpulsecommon-4.0.so
7f83db9a9000-7f83db9aa000 rw-p 00066000 08:02 6948471                    /usr/lib/x86_64-linux-gnu/pulseaudio/libpulsecommon-4.0.so
7f83db9aa000-7f83db9b4000 r-xp 00000000 08:02 13635730                   /lib/x86_64-linux-gnu/libjson-c.so.2.0.0
7f83db9b4000-7f83dbbb3000 ---p 0000a000 08:02 13635730                   /lib/x86_64-linux-gnu/libjson-c.so.2.0.0
7f83dbbb3000-7f83dbbb4000 r--p 00009000 08:02 13635730                   /lib/x86_64-linux-gnu/libjson-c.so.2.0.0
7f83dbbb4000-7f83dbbb5000 rw-p 0000a000 08:02 13635730                   /lib/x86_64-linux-gnu/libjson-c.so.2.0.0
7f83dbbb5000-7f83dbbfc000 r-xp 00000000 08:02 6562296                    /usr/lib/x86_64-linux-gnu/libpulse.so.0.16.2
7f83dbbfc000-7f83dbdfc000 ---p 00047000 08:02 6562296                    /usr/lib/x86_64-linux-gnu/libpulse.so.0.16.2
7f83dbdfc000-7f83dbdfd000 r--p 00047000 08:02 6562296                    /usr/lib/x86_64-linux-gnu/libpulse.so.0.16.2
7f83dbdfd000-7f83dbdfe000 rw-p 00048000 08:02 6562296                    /usr/lib/x86_64-linux-gnu/libpulse.so.0.16.2
7f83dbdfe000-7f83dbe01000 ---p 00000000 00:00 0 
7f83dbe01000-7f83dbeff000 rw-p 00000000 00:00 0                          [stack:7705]
7f83dbeff000-7f83dbf02000 ---p 00000000 00:00 0 
7f83dbf02000-7f83dc000000 rw-p 00000000 00:00 0                          [stack:7700]
7f83dc000000-7f83dc021000 rw-p 00000000 00:00 0 
7f83dc021000-7f83e0000000 ---p 00000000 00:00 0 
7f83e0000000-7f83e060e000 rw-p 00000000 00:00 0 
7f83e060e000-7f83e4000000 ---p 00000000 00:00 0 
7f83e4000000-7f83e708a000 rw-p 00000000 00:00 0 
7f83e708a000-7f83e8000000 ---p 00000000 00:00 0 
7f83e8000000-7f83eaded000 rw-p 00000000 00:00 0 
7f83eaded000-7f83ec000000 ---p 00000000 00:00 0 
7f83ec0ba000-7f83ec1a3000 r-xp 00000000 08:02 6561590                    /usr/lib/x86_64-linux-gnu/libasound.so.2.0.0
7f83ec1a3000-7f83ec3a2000 ---p 000e9000 08:02 6561590                    /usr/lib/x86_64-linux-gnu/libasound.so.2.0.0
7f83ec3a2000-7f83ec3a9000 r--p 000e8000 08:02 6561590                    /usr/lib/x86_64-linux-gnu/libasound.so.2.0.0
7f83ec3a9000-7f83ec3aa000 rw-p 000ef000 08:02 6561590                    /usr/lib/x86_64-linux-gnu/libasound.so.2.0.0
7f83ec3bc000-7f83ec3c4000 rw-s 00000000 00:05 127096                     /drm mm object (deleted)
7f83ec3c4000-7f83ec3cb000 r--s 00000000 08:02 6947811                    /usr/lib/x86_64-linux-gnu/gconv/gconv-modules.cache
7f83ec3cb000-7f83ec3da000 r-xp 00000000 08:02 8012164                    /usr/bin/processing-3.0/java/lib/amd64/libjsoundalsa.so
7f83ec3da000-7f83ec5d9000 ---p 0000f000 08:02 8012164                    /usr/bin/processing-3.0/java/lib/amd64/libjsoundalsa.so
7f83ec5d9000-7f83ec5da000 rw-p 0000e000 08:02 8012164                    /usr/bin/processing-3.0/java/lib/amd64/libjsoundalsa.so
7f83ec5da000-7f83ec5db000 r-xp 00000000 08:02 8012181                    /usr/bin/processing-3.0/java/lib/amd64/libjsound.so
7f83ec5db000-7f83ec7da000 ---p 00001000 08:02 8012181                    /usr/bin/processing-3.0/java/lib/amd64/libjsound.so
7f83ec7da000-7f83ec7db000 rw-p 00000000 08:02 8012181                    /usr/bin/processing-3.0/java/lib/amd64/libjsound.so
7f83ec7db000-7f83ec7ee000 r--s 00344000 08:02 6695996                    /usr/bin/processing-3.0/java/lib/resources.jar
7f83ec7ee000-7f83ec88e000 rw-s 1d3e14000 00:06 10208                     /dev/dri/card0
7f83ec88e000-7f83ec891000 ---p 00000000 00:00 0 
7f83ec891000-7f83ec98f000 rw-p 00000000 00:00 0 
7f83ec98f000-7f83ec992000 ---p 00000000 00:00 0 
7f83ec992000-7f83ecc50000 rw-p 00000000 00:00 0                          [stack:7686]
7f83ecc50000-7f83ecc90000 ---p 00000000 00:00 0 
7f83ecc90000-7f83eccd4000 r-xp 00000000 08:02 13635704                   /lib/x86_64-linux-gnu/libdbus-1.so.3.7.6
7f83eccd4000-7f83eced3000 ---p 00044000 08:02 13635704                   /lib/x86_64-linux-gnu/libdbus-1.so.3.7.6
7f83eced3000-7f83eced4000 r--p 00043000 08:02 13635704                   /lib/x86_64-linux-gnu/libdbus-1.so.3.7.6
7f83eced4000-7f83eced5000 rw-p 00044000 08:02 13635704                   /lib/x86_64-linux-gnu/libdbus-1.so.3.7.6
7f83eced5000-7f83ecedd000 r-xp 00000000 08:02 13635752                   /lib/x86_64-linux-gnu/libnih-dbus.so.1.0.0
7f83ecedd000-7f83ed0dd000 ---p 00008000 08:02 13635752                   /lib/x86_64-linux-gnu/libnih-dbus.so.1.0.0
7f83ed0dd000-7f83ed0de000 r--p 00008000 08:02 13635752                   /lib/x86_64-linux-gnu/libnih-dbus.so.1.0.0
7f83ed0de000-7f83ed0df000 rw-p 00009000 08:02 13635752                   /lib/x86_64-linux-gnu/libnih-dbus.so.1.0.0
7f83ed0df000-7f83ed0f6000 r-xp 00000000 08:02 13635754                   /lib/x86_64-linux-gnu/libnih.so.1.0.0
7f83ed0f6000-7f83ed2f5000 ---p 00017000 08:02 13635754                   /lib/x86_64-linux-gnu/libnih.so.1.0.0
7f83ed2f5000-7f83ed2f6000 r--p 00016000 08:02 13635754                   /lib/x86_64-linux-gnu/libnih.so.1.0.0
7f83ed2f6000-7f83ed2f7000 rw-p 00017000 08:02 13635754                   /lib/x86_64-linux-gnu/libnih.so.1.0.0
7f83ed2f7000-7f83ed310000 r-xp 00000000 08:02 13635695                   /lib/x86_64-linux-gnu/libcgmanager.so.0.0.0
7f83ed310000-7f83ed50f000 ---p 00019000 08:02 13635695                   /lib/x86_64-linux-gnu/libcgmanager.so.0.0.0
7f83ed50f000-7f83ed511000 r--p 00018000 08:02 13635695                   /lib/x86_64-linux-gnu/libcgmanager.so.0.0.0
7f83ed511000-7f83ed512000 rw-p 0001a000 08:02 13635695                   /lib/x86_64-linux-gnu/libcgmanager.so.0.0.0
7f83ed512000-7f83ed522000 r-xp 00000000 08:02 13635838                   /lib/x86_64-linux-gnu/libudev.so.1.3.5
7f83ed522000-7f83ed721000 ---p 00010000 08:02 13635838                   /lib/x86_64-linux-gnu/libudev.so.1.3.5
7f83ed721000-7f83ed722000 r--p 0000f000 08:02 13635838                   /lib/x86_64-linux-gnu/libudev.so.1.3.5
7f83ed722000-7f83ed723000 rw-p 00010000 08:02 13635838                   /lib/x86_64-linux-gnu/libudev.so.1.3.5
7f83ed723000-7f83ed75a000 r-xp 00000000 08:02 6562454                    /usr/lib/x86_64-linux-gnu/libtxc_dxtn_s2tc.so.0.0.0
7f83ed75a000-7f83ed959000 ---p 00037000 08:02 6562454                    /usr/lib/x86_64-linux-gnu/libtxc_dxtn_s2tc.so.0.0.0
7f83ed959000-7f83ed95a000 r--p 00036000 08:02 6562454                    /usr/lib/x86_64-linux-gnu/libtxc_dxtn_s2tc.so.0.0.0
7f83ed95a000-7f83ed95b000 rw-p 00037000 08:02 6562454                    /usr/lib/x86_64-linux-gnu/libtxc_dxtn_s2tc.so.0.0.0
7f83ed95b000-7f83ed973000 r-xp 00000000 08:02 13635853                   /lib/x86_64-linux-gnu/libz.so.1.2.8
7f83ed973000-7f83edb72000 ---p 00018000 08:02 13635853                   /lib/x86_64-linux-gnu/libz.so.1.2.8
7f83edb72000-7f83edb73000 r--p 00017000 08:02 13635853                   /lib/x86_64-linux-gnu/libz.so.1.2.8
7f83edb73000-7f83edb74000 rw-p 00018000 08:02 13635853                   /lib/x86_64-linux-gnu/libz.so.1.2.8
7f83edb74000-7f83edb7c000 r-xp 00000000 08:02 6562259                    /usr/lib/x86_64-linux-gnu/libpciaccess.so.0.11.1
7f83edb7c000-7f83edd7b000 ---p 00008000 08:02 6562259                    /usr/lib/x86_64-linux-gnu/libpciaccess.so.0.11.1
7f83edd7b000-7f83edd7c000 r--p 00007000 08:02 6562259                    /usr/lib/x86_64-linux-gnu/libpciaccess.so.0.11.1
7f83edd7c000-7f83edd7d000 rw-p 00008000 08:02 6562259                    /usr/lib/x86_64-linux-gnu/libpciaccess.so.0.11.1
7f83edd7d000-7f83ede63000 r-xp 00000000 08:02 6562412                    /usr/lib/x86_64-linux-gnu/libstdc++.so.6.0.19
7f83ede63000-7f83ee062000 ---p 000e6000 08:02 6562412                    /usr/lib/x86_64-linux-gnu/libstdc++.so.6.0.19
7f83ee062000-7f83ee06a000 r--p 000e5000 08:02 6562412                    /usr/lib/x86_64-linux-gnu/libstdc++.so.6.0.19
7f83ee06a000-7f83ee06c000 rw-p 000ed000 08:02 6562412                    /usr/lib/x86_64-linux-gnu/libstdc++.so.6.0.19
7f83ee06c000-7f83ee081000 rw-p 00000000 00:00 0 
7f83ee081000-7f83ee08d000 r-xp 00000000 08:02 6561756                    /usr/lib/x86_64-linux-gnu/libdrm_radeon.so.1.0.1
7f83ee08d000-7f83ee28c000 ---p 0000c000 08:02 6561756                    /usr/lib/x86_64-linux-gnu/libdrm_radeon.so.1.0.1
7f83ee28c000-7f83ee28d000 r--p 0000b000 08:02 6561756                    /usr/lib/x86_64-linux-gnu/libdrm_radeon.so.1.0.1
7f83ee28d000-7f83ee28e000 rw-p 0000c000 08:02 6561756                    /usr/lib/x86_64-linux-gnu/libdrm_radeon.so.1.0.1
7f83ee28e000-7f83ee294000 r-xp 00000000 08:02 6561754                    /usr/lib/x86_64-linux-gnu/libdrm_nouveau.so.2.0.0
7f83ee294000-7f83ee493000 ---p 00006000 08:02 6561754                    /usr/lib/x86_64-linux-gnu/libdrm_nouveau.so.2.0.0
7f83ee493000-7f83ee494000 r--p 00005000 08:02 6561754                    /usr/lib/x86_64-linux-gnu/libdrm_nouveau.so.2.0.0
7f83ee494000-7f83ee495000 rw-p 00006000 08:02 6561754                    /usr/lib/x86_64-linux-gnu/libdrm_nouveau.so.2.0.0
7f83ee495000-7f83ee4b5000 r-xp 00000000 08:02 6561752                    /usr/lib/x86_64-linux-gnu/libdrm_intel.so.1.0.0
7f83ee4b5000-7f83ee6b4000 ---p 00020000 08:02 6561752                    /usr/lib/x86_64-linux-gnu/libdrm_intel.so.1.0.0
7f83ee6b4000-7f83ee6b5000 r--p 0001f000 08:02 6561752                    /usr/lib/x86_64-linux-gnu/libdrm_intel.so.1.0.0
7f83ee6b5000-7f83ee6b6000 rw-p 00020000 08:02 6561752                    /usr/lib/x86_64-linux-gnu/libdrm_intel.so.1.0.0
7f83ee6b6000-7f83eec0a000 r-xp 00000000 08:02 6947244                    /usr/lib/x86_64-linux-gnu/dri/i965_dri.so
7f83eec0a000-7f83eee0a000 ---p 00554000 08:02 6947244                    /usr/lib/x86_64-linux-gnu/dri/i965_dri.so
7f83eee0a000-7f83eee2b000 r--p 00554000 08:02 6947244                    /usr/lib/x86_64-linux-gnu/dri/i965_dri.so
7f83eee2b000-7f83eee32000 rw-p 00575000 08:02 6947244                    /usr/lib/x86_64-linux-gnu/dri/i965_dri.so
7f83eee32000-7f83eee39000 rw-p 00000000 00:00 0 
7f83eee39000-7f83eee3c000 ---p 00000000 00:00 0 
7f83eee3c000-7f83eef3a000 rw-p 00000000 00:00 0                          [stack:7685]
7f83eef3a000-7f83eef93000 r-xp 00000000 08:02 4721825                    /tmp/jogamp_0000/file_cache/jln2517515849259225423/jln4748090339387818003/libjogl_mobile.so
7f83eef93000-7f83ef193000 ---p 00059000 08:02 4721825                    /tmp/jogamp_0000/file_cache/jln2517515849259225423/jln4748090339387818003/libjogl_mobile.so
7f83ef193000-7f83ef194000 rw-p 00059000 08:02 4721825                    /tmp/jogamp_0000/file_cache/jln2517515849259225423/jln4748090339387818003/libjogl_mobile.so
7f83ef194000-7f83ef19b000 r-xp 00000000 08:02 6561790                    /usr/lib/x86_64-linux-gnu/libffi.so.6.0.1
7f83ef19b000-7f83ef39a000 ---p 00007000 08:02 6561790                    /usr/lib/x86_64-linux-gnu/libffi.so.6.0.1
7f83ef39a000-7f83ef39b000 r--p 00006000 08:02 6561790                    /usr/lib/x86_64-linux-gnu/libffi.so.6.0.1
7f83ef39b000-7f83ef39c000 rw-p 00007000 08:02 6561790                    /usr/lib/x86_64-linux-gnu/libffi.so.6.0.1
7f83ef39c000-7f83ef3a8000 r-xp 00000000 08:02 6561843                    /usr/lib/x86_64-linux-gnu/libgbm.so.1.0.0
7f83ef3a8000-7f83ef5a8000 ---p 0000c000 08:02 6561843                    /usr/lib/x86_64-linux-gnu/libgbm.so.1.0.0
7f83ef5a8000-7f83ef5a9000 r--p 0000c000 08:02 6561843                    /usr/lib/x86_64-linux-gnu/libgbm.so.1.0.0
7f83ef5a9000-7f83ef5aa000 rw-p 0000d000 08:02 6561843                    /usr/lib/x86_64-linux-gnu/libgbm.so.1.0.0
7f83ef5aa000-7f83ef5b9000 r-xp 00000000 08:02 6562520                    /usr/lib/x86_64-linux-gnu/libwayland-server.so.0.1.0
7f83ef5b9000-7f83ef7b8000 ---p 0000f000 08:02 6562520                    /usr/lib/x86_64-linux-gnu/libwayland-server.so.0.1.0
7f83ef7b8000-7f83ef7ba000 r--p 0000e000 08:02 6562520                    /usr/lib/x86_64-linux-gnu/libwayland-server.so.0.1.0
7f83ef7ba000-7f83ef7bb000 rw-p 00010000 08:02 6562520                    /usr/lib/x86_64-linux-gnu/libwayland-server.so.0.1.0
7f83ef7bb000-7f83ef7c6000 r-xp 00000000 08:02 6562514                    /usr/lib/x86_64-linux-gnu/libwayland-client.so.0.2.0
7f83ef7c6000-7f83ef9c5000 ---p 0000b000 08:02 6562514                    /usr/lib/x86_64-linux-gnu/libwayland-client.so.0.2.0
7f83ef9c5000-7f83ef9c7000 r--p 0000a000 08:02 6562514                    /usr/lib/x86_64-linux-gnu/libwayland-client.so.0.2.0
7f83ef9c7000-7f83ef9c8000 rw-p 0000c000 08:02 6562514                    /usr/lib/x86_64-linux-gnu/libwayland-client.so.0.2.0
7f83ef9c8000-7f83ef9cd000 r-xp 00000000 08:02 6562570                    /usr/lib/x86_64-linux-gnu/libxcb-xfixes.so.0.0.0
7f83ef9cd000-7f83efbcd000 ---p 00005000 08:02 6562570                    /usr/lib/x86_64-linux-gnu/libxcb-xfixes.so.0.0.0
7f83efbcd000-7f83efbce000 r--p 00005000 08:02 6562570                    /usr/lib/x86_64-linux-gnu/libxcb-xfixes.so.0.0.0
7f83efbce000-7f83efbcf000 rw-p 00006000 08:02 6562570                    /usr/lib/x86_64-linux-gnu/libxcb-xfixes.so.0.0.0
7f83efbcf000-7f83efbf6000 r-xp 00000000 08:02 6948353                    /usr/lib/x86_64-linux-gnu/mesa-egl/libEGL.so.1.0.0
7f83efbf6000-7f83efdf6000 ---p 00027000 08:02 6948353                    /usr/lib/x86_64-linux-gnu/mesa-egl/libEGL.so.1.0.0
7f83efdf6000-7f83efdf7000 r--p 00027000 08:02 6948353                    /usr/lib/x86_64-linux-gnu/mesa-egl/libEGL.so.1.0.0
7f83efdf7000-7f83efdf8000 rw-p 00028000 08:02 6948353                    /usr/lib/x86_64-linux-gnu/mesa-egl/libEGL.so.1.0.0
7f83efdf8000-7f83efdf9000 rw-p 00000000 00:00 0 
7f83efdf9000-7f83efdff000 r-xp 00000000 08:02 6948357                    /usr/lib/x86_64-linux-gnu/mesa-egl/libGLESv2.so.2.0.0
7f83efdff000-7f83efffe000 ---p 00006000 08:02 6948357                    /usr/lib/x86_64-linux-gnu/mesa-egl/libGLESv2.so.2.0.0
7f83efffe000-7f83effff000 r--p 00005000 08:02 6948357                    /usr/lib/x86_64-linux-gnu/mesa-egl/libGLESv2.so.2.0.0
7f83effff000-7f83f0000000 rw-p 00006000 08:02 6948357                    /usr/lib/x86_64-linux-gnu/mesa-egl/libGLESv2.so.2.0.0
7f83f0000000-7f83f0021000 rw-p 00000000 00:00 0 
7f83f0021000-7f83f4000000 ---p 00000000 00:00 0 
7f83f4000000-7f83f474e000 rw-p 00000000 00:00 0 
7f83f474e000-7f83f8000000 ---p 00000000 00:00 0 
7f83f8000000-7f83f8021000 rw-p 00000000 00:00 0 
7f83f8021000-7f83fc000000 ---p 00000000 00:00 0 
7f83fc000000-7f83fc021000 rw-p 00000000 00:00 0 
7f83fc021000-7f8400000000 ---p 00000000 00:00 0 
7f8400000000-7f8400021000 rw-p 00000000 00:00 0 
7f8400021000-7f8404000000 ---p 00000000 00:00 0 
7f8404000000-7f8404001000 rw-p 00000000 00:00 0 
7f8404001000-7f8404009000 rw-s 00000000 00:05 125322                     /drm mm object (deleted)
7f8404009000-7f8404011000 rw-s 00000000 00:05 125296                     /drm mm object (deleted)
7f8404011000-7f8404019000 rw-s 00000000 00:05 127011                     /drm mm object (deleted)
7f8404019000-7f8404021000 rw-s 00000000 00:05 125285                     /drm mm object (deleted)
7f8404021000-7f8404024000 ---p 00000000 00:00 0 
7f8404024000-7f8404122000 rw-p 00000000 00:00 0                          [stack:7684]
7f8404122000-7f84041d5000 r-xp 00000000 08:02 4721824                    /tmp/jogamp_0000/file_cache/jln2517515849259225423/jln4748090339387818003/libjogl_desktop.so
7f84041d5000-7f84043d5000 ---p 000b3000 08:02 4721824                    /tmp/jogamp_0000/file_cache/jln2517515849259225423/jln4748090339387818003/libjogl_desktop.so
7f84043d5000-7f84043d6000 rw-p 000b3000 08:02 4721824                    /tmp/jogamp_0000/file_cache/jln2517515849259225423/jln4748090339387818003/libjogl_desktop.so
7f84043d6000-7f84043e1000 r-xp 00000000 08:02 6561750                    /usr/lib/x86_64-linux-gnu/libdrm.so.2.4.0
7f84043e1000-7f84045e0000 ---p 0000b000 08:02 6561750                    /usr/lib/x86_64-linux-gnu/libdrm.so.2.4.0
7f84045e0000-7f84045e1000 r--p 0000a000 08:02 6561750                    /usr/lib/x86_64-linux-gnu/libdrm.so.2.4.0
7f84045e1000-7f84045e2000 rw-p 0000b000 08:02 6561750                    /usr/lib/x86_64-linux-gnu/libdrm.so.2.4.0
7f84045e2000-7f84045e3000 r-xp 00000000 08:02 6562584                    /usr/lib/x86_64-linux-gnu/libxshmfence.so.1.0.0
7f84045e3000-7f84047e2000 ---p 00001000 08:02 6562584                    /usr/lib/x86_64-linux-gnu/libxshmfence.so.1.0.0
7f84047e2000-7f84047e3000 r--p 00000000 08:02 6562584                    /usr/lib/x86_64-linux-gnu/libxshmfence.so.1.0.0
7f84047e3000-7f84047e4000 rw-p 00001000 08:02 6562584                    /usr/lib/x86_64-linux-gnu/libxshmfence.so.1.0.0
7f84047e4000-7f84047e9000 r-xp 00000000 08:02 6562566                    /usr/lib/x86_64-linux-gnu/libxcb-sync.so.1.0.0
7f84047e9000-7f84049e8000 ---p 00005000 08:02 6562566                    /usr/lib/x86_64-linux-gnu/libxcb-sync.so.1.0.0
7f84049e8000-7f84049e9000 r--p 00004000 08:02 6562566                    /usr/lib/x86_64-linux-gnu/libxcb-sync.so.1.0.0
7f84049e9000-7f84049ea000 rw-p 00005000 08:02 6562566                    /usr/lib/x86_64-linux-gnu/libxcb-sync.so.1.0.0
7f84049ea000-7f84049ec000 r-xp 00000000 08:02 6562554                    /usr/lib/x86_64-linux-gnu/libxcb-present.so.0.0.0
7f84049ec000-7f8404beb000 ---p 00002000 08:02 6562554                    /usr/lib/x86_64-linux-gnu/libxcb-present.so.0.0.0
7f8404beb000-7f8404bec000 r--p 00001000 08:02 6562554                    /usr/lib/x86_64-linux-gnu/libxcb-present.so.0.0.0
7f8404bec000-7f8404bed000 rw-p 00002000 08:02 6562554                    /usr/lib/x86_64-linux-gnu/libxcb-present.so.0.0.0
7f8404bed000-7f8404bef000 r-xp 00000000 08:02 6562544                    /usr/lib/x86_64-linux-gnu/libxcb-dri3.so.0.0.0
7f8404bef000-7f8404dee000 ---p 00002000 08:02 6562544                    /usr/lib/x86_64-linux-gnu/libxcb-dri3.so.0.0.0
7f8404dee000-7f8404def000 r--p 00001000 08:02 6562544                    /usr/lib/x86_64-linux-gnu/libxcb-dri3.so.0.0.0
7f8404def000-7f8404df0000 rw-p 00002000 08:02 6562544                    /usr/lib/x86_64-linux-gnu/libxcb-dri3.so.0.0.0
7f8404df0000-7f8404df3000 r-xp 00000000 08:02 6562542                    /usr/lib/x86_64-linux-gnu/libxcb-dri2.so.0.0.0
7f8404df3000-7f8404ff3000 ---p 00003000 08:02 6562542                    /usr/lib/x86_64-linux-gnu/libxcb-dri2.so.0.0.0
7f8404ff3000-7f8404ff4000 r--p 00003000 08:02 6562542                    /usr/lib/x86_64-linux-gnu/libxcb-dri2.so.0.0.0
7f8404ff4000-7f8404ff5000 rw-p 00004000 08:02 6562542                    /usr/lib/x86_64-linux-gnu/libxcb-dri2.so.0.0.0
7f8404ff5000-7f840500a000 r-xp 00000000 08:02 6562546                    /usr/lib/x86_64-linux-gnu/libxcb-glx.so.0.0.0
7f840500a000-7f8405209000 ---p 00015000 08:02 6562546                    /usr/lib/x86_64-linux-gnu/libxcb-glx.so.0.0.0
7f8405209000-7f840520b000 r--p 00014000 08:02 6562546                    /usr/lib/x86_64-linux-gnu/libxcb-glx.so.0.0.0
7f840520b000-7f840520c000 rw-p 00016000 08:02 6562546                    /usr/lib/x86_64-linux-gnu/libxcb-glx.so.0.0.0
7f840520c000-7f840520d000 r-xp 00000000 08:02 6561502                    /usr/lib/x86_64-linux-gnu/libX11-xcb.so.1.0.0
7f840520d000-7f840540c000 ---p 00001000 08:02 6561502                    /usr/lib/x86_64-linux-gnu/libX11-xcb.so.1.0.0
7f840540c000-7f840540d000 r--p 00000000 08:02 6561502                    /usr/lib/x86_64-linux-gnu/libX11-xcb.so.1.0.0
7f840540d000-7f840540e000 rw-p 00001000 08:02 6561502                    /usr/lib/x86_64-linux-gnu/libX11-xcb.so.1.0.0
7f840540e000-7f8405410000 r-xp 00000000 08:02 6561517                    /usr/lib/x86_64-linux-gnu/libXdamage.so.1.1.0
7f8405410000-7f840560f000 ---p 00002000 08:02 6561517                    /usr/lib/x86_64-linux-gnu/libXdamage.so.1.1.0
7f840560f000-7f8405610000 r--p 00001000 08:02 6561517                    /usr/lib/x86_64-linux-gnu/libXdamage.so.1.1.0
7f8405610000-7f8405611000 rw-p 00002000 08:02 6561517                    /usr/lib/x86_64-linux-gnu/libXdamage.so.1.1.0
7f8405611000-7f8405636000 r-xp 00000000 08:02 6561895                    /usr/lib/x86_64-linux-gnu/libglapi.so.0.0.0
7f8405636000-7f8405836000 ---p 00025000 08:02 6561895                    /usr/lib/x86_64-linux-gnu/libglapi.so.0.0.0
7f8405836000-7f8405839000 r--p 00025000 08:02 6561895                    /usr/lib/x86_64-linux-gnu/libglapi.so.0.0.0
7f8405839000-7f840583a000 rw-p 00028000 08:02 6561895                    /usr/lib/x86_64-linux-gnu/libglapi.so.0.0.0
7f840583a000-7f840583b000 rw-p 00000000 00:00 0 
7f840583b000-7f8405862000 r-xp 00000000 08:02 13637323                   /lib/x86_64-linux-gnu/libexpat.so.1.6.0
7f8405862000-7f8405a62000 ---p 00027000 08:02 13637323                   /lib/x86_64-linux-gnu/libexpat.so.1.6.0
7f8405a62000-7f8405a64000 r--p 00027000 08:02 13637323                   /lib/x86_64-linux-gnu/libexpat.so.1.6.0
7f8405a64000-7f8405a65000 rw-p 00029000 08:02 13637323                   /lib/x86_64-linux-gnu/libexpat.so.1.6.0
7f8405a65000-7f8405af3000 r-xp 00000000 08:02 6948350                    /usr/lib/x86_64-linux-gnu/mesa/libGL.so.1.2.0
7f8405af3000-7f8405cf2000 ---p 0008e000 08:02 6948350                    /usr/lib/x86_64-linux-gnu/mesa/libGL.so.1.2.0
7f8405cf2000-7f8405cf5000 r--p 0008d000 08:02 6948350                    /usr/lib/x86_64-linux-gnu/mesa/libGL.so.1.2.0
7f8405cf5000-7f8405cf6000 rw-p 00090000 08:02 6948350                    /usr/lib/x86_64-linux-gnu/mesa/libGL.so.1.2.0
7f8405cf6000-7f8405ef7000 rw-p 00000000 00:00 0 
7f8405ef7000-7f8405ef9000 r-xp 00000000 08:02 6561531                    /usr/lib/x86_64-linux-gnu/libXinerama.so.1.0.0
7f8405ef9000-7f84060f8000 ---p 00002000 08:02 6561531                    /usr/lib/x86_64-linux-gnu/libXinerama.so.1.0.0
7f84060f8000-7f84060f9000 r--p 00001000 08:02 6561531                    /usr/lib/x86_64-linux-gnu/libXinerama.so.1.0.0
7f84060f9000-7f84060fa000 rw-p 00002000 08:02 6561531                    /usr/lib/x86_64-linux-gnu/libXinerama.so.1.0.0
7f84060fa000-7f84060fd000 ---p 00000000 00:00 0 
7f84060fd000-7f84066ab000 rw-p 00000000 00:00 0                          [stack:7683]
7f84066ab000-7f84066ba000 r-xp 00000000 08:02 4721833                    /tmp/jogamp_0000/file_cache/jln2517515849259225423/jln4748090339387818003/libnewt.so
7f84066ba000-7f84068b9000 ---p 0000f000 08:02 4721833                    /tmp/jogamp_0000/file_cache/jln2517515849259225423/jln4748090339387818003/libnewt.so
7f84068b9000-7f84068ba000 rw-p 0000e000 08:02 4721833                    /tmp/jogamp_0000/file_cache/jln2517515849259225423/jln4748090339387818003/libnewt.so
7f84068ba000-7f84068c1000 r-xp 00000000 08:02 4721830                    /tmp/jogamp_0000/file_cache/jln2517515849259225423/jln4748090339387818003/libnativewindow_x11.so
7f84068c1000-7f8406ac0000 ---p 00007000 08:02 4721830                    /tmp/jogamp_0000/file_cache/jln2517515849259225423/jln4748090339387818003/libnativewindow_x11.so
7f8406ac0000-7f8406ac1000 rw-p 00006000 08:02 4721830                    /tmp/jogamp_0000/file_cache/jln2517515849259225423/jln4748090339387818003/libnativewindow_x11.so
7f8406ac1000-7f8406ac4000 ---p 00000000 00:00 0 
7f8406ac4000-7f8406bc2000 rw-p 00000000 00:00 0 
7f8406bc2000-7f8406bc6000 r-xp 00000000 08:02 6561559                    /usr/lib/x86_64-linux-gnu/libXxf86vm.so.1.0.0
7f8406bc6000-7f8406dc6000 ---p 00004000 08:02 6561559                    /usr/lib/x86_64-linux-gnu/libXxf86vm.so.1.0.0
7f8406dc6000-7f8406dc7000 r--p 00004000 08:02 6561559                    /usr/lib/x86_64-linux-gnu/libXxf86vm.so.1.0.0
7f8406dc7000-7f8406dc8000 rw-p 00005000 08:02 6561559                    /usr/lib/x86_64-linux-gnu/libXxf86vm.so.1.0.0
7f8406dc8000-7f8406dca000 rw-s 1d3eb5000 00:06 10208                     /dev/dri/card0
7f8406dca000-7f8406dcb000 rw-s 1d3eb4000 00:06 10208                     /dev/dri/card0
7f8406dcb000-7f8406dcc000 rw-s 81000000 00:06 94744                      /dev/snd/pcmC2D0p
7f8406dcc000-7f8406dcd000 r--s 80000000 00:06 94744                      /dev/snd/pcmC2D0p
7f8406dcd000-7f8406dce000 rw-s 1d3df6000 00:06 10208                     /dev/dri/card0
7f8406dce000-7f8406dcf000 rw-s 1d3df5000 00:06 10208                     /dev/dri/card0
7f8406dcf000-7f8406dd0000 rwxp 00000000 00:00 0 
7f8406dd0000-7f8406dd8000 rw-s 00000000 00:05 124883                     /drm mm object (deleted)
7f8406dd8000-7f8406de0000 rw-s 00000000 00:05 124923                     /drm mm object (deleted)
7f8406de0000-7f8406de1000 rw-s 1d3df4000 00:06 10208                     /dev/dri/card0
7f8406de1000-7f8406de9000 rw-s 00000000 00:05 124872                     /drm mm object (deleted)
7f8406de9000-7f8406deb000 r-xp 00000000 08:02 4721827                    /tmp/jogamp_0000/file_cache/jln2517515849259225423/jln4748090339387818003/libnativewindow_awt.so
7f8406deb000-7f8406fea000 ---p 00002000 08:02 4721827                    /tmp/jogamp_0000/file_cache/jln2517515849259225423/jln4748090339387818003/libnativewindow_awt.so
7f8406fea000-7f8406feb000 rw-p 00001000 08:02 4721827                    /tmp/jogamp_0000/file_cache/jln2517515849259225423/jln4748090339387818003/libnativewindow_awt.so
7f8406feb000-7f8406fec000 r-xp 00000000 08:02 8012156                    /usr/bin/processing-3.0/java/lib/amd64/libjawt.so
7f8406fec000-7f84071eb000 ---p 00001000 08:02 8012156                    /usr/bin/processing-3.0/java/lib/amd64/libjawt.so
7f84071eb000-7f84071ec000 rw-p 00000000 08:02 8012156                    /usr/bin/processing-3.0/java/lib/amd64/libjawt.so
7f84071ec000-7f84071ee000 r-xp 00000000 08:02 4721823                    /tmp/jogamp_0000/file_cache/jln2517515849259225423/jln4748090339387818003/libgluegen-rt.so
7f84071ee000-7f84073ed000 ---p 00002000 08:02 4721823                    /tmp/jogamp_0000/file_cache/jln2517515849259225423/jln4748090339387818003/libgluegen-rt.so
7f84073ed000-7f84073ee000 rw-p 00001000 08:02 4721823                    /tmp/jogamp_0000/file_cache/jln2517515849259225423/jln4748090339387818003/libgluegen-rt.so
7f84073ee000-7f84073f1000 ---p 00000000 00:00 0 
7f84073f1000-7f84074ef000 rw-p 00000000 00:00 0 
7f84074ef000-7f8407500000 r-xp 00000000 08:02 8012203                    /usr/bin/processing-3.0/java/lib/amd64/libnio.so
7f8407500000-7f84076ff000 ---p 00011000 08:02 8012203                    /usr/bin/processing-3.0/java/lib/amd64/libnio.so
7f84076ff000-7f8407700000 rw-p 00010000 08:02 8012203                    /usr/bin/processing-3.0/java/lib/amd64/libnio.so
7f8407700000-7f8407716000 r-xp 00000000 08:02 8012151                    /usr/bin/processing-3.0/java/lib/amd64/libnet.so
7f8407716000-7f8407916000 ---p 00016000 08:02 8012151                    /usr/bin/processing-3.0/java/lib/amd64/libnet.so
7f8407916000-7f8407917000 rw-p 00016000 08:02 8012151                    /usr/bin/processing-3.0/java/lib/amd64/libnet.so
7f8407917000-7f840791a000 ---p 00000000 00:00 0 
7f840791a000-7f8407950000 rw-p 00000000 00:00 0                          [stack:7676]
7f8407950000-7f8407951000 r--p 00000000 00:00 0 
7f8407951000-7f8407955000 r--s 00095000 08:02 6696012                    /usr/bin/processing-3.0/java/lib/jsse.jar
7f8407955000-7f8407b55000 rw-p 00000000 00:00 0 
7f8407b55000-7f8407b58000 r--s 00041000 08:02 8014028                    /usr/bin/processing-3.0/modes/java/mode/org.netbeans.swing.outline.jar
7f8407b58000-7f8407b5d000 r--s 00038000 08:02 8014038                    /usr/bin/processing-3.0/modes/java/mode/org.eclipse.text.jar
7f8407b5d000-7f8407b95000 r--s 00515000 08:02 8014044                    /usr/bin/processing-3.0/modes/java/mode/org.eclipse.jdt.core.jar
7f8407b95000-7f8407bf0000 r--s 009e2000 08:02 8014039                    /usr/bin/processing-3.0/modes/java/mode/com.ibm.icu.jar
7f8407bf0000-7f8407bf9000 r-xp 00000000 08:02 6561541                    /usr/lib/x86_64-linux-gnu/libXrandr.so.2.2.0
7f8407bf9000-7f8407df8000 ---p 00009000 08:02 6561541                    /usr/lib/x86_64-linux-gnu/libXrandr.so.2.2.0
7f8407df8000-7f8407df9000 r--p 00008000 08:02 6561541                    /usr/lib/x86_64-linux-gnu/libXrandr.so.2.2.0
7f8407df9000-7f8407dfa000 rw-p 00009000 08:02 6561541                    /usr/lib/x86_64-linux-gnu/libXrandr.so.2.2.0
7f8407dfa000-7f8407dff000 r-xp 00000000 08:02 6561523                    /usr/lib/x86_64-linux-gnu/libXfixes.so.3.1.0
7f8407dff000-7f8407ffe000 ---p 00005000 08:02 6561523                    /usr/lib/x86_64-linux-gnu/libXfixes.so.3.1.0
7f8407ffe000-7f8407fff000 r--p 00004000 08:02 6561523                    /usr/lib/x86_64-linux-gnu/libXfixes.so.3.1.0
7f8407fff000-7f8408000000 rw-p 00005000 08:02 6561523                    /usr/lib/x86_64-linux-gnu/libXfixes.so.3.1.0
7f8408000000-7f8408021000 rw-p 00000000 00:00 0 
7f8408021000-7f840c000000 ---p 00000000 00:00 0 
7f840c000000-7f840c021000 rw-p 00000000 00:00 0 
7f840c021000-7f8410000000 ---p 00000000 00:00 0 
7f8410000000-7f841058c000 rw-p 00000000 00:00 0 
7f841058c000-7f8414000000 ---p 00000000 00:00 0 
7f8414000000-7f8414021000 rw-p 00000000 00:00 0 
7f8414021000-7f8418000000 ---p 00000000 00:00 0 
7f8418000000-7f8418a7f000 rw-p 00000000 00:00 0 
7f8418a7f000-7f841c000000 ---p 00000000 00:00 0 
7f841c000000-7f841cf18000 rw-p 00000000 00:00 0 
7f841cf18000-7f8420000000 ---p 00000000 00:00 0 
7f8420000000-7f8420021000 rw-p 00000000 00:00 0 
7f8420021000-7f8424000000 ---p 00000000 00:00 0 
7f8424000000-7f8424021000 rw-p 00000000 00:00 0 
7f8424021000-7f8428000000 ---p 00000000 00:00 0 
7f8428000000-7f8428021000 rw-p 00000000 00:00 0 
7f8428021000-7f842c000000 ---p 00000000 00:00 0 
7f842c000000-7f842c021000 rw-p 00000000 00:00 0 
7f842c021000-7f8430000000 ---p 00000000 00:00 0 
7f8430000000-7f8430021000 rw-p 00000000 00:00 0 
7f8430021000-7f8434000000 ---p 00000000 00:00 0 
7f8434000000-7f8434021000 rw-p 00000000 00:00 0 
7f8434021000-7f8438000000 ---p 00000000 00:00 0 
7f8438000000-7f8438021000 rw-p 00000000 00:00 0 
7f8438021000-7f843c000000 ---p 00000000 00:00 0 
7f843c000000-7f843c021000 rw-p 00000000 00:00 0 
7f843c021000-7f8440000000 ---p 00000000 00:00 0 
7f8440000000-7f8440021000 rw-p 00000000 00:00 0 
7f8440021000-7f8444000000 ---p 00000000 00:00 0 
7f8444000000-7f8444021000 rw-p 00000000 00:00 0 
7f8444021000-7f8448000000 ---p 00000000 00:00 0 
7f8448000000-7f8448021000 rw-p 00000000 00:00 0 
7f8448021000-7f844c000000 ---p 00000000 00:00 0 
7f844c000000-7f844c014000 r--s 00121000 08:02 8014045                    /usr/bin/processing-3.0/modes/java/mode/org.eclipse.osgi.jar
7f844c014000-7f844c017000 r--s 0001c000 08:02 8014042                    /usr/bin/processing-3.0/modes/java/mode/org.eclipse.equinox.preferences.jar
7f844c017000-7f844c01a000 r--s 00018000 08:02 8014034                    /usr/bin/processing-3.0/modes/java/mode/org.eclipse.equinox.common.jar
7f844c01a000-7f844c01c000 r--s 00011000 08:02 8014037                    /usr/bin/processing-3.0/modes/java/mode/org.eclipse.core.runtime.jar
7f844c01c000-7f844c027000 r--s 000c1000 08:02 8014040                    /usr/bin/processing-3.0/modes/java/mode/org.eclipse.core.resources.jar
7f844c027000-7f844c029000 r--s 00016000 08:02 8014027                    /usr/bin/processing-3.0/modes/java/mode/org.eclipse.core.jobs.jar
7f844c029000-7f844c02b000 r--s 00015000 08:02 8014029                    /usr/bin/processing-3.0/modes/java/mode/org.eclipse.core.contenttype.jar
7f844c02b000-7f844c030000 r--s 0003f000 08:02 8014032                    /usr/bin/processing-3.0/modes/java/mode/jsoup-1.7.1.jar
7f844c030000-7f844c031000 r--s 00003000 08:02 8014046                    /usr/bin/processing-3.0/modes/java/mode/jdtCompilerAdapter.jar
7f844c031000-7f844c03e000 r--s 000cb000 08:02 8014036                    /usr/bin/processing-3.0/modes/java/mode/jdimodel.jar
7f844c03e000-7f844c042000 r--s 0000e000 08:02 8014030                    /usr/bin/processing-3.0/modes/java/mode/jdi.jar
7f844c042000-7f844c048000 r--s 0007d000 08:02 8014033                    /usr/bin/processing-3.0/modes/java/mode/JavaMode.jar
7f844c048000-7f844c049000 r--s 00003000 08:02 8014035                    /usr/bin/processing-3.0/modes/java/mode/classpath-explorer-1.0.jar
7f844c049000-7f844c04e000 r--s 00068000 08:02 8014043                    /usr/bin/processing-3.0/modes/java/mode/antlr.jar
7f844c04e000-7f844c058000 r--s 00097000 08:02 6695776                    /usr/bin/processing-3.0/lib/pde.jar
7f844c058000-7f844c06c000 r--s 00127000 08:02 6695832                    /usr/bin/processing-3.0/lib/jna.jar
7f844c06c000-7f844c06e000 r--s 00002000 08:02 6695836                    /usr/bin/processing-3.0/lib/ant-launcher.jar
7f844c06e000-7f844c08c000 r--s 001bb000 08:02 6695851                    /usr/bin/processing-3.0/lib/ant.jar
7f844c08c000-7f844c08e000 r--s 00005000 08:02 4591938                    /home/akelly/sketchbook/libraries/minim/library/mp3spi1.9.5.jar
7f844c08e000-7f844c0b1000 r--s 00308000 08:02 6569034                    /usr/bin/processing-3.0/core/library/jogl-all.jar
7f844c0b1000-7f844c0b4000 ---p 00000000 00:00 0 
7f844c0b4000-7f844c1b2000 rw-p 00000000 00:00 0                          [stack:7672]
7f844c1b2000-7f844c1bb000 r-xp 00000000 08:02 6561515                    /usr/lib/x86_64-linux-gnu/libXcursor.so.1.0.2
7f844c1bb000-7f844c3ba000 ---p 00009000 08:02 6561515                    /usr/lib/x86_64-linux-gnu/libXcursor.so.1.0.2
7f844c3ba000-7f844c3bb000 r--p 00008000 08:02 6561515                    /usr/lib/x86_64-linux-gnu/libXcursor.so.1.0.2
7f844c3bb000-7f844c3bc000 rw-p 00009000 08:02 6561515                    /usr/lib/x86_64-linux-gnu/libXcursor.so.1.0.2
7f844c3bc000-7f844c3bf000 ---p 00000000 00:00 0 
7f844c3bf000-7f844c4bd000 rw-p 00000000 00:00 0                          [stack:7671]
7f844c4bd000-7f844c4d3000 r-xp 00000000 08:02 13635717                   /lib/x86_64-linux-gnu/libgcc_s.so.1
7f844c4d3000-7f844c6d2000 ---p 00016000 08:02 13635717                   /lib/x86_64-linux-gnu/libgcc_s.so.1
7f844c6d2000-7f844c6d3000 rw-p 00015000 08:02 13635717                   /lib/x86_64-linux-gnu/libgcc_s.so.1
7f844c6d3000-7f844c739000 r-xp 00000000 08:02 8012146                    /usr/bin/processing-3.0/java/lib/amd64/libfontmanager.so
7f844c739000-7f844c938000 ---p 00066000 08:02 8012146                    /usr/bin/processing-3.0/java/lib/amd64/libfontmanager.so
7f844c938000-7f844c93c000 rw-p 00065000 08:02 8012146                    /usr/bin/processing-3.0/java/lib/amd64/libfontmanager.so
7f844c93c000-7f844c94d000 rw-p 00000000 00:00 0 
7f844c94d000-7f844c952000 r-xp 00000000 08:02 6561519                    /usr/lib/x86_64-linux-gnu/libXdmcp.so.6.0.0
7f844c952000-7f844cb51000 ---p 00005000 08:02 6561519                    /usr/lib/x86_64-linux-gnu/libXdmcp.so.6.0.0
7f844cb51000-7f844cb52000 r--p 00004000 08:02 6561519                    /usr/lib/x86_64-linux-gnu/libXdmcp.so.6.0.0
7f844cb52000-7f844cb53000 rw-p 00005000 08:02 6561519                    /usr/lib/x86_64-linux-gnu/libXdmcp.so.6.0.0
7f844cb53000-7f844cb55000 r-xp 00000000 08:02 6561508                    /usr/lib/x86_64-linux-gnu/libXau.so.6.0.0
7f844cb55000-7f844cd55000 ---p 00002000 08:02 6561508                    /usr/lib/x86_64-linux-gnu/libXau.so.6.0.0
7f844cd55000-7f844cd56000 r--p 00002000 08:02 6561508                    /usr/lib/x86_64-linux-gnu/libXau.so.6.0.0
7f844cd56000-7f844cd57000 rw-p 00003000 08:02 6561508                    /usr/lib/x86_64-linux-gnu/libXau.so.6.0.0
7f844cd57000-7f844cd74000 r-xp 00000000 08:02 6562574                    /usr/lib/x86_64-linux-gnu/libxcb.so.1.1.0
7f844cd74000-7f844cf74000 ---p 0001d000 08:02 6562574                    /usr/lib/x86_64-linux-gnu/libxcb.so.1.1.0
7f844cf74000-7f844cf75000 r--p 0001d000 08:02 6562574                    /usr/lib/x86_64-linux-gnu/libxcb.so.1.1.0
7f844cf75000-7f844cf76000 rw-p 0001e000 08:02 6562574                    /usr/lib/x86_64-linux-gnu/libxcb.so.1.1.0
7f844cf76000-7f844cf85000 r-xp 00000000 08:02 6561529                    /usr/lib/x86_64-linux-gnu/libXi.so.6.1.0
7f844cf85000-7f844d184000 ---p 0000f000 08:02 6561529                    /usr/lib/x86_64-linux-gnu/libXi.so.6.1.0
7f844d184000-7f844d185000 r--p 0000e000 08:02 6561529                    /usr/lib/x86_64-linux-gnu/libXi.so.6.1.0
7f844d185000-7f844d186000 rw-p 0000f000 08:02 6561529                    /usr/lib/x86_64-linux-gnu/libXi.so.6.1.0
7f844d186000-7f844d18b000 r-xp 00000000 08:02 6561549                    /usr/lib/x86_64-linux-gnu/libXtst.so.6.1.0
7f844d18b000-7f844d38a000 ---p 00005000 08:02 6561549                    /usr/lib/x86_64-linux-gnu/libXtst.so.6.1.0
7f844d38a000-7f844d38b000 r--p 00004000 08:02 6561549                    /usr/lib/x86_64-linux-gnu/libXtst.so.6.1.0
7f844d38b000-7f844d38c000 rw-p 00005000 08:02 6561549                    /usr/lib/x86_64-linux-gnu/libXtst.so.6.1.0
7f844d38c000-7f844d395000 r-xp 00000000 08:02 6561543                    /usr/lib/x86_64-linux-gnu/libXrender.so.1.3.0
7f844d395000-7f844d594000 ---p 00009000 08:02 6561543                    /usr/lib/x86_64-linux-gnu/libXrender.so.1.3.0
7f844d594000-7f844d595000 r--p 00008000 08:02 6561543                    /usr/lib/x86_64-linux-gnu/libXrender.so.1.3.0
7f844d595000-7f844d596000 rw-p 00009000 08:02 6561543                    /usr/lib/x86_64-linux-gnu/libXrender.so.1.3.0
7f844d596000-7f844d6c6000 r-xp 00000000 08:02 6561504                    /usr/lib/x86_64-linux-gnu/libX11.so.6.3.0
7f844d6c6000-7f844d8c6000 ---p 00130000 08:02 6561504                    /usr/lib/x86_64-linux-gnu/libX11.so.6.3.0
7f844d8c6000-7f844d8c7000 r--p 00130000 08:02 6561504                    /usr/lib/x86_64-linux-gnu/libX11.so.6.3.0
7f844d8c7000-7f844d8cb000 rw-p 00131000 08:02 6561504                    /usr/lib/x86_64-linux-gnu/libX11.so.6.3.0
7f844d8cb000-7f844d8dc000 r-xp 00000000 08:02 6561521                    /usr/lib/x86_64-linux-gnu/libXext.so.6.4.0
7f844d8dc000-7f844dadb000 ---p 00011000 08:02 6561521                    /usr/lib/x86_64-linux-gnu/libXext.so.6.4.0
7f844dadb000-7f844dadc000 r--p 00010000 08:02 6561521                    /usr/lib/x86_64-linux-gnu/libXext.so.6.4.0
7f844dadc000-7f844dadd000 rw-p 00011000 08:02 6561521                    /usr/lib/x86_64-linux-gnu/libXext.so.6.4.0
7f844dadd000-7f844dae1000 r--s 00040000 08:02 4591936                    /home/akelly/sketchbook/libraries/minim/library/jl1.0.1.jar
7f844dae1000-7f844dae4000 r--s 00017000 08:02 4591933                    /home/akelly/sketchbook/libraries/minim/library/tritonus_share.jar
7f844dae4000-7f844dafe000 r--s 01689000 08:02 6569030                    /usr/bin/processing-3.0/core/library/jogl-java-src.zip
7f844dafe000-7f844db52000 r-xp 00000000 08:02 8012182                    /usr/bin/processing-3.0/java/lib/amd64/libawt_xawt.so
7f844db52000-7f844dd52000 ---p 00054000 08:02 8012182                    /usr/bin/processing-3.0/java/lib/amd64/libawt_xawt.so
7f844dd52000-7f844dd56000 rw-p 00054000 08:02 8012182                    /usr/bin/processing-3.0/java/lib/amd64/libawt_xawt.so
7f844dd56000-7f844dd57000 rw-p 00000000 00:00 0 
7f844dd57000-7f844ddf9000 r-xp 00000000 08:02 8012174                    /usr/bin/processing-3.0/java/lib/amd64/libawt.so
7f844ddf9000-7f844dff9000 ---p 000a2000 08:02 8012174                    /usr/bin/processing-3.0/java/lib/amd64/libawt.so
7f844dff9000-7f844e005000 rw-p 000a2000 08:02 8012174                    /usr/bin/processing-3.0/java/lib/amd64/libawt.so
7f844e005000-7f844e029000 rw-p 00000000 00:00 0 
7f844e029000-7f844e02a000 ---p 00000000 00:00 0 
7f844e02a000-7f844e12a000 rw-p 00000000 00:00 0                          [stack:7670]
7f844e12a000-7f844e12d000 ---p 00000000 00:00 0 
7f844e12d000-7f844e22b000 rw-p 00000000 00:00 0                          [stack:7669]
7f844e22b000-7f844e22e000 ---p 00000000 00:00 0 
7f844e22e000-7f844e32c000 rw-p 00000000 00:00 0                          [stack:7668]
7f844e32c000-7f844e32f000 ---p 00000000 00:00 0 
7f844e32f000-7f844e42d000 rw-p 00000000 00:00 0                          [stack:7667]
7f844e42d000-7f844e430000 ---p 00000000 00:00 0 
7f844e430000-7f844e52e000 rw-p 00000000 00:00 0                          [stack:7666]
7f844e52e000-7f844e531000 ---p 00000000 00:00 0 
7f844e531000-7f844e62f000 rw-p 00000000 00:00 0                          [stack:7660]
7f844e62f000-7f844e632000 ---p 00000000 00:00 0 
7f844e632000-7f844e730000 rw-p 00000000 00:00 0                          [stack:7655]
7f844e730000-7f844e733000 ---p 00000000 00:00 0 
7f844e733000-7f844e831000 rw-p 00000000 00:00 0                          [stack:7654]
7f844e831000-7f844e835000 r-xp 00000000 08:02 8012175                    /usr/bin/processing-3.0/java/lib/amd64/libdt_socket.so
7f844e835000-7f844ea34000 ---p 00004000 08:02 8012175                    /usr/bin/processing-3.0/java/lib/amd64/libdt_socket.so
7f844ea34000-7f844ea35000 rw-p 00003000 08:02 8012175                    /usr/bin/processing-3.0/java/lib/amd64/libdt_socket.so
7f844ea35000-7f844ea38000 ---p 00000000 00:00 0 
7f844ea38000-7f844eb36000 rw-p 00000000 00:00 0                          [stack:7653]
7f844eb36000-7f844eb39000 ---p 00000000 00:00 0 
7f844eb39000-7f844ec37000 rw-p 00000000 00:00 0                          [stack:7652]
7f844ec37000-7f844ec3a000 ---p 00000000 00:00 0 
7f844ec3a000-7f844ed38000 rw-p 00000000 00:00 0                          [stack:7651]
7f844ed38000-7f844ed39000 ---p 00000000 00:00 0 
7f844ed39000-7f844fded000 rw-p 00000000 00:00 0                          [stack:7650]
7f844fded000-7f844ffc5000 r--s 03d0c000 08:02 6695974                    /usr/bin/processing-3.0/java/lib/rt.jar
7f844ffc5000-7f8458bfc000 rw-p 00000000 00:00 0 
7f8458bfc000-7f8458bfd000 ---p 00000000 00:00 0 
7f8458bfd000-7f8458cfd000 rw-p 00000000 00:00 0                          [stack:7649]
7f8458cfd000-7f8458cfe000 ---p 00000000 00:00 0 
7f8458cfe000-7f8458dfe000 rw-p 00000000 00:00 0                          [stack:7648]
7f8458dfe000-7f8458dff000 ---p 00000000 00:00 0 
7f8458dff000-7f8458eff000 rw-p 00000000 00:00 0                          [stack:7647]
7f8458eff000-7f8458f00000 ---p 00000000 00:00 0 
7f8458f00000-7f8459000000 rw-p 00000000 00:00 0                          [stack:7646]
7f8459000000-7f84596d0000 rwxp 00000000 00:00 0 
7f84596d0000-7f8468000000 ---p 00000000 00:00 0 
7f8468000000-7f846882b000 rw-p 00000000 00:00 0 
7f846882b000-7f846c000000 ---p 00000000 00:00 0 
7f846c000000-7f846c001000 r--s 0000b000 08:02 4591937                    /home/akelly/sketchbook/libraries/minim/library/jsminim.jar
7f846c001000-7f846c004000 r--s 00016000 08:02 4591932                    /home/akelly/sketchbook/libraries/minim/library/minim.jar
7f846c004000-7f846c00c000 r--s 003d3000 08:02 6569026                    /usr/bin/processing-3.0/core/library/gluegen-java-src.zip
7f846c00c000-7f846c125000 rw-p 00000000 00:00 0 
7f846c125000-7f846c601000 ---p 00000000 00:00 0 
7f846c601000-7f846c655000 rw-p 00000000 00:00 0 
7f846c655000-7f846cb30000 ---p 00000000 00:00 0 
7f846cb30000-7f846cc36000 rw-p 00000000 00:00 0 
7f846cc36000-7f846cdc8000 ---p 00000000 00:00 0 
7f846cdc8000-7f846cde5000 rw-p 00000000 00:00 0 
7f846cde5000-7f846d189000 ---p 00000000 00:00 0 
7f846d189000-7f846d1a3000 r-xp 00000000 08:02 8012189                    /usr/bin/processing-3.0/java/lib/amd64/libzip.so
7f846d1a3000-7f846d3a3000 ---p 0001a000 08:02 8012189                    /usr/bin/processing-3.0/java/lib/amd64/libzip.so
7f846d3a3000-7f846d3a4000 rw-p 0001a000 08:02 8012189                    /usr/bin/processing-3.0/java/lib/amd64/libzip.so
7f846d3a4000-7f846d3af000 r-xp 00000000 08:02 13635765                   /lib/x86_64-linux-gnu/libnss_files-2.19.so
7f846d3af000-7f846d5ae000 ---p 0000b000 08:02 13635765                   /lib/x86_64-linux-gnu/libnss_files-2.19.so
7f846d5ae000-7f846d5af000 r--p 0000a000 08:02 13635765                   /lib/x86_64-linux-gnu/libnss_files-2.19.so
7f846d5af000-7f846d5b0000 rw-p 0000b000 08:02 13635765                   /lib/x86_64-linux-gnu/libnss_files-2.19.so
7f846d5b0000-7f846d5bb000 r-xp 00000000 08:02 13635775                   /lib/x86_64-linux-gnu/libnss_nis-2.19.so
7f846d5bb000-7f846d7ba000 ---p 0000b000 08:02 13635775                   /lib/x86_64-linux-gnu/libnss_nis-2.19.so
7f846d7ba000-7f846d7bb000 r--p 0000a000 08:02 13635775                   /lib/x86_64-linux-gnu/libnss_nis-2.19.so
7f846d7bb000-7f846d7bc000 rw-p 0000b000 08:02 13635775                   /lib/x86_64-linux-gnu/libnss_nis-2.19.so
7f846d7bc000-7f846d7d3000 r-xp 00000000 08:02 13635759                   /lib/x86_64-linux-gnu/libnsl-2.19.so
7f846d7d3000-7f846d9d2000 ---p 00017000 08:02 13635759                   /lib/x86_64-linux-gnu/libnsl-2.19.so
7f846d9d2000-7f846d9d3000 r--p 00016000 08:02 13635759                   /lib/x86_64-linux-gnu/libnsl-2.19.so
7f846d9d3000-7f846d9d4000 rw-p 00017000 08:02 13635759                   /lib/x86_64-linux-gnu/libnsl-2.19.so
7f846d9d4000-7f846d9d6000 rw-p 00000000 00:00 0 
7f846d9d6000-7f846d9df000 r-xp 00000000 08:02 13635761                   /lib/x86_64-linux-gnu/libnss_compat-2.19.so
7f846d9df000-7f846dbde000 ---p 00009000 08:02 13635761                   /lib/x86_64-linux-gnu/libnss_compat-2.19.so
7f846dbde000-7f846dbdf000 r--p 00008000 08:02 13635761                   /lib/x86_64-linux-gnu/libnss_compat-2.19.so
7f846dbdf000-7f846dbe0000 rw-p 00009000 08:02 13635761                   /lib/x86_64-linux-gnu/libnss_compat-2.19.so
7f846dbe0000-7f846e2c2000 r--p 00000000 08:02 6560506                    /usr/lib/locale/locale-archive
7f846e2c2000-7f846e2c4000 r-xp 00000000 08:02 8012169                    /usr/bin/processing-3.0/java/lib/amd64/libnpt.so
7f846e2c4000-7f846e4c4000 ---p 00002000 08:02 8012169                    /usr/bin/processing-3.0/java/lib/amd64/libnpt.so
7f846e4c4000-7f846e4c5000 rw-p 00002000 08:02 8012169                    /usr/bin/processing-3.0/java/lib/amd64/libnpt.so
7f846e4c5000-7f846e4fe000 r-xp 00000000 08:02 8012184                    /usr/bin/processing-3.0/java/lib/amd64/libjdwp.so
7f846e4fe000-7f846e6fd000 ---p 00039000 08:02 8012184                    /usr/bin/processing-3.0/java/lib/amd64/libjdwp.so
7f846e6fd000-7f846e6ff000 rw-p 00038000 08:02 8012184                    /usr/bin/processing-3.0/java/lib/amd64/libjdwp.so
7f846e6ff000-7f846e729000 r-xp 00000000 08:02 8012204                    /usr/bin/processing-3.0/java/lib/amd64/libjava.so
7f846e729000-7f846e929000 ---p 0002a000 08:02 8012204                    /usr/bin/processing-3.0/java/lib/amd64/libjava.so
7f846e929000-7f846e92b000 rw-p 0002a000 08:02 8012204                    /usr/bin/processing-3.0/java/lib/amd64/libjava.so
7f846e92b000-7f846e938000 r-xp 00000000 08:02 8012148                    /usr/bin/processing-3.0/java/lib/amd64/libverify.so
7f846e938000-7f846eb38000 ---p 0000d000 08:02 8012148                    /usr/bin/processing-3.0/java/lib/amd64/libverify.so
7f846eb38000-7f846eb3a000 rw-p 0000d000 08:02 8012148                    /usr/bin/processing-3.0/java/lib/amd64/libverify.so
7f846eb3a000-7f846eb41000 r-xp 00000000 08:02 13635818                   /lib/x86_64-linux-gnu/librt-2.19.so
7f846eb41000-7f846ed40000 ---p 00007000 08:02 13635818                   /lib/x86_64-linux-gnu/librt-2.19.so
7f846ed40000-7f846ed41000 r--p 00006000 08:02 13635818                   /lib/x86_64-linux-gnu/librt-2.19.so
7f846ed41000-7f846ed42000 rw-p 00007000 08:02 13635818                   /lib/x86_64-linux-gnu/librt-2.19.so
7f846ed42000-7f846ee47000 r-xp 00000000 08:02 13635740                   /lib/x86_64-linux-gnu/libm-2.19.so
7f846ee47000-7f846f046000 ---p 00105000 08:02 13635740                   /lib/x86_64-linux-gnu/libm-2.19.so
7f846f046000-7f846f047000 r--p 00104000 08:02 13635740                   /lib/x86_64-linux-gnu/libm-2.19.so
7f846f047000-7f846f048000 rw-p 00105000 08:02 13635740                   /lib/x86_64-linux-gnu/libm-2.19.so
7f846f048000-7f846fcf6000 r-xp 00000000 08:02 8012167                    /usr/bin/processing-3.0/java/lib/amd64/server/libjvm.so
7f846fcf6000-7f846fef6000 ---p 00cae000 08:02 8012167                    /usr/bin/processing-3.0/java/lib/amd64/server/libjvm.so
7f846fef6000-7f846ffcd000 rw-p 00cae000 08:02 8012167                    /usr/bin/processing-3.0/java/lib/amd64/server/libjvm.so
7f846ffcd000-7f8470011000 rw-p 00000000 00:00 0 
7f8470011000-7f84701cc000 r-xp 00000000 08:02 13635690                   /lib/x86_64-linux-gnu/libc-2.19.so
7f84701cc000-7f84703cb000 ---p 001bb000 08:02 13635690                   /lib/x86_64-linux-gnu/libc-2.19.so
7f84703cb000-7f84703cf000 r--p 001ba000 08:02 13635690                   /lib/x86_64-linux-gnu/libc-2.19.so
7f84703cf000-7f84703d1000 rw-p 001be000 08:02 13635690                   /lib/x86_64-linux-gnu/libc-2.19.so
7f84703d1000-7f84703d6000 rw-p 00000000 00:00 0 
7f84703d6000-7f84703d9000 r-xp 00000000 08:02 13635707                   /lib/x86_64-linux-gnu/libdl-2.19.so
7f84703d9000-7f84705d8000 ---p 00003000 08:02 13635707                   /lib/x86_64-linux-gnu/libdl-2.19.so
7f84705d8000-7f84705d9000 r--p 00002000 08:02 13635707                   /lib/x86_64-linux-gnu/libdl-2.19.so
7f84705d9000-7f84705da000 rw-p 00003000 08:02 13635707                   /lib/x86_64-linux-gnu/libdl-2.19.so
7f84705da000-7f84705ef000 r-xp 00000000 08:02 8012145                    /usr/bin/processing-3.0/java/lib/amd64/jli/libjli.so
7f84705ef000-7f84707ef000 ---p 00015000 08:02 8012145                    /usr/bin/processing-3.0/java/lib/amd64/jli/libjli.so
7f84707ef000-7f84707f0000 rw-p 00015000 08:02 8012145                    /usr/bin/processing-3.0/java/lib/amd64/jli/libjli.so
7f84707f0000-7f8470809000 r-xp 00000000 08:02 13635810                   /lib/x86_64-linux-gnu/libpthread-2.19.so
7f8470809000-7f8470a08000 ---p 00019000 08:02 13635810                   /lib/x86_64-linux-gnu/libpthread-2.19.so
7f8470a08000-7f8470a09000 r--p 00018000 08:02 13635810                   /lib/x86_64-linux-gnu/libpthread-2.19.so
7f8470a09000-7f8470a0a000 rw-p 00019000 08:02 13635810                   /lib/x86_64-linux-gnu/libpthread-2.19.so
7f8470a0a000-7f8470a0e000 rw-p 00000000 00:00 0 
7f8470a0e000-7f8470a31000 r-xp 00000000 08:02 13635666                   /lib/x86_64-linux-gnu/ld-2.19.so
7f8470a31000-7f8470a32000 r--s 00002000 08:02 4591935                    /home/akelly/sketchbook/libraries/minim/library/tritonus_aos.jar
7f8470a32000-7f8470a33000 r--s 00001000 08:02 6569033                    /usr/bin/processing-3.0/core/library/gluegen-rt-natives-macosx-universal.jar
7f8470a33000-7f8470a35000 r--s 00038000 08:02 6569032                    /usr/bin/processing-3.0/core/library/jogl-all-natives-windows-amd64.jar
7f8470a35000-7f8470a36000 r--s 00034000 08:02 6569031                    /usr/bin/processing-3.0/core/library/jogl-all-natives-linux-amd64.jar
7f8470a36000-7f8470a37000 r--s 00001000 08:02 6569036                    /usr/bin/processing-3.0/core/library/gluegen-rt-natives-windows-i586.jar
7f8470a37000-7f8470b08000 rw-p 00000000 00:00 0 
7f8470b08000-7f8470b0b000 ---p 00000000 00:00 0 
7f8470b0b000-7f8470c0d000 rw-p 00000000 00:00 0                          [stack:7645]
7f8470c0d000-7f8470c13000 r--s 0004a000 08:02 6569021                    /usr/bin/processing-3.0/core/library/gluegen-rt.jar
7f8470c13000-7f8470c14000 r--s 00000000 08:02 6569035                    /usr/bin/processing-3.0/core/library/gluegen-rt-natives-linux-armv6hf.jar
7f8470c14000-7f8470c15000 r--s 00031000 08:02 6569019                    /usr/bin/processing-3.0/core/library/jogl-all-natives-windows-i586.jar
7f8470c15000-7f8470c16000 r--s 00001000 08:02 6569022                    /usr/bin/processing-3.0/core/library/gluegen-rt-natives-windows-amd64.jar
7f8470c16000-7f8470c18000 r--s 0006c000 08:02 6569020                    /usr/bin/processing-3.0/core/library/jogl-all-natives-macosx-universal.jar
7f8470c18000-7f8470c1d000 r--s 000f0000 08:02 6569027                    /usr/bin/processing-3.0/core/library/core.jar
7f8470c1d000-7f8470c1f000 r--s 00000000 08:02 6569025                    /usr/bin/processing-3.0/core/library/gluegen-rt-natives-linux-amd64.jar
7f8470c1f000-7f8470c20000 r--s 00026000 08:02 6569028                    /usr/bin/processing-3.0/core/library/jogl-all-natives-linux-armv6hf.jar
7f8470c20000-7f8470c21000 r--s 00032000 08:02 6569024                    /usr/bin/processing-3.0/core/library/jogl-all-natives-linux-i586.jar
7f8470c21000-7f8470c23000 r--s 00000000 08:02 6569023                    /usr/bin/processing-3.0/core/library/gluegen-rt-natives-linux-i586.jar
7f8470c23000-7f8470c24000 rw-p 00000000 00:00 0 
7f8470c24000-7f8470c2c000 rw-s 00000000 08:02 4325410                    /tmp/hsperfdata_akelly/7643
7f8470c2c000-7f8470c2d000 rw-p 00000000 00:00 0 
7f8470c2d000-7f8470c2e000 r--p 00000000 00:00 0 
7f8470c2e000-7f8470c30000 rw-p 00000000 00:00 0 
7f8470c30000-7f8470c31000 r--p 00022000 08:02 13635666                   /lib/x86_64-linux-gnu/ld-2.19.so
7f8470c31000-7f8470c32000 rw-p 00023000 08:02 13635666                   /lib/x86_64-linux-gnu/ld-2.19.so
7f8470c32000-7f8470c33000 rw-p 00000000 00:00 0 
7ffcd5290000-7ffcd52b3000 rw-p 00000000 00:00 0                          [stack]
7ffcd530d000-7ffcd530f000 r--p 00000000 00:00 0                          [vvar]
7ffcd530f000-7ffcd5311000 r-xp 00000000 00:00 0                          [vdso]
ffffffffff600000-ffffffffff601000 r-xp 00000000 00:00 0                  [vsyscall]

VM Arguments:
jvm_args: -agentlib:jdwp=transport=dt_socket,address=8096,server=y,suspend=y -Djava.library.path=:/usr/bin/processing-3.0/core/library:/home/akelly/sketchbook/libraries/minim/library:/usr/java/packages/lib/amd64:/usr/lib64:/lib64:/lib:/usr/lib -ea 
java_command: processing.core.PApplet --display=1 --sketch-path=/home/akelly/sketchbook/_audioVisualizer/_audioVisualizer/build build
java_class_path (initial): /home/akelly/sketchbook/_audioVisualizer/_audioVisualizer/build/build-tmp:/usr/bin/processing-3.0/core/library/gluegen-rt-natives-linux-i586.jar:/usr/bin/processing-3.0/core/library/jogl-all-natives-linux-i586.jar:/usr/bin/processing-3.0/core/library/jogl-all-natives-linux-armv6hf.jar:/usr/bin/processing-3.0/core/library/gluegen-rt-natives-linux-amd64.jar:/usr/bin/processing-3.0/core/library/core.jar:/usr/bin/processing-3.0/core/library/jogl-all-natives-macosx-universal.jar:/usr/bin/processing-3.0/core/library/gluegen-rt-natives-windows-amd64.jar:/usr/bin/processing-3.0/core/library/jogl-all-natives-windows-i586.jar:/usr/bin/processing-3.0/core/library/gluegen-rt-natives-linux-armv6hf.jar:/usr/bin/processing-3.0/core/library/gluegen-rt.jar:/usr/bin/processing-3.0/core/library/gluegen-rt-natives-windows-i586.jar:/usr/bin/processing-3.0/core/library/jogl-all.jar:/usr/bin/processing-3.0/core/library/jogl-all-natives-linux-amd64.jar:/usr/bin/processing-3.0/core/library/jogl-all-natives-windows-amd64.jar:/usr/bin/processing-3.0/core/library/gluegen-java-src.zip:/usr/bin/processing-3.0/core/library/jogl-java-src.zip:/usr/bin/processing-3.0/core/library/gluegen-rt-natives-macosx-universal.jar:/usr/bin/processing-3.0/core/library/gluegen-rt-natives-linux-i586.jar:/usr/bin/processing-3.0/core/library/jogl-all-natives-linux-i586.jar:/usr/bin/processing-3.0/core/library/jogl-all-natives-linux-armv6hf.jar:/usr/bin/processing-3.0/core/library/gluegen-rt-natives-linux-amd64.jar:/usr/bin/processing-3.0/core/library/core.jar:/usr/bin/processing-3.0/core/library/jogl-all-natives-macosx-universal.jar:/usr/bin/processing-3.0/core/library/gluegen-rt-natives-windows-amd64.jar:/usr/bin/processing-3.0/core/library/jogl-all-natives-windows-i586.jar:/usr/bin/processing-3.0/core/library/gluegen-rt-natives-linux-armv6hf.jar:/usr/bin/processing-3.0/core/library/gluegen-rt.jar:/usr/bin/processing-3.0/core/library/gluegen-rt-natives-windows-i586.jar:/usr/bin/processi
Launcher Type: SUN_STANDARD

Environment Variables:
PATH=/usr/bin/processing-3.0/java/bin:/usr/local/sbin:/usr/local/bin:/usr/sbin:/usr/bin:/sbin:/bin:/usr/games:/usr/local/games
SHELL=/bin/bash
DISPLAY=:0

Signal Handlers:
SIGSEGV: [libjvm.so+0xaad540], sa_mask[0]=11111111011111111101111111111110, sa_flags=SA_RESTART|SA_SIGINFO
SIGBUS: [libjvm.so+0xaad540], sa_mask[0]=11111111011111111101111111111110, sa_flags=SA_RESTART|SA_SIGINFO
SIGFPE: [libjvm.so+0x90b6b0], sa_mask[0]=11111111011111111101111111111110, sa_flags=SA_RESTART|SA_SIGINFO
SIGPIPE: [libjvm.so+0x90b6b0], sa_mask[0]=11111111011111111101111111111110, sa_flags=SA_RESTART|SA_SIGINFO
SIGXFSZ: [libjvm.so+0x90b6b0], sa_mask[0]=11111111011111111101111111111110, sa_flags=SA_RESTART|SA_SIGINFO
SIGILL: [libjvm.so+0x90b6b0], sa_mask[0]=11111111011111111101111111111110, sa_flags=SA_RESTART|SA_SIGINFO
SIGUSR1: SIG_DFL, sa_mask[0]=00000000000000000000000000000000, sa_flags=none
SIGUSR2: [libjvm.so+0x90ccf0], sa_mask[0]=00100000000000000000000000000000, sa_flags=SA_RESTART|SA_SIGINFO
SIGHUP: [libjvm.so+0x90e040], sa_mask[0]=11111111011111111101111111111110, sa_flags=SA_RESTART|SA_SIGINFO
SIGINT: [libjvm.so+0x90e040], sa_mask[0]=11111111011111111101111111111110, sa_flags=SA_RESTART|SA_SIGINFO
SIGTERM: [libjvm.so+0x90e040], sa_mask[0]=11111111011111111101111111111110, sa_flags=SA_RESTART|SA_SIGINFO
SIGQUIT: [libjvm.so+0x90e040], sa_mask[0]=11111111011111111101111111111110, sa_flags=SA_RESTART|SA_SIGINFO


---------------  S Y S T E M  ---------------

OS:DISTRIB_ID=Ubuntu
DISTRIB_RELEASE=14.04
DISTRIB_CODENAME=trusty
DISTRIB_DESCRIPTION="Ubuntu 14.04.3 LTS"

uname:Linux 3.19.0-28-generic #30~14.04.1-Ubuntu SMP Tue Sep 1 09:32:55 UTC 2015 x86_64
libc:glibc 2.19 NPTL 2.19 
rlimit: STACK 8192k, CORE 0k, NPROC 63284, NOFILE 4096, AS infinity
load average:1.48 2.94 3.33

/proc/meminfo:
MemTotal:       16309452 kB
MemFree:        11408316 kB
MemAvailable:   12569876 kB
Buffers:          114652 kB
Cached:          1638312 kB
SwapCached:           40 kB
Active:          3943616 kB
Inactive:         694888 kB
Active(anon):    3023064 kB
Inactive(anon):   328116 kB
Active(file):     920552 kB
Inactive(file):   366772 kB
Unevictable:          92 kB
Mlocked:              92 kB
SwapTotal:      16653308 kB
SwapFree:       16584340 kB
Dirty:              3132 kB
Writeback:             0 kB
AnonPages:       2885604 kB
Mapped:           576896 kB
Shmem:            465644 kB
Slab:             127428 kB
SReclaimable:      86356 kB
SUnreclaim:        41072 kB
KernelStack:       10224 kB
PageTables:        50216 kB
NFS_Unstable:          0 kB
Bounce:                0 kB
WritebackTmp:          0 kB
CommitLimit:    24808032 kB
Committed_AS:    8730648 kB
VmallocTotal:   34359738367 kB
VmallocUsed:      385160 kB
VmallocChunk:   34359343192 kB
HardwareCorrupted:     0 kB
AnonHugePages:    892928 kB
CmaTotal:              0 kB
CmaFree:               0 kB
HugePages_Total:       0
HugePages_Free:        0
HugePages_Rsvd:        0
HugePages_Surp:        0
Hugepagesize:       2048 kB
DirectMap4k:      193964 kB
DirectMap2M:    12265472 kB
DirectMap1G:     4194304 kB


CPU:total 4 (2 cores per cpu, 2 threads per core) family 6 model 61 stepping 4, cmov, cx8, fxsr, mmx, sse, sse2, sse3, ssse3, sse4.1, sse4.2, popcnt, avx, avx2, aes, clmul, erms, rtm, 3dnowpref, lzcnt, ht, tsc, tscinvbit, bmi1, bmi2, adx

/proc/cpuinfo:
processor	: 0
vendor_id	: GenuineIntel
cpu family	: 6
model		: 61
model name	: Intel(R) Core(TM) i7-5600U CPU @ 2.60GHz
stepping	: 4
microcode	: 0x19
cpu MHz		: 2737.312
cache size	: 4096 KB
physical id	: 0
siblings	: 4
core id		: 0
cpu cores	: 2
apicid		: 0
initial apicid	: 0
fpu		: yes
fpu_exception	: yes
cpuid level	: 20
wp		: yes
flags		: fpu vme de pse tsc msr pae mce cx8 apic sep mtrr pge mca cmov pat pse36 clflush dts acpi mmx fxsr sse sse2 ss ht tm pbe syscall nx pdpe1gb rdtscp lm constant_tsc arch_perfmon pebs bts rep_good nopl xtopology nonstop_tsc aperfmperf eagerfpu pni pclmulqdq dtes64 monitor ds_cpl vmx smx est tm2 ssse3 fma cx16 xtpr pdcm pcid sse4_1 sse4_2 x2apic movbe popcnt tsc_deadline_timer aes xsave avx f16c rdrand lahf_lm abm 3dnowprefetch ida arat epb pln pts dtherm tpr_shadow vnmi flexpriority ept vpid fsgsbase tsc_adjust bmi1 hle avx2 smep bmi2 erms invpcid rtm rdseed adx smap xsaveopt
bugs		:
bogomips	: 5188.48
clflush size	: 64
cache_alignment	: 64
address sizes	: 39 bits physical, 48 bits virtual
power management:

processor	: 1
vendor_id	: GenuineIntel
cpu family	: 6
model		: 61
model name	: Intel(R) Core(TM) i7-5600U CPU @ 2.60GHz
stepping	: 4
microcode	: 0x19
cpu MHz		: 2699.226
cache size	: 4096 KB
physical id	: 0
siblings	: 4
core id		: 0
cpu cores	: 2
apicid		: 1
initial apicid	: 1
fpu		: yes
fpu_exception	: yes
cpuid level	: 20
wp		: yes
flags		: fpu vme de pse tsc msr pae mce cx8 apic sep mtrr pge mca cmov pat pse36 clflush dts acpi mmx fxsr sse sse2 ss ht tm pbe syscall nx pdpe1gb rdtscp lm constant_tsc arch_perfmon pebs bts rep_good nopl xtopology nonstop_tsc aperfmperf eagerfpu pni pclmulqdq dtes64 monitor ds_cpl vmx smx est tm2 ssse3 fma cx16 xtpr pdcm pcid sse4_1 sse4_2 x2apic movbe popcnt tsc_deadline_timer aes xsave avx f16c rdrand lahf_lm abm 3dnowprefetch ida arat epb pln pts dtherm tpr_shadow vnmi flexpriority ept vpid fsgsbase tsc_adjust bmi1 hle avx2 smep bmi2 erms invpcid rtm rdseed adx smap xsaveopt
bugs		:
bogomips	: 5188.48
clflush size	: 64
cache_alignment	: 64
address sizes	: 39 bits physical, 48 bits virtual
power management:

processor	: 2
vendor_id	: GenuineIntel
cpu family	: 6
model		: 61
model name	: Intel(R) Core(TM) i7-5600U CPU @ 2.60GHz
stepping	: 4
microcode	: 0x19
cpu MHz		: 2727.257
cache size	: 4096 KB
physical id	: 0
siblings	: 4
core id		: 1
cpu cores	: 2
apicid		: 2
initial apicid	: 2
fpu		: yes
fpu_exception	: yes
cpuid level	: 20
wp		: yes
flags		: fpu vme de pse tsc msr pae mce cx8 apic sep mtrr pge mca cmov pat pse36 clflush dts acpi mmx fxsr sse sse2 ss ht tm pbe syscall nx pdpe1gb rdtscp lm constant_tsc arch_perfmon pebs bts rep_good nopl xtopology nonstop_tsc aperfmperf eagerfpu pni pclmulqdq dtes64 monitor ds_cpl vmx smx est tm2 ssse3 fma cx16 xtpr pdcm pcid sse4_1 sse4_2 x2apic movbe popcnt tsc_deadline_timer aes xsave avx f16c rdrand lahf_lm abm 3dnowprefetch ida arat epb pln pts dtherm tpr_shadow vnmi flexpriority ept vpid fsgsbase tsc_adjust bmi1 hle avx2 smep bmi2 erms invpcid rtm rdseed adx smap xsaveopt
bugs		:
bogomips	: 5188.48
clflush size	: 64
cache_alignment	: 64
address sizes	: 39 bits physical, 48 bits virtual
power management:

processor	: 3
vendor_id	: GenuineIntel
cpu family	: 6
model		: 61
model name	: Intel(R) Core(TM) i7-5600U CPU @ 2.60GHz
stepping	: 4
microcode	: 0x19
cpu MHz		: 2712.023
cache size	: 4096 KB
physical id	: 0
siblings	: 4
core id		: 1
cpu cores	: 2
apicid		: 3
initial apicid	: 3
fpu		: yes
fpu_exception	: yes
cpuid level	: 20
wp		: yes
flags		: fpu vme de pse tsc msr pae mce cx8 apic sep mtrr pge mca cmov pat pse36 clflush dts acpi mmx fxsr sse sse2 ss ht tm pbe syscall nx pdpe1gb rdtscp lm constant_tsc arch_perfmon pebs bts rep_good nopl xtopology nonstop_tsc aperfmperf eagerfpu pni pclmulqdq dtes64 monitor ds_cpl vmx smx est tm2 ssse3 fma cx16 xtpr pdcm pcid sse4_1 sse4_2 x2apic movbe popcnt tsc_deadline_timer aes xsave avx f16c rdrand lahf_lm abm 3dnowprefetch ida arat epb pln pts dtherm tpr_shadow vnmi flexpriority ept vpid fsgsbase tsc_adjust bmi1 hle avx2 smep bmi2 erms invpcid rtm rdseed adx smap xsaveopt
bugs		:
bogomips	: 5188.48
clflush size	: 64
cache_alignment	: 64
address sizes	: 39 bits physical, 48 bits virtual
power management:



Memory: 4k page, physical 16309452k(11408316k free), swap 16653308k(16584340k free)

vm_info: Java HotSpot(TM) 64-Bit Server VM (25.51-b03) for linux-amd64 JRE (1.8.0_51-b16), built on Jun  8 2015 19:28:07 by "java_re" with gcc 4.3.0 20080428 (Red Hat 4.3.0-8)

time: Sat Oct 10 15:38:16 2015
elapsed time: 6 seconds (0d 0h 0m 6s)

