#
# A fatal error has been detected by the Java Runtime Environment:
#
#  SIGSEGV (0xb) at pc=0x00007f9432d87998, pid=7085, tid=140274945595136
#
# JRE version: Java(TM) SE Runtime Environment (8.0_51-b16) (build 1.8.0_51-b16)
# Java VM: Java HotSpot(TM) 64-Bit Server VM (25.51-b03 mixed mode linux-amd64 compressed oops)
# Problematic frame:
# C  [i965_dri.so+0x3c9998]
#
# Failed to write core dump. Core dumps have been disabled. To enable core dumping, try "ulimit -c unlimited" before starting Java again
#
# If you would like to submit a bug report, please visit:
#   http://bugreport.java.com/bugreport/crash.jsp
# The crash happened outside the Java Virtual Machine in native code.
# See problematic frame for where to report the bug.
#

---------------  T H R E A D  ---------------

Current thread (0x00007f94b063a800):  JavaThread "main-Display-.x11_:0-1-EDT-1" daemon [_thread_in_native, id=7126, stack(0x00007f944e3d9000,0x00007f944e4da000)]

siginfo: si_signo: 11 (SIGSEGV), si_code: 1 (SEGV_MAPERR), si_addr: 0x0000000100000000

Registers:
RAX=0x00007f9432d87990, RBX=0x00007f942c04f7c0, RCX=0x0000000000000000, RDX=0x0000000000000001
RSP=0x00007f944e4d75e0, RBP=0x00007f943402bf90, RSI=0x00007f942c04f8a0, RDI=0x0000000100000000
R8 =0x0000000000000000, R9 =0x00007f944dd86fc0, R10=0x00007f94a17c9cc7, R11=0x00000006c73d9248
R12=0x00007f9434029a40, R13=0x0000000000000000, R14=0x00007f943402d180, R15=0x0000000000000000
RIP=0x00007f9432d87998, EFLAGS=0x0000000000010202, CSGSFS=0x0000000000000033, ERR=0x0000000000000004
  TRAPNO=0x000000000000000e

Top of Stack: (sp=0x00007f944e4d75e0)
0x00007f944e4d75e0:   00007f944e4d76d0 0000000000000000
0x00007f944e4d75f0:   00007f942c04f7c0 00007f943402bf90
0x00007f944e4d7600:   00007f9434029a40 00007f944dd8704e
0x00007f944e4d7610:   00007f944e4d7648 00007f944dfd4660
0x00007f944e4d7620:   00007f943401e720 00007f9400000000
0x00007f944e4d7630:   0000000000000000 0000000000000000
0x00007f944e4d7640:   00007f94a10055d0 00007f942c04f7c0
0x00007f944e4d7650:   0000000005e00002 0000000000000001
0x00007f944e4d7660:   00007f944e4d76d0 0000000000000000
0x00007f944e4d7670:   00007f944e4d77a8 00007f944e4d7710
0x00007f944e4d7680:   00007f94b063a800 00007f944c499ba7
0x00007f944e4d7690:   00007f94b063a800 00007f944dd60ab0
0x00007f944e4d76a0:   0000000005e00002 00007f943401e720
0x00007f944e4d76b0:   00007f944e4d7710 00007f94b063a9f8
0x00007f944e4d76c0:   00000006c72470e8 00007f944dd60ab0
0x00007f944e4d76d0:   00007f944e4d7720 00007f94a17c9d3d
0x00007f944e4d76e0:   00000006c7385bd8 00007f94d8e70b7f
0x00007f944e4d76f0:   00000006c7385be8 00000006c7385bf8
0x00007f944e4d7700:   00007f9430daf630 00007f94b063a800
0x00007f944e4d7710:   00000006c73d9248 00007f94d8e70b64
0x00007f944e4d7720:   00000006c72470e8 00007f94a13c1e40
0x00007f944e4d7730:   00000006c72470e8 00007f9400000003
0x00007f944e4d7740:   00000006c725f508 00007f943401e720
0x00007f944e4d7750:   0000000005e00002 00007f944dd60ab0
0x00007f944e4d7760:   00000006c7385b10 00000000000000b6
0x00007f944e4d7770:   0000000000000000 00007f9430daf5f7
0x00007f944e4d7780:   00007f944e4d7810 00007f94b063a800
0x00007f944e4d7790:   00007f944e4d77f0 00007f94a1007ccd
0x00007f944e4d77a0:   00007f94a1007ccd 00000006c72470e8
0x00007f944e4d77b0:   00007f944e4d77b0 00007f9430daf5f7
0x00007f944e4d77c0:   00007f944e4d7810 00007f9430db1f90
0x00007f944e4d77d0:   0000000000000000 00007f9430daf630 

Instructions: (pc=0x00007f9432d87998)
0x00007f9432d87978:   0f 1f 84 00 00 00 00 00 48 83 c4 10 5b 5d 41 5c
0x00007f9432d87988:   c3 0f 1f 80 00 00 00 00 41 54 55 53 48 83 ec 10
0x00007f9432d87998:   48 8b 1f 48 85 db 74 3d f6 83 48 05 00 00 01 49
0x00007f9432d879a8:   89 f4 89 cd 75 72 83 e2 01 75 5d 83 e5 fd 74 38 

Register to memory mapping:

RAX=0x00007f9432d87990: <offset 0x3c9990> in /usr/lib/x86_64-linux-gnu/dri/i965_dri.so at 0x00007f94329be000
RBX=0x00007f942c04f7c0 is an unknown value
RCX=0x0000000000000000 is an unknown value
RDX=0x0000000000000001 is an unknown value
RSP=0x00007f944e4d75e0 is pointing into the stack for thread: 0x00007f94b063a800
RBP=0x00007f943402bf90 is an unknown value
RSI=0x00007f942c04f8a0 is an unknown value
RDI=0x0000000100000000 is an unknown value
R8 =0x0000000000000000 is an unknown value
R9 =0x00007f944dd86fc0: <offset 0x42fc0> in /usr/lib/x86_64-linux-gnu/mesa/libGL.so.1 at 0x00007f944dd44000
R10=0x00007f94a17c9cc7 is at entry_point+71 in (nmethod*)0x00007f94a17c9b10
R11=0x00000006c73d9248 is an oop
java.lang.Class 
 - klass: 'java/lang/Class'
R12=0x00007f9434029a40 is an unknown value
R13=0x0000000000000000 is an unknown value
R14=0x00007f943402d180 is an unknown value
R15=0x0000000000000000 is an unknown value


Stack: [0x00007f944e3d9000,0x00007f944e4da000],  sp=0x00007f944e4d75e0,  free space=1017k
Native frames: (J=compiled Java code, j=interpreted, Vv=VM code, C=native code)
C  [i965_dri.so+0x3c9998]

Java frames: (J=compiled Java code, j=interpreted, Vv=VM code)
J 1955  jogamp.opengl.x11.glx.GLX.dispatch_glXSwapBuffers0(JJJ)V (0 bytes) @ 0x00007f94a17c9cc7 [0x00007f94a17c9c80+0x47]
J 2215 C2 jogamp.opengl.GLDrawableImpl.swapBuffers()V (138 bytes) @ 0x00007f94a13c1e40 [0x00007f94a13c1c60+0x1e0]
j  jogamp.opengl.GLAutoDrawableBase.defaultSwapBuffers()V+23
j  com.jogamp.newt.opengl.GLWindow.swapBuffers()V+1
j  processing.opengl.PJOGL.swapBuffers()V+15
j  processing.opengl.PGraphicsOpenGL.dispose()V+15
j  processing.core.PApplet.dispose()V+28
j  processing.opengl.PSurfaceJOGL$NEWTWindowListener.windowDestroyNotify(Lcom/jogamp/newt/event/WindowEvent;)V+7
j  jogamp.newt.WindowImpl.consumeWindowEvent(Lcom/jogamp/newt/event/WindowEvent;)V+254
j  jogamp.newt.WindowImpl.sendWindowEvent(I)V+14
j  jogamp.newt.WindowImpl$1.run()V+143
j  jogamp.newt.DisplayImpl.runOnEDTIfAvail(ZLjava/lang/Runnable;)V+172
j  jogamp.newt.WindowImpl.runOnEDTIfAvail(ZLjava/lang/Runnable;)V+36
j  jogamp.newt.WindowImpl.destroy()V+11
j  com.jogamp.newt.opengl.GLWindow.destroy()V+4
j  jogamp.opengl.GLAutoDrawableBase.destroyAvoidAwareOfLocking()V+31
j  jogamp.opengl.GLAutoDrawableBase.defaultWindowDestroyNotifyOp()V+43
j  com.jogamp.newt.opengl.GLWindow.access$000(Lcom/jogamp/newt/opengl/GLWindow;)V+1
j  com.jogamp.newt.opengl.GLWindow$1.run()V+4
j  jogamp.newt.WindowImpl.windowDestroyNotify(Z)Z+147
v  ~StubRoutines::call_stub
J 1361  jogamp.newt.driver.x11.DisplayDriver.DispatchMessages0(JJJII)V (0 bytes) @ 0x00007f94a152c6bf [0x00007f94a152c680+0x3f]
J 2137 C2 jogamp.newt.driver.x11.DisplayDriver.dispatchMessagesNative()V (66 bytes) @ 0x00007f94a18644a4 [0x00007f94a1864340+0x164]
J 2138 C2 jogamp.newt.DisplayImpl$7.run()V (8 bytes) @ 0x00007f94a18626a4 [0x00007f94a1862640+0x64]
j  jogamp.newt.DefaultEDTUtil$NEDT.run()V+67
v  ~StubRoutines::call_stub

---------------  P R O C E S S  ---------------

Java Threads: ( => current thread )
  0x00007f942c133800 JavaThread "Thread-6" [_thread_blocked, id=7148, stack(0x00007f9430395000,0x00007f9430496000)]
  0x00007f942c11d800 JavaThread "Java Sound Event Dispatcher" daemon [_thread_blocked, id=7143, stack(0x00007f9430496000,0x00007f9430597000)]
  0x00007f94b000f800 JavaThread "DestroyJavaVM" [_thread_blocked, id=7087, stack(0x00007f94b8de8000,0x00007f94b8ee9000)]
  0x00007f94b06a8800 JavaThread "Thread-2" [_thread_blocked, id=7129, stack(0x00007f944f6cd000,0x00007f944f7ce000)]
  0x00007f94b068d000 JavaThread "main-SharedResourceRunner" daemon [_thread_blocked, id=7128, stack(0x00007f944eda0000,0x00007f944eea1000)]
  0x00007f94b0670000 JavaThread "main-SharedResourceRunner" daemon [_thread_blocked, id=7127, stack(0x00007f944c300000,0x00007f944c401000)]
=>0x00007f94b063a800 JavaThread "main-Display-.x11_:0-1-EDT-1" daemon [_thread_in_native, id=7126, stack(0x00007f944e3d9000,0x00007f944e4da000)]
  0x00007f94b029a000 JavaThread "AWT-XAWT" daemon [_thread_in_native, id=7114, stack(0x00007f948c089000,0x00007f948c18a000)]
  0x00007f94b0272000 JavaThread "Java2D Disposer" daemon [_thread_blocked, id=7113, stack(0x00007f94982f5000,0x00007f94983f6000)]
  0x00007f94b00d6800 JavaThread "Service Thread" daemon [_thread_blocked, id=7111, stack(0x00007f949a063000,0x00007f949a164000)]
  0x00007f94b00d1000 JavaThread "C1 CompilerThread2" daemon [_thread_blocked, id=7110, stack(0x00007f949a164000,0x00007f949a265000)]
  0x00007f94b00cf800 JavaThread "C2 CompilerThread1" daemon [_thread_blocked, id=7109, stack(0x00007f949a265000,0x00007f949a366000)]
  0x00007f94b00cc800 JavaThread "C2 CompilerThread0" daemon [_thread_blocked, id=7108, stack(0x00007f949a366000,0x00007f949a467000)]
  0x00007f9474001000 JavaThread "JDWP Command Reader" daemon [_thread_in_native, id=7102, stack(0x00007f949a467000,0x00007f949a568000)]
  0x00007f94b00ca800 JavaThread "JDWP Event Helper Thread" daemon [_thread_blocked, id=7098, stack(0x00007f949a568000,0x00007f949a669000)]
  0x00007f94b00c7000 JavaThread "JDWP Transport Listener: dt_socket" daemon [_thread_blocked, id=7097, stack(0x00007f949a669000,0x00007f949a76a000)]
  0x00007f94b00b9800 JavaThread "Signal Dispatcher" daemon [_thread_blocked, id=7096, stack(0x00007f949a96e000,0x00007f949aa6f000)]
  0x00007f94b0084800 JavaThread "Finalizer" daemon [_thread_blocked, id=7094, stack(0x00007f949aa6f000,0x00007f949ab70000)]
  0x00007f94b0082800 JavaThread "Reference Handler" daemon [_thread_blocked, id=7093, stack(0x00007f949ab70000,0x00007f949ac71000)]

Other Threads:
  0x00007f94b007d000 VMThread [stack: 0x00007f949ac71000,0x00007f949ad72000] [id=7092]
  0x00007f94b00d9000 WatcherThread [stack: 0x00007f9499f62000,0x00007f949a063000] [id=7112]

VM state:not at safepoint (normal execution)

VM Mutex/Monitor currently owned by a thread: None

Heap:
 PSYoungGen      total 44032K, used 12287K [0x000000076d100000, 0x0000000787780000, 0x00000007c0000000)
  eden space 43520K, 28% used [0x000000076d100000,0x000000076dcefc98,0x000000076fb80000)
  from space 512K, 12% used [0x0000000787700000,0x0000000787710000,0x0000000787780000)
  to   space 512K, 0% used [0x0000000787680000,0x0000000787680000,0x0000000787700000)
 ParOldGen       total 171008K, used 5165K [0x00000006c7200000, 0x00000006d1900000, 0x000000076d100000)
  object space 171008K, 3% used [0x00000006c7200000,0x00000006c770b518,0x00000006d1900000)
 Metaspace       used 17674K, capacity 17930K, committed 18048K, reserved 1064960K
  class space    used 1570K, capacity 1662K, committed 1664K, reserved 1048576K

Card table byte_map: [0x00007f94b48e1000,0x00007f94b50a9000] byte_map_base: 0x00007f94b12a8000

Marking Bits: (ParMarkBitMap*) 0x00007f94b82c6660
 Begin Bits: [0x00007f948c390000, 0x00007f94901c8000)
 End Bits:   [0x00007f94901c8000, 0x00007f9494000000)

Polling page: 0x00007f94b8f0d000

CodeCache: size=245760Kb used=7469Kb max_used=8646Kb free=238290Kb
 bounds [0x00007f94a1000000, 0x00007f94a18c0000, 0x00007f94b0000000]
 total_blobs=2731 nmethods=1775 adapters=877
 compilation: enabled

Compilation events (10 events):
Event: 201.318 Thread 0x00007f94b00d1000 2266       3       jogamp.newt.WindowImpl::dispatchMouseEvent (202 bytes)
Event: 201.320 Thread 0x00007f94b00d1000 nmethod 2266 0x00007f94a17b42d0 code [0x00007f94a17b45e0, 0x00007f94a17b5cd8]
Event: 201.320 Thread 0x00007f94b00d1000 2265       3       com.jogamp.newt.event.InputEvent::<init> (14 bytes)
Event: 201.321 Thread 0x00007f94b00d1000 nmethod 2265 0x00007f94a1167690 code [0x00007f94a1167820, 0x00007f94a1167c08]
Event: 201.329 Thread 0x00007f94b00d1000 2267       3       com.jogamp.newt.event.InputEvent::getButtonMask (19 bytes)
Event: 201.329 Thread 0x00007f94b00d1000 nmethod 2267 0x00007f94a13cc190 code [0x00007f94a13cc300, 0x00007f94a13cc4d0]
Event: 201.330 Thread 0x00007f94b00d1000 2268       3       processing.core.PApplet::handleMethods (22 bytes)
Event: 201.331 Thread 0x00007f94b00d1000 nmethod 2268 0x00007f94a13cb850 code [0x00007f94a13cb9e0, 0x00007f94a13cbd98]
Event: 201.838 Thread 0x00007f94b00d1000 2269       3       com.jogamp.nativewindow.util.Point::set (11 bytes)
Event: 201.839 Thread 0x00007f94b00d1000 nmethod 2269 0x00007f94a14e5190 code [0x00007f94a14e52e0, 0x00007f94a14e5430]

GC Heap History (10 events):
Event: 402.835 GC heap before
{Heap before GC invocations=1230 (full 0):
 PSYoungGen      total 46592K, used 46144K [0x000000076d100000, 0x0000000787780000, 0x00000007c0000000)
  eden space 46080K, 100% used [0x000000076d100000,0x000000076fe00000,0x000000076fe00000)
  from space 512K, 12% used [0x0000000787680000,0x0000000787690000,0x0000000787700000)
  to   space 512K, 0% used [0x0000000787700000,0x0000000787700000,0x0000000787780000)
 ParOldGen       total 171008K, used 5165K [0x00000006c7200000, 0x00000006d1900000, 0x000000076d100000)
  object space 171008K, 3% used [0x00000006c7200000,0x00000006c770b518,0x00000006d1900000)
 Metaspace       used 17673K, capacity 17930K, committed 18048K, reserved 1064960K
  class space    used 1570K, capacity 1662K, committed 1664K, reserved 1048576K
Event: 402.835 GC heap after
Heap after GC invocations=1230 (full 0):
 PSYoungGen      total 46080K, used 96K [0x000000076d100000, 0x0000000787780000, 0x00000007c0000000)
  eden space 45568K, 0% used [0x000000076d100000,0x000000076d100000,0x000000076fd80000)
  from space 512K, 18% used [0x0000000787700000,0x0000000787718000,0x0000000787780000)
  to   space 512K, 0% used [0x0000000787680000,0x0000000787680000,0x0000000787700000)
 ParOldGen       total 171008K, used 5165K [0x00000006c7200000, 0x00000006d1900000, 0x000000076d100000)
  object space 171008K, 3% used [0x00000006c7200000,0x00000006c770b518,0x00000006d1900000)
 Metaspace       used 17673K, capacity 17930K, committed 18048K, reserved 1064960K
  class space    used 1570K, capacity 1662K, committed 1664K, reserved 1048576K
}
Event: 403.101 GC heap before
{Heap before GC invocations=1231 (full 0):
 PSYoungGen      total 46080K, used 45664K [0x000000076d100000, 0x0000000787780000, 0x00000007c0000000)
  eden space 45568K, 100% used [0x000000076d100000,0x000000076fd80000,0x000000076fd80000)
  from space 512K, 18% used [0x0000000787700000,0x0000000787718000,0x0000000787780000)
  to   space 512K, 0% used [0x0000000787680000,0x0000000787680000,0x0000000787700000)
 ParOldGen       total 171008K, used 5165K [0x00000006c7200000, 0x00000006d1900000, 0x000000076d100000)
  object space 171008K, 3% used [0x00000006c7200000,0x00000006c770b518,0x00000006d1900000)
 Metaspace       used 17673K, capacity 17930K, committed 18048K, reserved 1064960K
  class space    used 1570K, capacity 1662K, committed 1664K, reserved 1048576K
Event: 403.103 GC heap after
Heap after GC invocations=1231 (full 0):
 PSYoungGen      total 45568K, used 96K [0x000000076d100000, 0x0000000787780000, 0x00000007c0000000)
  eden space 45056K, 0% used [0x000000076d100000,0x000000076d100000,0x000000076fd00000)
  from space 512K, 18% used [0x0000000787680000,0x0000000787698000,0x0000000787700000)
  to   space 512K, 0% used [0x0000000787700000,0x0000000787700000,0x0000000787780000)
 ParOldGen       total 171008K, used 5165K [0x00000006c7200000, 0x00000006d1900000, 0x000000076d100000)
  object space 171008K, 3% used [0x00000006c7200000,0x00000006c770b518,0x00000006d1900000)
 Metaspace       used 17673K, capacity 17930K, committed 18048K, reserved 1064960K
  class space    used 1570K, capacity 1662K, committed 1664K, reserved 1048576K
}
Event: 403.366 GC heap before
{Heap before GC invocations=1232 (full 0):
 PSYoungGen      total 45568K, used 45152K [0x000000076d100000, 0x0000000787780000, 0x00000007c0000000)
  eden space 45056K, 100% used [0x000000076d100000,0x000000076fd00000,0x000000076fd00000)
  from space 512K, 18% used [0x0000000787680000,0x0000000787698000,0x0000000787700000)
  to   space 512K, 0% used [0x0000000787700000,0x0000000787700000,0x0000000787780000)
 ParOldGen       total 171008K, used 5165K [0x00000006c7200000, 0x00000006d1900000, 0x000000076d100000)
  object space 171008K, 3% used [0x00000006c7200000,0x00000006c770b518,0x00000006d1900000)
 Metaspace       used 17673K, capacity 17930K, committed 18048K, reserved 1064960K
  class space    used 1570K, capacity 1662K, committed 1664K, reserved 1048576K
Event: 403.367 GC heap after
Heap after GC invocations=1232 (full 0):
 PSYoungGen      total 45056K, used 96K [0x000000076d100000, 0x0000000787780000, 0x00000007c0000000)
  eden space 44544K, 0% used [0x000000076d100000,0x000000076d100000,0x000000076fc80000)
  from space 512K, 18% used [0x0000000787700000,0x0000000787718000,0x0000000787780000)
  to   space 512K, 0% used [0x0000000787680000,0x0000000787680000,0x0000000787700000)
 ParOldGen       total 171008K, used 5165K [0x00000006c7200000, 0x00000006d1900000, 0x000000076d100000)
  object space 171008K, 3% used [0x00000006c7200000,0x00000006c770b518,0x00000006d1900000)
 Metaspace       used 17673K, capacity 17930K, committed 18048K, reserved 1064960K
  class space    used 1570K, capacity 1662K, committed 1664K, reserved 1048576K
}
Event: 403.616 GC heap before
{Heap before GC invocations=1233 (full 0):
 PSYoungGen      total 45056K, used 44640K [0x000000076d100000, 0x0000000787780000, 0x00000007c0000000)
  eden space 44544K, 100% used [0x000000076d100000,0x000000076fc80000,0x000000076fc80000)
  from space 512K, 18% used [0x0000000787700000,0x0000000787718000,0x0000000787780000)
  to   space 512K, 0% used [0x0000000787680000,0x0000000787680000,0x0000000787700000)
 ParOldGen       total 171008K, used 5165K [0x00000006c7200000, 0x00000006d1900000, 0x000000076d100000)
  object space 171008K, 3% used [0x00000006c7200000,0x00000006c770b518,0x00000006d1900000)
 Metaspace       used 17673K, capacity 17930K, committed 18048K, reserved 1064960K
  class space    used 1570K, capacity 1662K, committed 1664K, reserved 1048576K
Event: 403.618 GC heap after
Heap after GC invocations=1233 (full 0):
 PSYoungGen      total 44544K, used 64K [0x000000076d100000, 0x0000000787780000, 0x00000007c0000000)
  eden space 44032K, 0% used [0x000000076d100000,0x000000076d100000,0x000000076fc00000)
  from space 512K, 12% used [0x0000000787680000,0x0000000787690000,0x0000000787700000)
  to   space 512K, 0% used [0x0000000787700000,0x0000000787700000,0x0000000787780000)
 ParOldGen       total 171008K, used 5165K [0x00000006c7200000, 0x00000006d1900000, 0x000000076d100000)
  object space 171008K, 3% used [0x00000006c7200000,0x00000006c770b518,0x00000006d1900000)
 Metaspace       used 17673K, capacity 17930K, committed 18048K, reserved 1064960K
  class space    used 1570K, capacity 1662K, committed 1664K, reserved 1048576K
}
Event: 403.868 GC heap before
{Heap before GC invocations=1234 (full 0):
 PSYoungGen      total 44544K, used 44096K [0x000000076d100000, 0x0000000787780000, 0x00000007c0000000)
  eden space 44032K, 100% used [0x000000076d100000,0x000000076fc00000,0x000000076fc00000)
  from space 512K, 12% used [0x0000000787680000,0x0000000787690000,0x0000000787700000)
  to   space 512K, 0% used [0x0000000787700000,0x0000000787700000,0x0000000787780000)
 ParOldGen       total 171008K, used 5165K [0x00000006c7200000, 0x00000006d1900000, 0x000000076d100000)
  object space 171008K, 3% used [0x00000006c7200000,0x00000006c770b518,0x00000006d1900000)
 Metaspace       used 17673K, capacity 17930K, committed 18048K, reserved 1064960K
  class space    used 1570K, capacity 1662K, committed 1664K, reserved 1048576K
Event: 403.868 GC heap after
Heap after GC invocations=1234 (full 0):
 PSYoungGen      total 44032K, used 64K [0x000000076d100000, 0x0000000787780000, 0x00000007c0000000)
  eden space 43520K, 0% used [0x000000076d100000,0x000000076d100000,0x000000076fb80000)
  from space 512K, 12% used [0x0000000787700000,0x0000000787710000,0x0000000787780000)
  to   space 512K, 0% used [0x0000000787680000,0x0000000787680000,0x0000000787700000)
 ParOldGen       total 171008K, used 5165K [0x00000006c7200000, 0x00000006d1900000, 0x000000076d100000)
  object space 171008K, 3% used [0x00000006c7200000,0x00000006c770b518,0x00000006d1900000)
 Metaspace       used 17673K, capacity 17930K, committed 18048K, reserved 1064960K
  class space    used 1570K, capacity 1662K, committed 1664K, reserved 1048576K
}

Deoptimization events (10 events):
Event: 403.802 Thread 0x00007f94b06aa000 Uncommon trap: reason=unhandled action=none pc=0x00007f94a1895240 method=jogamp.opengl.gl4.GL4bcImpl.getGL2()Lcom/jogamp/opengl/GL2; @ 17
Event: 403.818 Thread 0x00007f94b06aa000 Uncommon trap: reason=unhandled action=none pc=0x00007f94a1895240 method=jogamp.opengl.gl4.GL4bcImpl.getGL2()Lcom/jogamp/opengl/GL2; @ 17
Event: 403.835 Thread 0x00007f94b06aa000 Uncommon trap: reason=unhandled action=none pc=0x00007f94a1895240 method=jogamp.opengl.gl4.GL4bcImpl.getGL2()Lcom/jogamp/opengl/GL2; @ 17
Event: 403.852 Thread 0x00007f94b06aa000 Uncommon trap: reason=unhandled action=none pc=0x00007f94a1895240 method=jogamp.opengl.gl4.GL4bcImpl.getGL2()Lcom/jogamp/opengl/GL2; @ 17
Event: 403.869 Thread 0x00007f94b06aa000 Uncommon trap: reason=unhandled action=none pc=0x00007f94a1895240 method=jogamp.opengl.gl4.GL4bcImpl.getGL2()Lcom/jogamp/opengl/GL2; @ 17
Event: 403.885 Thread 0x00007f94b06aa000 Uncommon trap: reason=unhandled action=none pc=0x00007f94a1895240 method=jogamp.opengl.gl4.GL4bcImpl.getGL2()Lcom/jogamp/opengl/GL2; @ 17
Event: 403.901 Thread 0x00007f94b06aa000 Uncommon trap: reason=unhandled action=none pc=0x00007f94a1895240 method=jogamp.opengl.gl4.GL4bcImpl.getGL2()Lcom/jogamp/opengl/GL2; @ 17
Event: 403.918 Thread 0x00007f94b06aa000 Uncommon trap: reason=unhandled action=none pc=0x00007f94a1895240 method=jogamp.opengl.gl4.GL4bcImpl.getGL2()Lcom/jogamp/opengl/GL2; @ 17
Event: 403.961 Thread 0x00007f94b06aa000 Uncommon trap: reason=unstable_if action=reinterpret pc=0x00007f94a14aa410 method=com.jogamp.opengl.util.FPSAnimator$MainTask.run()V @ 199
Event: 403.961 Thread 0x00007f94b06aa000 Uncommon trap: reason=unstable_if action=reinterpret pc=0x00007f94a181f3f4 method=java.util.TaskQueue.isEmpty()Z @ 4

Internal exceptions (10 events):
Event: 1.410 Thread 0x00007f94b000f800 Exception <a 'java/security/PrivilegedActionException'> (0x000000076d7b0d20) thrown at [/HUDSON/workspace/8-2-build-linux-amd64/jdk8u51/3951/hotspot/src/share/vm/prims/jvm.cpp, line 1382]
Event: 1.410 Thread 0x00007f94b000f800 Exception <a 'java/security/PrivilegedActionException'> (0x000000076d7b0ed8) thrown at [/HUDSON/workspace/8-2-build-linux-amd64/jdk8u51/3951/hotspot/src/share/vm/prims/jvm.cpp, line 1382]
Event: 1.412 Thread 0x00007f94b000f800 Exception <a 'java/security/PrivilegedActionException'> (0x000000076d7b3190) thrown at [/HUDSON/workspace/8-2-build-linux-amd64/jdk8u51/3951/hotspot/src/share/vm/prims/jvm.cpp, line 1382]
Event: 1.412 Thread 0x00007f94b000f800 Exception <a 'java/security/PrivilegedActionException'> (0x000000076d7b3348) thrown at [/HUDSON/workspace/8-2-build-linux-amd64/jdk8u51/3951/hotspot/src/share/vm/prims/jvm.cpp, line 1382]
Event: 1.429 Thread 0x00007f94b000f800 Exception <a 'java/io/FileNotFoundException'> (0x000000076d7bd0a0) thrown at [/HUDSON/workspace/8-2-build-linux-amd64/jdk8u51/3951/hotspot/src/share/vm/prims/jni.cpp, line 709]
Event: 1.429 Thread 0x00007f94b000f800 Exception <a 'java/io/FileNotFoundException'> (0x000000076d7bda28) thrown at [/HUDSON/workspace/8-2-build-linux-amd64/jdk8u51/3951/hotspot/src/share/vm/prims/jni.cpp, line 709]
Event: 1.595 Thread 0x00007f94b000f800 Exception <a 'java/lang/NoSuchFieldError': method resolution failed> (0x000000076d8c3988) thrown at [/HUDSON/workspace/8-2-build-linux-amd64/jdk8u51/3951/hotspot/src/share/vm/prims/methodHandles.cpp, line 1125]
Event: 1.599 Thread 0x00007f94b000f800 Exception <a 'java/lang/NoSuchFieldError': method resolution failed> (0x000000076d8d2348) thrown at [/HUDSON/workspace/8-2-build-linux-amd64/jdk8u51/3951/hotspot/src/share/vm/prims/methodHandles.cpp, line 1125]
Event: 3.569 Thread 0x00007f94b000f800 Exception <a 'java/lang/InterruptedException'> (0x000000076f3d54e8) thrown at [/HUDSON/workspace/8-2-build-linux-amd64/jdk8u51/3951/hotspot/src/share/vm/runtime/objectMonitor.cpp, line 1683]
Event: 3.986 Thread 0x00007f94b000f800 Exception <a 'java/lang/InterruptedException'> (0x000000076f3e0988) thrown at [/HUDSON/workspace/8-2-build-linux-amd64/jdk8u51/3951/hotspot/src/share/vm/runtime/objectMonitor.cpp, line 1683]

Events (10 events):
Event: 403.918 Thread 0x00007f94b06aa000 Uncommon trap: trap_request=0xffffffa7 fr.pc=0x00007f94a1895240
Event: 403.918 Thread 0x00007f94b06aa000 DEOPT PACKING pc=0x00007f94a1895240 sp=0x00007f9430d96350
Event: 403.918 Thread 0x00007f94b06aa000 DEOPT UNPACKING pc=0x00007f94a1005229 sp=0x00007f9430d96130 mode 2
Event: 403.961 Thread 0x00007f94b06aa000 Uncommon trap: trap_request=0xffffff65 fr.pc=0x00007f94a14aa410
Event: 403.961 Thread 0x00007f94b06aa000 DEOPT PACKING pc=0x00007f94a14aa410 sp=0x00007f9430d964b0
Event: 403.961 Thread 0x00007f94b06aa000 DEOPT UNPACKING pc=0x00007f94a1005229 sp=0x00007f9430d964c0 mode 2
Event: 403.961 Thread 0x00007f94b06aa000 Uncommon trap: trap_request=0xffffff65 fr.pc=0x00007f94a181f3f4
Event: 403.961 Thread 0x00007f94b06aa000 DEOPT PACKING pc=0x00007f94a181f3f4 sp=0x00007f9430d96520
Event: 403.961 Thread 0x00007f94b06aa000 DEOPT UNPACKING pc=0x00007f94a1005229 sp=0x00007f9430d964e8 mode 2
Event: 403.962 Thread 0x00007f94b06aa000 Thread exited: 0x00007f94b06aa000


Dynamic libraries:
00400000-00401000 r-xp 00000000 08:02 6695910                            /usr/bin/processing-3.0/java/bin/java
00600000-00601000 rw-p 00000000 08:02 6695910                            /usr/bin/processing-3.0/java/bin/java
0148d000-014ae000 rw-p 00000000 00:00 0                                  [heap]
6c7200000-6d1900000 rw-p 00000000 00:00 0 
6d1900000-76d100000 ---p 00000000 00:00 0 
76d100000-787780000 rw-p 00000000 00:00 0 
787780000-7c0000000 ---p 00000000 00:00 0 
7c0000000-7c01a0000 rw-p 00000000 00:00 0 
7c01a0000-800000000 ---p 00000000 00:00 0 
7f9418000000-7f9418021000 rw-p 00000000 00:00 0 
7f9418021000-7f941c000000 ---p 00000000 00:00 0 
7f941c000000-7f941c29c000 rw-p 00000000 00:00 0 
7f941c29c000-7f9420000000 ---p 00000000 00:00 0 
7f9420000000-7f9420021000 rw-p 00000000 00:00 0 
7f9420021000-7f9424000000 ---p 00000000 00:00 0 
7f94255bb000-7f94255bc000 ---p 00000000 00:00 0 
7f94255bc000-7f9425dbc000 rw-p 00000000 00:00 0 
7f9425dbc000-7f9425dbd000 ---p 00000000 00:00 0 
7f9425dbd000-7f94265bd000 rw-p 00000000 00:00 0                          [stack:7144]
7f94265bd000-7f942a5be000 rw-s 00000000 00:16 111890                     /run/shm/pulse-shm-2906015301
7f942a5be000-7f942a5c4000 r-xp 00000000 08:02 6947199                    /usr/lib/x86_64-linux-gnu/alsa-lib/libasound_module_pcm_pulse.so
7f942a5c4000-7f942a7c3000 ---p 00006000 08:02 6947199                    /usr/lib/x86_64-linux-gnu/alsa-lib/libasound_module_pcm_pulse.so
7f942a7c3000-7f942a7c4000 r--p 00005000 08:02 6947199                    /usr/lib/x86_64-linux-gnu/alsa-lib/libasound_module_pcm_pulse.so
7f942a7c4000-7f942a7c5000 rw-p 00006000 08:02 6947199                    /usr/lib/x86_64-linux-gnu/alsa-lib/libasound_module_pcm_pulse.so
7f942a7c5000-7f942a7dc000 r-xp 00000000 08:02 13635816                   /lib/x86_64-linux-gnu/libresolv-2.19.so
7f942a7dc000-7f942a9dc000 ---p 00017000 08:02 13635816                   /lib/x86_64-linux-gnu/libresolv-2.19.so
7f942a9dc000-7f942a9dd000 r--p 00017000 08:02 13635816                   /lib/x86_64-linux-gnu/libresolv-2.19.so
7f942a9dd000-7f942a9de000 rw-p 00018000 08:02 13635816                   /lib/x86_64-linux-gnu/libresolv-2.19.so
7f942a9de000-7f942a9e0000 rw-p 00000000 00:00 0 
7f942a9e0000-7f942a9e7000 r-xp 00000000 08:02 6562227                    /usr/lib/x86_64-linux-gnu/libogg.so.0.8.1
7f942a9e7000-7f942abe7000 ---p 00007000 08:02 6562227                    /usr/lib/x86_64-linux-gnu/libogg.so.0.8.1
7f942abe7000-7f942abe8000 r--p 00007000 08:02 6562227                    /usr/lib/x86_64-linux-gnu/libogg.so.0.8.1
7f942abe8000-7f942abe9000 rw-p 00008000 08:02 6562227                    /usr/lib/x86_64-linux-gnu/libogg.so.0.8.1
7f942abe9000-7f942ac15000 r-xp 00000000 08:02 6562501                    /usr/lib/x86_64-linux-gnu/libvorbis.so.0.4.5
7f942ac15000-7f942ae14000 ---p 0002c000 08:02 6562501                    /usr/lib/x86_64-linux-gnu/libvorbis.so.0.4.5
7f942ae14000-7f942ae15000 r--p 0002b000 08:02 6562501                    /usr/lib/x86_64-linux-gnu/libvorbis.so.0.4.5
7f942ae15000-7f942ae16000 rw-p 0002c000 08:02 6562501                    /usr/lib/x86_64-linux-gnu/libvorbis.so.0.4.5
7f942ae16000-7f942b0c9000 r-xp 00000000 08:02 6562503                    /usr/lib/x86_64-linux-gnu/libvorbisenc.so.2.0.8
7f942b0c9000-7f942b2c8000 ---p 002b3000 08:02 6562503                    /usr/lib/x86_64-linux-gnu/libvorbisenc.so.2.0.8
7f942b2c8000-7f942b2e4000 r--p 002b2000 08:02 6562503                    /usr/lib/x86_64-linux-gnu/libvorbisenc.so.2.0.8
7f942b2e4000-7f942b2e5000 rw-p 002ce000 08:02 6562503                    /usr/lib/x86_64-linux-gnu/libvorbisenc.so.2.0.8
7f942b2e5000-7f942b315000 r-xp 00000000 08:02 6561366                    /usr/lib/x86_64-linux-gnu/libFLAC.so.8.3.0
7f942b315000-7f942b514000 ---p 00030000 08:02 6561366                    /usr/lib/x86_64-linux-gnu/libFLAC.so.8.3.0
7f942b514000-7f942b515000 r--p 0002f000 08:02 6561366                    /usr/lib/x86_64-linux-gnu/libFLAC.so.8.3.0
7f942b515000-7f942b516000 rw-p 00030000 08:02 6561366                    /usr/lib/x86_64-linux-gnu/libFLAC.so.8.3.0
7f942b516000-7f942b51b000 r-xp 00000000 08:02 6561598                    /usr/lib/x86_64-linux-gnu/libasyncns.so.0.3.1
7f942b51b000-7f942b71a000 ---p 00005000 08:02 6561598                    /usr/lib/x86_64-linux-gnu/libasyncns.so.0.3.1
7f942b71a000-7f942b71b000 r--p 00004000 08:02 6561598                    /usr/lib/x86_64-linux-gnu/libasyncns.so.0.3.1
7f942b71b000-7f942b71c000 rw-p 00005000 08:02 6561598                    /usr/lib/x86_64-linux-gnu/libasyncns.so.0.3.1
7f942b71c000-7f942b77d000 r-xp 00000000 08:02 6562384                    /usr/lib/x86_64-linux-gnu/libsndfile.so.1.0.25
7f942b77d000-7f942b97d000 ---p 00061000 08:02 6562384                    /usr/lib/x86_64-linux-gnu/libsndfile.so.1.0.25
7f942b97d000-7f942b97f000 r--p 00061000 08:02 6562384                    /usr/lib/x86_64-linux-gnu/libsndfile.so.1.0.25
7f942b97f000-7f942b980000 rw-p 00063000 08:02 6562384                    /usr/lib/x86_64-linux-gnu/libsndfile.so.1.0.25
7f942b980000-7f942b984000 rw-p 00000000 00:00 0 
7f942b984000-7f942b98c000 r-xp 00000000 08:02 13635850                   /lib/x86_64-linux-gnu/libwrap.so.0.7.6
7f942b98c000-7f942bb8b000 ---p 00008000 08:02 13635850                   /lib/x86_64-linux-gnu/libwrap.so.0.7.6
7f942bb8b000-7f942bb8c000 r--p 00007000 08:02 13635850                   /lib/x86_64-linux-gnu/libwrap.so.0.7.6
7f942bb8c000-7f942bb8d000 rw-p 00008000 08:02 13635850                   /lib/x86_64-linux-gnu/libwrap.so.0.7.6
7f942bb8d000-7f942bb8e000 rw-p 00000000 00:00 0 
7f942bb8e000-7f942bbf4000 r-xp 00000000 08:02 6948471                    /usr/lib/x86_64-linux-gnu/pulseaudio/libpulsecommon-4.0.so
7f942bbf4000-7f942bdf3000 ---p 00066000 08:02 6948471                    /usr/lib/x86_64-linux-gnu/pulseaudio/libpulsecommon-4.0.so
7f942bdf3000-7f942bdf4000 r--p 00065000 08:02 6948471                    /usr/lib/x86_64-linux-gnu/pulseaudio/libpulsecommon-4.0.so
7f942bdf4000-7f942bdf5000 rw-p 00066000 08:02 6948471                    /usr/lib/x86_64-linux-gnu/pulseaudio/libpulsecommon-4.0.so
7f942bdf5000-7f942bdff000 r-xp 00000000 08:02 13635730                   /lib/x86_64-linux-gnu/libjson-c.so.2.0.0
7f942bdff000-7f942bffe000 ---p 0000a000 08:02 13635730                   /lib/x86_64-linux-gnu/libjson-c.so.2.0.0
7f942bffe000-7f942bfff000 r--p 00009000 08:02 13635730                   /lib/x86_64-linux-gnu/libjson-c.so.2.0.0
7f942bfff000-7f942c000000 rw-p 0000a000 08:02 13635730                   /lib/x86_64-linux-gnu/libjson-c.so.2.0.0
7f942c000000-7f942c6e8000 rw-p 00000000 00:00 0 
7f942c6e8000-7f9430000000 ---p 00000000 00:00 0 
7f943014c000-7f9430193000 r-xp 00000000 08:02 6562296                    /usr/lib/x86_64-linux-gnu/libpulse.so.0.16.2
7f9430193000-7f9430393000 ---p 00047000 08:02 6562296                    /usr/lib/x86_64-linux-gnu/libpulse.so.0.16.2
7f9430393000-7f9430394000 r--p 00047000 08:02 6562296                    /usr/lib/x86_64-linux-gnu/libpulse.so.0.16.2
7f9430394000-7f9430395000 rw-p 00048000 08:02 6562296                    /usr/lib/x86_64-linux-gnu/libpulse.so.0.16.2
7f9430395000-7f9430398000 ---p 00000000 00:00 0 
7f9430398000-7f9430496000 rw-p 00000000 00:00 0                          [stack:7148]
7f9430496000-7f9430499000 ---p 00000000 00:00 0 
7f9430499000-7f9430597000 rw-p 00000000 00:00 0                          [stack:7143]
7f9430597000-7f9430680000 r-xp 00000000 08:02 6561590                    /usr/lib/x86_64-linux-gnu/libasound.so.2.0.0
7f9430680000-7f943087f000 ---p 000e9000 08:02 6561590                    /usr/lib/x86_64-linux-gnu/libasound.so.2.0.0
7f943087f000-7f9430886000 r--p 000e8000 08:02 6561590                    /usr/lib/x86_64-linux-gnu/libasound.so.2.0.0
7f9430886000-7f9430887000 rw-p 000ef000 08:02 6561590                    /usr/lib/x86_64-linux-gnu/libasound.so.2.0.0
7f9430887000-7f9430896000 r-xp 00000000 08:02 8012164                    /usr/bin/processing-3.0/java/lib/amd64/libjsoundalsa.so
7f9430896000-7f9430a95000 ---p 0000f000 08:02 8012164                    /usr/bin/processing-3.0/java/lib/amd64/libjsoundalsa.so
7f9430a95000-7f9430a96000 rw-p 0000e000 08:02 8012164                    /usr/bin/processing-3.0/java/lib/amd64/libjsoundalsa.so
7f9430a96000-7f9430a97000 r-xp 00000000 08:02 8012181                    /usr/bin/processing-3.0/java/lib/amd64/libjsound.so
7f9430a97000-7f9430c96000 ---p 00001000 08:02 8012181                    /usr/bin/processing-3.0/java/lib/amd64/libjsound.so
7f9430c96000-7f9430c97000 rw-p 00000000 08:02 8012181                    /usr/bin/processing-3.0/java/lib/amd64/libjsound.so
7f9430c97000-7f9430c9a000 ---p 00000000 00:00 0 
7f9430c9a000-7f9430f98000 rw-p 00000000 00:00 0 
7f9430f98000-7f9430fdc000 r-xp 00000000 08:02 13635704                   /lib/x86_64-linux-gnu/libdbus-1.so.3.7.6
7f9430fdc000-7f94311db000 ---p 00044000 08:02 13635704                   /lib/x86_64-linux-gnu/libdbus-1.so.3.7.6
7f94311db000-7f94311dc000 r--p 00043000 08:02 13635704                   /lib/x86_64-linux-gnu/libdbus-1.so.3.7.6
7f94311dc000-7f94311dd000 rw-p 00044000 08:02 13635704                   /lib/x86_64-linux-gnu/libdbus-1.so.3.7.6
7f94311dd000-7f94311e5000 r-xp 00000000 08:02 13635752                   /lib/x86_64-linux-gnu/libnih-dbus.so.1.0.0
7f94311e5000-7f94313e5000 ---p 00008000 08:02 13635752                   /lib/x86_64-linux-gnu/libnih-dbus.so.1.0.0
7f94313e5000-7f94313e6000 r--p 00008000 08:02 13635752                   /lib/x86_64-linux-gnu/libnih-dbus.so.1.0.0
7f94313e6000-7f94313e7000 rw-p 00009000 08:02 13635752                   /lib/x86_64-linux-gnu/libnih-dbus.so.1.0.0
7f94313e7000-7f94313fe000 r-xp 00000000 08:02 13635754                   /lib/x86_64-linux-gnu/libnih.so.1.0.0
7f94313fe000-7f94315fd000 ---p 00017000 08:02 13635754                   /lib/x86_64-linux-gnu/libnih.so.1.0.0
7f94315fd000-7f94315fe000 r--p 00016000 08:02 13635754                   /lib/x86_64-linux-gnu/libnih.so.1.0.0
7f94315fe000-7f94315ff000 rw-p 00017000 08:02 13635754                   /lib/x86_64-linux-gnu/libnih.so.1.0.0
7f94315ff000-7f9431618000 r-xp 00000000 08:02 13635695                   /lib/x86_64-linux-gnu/libcgmanager.so.0.0.0
7f9431618000-7f9431817000 ---p 00019000 08:02 13635695                   /lib/x86_64-linux-gnu/libcgmanager.so.0.0.0
7f9431817000-7f9431819000 r--p 00018000 08:02 13635695                   /lib/x86_64-linux-gnu/libcgmanager.so.0.0.0
7f9431819000-7f943181a000 rw-p 0001a000 08:02 13635695                   /lib/x86_64-linux-gnu/libcgmanager.so.0.0.0
7f943181a000-7f943182a000 r-xp 00000000 08:02 13635838                   /lib/x86_64-linux-gnu/libudev.so.1.3.5
7f943182a000-7f9431a29000 ---p 00010000 08:02 13635838                   /lib/x86_64-linux-gnu/libudev.so.1.3.5
7f9431a29000-7f9431a2a000 r--p 0000f000 08:02 13635838                   /lib/x86_64-linux-gnu/libudev.so.1.3.5
7f9431a2a000-7f9431a2b000 rw-p 00010000 08:02 13635838                   /lib/x86_64-linux-gnu/libudev.so.1.3.5
7f9431a2b000-7f9431a62000 r-xp 00000000 08:02 6562454                    /usr/lib/x86_64-linux-gnu/libtxc_dxtn_s2tc.so.0.0.0
7f9431a62000-7f9431c61000 ---p 00037000 08:02 6562454                    /usr/lib/x86_64-linux-gnu/libtxc_dxtn_s2tc.so.0.0.0
7f9431c61000-7f9431c62000 r--p 00036000 08:02 6562454                    /usr/lib/x86_64-linux-gnu/libtxc_dxtn_s2tc.so.0.0.0
7f9431c62000-7f9431c63000 rw-p 00037000 08:02 6562454                    /usr/lib/x86_64-linux-gnu/libtxc_dxtn_s2tc.so.0.0.0
7f9431c63000-7f9431c7b000 r-xp 00000000 08:02 13635853                   /lib/x86_64-linux-gnu/libz.so.1.2.8
7f9431c7b000-7f9431e7a000 ---p 00018000 08:02 13635853                   /lib/x86_64-linux-gnu/libz.so.1.2.8
7f9431e7a000-7f9431e7b000 r--p 00017000 08:02 13635853                   /lib/x86_64-linux-gnu/libz.so.1.2.8
7f9431e7b000-7f9431e7c000 rw-p 00018000 08:02 13635853                   /lib/x86_64-linux-gnu/libz.so.1.2.8
7f9431e7c000-7f9431e84000 r-xp 00000000 08:02 6562259                    /usr/lib/x86_64-linux-gnu/libpciaccess.so.0.11.1
7f9431e84000-7f9432083000 ---p 00008000 08:02 6562259                    /usr/lib/x86_64-linux-gnu/libpciaccess.so.0.11.1
7f9432083000-7f9432084000 r--p 00007000 08:02 6562259                    /usr/lib/x86_64-linux-gnu/libpciaccess.so.0.11.1
7f9432084000-7f9432085000 rw-p 00008000 08:02 6562259                    /usr/lib/x86_64-linux-gnu/libpciaccess.so.0.11.1
7f9432085000-7f943216b000 r-xp 00000000 08:02 6562412                    /usr/lib/x86_64-linux-gnu/libstdc++.so.6.0.19
7f943216b000-7f943236a000 ---p 000e6000 08:02 6562412                    /usr/lib/x86_64-linux-gnu/libstdc++.so.6.0.19
7f943236a000-7f9432372000 r--p 000e5000 08:02 6562412                    /usr/lib/x86_64-linux-gnu/libstdc++.so.6.0.19
7f9432372000-7f9432374000 rw-p 000ed000 08:02 6562412                    /usr/lib/x86_64-linux-gnu/libstdc++.so.6.0.19
7f9432374000-7f9432389000 rw-p 00000000 00:00 0 
7f9432389000-7f9432395000 r-xp 00000000 08:02 6561756                    /usr/lib/x86_64-linux-gnu/libdrm_radeon.so.1.0.1
7f9432395000-7f9432594000 ---p 0000c000 08:02 6561756                    /usr/lib/x86_64-linux-gnu/libdrm_radeon.so.1.0.1
7f9432594000-7f9432595000 r--p 0000b000 08:02 6561756                    /usr/lib/x86_64-linux-gnu/libdrm_radeon.so.1.0.1
7f9432595000-7f9432596000 rw-p 0000c000 08:02 6561756                    /usr/lib/x86_64-linux-gnu/libdrm_radeon.so.1.0.1
7f9432596000-7f943259c000 r-xp 00000000 08:02 6561754                    /usr/lib/x86_64-linux-gnu/libdrm_nouveau.so.2.0.0
7f943259c000-7f943279b000 ---p 00006000 08:02 6561754                    /usr/lib/x86_64-linux-gnu/libdrm_nouveau.so.2.0.0
7f943279b000-7f943279c000 r--p 00005000 08:02 6561754                    /usr/lib/x86_64-linux-gnu/libdrm_nouveau.so.2.0.0
7f943279c000-7f943279d000 rw-p 00006000 08:02 6561754                    /usr/lib/x86_64-linux-gnu/libdrm_nouveau.so.2.0.0
7f943279d000-7f94327bd000 r-xp 00000000 08:02 6561752                    /usr/lib/x86_64-linux-gnu/libdrm_intel.so.1.0.0
7f94327bd000-7f94329bc000 ---p 00020000 08:02 6561752                    /usr/lib/x86_64-linux-gnu/libdrm_intel.so.1.0.0
7f94329bc000-7f94329bd000 r--p 0001f000 08:02 6561752                    /usr/lib/x86_64-linux-gnu/libdrm_intel.so.1.0.0
7f94329bd000-7f94329be000 rw-p 00020000 08:02 6561752                    /usr/lib/x86_64-linux-gnu/libdrm_intel.so.1.0.0
7f94329be000-7f9432f12000 r-xp 00000000 08:02 6947244                    /usr/lib/x86_64-linux-gnu/dri/i965_dri.so
7f9432f12000-7f9433112000 ---p 00554000 08:02 6947244                    /usr/lib/x86_64-linux-gnu/dri/i965_dri.so
7f9433112000-7f9433133000 r--p 00554000 08:02 6947244                    /usr/lib/x86_64-linux-gnu/dri/i965_dri.so
7f9433133000-7f943313a000 rw-p 00575000 08:02 6947244                    /usr/lib/x86_64-linux-gnu/dri/i965_dri.so
7f943313a000-7f9433141000 rw-p 00000000 00:00 0 
7f9433141000-7f943319a000 r-xp 00000000 08:02 4461996                    /tmp/jogamp_0000/file_cache/jln4327747245046811072/jln7615741887904214250/libjogl_mobile.so
7f943319a000-7f943339a000 ---p 00059000 08:02 4461996                    /tmp/jogamp_0000/file_cache/jln4327747245046811072/jln7615741887904214250/libjogl_mobile.so
7f943339a000-7f943339b000 rw-p 00059000 08:02 4461996                    /tmp/jogamp_0000/file_cache/jln4327747245046811072/jln7615741887904214250/libjogl_mobile.so
7f943339b000-7f94333a2000 r-xp 00000000 08:02 6561790                    /usr/lib/x86_64-linux-gnu/libffi.so.6.0.1
7f94333a2000-7f94335a1000 ---p 00007000 08:02 6561790                    /usr/lib/x86_64-linux-gnu/libffi.so.6.0.1
7f94335a1000-7f94335a2000 r--p 00006000 08:02 6561790                    /usr/lib/x86_64-linux-gnu/libffi.so.6.0.1
7f94335a2000-7f94335a3000 rw-p 00007000 08:02 6561790                    /usr/lib/x86_64-linux-gnu/libffi.so.6.0.1
7f94335a3000-7f94335af000 r-xp 00000000 08:02 6561843                    /usr/lib/x86_64-linux-gnu/libgbm.so.1.0.0
7f94335af000-7f94337af000 ---p 0000c000 08:02 6561843                    /usr/lib/x86_64-linux-gnu/libgbm.so.1.0.0
7f94337af000-7f94337b0000 r--p 0000c000 08:02 6561843                    /usr/lib/x86_64-linux-gnu/libgbm.so.1.0.0
7f94337b0000-7f94337b1000 rw-p 0000d000 08:02 6561843                    /usr/lib/x86_64-linux-gnu/libgbm.so.1.0.0
7f94337b1000-7f94337c0000 r-xp 00000000 08:02 6562520                    /usr/lib/x86_64-linux-gnu/libwayland-server.so.0.1.0
7f94337c0000-7f94339bf000 ---p 0000f000 08:02 6562520                    /usr/lib/x86_64-linux-gnu/libwayland-server.so.0.1.0
7f94339bf000-7f94339c1000 r--p 0000e000 08:02 6562520                    /usr/lib/x86_64-linux-gnu/libwayland-server.so.0.1.0
7f94339c1000-7f94339c2000 rw-p 00010000 08:02 6562520                    /usr/lib/x86_64-linux-gnu/libwayland-server.so.0.1.0
7f94339c2000-7f94339cd000 r-xp 00000000 08:02 6562514                    /usr/lib/x86_64-linux-gnu/libwayland-client.so.0.2.0
7f94339cd000-7f9433bcc000 ---p 0000b000 08:02 6562514                    /usr/lib/x86_64-linux-gnu/libwayland-client.so.0.2.0
7f9433bcc000-7f9433bce000 r--p 0000a000 08:02 6562514                    /usr/lib/x86_64-linux-gnu/libwayland-client.so.0.2.0
7f9433bce000-7f9433bcf000 rw-p 0000c000 08:02 6562514                    /usr/lib/x86_64-linux-gnu/libwayland-client.so.0.2.0
7f9433bcf000-7f9433bd4000 r-xp 00000000 08:02 6562570                    /usr/lib/x86_64-linux-gnu/libxcb-xfixes.so.0.0.0
7f9433bd4000-7f9433dd4000 ---p 00005000 08:02 6562570                    /usr/lib/x86_64-linux-gnu/libxcb-xfixes.so.0.0.0
7f9433dd4000-7f9433dd5000 r--p 00005000 08:02 6562570                    /usr/lib/x86_64-linux-gnu/libxcb-xfixes.so.0.0.0
7f9433dd5000-7f9433dd6000 rw-p 00006000 08:02 6562570                    /usr/lib/x86_64-linux-gnu/libxcb-xfixes.so.0.0.0
7f9433dd6000-7f9433dfd000 r-xp 00000000 08:02 6948353                    /usr/lib/x86_64-linux-gnu/mesa-egl/libEGL.so.1.0.0
7f9433dfd000-7f9433ffd000 ---p 00027000 08:02 6948353                    /usr/lib/x86_64-linux-gnu/mesa-egl/libEGL.so.1.0.0
7f9433ffd000-7f9433ffe000 r--p 00027000 08:02 6948353                    /usr/lib/x86_64-linux-gnu/mesa-egl/libEGL.so.1.0.0
7f9433ffe000-7f9433fff000 rw-p 00028000 08:02 6948353                    /usr/lib/x86_64-linux-gnu/mesa-egl/libEGL.so.1.0.0
7f9433fff000-7f9434000000 rw-p 00000000 00:00 0 
7f9434000000-7f9434756000 rw-p 00000000 00:00 0 
7f9434756000-7f9438000000 ---p 00000000 00:00 0 
7f9438000000-7f943ade8000 rw-p 00000000 00:00 0 
7f943ade8000-7f943c000000 ---p 00000000 00:00 0 
7f943c000000-7f943c021000 rw-p 00000000 00:00 0 
7f943c021000-7f9440000000 ---p 00000000 00:00 0 
7f9440000000-7f9443085000 rw-p 00000000 00:00 0 
7f9443085000-7f9444000000 ---p 00000000 00:00 0 
7f9444000000-7f9444021000 rw-p 00000000 00:00 0 
7f9444021000-7f9448000000 ---p 00000000 00:00 0 
7f9448000000-7f9448025000 rw-p 00000000 00:00 0 
7f9448025000-7f944c000000 ---p 00000000 00:00 0 
7f944c017000-7f944c018000 rw-p 00000000 00:00 0 
7f944c018000-7f944c01a000 rw-s 1d3f2e000 00:06 10208                     /dev/dri/card0
7f944c01a000-7f944c022000 rw-s 00000000 00:05 111902                     /drm mm object (deleted)
7f944c022000-7f944c023000 rw-s 1d3f2d000 00:06 10208                     /dev/dri/card0
7f944c023000-7f944c024000 rw-s 81000000 00:06 94744                      /dev/snd/pcmC2D0p
7f944c024000-7f944c025000 r--s 80000000 00:06 94744                      /dev/snd/pcmC2D0p
7f944c025000-7f944c02c000 r--s 00000000 08:02 6947811                    /usr/lib/x86_64-linux-gnu/gconv/gconv-modules.cache
7f944c02c000-7f944c03f000 r--s 00344000 08:02 6695996                    /usr/bin/processing-3.0/java/lib/resources.jar
7f944c03f000-7f944c0df000 rw-s 1d3e8d000 00:06 10208                     /dev/dri/card0
7f944c0df000-7f944c0e7000 rw-s 00000000 00:05 109517                     /drm mm object (deleted)
7f944c0e7000-7f944c0e8000 rw-s 1d3e8c000 00:06 10208                     /dev/dri/card0
7f944c0e8000-7f944c0f0000 rw-s 00000000 00:05 111287                     /drm mm object (deleted)
7f944c0f0000-7f944c0f1000 rw-s 1d3e8b000 00:06 10208                     /dev/dri/card0
7f944c0f1000-7f944c0f9000 rw-s 00000000 00:05 112754                     /drm mm object (deleted)
7f944c0f9000-7f944c0ff000 r-xp 00000000 08:02 6948357                    /usr/lib/x86_64-linux-gnu/mesa-egl/libGLESv2.so.2.0.0
7f944c0ff000-7f944c2fe000 ---p 00006000 08:02 6948357                    /usr/lib/x86_64-linux-gnu/mesa-egl/libGLESv2.so.2.0.0
7f944c2fe000-7f944c2ff000 r--p 00005000 08:02 6948357                    /usr/lib/x86_64-linux-gnu/mesa-egl/libGLESv2.so.2.0.0
7f944c2ff000-7f944c300000 rw-p 00006000 08:02 6948357                    /usr/lib/x86_64-linux-gnu/mesa-egl/libGLESv2.so.2.0.0
7f944c300000-7f944c303000 ---p 00000000 00:00 0 
7f944c303000-7f944c401000 rw-p 00000000 00:00 0                          [stack:7127]
7f944c401000-7f944c4b4000 r-xp 00000000 08:02 4461995                    /tmp/jogamp_0000/file_cache/jln4327747245046811072/jln7615741887904214250/libjogl_desktop.so
7f944c4b4000-7f944c6b4000 ---p 000b3000 08:02 4461995                    /tmp/jogamp_0000/file_cache/jln4327747245046811072/jln7615741887904214250/libjogl_desktop.so
7f944c6b4000-7f944c6b5000 rw-p 000b3000 08:02 4461995                    /tmp/jogamp_0000/file_cache/jln4327747245046811072/jln7615741887904214250/libjogl_desktop.so
7f944c6b5000-7f944c6c0000 r-xp 00000000 08:02 6561750                    /usr/lib/x86_64-linux-gnu/libdrm.so.2.4.0
7f944c6c0000-7f944c8bf000 ---p 0000b000 08:02 6561750                    /usr/lib/x86_64-linux-gnu/libdrm.so.2.4.0
7f944c8bf000-7f944c8c0000 r--p 0000a000 08:02 6561750                    /usr/lib/x86_64-linux-gnu/libdrm.so.2.4.0
7f944c8c0000-7f944c8c1000 rw-p 0000b000 08:02 6561750                    /usr/lib/x86_64-linux-gnu/libdrm.so.2.4.0
7f944c8c1000-7f944c8c2000 r-xp 00000000 08:02 6562584                    /usr/lib/x86_64-linux-gnu/libxshmfence.so.1.0.0
7f944c8c2000-7f944cac1000 ---p 00001000 08:02 6562584                    /usr/lib/x86_64-linux-gnu/libxshmfence.so.1.0.0
7f944cac1000-7f944cac2000 r--p 00000000 08:02 6562584                    /usr/lib/x86_64-linux-gnu/libxshmfence.so.1.0.0
7f944cac2000-7f944cac3000 rw-p 00001000 08:02 6562584                    /usr/lib/x86_64-linux-gnu/libxshmfence.so.1.0.0
7f944cac3000-7f944cac8000 r-xp 00000000 08:02 6562566                    /usr/lib/x86_64-linux-gnu/libxcb-sync.so.1.0.0
7f944cac8000-7f944ccc7000 ---p 00005000 08:02 6562566                    /usr/lib/x86_64-linux-gnu/libxcb-sync.so.1.0.0
7f944ccc7000-7f944ccc8000 r--p 00004000 08:02 6562566                    /usr/lib/x86_64-linux-gnu/libxcb-sync.so.1.0.0
7f944ccc8000-7f944ccc9000 rw-p 00005000 08:02 6562566                    /usr/lib/x86_64-linux-gnu/libxcb-sync.so.1.0.0
7f944ccc9000-7f944cccb000 r-xp 00000000 08:02 6562554                    /usr/lib/x86_64-linux-gnu/libxcb-present.so.0.0.0
7f944cccb000-7f944ceca000 ---p 00002000 08:02 6562554                    /usr/lib/x86_64-linux-gnu/libxcb-present.so.0.0.0
7f944ceca000-7f944cecb000 r--p 00001000 08:02 6562554                    /usr/lib/x86_64-linux-gnu/libxcb-present.so.0.0.0
7f944cecb000-7f944cecc000 rw-p 00002000 08:02 6562554                    /usr/lib/x86_64-linux-gnu/libxcb-present.so.0.0.0
7f944cecc000-7f944cece000 r-xp 00000000 08:02 6562544                    /usr/lib/x86_64-linux-gnu/libxcb-dri3.so.0.0.0
7f944cece000-7f944d0cd000 ---p 00002000 08:02 6562544                    /usr/lib/x86_64-linux-gnu/libxcb-dri3.so.0.0.0
7f944d0cd000-7f944d0ce000 r--p 00001000 08:02 6562544                    /usr/lib/x86_64-linux-gnu/libxcb-dri3.so.0.0.0
7f944d0ce000-7f944d0cf000 rw-p 00002000 08:02 6562544                    /usr/lib/x86_64-linux-gnu/libxcb-dri3.so.0.0.0
7f944d0cf000-7f944d0d2000 r-xp 00000000 08:02 6562542                    /usr/lib/x86_64-linux-gnu/libxcb-dri2.so.0.0.0
7f944d0d2000-7f944d2d2000 ---p 00003000 08:02 6562542                    /usr/lib/x86_64-linux-gnu/libxcb-dri2.so.0.0.0
7f944d2d2000-7f944d2d3000 r--p 00003000 08:02 6562542                    /usr/lib/x86_64-linux-gnu/libxcb-dri2.so.0.0.0
7f944d2d3000-7f944d2d4000 rw-p 00004000 08:02 6562542                    /usr/lib/x86_64-linux-gnu/libxcb-dri2.so.0.0.0
7f944d2d4000-7f944d2e9000 r-xp 00000000 08:02 6562546                    /usr/lib/x86_64-linux-gnu/libxcb-glx.so.0.0.0
7f944d2e9000-7f944d4e8000 ---p 00015000 08:02 6562546                    /usr/lib/x86_64-linux-gnu/libxcb-glx.so.0.0.0
7f944d4e8000-7f944d4ea000 r--p 00014000 08:02 6562546                    /usr/lib/x86_64-linux-gnu/libxcb-glx.so.0.0.0
7f944d4ea000-7f944d4eb000 rw-p 00016000 08:02 6562546                    /usr/lib/x86_64-linux-gnu/libxcb-glx.so.0.0.0
7f944d4eb000-7f944d4ec000 r-xp 00000000 08:02 6561502                    /usr/lib/x86_64-linux-gnu/libX11-xcb.so.1.0.0
7f944d4ec000-7f944d6eb000 ---p 00001000 08:02 6561502                    /usr/lib/x86_64-linux-gnu/libX11-xcb.so.1.0.0
7f944d6eb000-7f944d6ec000 r--p 00000000 08:02 6561502                    /usr/lib/x86_64-linux-gnu/libX11-xcb.so.1.0.0
7f944d6ec000-7f944d6ed000 rw-p 00001000 08:02 6561502                    /usr/lib/x86_64-linux-gnu/libX11-xcb.so.1.0.0
7f944d6ed000-7f944d6ef000 r-xp 00000000 08:02 6561517                    /usr/lib/x86_64-linux-gnu/libXdamage.so.1.1.0
7f944d6ef000-7f944d8ee000 ---p 00002000 08:02 6561517                    /usr/lib/x86_64-linux-gnu/libXdamage.so.1.1.0
7f944d8ee000-7f944d8ef000 r--p 00001000 08:02 6561517                    /usr/lib/x86_64-linux-gnu/libXdamage.so.1.1.0
7f944d8ef000-7f944d8f0000 rw-p 00002000 08:02 6561517                    /usr/lib/x86_64-linux-gnu/libXdamage.so.1.1.0
7f944d8f0000-7f944d915000 r-xp 00000000 08:02 6561895                    /usr/lib/x86_64-linux-gnu/libglapi.so.0.0.0
7f944d915000-7f944db15000 ---p 00025000 08:02 6561895                    /usr/lib/x86_64-linux-gnu/libglapi.so.0.0.0
7f944db15000-7f944db18000 r--p 00025000 08:02 6561895                    /usr/lib/x86_64-linux-gnu/libglapi.so.0.0.0
7f944db18000-7f944db19000 rw-p 00028000 08:02 6561895                    /usr/lib/x86_64-linux-gnu/libglapi.so.0.0.0
7f944db19000-7f944db1a000 rw-p 00000000 00:00 0 
7f944db1a000-7f944db41000 r-xp 00000000 08:02 13637323                   /lib/x86_64-linux-gnu/libexpat.so.1.6.0
7f944db41000-7f944dd41000 ---p 00027000 08:02 13637323                   /lib/x86_64-linux-gnu/libexpat.so.1.6.0
7f944dd41000-7f944dd43000 r--p 00027000 08:02 13637323                   /lib/x86_64-linux-gnu/libexpat.so.1.6.0
7f944dd43000-7f944dd44000 rw-p 00029000 08:02 13637323                   /lib/x86_64-linux-gnu/libexpat.so.1.6.0
7f944dd44000-7f944ddd2000 r-xp 00000000 08:02 6948350                    /usr/lib/x86_64-linux-gnu/mesa/libGL.so.1.2.0
7f944ddd2000-7f944dfd1000 ---p 0008e000 08:02 6948350                    /usr/lib/x86_64-linux-gnu/mesa/libGL.so.1.2.0
7f944dfd1000-7f944dfd4000 r--p 0008d000 08:02 6948350                    /usr/lib/x86_64-linux-gnu/mesa/libGL.so.1.2.0
7f944dfd4000-7f944dfd5000 rw-p 00090000 08:02 6948350                    /usr/lib/x86_64-linux-gnu/mesa/libGL.so.1.2.0
7f944dfd5000-7f944e1d6000 rw-p 00000000 00:00 0 
7f944e1d6000-7f944e1d8000 r-xp 00000000 08:02 6561531                    /usr/lib/x86_64-linux-gnu/libXinerama.so.1.0.0
7f944e1d8000-7f944e3d7000 ---p 00002000 08:02 6561531                    /usr/lib/x86_64-linux-gnu/libXinerama.so.1.0.0
7f944e3d7000-7f944e3d8000 r--p 00001000 08:02 6561531                    /usr/lib/x86_64-linux-gnu/libXinerama.so.1.0.0
7f944e3d8000-7f944e3d9000 rw-p 00002000 08:02 6561531                    /usr/lib/x86_64-linux-gnu/libXinerama.so.1.0.0
7f944e3d9000-7f944e3dc000 ---p 00000000 00:00 0 
7f944e3dc000-7f944e98a000 rw-p 00000000 00:00 0                          [stack:7126]
7f944e98a000-7f944e999000 r-xp 00000000 08:02 4461999                    /tmp/jogamp_0000/file_cache/jln4327747245046811072/jln7615741887904214250/libnewt.so
7f944e999000-7f944eb98000 ---p 0000f000 08:02 4461999                    /tmp/jogamp_0000/file_cache/jln4327747245046811072/jln7615741887904214250/libnewt.so
7f944eb98000-7f944eb99000 rw-p 0000e000 08:02 4461999                    /tmp/jogamp_0000/file_cache/jln4327747245046811072/jln7615741887904214250/libnewt.so
7f944eb99000-7f944eba0000 r-xp 00000000 08:02 4461998                    /tmp/jogamp_0000/file_cache/jln4327747245046811072/jln7615741887904214250/libnativewindow_x11.so
7f944eba0000-7f944ed9f000 ---p 00007000 08:02 4461998                    /tmp/jogamp_0000/file_cache/jln4327747245046811072/jln7615741887904214250/libnativewindow_x11.so
7f944ed9f000-7f944eda0000 rw-p 00006000 08:02 4461998                    /tmp/jogamp_0000/file_cache/jln4327747245046811072/jln7615741887904214250/libnativewindow_x11.so
7f944eda0000-7f944eda3000 ---p 00000000 00:00 0 
7f944eda3000-7f944eea1000 rw-p 00000000 00:00 0                          [stack:7128]
7f944eea1000-7f944eea5000 r-xp 00000000 08:02 6561559                    /usr/lib/x86_64-linux-gnu/libXxf86vm.so.1.0.0
7f944eea5000-7f944f0a5000 ---p 00004000 08:02 6561559                    /usr/lib/x86_64-linux-gnu/libXxf86vm.so.1.0.0
7f944f0a5000-7f944f0a6000 r--p 00004000 08:02 6561559                    /usr/lib/x86_64-linux-gnu/libXxf86vm.so.1.0.0
7f944f0a6000-7f944f0a7000 rw-p 00005000 08:02 6561559                    /usr/lib/x86_64-linux-gnu/libXxf86vm.so.1.0.0
7f944f0a7000-7f944f0af000 rw-s 00000000 00:05 111276                     /drm mm object (deleted)
7f944f0af000-7f944f0b0000 rwxp 00000000 00:00 0 
7f944f0b0000-7f944f0b8000 rw-s 00000000 00:05 109449                     /drm mm object (deleted)
7f944f0b8000-7f944f0c0000 rw-s 00000000 00:05 109489                     /drm mm object (deleted)
7f944f0c0000-7f944f0c8000 rw-s 00000000 00:05 109438                     /drm mm object (deleted)
7f944f0c8000-7f944f0ca000 r-xp 00000000 08:02 4461997                    /tmp/jogamp_0000/file_cache/jln4327747245046811072/jln7615741887904214250/libnativewindow_awt.so
7f944f0ca000-7f944f2c9000 ---p 00002000 08:02 4461997                    /tmp/jogamp_0000/file_cache/jln4327747245046811072/jln7615741887904214250/libnativewindow_awt.so
7f944f2c9000-7f944f2ca000 rw-p 00001000 08:02 4461997                    /tmp/jogamp_0000/file_cache/jln4327747245046811072/jln7615741887904214250/libnativewindow_awt.so
7f944f2ca000-7f944f2cb000 r-xp 00000000 08:02 8012156                    /usr/bin/processing-3.0/java/lib/amd64/libjawt.so
7f944f2cb000-7f944f4ca000 ---p 00001000 08:02 8012156                    /usr/bin/processing-3.0/java/lib/amd64/libjawt.so
7f944f4ca000-7f944f4cb000 rw-p 00000000 08:02 8012156                    /usr/bin/processing-3.0/java/lib/amd64/libjawt.so
7f944f4cb000-7f944f4cd000 r-xp 00000000 08:02 4461994                    /tmp/jogamp_0000/file_cache/jln4327747245046811072/jln7615741887904214250/libgluegen-rt.so
7f944f4cd000-7f944f6cc000 ---p 00002000 08:02 4461994                    /tmp/jogamp_0000/file_cache/jln4327747245046811072/jln7615741887904214250/libgluegen-rt.so
7f944f6cc000-7f944f6cd000 rw-p 00001000 08:02 4461994                    /tmp/jogamp_0000/file_cache/jln4327747245046811072/jln7615741887904214250/libgluegen-rt.so
7f944f6cd000-7f944f6d0000 ---p 00000000 00:00 0 
7f944f6d0000-7f944f7ce000 rw-p 00000000 00:00 0                          [stack:7129]
7f944f7ce000-7f944f7df000 r-xp 00000000 08:02 8012203                    /usr/bin/processing-3.0/java/lib/amd64/libnio.so
7f944f7df000-7f944f9de000 ---p 00011000 08:02 8012203                    /usr/bin/processing-3.0/java/lib/amd64/libnio.so
7f944f9de000-7f944f9df000 rw-p 00010000 08:02 8012203                    /usr/bin/processing-3.0/java/lib/amd64/libnio.so
7f944f9df000-7f944f9f5000 r-xp 00000000 08:02 8012151                    /usr/bin/processing-3.0/java/lib/amd64/libnet.so
7f944f9f5000-7f944fbf5000 ---p 00016000 08:02 8012151                    /usr/bin/processing-3.0/java/lib/amd64/libnet.so
7f944fbf5000-7f944fbf6000 rw-p 00016000 08:02 8012151                    /usr/bin/processing-3.0/java/lib/amd64/libnet.so
7f944fbf6000-7f944fdf6000 rw-p 00000000 00:00 0 
7f944fdf6000-7f944fdff000 r-xp 00000000 08:02 6561541                    /usr/lib/x86_64-linux-gnu/libXrandr.so.2.2.0
7f944fdff000-7f944fffe000 ---p 00009000 08:02 6561541                    /usr/lib/x86_64-linux-gnu/libXrandr.so.2.2.0
7f944fffe000-7f944ffff000 r--p 00008000 08:02 6561541                    /usr/lib/x86_64-linux-gnu/libXrandr.so.2.2.0
7f944ffff000-7f9450000000 rw-p 00009000 08:02 6561541                    /usr/lib/x86_64-linux-gnu/libXrandr.so.2.2.0
7f9450000000-7f9450021000 rw-p 00000000 00:00 0 
7f9450021000-7f9454000000 ---p 00000000 00:00 0 
7f9454000000-7f9454021000 rw-p 00000000 00:00 0 
7f9454021000-7f9458000000 ---p 00000000 00:00 0 
7f9458000000-7f94586ad000 rw-p 00000000 00:00 0 
7f94586ad000-7f945c000000 ---p 00000000 00:00 0 
7f945c000000-7f945c021000 rw-p 00000000 00:00 0 
7f945c021000-7f9460000000 ---p 00000000 00:00 0 
7f9460000000-7f9462ab6000 rw-p 00000000 00:00 0 
7f9462ab6000-7f9464000000 ---p 00000000 00:00 0 
7f9464000000-7f946644d000 rw-p 00000000 00:00 0 
7f946644d000-7f9468000000 ---p 00000000 00:00 0 
7f9468000000-7f9468021000 rw-p 00000000 00:00 0 
7f9468021000-7f946c000000 ---p 00000000 00:00 0 
7f946c000000-7f946c021000 rw-p 00000000 00:00 0 
7f946c021000-7f9470000000 ---p 00000000 00:00 0 
7f9470000000-7f9470021000 rw-p 00000000 00:00 0 
7f9470021000-7f9474000000 ---p 00000000 00:00 0 
7f9474000000-7f9474021000 rw-p 00000000 00:00 0 
7f9474021000-7f9478000000 ---p 00000000 00:00 0 
7f9478000000-7f9478021000 rw-p 00000000 00:00 0 
7f9478021000-7f947c000000 ---p 00000000 00:00 0 
7f947c000000-7f947c021000 rw-p 00000000 00:00 0 
7f947c021000-7f9480000000 ---p 00000000 00:00 0 
7f9480000000-7f9480021000 rw-p 00000000 00:00 0 
7f9480021000-7f9484000000 ---p 00000000 00:00 0 
7f9484000000-7f9484021000 rw-p 00000000 00:00 0 
7f9484021000-7f9488000000 ---p 00000000 00:00 0 
7f9488000000-7f9488021000 rw-p 00000000 00:00 0 
7f9488021000-7f948c003000 ---p 00000000 00:00 0 
7f948c003000-7f948c039000 rw-p 00000000 00:00 0 
7f948c039000-7f948c03d000 r--s 00095000 08:02 6696012                    /usr/bin/processing-3.0/java/lib/jsse.jar
7f948c03d000-7f948c051000 r--s 00121000 08:02 8014045                    /usr/bin/processing-3.0/modes/java/mode/org.eclipse.osgi.jar
7f948c051000-7f948c089000 r--s 00515000 08:02 8014044                    /usr/bin/processing-3.0/modes/java/mode/org.eclipse.jdt.core.jar
7f948c089000-7f948c08c000 ---p 00000000 00:00 0 
7f948c08c000-7f948c18a000 rw-p 00000000 00:00 0                          [stack:7114]
7f948c18a000-7f948c18f000 r-xp 00000000 08:02 6561523                    /usr/lib/x86_64-linux-gnu/libXfixes.so.3.1.0
7f948c18f000-7f948c38e000 ---p 00005000 08:02 6561523                    /usr/lib/x86_64-linux-gnu/libXfixes.so.3.1.0
7f948c38e000-7f948c38f000 r--p 00004000 08:02 6561523                    /usr/lib/x86_64-linux-gnu/libXfixes.so.3.1.0
7f948c38f000-7f948c390000 rw-p 00005000 08:02 6561523                    /usr/lib/x86_64-linux-gnu/libXfixes.so.3.1.0
7f948c390000-7f9494000000 rw-p 00000000 00:00 0 
7f9494000000-7f9494021000 rw-p 00000000 00:00 0 
7f9494021000-7f9498000000 ---p 00000000 00:00 0 
7f9498000000-7f9498001000 rw-s 1d3e8a000 00:06 10208                     /dev/dri/card0
7f9498001000-7f9498002000 r--p 00000000 00:00 0 
7f9498002000-7f9498005000 r--s 00041000 08:02 8014028                    /usr/bin/processing-3.0/modes/java/mode/org.netbeans.swing.outline.jar
7f9498005000-7f949800a000 r--s 00038000 08:02 8014038                    /usr/bin/processing-3.0/modes/java/mode/org.eclipse.text.jar
7f949800a000-7f949800d000 r--s 0001c000 08:02 8014042                    /usr/bin/processing-3.0/modes/java/mode/org.eclipse.equinox.preferences.jar
7f949800d000-7f9498010000 r--s 00018000 08:02 8014034                    /usr/bin/processing-3.0/modes/java/mode/org.eclipse.equinox.common.jar
7f9498010000-7f9498012000 r--s 00011000 08:02 8014037                    /usr/bin/processing-3.0/modes/java/mode/org.eclipse.core.runtime.jar
7f9498012000-7f949801d000 r--s 000c1000 08:02 8014040                    /usr/bin/processing-3.0/modes/java/mode/org.eclipse.core.resources.jar
7f949801d000-7f949801f000 r--s 00016000 08:02 8014027                    /usr/bin/processing-3.0/modes/java/mode/org.eclipse.core.jobs.jar
7f949801f000-7f9498024000 r--s 0003f000 08:02 8014032                    /usr/bin/processing-3.0/modes/java/mode/jsoup-1.7.1.jar
7f9498024000-7f9498031000 r--s 000cb000 08:02 8014036                    /usr/bin/processing-3.0/modes/java/mode/jdimodel.jar
7f9498031000-7f9498035000 r--s 0000e000 08:02 8014030                    /usr/bin/processing-3.0/modes/java/mode/jdi.jar
7f9498035000-7f949803b000 r--s 0007d000 08:02 8014033                    /usr/bin/processing-3.0/modes/java/mode/JavaMode.jar
7f949803b000-7f9498096000 r--s 009e2000 08:02 8014039                    /usr/bin/processing-3.0/modes/java/mode/com.ibm.icu.jar
7f9498096000-7f94980aa000 r--s 00127000 08:02 6695832                    /usr/bin/processing-3.0/lib/jna.jar
7f94980aa000-7f94980c8000 r--s 001bb000 08:02 6695851                    /usr/bin/processing-3.0/lib/ant.jar
7f94980c8000-7f94980eb000 r--s 00308000 08:02 6569034                    /usr/bin/processing-3.0/core/library/jogl-all.jar
7f94980eb000-7f94980f4000 r-xp 00000000 08:02 6561515                    /usr/lib/x86_64-linux-gnu/libXcursor.so.1.0.2
7f94980f4000-7f94982f3000 ---p 00009000 08:02 6561515                    /usr/lib/x86_64-linux-gnu/libXcursor.so.1.0.2
7f94982f3000-7f94982f4000 r--p 00008000 08:02 6561515                    /usr/lib/x86_64-linux-gnu/libXcursor.so.1.0.2
7f94982f4000-7f94982f5000 rw-p 00009000 08:02 6561515                    /usr/lib/x86_64-linux-gnu/libXcursor.so.1.0.2
7f94982f5000-7f94982f8000 ---p 00000000 00:00 0 
7f94982f8000-7f94983f6000 rw-p 00000000 00:00 0                          [stack:7113]
7f94983f6000-7f949840c000 r-xp 00000000 08:02 13635717                   /lib/x86_64-linux-gnu/libgcc_s.so.1
7f949840c000-7f949860b000 ---p 00016000 08:02 13635717                   /lib/x86_64-linux-gnu/libgcc_s.so.1
7f949860b000-7f949860c000 rw-p 00015000 08:02 13635717                   /lib/x86_64-linux-gnu/libgcc_s.so.1
7f949860c000-7f9498672000 r-xp 00000000 08:02 8012146                    /usr/bin/processing-3.0/java/lib/amd64/libfontmanager.so
7f9498672000-7f9498871000 ---p 00066000 08:02 8012146                    /usr/bin/processing-3.0/java/lib/amd64/libfontmanager.so
7f9498871000-7f9498875000 rw-p 00065000 08:02 8012146                    /usr/bin/processing-3.0/java/lib/amd64/libfontmanager.so
7f9498875000-7f9498886000 rw-p 00000000 00:00 0 
7f9498886000-7f949888b000 r-xp 00000000 08:02 6561519                    /usr/lib/x86_64-linux-gnu/libXdmcp.so.6.0.0
7f949888b000-7f9498a8a000 ---p 00005000 08:02 6561519                    /usr/lib/x86_64-linux-gnu/libXdmcp.so.6.0.0
7f9498a8a000-7f9498a8b000 r--p 00004000 08:02 6561519                    /usr/lib/x86_64-linux-gnu/libXdmcp.so.6.0.0
7f9498a8b000-7f9498a8c000 rw-p 00005000 08:02 6561519                    /usr/lib/x86_64-linux-gnu/libXdmcp.so.6.0.0
7f9498a8c000-7f9498a8e000 r-xp 00000000 08:02 6561508                    /usr/lib/x86_64-linux-gnu/libXau.so.6.0.0
7f9498a8e000-7f9498c8e000 ---p 00002000 08:02 6561508                    /usr/lib/x86_64-linux-gnu/libXau.so.6.0.0
7f9498c8e000-7f9498c8f000 r--p 00002000 08:02 6561508                    /usr/lib/x86_64-linux-gnu/libXau.so.6.0.0
7f9498c8f000-7f9498c90000 rw-p 00003000 08:02 6561508                    /usr/lib/x86_64-linux-gnu/libXau.so.6.0.0
7f9498c90000-7f9498cad000 r-xp 00000000 08:02 6562574                    /usr/lib/x86_64-linux-gnu/libxcb.so.1.1.0
7f9498cad000-7f9498ead000 ---p 0001d000 08:02 6562574                    /usr/lib/x86_64-linux-gnu/libxcb.so.1.1.0
7f9498ead000-7f9498eae000 r--p 0001d000 08:02 6562574                    /usr/lib/x86_64-linux-gnu/libxcb.so.1.1.0
7f9498eae000-7f9498eaf000 rw-p 0001e000 08:02 6562574                    /usr/lib/x86_64-linux-gnu/libxcb.so.1.1.0
7f9498eaf000-7f9498ebe000 r-xp 00000000 08:02 6561529                    /usr/lib/x86_64-linux-gnu/libXi.so.6.1.0
7f9498ebe000-7f94990bd000 ---p 0000f000 08:02 6561529                    /usr/lib/x86_64-linux-gnu/libXi.so.6.1.0
7f94990bd000-7f94990be000 r--p 0000e000 08:02 6561529                    /usr/lib/x86_64-linux-gnu/libXi.so.6.1.0
7f94990be000-7f94990bf000 rw-p 0000f000 08:02 6561529                    /usr/lib/x86_64-linux-gnu/libXi.so.6.1.0
7f94990bf000-7f94990c4000 r-xp 00000000 08:02 6561549                    /usr/lib/x86_64-linux-gnu/libXtst.so.6.1.0
7f94990c4000-7f94992c3000 ---p 00005000 08:02 6561549                    /usr/lib/x86_64-linux-gnu/libXtst.so.6.1.0
7f94992c3000-7f94992c4000 r--p 00004000 08:02 6561549                    /usr/lib/x86_64-linux-gnu/libXtst.so.6.1.0
7f94992c4000-7f94992c5000 rw-p 00005000 08:02 6561549                    /usr/lib/x86_64-linux-gnu/libXtst.so.6.1.0
7f94992c5000-7f94992ce000 r-xp 00000000 08:02 6561543                    /usr/lib/x86_64-linux-gnu/libXrender.so.1.3.0
7f94992ce000-7f94994cd000 ---p 00009000 08:02 6561543                    /usr/lib/x86_64-linux-gnu/libXrender.so.1.3.0
7f94994cd000-7f94994ce000 r--p 00008000 08:02 6561543                    /usr/lib/x86_64-linux-gnu/libXrender.so.1.3.0
7f94994ce000-7f94994cf000 rw-p 00009000 08:02 6561543                    /usr/lib/x86_64-linux-gnu/libXrender.so.1.3.0
7f94994cf000-7f94995ff000 r-xp 00000000 08:02 6561504                    /usr/lib/x86_64-linux-gnu/libX11.so.6.3.0
7f94995ff000-7f94997ff000 ---p 00130000 08:02 6561504                    /usr/lib/x86_64-linux-gnu/libX11.so.6.3.0
7f94997ff000-7f9499800000 r--p 00130000 08:02 6561504                    /usr/lib/x86_64-linux-gnu/libX11.so.6.3.0
7f9499800000-7f9499804000 rw-p 00131000 08:02 6561504                    /usr/lib/x86_64-linux-gnu/libX11.so.6.3.0
7f9499804000-7f9499815000 r-xp 00000000 08:02 6561521                    /usr/lib/x86_64-linux-gnu/libXext.so.6.4.0
7f9499815000-7f9499a14000 ---p 00011000 08:02 6561521                    /usr/lib/x86_64-linux-gnu/libXext.so.6.4.0
7f9499a14000-7f9499a15000 r--p 00010000 08:02 6561521                    /usr/lib/x86_64-linux-gnu/libXext.so.6.4.0
7f9499a15000-7f9499a16000 rw-p 00011000 08:02 6561521                    /usr/lib/x86_64-linux-gnu/libXext.so.6.4.0
7f9499a16000-7f9499a18000 r--s 00015000 08:02 8014029                    /usr/bin/processing-3.0/modes/java/mode/org.eclipse.core.contenttype.jar
7f9499a18000-7f9499a1d000 r--s 00068000 08:02 8014043                    /usr/bin/processing-3.0/modes/java/mode/antlr.jar
7f9499a1d000-7f9499a37000 r--s 01689000 08:02 6569030                    /usr/bin/processing-3.0/core/library/jogl-java-src.zip
7f9499a37000-7f9499a8b000 r-xp 00000000 08:02 8012182                    /usr/bin/processing-3.0/java/lib/amd64/libawt_xawt.so
7f9499a8b000-7f9499c8b000 ---p 00054000 08:02 8012182                    /usr/bin/processing-3.0/java/lib/amd64/libawt_xawt.so
7f9499c8b000-7f9499c8f000 rw-p 00054000 08:02 8012182                    /usr/bin/processing-3.0/java/lib/amd64/libawt_xawt.so
7f9499c8f000-7f9499c90000 rw-p 00000000 00:00 0 
7f9499c90000-7f9499d32000 r-xp 00000000 08:02 8012174                    /usr/bin/processing-3.0/java/lib/amd64/libawt.so
7f9499d32000-7f9499f32000 ---p 000a2000 08:02 8012174                    /usr/bin/processing-3.0/java/lib/amd64/libawt.so
7f9499f32000-7f9499f3e000 rw-p 000a2000 08:02 8012174                    /usr/bin/processing-3.0/java/lib/amd64/libawt.so
7f9499f3e000-7f9499f62000 rw-p 00000000 00:00 0 
7f9499f62000-7f9499f63000 ---p 00000000 00:00 0 
7f9499f63000-7f949a063000 rw-p 00000000 00:00 0                          [stack:7112]
7f949a063000-7f949a066000 ---p 00000000 00:00 0 
7f949a066000-7f949a164000 rw-p 00000000 00:00 0                          [stack:7111]
7f949a164000-7f949a167000 ---p 00000000 00:00 0 
7f949a167000-7f949a265000 rw-p 00000000 00:00 0                          [stack:7110]
7f949a265000-7f949a268000 ---p 00000000 00:00 0 
7f949a268000-7f949a366000 rw-p 00000000 00:00 0                          [stack:7109]
7f949a366000-7f949a369000 ---p 00000000 00:00 0 
7f949a369000-7f949a467000 rw-p 00000000 00:00 0                          [stack:7108]
7f949a467000-7f949a46a000 ---p 00000000 00:00 0 
7f949a46a000-7f949a568000 rw-p 00000000 00:00 0                          [stack:7102]
7f949a568000-7f949a56b000 ---p 00000000 00:00 0 
7f949a56b000-7f949a669000 rw-p 00000000 00:00 0                          [stack:7098]
7f949a669000-7f949a66c000 ---p 00000000 00:00 0 
7f949a66c000-7f949a76a000 rw-p 00000000 00:00 0                          [stack:7097]
7f949a76a000-7f949a76e000 r-xp 00000000 08:02 8012175                    /usr/bin/processing-3.0/java/lib/amd64/libdt_socket.so
7f949a76e000-7f949a96d000 ---p 00004000 08:02 8012175                    /usr/bin/processing-3.0/java/lib/amd64/libdt_socket.so
7f949a96d000-7f949a96e000 rw-p 00003000 08:02 8012175                    /usr/bin/processing-3.0/java/lib/amd64/libdt_socket.so
7f949a96e000-7f949a971000 ---p 00000000 00:00 0 
7f949a971000-7f949aa6f000 rw-p 00000000 00:00 0                          [stack:7096]
7f949aa6f000-7f949aa72000 ---p 00000000 00:00 0 
7f949aa72000-7f949ab70000 rw-p 00000000 00:00 0                          [stack:7094]
7f949ab70000-7f949ab73000 ---p 00000000 00:00 0 
7f949ab73000-7f949ac71000 rw-p 00000000 00:00 0                          [stack:7093]
7f949ac71000-7f949ac72000 ---p 00000000 00:00 0 
7f949ac72000-7f949c000000 rw-p 00000000 00:00 0                          [stack:7092]
7f949c000000-7f949c021000 rw-p 00000000 00:00 0 
7f949c021000-7f94a0000000 ---p 00000000 00:00 0 
7f94a0000000-7f94a0001000 r--s 00003000 08:02 8014046                    /usr/bin/processing-3.0/modes/java/mode/jdtCompilerAdapter.jar
7f94a0001000-7f94a0002000 r--s 00003000 08:02 8014035                    /usr/bin/processing-3.0/modes/java/mode/classpath-explorer-1.0.jar
7f94a0002000-7f94a000c000 r--s 00097000 08:02 6695776                    /usr/bin/processing-3.0/lib/pde.jar
7f94a000c000-7f94a0560000 rw-p 00000000 00:00 0 
7f94a0560000-7f94a0738000 r--s 03d0c000 08:02 6695974                    /usr/bin/processing-3.0/java/lib/rt.jar
7f94a0738000-7f94a0eff000 rw-p 00000000 00:00 0 
7f94a0eff000-7f94a0f00000 ---p 00000000 00:00 0 
7f94a0f00000-7f94a1000000 rw-p 00000000 00:00 0                          [stack:7091]
7f94a1000000-7f94a18c0000 rwxp 00000000 00:00 0 
7f94a18c0000-7f94b0000000 ---p 00000000 00:00 0 
7f94b0000000-7f94b0826000 rw-p 00000000 00:00 0 
7f94b0826000-7f94b4000000 ---p 00000000 00:00 0 
7f94b4000000-7f94b4002000 r--s 00002000 08:02 6695836                    /usr/bin/processing-3.0/lib/ant-launcher.jar
7f94b4002000-7f94b4004000 r--s 00005000 08:02 4591938                    /home/akelly/sketchbook/libraries/minim/library/mp3spi1.9.5.jar
7f94b4004000-7f94b4005000 r--s 0000b000 08:02 4591937                    /home/akelly/sketchbook/libraries/minim/library/jsminim.jar
7f94b4005000-7f94b4009000 r--s 00040000 08:02 4591936                    /home/akelly/sketchbook/libraries/minim/library/jl1.0.1.jar
7f94b4009000-7f94b400c000 r--s 00017000 08:02 4591933                    /home/akelly/sketchbook/libraries/minim/library/tritonus_share.jar
7f94b400c000-7f94b400f000 r--s 00016000 08:02 4591932                    /home/akelly/sketchbook/libraries/minim/library/minim.jar
7f94b400f000-7f94b4017000 r--s 003d3000 08:02 6569026                    /usr/bin/processing-3.0/core/library/gluegen-java-src.zip
7f94b4017000-7f94b40ae000 rw-p 00000000 00:00 0 
7f94b40ae000-7f94b40af000 ---p 00000000 00:00 0 
7f94b40af000-7f94b41af000 rw-p 00000000 00:00 0                          [stack:7090]
7f94b41af000-7f94b41b0000 ---p 00000000 00:00 0 
7f94b41b0000-7f94b42b0000 rw-p 00000000 00:00 0                          [stack:7089]
7f94b42b0000-7f94b42b1000 ---p 00000000 00:00 0 
7f94b42b1000-7f94b4405000 rw-p 00000000 00:00 0                          [stack:7088]
7f94b4405000-7f94b48e1000 ---p 00000000 00:00 0 
7f94b48e1000-7f94b4935000 rw-p 00000000 00:00 0 
7f94b4935000-7f94b4e10000 ---p 00000000 00:00 0 
7f94b4e10000-7f94b4ee4000 rw-p 00000000 00:00 0 
7f94b4ee4000-7f94b50a8000 ---p 00000000 00:00 0 
7f94b50a8000-7f94b50cc000 rw-p 00000000 00:00 0 
7f94b50cc000-7f94b5469000 ---p 00000000 00:00 0 
7f94b5469000-7f94b5483000 r-xp 00000000 08:02 8012189                    /usr/bin/processing-3.0/java/lib/amd64/libzip.so
7f94b5483000-7f94b5683000 ---p 0001a000 08:02 8012189                    /usr/bin/processing-3.0/java/lib/amd64/libzip.so
7f94b5683000-7f94b5684000 rw-p 0001a000 08:02 8012189                    /usr/bin/processing-3.0/java/lib/amd64/libzip.so
7f94b5684000-7f94b568f000 r-xp 00000000 08:02 13635765                   /lib/x86_64-linux-gnu/libnss_files-2.19.so
7f94b568f000-7f94b588e000 ---p 0000b000 08:02 13635765                   /lib/x86_64-linux-gnu/libnss_files-2.19.so
7f94b588e000-7f94b588f000 r--p 0000a000 08:02 13635765                   /lib/x86_64-linux-gnu/libnss_files-2.19.so
7f94b588f000-7f94b5890000 rw-p 0000b000 08:02 13635765                   /lib/x86_64-linux-gnu/libnss_files-2.19.so
7f94b5890000-7f94b589b000 r-xp 00000000 08:02 13635775                   /lib/x86_64-linux-gnu/libnss_nis-2.19.so
7f94b589b000-7f94b5a9a000 ---p 0000b000 08:02 13635775                   /lib/x86_64-linux-gnu/libnss_nis-2.19.so
7f94b5a9a000-7f94b5a9b000 r--p 0000a000 08:02 13635775                   /lib/x86_64-linux-gnu/libnss_nis-2.19.so
7f94b5a9b000-7f94b5a9c000 rw-p 0000b000 08:02 13635775                   /lib/x86_64-linux-gnu/libnss_nis-2.19.so
7f94b5a9c000-7f94b5ab3000 r-xp 00000000 08:02 13635759                   /lib/x86_64-linux-gnu/libnsl-2.19.so
7f94b5ab3000-7f94b5cb2000 ---p 00017000 08:02 13635759                   /lib/x86_64-linux-gnu/libnsl-2.19.so
7f94b5cb2000-7f94b5cb3000 r--p 00016000 08:02 13635759                   /lib/x86_64-linux-gnu/libnsl-2.19.so
7f94b5cb3000-7f94b5cb4000 rw-p 00017000 08:02 13635759                   /lib/x86_64-linux-gnu/libnsl-2.19.so
7f94b5cb4000-7f94b5cb6000 rw-p 00000000 00:00 0 
7f94b5cb6000-7f94b5cbf000 r-xp 00000000 08:02 13635761                   /lib/x86_64-linux-gnu/libnss_compat-2.19.so
7f94b5cbf000-7f94b5ebe000 ---p 00009000 08:02 13635761                   /lib/x86_64-linux-gnu/libnss_compat-2.19.so
7f94b5ebe000-7f94b5ebf000 r--p 00008000 08:02 13635761                   /lib/x86_64-linux-gnu/libnss_compat-2.19.so
7f94b5ebf000-7f94b5ec0000 rw-p 00009000 08:02 13635761                   /lib/x86_64-linux-gnu/libnss_compat-2.19.so
7f94b5ec0000-7f94b65a2000 r--p 00000000 08:02 6560506                    /usr/lib/locale/locale-archive
7f94b65a2000-7f94b65a4000 r-xp 00000000 08:02 8012169                    /usr/bin/processing-3.0/java/lib/amd64/libnpt.so
7f94b65a4000-7f94b67a4000 ---p 00002000 08:02 8012169                    /usr/bin/processing-3.0/java/lib/amd64/libnpt.so
7f94b67a4000-7f94b67a5000 rw-p 00002000 08:02 8012169                    /usr/bin/processing-3.0/java/lib/amd64/libnpt.so
7f94b67a5000-7f94b67de000 r-xp 00000000 08:02 8012184                    /usr/bin/processing-3.0/java/lib/amd64/libjdwp.so
7f94b67de000-7f94b69dd000 ---p 00039000 08:02 8012184                    /usr/bin/processing-3.0/java/lib/amd64/libjdwp.so
7f94b69dd000-7f94b69df000 rw-p 00038000 08:02 8012184                    /usr/bin/processing-3.0/java/lib/amd64/libjdwp.so
7f94b69df000-7f94b6a09000 r-xp 00000000 08:02 8012204                    /usr/bin/processing-3.0/java/lib/amd64/libjava.so
7f94b6a09000-7f94b6c09000 ---p 0002a000 08:02 8012204                    /usr/bin/processing-3.0/java/lib/amd64/libjava.so
7f94b6c09000-7f94b6c0b000 rw-p 0002a000 08:02 8012204                    /usr/bin/processing-3.0/java/lib/amd64/libjava.so
7f94b6c0b000-7f94b6c18000 r-xp 00000000 08:02 8012148                    /usr/bin/processing-3.0/java/lib/amd64/libverify.so
7f94b6c18000-7f94b6e18000 ---p 0000d000 08:02 8012148                    /usr/bin/processing-3.0/java/lib/amd64/libverify.so
7f94b6e18000-7f94b6e1a000 rw-p 0000d000 08:02 8012148                    /usr/bin/processing-3.0/java/lib/amd64/libverify.so
7f94b6e1a000-7f94b6e21000 r-xp 00000000 08:02 13635818                   /lib/x86_64-linux-gnu/librt-2.19.so
7f94b6e21000-7f94b7020000 ---p 00007000 08:02 13635818                   /lib/x86_64-linux-gnu/librt-2.19.so
7f94b7020000-7f94b7021000 r--p 00006000 08:02 13635818                   /lib/x86_64-linux-gnu/librt-2.19.so
7f94b7021000-7f94b7022000 rw-p 00007000 08:02 13635818                   /lib/x86_64-linux-gnu/librt-2.19.so
7f94b7022000-7f94b7127000 r-xp 00000000 08:02 13635740                   /lib/x86_64-linux-gnu/libm-2.19.so
7f94b7127000-7f94b7326000 ---p 00105000 08:02 13635740                   /lib/x86_64-linux-gnu/libm-2.19.so
7f94b7326000-7f94b7327000 r--p 00104000 08:02 13635740                   /lib/x86_64-linux-gnu/libm-2.19.so
7f94b7327000-7f94b7328000 rw-p 00105000 08:02 13635740                   /lib/x86_64-linux-gnu/libm-2.19.so
7f94b7328000-7f94b7fd6000 r-xp 00000000 08:02 8012167                    /usr/bin/processing-3.0/java/lib/amd64/server/libjvm.so
7f94b7fd6000-7f94b81d6000 ---p 00cae000 08:02 8012167                    /usr/bin/processing-3.0/java/lib/amd64/server/libjvm.so
7f94b81d6000-7f94b82ad000 rw-p 00cae000 08:02 8012167                    /usr/bin/processing-3.0/java/lib/amd64/server/libjvm.so
7f94b82ad000-7f94b82f1000 rw-p 00000000 00:00 0 
7f94b82f1000-7f94b84ac000 r-xp 00000000 08:02 13635690                   /lib/x86_64-linux-gnu/libc-2.19.so
7f94b84ac000-7f94b86ab000 ---p 001bb000 08:02 13635690                   /lib/x86_64-linux-gnu/libc-2.19.so
7f94b86ab000-7f94b86af000 r--p 001ba000 08:02 13635690                   /lib/x86_64-linux-gnu/libc-2.19.so
7f94b86af000-7f94b86b1000 rw-p 001be000 08:02 13635690                   /lib/x86_64-linux-gnu/libc-2.19.so
7f94b86b1000-7f94b86b6000 rw-p 00000000 00:00 0 
7f94b86b6000-7f94b86b9000 r-xp 00000000 08:02 13635707                   /lib/x86_64-linux-gnu/libdl-2.19.so
7f94b86b9000-7f94b88b8000 ---p 00003000 08:02 13635707                   /lib/x86_64-linux-gnu/libdl-2.19.so
7f94b88b8000-7f94b88b9000 r--p 00002000 08:02 13635707                   /lib/x86_64-linux-gnu/libdl-2.19.so
7f94b88b9000-7f94b88ba000 rw-p 00003000 08:02 13635707                   /lib/x86_64-linux-gnu/libdl-2.19.so
7f94b88ba000-7f94b88cf000 r-xp 00000000 08:02 8012145                    /usr/bin/processing-3.0/java/lib/amd64/jli/libjli.so
7f94b88cf000-7f94b8acf000 ---p 00015000 08:02 8012145                    /usr/bin/processing-3.0/java/lib/amd64/jli/libjli.so
7f94b8acf000-7f94b8ad0000 rw-p 00015000 08:02 8012145                    /usr/bin/processing-3.0/java/lib/amd64/jli/libjli.so
7f94b8ad0000-7f94b8ae9000 r-xp 00000000 08:02 13635810                   /lib/x86_64-linux-gnu/libpthread-2.19.so
7f94b8ae9000-7f94b8ce8000 ---p 00019000 08:02 13635810                   /lib/x86_64-linux-gnu/libpthread-2.19.so
7f94b8ce8000-7f94b8ce9000 r--p 00018000 08:02 13635810                   /lib/x86_64-linux-gnu/libpthread-2.19.so
7f94b8ce9000-7f94b8cea000 rw-p 00019000 08:02 13635810                   /lib/x86_64-linux-gnu/libpthread-2.19.so
7f94b8cea000-7f94b8cee000 rw-p 00000000 00:00 0 
7f94b8cee000-7f94b8d11000 r-xp 00000000 08:02 13635666                   /lib/x86_64-linux-gnu/ld-2.19.so
7f94b8d11000-7f94b8d12000 r--s 00002000 08:02 4591935                    /home/akelly/sketchbook/libraries/minim/library/tritonus_aos.jar
7f94b8d12000-7f94b8d13000 r--s 00001000 08:02 6569033                    /usr/bin/processing-3.0/core/library/gluegen-rt-natives-macosx-universal.jar
7f94b8d13000-7f94b8d15000 r--s 00038000 08:02 6569032                    /usr/bin/processing-3.0/core/library/jogl-all-natives-windows-amd64.jar
7f94b8d15000-7f94b8d16000 r--s 00034000 08:02 6569031                    /usr/bin/processing-3.0/core/library/jogl-all-natives-linux-amd64.jar
7f94b8d16000-7f94b8d17000 r--s 00001000 08:02 6569036                    /usr/bin/processing-3.0/core/library/gluegen-rt-natives-windows-i586.jar
7f94b8d17000-7f94b8de8000 rw-p 00000000 00:00 0 
7f94b8de8000-7f94b8deb000 ---p 00000000 00:00 0 
7f94b8deb000-7f94b8eed000 rw-p 00000000 00:00 0                          [stack:7087]
7f94b8eed000-7f94b8ef3000 r--s 0004a000 08:02 6569021                    /usr/bin/processing-3.0/core/library/gluegen-rt.jar
7f94b8ef3000-7f94b8ef4000 r--s 00000000 08:02 6569035                    /usr/bin/processing-3.0/core/library/gluegen-rt-natives-linux-armv6hf.jar
7f94b8ef4000-7f94b8ef5000 r--s 00031000 08:02 6569019                    /usr/bin/processing-3.0/core/library/jogl-all-natives-windows-i586.jar
7f94b8ef5000-7f94b8ef6000 r--s 00001000 08:02 6569022                    /usr/bin/processing-3.0/core/library/gluegen-rt-natives-windows-amd64.jar
7f94b8ef6000-7f94b8ef8000 r--s 0006c000 08:02 6569020                    /usr/bin/processing-3.0/core/library/jogl-all-natives-macosx-universal.jar
7f94b8ef8000-7f94b8efd000 r--s 000f0000 08:02 6569027                    /usr/bin/processing-3.0/core/library/core.jar
7f94b8efd000-7f94b8eff000 r--s 00000000 08:02 6569025                    /usr/bin/processing-3.0/core/library/gluegen-rt-natives-linux-amd64.jar
7f94b8eff000-7f94b8f00000 r--s 00026000 08:02 6569028                    /usr/bin/processing-3.0/core/library/jogl-all-natives-linux-armv6hf.jar
7f94b8f00000-7f94b8f01000 r--s 00032000 08:02 6569024                    /usr/bin/processing-3.0/core/library/jogl-all-natives-linux-i586.jar
7f94b8f01000-7f94b8f03000 r--s 00000000 08:02 6569023                    /usr/bin/processing-3.0/core/library/gluegen-rt-natives-linux-i586.jar
7f94b8f03000-7f94b8f04000 rw-p 00000000 00:00 0 
7f94b8f04000-7f94b8f0c000 rw-s 00000000 08:02 4325411                    /tmp/hsperfdata_akelly/7085
7f94b8f0c000-7f94b8f0d000 rw-p 00000000 00:00 0 
7f94b8f0d000-7f94b8f0e000 r--p 00000000 00:00 0 
7f94b8f0e000-7f94b8f10000 rw-p 00000000 00:00 0 
7f94b8f10000-7f94b8f11000 r--p 00022000 08:02 13635666                   /lib/x86_64-linux-gnu/ld-2.19.so
7f94b8f11000-7f94b8f12000 rw-p 00023000 08:02 13635666                   /lib/x86_64-linux-gnu/ld-2.19.so
7f94b8f12000-7f94b8f13000 rw-p 00000000 00:00 0 
7ffd14a46000-7ffd14a69000 rw-p 00000000 00:00 0                          [stack]
7ffd14acf000-7ffd14ad1000 r--p 00000000 00:00 0                          [vvar]
7ffd14ad1000-7ffd14ad3000 r-xp 00000000 00:00 0                          [vdso]
ffffffffff600000-ffffffffff601000 r-xp 00000000 00:00 0                  [vsyscall]

VM Arguments:
jvm_args: -agentlib:jdwp=transport=dt_socket,address=8085,server=y,suspend=y -Djava.library.path=:/usr/bin/processing-3.0/core/library:/home/akelly/sketchbook/libraries/minim/library:/usr/java/packages/lib/amd64:/usr/lib64:/lib64:/lib:/usr/lib -ea 
java_command: processing.core.PApplet --display=1 --sketch-path=/home/akelly/sketchbook/_audioVisualizer/_audioVisualizer/build build
java_class_path (initial): /home/akelly/sketchbook/_audioVisualizer/_audioVisualizer/build/build-tmp:/usr/bin/processing-3.0/core/library/gluegen-rt-natives-linux-i586.jar:/usr/bin/processing-3.0/core/library/jogl-all-natives-linux-i586.jar:/usr/bin/processing-3.0/core/library/jogl-all-natives-linux-armv6hf.jar:/usr/bin/processing-3.0/core/library/gluegen-rt-natives-linux-amd64.jar:/usr/bin/processing-3.0/core/library/core.jar:/usr/bin/processing-3.0/core/library/jogl-all-natives-macosx-universal.jar:/usr/bin/processing-3.0/core/library/gluegen-rt-natives-windows-amd64.jar:/usr/bin/processing-3.0/core/library/jogl-all-natives-windows-i586.jar:/usr/bin/processing-3.0/core/library/gluegen-rt-natives-linux-armv6hf.jar:/usr/bin/processing-3.0/core/library/gluegen-rt.jar:/usr/bin/processing-3.0/core/library/gluegen-rt-natives-windows-i586.jar:/usr/bin/processing-3.0/core/library/jogl-all.jar:/usr/bin/processing-3.0/core/library/jogl-all-natives-linux-amd64.jar:/usr/bin/processing-3.0/core/library/jogl-all-natives-windows-amd64.jar:/usr/bin/processing-3.0/core/library/gluegen-java-src.zip:/usr/bin/processing-3.0/core/library/jogl-java-src.zip:/usr/bin/processing-3.0/core/library/gluegen-rt-natives-macosx-universal.jar:/usr/bin/processing-3.0/core/library/gluegen-rt-natives-linux-i586.jar:/usr/bin/processing-3.0/core/library/jogl-all-natives-linux-i586.jar:/usr/bin/processing-3.0/core/library/jogl-all-natives-linux-armv6hf.jar:/usr/bin/processing-3.0/core/library/gluegen-rt-natives-linux-amd64.jar:/usr/bin/processing-3.0/core/library/core.jar:/usr/bin/processing-3.0/core/library/jogl-all-natives-macosx-universal.jar:/usr/bin/processing-3.0/core/library/gluegen-rt-natives-windows-amd64.jar:/usr/bin/processing-3.0/core/library/jogl-all-natives-windows-i586.jar:/usr/bin/processing-3.0/core/library/gluegen-rt-natives-linux-armv6hf.jar:/usr/bin/processing-3.0/core/library/gluegen-rt.jar:/usr/bin/processing-3.0/core/library/gluegen-rt-natives-windows-i586.jar:/usr/bin/processi
Launcher Type: SUN_STANDARD

Environment Variables:
PATH=/usr/bin/processing-3.0/java/bin:/usr/local/sbin:/usr/local/bin:/usr/sbin:/usr/bin:/sbin:/bin:/usr/games:/usr/local/games
SHELL=/bin/bash
DISPLAY=:0

Signal Handlers:
SIGSEGV: [libjvm.so+0xaad540], sa_mask[0]=11111111011111111101111111111110, sa_flags=SA_RESTART|SA_SIGINFO
SIGBUS: [libjvm.so+0xaad540], sa_mask[0]=11111111011111111101111111111110, sa_flags=SA_RESTART|SA_SIGINFO
SIGFPE: [libjvm.so+0x90b6b0], sa_mask[0]=11111111011111111101111111111110, sa_flags=SA_RESTART|SA_SIGINFO
SIGPIPE: [libjvm.so+0x90b6b0], sa_mask[0]=11111111011111111101111111111110, sa_flags=SA_RESTART|SA_SIGINFO
SIGXFSZ: [libjvm.so+0x90b6b0], sa_mask[0]=11111111011111111101111111111110, sa_flags=SA_RESTART|SA_SIGINFO
SIGILL: [libjvm.so+0x90b6b0], sa_mask[0]=11111111011111111101111111111110, sa_flags=SA_RESTART|SA_SIGINFO
SIGUSR1: SIG_DFL, sa_mask[0]=00000000000000000000000000000000, sa_flags=none
SIGUSR2: [libjvm.so+0x90ccf0], sa_mask[0]=00100000000000000000000000000000, sa_flags=SA_RESTART|SA_SIGINFO
SIGHUP: [libjvm.so+0x90e040], sa_mask[0]=11111111011111111101111111111110, sa_flags=SA_RESTART|SA_SIGINFO
SIGINT: [libjvm.so+0x90e040], sa_mask[0]=11111111011111111101111111111110, sa_flags=SA_RESTART|SA_SIGINFO
SIGTERM: [libjvm.so+0x90e040], sa_mask[0]=11111111011111111101111111111110, sa_flags=SA_RESTART|SA_SIGINFO
SIGQUIT: [libjvm.so+0x90e040], sa_mask[0]=11111111011111111101111111111110, sa_flags=SA_RESTART|SA_SIGINFO


---------------  S Y S T E M  ---------------

OS:DISTRIB_ID=Ubuntu
DISTRIB_RELEASE=14.04
DISTRIB_CODENAME=trusty
DISTRIB_DESCRIPTION="Ubuntu 14.04.3 LTS"

uname:Linux 3.19.0-28-generic #30~14.04.1-Ubuntu SMP Tue Sep 1 09:32:55 UTC 2015 x86_64
libc:glibc 2.19 NPTL 2.19 
rlimit: STACK 8192k, CORE 0k, NPROC 63284, NOFILE 4096, AS infinity
load average:3.67 4.56 3.84

/proc/meminfo:
MemTotal:       16309452 kB
MemFree:        11085292 kB
MemAvailable:   12245844 kB
Buffers:          114172 kB
Cached:          1666632 kB
SwapCached:           40 kB
Active:          4237488 kB
Inactive:         721372 kB
Active(anon):    3317196 kB
Inactive(anon):   355404 kB
Active(file):     920292 kB
Inactive(file):   365968 kB
Unevictable:          92 kB
Mlocked:              92 kB
SwapTotal:      16653308 kB
SwapFree:       16584340 kB
Dirty:               148 kB
Writeback:             0 kB
AnonPages:       3178104 kB
Mapped:           607540 kB
Shmem:            494548 kB
Slab:             127616 kB
SReclaimable:      86472 kB
SUnreclaim:        41144 kB
KernelStack:       10288 kB
PageTables:        50992 kB
NFS_Unstable:          0 kB
Bounce:                0 kB
WritebackTmp:          0 kB
CommitLimit:    24808032 kB
Committed_AS:    8838000 kB
VmallocTotal:   34359738367 kB
VmallocUsed:      385172 kB
VmallocChunk:   34359343192 kB
HardwareCorrupted:     0 kB
AnonHugePages:   1130496 kB
CmaTotal:              0 kB
CmaFree:               0 kB
HugePages_Total:       0
HugePages_Free:        0
HugePages_Rsvd:        0
HugePages_Surp:        0
Hugepagesize:       2048 kB
DirectMap4k:      181676 kB
DirectMap2M:    12277760 kB
DirectMap1G:     4194304 kB


CPU:total 4 (2 cores per cpu, 2 threads per core) family 6 model 61 stepping 4, cmov, cx8, fxsr, mmx, sse, sse2, sse3, ssse3, sse4.1, sse4.2, popcnt, avx, avx2, aes, clmul, erms, rtm, 3dnowpref, lzcnt, ht, tsc, tscinvbit, bmi1, bmi2, adx

/proc/cpuinfo:
processor	: 0
vendor_id	: GenuineIntel
cpu family	: 6
model		: 61
model name	: Intel(R) Core(TM) i7-5600U CPU @ 2.60GHz
stepping	: 4
microcode	: 0x19
cpu MHz		: 788.531
cache size	: 4096 KB
physical id	: 0
siblings	: 4
core id		: 0
cpu cores	: 2
apicid		: 0
initial apicid	: 0
fpu		: yes
fpu_exception	: yes
cpuid level	: 20
wp		: yes
flags		: fpu vme de pse tsc msr pae mce cx8 apic sep mtrr pge mca cmov pat pse36 clflush dts acpi mmx fxsr sse sse2 ss ht tm pbe syscall nx pdpe1gb rdtscp lm constant_tsc arch_perfmon pebs bts rep_good nopl xtopology nonstop_tsc aperfmperf eagerfpu pni pclmulqdq dtes64 monitor ds_cpl vmx smx est tm2 ssse3 fma cx16 xtpr pdcm pcid sse4_1 sse4_2 x2apic movbe popcnt tsc_deadline_timer aes xsave avx f16c rdrand lahf_lm abm 3dnowprefetch ida arat epb pln pts dtherm tpr_shadow vnmi flexpriority ept vpid fsgsbase tsc_adjust bmi1 hle avx2 smep bmi2 erms invpcid rtm rdseed adx smap xsaveopt
bugs		:
bogomips	: 5188.48
clflush size	: 64
cache_alignment	: 64
address sizes	: 39 bits physical, 48 bits virtual
power management:

processor	: 1
vendor_id	: GenuineIntel
cpu family	: 6
model		: 61
model name	: Intel(R) Core(TM) i7-5600U CPU @ 2.60GHz
stepping	: 4
microcode	: 0x19
cpu MHz		: 874.250
cache size	: 4096 KB
physical id	: 0
siblings	: 4
core id		: 0
cpu cores	: 2
apicid		: 1
initial apicid	: 1
fpu		: yes
fpu_exception	: yes
cpuid level	: 20
wp		: yes
flags		: fpu vme de pse tsc msr pae mce cx8 apic sep mtrr pge mca cmov pat pse36 clflush dts acpi mmx fxsr sse sse2 ss ht tm pbe syscall nx pdpe1gb rdtscp lm constant_tsc arch_perfmon pebs bts rep_good nopl xtopology nonstop_tsc aperfmperf eagerfpu pni pclmulqdq dtes64 monitor ds_cpl vmx smx est tm2 ssse3 fma cx16 xtpr pdcm pcid sse4_1 sse4_2 x2apic movbe popcnt tsc_deadline_timer aes xsave avx f16c rdrand lahf_lm abm 3dnowprefetch ida arat epb pln pts dtherm tpr_shadow vnmi flexpriority ept vpid fsgsbase tsc_adjust bmi1 hle avx2 smep bmi2 erms invpcid rtm rdseed adx smap xsaveopt
bugs		:
bogomips	: 5188.48
clflush size	: 64
cache_alignment	: 64
address sizes	: 39 bits physical, 48 bits virtual
power management:

processor	: 2
vendor_id	: GenuineIntel
cpu family	: 6
model		: 61
model name	: Intel(R) Core(TM) i7-5600U CPU @ 2.60GHz
stepping	: 4
microcode	: 0x19
cpu MHz		: 771.976
cache size	: 4096 KB
physical id	: 0
siblings	: 4
core id		: 1
cpu cores	: 2
apicid		: 2
initial apicid	: 2
fpu		: yes
fpu_exception	: yes
cpuid level	: 20
wp		: yes
flags		: fpu vme de pse tsc msr pae mce cx8 apic sep mtrr pge mca cmov pat pse36 clflush dts acpi mmx fxsr sse sse2 ss ht tm pbe syscall nx pdpe1gb rdtscp lm constant_tsc arch_perfmon pebs bts rep_good nopl xtopology nonstop_tsc aperfmperf eagerfpu pni pclmulqdq dtes64 monitor ds_cpl vmx smx est tm2 ssse3 fma cx16 xtpr pdcm pcid sse4_1 sse4_2 x2apic movbe popcnt tsc_deadline_timer aes xsave avx f16c rdrand lahf_lm abm 3dnowprefetch ida arat epb pln pts dtherm tpr_shadow vnmi flexpriority ept vpid fsgsbase tsc_adjust bmi1 hle avx2 smep bmi2 erms invpcid rtm rdseed adx smap xsaveopt
bugs		:
bogomips	: 5188.48
clflush size	: 64
cache_alignment	: 64
address sizes	: 39 bits physical, 48 bits virtual
power management:

processor	: 3
vendor_id	: GenuineIntel
cpu family	: 6
model		: 61
model name	: Intel(R) Core(TM) i7-5600U CPU @ 2.60GHz
stepping	: 4
microcode	: 0x19
cpu MHz		: 744.250
cache size	: 4096 KB
physical id	: 0
siblings	: 4
core id		: 1
cpu cores	: 2
apicid		: 3
initial apicid	: 3
fpu		: yes
fpu_exception	: yes
cpuid level	: 20
wp		: yes
flags		: fpu vme de pse tsc msr pae mce cx8 apic sep mtrr pge mca cmov pat pse36 clflush dts acpi mmx fxsr sse sse2 ss ht tm pbe syscall nx pdpe1gb rdtscp lm constant_tsc arch_perfmon pebs bts rep_good nopl xtopology nonstop_tsc aperfmperf eagerfpu pni pclmulqdq dtes64 monitor ds_cpl vmx smx est tm2 ssse3 fma cx16 xtpr pdcm pcid sse4_1 sse4_2 x2apic movbe popcnt tsc_deadline_timer aes xsave avx f16c rdrand lahf_lm abm 3dnowprefetch ida arat epb pln pts dtherm tpr_shadow vnmi flexpriority ept vpid fsgsbase tsc_adjust bmi1 hle avx2 smep bmi2 erms invpcid rtm rdseed adx smap xsaveopt
bugs		:
bogomips	: 5188.48
clflush size	: 64
cache_alignment	: 64
address sizes	: 39 bits physical, 48 bits virtual
power management:



Memory: 4k page, physical 16309452k(11085292k free), swap 16653308k(16584340k free)

vm_info: Java HotSpot(TM) 64-Bit Server VM (25.51-b03) for linux-amd64 JRE (1.8.0_51-b16), built on Jun  8 2015 19:28:07 by "java_re" with gcc 4.3.0 20080428 (Red Hat 4.3.0-8)

time: Sat Oct 10 15:35:05 2015
elapsed time: 403 seconds (0d 0h 6m 43s)

