#
# A fatal error has been detected by the Java Runtime Environment:
#
#  SIGSEGV (0xb) at pc=0x00007ff68e8cc998, pid=8971, tid=140697592403712
#
# JRE version: Java(TM) SE Runtime Environment (8.0_51-b16) (build 1.8.0_51-b16)
# Java VM: Java HotSpot(TM) 64-Bit Server VM (25.51-b03 mixed mode linux-amd64 compressed oops)
# Problematic frame:
# C  [i965_dri.so+0x3c9998]
#
# Failed to write core dump. Core dumps have been disabled. To enable core dumping, try "ulimit -c unlimited" before starting Java again
#
# If you would like to submit a bug report, please visit:
#   http://bugreport.java.com/bugreport/crash.jsp
# The crash happened outside the Java Virtual Machine in native code.
# See problematic frame for where to report the bug.
#

---------------  T H R E A D  ---------------

Current thread (0x00007ff708685000):  JavaThread "main-Display-.x11_:0-1-EDT-1" daemon [_thread_in_native, id=9011, stack(0x00007ff6b5f41000,0x00007ff6b6042000)]

siginfo: si_signo: 11 (SIGSEGV), si_code: 1 (SEGV_MAPERR), si_addr: 0x0000000100000000

Registers:
RAX=0x00007ff68e8cc990, RBX=0x00007ff67804f900, RCX=0x0000000000000000, RDX=0x0000000000000001
RSP=0x00007ff6b603f250, RBP=0x00007ff694022100, RSI=0x00007ff67804f9e0, RDI=0x0000000100000000
R8 =0x0000000000000000, R9 =0x00007ff6b58eefc0, R10=0x00007ff6f901ce58, R11=0x00007ff70f83d090
R12=0x00007ff69401fc20, R13=0x0000000000000000, R14=0x00007ff6940232c0, R15=0x0000000000000000
RIP=0x00007ff68e8cc998, EFLAGS=0x0000000000010206, CSGSFS=0x0000000000000033, ERR=0x0000000000000004
  TRAPNO=0x000000000000000e

Top of Stack: (sp=0x00007ff6b603f250)
0x00007ff6b603f250:   00007ff6b603f340 0000000000000000
0x00007ff6b603f260:   00007ff67804f900 00007ff694022100
0x00007ff6b603f270:   00007ff69401fc20 00007ff6b58ef04e
0x00007ff6b603f280:   00007ff6b603f2b8 00007ff6b5b3c660
0x00007ff6b603f290:   00007ff694014b10 00007ff600000000
0x00007ff6b603f2a0:   0000000000000000 0000000000000000
0x00007ff6b603f2b0:   000000b600000000 00007ff67804f900
0x00007ff6b603f2c0:   0000000004200002 00007ff6b5c89768
0x00007ff6b603f2d0:   00007ff6b603f340 0000000000000000
0x00007ff6b603f2e0:   00007ff6b5c89768 00007ff6b603f410
0x00007ff6b603f2f0:   00007ff708685000 00007ff68fde4ba7
0x00007ff6b603f300:   00007ff6b5c702e8 00007ff6b58c8ab0
0x00007ff6b603f310:   0000000004200002 00007ff694014b10
0x00007ff6b603f320:   00007ff6b603f3d8 00007ff7086851f8
0x00007ff6b603f330:   00000000000003d8 00007ff6b58c8ab0
0x00007ff6b603f340:   00007ff6b603f3c8 00007ff6f901ce84
0x00007ff6b603f350:   00007ff68c8cff40 00007ff708685000
0x00007ff6b603f360:   00000006c72131c0 00000006c72131d0
0x00007ff6b603f370:   fffffffe00000000 0000000000000000
0x00007ff6b603f380:   0000000000000031 00007ff6b603f388
0x00007ff6b603f390:   0000000000000000 00007ff6b603f410
0x00007ff6b603f3a0:   00007ff6b5c8aa78 0000000000000000
0x00007ff6b603f3b0:   00007ff6b5c89768 0000000000000000
0x00007ff6b603f3c0:   00007ff6b603f3e8 00007ff6b603f458
0x00007ff6b603f3d0:   00007ff6f9007ccd 00000006c73367c0
0x00007ff6b603f3e0:   00007ff6f90137d8 00007ff6b58c8ab0
0x00007ff6b603f3f0:   00007ff6b603f598 0000000004200002
0x00007ff6b603f400:   00007ff6f90055d0 00007ff694014b10
0x00007ff6b603f410:   00000006c754ebe8 00007ff6b603f418
0x00007ff6b603f420:   00007ff6b5c896b9 00007ff6b603f490
0x00007ff6b603f430:   00007ff6b5c8aa78 0000000000000000
0x00007ff6b603f440:   00007ff6b5c896c8 00007ff6b603f3e8 

Instructions: (pc=0x00007ff68e8cc998)
0x00007ff68e8cc978:   0f 1f 84 00 00 00 00 00 48 83 c4 10 5b 5d 41 5c
0x00007ff68e8cc988:   c3 0f 1f 80 00 00 00 00 41 54 55 53 48 83 ec 10
0x00007ff68e8cc998:   48 8b 1f 48 85 db 74 3d f6 83 48 05 00 00 01 49
0x00007ff68e8cc9a8:   89 f4 89 cd 75 72 83 e2 01 75 5d 83 e5 fd 74 38 

Register to memory mapping:

RAX=0x00007ff68e8cc990: <offset 0x3c9990> in /usr/lib/x86_64-linux-gnu/dri/i965_dri.so at 0x00007ff68e503000
RBX=0x00007ff67804f900 is an unknown value
RCX=0x0000000000000000 is an unknown value
RDX=0x0000000000000001 is an unknown value
RSP=0x00007ff6b603f250 is pointing into the stack for thread: 0x00007ff708685000
RBP=0x00007ff694022100 is an unknown value
RSI=0x00007ff67804f9e0 is an unknown value
RDI=0x0000000100000000 is an unknown value
R8 =0x0000000000000000 is an unknown value
R9 =0x00007ff6b58eefc0: <offset 0x42fc0> in /usr/lib/x86_64-linux-gnu/mesa/libGL.so.1 at 0x00007ff6b58ac000
R10=0x00007ff6f901ce58 is at code_begin+1528 in an Interpreter codelet
method entry point (kind = native)  [0x00007ff6f901c860, 0x00007ff6f901d7a0]  3904 bytes
R11=0x00007ff70f83d090: <offset 0x9ad090> in /usr/bin/processing-3.0/java/lib/amd64/server/libjvm.so at 0x00007ff70ee90000
R12=0x00007ff69401fc20 is an unknown value
R13=0x0000000000000000 is an unknown value
R14=0x00007ff6940232c0 is an unknown value
R15=0x0000000000000000 is an unknown value


Stack: [0x00007ff6b5f41000,0x00007ff6b6042000],  sp=0x00007ff6b603f250,  free space=1016k
Native frames: (J=compiled Java code, j=interpreted, Vv=VM code, C=native code)
C  [i965_dri.so+0x3c9998]

Java frames: (J=compiled Java code, j=interpreted, Vv=VM code)
j  jogamp.opengl.x11.glx.GLX.dispatch_glXSwapBuffers0(JJJ)V+0
j  jogamp.opengl.x11.glx.GLX.glXSwapBuffers(JJ)V+41
j  jogamp.opengl.x11.glx.X11GLXDrawable.swapBuffersImpl(Z)V+17
J 1912 C1 jogamp.opengl.GLDrawableImpl.swapBuffers()V (138 bytes) @ 0x00007ff6f9776d34 [0x00007ff6f9776660+0x6d4]
j  jogamp.opengl.GLAutoDrawableBase.defaultSwapBuffers()V+23
j  com.jogamp.newt.opengl.GLWindow.swapBuffers()V+1
j  processing.opengl.PJOGL.swapBuffers()V+15
j  processing.opengl.PGraphicsOpenGL.dispose()V+15
j  processing.core.PApplet.dispose()V+28
j  processing.opengl.PSurfaceJOGL$NEWTWindowListener.windowDestroyNotify(Lcom/jogamp/newt/event/WindowEvent;)V+7
j  jogamp.newt.WindowImpl.consumeWindowEvent(Lcom/jogamp/newt/event/WindowEvent;)V+254
j  jogamp.newt.WindowImpl.sendWindowEvent(I)V+14
j  jogamp.newt.WindowImpl$1.run()V+143
j  jogamp.newt.DisplayImpl.runOnEDTIfAvail(ZLjava/lang/Runnable;)V+172
j  jogamp.newt.WindowImpl.runOnEDTIfAvail(ZLjava/lang/Runnable;)V+36
j  jogamp.newt.WindowImpl.destroy()V+11
j  com.jogamp.newt.opengl.GLWindow.destroy()V+4
j  jogamp.opengl.GLAutoDrawableBase.destroyAvoidAwareOfLocking()V+31
j  jogamp.opengl.GLAutoDrawableBase.defaultWindowDestroyNotifyOp()V+43
j  com.jogamp.newt.opengl.GLWindow.access$000(Lcom/jogamp/newt/opengl/GLWindow;)V+1
j  com.jogamp.newt.opengl.GLWindow$1.run()V+4
j  jogamp.newt.WindowImpl.windowDestroyNotify(Z)Z+147
v  ~StubRoutines::call_stub
J 1708  jogamp.newt.driver.x11.DisplayDriver.DispatchMessages0(JJJII)V (0 bytes) @ 0x00007ff6f968c73f [0x00007ff6f968c700+0x3f]
J 1707 C1 jogamp.newt.driver.x11.DisplayDriver.dispatchMessagesNative()V (66 bytes) @ 0x00007ff6f968ce94 [0x00007ff6f968cb00+0x394]
J 1591 C1 jogamp.newt.DisplayImpl.dispatchMessages()V (116 bytes) @ 0x00007ff6f9619c3c [0x00007ff6f9619220+0xa1c]
J 1590 C1 jogamp.newt.DisplayImpl$7.run()V (8 bytes) @ 0x00007ff6f961494c [0x00007ff6f9614840+0x10c]
j  jogamp.newt.DefaultEDTUtil$NEDT.run()V+67
v  ~StubRoutines::call_stub

---------------  P R O C E S S  ---------------

Java Threads: ( => current thread )
  0x00007ff678130800 JavaThread "Thread-6" [_thread_blocked, id=9033, stack(0x00007ff67fc0f000,0x00007ff67fd10000)]
  0x00007ff67811d800 JavaThread "Java Sound Event Dispatcher" daemon [_thread_blocked, id=9028, stack(0x00007ff68c0a9000,0x00007ff68c1aa000)]
  0x00007ff70800f800 JavaThread "DestroyJavaVM" [_thread_blocked, id=8972, stack(0x00007ff710950000,0x00007ff710a51000)]
  0x00007ff7086f4000 JavaThread "Thread-2" [_thread_blocked, id=9014, stack(0x00007ff68c7bb000,0x00007ff68c8bc000)]
  0x00007ff7086e4000 JavaThread "main-SharedResourceRunner" daemon [_thread_blocked, id=9013, stack(0x00007ff6b401b000,0x00007ff6b411c000)]
  0x00007ff7086ba000 JavaThread "main-SharedResourceRunner" daemon [_thread_blocked, id=9012, stack(0x00007ff6b411c000,0x00007ff6b421d000)]
=>0x00007ff708685000 JavaThread "main-Display-.x11_:0-1-EDT-1" daemon [_thread_in_native, id=9011, stack(0x00007ff6b5f41000,0x00007ff6b6042000)]
  0x00007ff708516000 JavaThread "process reaper" daemon [_thread_blocked, id=9004, stack(0x00007ff6b775e000,0x00007ff6b7797000)]
  0x00007ff7082c4000 JavaThread "AWT-XAWT" daemon [_thread_in_native, id=9000, stack(0x00007ff6b7cf9000,0x00007ff6b7dfa000)]
  0x00007ff7082a4000 JavaThread "Java2D Disposer" daemon [_thread_blocked, id=8999, stack(0x00007ff6ec20d000,0x00007ff6ec30e000)]
  0x00007ff7080e1000 JavaThread "Service Thread" daemon [_thread_blocked, id=8997, stack(0x00007ff6edf7b000,0x00007ff6ee07c000)]
  0x00007ff7080d3800 JavaThread "C1 CompilerThread2" daemon [_thread_blocked, id=8996, stack(0x00007ff6ee07c000,0x00007ff6ee17d000)]
  0x00007ff7080d1800 JavaThread "C2 CompilerThread1" daemon [_thread_blocked, id=8995, stack(0x00007ff6ee17d000,0x00007ff6ee27e000)]
  0x00007ff7080ce800 JavaThread "C2 CompilerThread0" daemon [_thread_blocked, id=8994, stack(0x00007ff6ee27e000,0x00007ff6ee37f000)]
  0x00007ff6cc001000 JavaThread "JDWP Command Reader" daemon [_thread_in_native, id=8988, stack(0x00007ff6ee37f000,0x00007ff6ee480000)]
  0x00007ff7080cc800 JavaThread "JDWP Event Helper Thread" daemon [_thread_blocked, id=8983, stack(0x00007ff6ee480000,0x00007ff6ee581000)]
  0x00007ff7080c9000 JavaThread "JDWP Transport Listener: dt_socket" daemon [_thread_blocked, id=8982, stack(0x00007ff6ee581000,0x00007ff6ee682000)]
  0x00007ff7080bb800 JavaThread "Signal Dispatcher" daemon [_thread_blocked, id=8981, stack(0x00007ff6ee886000,0x00007ff6ee987000)]
  0x00007ff708084800 JavaThread "Finalizer" daemon [_thread_blocked, id=8980, stack(0x00007ff6ee987000,0x00007ff6eea88000)]
  0x00007ff708082800 JavaThread "Reference Handler" daemon [_thread_blocked, id=8979, stack(0x00007ff6eea88000,0x00007ff6eeb89000)]

Other Threads:
  0x00007ff70807d000 VMThread [stack: 0x00007ff6eeb89000,0x00007ff6eec8a000] [id=8978]
  0x00007ff7080e3800 WatcherThread [stack: 0x00007ff6ede7a000,0x00007ff6edf7b000] [id=8998]

VM state:not at safepoint (normal execution)

VM Mutex/Monitor currently owned by a thread: None

Heap:
 PSYoungGen      total 462336K, used 62592K [0x000000076d100000, 0x000000078c980000, 0x00000007c0000000)
  eden space 451072K, 13% used [0x000000076d100000,0x0000000770e10218,0x0000000788980000)
  from space 11264K, 0% used [0x000000078b380000,0x000000078b390000,0x000000078be80000)
  to   space 11264K, 0% used [0x000000078be80000,0x000000078be80000,0x000000078c980000)
 ParOldGen       total 171008K, used 5577K [0x00000006c7200000, 0x00000006d1900000, 0x000000076d100000)
  object space 171008K, 3% used [0x00000006c7200000,0x00000006c7772430,0x00000006d1900000)
 Metaspace       used 17530K, capacity 17746K, committed 18048K, reserved 1064960K
  class space    used 1574K, capacity 1662K, committed 1664K, reserved 1048576K

Card table byte_map: [0x00007ff70c449000,0x00007ff70cc11000] byte_map_base: 0x00007ff708e10000

Marking Bits: (ParMarkBitMap*) 0x00007ff70fe2e660
 Begin Bits: [0x00007ff6f0e60000, 0x00007ff6f4c98000)
 End Bits:   [0x00007ff6f4c98000, 0x00007ff6f8ad0000)

Polling page: 0x00007ff710a75000

CodeCache: size=245760Kb used=7718Kb max_used=7741Kb free=238041Kb
 bounds [0x00007ff6f9000000, 0x00007ff6f97a0000, 0x00007ff708000000]
 total_blobs=2872 nmethods=1917 adapters=877
 compilation: enabled

Compilation events (10 events):
Event: 9.301 Thread 0x00007ff7080d3800 1933       3       processing.opengl.PShader::draw (42 bytes)
Event: 9.302 Thread 0x00007ff7080d3800 nmethod 1933 0x00007ff6f9789a90 code [0x00007ff6f9789c20, 0x00007ff6f978a168]
Event: 9.302 Thread 0x00007ff7080d3800 1934       3       processing.opengl.PShader::unbind (36 bytes)
Event: 9.303 Thread 0x00007ff7080d3800 nmethod 1934 0x00007ff6f97893d0 code [0x00007ff6f9789560, 0x00007ff6f9789968]
Event: 9.320 Thread 0x00007ff7080d1800 1935       4       processing.opengl.PGraphicsOpenGL$TessGeometry::addPolyVertices (2594 bytes)
Event: 9.379 Thread 0x00007ff7080d1800 nmethod 1935 0x00007ff6f978f990 code [0x00007ff6f978fc60, 0x00007ff6f97937d8]
Event: 9.486 Thread 0x00007ff7080d3800 1936       3       ddf.minim.javasound.FloatSampleBuffer::grow (50 bytes)
Event: 9.486 Thread 0x00007ff7080d3800 nmethod 1936 0x00007ff6f9788dd0 code [0x00007ff6f9788f40, 0x00007ff6f97892e8]
Event: 9.518 Thread 0x00007ff7080ce800 1937       4       processing.opengl.PGraphicsOpenGL::updateProjmodelview (23 bytes)
Event: 9.521 Thread 0x00007ff7080ce800 nmethod 1937 0x00007ff6f9788810 code [0x00007ff6f9788980, 0x00007ff6f9788c48]

GC Heap History (10 events):
Event: 5.031 GC heap before
{Heap before GC invocations=7 (full 0):
 PSYoungGen      total 266752K, used 263632K [0x000000076d100000, 0x000000077df00000, 0x00000007c0000000)
  eden space 258048K, 100% used [0x000000076d100000,0x000000077cd00000,0x000000077cd00000)
  from space 8704K, 64% used [0x000000077d680000,0x000000077dbf4110,0x000000077df00000)
  to   space 9216K, 0% used [0x000000077cd00000,0x000000077cd00000,0x000000077d600000)
 ParOldGen       total 171008K, used 48K [0x00000006c7200000, 0x00000006d1900000, 0x000000076d100000)
  object space 171008K, 0% used [0x00000006c7200000,0x00000006c720c000,0x00000006d1900000)
 Metaspace       used 17365K, capacity 17554K, committed 17792K, reserved 1064960K
  class space    used 1574K, capacity 1662K, committed 1664K, reserved 1048576K
Event: 5.037 GC heap after
Heap after GC invocations=7 (full 0):
 PSYoungGen      total 267264K, used 128K [0x000000076d100000, 0x000000078dd00000, 0x00000007c0000000)
  eden space 258048K, 0% used [0x000000076d100000,0x000000076d100000,0x000000077cd00000)
  from space 9216K, 1% used [0x000000077cd00000,0x000000077cd20000,0x000000077d600000)
  to   space 10240K, 0% used [0x000000078d300000,0x000000078d300000,0x000000078dd00000)
 ParOldGen       total 171008K, used 5505K [0x00000006c7200000, 0x00000006d1900000, 0x000000076d100000)
  object space 171008K, 3% used [0x00000006c7200000,0x00000006c7760430,0x00000006d1900000)
 Metaspace       used 17365K, capacity 17554K, committed 17792K, reserved 1064960K
  class space    used 1574K, capacity 1662K, committed 1664K, reserved 1048576K
}
Event: 5.753 GC heap before
{Heap before GC invocations=8 (full 0):
 PSYoungGen      total 267264K, used 258176K [0x000000076d100000, 0x000000078dd00000, 0x00000007c0000000)
  eden space 258048K, 100% used [0x000000076d100000,0x000000077cd00000,0x000000077cd00000)
  from space 9216K, 1% used [0x000000077cd00000,0x000000077cd20000,0x000000077d600000)
  to   space 10240K, 0% used [0x000000078d300000,0x000000078d300000,0x000000078dd00000)
 ParOldGen       total 171008K, used 5505K [0x00000006c7200000, 0x00000006d1900000, 0x000000076d100000)
  object space 171008K, 3% used [0x00000006c7200000,0x00000006c7760430,0x00000006d1900000)
 Metaspace       used 17376K, capacity 17554K, committed 17792K, reserved 1064960K
  class space    used 1574K, capacity 1662K, committed 1664K, reserved 1048576K
Event: 5.754 GC heap after
Heap after GC invocations=8 (full 0):
 PSYoungGen      total 525824K, used 96K [0x000000076d100000, 0x000000078de00000, 0x00000007c0000000)
  eden space 515584K, 0% used [0x000000076d100000,0x000000076d100000,0x000000078c880000)
  from space 10240K, 0% used [0x000000078d300000,0x000000078d318000,0x000000078dd00000)
  to   space 10752K, 0% used [0x000000078c880000,0x000000078c880000,0x000000078d300000)
 ParOldGen       total 171008K, used 5537K [0x00000006c7200000, 0x00000006d1900000, 0x000000076d100000)
  object space 171008K, 3% used [0x00000006c7200000,0x00000006c7768430,0x00000006d1900000)
 Metaspace       used 17376K, capacity 17554K, committed 17792K, reserved 1064960K
  class space    used 1574K, capacity 1662K, committed 1664K, reserved 1048576K
}
Event: 7.087 GC heap before
{Heap before GC invocations=9 (full 0):
 PSYoungGen      total 525824K, used 515680K [0x000000076d100000, 0x000000078de00000, 0x00000007c0000000)
  eden space 515584K, 100% used [0x000000076d100000,0x000000078c880000,0x000000078c880000)
  from space 10240K, 0% used [0x000000078d300000,0x000000078d318000,0x000000078dd00000)
  to   space 10752K, 0% used [0x000000078c880000,0x000000078c880000,0x000000078d300000)
 ParOldGen       total 171008K, used 5537K [0x00000006c7200000, 0x00000006d1900000, 0x000000076d100000)
  object space 171008K, 3% used [0x00000006c7200000,0x00000006c7768430,0x00000006d1900000)
 Metaspace       used 17407K, capacity 17618K, committed 17792K, reserved 1064960K
  class space    used 1574K, capacity 1662K, committed 1664K, reserved 1048576K
Event: 7.088 GC heap after
Heap after GC invocations=9 (full 0):
 PSYoungGen      total 493568K, used 64K [0x000000076d100000, 0x000000078d380000, 0x00000007c0000000)
  eden space 493056K, 0% used [0x000000076d100000,0x000000076d100000,0x000000078b280000)
  from space 512K, 12% used [0x000000078c880000,0x000000078c890000,0x000000078c900000)
  to   space 10752K, 0% used [0x000000078c900000,0x000000078c900000,0x000000078d380000)
 ParOldGen       total 171008K, used 5553K [0x00000006c7200000, 0x00000006d1900000, 0x000000076d100000)
  object space 171008K, 3% used [0x00000006c7200000,0x00000006c776c430,0x00000006d1900000)
 Metaspace       used 17407K, capacity 17618K, committed 17792K, reserved 1064960K
  class space    used 1574K, capacity 1662K, committed 1664K, reserved 1048576K
}
Event: 8.469 GC heap before
{Heap before GC invocations=10 (full 0):
 PSYoungGen      total 493568K, used 493120K [0x000000076d100000, 0x000000078d380000, 0x00000007c0000000)
  eden space 493056K, 100% used [0x000000076d100000,0x000000078b280000,0x000000078b280000)
  from space 512K, 12% used [0x000000078c880000,0x000000078c890000,0x000000078c900000)
  to   space 10752K, 0% used [0x000000078c900000,0x000000078c900000,0x000000078d380000)
 ParOldGen       total 171008K, used 5553K [0x00000006c7200000, 0x00000006d1900000, 0x000000076d100000)
  object space 171008K, 3% used [0x00000006c7200000,0x00000006c776c430,0x00000006d1900000)
 Metaspace       used 17451K, capacity 17682K, committed 17792K, reserved 1064960K
  class space    used 1574K, capacity 1662K, committed 1664K, reserved 1048576K
Event: 8.470 GC heap after
Heap after GC invocations=10 (full 0):
 PSYoungGen      total 472064K, used 64K [0x000000076d100000, 0x000000078c980000, 0x00000007c0000000)
  eden space 471552K, 0% used [0x000000076d100000,0x000000076d100000,0x0000000789d80000)
  from space 512K, 12% used [0x000000078c900000,0x000000078c910000,0x000000078c980000)
  to   space 11264K, 0% used [0x000000078b380000,0x000000078b380000,0x000000078be80000)
 ParOldGen       total 171008K, used 5561K [0x00000006c7200000, 0x00000006d1900000, 0x000000076d100000)
  object space 171008K, 3% used [0x00000006c7200000,0x00000006c776e430,0x00000006d1900000)
 Metaspace       used 17451K, capacity 17682K, committed 17792K, reserved 1064960K
  class space    used 1574K, capacity 1662K, committed 1664K, reserved 1048576K
}
Event: 9.683 GC heap before
{Heap before GC invocations=11 (full 0):
 PSYoungGen      total 472064K, used 471616K [0x000000076d100000, 0x000000078c980000, 0x00000007c0000000)
  eden space 471552K, 100% used [0x000000076d100000,0x0000000789d80000,0x0000000789d80000)
  from space 512K, 12% used [0x000000078c900000,0x000000078c910000,0x000000078c980000)
  to   space 11264K, 0% used [0x000000078b380000,0x000000078b380000,0x000000078be80000)
 ParOldGen       total 171008K, used 5561K [0x00000006c7200000, 0x00000006d1900000, 0x000000076d100000)
  object space 171008K, 3% used [0x00000006c7200000,0x00000006c776e430,0x00000006d1900000)
 Metaspace       used 17529K, capacity 17746K, committed 18048K, reserved 1064960K
  class space    used 1574K, capacity 1662K, committed 1664K, reserved 1048576K
Event: 9.684 GC heap after
Heap after GC invocations=11 (full 0):
 PSYoungGen      total 462336K, used 64K [0x000000076d100000, 0x000000078c980000, 0x00000007c0000000)
  eden space 451072K, 0% used [0x000000076d100000,0x000000076d100000,0x0000000788980000)
  from space 11264K, 0% used [0x000000078b380000,0x000000078b390000,0x000000078be80000)
  to   space 11264K, 0% used [0x000000078be80000,0x000000078be80000,0x000000078c980000)
 ParOldGen       total 171008K, used 5577K [0x00000006c7200000, 0x00000006d1900000, 0x000000076d100000)
  object space 171008K, 3% used [0x00000006c7200000,0x00000006c7772430,0x00000006d1900000)
 Metaspace       used 17529K, capacity 17746K, committed 18048K, reserved 1064960K
  class space    used 1574K, capacity 1662K, committed 1664K, reserved 1048576K
}

Deoptimization events (10 events):
Event: 1.375 Thread 0x00007ff7086ba000 Uncommon trap: reason=class_check action=maybe_recompile pc=0x00007ff6f9383330 method=com.jogamp.common.os.DynamicLibraryBundle.toolDynamicLookupFunction(Ljava/lang/String;)J @ 18
Event: 1.376 Thread 0x00007ff7086ba000 Uncommon trap: reason=class_check action=maybe_recompile pc=0x00007ff6f9389444 method=com.jogamp.common.os.DynamicLibraryBundle.dynamicLookupFunction(Ljava/lang/String;)J @ 80
Event: 1.376 Thread 0x00007ff7086ba000 Uncommon trap: reason=class_check action=maybe_recompile pc=0x00007ff6f9383330 method=com.jogamp.common.os.DynamicLibraryBundle.toolDynamicLookupFunction(Ljava/lang/String;)J @ 18
Event: 1.376 Thread 0x00007ff7086ba000 Uncommon trap: reason=class_check action=maybe_recompile pc=0x00007ff6f9389444 method=com.jogamp.common.os.DynamicLibraryBundle.dynamicLookupFunction(Ljava/lang/String;)J @ 80
Event: 1.376 Thread 0x00007ff7086ba000 Uncommon trap: reason=class_check action=maybe_recompile pc=0x00007ff6f9383330 method=com.jogamp.common.os.DynamicLibraryBundle.toolDynamicLookupFunction(Ljava/lang/String;)J @ 18
Event: 1.472 Thread 0x00007ff70800f800 Uncommon trap: reason=unstable_if action=reinterpret pc=0x00007ff6f939652c method=java.lang.reflect.AccessibleObject.setAccessible0(Ljava/lang/reflect/AccessibleObject;Z)V @ 4
Event: 1.572 Thread 0x00007ff7086ee800 Uncommon trap: reason=unstable_if action=reinterpret pc=0x00007ff6f92b3034 method=sun.misc.MetaIndex.mayContain(Ljava/lang/String;)Z @ 38
Event: 1.625 Thread 0x00007ff7086ee800 Uncommon trap: reason=unstable_if action=reinterpret pc=0x00007ff6f93cdccc method=javax.sound.sampled.AudioFormat.matches(Ljavax/sound/sampled/AudioFormat;)Z @ 112
Event: 1.690 Thread 0x00007ff678130800 Uncommon trap: reason=unstable_if action=reinterpret pc=0x00007ff6f93eb98c method=ddf.minim.javasound.FloatSampleTools.quantize16(FF)I @ 32
Event: 7.102 Thread 0x00007ff7086ee800 Uncommon trap: reason=unstable_if action=reinterpret pc=0x00007ff6f963562c method=sun.misc.FloatingDecimal$BinaryToASCIIBuffer.dtoa(IJIZ)V @ 714

Internal exceptions (10 events):
Event: 0.478 Thread 0x00007ff70800f800 Exception <a 'java/security/PrivilegedActionException'> (0x000000076d66e380) thrown at [/HUDSON/workspace/8-2-build-linux-amd64/jdk8u51/3951/hotspot/src/share/vm/prims/jvm.cpp, line 1382]
Event: 0.478 Thread 0x00007ff70800f800 Exception <a 'java/security/PrivilegedActionException'> (0x000000076d66e538) thrown at [/HUDSON/workspace/8-2-build-linux-amd64/jdk8u51/3951/hotspot/src/share/vm/prims/jvm.cpp, line 1382]
Event: 0.478 Thread 0x00007ff70800f800 Exception <a 'java/security/PrivilegedActionException'> (0x000000076d6707f0) thrown at [/HUDSON/workspace/8-2-build-linux-amd64/jdk8u51/3951/hotspot/src/share/vm/prims/jvm.cpp, line 1382]
Event: 0.478 Thread 0x00007ff70800f800 Exception <a 'java/security/PrivilegedActionException'> (0x000000076d6709a8) thrown at [/HUDSON/workspace/8-2-build-linux-amd64/jdk8u51/3951/hotspot/src/share/vm/prims/jvm.cpp, line 1382]
Event: 0.483 Thread 0x00007ff70800f800 Exception <a 'java/io/FileNotFoundException'> (0x000000076d67a700) thrown at [/HUDSON/workspace/8-2-build-linux-amd64/jdk8u51/3951/hotspot/src/share/vm/prims/jni.cpp, line 709]
Event: 0.483 Thread 0x00007ff70800f800 Exception <a 'java/io/FileNotFoundException'> (0x000000076d67b088) thrown at [/HUDSON/workspace/8-2-build-linux-amd64/jdk8u51/3951/hotspot/src/share/vm/prims/jni.cpp, line 709]
Event: 0.539 Thread 0x00007ff70800f800 Exception <a 'java/lang/NoSuchFieldError': method resolution failed> (0x000000076d780fe8) thrown at [/HUDSON/workspace/8-2-build-linux-amd64/jdk8u51/3951/hotspot/src/share/vm/prims/methodHandles.cpp, line 1125]
Event: 0.540 Thread 0x00007ff70800f800 Exception <a 'java/lang/NoSuchFieldError': method resolution failed> (0x000000076d78f9a8) thrown at [/HUDSON/workspace/8-2-build-linux-amd64/jdk8u51/3951/hotspot/src/share/vm/prims/methodHandles.cpp, line 1125]
Event: 1.340 Thread 0x00007ff70800f800 Exception <a 'java/lang/InterruptedException'> (0x000000076f2928e8) thrown at [/HUDSON/workspace/8-2-build-linux-amd64/jdk8u51/3951/hotspot/src/share/vm/runtime/objectMonitor.cpp, line 1683]
Event: 1.468 Thread 0x00007ff70800f800 Exception <a 'java/lang/InterruptedException'> (0x000000076f29dd88) thrown at [/HUDSON/workspace/8-2-build-linux-amd64/jdk8u51/3951/hotspot/src/share/vm/runtime/objectMonitor.cpp, line 1683]

Events (10 events):
Event: 9.740 Thread 0x00007ff7086ee800 DEOPT PACKING pc=0x00007ff6f97622ec sp=0x00007ff68c7b92d0
Event: 9.740 Thread 0x00007ff7086ee800 DEOPT UNPACKING pc=0x00007ff6f9047633 sp=0x00007ff68c7b9038 mode 1
Event: 9.762 Thread 0x00007ff7086ee800 DEOPT PACKING pc=0x00007ff6f97622ec sp=0x00007ff68c7b92d0
Event: 9.762 Thread 0x00007ff7086ee800 DEOPT UNPACKING pc=0x00007ff6f9047633 sp=0x00007ff68c7b9038 mode 1
Event: 9.783 Thread 0x00007ff7086ee800 DEOPT PACKING pc=0x00007ff6f97622ec sp=0x00007ff68c7b92d0
Event: 9.783 Thread 0x00007ff7086ee800 DEOPT UNPACKING pc=0x00007ff6f9047633 sp=0x00007ff68c7b9038 mode 1
Event: 9.805 Thread 0x00007ff7086ee800 DEOPT PACKING pc=0x00007ff6f97622ec sp=0x00007ff68c7b92d0
Event: 9.805 Thread 0x00007ff7086ee800 DEOPT UNPACKING pc=0x00007ff6f9047633 sp=0x00007ff68c7b9038 mode 1
Event: 9.824 Thread 0x00007ff7086ee800 DEOPT PACKING pc=0x00007ff6f97622ec sp=0x00007ff68c7b92d0
Event: 9.824 Thread 0x00007ff7086ee800 DEOPT UNPACKING pc=0x00007ff6f9047633 sp=0x00007ff68c7b9038 mode 1


Dynamic libraries:
00400000-00401000 r-xp 00000000 08:02 6695910                            /usr/bin/processing-3.0/java/bin/java
00600000-00601000 rw-p 00000000 08:02 6695910                            /usr/bin/processing-3.0/java/bin/java
0125f000-01280000 rw-p 00000000 00:00 0                                  [heap]
6c7200000-6d1900000 rw-p 00000000 00:00 0 
6d1900000-76d100000 ---p 00000000 00:00 0 
76d100000-78c980000 rw-p 00000000 00:00 0 
78c980000-7c0000000 ---p 00000000 00:00 0 
7c0000000-7c01a0000 rw-p 00000000 00:00 0 
7c01a0000-800000000 ---p 00000000 00:00 0 
7ff65ffff000-7ff664000000 r--s 00000000 00:16 18791                      /run/shm/pulse-shm-3302753902
7ff664000000-7ff664021000 rw-p 00000000 00:00 0 
7ff664021000-7ff668000000 ---p 00000000 00:00 0 
7ff668000000-7ff668021000 rw-p 00000000 00:00 0 
7ff668021000-7ff66c000000 ---p 00000000 00:00 0 
7ff66c000000-7ff66c021000 rw-p 00000000 00:00 0 
7ff66c021000-7ff670000000 ---p 00000000 00:00 0 
7ff673fff000-7ff678000000 rw-s 00000000 00:16 146739                     /run/shm/pulse-shm-351660391
7ff678000000-7ff67865b000 rw-p 00000000 00:00 0 
7ff67865b000-7ff67c000000 ---p 00000000 00:00 0 
7ff67c941000-7ff67cb41000 rw-s 149349000 00:06 10208                     /dev/dri/card0
7ff67cb41000-7ff67cd41000 rw-s 149149000 00:06 10208                     /dev/dri/card0
7ff67ce81000-7ff67ce82000 ---p 00000000 00:00 0 
7ff67ce82000-7ff67d682000 rw-p 00000000 00:00 0 
7ff67d682000-7ff67d683000 ---p 00000000 00:00 0 
7ff67d683000-7ff67de83000 rw-p 00000000 00:00 0                          [stack:9029]
7ff67de83000-7ff67de89000 r-xp 00000000 08:02 6947199                    /usr/lib/x86_64-linux-gnu/alsa-lib/libasound_module_pcm_pulse.so
7ff67de89000-7ff67e088000 ---p 00006000 08:02 6947199                    /usr/lib/x86_64-linux-gnu/alsa-lib/libasound_module_pcm_pulse.so
7ff67e088000-7ff67e089000 r--p 00005000 08:02 6947199                    /usr/lib/x86_64-linux-gnu/alsa-lib/libasound_module_pcm_pulse.so
7ff67e089000-7ff67e08a000 rw-p 00006000 08:02 6947199                    /usr/lib/x86_64-linux-gnu/alsa-lib/libasound_module_pcm_pulse.so
7ff67e08a000-7ff67e0a1000 r-xp 00000000 08:02 13635816                   /lib/x86_64-linux-gnu/libresolv-2.19.so
7ff67e0a1000-7ff67e2a1000 ---p 00017000 08:02 13635816                   /lib/x86_64-linux-gnu/libresolv-2.19.so
7ff67e2a1000-7ff67e2a2000 r--p 00017000 08:02 13635816                   /lib/x86_64-linux-gnu/libresolv-2.19.so
7ff67e2a2000-7ff67e2a3000 rw-p 00018000 08:02 13635816                   /lib/x86_64-linux-gnu/libresolv-2.19.so
7ff67e2a3000-7ff67e2a5000 rw-p 00000000 00:00 0 
7ff67e2a5000-7ff67e2ac000 r-xp 00000000 08:02 6562227                    /usr/lib/x86_64-linux-gnu/libogg.so.0.8.1
7ff67e2ac000-7ff67e4ac000 ---p 00007000 08:02 6562227                    /usr/lib/x86_64-linux-gnu/libogg.so.0.8.1
7ff67e4ac000-7ff67e4ad000 r--p 00007000 08:02 6562227                    /usr/lib/x86_64-linux-gnu/libogg.so.0.8.1
7ff67e4ad000-7ff67e4ae000 rw-p 00008000 08:02 6562227                    /usr/lib/x86_64-linux-gnu/libogg.so.0.8.1
7ff67e4ae000-7ff67e4da000 r-xp 00000000 08:02 6562501                    /usr/lib/x86_64-linux-gnu/libvorbis.so.0.4.5
7ff67e4da000-7ff67e6d9000 ---p 0002c000 08:02 6562501                    /usr/lib/x86_64-linux-gnu/libvorbis.so.0.4.5
7ff67e6d9000-7ff67e6da000 r--p 0002b000 08:02 6562501                    /usr/lib/x86_64-linux-gnu/libvorbis.so.0.4.5
7ff67e6da000-7ff67e6db000 rw-p 0002c000 08:02 6562501                    /usr/lib/x86_64-linux-gnu/libvorbis.so.0.4.5
7ff67e6db000-7ff67e98e000 r-xp 00000000 08:02 6562503                    /usr/lib/x86_64-linux-gnu/libvorbisenc.so.2.0.8
7ff67e98e000-7ff67eb8d000 ---p 002b3000 08:02 6562503                    /usr/lib/x86_64-linux-gnu/libvorbisenc.so.2.0.8
7ff67eb8d000-7ff67eba9000 r--p 002b2000 08:02 6562503                    /usr/lib/x86_64-linux-gnu/libvorbisenc.so.2.0.8
7ff67eba9000-7ff67ebaa000 rw-p 002ce000 08:02 6562503                    /usr/lib/x86_64-linux-gnu/libvorbisenc.so.2.0.8
7ff67ebaa000-7ff67ebda000 r-xp 00000000 08:02 6561366                    /usr/lib/x86_64-linux-gnu/libFLAC.so.8.3.0
7ff67ebda000-7ff67edd9000 ---p 00030000 08:02 6561366                    /usr/lib/x86_64-linux-gnu/libFLAC.so.8.3.0
7ff67edd9000-7ff67edda000 r--p 0002f000 08:02 6561366                    /usr/lib/x86_64-linux-gnu/libFLAC.so.8.3.0
7ff67edda000-7ff67eddb000 rw-p 00030000 08:02 6561366                    /usr/lib/x86_64-linux-gnu/libFLAC.so.8.3.0
7ff67eddb000-7ff67ede0000 r-xp 00000000 08:02 6561598                    /usr/lib/x86_64-linux-gnu/libasyncns.so.0.3.1
7ff67ede0000-7ff67efdf000 ---p 00005000 08:02 6561598                    /usr/lib/x86_64-linux-gnu/libasyncns.so.0.3.1
7ff67efdf000-7ff67efe0000 r--p 00004000 08:02 6561598                    /usr/lib/x86_64-linux-gnu/libasyncns.so.0.3.1
7ff67efe0000-7ff67efe1000 rw-p 00005000 08:02 6561598                    /usr/lib/x86_64-linux-gnu/libasyncns.so.0.3.1
7ff67efe1000-7ff67f042000 r-xp 00000000 08:02 6562384                    /usr/lib/x86_64-linux-gnu/libsndfile.so.1.0.25
7ff67f042000-7ff67f242000 ---p 00061000 08:02 6562384                    /usr/lib/x86_64-linux-gnu/libsndfile.so.1.0.25
7ff67f242000-7ff67f244000 r--p 00061000 08:02 6562384                    /usr/lib/x86_64-linux-gnu/libsndfile.so.1.0.25
7ff67f244000-7ff67f245000 rw-p 00063000 08:02 6562384                    /usr/lib/x86_64-linux-gnu/libsndfile.so.1.0.25
7ff67f245000-7ff67f249000 rw-p 00000000 00:00 0 
7ff67f249000-7ff67f251000 r-xp 00000000 08:02 13635850                   /lib/x86_64-linux-gnu/libwrap.so.0.7.6
7ff67f251000-7ff67f450000 ---p 00008000 08:02 13635850                   /lib/x86_64-linux-gnu/libwrap.so.0.7.6
7ff67f450000-7ff67f451000 r--p 00007000 08:02 13635850                   /lib/x86_64-linux-gnu/libwrap.so.0.7.6
7ff67f451000-7ff67f452000 rw-p 00008000 08:02 13635850                   /lib/x86_64-linux-gnu/libwrap.so.0.7.6
7ff67f452000-7ff67f453000 rw-p 00000000 00:00 0 
7ff67f453000-7ff67f4b9000 r-xp 00000000 08:02 6948471                    /usr/lib/x86_64-linux-gnu/pulseaudio/libpulsecommon-4.0.so
7ff67f4b9000-7ff67f6b8000 ---p 00066000 08:02 6948471                    /usr/lib/x86_64-linux-gnu/pulseaudio/libpulsecommon-4.0.so
7ff67f6b8000-7ff67f6b9000 r--p 00065000 08:02 6948471                    /usr/lib/x86_64-linux-gnu/pulseaudio/libpulsecommon-4.0.so
7ff67f6b9000-7ff67f6ba000 rw-p 00066000 08:02 6948471                    /usr/lib/x86_64-linux-gnu/pulseaudio/libpulsecommon-4.0.so
7ff67f6ba000-7ff67f6c4000 r-xp 00000000 08:02 13635730                   /lib/x86_64-linux-gnu/libjson-c.so.2.0.0
7ff67f6c4000-7ff67f8c3000 ---p 0000a000 08:02 13635730                   /lib/x86_64-linux-gnu/libjson-c.so.2.0.0
7ff67f8c3000-7ff67f8c4000 r--p 00009000 08:02 13635730                   /lib/x86_64-linux-gnu/libjson-c.so.2.0.0
7ff67f8c4000-7ff67f8c5000 rw-p 0000a000 08:02 13635730                   /lib/x86_64-linux-gnu/libjson-c.so.2.0.0
7ff67f8c5000-7ff67f90c000 r-xp 00000000 08:02 6562296                    /usr/lib/x86_64-linux-gnu/libpulse.so.0.16.2
7ff67f90c000-7ff67fb0c000 ---p 00047000 08:02 6562296                    /usr/lib/x86_64-linux-gnu/libpulse.so.0.16.2
7ff67fb0c000-7ff67fb0d000 r--p 00047000 08:02 6562296                    /usr/lib/x86_64-linux-gnu/libpulse.so.0.16.2
7ff67fb0d000-7ff67fb0e000 rw-p 00048000 08:02 6562296                    /usr/lib/x86_64-linux-gnu/libpulse.so.0.16.2
7ff67fc0f000-7ff67fc12000 ---p 00000000 00:00 0 
7ff67fc12000-7ff67fd10000 rw-p 00000000 00:00 0                          [stack:9033]
7ff67fd10000-7ff67fdf9000 r-xp 00000000 08:02 6561590                    /usr/lib/x86_64-linux-gnu/libasound.so.2.0.0
7ff67fdf9000-7ff67fff8000 ---p 000e9000 08:02 6561590                    /usr/lib/x86_64-linux-gnu/libasound.so.2.0.0
7ff67fff8000-7ff67ffff000 r--p 000e8000 08:02 6561590                    /usr/lib/x86_64-linux-gnu/libasound.so.2.0.0
7ff67ffff000-7ff680000000 rw-p 000ef000 08:02 6561590                    /usr/lib/x86_64-linux-gnu/libasound.so.2.0.0
7ff680000000-7ff683082000 rw-p 00000000 00:00 0 
7ff683082000-7ff684000000 ---p 00000000 00:00 0 
7ff684000000-7ff684021000 rw-p 00000000 00:00 0 
7ff684021000-7ff688000000 ---p 00000000 00:00 0 
7ff688000000-7ff68aded000 rw-p 00000000 00:00 0 
7ff68aded000-7ff68c000000 ---p 00000000 00:00 0 
7ff68c0a1000-7ff68c0a9000 rw-s 00000000 00:05 147522                     /drm mm object (deleted)
7ff68c0a9000-7ff68c0ac000 ---p 00000000 00:00 0 
7ff68c0ac000-7ff68c1aa000 rw-p 00000000 00:00 0                          [stack:9028]
7ff68c1aa000-7ff68c1b9000 r-xp 00000000 08:02 8012164                    /usr/bin/processing-3.0/java/lib/amd64/libjsoundalsa.so
7ff68c1b9000-7ff68c3b8000 ---p 0000f000 08:02 8012164                    /usr/bin/processing-3.0/java/lib/amd64/libjsoundalsa.so
7ff68c3b8000-7ff68c3b9000 rw-p 0000e000 08:02 8012164                    /usr/bin/processing-3.0/java/lib/amd64/libjsoundalsa.so
7ff68c3b9000-7ff68c3ba000 r-xp 00000000 08:02 8012181                    /usr/bin/processing-3.0/java/lib/amd64/libjsound.so
7ff68c3ba000-7ff68c5b9000 ---p 00001000 08:02 8012181                    /usr/bin/processing-3.0/java/lib/amd64/libjsound.so
7ff68c5b9000-7ff68c5ba000 rw-p 00000000 08:02 8012181                    /usr/bin/processing-3.0/java/lib/amd64/libjsound.so
7ff68c6ba000-7ff68c6bd000 ---p 00000000 00:00 0 
7ff68c6bd000-7ff68c7bb000 rw-p 00000000 00:00 0 
7ff68c7bb000-7ff68c7be000 ---p 00000000 00:00 0 
7ff68c7be000-7ff68cabc000 rw-p 00000000 00:00 0                          [stack:9014]
7ff68cabc000-7ff68cb00000 r-xp 00000000 08:02 13635704                   /lib/x86_64-linux-gnu/libdbus-1.so.3.7.6
7ff68cb00000-7ff68ccff000 ---p 00044000 08:02 13635704                   /lib/x86_64-linux-gnu/libdbus-1.so.3.7.6
7ff68ccff000-7ff68cd00000 r--p 00043000 08:02 13635704                   /lib/x86_64-linux-gnu/libdbus-1.so.3.7.6
7ff68cd00000-7ff68cd01000 rw-p 00044000 08:02 13635704                   /lib/x86_64-linux-gnu/libdbus-1.so.3.7.6
7ff68cd01000-7ff68cd09000 r-xp 00000000 08:02 13635752                   /lib/x86_64-linux-gnu/libnih-dbus.so.1.0.0
7ff68cd09000-7ff68cf09000 ---p 00008000 08:02 13635752                   /lib/x86_64-linux-gnu/libnih-dbus.so.1.0.0
7ff68cf09000-7ff68cf0a000 r--p 00008000 08:02 13635752                   /lib/x86_64-linux-gnu/libnih-dbus.so.1.0.0
7ff68cf0a000-7ff68cf0b000 rw-p 00009000 08:02 13635752                   /lib/x86_64-linux-gnu/libnih-dbus.so.1.0.0
7ff68cf0b000-7ff68cf22000 r-xp 00000000 08:02 13635754                   /lib/x86_64-linux-gnu/libnih.so.1.0.0
7ff68cf22000-7ff68d121000 ---p 00017000 08:02 13635754                   /lib/x86_64-linux-gnu/libnih.so.1.0.0
7ff68d121000-7ff68d122000 r--p 00016000 08:02 13635754                   /lib/x86_64-linux-gnu/libnih.so.1.0.0
7ff68d122000-7ff68d123000 rw-p 00017000 08:02 13635754                   /lib/x86_64-linux-gnu/libnih.so.1.0.0
7ff68d123000-7ff68d13c000 r-xp 00000000 08:02 13635695                   /lib/x86_64-linux-gnu/libcgmanager.so.0.0.0
7ff68d13c000-7ff68d33b000 ---p 00019000 08:02 13635695                   /lib/x86_64-linux-gnu/libcgmanager.so.0.0.0
7ff68d33b000-7ff68d33d000 r--p 00018000 08:02 13635695                   /lib/x86_64-linux-gnu/libcgmanager.so.0.0.0
7ff68d33d000-7ff68d33e000 rw-p 0001a000 08:02 13635695                   /lib/x86_64-linux-gnu/libcgmanager.so.0.0.0
7ff68d33e000-7ff68d34e000 r-xp 00000000 08:02 13635838                   /lib/x86_64-linux-gnu/libudev.so.1.3.5
7ff68d34e000-7ff68d54d000 ---p 00010000 08:02 13635838                   /lib/x86_64-linux-gnu/libudev.so.1.3.5
7ff68d54d000-7ff68d54e000 r--p 0000f000 08:02 13635838                   /lib/x86_64-linux-gnu/libudev.so.1.3.5
7ff68d54e000-7ff68d54f000 rw-p 00010000 08:02 13635838                   /lib/x86_64-linux-gnu/libudev.so.1.3.5
7ff68d551000-7ff68d552000 rw-p 00000000 00:00 0 
7ff68d552000-7ff68d554000 rw-s 149007000 00:06 10208                     /dev/dri/card0
7ff68d554000-7ff68d555000 rw-s 149006000 00:06 10208                     /dev/dri/card0
7ff68d555000-7ff68d556000 rw-s 81000000 00:06 94744                      /dev/snd/pcmC2D0p
7ff68d556000-7ff68d55d000 r--s 00000000 08:02 6947811                    /usr/lib/x86_64-linux-gnu/gconv/gconv-modules.cache
7ff68d55d000-7ff68d570000 r--s 00344000 08:02 6695996                    /usr/bin/processing-3.0/java/lib/resources.jar
7ff68d570000-7ff68d5a7000 r-xp 00000000 08:02 6562454                    /usr/lib/x86_64-linux-gnu/libtxc_dxtn_s2tc.so.0.0.0
7ff68d5a7000-7ff68d7a6000 ---p 00037000 08:02 6562454                    /usr/lib/x86_64-linux-gnu/libtxc_dxtn_s2tc.so.0.0.0
7ff68d7a6000-7ff68d7a7000 r--p 00036000 08:02 6562454                    /usr/lib/x86_64-linux-gnu/libtxc_dxtn_s2tc.so.0.0.0
7ff68d7a7000-7ff68d7a8000 rw-p 00037000 08:02 6562454                    /usr/lib/x86_64-linux-gnu/libtxc_dxtn_s2tc.so.0.0.0
7ff68d7a8000-7ff68d7c0000 r-xp 00000000 08:02 13635853                   /lib/x86_64-linux-gnu/libz.so.1.2.8
7ff68d7c0000-7ff68d9bf000 ---p 00018000 08:02 13635853                   /lib/x86_64-linux-gnu/libz.so.1.2.8
7ff68d9bf000-7ff68d9c0000 r--p 00017000 08:02 13635853                   /lib/x86_64-linux-gnu/libz.so.1.2.8
7ff68d9c0000-7ff68d9c1000 rw-p 00018000 08:02 13635853                   /lib/x86_64-linux-gnu/libz.so.1.2.8
7ff68d9c1000-7ff68d9c9000 r-xp 00000000 08:02 6562259                    /usr/lib/x86_64-linux-gnu/libpciaccess.so.0.11.1
7ff68d9c9000-7ff68dbc8000 ---p 00008000 08:02 6562259                    /usr/lib/x86_64-linux-gnu/libpciaccess.so.0.11.1
7ff68dbc8000-7ff68dbc9000 r--p 00007000 08:02 6562259                    /usr/lib/x86_64-linux-gnu/libpciaccess.so.0.11.1
7ff68dbc9000-7ff68dbca000 rw-p 00008000 08:02 6562259                    /usr/lib/x86_64-linux-gnu/libpciaccess.so.0.11.1
7ff68dbca000-7ff68dcb0000 r-xp 00000000 08:02 6562412                    /usr/lib/x86_64-linux-gnu/libstdc++.so.6.0.19
7ff68dcb0000-7ff68deaf000 ---p 000e6000 08:02 6562412                    /usr/lib/x86_64-linux-gnu/libstdc++.so.6.0.19
7ff68deaf000-7ff68deb7000 r--p 000e5000 08:02 6562412                    /usr/lib/x86_64-linux-gnu/libstdc++.so.6.0.19
7ff68deb7000-7ff68deb9000 rw-p 000ed000 08:02 6562412                    /usr/lib/x86_64-linux-gnu/libstdc++.so.6.0.19
7ff68deb9000-7ff68dece000 rw-p 00000000 00:00 0 
7ff68dece000-7ff68deda000 r-xp 00000000 08:02 6561756                    /usr/lib/x86_64-linux-gnu/libdrm_radeon.so.1.0.1
7ff68deda000-7ff68e0d9000 ---p 0000c000 08:02 6561756                    /usr/lib/x86_64-linux-gnu/libdrm_radeon.so.1.0.1
7ff68e0d9000-7ff68e0da000 r--p 0000b000 08:02 6561756                    /usr/lib/x86_64-linux-gnu/libdrm_radeon.so.1.0.1
7ff68e0da000-7ff68e0db000 rw-p 0000c000 08:02 6561756                    /usr/lib/x86_64-linux-gnu/libdrm_radeon.so.1.0.1
7ff68e0db000-7ff68e0e1000 r-xp 00000000 08:02 6561754                    /usr/lib/x86_64-linux-gnu/libdrm_nouveau.so.2.0.0
7ff68e0e1000-7ff68e2e0000 ---p 00006000 08:02 6561754                    /usr/lib/x86_64-linux-gnu/libdrm_nouveau.so.2.0.0
7ff68e2e0000-7ff68e2e1000 r--p 00005000 08:02 6561754                    /usr/lib/x86_64-linux-gnu/libdrm_nouveau.so.2.0.0
7ff68e2e1000-7ff68e2e2000 rw-p 00006000 08:02 6561754                    /usr/lib/x86_64-linux-gnu/libdrm_nouveau.so.2.0.0
7ff68e2e2000-7ff68e302000 r-xp 00000000 08:02 6561752                    /usr/lib/x86_64-linux-gnu/libdrm_intel.so.1.0.0
7ff68e302000-7ff68e501000 ---p 00020000 08:02 6561752                    /usr/lib/x86_64-linux-gnu/libdrm_intel.so.1.0.0
7ff68e501000-7ff68e502000 r--p 0001f000 08:02 6561752                    /usr/lib/x86_64-linux-gnu/libdrm_intel.so.1.0.0
7ff68e502000-7ff68e503000 rw-p 00020000 08:02 6561752                    /usr/lib/x86_64-linux-gnu/libdrm_intel.so.1.0.0
7ff68e503000-7ff68ea57000 r-xp 00000000 08:02 6947244                    /usr/lib/x86_64-linux-gnu/dri/i965_dri.so
7ff68ea57000-7ff68ec57000 ---p 00554000 08:02 6947244                    /usr/lib/x86_64-linux-gnu/dri/i965_dri.so
7ff68ec57000-7ff68ec78000 r--p 00554000 08:02 6947244                    /usr/lib/x86_64-linux-gnu/dri/i965_dri.so
7ff68ec78000-7ff68ec7f000 rw-p 00575000 08:02 6947244                    /usr/lib/x86_64-linux-gnu/dri/i965_dri.so
7ff68ec7f000-7ff68ec86000 rw-p 00000000 00:00 0 
7ff68ec86000-7ff68ecdf000 r-xp 00000000 08:02 4461996                    /tmp/jogamp_0000/file_cache/jln6905300112386357758/jln4620325927217295727/libjogl_mobile.so
7ff68ecdf000-7ff68eedf000 ---p 00059000 08:02 4461996                    /tmp/jogamp_0000/file_cache/jln6905300112386357758/jln4620325927217295727/libjogl_mobile.so
7ff68eedf000-7ff68eee0000 rw-p 00059000 08:02 4461996                    /tmp/jogamp_0000/file_cache/jln6905300112386357758/jln4620325927217295727/libjogl_mobile.so
7ff68eee0000-7ff68eee7000 r-xp 00000000 08:02 6561790                    /usr/lib/x86_64-linux-gnu/libffi.so.6.0.1
7ff68eee7000-7ff68f0e6000 ---p 00007000 08:02 6561790                    /usr/lib/x86_64-linux-gnu/libffi.so.6.0.1
7ff68f0e6000-7ff68f0e7000 r--p 00006000 08:02 6561790                    /usr/lib/x86_64-linux-gnu/libffi.so.6.0.1
7ff68f0e7000-7ff68f0e8000 rw-p 00007000 08:02 6561790                    /usr/lib/x86_64-linux-gnu/libffi.so.6.0.1
7ff68f0e8000-7ff68f0f4000 r-xp 00000000 08:02 6561843                    /usr/lib/x86_64-linux-gnu/libgbm.so.1.0.0
7ff68f0f4000-7ff68f2f4000 ---p 0000c000 08:02 6561843                    /usr/lib/x86_64-linux-gnu/libgbm.so.1.0.0
7ff68f2f4000-7ff68f2f5000 r--p 0000c000 08:02 6561843                    /usr/lib/x86_64-linux-gnu/libgbm.so.1.0.0
7ff68f2f5000-7ff68f2f6000 rw-p 0000d000 08:02 6561843                    /usr/lib/x86_64-linux-gnu/libgbm.so.1.0.0
7ff68f2f6000-7ff68f305000 r-xp 00000000 08:02 6562520                    /usr/lib/x86_64-linux-gnu/libwayland-server.so.0.1.0
7ff68f305000-7ff68f504000 ---p 0000f000 08:02 6562520                    /usr/lib/x86_64-linux-gnu/libwayland-server.so.0.1.0
7ff68f504000-7ff68f506000 r--p 0000e000 08:02 6562520                    /usr/lib/x86_64-linux-gnu/libwayland-server.so.0.1.0
7ff68f506000-7ff68f507000 rw-p 00010000 08:02 6562520                    /usr/lib/x86_64-linux-gnu/libwayland-server.so.0.1.0
7ff68f507000-7ff68f512000 r-xp 00000000 08:02 6562514                    /usr/lib/x86_64-linux-gnu/libwayland-client.so.0.2.0
7ff68f512000-7ff68f711000 ---p 0000b000 08:02 6562514                    /usr/lib/x86_64-linux-gnu/libwayland-client.so.0.2.0
7ff68f711000-7ff68f713000 r--p 0000a000 08:02 6562514                    /usr/lib/x86_64-linux-gnu/libwayland-client.so.0.2.0
7ff68f713000-7ff68f714000 rw-p 0000c000 08:02 6562514                    /usr/lib/x86_64-linux-gnu/libwayland-client.so.0.2.0
7ff68f714000-7ff68f719000 r-xp 00000000 08:02 6562570                    /usr/lib/x86_64-linux-gnu/libxcb-xfixes.so.0.0.0
7ff68f719000-7ff68f919000 ---p 00005000 08:02 6562570                    /usr/lib/x86_64-linux-gnu/libxcb-xfixes.so.0.0.0
7ff68f919000-7ff68f91a000 r--p 00005000 08:02 6562570                    /usr/lib/x86_64-linux-gnu/libxcb-xfixes.so.0.0.0
7ff68f91a000-7ff68f91b000 rw-p 00006000 08:02 6562570                    /usr/lib/x86_64-linux-gnu/libxcb-xfixes.so.0.0.0
7ff68f91b000-7ff68f942000 r-xp 00000000 08:02 6948353                    /usr/lib/x86_64-linux-gnu/mesa-egl/libEGL.so.1.0.0
7ff68f942000-7ff68fb42000 ---p 00027000 08:02 6948353                    /usr/lib/x86_64-linux-gnu/mesa-egl/libEGL.so.1.0.0
7ff68fb42000-7ff68fb43000 r--p 00027000 08:02 6948353                    /usr/lib/x86_64-linux-gnu/mesa-egl/libEGL.so.1.0.0
7ff68fb43000-7ff68fb44000 rw-p 00028000 08:02 6948353                    /usr/lib/x86_64-linux-gnu/mesa-egl/libEGL.so.1.0.0
7ff68fb44000-7ff68fb45000 rw-p 00000000 00:00 0 
7ff68fb45000-7ff68fb4b000 r-xp 00000000 08:02 6948357                    /usr/lib/x86_64-linux-gnu/mesa-egl/libGLESv2.so.2.0.0
7ff68fb4b000-7ff68fd4a000 ---p 00006000 08:02 6948357                    /usr/lib/x86_64-linux-gnu/mesa-egl/libGLESv2.so.2.0.0
7ff68fd4a000-7ff68fd4b000 r--p 00005000 08:02 6948357                    /usr/lib/x86_64-linux-gnu/mesa-egl/libGLESv2.so.2.0.0
7ff68fd4b000-7ff68fd4c000 rw-p 00006000 08:02 6948357                    /usr/lib/x86_64-linux-gnu/mesa-egl/libGLESv2.so.2.0.0
7ff68fd4c000-7ff68fdff000 r-xp 00000000 08:02 4461995                    /tmp/jogamp_0000/file_cache/jln6905300112386357758/jln4620325927217295727/libjogl_desktop.so
7ff68fdff000-7ff68ffff000 ---p 000b3000 08:02 4461995                    /tmp/jogamp_0000/file_cache/jln6905300112386357758/jln4620325927217295727/libjogl_desktop.so
7ff68ffff000-7ff690000000 rw-p 000b3000 08:02 4461995                    /tmp/jogamp_0000/file_cache/jln6905300112386357758/jln4620325927217295727/libjogl_desktop.so
7ff690000000-7ff690021000 rw-p 00000000 00:00 0 
7ff690021000-7ff694000000 ---p 00000000 00:00 0 
7ff694000000-7ff6949d3000 rw-p 00000000 00:00 0 
7ff6949d3000-7ff698000000 ---p 00000000 00:00 0 
7ff698000000-7ff698021000 rw-p 00000000 00:00 0 
7ff698021000-7ff69c000000 ---p 00000000 00:00 0 
7ff69c000000-7ff69c021000 rw-p 00000000 00:00 0 
7ff69c021000-7ff6a0000000 ---p 00000000 00:00 0 
7ff6a0000000-7ff6a0021000 rw-p 00000000 00:00 0 
7ff6a0021000-7ff6a4000000 ---p 00000000 00:00 0 
7ff6a4000000-7ff6a4021000 rw-p 00000000 00:00 0 
7ff6a4021000-7ff6a8000000 ---p 00000000 00:00 0 
7ff6a8000000-7ff6a8021000 rw-p 00000000 00:00 0 
7ff6a8021000-7ff6ac000000 ---p 00000000 00:00 0 
7ff6ac000000-7ff6ac021000 rw-p 00000000 00:00 0 
7ff6ac021000-7ff6b0000000 ---p 00000000 00:00 0 
7ff6b0000000-7ff6b080e000 rw-p 00000000 00:00 0 
7ff6b080e000-7ff6b4000000 ---p 00000000 00:00 0 
7ff6b4000000-7ff6b4001000 r--s 80000000 00:06 94744                      /dev/snd/pcmC2D0p
7ff6b4001000-7ff6b4009000 rw-s 00000000 00:05 148555                     /drm mm object (deleted)
7ff6b4009000-7ff6b400a000 rw-s 148f05000 00:06 10208                     /dev/dri/card0
7ff6b400a000-7ff6b4012000 rw-s 00000000 00:05 146272                     /drm mm object (deleted)
7ff6b4012000-7ff6b4013000 rw-s 148f04000 00:06 10208                     /dev/dri/card0
7ff6b4013000-7ff6b401b000 rw-s 00000000 00:05 146684                     /drm mm object (deleted)
7ff6b401b000-7ff6b401e000 ---p 00000000 00:00 0 
7ff6b401e000-7ff6b411c000 rw-p 00000000 00:00 0                          [stack:9013]
7ff6b411c000-7ff6b411f000 ---p 00000000 00:00 0 
7ff6b411f000-7ff6b421d000 rw-p 00000000 00:00 0                          [stack:9012]
7ff6b421d000-7ff6b4228000 r-xp 00000000 08:02 6561750                    /usr/lib/x86_64-linux-gnu/libdrm.so.2.4.0
7ff6b4228000-7ff6b4427000 ---p 0000b000 08:02 6561750                    /usr/lib/x86_64-linux-gnu/libdrm.so.2.4.0
7ff6b4427000-7ff6b4428000 r--p 0000a000 08:02 6561750                    /usr/lib/x86_64-linux-gnu/libdrm.so.2.4.0
7ff6b4428000-7ff6b4429000 rw-p 0000b000 08:02 6561750                    /usr/lib/x86_64-linux-gnu/libdrm.so.2.4.0
7ff6b4429000-7ff6b442a000 r-xp 00000000 08:02 6562584                    /usr/lib/x86_64-linux-gnu/libxshmfence.so.1.0.0
7ff6b442a000-7ff6b4629000 ---p 00001000 08:02 6562584                    /usr/lib/x86_64-linux-gnu/libxshmfence.so.1.0.0
7ff6b4629000-7ff6b462a000 r--p 00000000 08:02 6562584                    /usr/lib/x86_64-linux-gnu/libxshmfence.so.1.0.0
7ff6b462a000-7ff6b462b000 rw-p 00001000 08:02 6562584                    /usr/lib/x86_64-linux-gnu/libxshmfence.so.1.0.0
7ff6b462b000-7ff6b4630000 r-xp 00000000 08:02 6562566                    /usr/lib/x86_64-linux-gnu/libxcb-sync.so.1.0.0
7ff6b4630000-7ff6b482f000 ---p 00005000 08:02 6562566                    /usr/lib/x86_64-linux-gnu/libxcb-sync.so.1.0.0
7ff6b482f000-7ff6b4830000 r--p 00004000 08:02 6562566                    /usr/lib/x86_64-linux-gnu/libxcb-sync.so.1.0.0
7ff6b4830000-7ff6b4831000 rw-p 00005000 08:02 6562566                    /usr/lib/x86_64-linux-gnu/libxcb-sync.so.1.0.0
7ff6b4831000-7ff6b4833000 r-xp 00000000 08:02 6562554                    /usr/lib/x86_64-linux-gnu/libxcb-present.so.0.0.0
7ff6b4833000-7ff6b4a32000 ---p 00002000 08:02 6562554                    /usr/lib/x86_64-linux-gnu/libxcb-present.so.0.0.0
7ff6b4a32000-7ff6b4a33000 r--p 00001000 08:02 6562554                    /usr/lib/x86_64-linux-gnu/libxcb-present.so.0.0.0
7ff6b4a33000-7ff6b4a34000 rw-p 00002000 08:02 6562554                    /usr/lib/x86_64-linux-gnu/libxcb-present.so.0.0.0
7ff6b4a34000-7ff6b4a36000 r-xp 00000000 08:02 6562544                    /usr/lib/x86_64-linux-gnu/libxcb-dri3.so.0.0.0
7ff6b4a36000-7ff6b4c35000 ---p 00002000 08:02 6562544                    /usr/lib/x86_64-linux-gnu/libxcb-dri3.so.0.0.0
7ff6b4c35000-7ff6b4c36000 r--p 00001000 08:02 6562544                    /usr/lib/x86_64-linux-gnu/libxcb-dri3.so.0.0.0
7ff6b4c36000-7ff6b4c37000 rw-p 00002000 08:02 6562544                    /usr/lib/x86_64-linux-gnu/libxcb-dri3.so.0.0.0
7ff6b4c37000-7ff6b4c3a000 r-xp 00000000 08:02 6562542                    /usr/lib/x86_64-linux-gnu/libxcb-dri2.so.0.0.0
7ff6b4c3a000-7ff6b4e3a000 ---p 00003000 08:02 6562542                    /usr/lib/x86_64-linux-gnu/libxcb-dri2.so.0.0.0
7ff6b4e3a000-7ff6b4e3b000 r--p 00003000 08:02 6562542                    /usr/lib/x86_64-linux-gnu/libxcb-dri2.so.0.0.0
7ff6b4e3b000-7ff6b4e3c000 rw-p 00004000 08:02 6562542                    /usr/lib/x86_64-linux-gnu/libxcb-dri2.so.0.0.0
7ff6b4e3c000-7ff6b4e51000 r-xp 00000000 08:02 6562546                    /usr/lib/x86_64-linux-gnu/libxcb-glx.so.0.0.0
7ff6b4e51000-7ff6b5050000 ---p 00015000 08:02 6562546                    /usr/lib/x86_64-linux-gnu/libxcb-glx.so.0.0.0
7ff6b5050000-7ff6b5052000 r--p 00014000 08:02 6562546                    /usr/lib/x86_64-linux-gnu/libxcb-glx.so.0.0.0
7ff6b5052000-7ff6b5053000 rw-p 00016000 08:02 6562546                    /usr/lib/x86_64-linux-gnu/libxcb-glx.so.0.0.0
7ff6b5053000-7ff6b5054000 r-xp 00000000 08:02 6561502                    /usr/lib/x86_64-linux-gnu/libX11-xcb.so.1.0.0
7ff6b5054000-7ff6b5253000 ---p 00001000 08:02 6561502                    /usr/lib/x86_64-linux-gnu/libX11-xcb.so.1.0.0
7ff6b5253000-7ff6b5254000 r--p 00000000 08:02 6561502                    /usr/lib/x86_64-linux-gnu/libX11-xcb.so.1.0.0
7ff6b5254000-7ff6b5255000 rw-p 00001000 08:02 6561502                    /usr/lib/x86_64-linux-gnu/libX11-xcb.so.1.0.0
7ff6b5255000-7ff6b5257000 r-xp 00000000 08:02 6561517                    /usr/lib/x86_64-linux-gnu/libXdamage.so.1.1.0
7ff6b5257000-7ff6b5456000 ---p 00002000 08:02 6561517                    /usr/lib/x86_64-linux-gnu/libXdamage.so.1.1.0
7ff6b5456000-7ff6b5457000 r--p 00001000 08:02 6561517                    /usr/lib/x86_64-linux-gnu/libXdamage.so.1.1.0
7ff6b5457000-7ff6b5458000 rw-p 00002000 08:02 6561517                    /usr/lib/x86_64-linux-gnu/libXdamage.so.1.1.0
7ff6b5458000-7ff6b547d000 r-xp 00000000 08:02 6561895                    /usr/lib/x86_64-linux-gnu/libglapi.so.0.0.0
7ff6b547d000-7ff6b567d000 ---p 00025000 08:02 6561895                    /usr/lib/x86_64-linux-gnu/libglapi.so.0.0.0
7ff6b567d000-7ff6b5680000 r--p 00025000 08:02 6561895                    /usr/lib/x86_64-linux-gnu/libglapi.so.0.0.0
7ff6b5680000-7ff6b5681000 rw-p 00028000 08:02 6561895                    /usr/lib/x86_64-linux-gnu/libglapi.so.0.0.0
7ff6b5681000-7ff6b5682000 rw-p 00000000 00:00 0 
7ff6b5682000-7ff6b56a9000 r-xp 00000000 08:02 13637323                   /lib/x86_64-linux-gnu/libexpat.so.1.6.0
7ff6b56a9000-7ff6b58a9000 ---p 00027000 08:02 13637323                   /lib/x86_64-linux-gnu/libexpat.so.1.6.0
7ff6b58a9000-7ff6b58ab000 r--p 00027000 08:02 13637323                   /lib/x86_64-linux-gnu/libexpat.so.1.6.0
7ff6b58ab000-7ff6b58ac000 rw-p 00029000 08:02 13637323                   /lib/x86_64-linux-gnu/libexpat.so.1.6.0
7ff6b58ac000-7ff6b593a000 r-xp 00000000 08:02 6948350                    /usr/lib/x86_64-linux-gnu/mesa/libGL.so.1.2.0
7ff6b593a000-7ff6b5b39000 ---p 0008e000 08:02 6948350                    /usr/lib/x86_64-linux-gnu/mesa/libGL.so.1.2.0
7ff6b5b39000-7ff6b5b3c000 r--p 0008d000 08:02 6948350                    /usr/lib/x86_64-linux-gnu/mesa/libGL.so.1.2.0
7ff6b5b3c000-7ff6b5b3d000 rw-p 00090000 08:02 6948350                    /usr/lib/x86_64-linux-gnu/mesa/libGL.so.1.2.0
7ff6b5b3d000-7ff6b5d3e000 rw-p 00000000 00:00 0 
7ff6b5d3e000-7ff6b5d40000 r-xp 00000000 08:02 6561531                    /usr/lib/x86_64-linux-gnu/libXinerama.so.1.0.0
7ff6b5d40000-7ff6b5f3f000 ---p 00002000 08:02 6561531                    /usr/lib/x86_64-linux-gnu/libXinerama.so.1.0.0
7ff6b5f3f000-7ff6b5f40000 r--p 00001000 08:02 6561531                    /usr/lib/x86_64-linux-gnu/libXinerama.so.1.0.0
7ff6b5f40000-7ff6b5f41000 rw-p 00002000 08:02 6561531                    /usr/lib/x86_64-linux-gnu/libXinerama.so.1.0.0
7ff6b5f41000-7ff6b5f44000 ---p 00000000 00:00 0 
7ff6b5f44000-7ff6b64f2000 rw-p 00000000 00:00 0                          [stack:9011]
7ff6b64f2000-7ff6b6501000 r-xp 00000000 08:02 4461999                    /tmp/jogamp_0000/file_cache/jln6905300112386357758/jln4620325927217295727/libnewt.so
7ff6b6501000-7ff6b6700000 ---p 0000f000 08:02 4461999                    /tmp/jogamp_0000/file_cache/jln6905300112386357758/jln4620325927217295727/libnewt.so
7ff6b6700000-7ff6b6701000 rw-p 0000e000 08:02 4461999                    /tmp/jogamp_0000/file_cache/jln6905300112386357758/jln4620325927217295727/libnewt.so
7ff6b6701000-7ff6b6708000 r-xp 00000000 08:02 4461998                    /tmp/jogamp_0000/file_cache/jln6905300112386357758/jln4620325927217295727/libnativewindow_x11.so
7ff6b6708000-7ff6b6907000 ---p 00007000 08:02 4461998                    /tmp/jogamp_0000/file_cache/jln6905300112386357758/jln4620325927217295727/libnativewindow_x11.so
7ff6b6907000-7ff6b6908000 rw-p 00006000 08:02 4461998                    /tmp/jogamp_0000/file_cache/jln6905300112386357758/jln4620325927217295727/libnativewindow_x11.so
7ff6b6908000-7ff6b690b000 ---p 00000000 00:00 0 
7ff6b690b000-7ff6b6a09000 rw-p 00000000 00:00 0 
7ff6b6a09000-7ff6b6a0d000 r-xp 00000000 08:02 6561559                    /usr/lib/x86_64-linux-gnu/libXxf86vm.so.1.0.0
7ff6b6a0d000-7ff6b6c0d000 ---p 00004000 08:02 6561559                    /usr/lib/x86_64-linux-gnu/libXxf86vm.so.1.0.0
7ff6b6c0d000-7ff6b6c0e000 r--p 00004000 08:02 6561559                    /usr/lib/x86_64-linux-gnu/libXxf86vm.so.1.0.0
7ff6b6c0e000-7ff6b6c0f000 rw-p 00005000 08:02 6561559                    /usr/lib/x86_64-linux-gnu/libXxf86vm.so.1.0.0
7ff6b6c0f000-7ff6b6c17000 rw-s 00000000 00:05 146261                     /drm mm object (deleted)
7ff6b6c17000-7ff6b6c18000 rwxp 00000000 00:00 0 
7ff6b6c18000-7ff6b6c20000 rw-s 00000000 00:05 145401                     /drm mm object (deleted)
7ff6b6c20000-7ff6b6c28000 rw-s 00000000 00:05 148513                     /drm mm object (deleted)
7ff6b6c28000-7ff6b6c30000 rw-s 00000000 00:05 145390                     /drm mm object (deleted)
7ff6b6c30000-7ff6b6c32000 r-xp 00000000 08:02 4461997                    /tmp/jogamp_0000/file_cache/jln6905300112386357758/jln4620325927217295727/libnativewindow_awt.so
7ff6b6c32000-7ff6b6e31000 ---p 00002000 08:02 4461997                    /tmp/jogamp_0000/file_cache/jln6905300112386357758/jln4620325927217295727/libnativewindow_awt.so
7ff6b6e31000-7ff6b6e32000 rw-p 00001000 08:02 4461997                    /tmp/jogamp_0000/file_cache/jln6905300112386357758/jln4620325927217295727/libnativewindow_awt.so
7ff6b6e32000-7ff6b6e33000 r-xp 00000000 08:02 8012156                    /usr/bin/processing-3.0/java/lib/amd64/libjawt.so
7ff6b6e33000-7ff6b7032000 ---p 00001000 08:02 8012156                    /usr/bin/processing-3.0/java/lib/amd64/libjawt.so
7ff6b7032000-7ff6b7033000 rw-p 00000000 08:02 8012156                    /usr/bin/processing-3.0/java/lib/amd64/libjawt.so
7ff6b7033000-7ff6b7035000 r-xp 00000000 08:02 4461994                    /tmp/jogamp_0000/file_cache/jln6905300112386357758/jln4620325927217295727/libgluegen-rt.so
7ff6b7035000-7ff6b7234000 ---p 00002000 08:02 4461994                    /tmp/jogamp_0000/file_cache/jln6905300112386357758/jln4620325927217295727/libgluegen-rt.so
7ff6b7234000-7ff6b7235000 rw-p 00001000 08:02 4461994                    /tmp/jogamp_0000/file_cache/jln6905300112386357758/jln4620325927217295727/libgluegen-rt.so
7ff6b7235000-7ff6b7238000 ---p 00000000 00:00 0 
7ff6b7238000-7ff6b7336000 rw-p 00000000 00:00 0 
7ff6b7336000-7ff6b7347000 r-xp 00000000 08:02 8012203                    /usr/bin/processing-3.0/java/lib/amd64/libnio.so
7ff6b7347000-7ff6b7546000 ---p 00011000 08:02 8012203                    /usr/bin/processing-3.0/java/lib/amd64/libnio.so
7ff6b7546000-7ff6b7547000 rw-p 00010000 08:02 8012203                    /usr/bin/processing-3.0/java/lib/amd64/libnio.so
7ff6b7547000-7ff6b755d000 r-xp 00000000 08:02 8012151                    /usr/bin/processing-3.0/java/lib/amd64/libnet.so
7ff6b755d000-7ff6b775d000 ---p 00016000 08:02 8012151                    /usr/bin/processing-3.0/java/lib/amd64/libnet.so
7ff6b775d000-7ff6b775e000 rw-p 00016000 08:02 8012151                    /usr/bin/processing-3.0/java/lib/amd64/libnet.so
7ff6b775e000-7ff6b7761000 ---p 00000000 00:00 0 
7ff6b7761000-7ff6b7797000 rw-p 00000000 00:00 0                          [stack:9004]
7ff6b7797000-7ff6b779b000 r--s 00095000 08:02 6696012                    /usr/bin/processing-3.0/java/lib/jsse.jar
7ff6b779b000-7ff6b799b000 rw-p 00000000 00:00 0 
7ff6b799b000-7ff6b799e000 r--s 00041000 08:02 8014028                    /usr/bin/processing-3.0/modes/java/mode/org.netbeans.swing.outline.jar
7ff6b799e000-7ff6b79a3000 r--s 00038000 08:02 8014038                    /usr/bin/processing-3.0/modes/java/mode/org.eclipse.text.jar
7ff6b79a3000-7ff6b79b7000 r--s 00121000 08:02 8014045                    /usr/bin/processing-3.0/modes/java/mode/org.eclipse.osgi.jar
7ff6b79b7000-7ff6b79ef000 r--s 00515000 08:02 8014044                    /usr/bin/processing-3.0/modes/java/mode/org.eclipse.jdt.core.jar
7ff6b79ef000-7ff6b79f2000 r--s 0001c000 08:02 8014042                    /usr/bin/processing-3.0/modes/java/mode/org.eclipse.equinox.preferences.jar
7ff6b79f2000-7ff6b79f5000 r--s 00018000 08:02 8014034                    /usr/bin/processing-3.0/modes/java/mode/org.eclipse.equinox.common.jar
7ff6b79f5000-7ff6b79f7000 r--s 00011000 08:02 8014037                    /usr/bin/processing-3.0/modes/java/mode/org.eclipse.core.runtime.jar
7ff6b79f7000-7ff6b7a02000 r--s 000c1000 08:02 8014040                    /usr/bin/processing-3.0/modes/java/mode/org.eclipse.core.resources.jar
7ff6b7a02000-7ff6b7a04000 r--s 00016000 08:02 8014027                    /usr/bin/processing-3.0/modes/java/mode/org.eclipse.core.jobs.jar
7ff6b7a04000-7ff6b7a09000 r--s 0003f000 08:02 8014032                    /usr/bin/processing-3.0/modes/java/mode/jsoup-1.7.1.jar
7ff6b7a09000-7ff6b7a16000 r--s 000cb000 08:02 8014036                    /usr/bin/processing-3.0/modes/java/mode/jdimodel.jar
7ff6b7a16000-7ff6b7a1a000 r--s 0000e000 08:02 8014030                    /usr/bin/processing-3.0/modes/java/mode/jdi.jar
7ff6b7a1a000-7ff6b7a20000 r--s 0007d000 08:02 8014033                    /usr/bin/processing-3.0/modes/java/mode/JavaMode.jar
7ff6b7a20000-7ff6b7a7b000 r--s 009e2000 08:02 8014039                    /usr/bin/processing-3.0/modes/java/mode/com.ibm.icu.jar
7ff6b7a7b000-7ff6b7a80000 r--s 00068000 08:02 8014043                    /usr/bin/processing-3.0/modes/java/mode/antlr.jar
7ff6b7a80000-7ff6b7a94000 r--s 00127000 08:02 6695832                    /usr/bin/processing-3.0/lib/jna.jar
7ff6b7a94000-7ff6b7ab2000 r--s 001bb000 08:02 6695851                    /usr/bin/processing-3.0/lib/ant.jar
7ff6b7ab2000-7ff6b7acc000 r--s 01689000 08:02 6569030                    /usr/bin/processing-3.0/core/library/jogl-java-src.zip
7ff6b7acc000-7ff6b7aef000 r--s 00308000 08:02 6569034                    /usr/bin/processing-3.0/core/library/jogl-all.jar
7ff6b7aef000-7ff6b7af8000 r-xp 00000000 08:02 6561541                    /usr/lib/x86_64-linux-gnu/libXrandr.so.2.2.0
7ff6b7af8000-7ff6b7cf7000 ---p 00009000 08:02 6561541                    /usr/lib/x86_64-linux-gnu/libXrandr.so.2.2.0
7ff6b7cf7000-7ff6b7cf8000 r--p 00008000 08:02 6561541                    /usr/lib/x86_64-linux-gnu/libXrandr.so.2.2.0
7ff6b7cf8000-7ff6b7cf9000 rw-p 00009000 08:02 6561541                    /usr/lib/x86_64-linux-gnu/libXrandr.so.2.2.0
7ff6b7cf9000-7ff6b7cfc000 ---p 00000000 00:00 0 
7ff6b7cfc000-7ff6b7dfa000 rw-p 00000000 00:00 0                          [stack:9000]
7ff6b7dfa000-7ff6b7dff000 r-xp 00000000 08:02 6561523                    /usr/lib/x86_64-linux-gnu/libXfixes.so.3.1.0
7ff6b7dff000-7ff6b7ffe000 ---p 00005000 08:02 6561523                    /usr/lib/x86_64-linux-gnu/libXfixes.so.3.1.0
7ff6b7ffe000-7ff6b7fff000 r--p 00004000 08:02 6561523                    /usr/lib/x86_64-linux-gnu/libXfixes.so.3.1.0
7ff6b7fff000-7ff6b8000000 rw-p 00005000 08:02 6561523                    /usr/lib/x86_64-linux-gnu/libXfixes.so.3.1.0
7ff6b8000000-7ff6bad8a000 rw-p 00000000 00:00 0 
7ff6bad8a000-7ff6bc000000 ---p 00000000 00:00 0 
7ff6bc000000-7ff6bdf49000 rw-p 00000000 00:00 0 
7ff6bdf49000-7ff6c0000000 ---p 00000000 00:00 0 
7ff6c0000000-7ff6c0021000 rw-p 00000000 00:00 0 
7ff6c0021000-7ff6c4000000 ---p 00000000 00:00 0 
7ff6c4000000-7ff6c4021000 rw-p 00000000 00:00 0 
7ff6c4021000-7ff6c8000000 ---p 00000000 00:00 0 
7ff6c8000000-7ff6c8021000 rw-p 00000000 00:00 0 
7ff6c8021000-7ff6cc000000 ---p 00000000 00:00 0 
7ff6cc000000-7ff6cc021000 rw-p 00000000 00:00 0 
7ff6cc021000-7ff6d0000000 ---p 00000000 00:00 0 
7ff6d0000000-7ff6d0021000 rw-p 00000000 00:00 0 
7ff6d0021000-7ff6d4000000 ---p 00000000 00:00 0 
7ff6d4000000-7ff6d4021000 rw-p 00000000 00:00 0 
7ff6d4021000-7ff6d8000000 ---p 00000000 00:00 0 
7ff6d8000000-7ff6d8021000 rw-p 00000000 00:00 0 
7ff6d8021000-7ff6dc000000 ---p 00000000 00:00 0 
7ff6dc000000-7ff6dc021000 rw-p 00000000 00:00 0 
7ff6dc021000-7ff6e0000000 ---p 00000000 00:00 0 
7ff6e0000000-7ff6e0021000 rw-p 00000000 00:00 0 
7ff6e0021000-7ff6e4000000 ---p 00000000 00:00 0 
7ff6e4000000-7ff6e4021000 rw-p 00000000 00:00 0 
7ff6e4021000-7ff6e8000000 ---p 00000000 00:00 0 
7ff6e8000000-7ff6e8021000 rw-p 00000000 00:00 0 
7ff6e8021000-7ff6ec000000 ---p 00000000 00:00 0 
7ff6ec000000-7ff6ec001000 rw-s 148f03000 00:06 10208                     /dev/dri/card0
7ff6ec001000-7ff6ec003000 r--s 00015000 08:02 8014029                    /usr/bin/processing-3.0/modes/java/mode/org.eclipse.core.contenttype.jar
7ff6ec003000-7ff6ec00c000 r-xp 00000000 08:02 6561515                    /usr/lib/x86_64-linux-gnu/libXcursor.so.1.0.2
7ff6ec00c000-7ff6ec20b000 ---p 00009000 08:02 6561515                    /usr/lib/x86_64-linux-gnu/libXcursor.so.1.0.2
7ff6ec20b000-7ff6ec20c000 r--p 00008000 08:02 6561515                    /usr/lib/x86_64-linux-gnu/libXcursor.so.1.0.2
7ff6ec20c000-7ff6ec20d000 rw-p 00009000 08:02 6561515                    /usr/lib/x86_64-linux-gnu/libXcursor.so.1.0.2
7ff6ec20d000-7ff6ec210000 ---p 00000000 00:00 0 
7ff6ec210000-7ff6ec30e000 rw-p 00000000 00:00 0                          [stack:8999]
7ff6ec30e000-7ff6ec324000 r-xp 00000000 08:02 13635717                   /lib/x86_64-linux-gnu/libgcc_s.so.1
7ff6ec324000-7ff6ec523000 ---p 00016000 08:02 13635717                   /lib/x86_64-linux-gnu/libgcc_s.so.1
7ff6ec523000-7ff6ec524000 rw-p 00015000 08:02 13635717                   /lib/x86_64-linux-gnu/libgcc_s.so.1
7ff6ec524000-7ff6ec58a000 r-xp 00000000 08:02 8012146                    /usr/bin/processing-3.0/java/lib/amd64/libfontmanager.so
7ff6ec58a000-7ff6ec789000 ---p 00066000 08:02 8012146                    /usr/bin/processing-3.0/java/lib/amd64/libfontmanager.so
7ff6ec789000-7ff6ec78d000 rw-p 00065000 08:02 8012146                    /usr/bin/processing-3.0/java/lib/amd64/libfontmanager.so
7ff6ec78d000-7ff6ec79e000 rw-p 00000000 00:00 0 
7ff6ec79e000-7ff6ec7a3000 r-xp 00000000 08:02 6561519                    /usr/lib/x86_64-linux-gnu/libXdmcp.so.6.0.0
7ff6ec7a3000-7ff6ec9a2000 ---p 00005000 08:02 6561519                    /usr/lib/x86_64-linux-gnu/libXdmcp.so.6.0.0
7ff6ec9a2000-7ff6ec9a3000 r--p 00004000 08:02 6561519                    /usr/lib/x86_64-linux-gnu/libXdmcp.so.6.0.0
7ff6ec9a3000-7ff6ec9a4000 rw-p 00005000 08:02 6561519                    /usr/lib/x86_64-linux-gnu/libXdmcp.so.6.0.0
7ff6ec9a4000-7ff6ec9a6000 r-xp 00000000 08:02 6561508                    /usr/lib/x86_64-linux-gnu/libXau.so.6.0.0
7ff6ec9a6000-7ff6ecba6000 ---p 00002000 08:02 6561508                    /usr/lib/x86_64-linux-gnu/libXau.so.6.0.0
7ff6ecba6000-7ff6ecba7000 r--p 00002000 08:02 6561508                    /usr/lib/x86_64-linux-gnu/libXau.so.6.0.0
7ff6ecba7000-7ff6ecba8000 rw-p 00003000 08:02 6561508                    /usr/lib/x86_64-linux-gnu/libXau.so.6.0.0
7ff6ecba8000-7ff6ecbc5000 r-xp 00000000 08:02 6562574                    /usr/lib/x86_64-linux-gnu/libxcb.so.1.1.0
7ff6ecbc5000-7ff6ecdc5000 ---p 0001d000 08:02 6562574                    /usr/lib/x86_64-linux-gnu/libxcb.so.1.1.0
7ff6ecdc5000-7ff6ecdc6000 r--p 0001d000 08:02 6562574                    /usr/lib/x86_64-linux-gnu/libxcb.so.1.1.0
7ff6ecdc6000-7ff6ecdc7000 rw-p 0001e000 08:02 6562574                    /usr/lib/x86_64-linux-gnu/libxcb.so.1.1.0
7ff6ecdc7000-7ff6ecdd6000 r-xp 00000000 08:02 6561529                    /usr/lib/x86_64-linux-gnu/libXi.so.6.1.0
7ff6ecdd6000-7ff6ecfd5000 ---p 0000f000 08:02 6561529                    /usr/lib/x86_64-linux-gnu/libXi.so.6.1.0
7ff6ecfd5000-7ff6ecfd6000 r--p 0000e000 08:02 6561529                    /usr/lib/x86_64-linux-gnu/libXi.so.6.1.0
7ff6ecfd6000-7ff6ecfd7000 rw-p 0000f000 08:02 6561529                    /usr/lib/x86_64-linux-gnu/libXi.so.6.1.0
7ff6ecfd7000-7ff6ecfdc000 r-xp 00000000 08:02 6561549                    /usr/lib/x86_64-linux-gnu/libXtst.so.6.1.0
7ff6ecfdc000-7ff6ed1db000 ---p 00005000 08:02 6561549                    /usr/lib/x86_64-linux-gnu/libXtst.so.6.1.0
7ff6ed1db000-7ff6ed1dc000 r--p 00004000 08:02 6561549                    /usr/lib/x86_64-linux-gnu/libXtst.so.6.1.0
7ff6ed1dc000-7ff6ed1dd000 rw-p 00005000 08:02 6561549                    /usr/lib/x86_64-linux-gnu/libXtst.so.6.1.0
7ff6ed1dd000-7ff6ed1e6000 r-xp 00000000 08:02 6561543                    /usr/lib/x86_64-linux-gnu/libXrender.so.1.3.0
7ff6ed1e6000-7ff6ed3e5000 ---p 00009000 08:02 6561543                    /usr/lib/x86_64-linux-gnu/libXrender.so.1.3.0
7ff6ed3e5000-7ff6ed3e6000 r--p 00008000 08:02 6561543                    /usr/lib/x86_64-linux-gnu/libXrender.so.1.3.0
7ff6ed3e6000-7ff6ed3e7000 rw-p 00009000 08:02 6561543                    /usr/lib/x86_64-linux-gnu/libXrender.so.1.3.0
7ff6ed3e7000-7ff6ed517000 r-xp 00000000 08:02 6561504                    /usr/lib/x86_64-linux-gnu/libX11.so.6.3.0
7ff6ed517000-7ff6ed717000 ---p 00130000 08:02 6561504                    /usr/lib/x86_64-linux-gnu/libX11.so.6.3.0
7ff6ed717000-7ff6ed718000 r--p 00130000 08:02 6561504                    /usr/lib/x86_64-linux-gnu/libX11.so.6.3.0
7ff6ed718000-7ff6ed71c000 rw-p 00131000 08:02 6561504                    /usr/lib/x86_64-linux-gnu/libX11.so.6.3.0
7ff6ed71c000-7ff6ed72d000 r-xp 00000000 08:02 6561521                    /usr/lib/x86_64-linux-gnu/libXext.so.6.4.0
7ff6ed72d000-7ff6ed92c000 ---p 00011000 08:02 6561521                    /usr/lib/x86_64-linux-gnu/libXext.so.6.4.0
7ff6ed92c000-7ff6ed92d000 r--p 00010000 08:02 6561521                    /usr/lib/x86_64-linux-gnu/libXext.so.6.4.0
7ff6ed92d000-7ff6ed92e000 rw-p 00011000 08:02 6561521                    /usr/lib/x86_64-linux-gnu/libXext.so.6.4.0
7ff6ed92e000-7ff6ed92f000 r--p 00000000 00:00 0 
7ff6ed92f000-7ff6ed930000 r--s 00003000 08:02 8014046                    /usr/bin/processing-3.0/modes/java/mode/jdtCompilerAdapter.jar
7ff6ed930000-7ff6ed931000 r--s 00003000 08:02 8014035                    /usr/bin/processing-3.0/modes/java/mode/classpath-explorer-1.0.jar
7ff6ed931000-7ff6ed93b000 r--s 00097000 08:02 6695776                    /usr/bin/processing-3.0/lib/pde.jar
7ff6ed93b000-7ff6ed93d000 r--s 00002000 08:02 6695836                    /usr/bin/processing-3.0/lib/ant-launcher.jar
7ff6ed93d000-7ff6ed93f000 r--s 00005000 08:02 4591938                    /home/akelly/sketchbook/libraries/minim/library/mp3spi1.9.5.jar
7ff6ed93f000-7ff6ed940000 r--s 0000b000 08:02 4591937                    /home/akelly/sketchbook/libraries/minim/library/jsminim.jar
7ff6ed940000-7ff6ed944000 r--s 00040000 08:02 4591936                    /home/akelly/sketchbook/libraries/minim/library/jl1.0.1.jar
7ff6ed944000-7ff6ed947000 r--s 00017000 08:02 4591933                    /home/akelly/sketchbook/libraries/minim/library/tritonus_share.jar
7ff6ed947000-7ff6ed94f000 r--s 003d3000 08:02 6569026                    /usr/bin/processing-3.0/core/library/gluegen-java-src.zip
7ff6ed94f000-7ff6ed9a3000 r-xp 00000000 08:02 8012182                    /usr/bin/processing-3.0/java/lib/amd64/libawt_xawt.so
7ff6ed9a3000-7ff6edba3000 ---p 00054000 08:02 8012182                    /usr/bin/processing-3.0/java/lib/amd64/libawt_xawt.so
7ff6edba3000-7ff6edba7000 rw-p 00054000 08:02 8012182                    /usr/bin/processing-3.0/java/lib/amd64/libawt_xawt.so
7ff6edba7000-7ff6edba8000 rw-p 00000000 00:00 0 
7ff6edba8000-7ff6edc4a000 r-xp 00000000 08:02 8012174                    /usr/bin/processing-3.0/java/lib/amd64/libawt.so
7ff6edc4a000-7ff6ede4a000 ---p 000a2000 08:02 8012174                    /usr/bin/processing-3.0/java/lib/amd64/libawt.so
7ff6ede4a000-7ff6ede56000 rw-p 000a2000 08:02 8012174                    /usr/bin/processing-3.0/java/lib/amd64/libawt.so
7ff6ede56000-7ff6ede7a000 rw-p 00000000 00:00 0 
7ff6ede7a000-7ff6ede7b000 ---p 00000000 00:00 0 
7ff6ede7b000-7ff6edf7b000 rw-p 00000000 00:00 0                          [stack:8998]
7ff6edf7b000-7ff6edf7e000 ---p 00000000 00:00 0 
7ff6edf7e000-7ff6ee07c000 rw-p 00000000 00:00 0                          [stack:8997]
7ff6ee07c000-7ff6ee07f000 ---p 00000000 00:00 0 
7ff6ee07f000-7ff6ee17d000 rw-p 00000000 00:00 0                          [stack:8996]
7ff6ee17d000-7ff6ee180000 ---p 00000000 00:00 0 
7ff6ee180000-7ff6ee27e000 rw-p 00000000 00:00 0                          [stack:8995]
7ff6ee27e000-7ff6ee281000 ---p 00000000 00:00 0 
7ff6ee281000-7ff6ee37f000 rw-p 00000000 00:00 0                          [stack:8994]
7ff6ee37f000-7ff6ee382000 ---p 00000000 00:00 0 
7ff6ee382000-7ff6ee480000 rw-p 00000000 00:00 0                          [stack:8988]
7ff6ee480000-7ff6ee483000 ---p 00000000 00:00 0 
7ff6ee483000-7ff6ee581000 rw-p 00000000 00:00 0                          [stack:8983]
7ff6ee581000-7ff6ee584000 ---p 00000000 00:00 0 
7ff6ee584000-7ff6ee682000 rw-p 00000000 00:00 0                          [stack:8982]
7ff6ee682000-7ff6ee686000 r-xp 00000000 08:02 8012175                    /usr/bin/processing-3.0/java/lib/amd64/libdt_socket.so
7ff6ee686000-7ff6ee885000 ---p 00004000 08:02 8012175                    /usr/bin/processing-3.0/java/lib/amd64/libdt_socket.so
7ff6ee885000-7ff6ee886000 rw-p 00003000 08:02 8012175                    /usr/bin/processing-3.0/java/lib/amd64/libdt_socket.so
7ff6ee886000-7ff6ee889000 ---p 00000000 00:00 0 
7ff6ee889000-7ff6ee987000 rw-p 00000000 00:00 0                          [stack:8981]
7ff6ee987000-7ff6ee98a000 ---p 00000000 00:00 0 
7ff6ee98a000-7ff6eea88000 rw-p 00000000 00:00 0                          [stack:8980]
7ff6eea88000-7ff6eea8b000 ---p 00000000 00:00 0 
7ff6eea8b000-7ff6eeb89000 rw-p 00000000 00:00 0                          [stack:8979]
7ff6eeb89000-7ff6eeb8a000 ---p 00000000 00:00 0 
7ff6eeb8a000-7ff6efc4b000 rw-p 00000000 00:00 0                          [stack:8978]
7ff6efc4b000-7ff6efe23000 r--s 03d0c000 08:02 6695974                    /usr/bin/processing-3.0/java/lib/rt.jar
7ff6efe23000-7ff6f0699000 rw-p 00000000 00:00 0 
7ff6f0699000-7ff6f8b24000 rw-p 00000000 00:00 0 
7ff6f8b24000-7ff6f9000000 ---p 00000000 00:00 0 
7ff6f9000000-7ff6f97a0000 rwxp 00000000 00:00 0 
7ff6f97a0000-7ff708000000 ---p 00000000 00:00 0 
7ff708000000-7ff7088a9000 rw-p 00000000 00:00 0 
7ff7088a9000-7ff70c000000 ---p 00000000 00:00 0 
7ff70c000000-7ff70c003000 r--s 00016000 08:02 4591932                    /home/akelly/sketchbook/libraries/minim/library/minim.jar
7ff70c003000-7ff70c045000 rw-p 00000000 00:00 0 
7ff70c045000-7ff70c046000 ---p 00000000 00:00 0 
7ff70c046000-7ff70c146000 rw-p 00000000 00:00 0                          [stack:8977]
7ff70c146000-7ff70c147000 ---p 00000000 00:00 0 
7ff70c147000-7ff70c247000 rw-p 00000000 00:00 0                          [stack:8976]
7ff70c247000-7ff70c248000 ---p 00000000 00:00 0 
7ff70c248000-7ff70c348000 rw-p 00000000 00:00 0                          [stack:8975]
7ff70c348000-7ff70c349000 ---p 00000000 00:00 0 
7ff70c349000-7ff70c49d000 rw-p 00000000 00:00 0                          [stack:8974]
7ff70c49d000-7ff70c978000 ---p 00000000 00:00 0 
7ff70c978000-7ff70ca75000 rw-p 00000000 00:00 0 
7ff70ca75000-7ff70cc10000 ---p 00000000 00:00 0 
7ff70cc10000-7ff70cc30000 rw-p 00000000 00:00 0 
7ff70cc30000-7ff70cfd1000 ---p 00000000 00:00 0 
7ff70cfd1000-7ff70cfeb000 r-xp 00000000 08:02 8012189                    /usr/bin/processing-3.0/java/lib/amd64/libzip.so
7ff70cfeb000-7ff70d1eb000 ---p 0001a000 08:02 8012189                    /usr/bin/processing-3.0/java/lib/amd64/libzip.so
7ff70d1eb000-7ff70d1ec000 rw-p 0001a000 08:02 8012189                    /usr/bin/processing-3.0/java/lib/amd64/libzip.so
7ff70d1ec000-7ff70d1f7000 r-xp 00000000 08:02 13635765                   /lib/x86_64-linux-gnu/libnss_files-2.19.so
7ff70d1f7000-7ff70d3f6000 ---p 0000b000 08:02 13635765                   /lib/x86_64-linux-gnu/libnss_files-2.19.so
7ff70d3f6000-7ff70d3f7000 r--p 0000a000 08:02 13635765                   /lib/x86_64-linux-gnu/libnss_files-2.19.so
7ff70d3f7000-7ff70d3f8000 rw-p 0000b000 08:02 13635765                   /lib/x86_64-linux-gnu/libnss_files-2.19.so
7ff70d3f8000-7ff70d403000 r-xp 00000000 08:02 13635775                   /lib/x86_64-linux-gnu/libnss_nis-2.19.so
7ff70d403000-7ff70d602000 ---p 0000b000 08:02 13635775                   /lib/x86_64-linux-gnu/libnss_nis-2.19.so
7ff70d602000-7ff70d603000 r--p 0000a000 08:02 13635775                   /lib/x86_64-linux-gnu/libnss_nis-2.19.so
7ff70d603000-7ff70d604000 rw-p 0000b000 08:02 13635775                   /lib/x86_64-linux-gnu/libnss_nis-2.19.so
7ff70d604000-7ff70d61b000 r-xp 00000000 08:02 13635759                   /lib/x86_64-linux-gnu/libnsl-2.19.so
7ff70d61b000-7ff70d81a000 ---p 00017000 08:02 13635759                   /lib/x86_64-linux-gnu/libnsl-2.19.so
7ff70d81a000-7ff70d81b000 r--p 00016000 08:02 13635759                   /lib/x86_64-linux-gnu/libnsl-2.19.so
7ff70d81b000-7ff70d81c000 rw-p 00017000 08:02 13635759                   /lib/x86_64-linux-gnu/libnsl-2.19.so
7ff70d81c000-7ff70d81e000 rw-p 00000000 00:00 0 
7ff70d81e000-7ff70d827000 r-xp 00000000 08:02 13635761                   /lib/x86_64-linux-gnu/libnss_compat-2.19.so
7ff70d827000-7ff70da26000 ---p 00009000 08:02 13635761                   /lib/x86_64-linux-gnu/libnss_compat-2.19.so
7ff70da26000-7ff70da27000 r--p 00008000 08:02 13635761                   /lib/x86_64-linux-gnu/libnss_compat-2.19.so
7ff70da27000-7ff70da28000 rw-p 00009000 08:02 13635761                   /lib/x86_64-linux-gnu/libnss_compat-2.19.so
7ff70da28000-7ff70e10a000 r--p 00000000 08:02 6560506                    /usr/lib/locale/locale-archive
7ff70e10a000-7ff70e10c000 r-xp 00000000 08:02 8012169                    /usr/bin/processing-3.0/java/lib/amd64/libnpt.so
7ff70e10c000-7ff70e30c000 ---p 00002000 08:02 8012169                    /usr/bin/processing-3.0/java/lib/amd64/libnpt.so
7ff70e30c000-7ff70e30d000 rw-p 00002000 08:02 8012169                    /usr/bin/processing-3.0/java/lib/amd64/libnpt.so
7ff70e30d000-7ff70e346000 r-xp 00000000 08:02 8012184                    /usr/bin/processing-3.0/java/lib/amd64/libjdwp.so
7ff70e346000-7ff70e545000 ---p 00039000 08:02 8012184                    /usr/bin/processing-3.0/java/lib/amd64/libjdwp.so
7ff70e545000-7ff70e547000 rw-p 00038000 08:02 8012184                    /usr/bin/processing-3.0/java/lib/amd64/libjdwp.so
7ff70e547000-7ff70e571000 r-xp 00000000 08:02 8012204                    /usr/bin/processing-3.0/java/lib/amd64/libjava.so
7ff70e571000-7ff70e771000 ---p 0002a000 08:02 8012204                    /usr/bin/processing-3.0/java/lib/amd64/libjava.so
7ff70e771000-7ff70e773000 rw-p 0002a000 08:02 8012204                    /usr/bin/processing-3.0/java/lib/amd64/libjava.so
7ff70e773000-7ff70e780000 r-xp 00000000 08:02 8012148                    /usr/bin/processing-3.0/java/lib/amd64/libverify.so
7ff70e780000-7ff70e980000 ---p 0000d000 08:02 8012148                    /usr/bin/processing-3.0/java/lib/amd64/libverify.so
7ff70e980000-7ff70e982000 rw-p 0000d000 08:02 8012148                    /usr/bin/processing-3.0/java/lib/amd64/libverify.so
7ff70e982000-7ff70e989000 r-xp 00000000 08:02 13635818                   /lib/x86_64-linux-gnu/librt-2.19.so
7ff70e989000-7ff70eb88000 ---p 00007000 08:02 13635818                   /lib/x86_64-linux-gnu/librt-2.19.so
7ff70eb88000-7ff70eb89000 r--p 00006000 08:02 13635818                   /lib/x86_64-linux-gnu/librt-2.19.so
7ff70eb89000-7ff70eb8a000 rw-p 00007000 08:02 13635818                   /lib/x86_64-linux-gnu/librt-2.19.so
7ff70eb8a000-7ff70ec8f000 r-xp 00000000 08:02 13635740                   /lib/x86_64-linux-gnu/libm-2.19.so
7ff70ec8f000-7ff70ee8e000 ---p 00105000 08:02 13635740                   /lib/x86_64-linux-gnu/libm-2.19.so
7ff70ee8e000-7ff70ee8f000 r--p 00104000 08:02 13635740                   /lib/x86_64-linux-gnu/libm-2.19.so
7ff70ee8f000-7ff70ee90000 rw-p 00105000 08:02 13635740                   /lib/x86_64-linux-gnu/libm-2.19.so
7ff70ee90000-7ff70fb3e000 r-xp 00000000 08:02 8012167                    /usr/bin/processing-3.0/java/lib/amd64/server/libjvm.so
7ff70fb3e000-7ff70fd3e000 ---p 00cae000 08:02 8012167                    /usr/bin/processing-3.0/java/lib/amd64/server/libjvm.so
7ff70fd3e000-7ff70fe15000 rw-p 00cae000 08:02 8012167                    /usr/bin/processing-3.0/java/lib/amd64/server/libjvm.so
7ff70fe15000-7ff70fe59000 rw-p 00000000 00:00 0 
7ff70fe59000-7ff710014000 r-xp 00000000 08:02 13635690                   /lib/x86_64-linux-gnu/libc-2.19.so
7ff710014000-7ff710213000 ---p 001bb000 08:02 13635690                   /lib/x86_64-linux-gnu/libc-2.19.so
7ff710213000-7ff710217000 r--p 001ba000 08:02 13635690                   /lib/x86_64-linux-gnu/libc-2.19.so
7ff710217000-7ff710219000 rw-p 001be000 08:02 13635690                   /lib/x86_64-linux-gnu/libc-2.19.so
7ff710219000-7ff71021e000 rw-p 00000000 00:00 0 
7ff71021e000-7ff710221000 r-xp 00000000 08:02 13635707                   /lib/x86_64-linux-gnu/libdl-2.19.so
7ff710221000-7ff710420000 ---p 00003000 08:02 13635707                   /lib/x86_64-linux-gnu/libdl-2.19.so
7ff710420000-7ff710421000 r--p 00002000 08:02 13635707                   /lib/x86_64-linux-gnu/libdl-2.19.so
7ff710421000-7ff710422000 rw-p 00003000 08:02 13635707                   /lib/x86_64-linux-gnu/libdl-2.19.so
7ff710422000-7ff710437000 r-xp 00000000 08:02 8012145                    /usr/bin/processing-3.0/java/lib/amd64/jli/libjli.so
7ff710437000-7ff710637000 ---p 00015000 08:02 8012145                    /usr/bin/processing-3.0/java/lib/amd64/jli/libjli.so
7ff710637000-7ff710638000 rw-p 00015000 08:02 8012145                    /usr/bin/processing-3.0/java/lib/amd64/jli/libjli.so
7ff710638000-7ff710651000 r-xp 00000000 08:02 13635810                   /lib/x86_64-linux-gnu/libpthread-2.19.so
7ff710651000-7ff710850000 ---p 00019000 08:02 13635810                   /lib/x86_64-linux-gnu/libpthread-2.19.so
7ff710850000-7ff710851000 r--p 00018000 08:02 13635810                   /lib/x86_64-linux-gnu/libpthread-2.19.so
7ff710851000-7ff710852000 rw-p 00019000 08:02 13635810                   /lib/x86_64-linux-gnu/libpthread-2.19.so
7ff710852000-7ff710856000 rw-p 00000000 00:00 0 
7ff710856000-7ff710879000 r-xp 00000000 08:02 13635666                   /lib/x86_64-linux-gnu/ld-2.19.so
7ff710879000-7ff71087a000 r--s 00002000 08:02 4591935                    /home/akelly/sketchbook/libraries/minim/library/tritonus_aos.jar
7ff71087a000-7ff71087b000 r--s 00001000 08:02 6569033                    /usr/bin/processing-3.0/core/library/gluegen-rt-natives-macosx-universal.jar
7ff71087b000-7ff71087d000 r--s 00038000 08:02 6569032                    /usr/bin/processing-3.0/core/library/jogl-all-natives-windows-amd64.jar
7ff71087d000-7ff71087e000 r--s 00034000 08:02 6569031                    /usr/bin/processing-3.0/core/library/jogl-all-natives-linux-amd64.jar
7ff71087e000-7ff71087f000 r--s 00001000 08:02 6569036                    /usr/bin/processing-3.0/core/library/gluegen-rt-natives-windows-i586.jar
7ff71087f000-7ff710950000 rw-p 00000000 00:00 0 
7ff710950000-7ff710953000 ---p 00000000 00:00 0 
7ff710953000-7ff710a55000 rw-p 00000000 00:00 0                          [stack:8972]
7ff710a55000-7ff710a5b000 r--s 0004a000 08:02 6569021                    /usr/bin/processing-3.0/core/library/gluegen-rt.jar
7ff710a5b000-7ff710a5c000 r--s 00000000 08:02 6569035                    /usr/bin/processing-3.0/core/library/gluegen-rt-natives-linux-armv6hf.jar
7ff710a5c000-7ff710a5d000 r--s 00031000 08:02 6569019                    /usr/bin/processing-3.0/core/library/jogl-all-natives-windows-i586.jar
7ff710a5d000-7ff710a5e000 r--s 00001000 08:02 6569022                    /usr/bin/processing-3.0/core/library/gluegen-rt-natives-windows-amd64.jar
7ff710a5e000-7ff710a60000 r--s 0006c000 08:02 6569020                    /usr/bin/processing-3.0/core/library/jogl-all-natives-macosx-universal.jar
7ff710a60000-7ff710a65000 r--s 000f0000 08:02 6569027                    /usr/bin/processing-3.0/core/library/core.jar
7ff710a65000-7ff710a67000 r--s 00000000 08:02 6569025                    /usr/bin/processing-3.0/core/library/gluegen-rt-natives-linux-amd64.jar
7ff710a67000-7ff710a68000 r--s 00026000 08:02 6569028                    /usr/bin/processing-3.0/core/library/jogl-all-natives-linux-armv6hf.jar
7ff710a68000-7ff710a69000 r--s 00032000 08:02 6569024                    /usr/bin/processing-3.0/core/library/jogl-all-natives-linux-i586.jar
7ff710a69000-7ff710a6b000 r--s 00000000 08:02 6569023                    /usr/bin/processing-3.0/core/library/gluegen-rt-natives-linux-i586.jar
7ff710a6b000-7ff710a6c000 rw-p 00000000 00:00 0 
7ff710a6c000-7ff710a74000 rw-s 00000000 08:02 4325390                    /tmp/hsperfdata_akelly/8971
7ff710a74000-7ff710a75000 rw-p 00000000 00:00 0 
7ff710a75000-7ff710a76000 r--p 00000000 00:00 0 
7ff710a76000-7ff710a78000 rw-p 00000000 00:00 0 
7ff710a78000-7ff710a79000 r--p 00022000 08:02 13635666                   /lib/x86_64-linux-gnu/ld-2.19.so
7ff710a79000-7ff710a7a000 rw-p 00023000 08:02 13635666                   /lib/x86_64-linux-gnu/ld-2.19.so
7ff710a7a000-7ff710a7b000 rw-p 00000000 00:00 0 
7fffed6d0000-7fffed6f3000 rw-p 00000000 00:00 0                          [stack]
7fffed7dd000-7fffed7df000 r--p 00000000 00:00 0                          [vvar]
7fffed7df000-7fffed7e1000 r-xp 00000000 00:00 0                          [vdso]
ffffffffff600000-ffffffffff601000 r-xp 00000000 00:00 0                  [vsyscall]

VM Arguments:
jvm_args: -agentlib:jdwp=transport=dt_socket,address=8594,server=y,suspend=y -Djava.library.path=:/usr/bin/processing-3.0/core/library:/home/akelly/sketchbook/libraries/minim/library:/usr/java/packages/lib/amd64:/usr/lib64:/lib64:/lib:/usr/lib -ea 
java_command: processing.core.PApplet --display=1 --sketch-path=/home/akelly/sketchbook/_audioVisualizer/_audioVisualizer/build build
java_class_path (initial): /home/akelly/sketchbook/_audioVisualizer/_audioVisualizer/build/build-tmp:/usr/bin/processing-3.0/core/library/gluegen-rt-natives-linux-i586.jar:/usr/bin/processing-3.0/core/library/jogl-all-natives-linux-i586.jar:/usr/bin/processing-3.0/core/library/jogl-all-natives-linux-armv6hf.jar:/usr/bin/processing-3.0/core/library/gluegen-rt-natives-linux-amd64.jar:/usr/bin/processing-3.0/core/library/core.jar:/usr/bin/processing-3.0/core/library/jogl-all-natives-macosx-universal.jar:/usr/bin/processing-3.0/core/library/gluegen-rt-natives-windows-amd64.jar:/usr/bin/processing-3.0/core/library/jogl-all-natives-windows-i586.jar:/usr/bin/processing-3.0/core/library/gluegen-rt-natives-linux-armv6hf.jar:/usr/bin/processing-3.0/core/library/gluegen-rt.jar:/usr/bin/processing-3.0/core/library/gluegen-rt-natives-windows-i586.jar:/usr/bin/processing-3.0/core/library/jogl-all.jar:/usr/bin/processing-3.0/core/library/jogl-all-natives-linux-amd64.jar:/usr/bin/processing-3.0/core/library/jogl-all-natives-windows-amd64.jar:/usr/bin/processing-3.0/core/library/gluegen-java-src.zip:/usr/bin/processing-3.0/core/library/jogl-java-src.zip:/usr/bin/processing-3.0/core/library/gluegen-rt-natives-macosx-universal.jar:/usr/bin/processing-3.0/core/library/gluegen-rt-natives-linux-i586.jar:/usr/bin/processing-3.0/core/library/jogl-all-natives-linux-i586.jar:/usr/bin/processing-3.0/core/library/jogl-all-natives-linux-armv6hf.jar:/usr/bin/processing-3.0/core/library/gluegen-rt-natives-linux-amd64.jar:/usr/bin/processing-3.0/core/library/core.jar:/usr/bin/processing-3.0/core/library/jogl-all-natives-macosx-universal.jar:/usr/bin/processing-3.0/core/library/gluegen-rt-natives-windows-amd64.jar:/usr/bin/processing-3.0/core/library/jogl-all-natives-windows-i586.jar:/usr/bin/processing-3.0/core/library/gluegen-rt-natives-linux-armv6hf.jar:/usr/bin/processing-3.0/core/library/gluegen-rt.jar:/usr/bin/processing-3.0/core/library/gluegen-rt-natives-windows-i586.jar:/usr/bin/processi
Launcher Type: SUN_STANDARD

Environment Variables:
PATH=/usr/bin/processing-3.0/java/bin:/usr/local/sbin:/usr/local/bin:/usr/sbin:/usr/bin:/sbin:/bin:/usr/games:/usr/local/games
SHELL=/bin/bash
DISPLAY=:0

Signal Handlers:
SIGSEGV: [libjvm.so+0xaad540], sa_mask[0]=11111111011111111101111111111110, sa_flags=SA_RESTART|SA_SIGINFO
SIGBUS: [libjvm.so+0xaad540], sa_mask[0]=11111111011111111101111111111110, sa_flags=SA_RESTART|SA_SIGINFO
SIGFPE: [libjvm.so+0x90b6b0], sa_mask[0]=11111111011111111101111111111110, sa_flags=SA_RESTART|SA_SIGINFO
SIGPIPE: [libjvm.so+0x90b6b0], sa_mask[0]=11111111011111111101111111111110, sa_flags=SA_RESTART|SA_SIGINFO
SIGXFSZ: [libjvm.so+0x90b6b0], sa_mask[0]=11111111011111111101111111111110, sa_flags=SA_RESTART|SA_SIGINFO
SIGILL: [libjvm.so+0x90b6b0], sa_mask[0]=11111111011111111101111111111110, sa_flags=SA_RESTART|SA_SIGINFO
SIGUSR1: SIG_DFL, sa_mask[0]=00000000000000000000000000000000, sa_flags=none
SIGUSR2: [libjvm.so+0x90ccf0], sa_mask[0]=00100000000000000000000000000000, sa_flags=SA_RESTART|SA_SIGINFO
SIGHUP: [libjvm.so+0x90e040], sa_mask[0]=11111111011111111101111111111110, sa_flags=SA_RESTART|SA_SIGINFO
SIGINT: [libjvm.so+0x90e040], sa_mask[0]=11111111011111111101111111111110, sa_flags=SA_RESTART|SA_SIGINFO
SIGTERM: [libjvm.so+0x90e040], sa_mask[0]=11111111011111111101111111111110, sa_flags=SA_RESTART|SA_SIGINFO
SIGQUIT: [libjvm.so+0x90e040], sa_mask[0]=11111111011111111101111111111110, sa_flags=SA_RESTART|SA_SIGINFO


---------------  S Y S T E M  ---------------

OS:DISTRIB_ID=Ubuntu
DISTRIB_RELEASE=14.04
DISTRIB_CODENAME=trusty
DISTRIB_DESCRIPTION="Ubuntu 14.04.3 LTS"

uname:Linux 3.19.0-28-generic #30~14.04.1-Ubuntu SMP Tue Sep 1 09:32:55 UTC 2015 x86_64
libc:glibc 2.19 NPTL 2.19 
rlimit: STACK 8192k, CORE 0k, NPROC 63284, NOFILE 4096, AS infinity
load average:2.24 2.38 2.60

/proc/meminfo:
MemTotal:       16309452 kB
MemFree:        10730932 kB
MemAvailable:   11930936 kB
Buffers:          116540 kB
Cached:          1782352 kB
SwapCached:           48 kB
Active:          4470296 kB
Inactive:         839936 kB
Active(anon):    3541960 kB
Inactive(anon):   443004 kB
Active(file):     928336 kB
Inactive(file):   396932 kB
Unevictable:          92 kB
Mlocked:              92 kB
SwapTotal:      16653308 kB
SwapFree:       16584364 kB
Dirty:              2116 kB
Writeback:             0 kB
AnonPages:       3411392 kB
Mapped:           585556 kB
Shmem:            573628 kB
Slab:             129004 kB
SReclaimable:      87356 kB
SUnreclaim:        41648 kB
KernelStack:       10560 kB
PageTables:        53152 kB
NFS_Unstable:          0 kB
Bounce:                0 kB
WritebackTmp:          0 kB
CommitLimit:    24808032 kB
Committed_AS:    9438692 kB
VmallocTotal:   34359738367 kB
VmallocUsed:      384844 kB
VmallocChunk:   34359343192 kB
HardwareCorrupted:     0 kB
AnonHugePages:   1210368 kB
CmaTotal:              0 kB
CmaFree:               0 kB
HugePages_Total:       0
HugePages_Free:        0
HugePages_Rsvd:        0
HugePages_Surp:        0
Hugepagesize:       2048 kB
DirectMap4k:      200108 kB
DirectMap2M:    12259328 kB
DirectMap1G:     4194304 kB


CPU:total 4 (2 cores per cpu, 2 threads per core) family 6 model 61 stepping 4, cmov, cx8, fxsr, mmx, sse, sse2, sse3, ssse3, sse4.1, sse4.2, popcnt, avx, avx2, aes, clmul, erms, rtm, 3dnowpref, lzcnt, ht, tsc, tscinvbit, bmi1, bmi2, adx

/proc/cpuinfo:
processor	: 0
vendor_id	: GenuineIntel
cpu family	: 6
model		: 61
model name	: Intel(R) Core(TM) i7-5600U CPU @ 2.60GHz
stepping	: 4
microcode	: 0x19
cpu MHz		: 2600.000
cache size	: 4096 KB
physical id	: 0
siblings	: 4
core id		: 0
cpu cores	: 2
apicid		: 0
initial apicid	: 0
fpu		: yes
fpu_exception	: yes
cpuid level	: 20
wp		: yes
flags		: fpu vme de pse tsc msr pae mce cx8 apic sep mtrr pge mca cmov pat pse36 clflush dts acpi mmx fxsr sse sse2 ss ht tm pbe syscall nx pdpe1gb rdtscp lm constant_tsc arch_perfmon pebs bts rep_good nopl xtopology nonstop_tsc aperfmperf eagerfpu pni pclmulqdq dtes64 monitor ds_cpl vmx smx est tm2 ssse3 fma cx16 xtpr pdcm pcid sse4_1 sse4_2 x2apic movbe popcnt tsc_deadline_timer aes xsave avx f16c rdrand lahf_lm abm 3dnowprefetch ida arat epb pln pts dtherm tpr_shadow vnmi flexpriority ept vpid fsgsbase tsc_adjust bmi1 hle avx2 smep bmi2 erms invpcid rtm rdseed adx smap xsaveopt
bugs		:
bogomips	: 5188.48
clflush size	: 64
cache_alignment	: 64
address sizes	: 39 bits physical, 48 bits virtual
power management:

processor	: 1
vendor_id	: GenuineIntel
cpu family	: 6
model		: 61
model name	: Intel(R) Core(TM) i7-5600U CPU @ 2.60GHz
stepping	: 4
microcode	: 0x19
cpu MHz		: 2600.000
cache size	: 4096 KB
physical id	: 0
siblings	: 4
core id		: 0
cpu cores	: 2
apicid		: 1
initial apicid	: 1
fpu		: yes
fpu_exception	: yes
cpuid level	: 20
wp		: yes
flags		: fpu vme de pse tsc msr pae mce cx8 apic sep mtrr pge mca cmov pat pse36 clflush dts acpi mmx fxsr sse sse2 ss ht tm pbe syscall nx pdpe1gb rdtscp lm constant_tsc arch_perfmon pebs bts rep_good nopl xtopology nonstop_tsc aperfmperf eagerfpu pni pclmulqdq dtes64 monitor ds_cpl vmx smx est tm2 ssse3 fma cx16 xtpr pdcm pcid sse4_1 sse4_2 x2apic movbe popcnt tsc_deadline_timer aes xsave avx f16c rdrand lahf_lm abm 3dnowprefetch ida arat epb pln pts dtherm tpr_shadow vnmi flexpriority ept vpid fsgsbase tsc_adjust bmi1 hle avx2 smep bmi2 erms invpcid rtm rdseed adx smap xsaveopt
bugs		:
bogomips	: 5188.48
clflush size	: 64
cache_alignment	: 64
address sizes	: 39 bits physical, 48 bits virtual
power management:

processor	: 2
vendor_id	: GenuineIntel
cpu family	: 6
model		: 61
model name	: Intel(R) Core(TM) i7-5600U CPU @ 2.60GHz
stepping	: 4
microcode	: 0x19
cpu MHz		: 2599.898
cache size	: 4096 KB
physical id	: 0
siblings	: 4
core id		: 1
cpu cores	: 2
apicid		: 2
initial apicid	: 2
fpu		: yes
fpu_exception	: yes
cpuid level	: 20
wp		: yes
flags		: fpu vme de pse tsc msr pae mce cx8 apic sep mtrr pge mca cmov pat pse36 clflush dts acpi mmx fxsr sse sse2 ss ht tm pbe syscall nx pdpe1gb rdtscp lm constant_tsc arch_perfmon pebs bts rep_good nopl xtopology nonstop_tsc aperfmperf eagerfpu pni pclmulqdq dtes64 monitor ds_cpl vmx smx est tm2 ssse3 fma cx16 xtpr pdcm pcid sse4_1 sse4_2 x2apic movbe popcnt tsc_deadline_timer aes xsave avx f16c rdrand lahf_lm abm 3dnowprefetch ida arat epb pln pts dtherm tpr_shadow vnmi flexpriority ept vpid fsgsbase tsc_adjust bmi1 hle avx2 smep bmi2 erms invpcid rtm rdseed adx smap xsaveopt
bugs		:
bogomips	: 5188.48
clflush size	: 64
cache_alignment	: 64
address sizes	: 39 bits physical, 48 bits virtual
power management:

processor	: 3
vendor_id	: GenuineIntel
cpu family	: 6
model		: 61
model name	: Intel(R) Core(TM) i7-5600U CPU @ 2.60GHz
stepping	: 4
microcode	: 0x19
cpu MHz		: 2599.898
cache size	: 4096 KB
physical id	: 0
siblings	: 4
core id		: 1
cpu cores	: 2
apicid		: 3
initial apicid	: 3
fpu		: yes
fpu_exception	: yes
cpuid level	: 20
wp		: yes
flags		: fpu vme de pse tsc msr pae mce cx8 apic sep mtrr pge mca cmov pat pse36 clflush dts acpi mmx fxsr sse sse2 ss ht tm pbe syscall nx pdpe1gb rdtscp lm constant_tsc arch_perfmon pebs bts rep_good nopl xtopology nonstop_tsc aperfmperf eagerfpu pni pclmulqdq dtes64 monitor ds_cpl vmx smx est tm2 ssse3 fma cx16 xtpr pdcm pcid sse4_1 sse4_2 x2apic movbe popcnt tsc_deadline_timer aes xsave avx f16c rdrand lahf_lm abm 3dnowprefetch ida arat epb pln pts dtherm tpr_shadow vnmi flexpriority ept vpid fsgsbase tsc_adjust bmi1 hle avx2 smep bmi2 erms invpcid rtm rdseed adx smap xsaveopt
bugs		:
bogomips	: 5188.48
clflush size	: 64
cache_alignment	: 64
address sizes	: 39 bits physical, 48 bits virtual
power management:



Memory: 4k page, physical 16309452k(10730932k free), swap 16653308k(16584364k free)

vm_info: Java HotSpot(TM) 64-Bit Server VM (25.51-b03) for linux-amd64 JRE (1.8.0_51-b16), built on Jun  8 2015 19:28:07 by "java_re" with gcc 4.3.0 20080428 (Red Hat 4.3.0-8)

time: Sat Oct 10 15:52:58 2015
elapsed time: 9 seconds (0d 0h 0m 9s)

