#
# A fatal error has been detected by the Java Runtime Environment:
#
#  SIGSEGV (0xb) at pc=0x00007f4ba7c46998, pid=6697, tid=139963244189440
#
# JRE version: Java(TM) SE Runtime Environment (8.0_51-b16) (build 1.8.0_51-b16)
# Java VM: Java HotSpot(TM) 64-Bit Server VM (25.51-b03 mixed mode linux-amd64 compressed oops)
# Problematic frame:
# C  [i965_dri.so+0x3c9998]
#
# Failed to write core dump. Core dumps have been disabled. To enable core dumping, try "ulimit -c unlimited" before starting Java again
#
# If you would like to submit a bug report, please visit:
#   http://bugreport.java.com/bugreport/crash.jsp
# The crash happened outside the Java Virtual Machine in native code.
# See problematic frame for where to report the bug.
#

---------------  T H R E A D  ---------------

Current thread (0x00007f4c2c6cb800):  JavaThread "main-Display-.x11_:0-1-EDT-1" daemon [_thread_in_native, id=6737, stack(0x00007f4bbb639000,0x00007f4bbb73a000)]

siginfo: si_signo: 11 (SIGSEGV), si_code: 1 (SEGV_MAPERR), si_addr: 0x0000000100000000

Registers:
RAX=0x00007f4ba7c46990, RBX=0x00007f4bc00502c0, RCX=0x0000000000000000, RDX=0x0000000000000001
RSP=0x00007f4bbb737110, RBP=0x00007f4bb0022330, RSI=0x00007f4bc00503a0, RDI=0x0000000100000000
R8 =0x0000000000000000, R9 =0x00007f4bbafe6fc0, R10=0x00007f4c1bdcf607, R11=0x00000000d8e42695
R12=0x00007f4bb001fde0, R13=0x0000000000000000, R14=0x00007f4bb00234a0, R15=0x0000000000000000
RIP=0x00007f4ba7c46998, EFLAGS=0x0000000000010202, CSGSFS=0x0000000000000033, ERR=0x0000000000000004
  TRAPNO=0x000000000000000e

Top of Stack: (sp=0x00007f4bbb737110)
0x00007f4bbb737110:   00007f4bbb737200 0000000000000000
0x00007f4bbb737120:   00007f4bc00502c0 00007f4bb0022330
0x00007f4bbb737130:   00007f4bb001fde0 00007f4bbafe704e
0x00007f4bbb737140:   00007f4bbb737178 00007f4bbb234660
0x00007f4bbb737150:   00007f4bb0014b10 00007f4b00000000
0x00007f4bbb737160:   0000000000000000 0000000000000000
0x00007f4bbb737170:   8000000000000000 00007f4bc00502c0
0x00007f4bbb737180:   0000000003e00002 00000007c0122058
0x00007f4bbb737190:   00007f4bbb737200 0000000000000000
0x00007f4bbb7371a0:   00007f4bbb737498 00007f4bbb737240
0x00007f4bbb7371b0:   00007f4c2c6cb800 00007f4bb96f9ba7
0x00007f4bbb7371c0:   3ff0000000000000 00007f4bbafc0ab0
0x00007f4bbb7371d0:   0000000003e00002 00007f4bb0014b10
0x00007f4bbb7371e0:   00007f4bbb737240 00007f4c2c6cb9f8
0x00007f4bbb7371f0:   6e6f697470656378 00007f4bbafc0ab0
0x00007f4bbb737200:   00007f4bbb737250 00007f4c1bdcf67d
0x00007f4bbb737210:   0000000000000002 0000000000000000
0x00007f4bbb737220:   0000000000000000 0000000000000000
0x00007f4bbb737230:   0000000000000000 0000000000000000
0x00007f4bbb737240:   00000006c73e1258 0000000000000000
0x00007f4bbb737250:   00007f4bbb7374e0 00007f4c1bdd39bc
0x00007f4bbb737260:   0000000000000000 0000000000000000
0x00007f4bbb737270:   0000000000000000 0000000000000000
0x00007f4bbb737280:   cafebabecafebabe 0000000000000000
0x00007f4bbb737290:   0000000000000000 0000000000000000
0x00007f4bbb7372a0:   0000000000000000 0000000000000000
0x00007f4bbb7372b0:   ffffffffffffff00 0000000000000000
0x00007f4bbb7372c0:   0000000000000000 0000000000000000
0x00007f4bbb7372d0:   0000000000000000 0000000000000000
0x00007f4bbb7372e0:   0000000000000000 0000000000000000
0x00007f4bbb7372f0:   00007f4c2c6cb800 00007f4bbb737500
0x00007f4bbb737300:   00007f4bbb737498 0000000000000000 

Instructions: (pc=0x00007f4ba7c46998)
0x00007f4ba7c46978:   0f 1f 84 00 00 00 00 00 48 83 c4 10 5b 5d 41 5c
0x00007f4ba7c46988:   c3 0f 1f 80 00 00 00 00 41 54 55 53 48 83 ec 10
0x00007f4ba7c46998:   48 8b 1f 48 85 db 74 3d f6 83 48 05 00 00 01 49
0x00007f4ba7c469a8:   89 f4 89 cd 75 72 83 e2 01 75 5d 83 e5 fd 74 38 

Register to memory mapping:

RAX=0x00007f4ba7c46990: <offset 0x3c9990> in /usr/lib/x86_64-linux-gnu/dri/i965_dri.so at 0x00007f4ba787d000
RBX=0x00007f4bc00502c0 is an unknown value
RCX=0x0000000000000000 is an unknown value
RDX=0x0000000000000001 is an unknown value
RSP=0x00007f4bbb737110 is pointing into the stack for thread: 0x00007f4c2c6cb800
RBP=0x00007f4bb0022330 is an unknown value
RSI=0x00007f4bc00503a0 is an unknown value
RDI=0x0000000100000000 is an unknown value
R8 =0x0000000000000000 is an unknown value
R9 =0x00007f4bbafe6fc0: <offset 0x42fc0> in /usr/lib/x86_64-linux-gnu/mesa/libGL.so.1 at 0x00007f4bbafa4000
R10=0x00007f4c1bdcf607 is at entry_point+71 in (nmethod*)0x00007f4c1bdcf450
R11=0x00000000d8e42695 is an unknown value
R12=0x00007f4bb001fde0 is an unknown value
R13=0x0000000000000000 is an unknown value
R14=0x00007f4bb00234a0 is an unknown value
R15=0x0000000000000000 is an unknown value


Stack: [0x00007f4bbb639000,0x00007f4bbb73a000],  sp=0x00007f4bbb737110,  free space=1016k
Native frames: (J=compiled Java code, j=interpreted, Vv=VM code, C=native code)
C  [i965_dri.so+0x3c9998]

Java frames: (J=compiled Java code, j=interpreted, Vv=VM code)
J 1904  jogamp.opengl.x11.glx.GLX.dispatch_glXSwapBuffers0(JJJ)V (0 bytes) @ 0x00007f4c1bdcf607 [0x00007f4c1bdcf5c0+0x47]
J 1903 C1 jogamp.opengl.x11.glx.GLX.glXSwapBuffers(JJ)V (45 bytes) @ 0x00007f4c1bdd39bc [0x00007f4c1bdd2fa0+0xa1c]
J 1902 C1 jogamp.opengl.x11.glx.X11GLXDrawable.swapBuffersImpl(Z)V (21 bytes) @ 0x00007f4c1bdd2b0c [0x00007f4c1bdd2860+0x2ac]
J 1901 C1 jogamp.opengl.GLDrawableImpl.swapBuffers()V (138 bytes) @ 0x00007f4c1bdd0fb4 [0x00007f4c1bdd08e0+0x6d4]
j  jogamp.opengl.GLAutoDrawableBase.defaultSwapBuffers()V+23
j  com.jogamp.newt.opengl.GLWindow.swapBuffers()V+1
j  processing.opengl.PJOGL.swapBuffers()V+15
j  processing.opengl.PGraphicsOpenGL.dispose()V+15
j  processing.core.PApplet.dispose()V+28
j  processing.opengl.PSurfaceJOGL$NEWTWindowListener.windowDestroyNotify(Lcom/jogamp/newt/event/WindowEvent;)V+7
j  jogamp.newt.WindowImpl.consumeWindowEvent(Lcom/jogamp/newt/event/WindowEvent;)V+254
j  jogamp.newt.WindowImpl.sendWindowEvent(I)V+14
j  jogamp.newt.WindowImpl$1.run()V+143
j  jogamp.newt.DisplayImpl.runOnEDTIfAvail(ZLjava/lang/Runnable;)V+172
j  jogamp.newt.WindowImpl.runOnEDTIfAvail(ZLjava/lang/Runnable;)V+36
j  jogamp.newt.WindowImpl.destroy()V+11
j  com.jogamp.newt.opengl.GLWindow.destroy()V+4
j  jogamp.opengl.GLAutoDrawableBase.destroyAvoidAwareOfLocking()V+31
j  jogamp.opengl.GLAutoDrawableBase.defaultWindowDestroyNotifyOp()V+43
j  com.jogamp.newt.opengl.GLWindow.access$000(Lcom/jogamp/newt/opengl/GLWindow;)V+1
j  com.jogamp.newt.opengl.GLWindow$1.run()V+4
j  jogamp.newt.WindowImpl.windowDestroyNotify(Z)Z+147
v  ~StubRoutines::call_stub
J 1462  jogamp.newt.driver.x11.DisplayDriver.DispatchMessages0(JJJII)V (0 bytes) @ 0x00007f4c1bbbe37f [0x00007f4c1bbbe340+0x3f]
J 2027 C1 jogamp.newt.driver.x11.DisplayDriver.dispatchMessagesNative()V (66 bytes) @ 0x00007f4c1be42fd4 [0x00007f4c1be42c40+0x394]
J 2029 C1 jogamp.newt.DisplayImpl.dispatchMessages()V (116 bytes) @ 0x00007f4c1be41e74 [0x00007f4c1be41420+0xa54]
J 2028 C1 jogamp.newt.DisplayImpl$7.run()V (8 bytes) @ 0x00007f4c1be3ac4c [0x00007f4c1be3ab40+0x10c]
j  jogamp.newt.DefaultEDTUtil$NEDT.run()V+67
v  ~StubRoutines::call_stub

---------------  P R O C E S S  ---------------

Java Threads: ( => current thread )
  0x00007f4bc0132000 JavaThread "Thread-6" [_thread_blocked, id=6759, stack(0x00007f4ba5576000,0x00007f4ba5677000)]
  0x00007f4bc011e000 JavaThread "Java Sound Event Dispatcher" daemon [_thread_blocked, id=6754, stack(0x00007f4ba5677000,0x00007f4ba5778000)]
  0x00007f4c2c00f800 JavaThread "DestroyJavaVM" [_thread_blocked, id=6698, stack(0x00007f4c32083000,0x00007f4c32184000)]
  0x00007f4c2c738000 JavaThread "main-FPSAWTAnimator#00-Timer0" [_thread_blocked, id=6741, stack(0x00007f4bf0969000,0x00007f4bf0a6a000)]
  0x00007f4c2c737800 JavaThread "Thread-2" [_thread_blocked, id=6740, stack(0x00007f4bf003c000,0x00007f4bf013d000)]
  0x00007f4c2c72a000 JavaThread "main-SharedResourceRunner" daemon [_thread_blocked, id=6739, stack(0x00007f4bb8399000,0x00007f4bb849a000)]
  0x00007f4c2c700000 JavaThread "main-SharedResourceRunner" daemon [_thread_blocked, id=6738, stack(0x00007f4bb9560000,0x00007f4bb9661000)]
=>0x00007f4c2c6cb800 JavaThread "main-Display-.x11_:0-1-EDT-1" daemon [_thread_in_native, id=6737, stack(0x00007f4bbb639000,0x00007f4bbb73a000)]
  0x00007f4c2c516000 JavaThread "process reaper" daemon [_thread_blocked, id=6730, stack(0x00007f4bf0e92000,0x00007f4bf0ecb000)]
  0x00007f4c2c2c4000 JavaThread "AWT-XAWT" daemon [_thread_in_native, id=6726, stack(0x00007f4bf1396000,0x00007f4bf1497000)]
  0x00007f4c2c2a4000 JavaThread "Java2D Disposer" daemon [_thread_blocked, id=6725, stack(0x00007f4bf18a7000,0x00007f4bf19a8000)]
  0x00007f4c2c0d9000 JavaThread "Service Thread" daemon [_thread_blocked, id=6723, stack(0x00007f4bf35f4000,0x00007f4bf36f5000)]
  0x00007f4c2c0d3000 JavaThread "C1 CompilerThread2" daemon [_thread_blocked, id=6722, stack(0x00007f4bf36f5000,0x00007f4bf37f6000)]
  0x00007f4c2c0d1800 JavaThread "C2 CompilerThread1" daemon [_thread_in_vm, id=6721, stack(0x00007f4bf37f6000,0x00007f4bf38f7000)]
  0x00007f4c2c0ce800 JavaThread "C2 CompilerThread0" daemon [_thread_blocked, id=6720, stack(0x00007f4bf38f7000,0x00007f4bf39f8000)]
  0x00007f4be4001000 JavaThread "JDWP Command Reader" daemon [_thread_in_native, id=6714, stack(0x00007f4bf39f8000,0x00007f4bf3af9000)]
  0x00007f4c2c0cc800 JavaThread "JDWP Event Helper Thread" daemon [_thread_blocked, id=6709, stack(0x00007f4bf3af9000,0x00007f4bf3bfa000)]
  0x00007f4c2c0c9000 JavaThread "JDWP Transport Listener: dt_socket" daemon [_thread_blocked, id=6708, stack(0x00007f4bf3bfa000,0x00007f4bf3cfb000)]
  0x00007f4c2c0bb800 JavaThread "Signal Dispatcher" daemon [_thread_blocked, id=6707, stack(0x00007f4bf3eff000,0x00007f4bf4000000)]
  0x00007f4c2c084800 JavaThread "Finalizer" daemon [_thread_blocked, id=6706, stack(0x00007f4c1009f000,0x00007f4c101a0000)]
  0x00007f4c2c082800 JavaThread "Reference Handler" daemon [_thread_blocked, id=6705, stack(0x00007f4c101a0000,0x00007f4c102a1000)]

Other Threads:
  0x00007f4c2c07d000 VMThread [stack: 0x00007f4c102a1000,0x00007f4c103a2000] [id=6704]
  0x00007f4c2c0db800 WatcherThread [stack: 0x00007f4bf34f3000,0x00007f4bf35f4000] [id=6724]

VM state:not at safepoint (normal execution)

VM Mutex/Monitor currently owned by a thread: None

Heap:
 PSYoungGen      total 241152K, used 212477K [0x000000076d100000, 0x0000000789000000, 0x00000007c0000000)
  eden space 240640K, 88% used [0x000000076d100000,0x000000077a06f5c0,0x000000077bc00000)
  from space 512K, 12% used [0x0000000788f80000,0x0000000788f90000,0x0000000789000000)
  to   space 5120K, 0% used [0x0000000788600000,0x0000000788600000,0x0000000788b00000)
 ParOldGen       total 171008K, used 4906K [0x00000006c7200000, 0x00000006d1900000, 0x000000076d100000)
  object space 171008K, 2% used [0x00000006c7200000,0x00000006c76ca820,0x00000006d1900000)
 Metaspace       used 17627K, capacity 17810K, committed 18048K, reserved 1064960K
  class space    used 1567K, capacity 1662K, committed 1664K, reserved 1048576K

Card table byte_map: [0x00007f4c1aac7000,0x00007f4c1b28f000] byte_map_base: 0x00007f4c1748e000

Marking Bits: (ParMarkBitMap*) 0x00007f4c31561660
 Begin Bits: [0x00007f4c12523000, 0x00007f4c1635b000)
 End Bits:   [0x00007f4c1635b000, 0x00007f4c1a193000)

Polling page: 0x00007f4c321a8000

CodeCache: size=245760Kb used=8354Kb max_used=8367Kb free=237405Kb
 bounds [0x00007f4c1b64f000, 0x00007f4c1be8f000, 0x00007f4c2a64f000]
 total_blobs=3013 nmethods=2058 adapters=877
 compilation: enabled

Compilation events (10 events):
Event: 48.302 Thread 0x00007f4c2c0ce800 nmethod 2082 0x00007f4c1be4cd50 code [0x00007f4c1be4cea0, 0x00007f4c1be4cf18]
Event: 48.304 Thread 0x00007f4c2c0d1800 2083       4       com.jogamp.opengl.GLContext::isGL3 (30 bytes)
Event: 48.306 Thread 0x00007f4c2c0d1800 nmethod 2083 0x00007f4c1be665d0 code [0x00007f4c1be66720, 0x00007f4c1be66878]
Event: 48.320 Thread 0x00007f4c2c0ce800 2084       4       jogamp.opengl.x11.glx.X11GLXContext::isGLXVersionGreaterEqualOneThree (91 bytes)
Event: 48.323 Thread 0x00007f4c2c0ce800 nmethod 2084 0x00007f4c1be5c690 code [0x00007f4c1be5c7e0, 0x00007f4c1be5c878]
Event: 48.323 Thread 0x00007f4c2c0d1800 2085       4       jogamp.opengl.x11.glx.GLX::glXMakeContextCurrent (49 bytes)
Event: 48.325 Thread 0x00007f4c2c0d1800 nmethod 2085 0x00007f4c1b757c90 code [0x00007f4c1b757de0, 0x00007f4c1b757f08]
Event: 48.387 Thread 0x00007f4c2c0ce800 2086       4       jogamp.opengl.GLDrawableImpl::lockSurface (103 bytes)
Event: 48.415 Thread 0x00007f4c2c0ce800 nmethod 2086 0x00007f4c1be85a90 code [0x00007f4c1be85ca0, 0x00007f4c1be86958]
Event: 48.431 Thread 0x00007f4c2c0d1800 2087  s    4       jogamp.opengl.FPSCounterImpl::tickFPS (144 bytes)

GC Heap History (10 events):
Event: 41.258 GC heap before
{Heap before GC invocations=22 (full 0):
 PSYoungGen      total 301568K, used 294432K [0x000000076d100000, 0x000000078a080000, 0x00000007c0000000)
  eden space 294400K, 100% used [0x000000076d100000,0x000000077f080000,0x000000077f080000)
  from space 7168K, 0% used [0x0000000789280000,0x0000000789288000,0x0000000789980000)
  to   space 6656K, 0% used [0x0000000789a00000,0x0000000789a00000,0x000000078a080000)
 ParOldGen       total 171008K, used 4898K [0x00000006c7200000, 0x00000006d1900000, 0x000000076d100000)
  object space 171008K, 2% used [0x00000006c7200000,0x00000006c76c8820,0x00000006d1900000)
 Metaspace       used 17626K, capacity 17810K, committed 18048K, reserved 1064960K
  class space    used 1567K, capacity 1662K, committed 1664K, reserved 1048576K
Event: 41.264 GC heap after
Heap after GC invocations=22 (full 0):
 PSYoungGen      total 283136K, used 96K [0x000000076d100000, 0x0000000789a80000, 0x00000007c0000000)
  eden space 282624K, 0% used [0x000000076d100000,0x000000076d100000,0x000000077e500000)
  from space 512K, 18% used [0x0000000789a00000,0x0000000789a18000,0x0000000789a80000)
  to   space 6656K, 0% used [0x0000000788d80000,0x0000000788d80000,0x0000000789400000)
 ParOldGen       total 171008K, used 4898K [0x00000006c7200000, 0x00000006d1900000, 0x000000076d100000)
  object space 171008K, 2% used [0x00000006c7200000,0x00000006c76c8820,0x00000006d1900000)
 Metaspace       used 17626K, capacity 17810K, committed 18048K, reserved 1064960K
  class space    used 1567K, capacity 1662K, committed 1664K, reserved 1048576K
}
Event: 42.837 GC heap before
{Heap before GC invocations=23 (full 0):
 PSYoungGen      total 283136K, used 282720K [0x000000076d100000, 0x0000000789a80000, 0x00000007c0000000)
  eden space 282624K, 100% used [0x000000076d100000,0x000000077e500000,0x000000077e500000)
  from space 512K, 18% used [0x0000000789a00000,0x0000000789a18000,0x0000000789a80000)
  to   space 6656K, 0% used [0x0000000788d80000,0x0000000788d80000,0x0000000789400000)
 ParOldGen       total 171008K, used 4898K [0x00000006c7200000, 0x00000006d1900000, 0x000000076d100000)
  object space 171008K, 2% used [0x00000006c7200000,0x00000006c76c8820,0x00000006d1900000)
 Metaspace       used 17626K, capacity 17810K, committed 18048K, reserved 1064960K
  class space    used 1567K, capacity 1662K, committed 1664K, reserved 1048576K
Event: 42.838 GC heap after
Heap after GC invocations=23 (full 0):
 PSYoungGen      total 278016K, used 64K [0x000000076d100000, 0x0000000789a80000, 0x00000007c0000000)
  eden space 271360K, 0% used [0x000000076d100000,0x000000076d100000,0x000000077da00000)
  from space 6656K, 0% used [0x0000000788d80000,0x0000000788d90000,0x0000000789400000)
  to   space 6144K, 0% used [0x0000000789480000,0x0000000789480000,0x0000000789a80000)
 ParOldGen       total 171008K, used 4898K [0x00000006c7200000, 0x00000006d1900000, 0x000000076d100000)
  object space 171008K, 2% used [0x00000006c7200000,0x00000006c76c8820,0x00000006d1900000)
 Metaspace       used 17626K, capacity 17810K, committed 18048K, reserved 1064960K
  class space    used 1567K, capacity 1662K, committed 1664K, reserved 1048576K
}
Event: 44.363 GC heap before
{Heap before GC invocations=24 (full 0):
 PSYoungGen      total 278016K, used 271424K [0x000000076d100000, 0x0000000789a80000, 0x00000007c0000000)
  eden space 271360K, 100% used [0x000000076d100000,0x000000077da00000,0x000000077da00000)
  from space 6656K, 0% used [0x0000000788d80000,0x0000000788d90000,0x0000000789400000)
  to   space 6144K, 0% used [0x0000000789480000,0x0000000789480000,0x0000000789a80000)
 ParOldGen       total 171008K, used 4898K [0x00000006c7200000, 0x00000006d1900000, 0x000000076d100000)
  object space 171008K, 2% used [0x00000006c7200000,0x00000006c76c8820,0x00000006d1900000)
 Metaspace       used 17626K, capacity 17810K, committed 18048K, reserved 1064960K
  class space    used 1567K, capacity 1662K, committed 1664K, reserved 1048576K
Event: 44.369 GC heap after
Heap after GC invocations=24 (full 0):
 PSYoungGen      total 261120K, used 32K [0x000000076d100000, 0x0000000789500000, 0x00000007c0000000)
  eden space 260608K, 0% used [0x000000076d100000,0x000000076d100000,0x000000077cf80000)
  from space 512K, 6% used [0x0000000789480000,0x0000000789488000,0x0000000789500000)
  to   space 5632K, 0% used [0x0000000788a00000,0x0000000788a00000,0x0000000788f80000)
 ParOldGen       total 171008K, used 4898K [0x00000006c7200000, 0x00000006d1900000, 0x000000076d100000)
  object space 171008K, 2% used [0x00000006c7200000,0x00000006c76c8820,0x00000006d1900000)
 Metaspace       used 17626K, capacity 17810K, committed 18048K, reserved 1064960K
  class space    used 1567K, capacity 1662K, committed 1664K, reserved 1048576K
}
Event: 45.826 GC heap before
{Heap before GC invocations=25 (full 0):
 PSYoungGen      total 261120K, used 260640K [0x000000076d100000, 0x0000000789500000, 0x00000007c0000000)
  eden space 260608K, 100% used [0x000000076d100000,0x000000077cf80000,0x000000077cf80000)
  from space 512K, 6% used [0x0000000789480000,0x0000000789488000,0x0000000789500000)
  to   space 5632K, 0% used [0x0000000788a00000,0x0000000788a00000,0x0000000788f80000)
 ParOldGen       total 171008K, used 4898K [0x00000006c7200000, 0x00000006d1900000, 0x000000076d100000)
  object space 171008K, 2% used [0x00000006c7200000,0x00000006c76c8820,0x00000006d1900000)
 Metaspace       used 17626K, capacity 17810K, committed 18048K, reserved 1064960K
  class space    used 1567K, capacity 1662K, committed 1664K, reserved 1048576K
Event: 45.831 GC heap after
Heap after GC invocations=25 (full 0):
 PSYoungGen      total 256000K, used 32K [0x000000076d100000, 0x0000000789500000, 0x00000007c0000000)
  eden space 250368K, 0% used [0x000000076d100000,0x000000076d100000,0x000000077c580000)
  from space 5632K, 0% used [0x0000000788a00000,0x0000000788a08000,0x0000000788f80000)
  to   space 5632K, 0% used [0x0000000788f80000,0x0000000788f80000,0x0000000789500000)
 ParOldGen       total 171008K, used 4898K [0x00000006c7200000, 0x00000006d1900000, 0x000000076d100000)
  object space 171008K, 2% used [0x00000006c7200000,0x00000006c76c8820,0x00000006d1900000)
 Metaspace       used 17626K, capacity 17810K, committed 18048K, reserved 1064960K
  class space    used 1567K, capacity 1662K, committed 1664K, reserved 1048576K
}
Event: 47.269 GC heap before
{Heap before GC invocations=26 (full 0):
 PSYoungGen      total 256000K, used 250400K [0x000000076d100000, 0x0000000789500000, 0x00000007c0000000)
  eden space 250368K, 100% used [0x000000076d100000,0x000000077c580000,0x000000077c580000)
  from space 5632K, 0% used [0x0000000788a00000,0x0000000788a08000,0x0000000788f80000)
  to   space 5632K, 0% used [0x0000000788f80000,0x0000000788f80000,0x0000000789500000)
 ParOldGen       total 171008K, used 4898K [0x00000006c7200000, 0x00000006d1900000, 0x000000076d100000)
  object space 171008K, 2% used [0x00000006c7200000,0x00000006c76c8820,0x00000006d1900000)
 Metaspace       used 17626K, capacity 17810K, committed 18048K, reserved 1064960K
  class space    used 1567K, capacity 1662K, committed 1664K, reserved 1048576K
Event: 47.272 GC heap after
Heap after GC invocations=26 (full 0):
 PSYoungGen      total 241152K, used 64K [0x000000076d100000, 0x0000000789000000, 0x00000007c0000000)
  eden space 240640K, 0% used [0x000000076d100000,0x000000076d100000,0x000000077bc00000)
  from space 512K, 12% used [0x0000000788f80000,0x0000000788f90000,0x0000000789000000)
  to   space 5120K, 0% used [0x0000000788600000,0x0000000788600000,0x0000000788b00000)
 ParOldGen       total 171008K, used 4906K [0x00000006c7200000, 0x00000006d1900000, 0x000000076d100000)
  object space 171008K, 2% used [0x00000006c7200000,0x00000006c76ca820,0x00000006d1900000)
 Metaspace       used 17626K, capacity 17810K, committed 18048K, reserved 1064960K
  class space    used 1567K, capacity 1662K, committed 1664K, reserved 1048576K
}

Deoptimization events (10 events):
Event: 3.143 Thread 0x00007f4c2c738000 Uncommon trap: reason=unstable_if action=reinterpret pc=0x00007f4c1ba196cc method=javax.sound.sampled.AudioFormat.matches(Ljavax/sound/sampled/AudioFormat;)Z @ 112
Event: 9.459 Thread 0x00007f4c2c738000 Uncommon trap: reason=unstable_if action=reinterpret pc=0x00007f4c1bd465c4 method=processing.core.PApplet.constrain(FFF)F @ 13
Event: 9.459 Thread 0x00007f4c2c738000 Uncommon trap: reason=unstable_if action=reinterpret pc=0x00007f4c1bc7e804 method=sun.misc.FloatingDecimal$BinaryToASCIIBuffer.dtoa(IJIZ)V @ 116
Event: 9.459 Thread 0x00007f4c2c738000 Uncommon trap: reason=unstable_if action=reinterpret pc=0x00007f4c1bc5d05c method=sun.misc.FloatingDecimal$BinaryToASCIIBuffer.getChars([C)I @ 94
Event: 9.460 Thread 0x00007f4c2c738000 Uncommon trap: reason=unstable_if action=reinterpret pc=0x00007f4c1bcab8c0 method=processing.core.PApplet.constrain(FFF)F @ 13
Event: 13.722 Thread 0x00007f4c2c738000 Uncommon trap: reason=unstable_if action=reinterpret pc=0x00007f4c1bd964dc method=sun.misc.FloatingDecimal$BinaryToASCIIBuffer.dtoa(IJIZ)V @ 1459
Event: 29.213 Thread 0x00007f4bc0132000 Uncommon trap: reason=unstable_if action=reinterpret pc=0x00007f4c1bc3866c method=ddf.minim.javasound.FloatSampleTools.quantize16(FF)I @ 21
Event: 29.238 Thread 0x00007f4bc0132000 Uncommon trap: reason=unstable_if action=reinterpret pc=0x00007f4c1ba25acc method=ddf.minim.javasound.FloatSampleTools.quantize16(FF)I @ 32
Event: 37.918 Thread 0x00007f4c2c738000 Uncommon trap: reason=unstable_if action=reinterpret pc=0x00007f4c1be21cf0 method=sun.misc.FloatingDecimal$BinaryToASCIIBuffer.dtoa(IJIZ)V @ 714
Event: 48.431 Thread 0x00007f4c2c738000 Uncommon trap: reason=unstable_if action=reinterpret pc=0x00007f4c1be4cef4 method=java.util.TaskQueue.isEmpty()Z @ 4

Internal exceptions (10 events):
Event: 0.889 Thread 0x00007f4c2c00f800 Exception <a 'java/security/PrivilegedActionException'> (0x000000076d7b0d20) thrown at [/HUDSON/workspace/8-2-build-linux-amd64/jdk8u51/3951/hotspot/src/share/vm/prims/jvm.cpp, line 1382]
Event: 0.889 Thread 0x00007f4c2c00f800 Exception <a 'java/security/PrivilegedActionException'> (0x000000076d7b0ed8) thrown at [/HUDSON/workspace/8-2-build-linux-amd64/jdk8u51/3951/hotspot/src/share/vm/prims/jvm.cpp, line 1382]
Event: 0.890 Thread 0x00007f4c2c00f800 Exception <a 'java/security/PrivilegedActionException'> (0x000000076d7b3190) thrown at [/HUDSON/workspace/8-2-build-linux-amd64/jdk8u51/3951/hotspot/src/share/vm/prims/jvm.cpp, line 1382]
Event: 0.890 Thread 0x00007f4c2c00f800 Exception <a 'java/security/PrivilegedActionException'> (0x000000076d7b3348) thrown at [/HUDSON/workspace/8-2-build-linux-amd64/jdk8u51/3951/hotspot/src/share/vm/prims/jvm.cpp, line 1382]
Event: 0.900 Thread 0x00007f4c2c00f800 Exception <a 'java/io/FileNotFoundException'> (0x000000076d7bd0a0) thrown at [/HUDSON/workspace/8-2-build-linux-amd64/jdk8u51/3951/hotspot/src/share/vm/prims/jni.cpp, line 709]
Event: 0.900 Thread 0x00007f4c2c00f800 Exception <a 'java/io/FileNotFoundException'> (0x000000076d7bda28) thrown at [/HUDSON/workspace/8-2-build-linux-amd64/jdk8u51/3951/hotspot/src/share/vm/prims/jni.cpp, line 709]
Event: 1.044 Thread 0x00007f4c2c00f800 Exception <a 'java/lang/NoSuchFieldError': method resolution failed> (0x000000076d8c3988) thrown at [/HUDSON/workspace/8-2-build-linux-amd64/jdk8u51/3951/hotspot/src/share/vm/prims/methodHandles.cpp, line 1125]
Event: 1.048 Thread 0x00007f4c2c00f800 Exception <a 'java/lang/NoSuchFieldError': method resolution failed> (0x000000076d8d2348) thrown at [/HUDSON/workspace/8-2-build-linux-amd64/jdk8u51/3951/hotspot/src/share/vm/prims/methodHandles.cpp, line 1125]
Event: 2.560 Thread 0x00007f4c2c00f800 Exception <a 'java/lang/InterruptedException'> (0x000000076f3d51b0) thrown at [/HUDSON/workspace/8-2-build-linux-amd64/jdk8u51/3951/hotspot/src/share/vm/runtime/objectMonitor.cpp, line 1683]
Event: 2.833 Thread 0x00007f4c2c00f800 Exception <a 'java/lang/InterruptedException'> (0x000000076f3e0650) thrown at [/HUDSON/workspace/8-2-build-linux-amd64/jdk8u51/3951/hotspot/src/share/vm/runtime/objectMonitor.cpp, line 1683]

Events (10 events):
Event: 48.387 Thread 0x00007f4c2c738000 DEOPT UNPACKING pc=0x00007f4c1b696633 sp=0x00007f4bf0a67c78 mode 1
Event: 48.387 Thread 0x00007f4c2c738000 DEOPT PACKING pc=0x00007f4c1bd4f36c sp=0x00007f4bf0a67f70
Event: 48.387 Thread 0x00007f4c2c738000 DEOPT UNPACKING pc=0x00007f4c1b696633 sp=0x00007f4bf0a67cc8 mode 1
Event: 48.405 Thread 0x00007f4c2c738000 DEOPT PACKING pc=0x00007f4c1bdad649 sp=0x00007f4bf0a67ee0
Event: 48.406 Thread 0x00007f4c2c738000 DEOPT UNPACKING pc=0x00007f4c1b696633 sp=0x00007f4bf0a67c78 mode 1
Event: 48.406 Thread 0x00007f4c2c738000 DEOPT PACKING pc=0x00007f4c1bd4f36c sp=0x00007f4bf0a67f70
Event: 48.406 Thread 0x00007f4c2c738000 DEOPT UNPACKING pc=0x00007f4c1b696633 sp=0x00007f4bf0a67cc8 mode 1
Event: 48.431 Thread 0x00007f4c2c738000 Uncommon trap: trap_request=0xffffff65 fr.pc=0x00007f4c1be4cef4
Event: 48.431 Thread 0x00007f4c2c738000 DEOPT PACKING pc=0x00007f4c1be4cef4 sp=0x00007f4bf0a68720
Event: 48.431 Thread 0x00007f4c2c738000 DEOPT UNPACKING pc=0x00007f4c1b654229 sp=0x00007f4bf0a686e8 mode 2


Dynamic libraries:
00400000-00401000 r-xp 00000000 08:02 6695910                            /usr/bin/processing-3.0/java/bin/java
00600000-00601000 rw-p 00000000 08:02 6695910                            /usr/bin/processing-3.0/java/bin/java
01734000-01755000 rw-p 00000000 00:00 0                                  [heap]
6c7200000-6d1900000 rw-p 00000000 00:00 0 
6d1900000-76d100000 ---p 00000000 00:00 0 
76d100000-789000000 rw-p 00000000 00:00 0 
789000000-7c0000000 ---p 00000000 00:00 0 
7c0000000-7c01a0000 rw-p 00000000 00:00 0 
7c01a0000-800000000 ---p 00000000 00:00 0 
7f4b8bfff000-7f4b90000000 r--s 00000000 00:16 18791                      /run/shm/pulse-shm-3302753902
7f4b90000000-7f4b90021000 rw-p 00000000 00:00 0 
7f4b90021000-7f4b94000000 ---p 00000000 00:00 0 
7f4b94000000-7f4b9428c000 rw-p 00000000 00:00 0 
7f4b9428c000-7f4b98000000 ---p 00000000 00:00 0 
7f4b98000000-7f4b98021000 rw-p 00000000 00:00 0 
7f4b98021000-7f4b9c000000 ---p 00000000 00:00 0 
7f4b9e8e8000-7f4b9e8e9000 ---p 00000000 00:00 0 
7f4b9e8e9000-7f4b9f0e9000 rw-p 00000000 00:00 0 
7f4b9f0e9000-7f4b9f0ea000 ---p 00000000 00:00 0 
7f4b9f0ea000-7f4b9f8ea000 rw-p 00000000 00:00 0                          [stack:6755]
7f4b9f8ea000-7f4ba38eb000 rw-s 00000000 00:16 108215                     /run/shm/pulse-shm-2820204095
7f4ba38eb000-7f4ba38f1000 r-xp 00000000 08:02 6947199                    /usr/lib/x86_64-linux-gnu/alsa-lib/libasound_module_pcm_pulse.so
7f4ba38f1000-7f4ba3af0000 ---p 00006000 08:02 6947199                    /usr/lib/x86_64-linux-gnu/alsa-lib/libasound_module_pcm_pulse.so
7f4ba3af0000-7f4ba3af1000 r--p 00005000 08:02 6947199                    /usr/lib/x86_64-linux-gnu/alsa-lib/libasound_module_pcm_pulse.so
7f4ba3af1000-7f4ba3af2000 rw-p 00006000 08:02 6947199                    /usr/lib/x86_64-linux-gnu/alsa-lib/libasound_module_pcm_pulse.so
7f4ba3af2000-7f4ba3b09000 r-xp 00000000 08:02 13635816                   /lib/x86_64-linux-gnu/libresolv-2.19.so
7f4ba3b09000-7f4ba3d09000 ---p 00017000 08:02 13635816                   /lib/x86_64-linux-gnu/libresolv-2.19.so
7f4ba3d09000-7f4ba3d0a000 r--p 00017000 08:02 13635816                   /lib/x86_64-linux-gnu/libresolv-2.19.so
7f4ba3d0a000-7f4ba3d0b000 rw-p 00018000 08:02 13635816                   /lib/x86_64-linux-gnu/libresolv-2.19.so
7f4ba3d0b000-7f4ba3d0d000 rw-p 00000000 00:00 0 
7f4ba3d0d000-7f4ba3d14000 r-xp 00000000 08:02 6562227                    /usr/lib/x86_64-linux-gnu/libogg.so.0.8.1
7f4ba3d14000-7f4ba3f14000 ---p 00007000 08:02 6562227                    /usr/lib/x86_64-linux-gnu/libogg.so.0.8.1
7f4ba3f14000-7f4ba3f15000 r--p 00007000 08:02 6562227                    /usr/lib/x86_64-linux-gnu/libogg.so.0.8.1
7f4ba3f15000-7f4ba3f16000 rw-p 00008000 08:02 6562227                    /usr/lib/x86_64-linux-gnu/libogg.so.0.8.1
7f4ba3f16000-7f4ba3f42000 r-xp 00000000 08:02 6562501                    /usr/lib/x86_64-linux-gnu/libvorbis.so.0.4.5
7f4ba3f42000-7f4ba4141000 ---p 0002c000 08:02 6562501                    /usr/lib/x86_64-linux-gnu/libvorbis.so.0.4.5
7f4ba4141000-7f4ba4142000 r--p 0002b000 08:02 6562501                    /usr/lib/x86_64-linux-gnu/libvorbis.so.0.4.5
7f4ba4142000-7f4ba4143000 rw-p 0002c000 08:02 6562501                    /usr/lib/x86_64-linux-gnu/libvorbis.so.0.4.5
7f4ba4143000-7f4ba43f6000 r-xp 00000000 08:02 6562503                    /usr/lib/x86_64-linux-gnu/libvorbisenc.so.2.0.8
7f4ba43f6000-7f4ba45f5000 ---p 002b3000 08:02 6562503                    /usr/lib/x86_64-linux-gnu/libvorbisenc.so.2.0.8
7f4ba45f5000-7f4ba4611000 r--p 002b2000 08:02 6562503                    /usr/lib/x86_64-linux-gnu/libvorbisenc.so.2.0.8
7f4ba4611000-7f4ba4612000 rw-p 002ce000 08:02 6562503                    /usr/lib/x86_64-linux-gnu/libvorbisenc.so.2.0.8
7f4ba4612000-7f4ba4642000 r-xp 00000000 08:02 6561366                    /usr/lib/x86_64-linux-gnu/libFLAC.so.8.3.0
7f4ba4642000-7f4ba4841000 ---p 00030000 08:02 6561366                    /usr/lib/x86_64-linux-gnu/libFLAC.so.8.3.0
7f4ba4841000-7f4ba4842000 r--p 0002f000 08:02 6561366                    /usr/lib/x86_64-linux-gnu/libFLAC.so.8.3.0
7f4ba4842000-7f4ba4843000 rw-p 00030000 08:02 6561366                    /usr/lib/x86_64-linux-gnu/libFLAC.so.8.3.0
7f4ba4843000-7f4ba4848000 r-xp 00000000 08:02 6561598                    /usr/lib/x86_64-linux-gnu/libasyncns.so.0.3.1
7f4ba4848000-7f4ba4a47000 ---p 00005000 08:02 6561598                    /usr/lib/x86_64-linux-gnu/libasyncns.so.0.3.1
7f4ba4a47000-7f4ba4a48000 r--p 00004000 08:02 6561598                    /usr/lib/x86_64-linux-gnu/libasyncns.so.0.3.1
7f4ba4a48000-7f4ba4a49000 rw-p 00005000 08:02 6561598                    /usr/lib/x86_64-linux-gnu/libasyncns.so.0.3.1
7f4ba4a49000-7f4ba4aaa000 r-xp 00000000 08:02 6562384                    /usr/lib/x86_64-linux-gnu/libsndfile.so.1.0.25
7f4ba4aaa000-7f4ba4caa000 ---p 00061000 08:02 6562384                    /usr/lib/x86_64-linux-gnu/libsndfile.so.1.0.25
7f4ba4caa000-7f4ba4cac000 r--p 00061000 08:02 6562384                    /usr/lib/x86_64-linux-gnu/libsndfile.so.1.0.25
7f4ba4cac000-7f4ba4cad000 rw-p 00063000 08:02 6562384                    /usr/lib/x86_64-linux-gnu/libsndfile.so.1.0.25
7f4ba4cad000-7f4ba4cb1000 rw-p 00000000 00:00 0 
7f4ba4cb1000-7f4ba4cb9000 r-xp 00000000 08:02 13635850                   /lib/x86_64-linux-gnu/libwrap.so.0.7.6
7f4ba4cb9000-7f4ba4eb8000 ---p 00008000 08:02 13635850                   /lib/x86_64-linux-gnu/libwrap.so.0.7.6
7f4ba4eb8000-7f4ba4eb9000 r--p 00007000 08:02 13635850                   /lib/x86_64-linux-gnu/libwrap.so.0.7.6
7f4ba4eb9000-7f4ba4eba000 rw-p 00008000 08:02 13635850                   /lib/x86_64-linux-gnu/libwrap.so.0.7.6
7f4ba4eba000-7f4ba4ebb000 rw-p 00000000 00:00 0 
7f4ba4ebb000-7f4ba4f21000 r-xp 00000000 08:02 6948471                    /usr/lib/x86_64-linux-gnu/pulseaudio/libpulsecommon-4.0.so
7f4ba4f21000-7f4ba5120000 ---p 00066000 08:02 6948471                    /usr/lib/x86_64-linux-gnu/pulseaudio/libpulsecommon-4.0.so
7f4ba5120000-7f4ba5121000 r--p 00065000 08:02 6948471                    /usr/lib/x86_64-linux-gnu/pulseaudio/libpulsecommon-4.0.so
7f4ba5121000-7f4ba5122000 rw-p 00066000 08:02 6948471                    /usr/lib/x86_64-linux-gnu/pulseaudio/libpulsecommon-4.0.so
7f4ba5122000-7f4ba512c000 r-xp 00000000 08:02 13635730                   /lib/x86_64-linux-gnu/libjson-c.so.2.0.0
7f4ba512c000-7f4ba532b000 ---p 0000a000 08:02 13635730                   /lib/x86_64-linux-gnu/libjson-c.so.2.0.0
7f4ba532b000-7f4ba532c000 r--p 00009000 08:02 13635730                   /lib/x86_64-linux-gnu/libjson-c.so.2.0.0
7f4ba532c000-7f4ba532d000 rw-p 0000a000 08:02 13635730                   /lib/x86_64-linux-gnu/libjson-c.so.2.0.0
7f4ba532d000-7f4ba5374000 r-xp 00000000 08:02 6562296                    /usr/lib/x86_64-linux-gnu/libpulse.so.0.16.2
7f4ba5374000-7f4ba5574000 ---p 00047000 08:02 6562296                    /usr/lib/x86_64-linux-gnu/libpulse.so.0.16.2
7f4ba5574000-7f4ba5575000 r--p 00047000 08:02 6562296                    /usr/lib/x86_64-linux-gnu/libpulse.so.0.16.2
7f4ba5575000-7f4ba5576000 rw-p 00048000 08:02 6562296                    /usr/lib/x86_64-linux-gnu/libpulse.so.0.16.2
7f4ba5576000-7f4ba5579000 ---p 00000000 00:00 0 
7f4ba5579000-7f4ba5677000 rw-p 00000000 00:00 0                          [stack:6759]
7f4ba5677000-7f4ba567a000 ---p 00000000 00:00 0 
7f4ba567a000-7f4ba5778000 rw-p 00000000 00:00 0                          [stack:6754]
7f4ba5778000-7f4ba5861000 r-xp 00000000 08:02 6561590                    /usr/lib/x86_64-linux-gnu/libasound.so.2.0.0
7f4ba5861000-7f4ba5a60000 ---p 000e9000 08:02 6561590                    /usr/lib/x86_64-linux-gnu/libasound.so.2.0.0
7f4ba5a60000-7f4ba5a67000 r--p 000e8000 08:02 6561590                    /usr/lib/x86_64-linux-gnu/libasound.so.2.0.0
7f4ba5a67000-7f4ba5a68000 rw-p 000ef000 08:02 6561590                    /usr/lib/x86_64-linux-gnu/libasound.so.2.0.0
7f4ba5a68000-7f4ba5a77000 r-xp 00000000 08:02 8012164                    /usr/bin/processing-3.0/java/lib/amd64/libjsoundalsa.so
7f4ba5a77000-7f4ba5c76000 ---p 0000f000 08:02 8012164                    /usr/bin/processing-3.0/java/lib/amd64/libjsoundalsa.so
7f4ba5c76000-7f4ba5c77000 rw-p 0000e000 08:02 8012164                    /usr/bin/processing-3.0/java/lib/amd64/libjsoundalsa.so
7f4ba5c77000-7f4ba5c78000 r-xp 00000000 08:02 8012181                    /usr/bin/processing-3.0/java/lib/amd64/libjsound.so
7f4ba5c78000-7f4ba5e77000 ---p 00001000 08:02 8012181                    /usr/bin/processing-3.0/java/lib/amd64/libjsound.so
7f4ba5e77000-7f4ba5e78000 rw-p 00000000 08:02 8012181                    /usr/bin/processing-3.0/java/lib/amd64/libjsound.so
7f4ba5e78000-7f4ba6078000 rw-p 00000000 00:00 0 
7f4ba6078000-7f4ba60bc000 r-xp 00000000 08:02 13635704                   /lib/x86_64-linux-gnu/libdbus-1.so.3.7.6
7f4ba60bc000-7f4ba62bb000 ---p 00044000 08:02 13635704                   /lib/x86_64-linux-gnu/libdbus-1.so.3.7.6
7f4ba62bb000-7f4ba62bc000 r--p 00043000 08:02 13635704                   /lib/x86_64-linux-gnu/libdbus-1.so.3.7.6
7f4ba62bc000-7f4ba62bd000 rw-p 00044000 08:02 13635704                   /lib/x86_64-linux-gnu/libdbus-1.so.3.7.6
7f4ba62bd000-7f4ba62c5000 r-xp 00000000 08:02 13635752                   /lib/x86_64-linux-gnu/libnih-dbus.so.1.0.0
7f4ba62c5000-7f4ba64c5000 ---p 00008000 08:02 13635752                   /lib/x86_64-linux-gnu/libnih-dbus.so.1.0.0
7f4ba64c5000-7f4ba64c6000 r--p 00008000 08:02 13635752                   /lib/x86_64-linux-gnu/libnih-dbus.so.1.0.0
7f4ba64c6000-7f4ba64c7000 rw-p 00009000 08:02 13635752                   /lib/x86_64-linux-gnu/libnih-dbus.so.1.0.0
7f4ba64c7000-7f4ba64de000 r-xp 00000000 08:02 13635754                   /lib/x86_64-linux-gnu/libnih.so.1.0.0
7f4ba64de000-7f4ba66dd000 ---p 00017000 08:02 13635754                   /lib/x86_64-linux-gnu/libnih.so.1.0.0
7f4ba66dd000-7f4ba66de000 r--p 00016000 08:02 13635754                   /lib/x86_64-linux-gnu/libnih.so.1.0.0
7f4ba66de000-7f4ba66df000 rw-p 00017000 08:02 13635754                   /lib/x86_64-linux-gnu/libnih.so.1.0.0
7f4ba66df000-7f4ba66f8000 r-xp 00000000 08:02 13635695                   /lib/x86_64-linux-gnu/libcgmanager.so.0.0.0
7f4ba66f8000-7f4ba68f7000 ---p 00019000 08:02 13635695                   /lib/x86_64-linux-gnu/libcgmanager.so.0.0.0
7f4ba68f7000-7f4ba68f9000 r--p 00018000 08:02 13635695                   /lib/x86_64-linux-gnu/libcgmanager.so.0.0.0
7f4ba68f9000-7f4ba68fa000 rw-p 0001a000 08:02 13635695                   /lib/x86_64-linux-gnu/libcgmanager.so.0.0.0
7f4ba68fa000-7f4ba690a000 r-xp 00000000 08:02 13635838                   /lib/x86_64-linux-gnu/libudev.so.1.3.5
7f4ba690a000-7f4ba6b09000 ---p 00010000 08:02 13635838                   /lib/x86_64-linux-gnu/libudev.so.1.3.5
7f4ba6b09000-7f4ba6b0a000 r--p 0000f000 08:02 13635838                   /lib/x86_64-linux-gnu/libudev.so.1.3.5
7f4ba6b0a000-7f4ba6b0b000 rw-p 00010000 08:02 13635838                   /lib/x86_64-linux-gnu/libudev.so.1.3.5
7f4ba6b0b000-7f4ba6b42000 r-xp 00000000 08:02 6562454                    /usr/lib/x86_64-linux-gnu/libtxc_dxtn_s2tc.so.0.0.0
7f4ba6b42000-7f4ba6d41000 ---p 00037000 08:02 6562454                    /usr/lib/x86_64-linux-gnu/libtxc_dxtn_s2tc.so.0.0.0
7f4ba6d41000-7f4ba6d42000 r--p 00036000 08:02 6562454                    /usr/lib/x86_64-linux-gnu/libtxc_dxtn_s2tc.so.0.0.0
7f4ba6d42000-7f4ba6d43000 rw-p 00037000 08:02 6562454                    /usr/lib/x86_64-linux-gnu/libtxc_dxtn_s2tc.so.0.0.0
7f4ba6d43000-7f4ba6d5b000 r-xp 00000000 08:02 13635853                   /lib/x86_64-linux-gnu/libz.so.1.2.8
7f4ba6d5b000-7f4ba6f5a000 ---p 00018000 08:02 13635853                   /lib/x86_64-linux-gnu/libz.so.1.2.8
7f4ba6f5a000-7f4ba6f5b000 r--p 00017000 08:02 13635853                   /lib/x86_64-linux-gnu/libz.so.1.2.8
7f4ba6f5b000-7f4ba6f5c000 rw-p 00018000 08:02 13635853                   /lib/x86_64-linux-gnu/libz.so.1.2.8
7f4ba6f5c000-7f4ba6f64000 r-xp 00000000 08:02 6562259                    /usr/lib/x86_64-linux-gnu/libpciaccess.so.0.11.1
7f4ba6f64000-7f4ba7163000 ---p 00008000 08:02 6562259                    /usr/lib/x86_64-linux-gnu/libpciaccess.so.0.11.1
7f4ba7163000-7f4ba7164000 r--p 00007000 08:02 6562259                    /usr/lib/x86_64-linux-gnu/libpciaccess.so.0.11.1
7f4ba7164000-7f4ba7165000 rw-p 00008000 08:02 6562259                    /usr/lib/x86_64-linux-gnu/libpciaccess.so.0.11.1
7f4ba7165000-7f4ba724b000 r-xp 00000000 08:02 6562412                    /usr/lib/x86_64-linux-gnu/libstdc++.so.6.0.19
7f4ba724b000-7f4ba744a000 ---p 000e6000 08:02 6562412                    /usr/lib/x86_64-linux-gnu/libstdc++.so.6.0.19
7f4ba744a000-7f4ba7452000 r--p 000e5000 08:02 6562412                    /usr/lib/x86_64-linux-gnu/libstdc++.so.6.0.19
7f4ba7452000-7f4ba7454000 rw-p 000ed000 08:02 6562412                    /usr/lib/x86_64-linux-gnu/libstdc++.so.6.0.19
7f4ba7454000-7f4ba7469000 rw-p 00000000 00:00 0 
7f4ba7469000-7f4ba7475000 r-xp 00000000 08:02 6561756                    /usr/lib/x86_64-linux-gnu/libdrm_radeon.so.1.0.1
7f4ba7475000-7f4ba7674000 ---p 0000c000 08:02 6561756                    /usr/lib/x86_64-linux-gnu/libdrm_radeon.so.1.0.1
7f4ba7674000-7f4ba7675000 r--p 0000b000 08:02 6561756                    /usr/lib/x86_64-linux-gnu/libdrm_radeon.so.1.0.1
7f4ba7675000-7f4ba7676000 rw-p 0000c000 08:02 6561756                    /usr/lib/x86_64-linux-gnu/libdrm_radeon.so.1.0.1
7f4ba7676000-7f4ba767c000 r-xp 00000000 08:02 6561754                    /usr/lib/x86_64-linux-gnu/libdrm_nouveau.so.2.0.0
7f4ba767c000-7f4ba787b000 ---p 00006000 08:02 6561754                    /usr/lib/x86_64-linux-gnu/libdrm_nouveau.so.2.0.0
7f4ba787b000-7f4ba787c000 r--p 00005000 08:02 6561754                    /usr/lib/x86_64-linux-gnu/libdrm_nouveau.so.2.0.0
7f4ba787c000-7f4ba787d000 rw-p 00006000 08:02 6561754                    /usr/lib/x86_64-linux-gnu/libdrm_nouveau.so.2.0.0
7f4ba787d000-7f4ba7dd1000 r-xp 00000000 08:02 6947244                    /usr/lib/x86_64-linux-gnu/dri/i965_dri.so
7f4ba7dd1000-7f4ba7fd1000 ---p 00554000 08:02 6947244                    /usr/lib/x86_64-linux-gnu/dri/i965_dri.so
7f4ba7fd1000-7f4ba7ff2000 r--p 00554000 08:02 6947244                    /usr/lib/x86_64-linux-gnu/dri/i965_dri.so
7f4ba7ff2000-7f4ba7ff9000 rw-p 00575000 08:02 6947244                    /usr/lib/x86_64-linux-gnu/dri/i965_dri.so
7f4ba7ff9000-7f4ba8000000 rw-p 00000000 00:00 0 
7f4ba8000000-7f4baadec000 rw-p 00000000 00:00 0 
7f4baadec000-7f4bac000000 ---p 00000000 00:00 0 
7f4bac000000-7f4baf096000 rw-p 00000000 00:00 0 
7f4baf096000-7f4bb0000000 ---p 00000000 00:00 0 
7f4bb0000000-7f4bb074c000 rw-p 00000000 00:00 0 
7f4bb074c000-7f4bb4000000 ---p 00000000 00:00 0 
7f4bb4000000-7f4bb4021000 rw-p 00000000 00:00 0 
7f4bb4021000-7f4bb8000000 ---p 00000000 00:00 0 
7f4bb80d0000-7f4bb80d8000 rw-s 00000000 00:05 110816                     /drm mm object (deleted)
7f4bb80d8000-7f4bb8178000 rw-s 1d3de7000 00:06 10208                     /dev/dri/card0
7f4bb8178000-7f4bb8198000 r-xp 00000000 08:02 6561752                    /usr/lib/x86_64-linux-gnu/libdrm_intel.so.1.0.0
7f4bb8198000-7f4bb8397000 ---p 00020000 08:02 6561752                    /usr/lib/x86_64-linux-gnu/libdrm_intel.so.1.0.0
7f4bb8397000-7f4bb8398000 r--p 0001f000 08:02 6561752                    /usr/lib/x86_64-linux-gnu/libdrm_intel.so.1.0.0
7f4bb8398000-7f4bb8399000 rw-p 00020000 08:02 6561752                    /usr/lib/x86_64-linux-gnu/libdrm_intel.so.1.0.0
7f4bb8399000-7f4bb839c000 ---p 00000000 00:00 0 
7f4bb839c000-7f4bb849a000 rw-p 00000000 00:00 0                          [stack:6739]
7f4bb849a000-7f4bb84f3000 r-xp 00000000 08:02 4461996                    /tmp/jogamp_0000/file_cache/jln5330941288431577881/jln6738077040880005182/libjogl_mobile.so
7f4bb84f3000-7f4bb86f3000 ---p 00059000 08:02 4461996                    /tmp/jogamp_0000/file_cache/jln5330941288431577881/jln6738077040880005182/libjogl_mobile.so
7f4bb86f3000-7f4bb86f4000 rw-p 00059000 08:02 4461996                    /tmp/jogamp_0000/file_cache/jln5330941288431577881/jln6738077040880005182/libjogl_mobile.so
7f4bb86f4000-7f4bb86fb000 r-xp 00000000 08:02 6561790                    /usr/lib/x86_64-linux-gnu/libffi.so.6.0.1
7f4bb86fb000-7f4bb88fa000 ---p 00007000 08:02 6561790                    /usr/lib/x86_64-linux-gnu/libffi.so.6.0.1
7f4bb88fa000-7f4bb88fb000 r--p 00006000 08:02 6561790                    /usr/lib/x86_64-linux-gnu/libffi.so.6.0.1
7f4bb88fb000-7f4bb88fc000 rw-p 00007000 08:02 6561790                    /usr/lib/x86_64-linux-gnu/libffi.so.6.0.1
7f4bb88fc000-7f4bb8908000 r-xp 00000000 08:02 6561843                    /usr/lib/x86_64-linux-gnu/libgbm.so.1.0.0
7f4bb8908000-7f4bb8b08000 ---p 0000c000 08:02 6561843                    /usr/lib/x86_64-linux-gnu/libgbm.so.1.0.0
7f4bb8b08000-7f4bb8b09000 r--p 0000c000 08:02 6561843                    /usr/lib/x86_64-linux-gnu/libgbm.so.1.0.0
7f4bb8b09000-7f4bb8b0a000 rw-p 0000d000 08:02 6561843                    /usr/lib/x86_64-linux-gnu/libgbm.so.1.0.0
7f4bb8b0a000-7f4bb8b19000 r-xp 00000000 08:02 6562520                    /usr/lib/x86_64-linux-gnu/libwayland-server.so.0.1.0
7f4bb8b19000-7f4bb8d18000 ---p 0000f000 08:02 6562520                    /usr/lib/x86_64-linux-gnu/libwayland-server.so.0.1.0
7f4bb8d18000-7f4bb8d1a000 r--p 0000e000 08:02 6562520                    /usr/lib/x86_64-linux-gnu/libwayland-server.so.0.1.0
7f4bb8d1a000-7f4bb8d1b000 rw-p 00010000 08:02 6562520                    /usr/lib/x86_64-linux-gnu/libwayland-server.so.0.1.0
7f4bb8d1b000-7f4bb8d26000 r-xp 00000000 08:02 6562514                    /usr/lib/x86_64-linux-gnu/libwayland-client.so.0.2.0
7f4bb8d26000-7f4bb8f25000 ---p 0000b000 08:02 6562514                    /usr/lib/x86_64-linux-gnu/libwayland-client.so.0.2.0
7f4bb8f25000-7f4bb8f27000 r--p 0000a000 08:02 6562514                    /usr/lib/x86_64-linux-gnu/libwayland-client.so.0.2.0
7f4bb8f27000-7f4bb8f28000 rw-p 0000c000 08:02 6562514                    /usr/lib/x86_64-linux-gnu/libwayland-client.so.0.2.0
7f4bb8f28000-7f4bb8f2d000 r-xp 00000000 08:02 6562570                    /usr/lib/x86_64-linux-gnu/libxcb-xfixes.so.0.0.0
7f4bb8f2d000-7f4bb912d000 ---p 00005000 08:02 6562570                    /usr/lib/x86_64-linux-gnu/libxcb-xfixes.so.0.0.0
7f4bb912d000-7f4bb912e000 r--p 00005000 08:02 6562570                    /usr/lib/x86_64-linux-gnu/libxcb-xfixes.so.0.0.0
7f4bb912e000-7f4bb912f000 rw-p 00006000 08:02 6562570                    /usr/lib/x86_64-linux-gnu/libxcb-xfixes.so.0.0.0
7f4bb912f000-7f4bb9156000 r-xp 00000000 08:02 6948353                    /usr/lib/x86_64-linux-gnu/mesa-egl/libEGL.so.1.0.0
7f4bb9156000-7f4bb9356000 ---p 00027000 08:02 6948353                    /usr/lib/x86_64-linux-gnu/mesa-egl/libEGL.so.1.0.0
7f4bb9356000-7f4bb9357000 r--p 00027000 08:02 6948353                    /usr/lib/x86_64-linux-gnu/mesa-egl/libEGL.so.1.0.0
7f4bb9357000-7f4bb9358000 rw-p 00028000 08:02 6948353                    /usr/lib/x86_64-linux-gnu/mesa-egl/libEGL.so.1.0.0
7f4bb9358000-7f4bb9359000 rw-p 00000000 00:00 0 
7f4bb9359000-7f4bb935f000 r-xp 00000000 08:02 6948357                    /usr/lib/x86_64-linux-gnu/mesa-egl/libGLESv2.so.2.0.0
7f4bb935f000-7f4bb955e000 ---p 00006000 08:02 6948357                    /usr/lib/x86_64-linux-gnu/mesa-egl/libGLESv2.so.2.0.0
7f4bb955e000-7f4bb955f000 r--p 00005000 08:02 6948357                    /usr/lib/x86_64-linux-gnu/mesa-egl/libGLESv2.so.2.0.0
7f4bb955f000-7f4bb9560000 rw-p 00006000 08:02 6948357                    /usr/lib/x86_64-linux-gnu/mesa-egl/libGLESv2.so.2.0.0
7f4bb9560000-7f4bb9563000 ---p 00000000 00:00 0 
7f4bb9563000-7f4bb9661000 rw-p 00000000 00:00 0                          [stack:6738]
7f4bb9661000-7f4bb9714000 r-xp 00000000 08:02 4461995                    /tmp/jogamp_0000/file_cache/jln5330941288431577881/jln6738077040880005182/libjogl_desktop.so
7f4bb9714000-7f4bb9914000 ---p 000b3000 08:02 4461995                    /tmp/jogamp_0000/file_cache/jln5330941288431577881/jln6738077040880005182/libjogl_desktop.so
7f4bb9914000-7f4bb9915000 rw-p 000b3000 08:02 4461995                    /tmp/jogamp_0000/file_cache/jln5330941288431577881/jln6738077040880005182/libjogl_desktop.so
7f4bb9915000-7f4bb9920000 r-xp 00000000 08:02 6561750                    /usr/lib/x86_64-linux-gnu/libdrm.so.2.4.0
7f4bb9920000-7f4bb9b1f000 ---p 0000b000 08:02 6561750                    /usr/lib/x86_64-linux-gnu/libdrm.so.2.4.0
7f4bb9b1f000-7f4bb9b20000 r--p 0000a000 08:02 6561750                    /usr/lib/x86_64-linux-gnu/libdrm.so.2.4.0
7f4bb9b20000-7f4bb9b21000 rw-p 0000b000 08:02 6561750                    /usr/lib/x86_64-linux-gnu/libdrm.so.2.4.0
7f4bb9b21000-7f4bb9b22000 r-xp 00000000 08:02 6562584                    /usr/lib/x86_64-linux-gnu/libxshmfence.so.1.0.0
7f4bb9b22000-7f4bb9d21000 ---p 00001000 08:02 6562584                    /usr/lib/x86_64-linux-gnu/libxshmfence.so.1.0.0
7f4bb9d21000-7f4bb9d22000 r--p 00000000 08:02 6562584                    /usr/lib/x86_64-linux-gnu/libxshmfence.so.1.0.0
7f4bb9d22000-7f4bb9d23000 rw-p 00001000 08:02 6562584                    /usr/lib/x86_64-linux-gnu/libxshmfence.so.1.0.0
7f4bb9d23000-7f4bb9d28000 r-xp 00000000 08:02 6562566                    /usr/lib/x86_64-linux-gnu/libxcb-sync.so.1.0.0
7f4bb9d28000-7f4bb9f27000 ---p 00005000 08:02 6562566                    /usr/lib/x86_64-linux-gnu/libxcb-sync.so.1.0.0
7f4bb9f27000-7f4bb9f28000 r--p 00004000 08:02 6562566                    /usr/lib/x86_64-linux-gnu/libxcb-sync.so.1.0.0
7f4bb9f28000-7f4bb9f29000 rw-p 00005000 08:02 6562566                    /usr/lib/x86_64-linux-gnu/libxcb-sync.so.1.0.0
7f4bb9f29000-7f4bb9f2b000 r-xp 00000000 08:02 6562554                    /usr/lib/x86_64-linux-gnu/libxcb-present.so.0.0.0
7f4bb9f2b000-7f4bba12a000 ---p 00002000 08:02 6562554                    /usr/lib/x86_64-linux-gnu/libxcb-present.so.0.0.0
7f4bba12a000-7f4bba12b000 r--p 00001000 08:02 6562554                    /usr/lib/x86_64-linux-gnu/libxcb-present.so.0.0.0
7f4bba12b000-7f4bba12c000 rw-p 00002000 08:02 6562554                    /usr/lib/x86_64-linux-gnu/libxcb-present.so.0.0.0
7f4bba12c000-7f4bba12e000 r-xp 00000000 08:02 6562544                    /usr/lib/x86_64-linux-gnu/libxcb-dri3.so.0.0.0
7f4bba12e000-7f4bba32d000 ---p 00002000 08:02 6562544                    /usr/lib/x86_64-linux-gnu/libxcb-dri3.so.0.0.0
7f4bba32d000-7f4bba32e000 r--p 00001000 08:02 6562544                    /usr/lib/x86_64-linux-gnu/libxcb-dri3.so.0.0.0
7f4bba32e000-7f4bba32f000 rw-p 00002000 08:02 6562544                    /usr/lib/x86_64-linux-gnu/libxcb-dri3.so.0.0.0
7f4bba32f000-7f4bba332000 r-xp 00000000 08:02 6562542                    /usr/lib/x86_64-linux-gnu/libxcb-dri2.so.0.0.0
7f4bba332000-7f4bba532000 ---p 00003000 08:02 6562542                    /usr/lib/x86_64-linux-gnu/libxcb-dri2.so.0.0.0
7f4bba532000-7f4bba533000 r--p 00003000 08:02 6562542                    /usr/lib/x86_64-linux-gnu/libxcb-dri2.so.0.0.0
7f4bba533000-7f4bba534000 rw-p 00004000 08:02 6562542                    /usr/lib/x86_64-linux-gnu/libxcb-dri2.so.0.0.0
7f4bba534000-7f4bba549000 r-xp 00000000 08:02 6562546                    /usr/lib/x86_64-linux-gnu/libxcb-glx.so.0.0.0
7f4bba549000-7f4bba748000 ---p 00015000 08:02 6562546                    /usr/lib/x86_64-linux-gnu/libxcb-glx.so.0.0.0
7f4bba748000-7f4bba74a000 r--p 00014000 08:02 6562546                    /usr/lib/x86_64-linux-gnu/libxcb-glx.so.0.0.0
7f4bba74a000-7f4bba74b000 rw-p 00016000 08:02 6562546                    /usr/lib/x86_64-linux-gnu/libxcb-glx.so.0.0.0
7f4bba74b000-7f4bba74c000 r-xp 00000000 08:02 6561502                    /usr/lib/x86_64-linux-gnu/libX11-xcb.so.1.0.0
7f4bba74c000-7f4bba94b000 ---p 00001000 08:02 6561502                    /usr/lib/x86_64-linux-gnu/libX11-xcb.so.1.0.0
7f4bba94b000-7f4bba94c000 r--p 00000000 08:02 6561502                    /usr/lib/x86_64-linux-gnu/libX11-xcb.so.1.0.0
7f4bba94c000-7f4bba94d000 rw-p 00001000 08:02 6561502                    /usr/lib/x86_64-linux-gnu/libX11-xcb.so.1.0.0
7f4bba94d000-7f4bba94f000 r-xp 00000000 08:02 6561517                    /usr/lib/x86_64-linux-gnu/libXdamage.so.1.1.0
7f4bba94f000-7f4bbab4e000 ---p 00002000 08:02 6561517                    /usr/lib/x86_64-linux-gnu/libXdamage.so.1.1.0
7f4bbab4e000-7f4bbab4f000 r--p 00001000 08:02 6561517                    /usr/lib/x86_64-linux-gnu/libXdamage.so.1.1.0
7f4bbab4f000-7f4bbab50000 rw-p 00002000 08:02 6561517                    /usr/lib/x86_64-linux-gnu/libXdamage.so.1.1.0
7f4bbab50000-7f4bbab75000 r-xp 00000000 08:02 6561895                    /usr/lib/x86_64-linux-gnu/libglapi.so.0.0.0
7f4bbab75000-7f4bbad75000 ---p 00025000 08:02 6561895                    /usr/lib/x86_64-linux-gnu/libglapi.so.0.0.0
7f4bbad75000-7f4bbad78000 r--p 00025000 08:02 6561895                    /usr/lib/x86_64-linux-gnu/libglapi.so.0.0.0
7f4bbad78000-7f4bbad79000 rw-p 00028000 08:02 6561895                    /usr/lib/x86_64-linux-gnu/libglapi.so.0.0.0
7f4bbad79000-7f4bbad7a000 rw-p 00000000 00:00 0 
7f4bbad7a000-7f4bbada1000 r-xp 00000000 08:02 13637323                   /lib/x86_64-linux-gnu/libexpat.so.1.6.0
7f4bbada1000-7f4bbafa1000 ---p 00027000 08:02 13637323                   /lib/x86_64-linux-gnu/libexpat.so.1.6.0
7f4bbafa1000-7f4bbafa3000 r--p 00027000 08:02 13637323                   /lib/x86_64-linux-gnu/libexpat.so.1.6.0
7f4bbafa3000-7f4bbafa4000 rw-p 00029000 08:02 13637323                   /lib/x86_64-linux-gnu/libexpat.so.1.6.0
7f4bbafa4000-7f4bbb032000 r-xp 00000000 08:02 6948350                    /usr/lib/x86_64-linux-gnu/mesa/libGL.so.1.2.0
7f4bbb032000-7f4bbb231000 ---p 0008e000 08:02 6948350                    /usr/lib/x86_64-linux-gnu/mesa/libGL.so.1.2.0
7f4bbb231000-7f4bbb234000 r--p 0008d000 08:02 6948350                    /usr/lib/x86_64-linux-gnu/mesa/libGL.so.1.2.0
7f4bbb234000-7f4bbb235000 rw-p 00090000 08:02 6948350                    /usr/lib/x86_64-linux-gnu/mesa/libGL.so.1.2.0
7f4bbb235000-7f4bbb436000 rw-p 00000000 00:00 0 
7f4bbb436000-7f4bbb438000 r-xp 00000000 08:02 6561531                    /usr/lib/x86_64-linux-gnu/libXinerama.so.1.0.0
7f4bbb438000-7f4bbb637000 ---p 00002000 08:02 6561531                    /usr/lib/x86_64-linux-gnu/libXinerama.so.1.0.0
7f4bbb637000-7f4bbb638000 r--p 00001000 08:02 6561531                    /usr/lib/x86_64-linux-gnu/libXinerama.so.1.0.0
7f4bbb638000-7f4bbb639000 rw-p 00002000 08:02 6561531                    /usr/lib/x86_64-linux-gnu/libXinerama.so.1.0.0
7f4bbb639000-7f4bbb63c000 ---p 00000000 00:00 0 
7f4bbb63c000-7f4bbbbea000 rw-p 00000000 00:00 0                          [stack:6737]
7f4bbbbea000-7f4bbbbf9000 r-xp 00000000 08:02 4461999                    /tmp/jogamp_0000/file_cache/jln5330941288431577881/jln6738077040880005182/libnewt.so
7f4bbbbf9000-7f4bbbdf8000 ---p 0000f000 08:02 4461999                    /tmp/jogamp_0000/file_cache/jln5330941288431577881/jln6738077040880005182/libnewt.so
7f4bbbdf8000-7f4bbbdf9000 rw-p 0000e000 08:02 4461999                    /tmp/jogamp_0000/file_cache/jln5330941288431577881/jln6738077040880005182/libnewt.so
7f4bbbdf9000-7f4bbbe00000 r-xp 00000000 08:02 4461998                    /tmp/jogamp_0000/file_cache/jln5330941288431577881/jln6738077040880005182/libnativewindow_x11.so
7f4bbbe00000-7f4bbbfff000 ---p 00007000 08:02 4461998                    /tmp/jogamp_0000/file_cache/jln5330941288431577881/jln6738077040880005182/libnativewindow_x11.so
7f4bbbfff000-7f4bbc000000 rw-p 00006000 08:02 4461998                    /tmp/jogamp_0000/file_cache/jln5330941288431577881/jln6738077040880005182/libnativewindow_x11.so
7f4bbc000000-7f4bbc021000 rw-p 00000000 00:00 0 
7f4bbc021000-7f4bc0000000 ---p 00000000 00:00 0 
7f4bc0000000-7f4bc0679000 rw-p 00000000 00:00 0 
7f4bc0679000-7f4bc4000000 ---p 00000000 00:00 0 
7f4bc4000000-7f4bc4021000 rw-p 00000000 00:00 0 
7f4bc4021000-7f4bc8000000 ---p 00000000 00:00 0 
7f4bc8000000-7f4bc8021000 rw-p 00000000 00:00 0 
7f4bc8021000-7f4bcc000000 ---p 00000000 00:00 0 
7f4bcc000000-7f4bcc021000 rw-p 00000000 00:00 0 
7f4bcc021000-7f4bd0000000 ---p 00000000 00:00 0 
7f4bd0000000-7f4bd0021000 rw-p 00000000 00:00 0 
7f4bd0021000-7f4bd4000000 ---p 00000000 00:00 0 
7f4bd4000000-7f4bd591f000 rw-p 00000000 00:00 0 
7f4bd591f000-7f4bd8000000 ---p 00000000 00:00 0 
7f4bd8000000-7f4bd84d7000 rw-p 00000000 00:00 0 
7f4bd84d7000-7f4bdc000000 ---p 00000000 00:00 0 
7f4bdc000000-7f4bdc021000 rw-p 00000000 00:00 0 
7f4bdc021000-7f4be0000000 ---p 00000000 00:00 0 
7f4be0000000-7f4be0a92000 rw-p 00000000 00:00 0 
7f4be0a92000-7f4be4000000 ---p 00000000 00:00 0 
7f4be4000000-7f4be4021000 rw-p 00000000 00:00 0 
7f4be4021000-7f4be8000000 ---p 00000000 00:00 0 
7f4be8000000-7f4be8021000 rw-p 00000000 00:00 0 
7f4be8021000-7f4bec000000 ---p 00000000 00:00 0 
7f4bec000000-7f4bec021000 rw-p 00000000 00:00 0 
7f4bec021000-7f4bf0000000 ---p 00000000 00:00 0 
7f4bf0001000-7f4bf0002000 rw-p 00000000 00:00 0 
7f4bf0002000-7f4bf0009000 r--s 00000000 08:02 6947811                    /usr/lib/x86_64-linux-gnu/gconv/gconv-modules.cache
7f4bf0009000-7f4bf001c000 r--s 00344000 08:02 6695996                    /usr/bin/processing-3.0/java/lib/resources.jar
7f4bf001c000-7f4bf0024000 rw-s 00000000 00:05 109691                     /drm mm object (deleted)
7f4bf0024000-7f4bf002c000 rw-s 00000000 00:05 108169                     /drm mm object (deleted)
7f4bf002c000-7f4bf0034000 rw-s 00000000 00:05 110732                     /drm mm object (deleted)
7f4bf0034000-7f4bf003c000 rw-s 00000000 00:05 108158                     /drm mm object (deleted)
7f4bf003c000-7f4bf003f000 ---p 00000000 00:00 0 
7f4bf003f000-7f4bf013d000 rw-p 00000000 00:00 0                          [stack:6740]
7f4bf013d000-7f4bf0141000 r-xp 00000000 08:02 6561559                    /usr/lib/x86_64-linux-gnu/libXxf86vm.so.1.0.0
7f4bf0141000-7f4bf0341000 ---p 00004000 08:02 6561559                    /usr/lib/x86_64-linux-gnu/libXxf86vm.so.1.0.0
7f4bf0341000-7f4bf0342000 r--p 00004000 08:02 6561559                    /usr/lib/x86_64-linux-gnu/libXxf86vm.so.1.0.0
7f4bf0342000-7f4bf0343000 rw-p 00005000 08:02 6561559                    /usr/lib/x86_64-linux-gnu/libXxf86vm.so.1.0.0
7f4bf0343000-7f4bf0345000 rw-s 1d3e88000 00:06 10208                     /dev/dri/card0
7f4bf0345000-7f4bf0346000 rw-s 1d3e87000 00:06 10208                     /dev/dri/card0
7f4bf0346000-7f4bf0347000 rw-s 81000000 00:06 94744                      /dev/snd/pcmC2D0p
7f4bf0347000-7f4bf0348000 r--s 80000000 00:06 94744                      /dev/snd/pcmC2D0p
7f4bf0348000-7f4bf0349000 rw-s 1d3de6000 00:06 10208                     /dev/dri/card0
7f4bf0349000-7f4bf034a000 rw-s 1d3de5000 00:06 10208                     /dev/dri/card0
7f4bf034a000-7f4bf034b000 rwxp 00000000 00:00 0 
7f4bf034b000-7f4bf0353000 rw-s 00000000 00:05 108689                     /drm mm object (deleted)
7f4bf0353000-7f4bf035b000 rw-s 00000000 00:05 108729                     /drm mm object (deleted)
7f4bf035b000-7f4bf035c000 rw-s 1d3de4000 00:06 10208                     /dev/dri/card0
7f4bf035c000-7f4bf0364000 rw-s 00000000 00:05 108678                     /drm mm object (deleted)
7f4bf0364000-7f4bf0366000 r-xp 00000000 08:02 4461997                    /tmp/jogamp_0000/file_cache/jln5330941288431577881/jln6738077040880005182/libnativewindow_awt.so
7f4bf0366000-7f4bf0565000 ---p 00002000 08:02 4461997                    /tmp/jogamp_0000/file_cache/jln5330941288431577881/jln6738077040880005182/libnativewindow_awt.so
7f4bf0565000-7f4bf0566000 rw-p 00001000 08:02 4461997                    /tmp/jogamp_0000/file_cache/jln5330941288431577881/jln6738077040880005182/libnativewindow_awt.so
7f4bf0566000-7f4bf0567000 r-xp 00000000 08:02 8012156                    /usr/bin/processing-3.0/java/lib/amd64/libjawt.so
7f4bf0567000-7f4bf0766000 ---p 00001000 08:02 8012156                    /usr/bin/processing-3.0/java/lib/amd64/libjawt.so
7f4bf0766000-7f4bf0767000 rw-p 00000000 08:02 8012156                    /usr/bin/processing-3.0/java/lib/amd64/libjawt.so
7f4bf0767000-7f4bf0769000 r-xp 00000000 08:02 4461994                    /tmp/jogamp_0000/file_cache/jln5330941288431577881/jln6738077040880005182/libgluegen-rt.so
7f4bf0769000-7f4bf0968000 ---p 00002000 08:02 4461994                    /tmp/jogamp_0000/file_cache/jln5330941288431577881/jln6738077040880005182/libgluegen-rt.so
7f4bf0968000-7f4bf0969000 rw-p 00001000 08:02 4461994                    /tmp/jogamp_0000/file_cache/jln5330941288431577881/jln6738077040880005182/libgluegen-rt.so
7f4bf0969000-7f4bf096c000 ---p 00000000 00:00 0 
7f4bf096c000-7f4bf0a6a000 rw-p 00000000 00:00 0 
7f4bf0a6a000-7f4bf0a7b000 r-xp 00000000 08:02 8012203                    /usr/bin/processing-3.0/java/lib/amd64/libnio.so
7f4bf0a7b000-7f4bf0c7a000 ---p 00011000 08:02 8012203                    /usr/bin/processing-3.0/java/lib/amd64/libnio.so
7f4bf0c7a000-7f4bf0c7b000 rw-p 00010000 08:02 8012203                    /usr/bin/processing-3.0/java/lib/amd64/libnio.so
7f4bf0c7b000-7f4bf0c91000 r-xp 00000000 08:02 8012151                    /usr/bin/processing-3.0/java/lib/amd64/libnet.so
7f4bf0c91000-7f4bf0e91000 ---p 00016000 08:02 8012151                    /usr/bin/processing-3.0/java/lib/amd64/libnet.so
7f4bf0e91000-7f4bf0e92000 rw-p 00016000 08:02 8012151                    /usr/bin/processing-3.0/java/lib/amd64/libnet.so
7f4bf0e92000-7f4bf0e95000 ---p 00000000 00:00 0 
7f4bf0e95000-7f4bf0ecb000 rw-p 00000000 00:00 0                          [stack:6730]
7f4bf0ecb000-7f4bf0ecf000 r--s 00095000 08:02 6696012                    /usr/bin/processing-3.0/java/lib/jsse.jar
7f4bf0ecf000-7f4bf10cf000 rw-p 00000000 00:00 0 
7f4bf10cf000-7f4bf10d2000 r--s 00041000 08:02 8014028                    /usr/bin/processing-3.0/modes/java/mode/org.netbeans.swing.outline.jar
7f4bf10d2000-7f4bf10d7000 r--s 00038000 08:02 8014038                    /usr/bin/processing-3.0/modes/java/mode/org.eclipse.text.jar
7f4bf10d7000-7f4bf10eb000 r--s 00121000 08:02 8014045                    /usr/bin/processing-3.0/modes/java/mode/org.eclipse.osgi.jar
7f4bf10eb000-7f4bf1123000 r--s 00515000 08:02 8014044                    /usr/bin/processing-3.0/modes/java/mode/org.eclipse.jdt.core.jar
7f4bf1123000-7f4bf1126000 r--s 0001c000 08:02 8014042                    /usr/bin/processing-3.0/modes/java/mode/org.eclipse.equinox.preferences.jar
7f4bf1126000-7f4bf1131000 r--s 000c1000 08:02 8014040                    /usr/bin/processing-3.0/modes/java/mode/org.eclipse.core.resources.jar
7f4bf1131000-7f4bf118c000 r--s 009e2000 08:02 8014039                    /usr/bin/processing-3.0/modes/java/mode/com.ibm.icu.jar
7f4bf118c000-7f4bf1195000 r-xp 00000000 08:02 6561541                    /usr/lib/x86_64-linux-gnu/libXrandr.so.2.2.0
7f4bf1195000-7f4bf1394000 ---p 00009000 08:02 6561541                    /usr/lib/x86_64-linux-gnu/libXrandr.so.2.2.0
7f4bf1394000-7f4bf1395000 r--p 00008000 08:02 6561541                    /usr/lib/x86_64-linux-gnu/libXrandr.so.2.2.0
7f4bf1395000-7f4bf1396000 rw-p 00009000 08:02 6561541                    /usr/lib/x86_64-linux-gnu/libXrandr.so.2.2.0
7f4bf1396000-7f4bf1399000 ---p 00000000 00:00 0 
7f4bf1399000-7f4bf1497000 rw-p 00000000 00:00 0                          [stack:6726]
7f4bf1497000-7f4bf149c000 r-xp 00000000 08:02 6561523                    /usr/lib/x86_64-linux-gnu/libXfixes.so.3.1.0
7f4bf149c000-7f4bf169b000 ---p 00005000 08:02 6561523                    /usr/lib/x86_64-linux-gnu/libXfixes.so.3.1.0
7f4bf169b000-7f4bf169c000 r--p 00004000 08:02 6561523                    /usr/lib/x86_64-linux-gnu/libXfixes.so.3.1.0
7f4bf169c000-7f4bf169d000 rw-p 00005000 08:02 6561523                    /usr/lib/x86_64-linux-gnu/libXfixes.so.3.1.0
7f4bf169d000-7f4bf16a6000 r-xp 00000000 08:02 6561515                    /usr/lib/x86_64-linux-gnu/libXcursor.so.1.0.2
7f4bf16a6000-7f4bf18a5000 ---p 00009000 08:02 6561515                    /usr/lib/x86_64-linux-gnu/libXcursor.so.1.0.2
7f4bf18a5000-7f4bf18a6000 r--p 00008000 08:02 6561515                    /usr/lib/x86_64-linux-gnu/libXcursor.so.1.0.2
7f4bf18a6000-7f4bf18a7000 rw-p 00009000 08:02 6561515                    /usr/lib/x86_64-linux-gnu/libXcursor.so.1.0.2
7f4bf18a7000-7f4bf18aa000 ---p 00000000 00:00 0 
7f4bf18aa000-7f4bf19a8000 rw-p 00000000 00:00 0                          [stack:6725]
7f4bf19a8000-7f4bf19be000 r-xp 00000000 08:02 13635717                   /lib/x86_64-linux-gnu/libgcc_s.so.1
7f4bf19be000-7f4bf1bbd000 ---p 00016000 08:02 13635717                   /lib/x86_64-linux-gnu/libgcc_s.so.1
7f4bf1bbd000-7f4bf1bbe000 rw-p 00015000 08:02 13635717                   /lib/x86_64-linux-gnu/libgcc_s.so.1
7f4bf1bbe000-7f4bf1c24000 r-xp 00000000 08:02 8012146                    /usr/bin/processing-3.0/java/lib/amd64/libfontmanager.so
7f4bf1c24000-7f4bf1e23000 ---p 00066000 08:02 8012146                    /usr/bin/processing-3.0/java/lib/amd64/libfontmanager.so
7f4bf1e23000-7f4bf1e27000 rw-p 00065000 08:02 8012146                    /usr/bin/processing-3.0/java/lib/amd64/libfontmanager.so
7f4bf1e27000-7f4bf1e38000 rw-p 00000000 00:00 0 
7f4bf1e38000-7f4bf1e3d000 r-xp 00000000 08:02 6561519                    /usr/lib/x86_64-linux-gnu/libXdmcp.so.6.0.0
7f4bf1e3d000-7f4bf203c000 ---p 00005000 08:02 6561519                    /usr/lib/x86_64-linux-gnu/libXdmcp.so.6.0.0
7f4bf203c000-7f4bf203d000 r--p 00004000 08:02 6561519                    /usr/lib/x86_64-linux-gnu/libXdmcp.so.6.0.0
7f4bf203d000-7f4bf203e000 rw-p 00005000 08:02 6561519                    /usr/lib/x86_64-linux-gnu/libXdmcp.so.6.0.0
7f4bf203e000-7f4bf2040000 r-xp 00000000 08:02 6561508                    /usr/lib/x86_64-linux-gnu/libXau.so.6.0.0
7f4bf2040000-7f4bf2240000 ---p 00002000 08:02 6561508                    /usr/lib/x86_64-linux-gnu/libXau.so.6.0.0
7f4bf2240000-7f4bf2241000 r--p 00002000 08:02 6561508                    /usr/lib/x86_64-linux-gnu/libXau.so.6.0.0
7f4bf2241000-7f4bf2242000 rw-p 00003000 08:02 6561508                    /usr/lib/x86_64-linux-gnu/libXau.so.6.0.0
7f4bf2242000-7f4bf225f000 r-xp 00000000 08:02 6562574                    /usr/lib/x86_64-linux-gnu/libxcb.so.1.1.0
7f4bf225f000-7f4bf245f000 ---p 0001d000 08:02 6562574                    /usr/lib/x86_64-linux-gnu/libxcb.so.1.1.0
7f4bf245f000-7f4bf2460000 r--p 0001d000 08:02 6562574                    /usr/lib/x86_64-linux-gnu/libxcb.so.1.1.0
7f4bf2460000-7f4bf2461000 rw-p 0001e000 08:02 6562574                    /usr/lib/x86_64-linux-gnu/libxcb.so.1.1.0
7f4bf2461000-7f4bf2470000 r-xp 00000000 08:02 6561529                    /usr/lib/x86_64-linux-gnu/libXi.so.6.1.0
7f4bf2470000-7f4bf266f000 ---p 0000f000 08:02 6561529                    /usr/lib/x86_64-linux-gnu/libXi.so.6.1.0
7f4bf266f000-7f4bf2670000 r--p 0000e000 08:02 6561529                    /usr/lib/x86_64-linux-gnu/libXi.so.6.1.0
7f4bf2670000-7f4bf2671000 rw-p 0000f000 08:02 6561529                    /usr/lib/x86_64-linux-gnu/libXi.so.6.1.0
7f4bf2671000-7f4bf2676000 r-xp 00000000 08:02 6561549                    /usr/lib/x86_64-linux-gnu/libXtst.so.6.1.0
7f4bf2676000-7f4bf2875000 ---p 00005000 08:02 6561549                    /usr/lib/x86_64-linux-gnu/libXtst.so.6.1.0
7f4bf2875000-7f4bf2876000 r--p 00004000 08:02 6561549                    /usr/lib/x86_64-linux-gnu/libXtst.so.6.1.0
7f4bf2876000-7f4bf2877000 rw-p 00005000 08:02 6561549                    /usr/lib/x86_64-linux-gnu/libXtst.so.6.1.0
7f4bf2877000-7f4bf2880000 r-xp 00000000 08:02 6561543                    /usr/lib/x86_64-linux-gnu/libXrender.so.1.3.0
7f4bf2880000-7f4bf2a7f000 ---p 00009000 08:02 6561543                    /usr/lib/x86_64-linux-gnu/libXrender.so.1.3.0
7f4bf2a7f000-7f4bf2a80000 r--p 00008000 08:02 6561543                    /usr/lib/x86_64-linux-gnu/libXrender.so.1.3.0
7f4bf2a80000-7f4bf2a81000 rw-p 00009000 08:02 6561543                    /usr/lib/x86_64-linux-gnu/libXrender.so.1.3.0
7f4bf2a81000-7f4bf2bb1000 r-xp 00000000 08:02 6561504                    /usr/lib/x86_64-linux-gnu/libX11.so.6.3.0
7f4bf2bb1000-7f4bf2db1000 ---p 00130000 08:02 6561504                    /usr/lib/x86_64-linux-gnu/libX11.so.6.3.0
7f4bf2db1000-7f4bf2db2000 r--p 00130000 08:02 6561504                    /usr/lib/x86_64-linux-gnu/libX11.so.6.3.0
7f4bf2db2000-7f4bf2db6000 rw-p 00131000 08:02 6561504                    /usr/lib/x86_64-linux-gnu/libX11.so.6.3.0
7f4bf2db6000-7f4bf2dc7000 r-xp 00000000 08:02 6561521                    /usr/lib/x86_64-linux-gnu/libXext.so.6.4.0
7f4bf2dc7000-7f4bf2fc6000 ---p 00011000 08:02 6561521                    /usr/lib/x86_64-linux-gnu/libXext.so.6.4.0
7f4bf2fc6000-7f4bf2fc7000 r--p 00010000 08:02 6561521                    /usr/lib/x86_64-linux-gnu/libXext.so.6.4.0
7f4bf2fc7000-7f4bf2fc8000 rw-p 00011000 08:02 6561521                    /usr/lib/x86_64-linux-gnu/libXext.so.6.4.0
7f4bf2fc8000-7f4bf301c000 r-xp 00000000 08:02 8012182                    /usr/bin/processing-3.0/java/lib/amd64/libawt_xawt.so
7f4bf301c000-7f4bf321c000 ---p 00054000 08:02 8012182                    /usr/bin/processing-3.0/java/lib/amd64/libawt_xawt.so
7f4bf321c000-7f4bf3220000 rw-p 00054000 08:02 8012182                    /usr/bin/processing-3.0/java/lib/amd64/libawt_xawt.so
7f4bf3220000-7f4bf3221000 rw-p 00000000 00:00 0 
7f4bf3221000-7f4bf32c3000 r-xp 00000000 08:02 8012174                    /usr/bin/processing-3.0/java/lib/amd64/libawt.so
7f4bf32c3000-7f4bf34c3000 ---p 000a2000 08:02 8012174                    /usr/bin/processing-3.0/java/lib/amd64/libawt.so
7f4bf34c3000-7f4bf34cf000 rw-p 000a2000 08:02 8012174                    /usr/bin/processing-3.0/java/lib/amd64/libawt.so
7f4bf34cf000-7f4bf34f3000 rw-p 00000000 00:00 0 
7f4bf34f3000-7f4bf34f4000 ---p 00000000 00:00 0 
7f4bf34f4000-7f4bf35f4000 rw-p 00000000 00:00 0                          [stack:6724]
7f4bf35f4000-7f4bf35f7000 ---p 00000000 00:00 0 
7f4bf35f7000-7f4bf36f5000 rw-p 00000000 00:00 0                          [stack:6723]
7f4bf36f5000-7f4bf36f8000 ---p 00000000 00:00 0 
7f4bf36f8000-7f4bf37f6000 rw-p 00000000 00:00 0                          [stack:6722]
7f4bf37f6000-7f4bf37f9000 ---p 00000000 00:00 0 
7f4bf37f9000-7f4bf38f7000 rw-p 00000000 00:00 0                          [stack:6721]
7f4bf38f7000-7f4bf38fa000 ---p 00000000 00:00 0 
7f4bf38fa000-7f4bf39f8000 rw-p 00000000 00:00 0                          [stack:6720]
7f4bf39f8000-7f4bf39fb000 ---p 00000000 00:00 0 
7f4bf39fb000-7f4bf3af9000 rw-p 00000000 00:00 0                          [stack:6714]
7f4bf3af9000-7f4bf3afc000 ---p 00000000 00:00 0 
7f4bf3afc000-7f4bf3bfa000 rw-p 00000000 00:00 0                          [stack:6709]
7f4bf3bfa000-7f4bf3bfd000 ---p 00000000 00:00 0 
7f4bf3bfd000-7f4bf3cfb000 rw-p 00000000 00:00 0                          [stack:6708]
7f4bf3cfb000-7f4bf3cff000 r-xp 00000000 08:02 8012175                    /usr/bin/processing-3.0/java/lib/amd64/libdt_socket.so
7f4bf3cff000-7f4bf3efe000 ---p 00004000 08:02 8012175                    /usr/bin/processing-3.0/java/lib/amd64/libdt_socket.so
7f4bf3efe000-7f4bf3eff000 rw-p 00003000 08:02 8012175                    /usr/bin/processing-3.0/java/lib/amd64/libdt_socket.so
7f4bf3eff000-7f4bf3f02000 ---p 00000000 00:00 0 
7f4bf3f02000-7f4bf4000000 rw-p 00000000 00:00 0                          [stack:6707]
7f4bf4000000-7f4bf4021000 rw-p 00000000 00:00 0 
7f4bf4021000-7f4bf8000000 ---p 00000000 00:00 0 
7f4bf8000000-7f4bf8021000 rw-p 00000000 00:00 0 
7f4bf8021000-7f4bfc000000 ---p 00000000 00:00 0 
7f4bfc000000-7f4bfc021000 rw-p 00000000 00:00 0 
7f4bfc021000-7f4c00000000 ---p 00000000 00:00 0 
7f4c00000000-7f4c00021000 rw-p 00000000 00:00 0 
7f4c00021000-7f4c04000000 ---p 00000000 00:00 0 
7f4c04000000-7f4c04021000 rw-p 00000000 00:00 0 
7f4c04021000-7f4c08000000 ---p 00000000 00:00 0 
7f4c08000000-7f4c08021000 rw-p 00000000 00:00 0 
7f4c08021000-7f4c0c000000 ---p 00000000 00:00 0 
7f4c0c000000-7f4c0c021000 rw-p 00000000 00:00 0 
7f4c0c021000-7f4c10000000 ---p 00000000 00:00 0 
7f4c10000000-7f4c10001000 r--p 00000000 00:00 0 
7f4c10001000-7f4c10004000 r--s 00018000 08:02 8014034                    /usr/bin/processing-3.0/modes/java/mode/org.eclipse.equinox.common.jar
7f4c10004000-7f4c10006000 r--s 00011000 08:02 8014037                    /usr/bin/processing-3.0/modes/java/mode/org.eclipse.core.runtime.jar
7f4c10006000-7f4c10008000 r--s 00016000 08:02 8014027                    /usr/bin/processing-3.0/modes/java/mode/org.eclipse.core.jobs.jar
7f4c10008000-7f4c1000a000 r--s 00015000 08:02 8014029                    /usr/bin/processing-3.0/modes/java/mode/org.eclipse.core.contenttype.jar
7f4c1000a000-7f4c1000f000 r--s 0003f000 08:02 8014032                    /usr/bin/processing-3.0/modes/java/mode/jsoup-1.7.1.jar
7f4c1000f000-7f4c1001c000 r--s 000cb000 08:02 8014036                    /usr/bin/processing-3.0/modes/java/mode/jdimodel.jar
7f4c1001c000-7f4c10020000 r--s 0000e000 08:02 8014030                    /usr/bin/processing-3.0/modes/java/mode/jdi.jar
7f4c10020000-7f4c10026000 r--s 0007d000 08:02 8014033                    /usr/bin/processing-3.0/modes/java/mode/JavaMode.jar
7f4c10026000-7f4c10030000 r--s 00097000 08:02 6695776                    /usr/bin/processing-3.0/lib/pde.jar
7f4c10030000-7f4c10044000 r--s 00127000 08:02 6695832                    /usr/bin/processing-3.0/lib/jna.jar
7f4c10044000-7f4c10062000 r--s 001bb000 08:02 6695851                    /usr/bin/processing-3.0/lib/ant.jar
7f4c10062000-7f4c1007c000 r--s 01689000 08:02 6569030                    /usr/bin/processing-3.0/core/library/jogl-java-src.zip
7f4c1007c000-7f4c1009f000 r--s 00308000 08:02 6569034                    /usr/bin/processing-3.0/core/library/jogl-all.jar
7f4c1009f000-7f4c100a2000 ---p 00000000 00:00 0 
7f4c100a2000-7f4c101a0000 rw-p 00000000 00:00 0                          [stack:6706]
7f4c101a0000-7f4c101a3000 ---p 00000000 00:00 0 
7f4c101a3000-7f4c102a1000 rw-p 00000000 00:00 0                          [stack:6705]
7f4c102a1000-7f4c102a2000 ---p 00000000 00:00 0 
7f4c102a2000-7f4c11384000 rw-p 00000000 00:00 0                          [stack:6704]
7f4c11384000-7f4c1155c000 r--s 03d0c000 08:02 6695974                    /usr/bin/processing-3.0/java/lib/rt.jar
7f4c1155c000-7f4c1a193000 rw-p 00000000 00:00 0 
7f4c1a193000-7f4c1a194000 ---p 00000000 00:00 0 
7f4c1a194000-7f4c1a294000 rw-p 00000000 00:00 0                          [stack:6703]
7f4c1a294000-7f4c1a295000 ---p 00000000 00:00 0 
7f4c1a295000-7f4c1a395000 rw-p 00000000 00:00 0                          [stack:6702]
7f4c1a395000-7f4c1a396000 ---p 00000000 00:00 0 
7f4c1a396000-7f4c1a496000 rw-p 00000000 00:00 0                          [stack:6701]
7f4c1a496000-7f4c1a497000 ---p 00000000 00:00 0 
7f4c1a497000-7f4c1a5eb000 rw-p 00000000 00:00 0                          [stack:6700]
7f4c1a5eb000-7f4c1aac7000 ---p 00000000 00:00 0 
7f4c1aac7000-7f4c1ab1b000 rw-p 00000000 00:00 0 
7f4c1ab1b000-7f4c1aff6000 ---p 00000000 00:00 0 
7f4c1aff6000-7f4c1b0d6000 rw-p 00000000 00:00 0 
7f4c1b0d6000-7f4c1b28e000 ---p 00000000 00:00 0 
7f4c1b28e000-7f4c1b2b0000 rw-p 00000000 00:00 0 
7f4c1b2b0000-7f4c1b64f000 ---p 00000000 00:00 0 
7f4c1b64f000-7f4c1be8f000 rwxp 00000000 00:00 0 
7f4c1be8f000-7f4c2a64f000 ---p 00000000 00:00 0 
7f4c2a64f000-7f4c2a669000 r-xp 00000000 08:02 8012189                    /usr/bin/processing-3.0/java/lib/amd64/libzip.so
7f4c2a669000-7f4c2a869000 ---p 0001a000 08:02 8012189                    /usr/bin/processing-3.0/java/lib/amd64/libzip.so
7f4c2a869000-7f4c2a86a000 rw-p 0001a000 08:02 8012189                    /usr/bin/processing-3.0/java/lib/amd64/libzip.so
7f4c2a86a000-7f4c2a875000 r-xp 00000000 08:02 13635765                   /lib/x86_64-linux-gnu/libnss_files-2.19.so
7f4c2a875000-7f4c2aa74000 ---p 0000b000 08:02 13635765                   /lib/x86_64-linux-gnu/libnss_files-2.19.so
7f4c2aa74000-7f4c2aa75000 r--p 0000a000 08:02 13635765                   /lib/x86_64-linux-gnu/libnss_files-2.19.so
7f4c2aa75000-7f4c2aa76000 rw-p 0000b000 08:02 13635765                   /lib/x86_64-linux-gnu/libnss_files-2.19.so
7f4c2aa76000-7f4c2aa81000 r-xp 00000000 08:02 13635775                   /lib/x86_64-linux-gnu/libnss_nis-2.19.so
7f4c2aa81000-7f4c2ac80000 ---p 0000b000 08:02 13635775                   /lib/x86_64-linux-gnu/libnss_nis-2.19.so
7f4c2ac80000-7f4c2ac81000 r--p 0000a000 08:02 13635775                   /lib/x86_64-linux-gnu/libnss_nis-2.19.so
7f4c2ac81000-7f4c2ac82000 rw-p 0000b000 08:02 13635775                   /lib/x86_64-linux-gnu/libnss_nis-2.19.so
7f4c2ac82000-7f4c2ac99000 r-xp 00000000 08:02 13635759                   /lib/x86_64-linux-gnu/libnsl-2.19.so
7f4c2ac99000-7f4c2ae98000 ---p 00017000 08:02 13635759                   /lib/x86_64-linux-gnu/libnsl-2.19.so
7f4c2ae98000-7f4c2ae99000 r--p 00016000 08:02 13635759                   /lib/x86_64-linux-gnu/libnsl-2.19.so
7f4c2ae99000-7f4c2ae9a000 rw-p 00017000 08:02 13635759                   /lib/x86_64-linux-gnu/libnsl-2.19.so
7f4c2ae9a000-7f4c2ae9c000 rw-p 00000000 00:00 0 
7f4c2ae9c000-7f4c2aea5000 r-xp 00000000 08:02 13635761                   /lib/x86_64-linux-gnu/libnss_compat-2.19.so
7f4c2aea5000-7f4c2b0a4000 ---p 00009000 08:02 13635761                   /lib/x86_64-linux-gnu/libnss_compat-2.19.so
7f4c2b0a4000-7f4c2b0a5000 r--p 00008000 08:02 13635761                   /lib/x86_64-linux-gnu/libnss_compat-2.19.so
7f4c2b0a5000-7f4c2b0a6000 rw-p 00009000 08:02 13635761                   /lib/x86_64-linux-gnu/libnss_compat-2.19.so
7f4c2b0a6000-7f4c2b788000 r--p 00000000 08:02 6560506                    /usr/lib/locale/locale-archive
7f4c2b788000-7f4c2b78a000 r-xp 00000000 08:02 8012169                    /usr/bin/processing-3.0/java/lib/amd64/libnpt.so
7f4c2b78a000-7f4c2b98a000 ---p 00002000 08:02 8012169                    /usr/bin/processing-3.0/java/lib/amd64/libnpt.so
7f4c2b98a000-7f4c2b98b000 rw-p 00002000 08:02 8012169                    /usr/bin/processing-3.0/java/lib/amd64/libnpt.so
7f4c2b98b000-7f4c2b9c4000 r-xp 00000000 08:02 8012184                    /usr/bin/processing-3.0/java/lib/amd64/libjdwp.so
7f4c2b9c4000-7f4c2bbc3000 ---p 00039000 08:02 8012184                    /usr/bin/processing-3.0/java/lib/amd64/libjdwp.so
7f4c2bbc3000-7f4c2bbc5000 rw-p 00038000 08:02 8012184                    /usr/bin/processing-3.0/java/lib/amd64/libjdwp.so
7f4c2bbc5000-7f4c2bbef000 r-xp 00000000 08:02 8012204                    /usr/bin/processing-3.0/java/lib/amd64/libjava.so
7f4c2bbef000-7f4c2bdef000 ---p 0002a000 08:02 8012204                    /usr/bin/processing-3.0/java/lib/amd64/libjava.so
7f4c2bdef000-7f4c2bdf1000 rw-p 0002a000 08:02 8012204                    /usr/bin/processing-3.0/java/lib/amd64/libjava.so
7f4c2bdf1000-7f4c2bdfe000 r-xp 00000000 08:02 8012148                    /usr/bin/processing-3.0/java/lib/amd64/libverify.so
7f4c2bdfe000-7f4c2bffe000 ---p 0000d000 08:02 8012148                    /usr/bin/processing-3.0/java/lib/amd64/libverify.so
7f4c2bffe000-7f4c2c000000 rw-p 0000d000 08:02 8012148                    /usr/bin/processing-3.0/java/lib/amd64/libverify.so
7f4c2c000000-7f4c2c897000 rw-p 00000000 00:00 0 
7f4c2c897000-7f4c30000000 ---p 00000000 00:00 0 
7f4c30000000-7f4c30001000 r--s 00003000 08:02 8014046                    /usr/bin/processing-3.0/modes/java/mode/jdtCompilerAdapter.jar
7f4c30001000-7f4c30002000 r--s 00003000 08:02 8014035                    /usr/bin/processing-3.0/modes/java/mode/classpath-explorer-1.0.jar
7f4c30002000-7f4c30007000 r--s 00068000 08:02 8014043                    /usr/bin/processing-3.0/modes/java/mode/antlr.jar
7f4c30007000-7f4c30009000 r--s 00002000 08:02 6695836                    /usr/bin/processing-3.0/lib/ant-launcher.jar
7f4c30009000-7f4c3000b000 r--s 00005000 08:02 4591938                    /home/akelly/sketchbook/libraries/minim/library/mp3spi1.9.5.jar
7f4c3000b000-7f4c3000c000 r--s 0000b000 08:02 4591937                    /home/akelly/sketchbook/libraries/minim/library/jsminim.jar
7f4c3000c000-7f4c30010000 r--s 00040000 08:02 4591936                    /home/akelly/sketchbook/libraries/minim/library/jl1.0.1.jar
7f4c30010000-7f4c30013000 r--s 00017000 08:02 4591933                    /home/akelly/sketchbook/libraries/minim/library/tritonus_share.jar
7f4c30013000-7f4c30016000 r--s 00016000 08:02 4591932                    /home/akelly/sketchbook/libraries/minim/library/minim.jar
7f4c30016000-7f4c3001e000 r--s 003d3000 08:02 6569026                    /usr/bin/processing-3.0/core/library/gluegen-java-src.zip
7f4c3001e000-7f4c300b5000 rw-p 00000000 00:00 0 
7f4c300b5000-7f4c300bc000 r-xp 00000000 08:02 13635818                   /lib/x86_64-linux-gnu/librt-2.19.so
7f4c300bc000-7f4c302bb000 ---p 00007000 08:02 13635818                   /lib/x86_64-linux-gnu/librt-2.19.so
7f4c302bb000-7f4c302bc000 r--p 00006000 08:02 13635818                   /lib/x86_64-linux-gnu/librt-2.19.so
7f4c302bc000-7f4c302bd000 rw-p 00007000 08:02 13635818                   /lib/x86_64-linux-gnu/librt-2.19.so
7f4c302bd000-7f4c303c2000 r-xp 00000000 08:02 13635740                   /lib/x86_64-linux-gnu/libm-2.19.so
7f4c303c2000-7f4c305c1000 ---p 00105000 08:02 13635740                   /lib/x86_64-linux-gnu/libm-2.19.so
7f4c305c1000-7f4c305c2000 r--p 00104000 08:02 13635740                   /lib/x86_64-linux-gnu/libm-2.19.so
7f4c305c2000-7f4c305c3000 rw-p 00105000 08:02 13635740                   /lib/x86_64-linux-gnu/libm-2.19.so
7f4c305c3000-7f4c31271000 r-xp 00000000 08:02 8012167                    /usr/bin/processing-3.0/java/lib/amd64/server/libjvm.so
7f4c31271000-7f4c31471000 ---p 00cae000 08:02 8012167                    /usr/bin/processing-3.0/java/lib/amd64/server/libjvm.so
7f4c31471000-7f4c31548000 rw-p 00cae000 08:02 8012167                    /usr/bin/processing-3.0/java/lib/amd64/server/libjvm.so
7f4c31548000-7f4c3158c000 rw-p 00000000 00:00 0 
7f4c3158c000-7f4c31747000 r-xp 00000000 08:02 13635690                   /lib/x86_64-linux-gnu/libc-2.19.so
7f4c31747000-7f4c31946000 ---p 001bb000 08:02 13635690                   /lib/x86_64-linux-gnu/libc-2.19.so
7f4c31946000-7f4c3194a000 r--p 001ba000 08:02 13635690                   /lib/x86_64-linux-gnu/libc-2.19.so
7f4c3194a000-7f4c3194c000 rw-p 001be000 08:02 13635690                   /lib/x86_64-linux-gnu/libc-2.19.so
7f4c3194c000-7f4c31951000 rw-p 00000000 00:00 0 
7f4c31951000-7f4c31954000 r-xp 00000000 08:02 13635707                   /lib/x86_64-linux-gnu/libdl-2.19.so
7f4c31954000-7f4c31b53000 ---p 00003000 08:02 13635707                   /lib/x86_64-linux-gnu/libdl-2.19.so
7f4c31b53000-7f4c31b54000 r--p 00002000 08:02 13635707                   /lib/x86_64-linux-gnu/libdl-2.19.so
7f4c31b54000-7f4c31b55000 rw-p 00003000 08:02 13635707                   /lib/x86_64-linux-gnu/libdl-2.19.so
7f4c31b55000-7f4c31b6a000 r-xp 00000000 08:02 8012145                    /usr/bin/processing-3.0/java/lib/amd64/jli/libjli.so
7f4c31b6a000-7f4c31d6a000 ---p 00015000 08:02 8012145                    /usr/bin/processing-3.0/java/lib/amd64/jli/libjli.so
7f4c31d6a000-7f4c31d6b000 rw-p 00015000 08:02 8012145                    /usr/bin/processing-3.0/java/lib/amd64/jli/libjli.so
7f4c31d6b000-7f4c31d84000 r-xp 00000000 08:02 13635810                   /lib/x86_64-linux-gnu/libpthread-2.19.so
7f4c31d84000-7f4c31f83000 ---p 00019000 08:02 13635810                   /lib/x86_64-linux-gnu/libpthread-2.19.so
7f4c31f83000-7f4c31f84000 r--p 00018000 08:02 13635810                   /lib/x86_64-linux-gnu/libpthread-2.19.so
7f4c31f84000-7f4c31f85000 rw-p 00019000 08:02 13635810                   /lib/x86_64-linux-gnu/libpthread-2.19.so
7f4c31f85000-7f4c31f89000 rw-p 00000000 00:00 0 
7f4c31f89000-7f4c31fac000 r-xp 00000000 08:02 13635666                   /lib/x86_64-linux-gnu/ld-2.19.so
7f4c31fac000-7f4c31fad000 r--s 00002000 08:02 4591935                    /home/akelly/sketchbook/libraries/minim/library/tritonus_aos.jar
7f4c31fad000-7f4c31fae000 r--s 00001000 08:02 6569033                    /usr/bin/processing-3.0/core/library/gluegen-rt-natives-macosx-universal.jar
7f4c31fae000-7f4c31fb0000 r--s 00038000 08:02 6569032                    /usr/bin/processing-3.0/core/library/jogl-all-natives-windows-amd64.jar
7f4c31fb0000-7f4c31fb1000 r--s 00034000 08:02 6569031                    /usr/bin/processing-3.0/core/library/jogl-all-natives-linux-amd64.jar
7f4c31fb1000-7f4c31fb2000 r--s 00001000 08:02 6569036                    /usr/bin/processing-3.0/core/library/gluegen-rt-natives-windows-i586.jar
7f4c31fb2000-7f4c32083000 rw-p 00000000 00:00 0 
7f4c32083000-7f4c32086000 ---p 00000000 00:00 0 
7f4c32086000-7f4c32188000 rw-p 00000000 00:00 0                          [stack:6698]
7f4c32188000-7f4c3218e000 r--s 0004a000 08:02 6569021                    /usr/bin/processing-3.0/core/library/gluegen-rt.jar
7f4c3218e000-7f4c3218f000 r--s 00000000 08:02 6569035                    /usr/bin/processing-3.0/core/library/gluegen-rt-natives-linux-armv6hf.jar
7f4c3218f000-7f4c32190000 r--s 00031000 08:02 6569019                    /usr/bin/processing-3.0/core/library/jogl-all-natives-windows-i586.jar
7f4c32190000-7f4c32191000 r--s 00001000 08:02 6569022                    /usr/bin/processing-3.0/core/library/gluegen-rt-natives-windows-amd64.jar
7f4c32191000-7f4c32193000 r--s 0006c000 08:02 6569020                    /usr/bin/processing-3.0/core/library/jogl-all-natives-macosx-universal.jar
7f4c32193000-7f4c32198000 r--s 000f0000 08:02 6569027                    /usr/bin/processing-3.0/core/library/core.jar
7f4c32198000-7f4c3219a000 r--s 00000000 08:02 6569025                    /usr/bin/processing-3.0/core/library/gluegen-rt-natives-linux-amd64.jar
7f4c3219a000-7f4c3219b000 r--s 00026000 08:02 6569028                    /usr/bin/processing-3.0/core/library/jogl-all-natives-linux-armv6hf.jar
7f4c3219b000-7f4c3219c000 r--s 00032000 08:02 6569024                    /usr/bin/processing-3.0/core/library/jogl-all-natives-linux-i586.jar
7f4c3219c000-7f4c3219e000 r--s 00000000 08:02 6569023                    /usr/bin/processing-3.0/core/library/gluegen-rt-natives-linux-i586.jar
7f4c3219e000-7f4c3219f000 rw-p 00000000 00:00 0 
7f4c3219f000-7f4c321a7000 rw-s 00000000 08:02 4325390                    /tmp/hsperfdata_akelly/6697
7f4c321a7000-7f4c321a8000 rw-p 00000000 00:00 0 
7f4c321a8000-7f4c321a9000 r--p 00000000 00:00 0 
7f4c321a9000-7f4c321ab000 rw-p 00000000 00:00 0 
7f4c321ab000-7f4c321ac000 r--p 00022000 08:02 13635666                   /lib/x86_64-linux-gnu/ld-2.19.so
7f4c321ac000-7f4c321ad000 rw-p 00023000 08:02 13635666                   /lib/x86_64-linux-gnu/ld-2.19.so
7f4c321ad000-7f4c321ae000 rw-p 00000000 00:00 0 
7ffedc617000-7ffedc63a000 rw-p 00000000 00:00 0                          [stack]
7ffedc753000-7ffedc755000 r--p 00000000 00:00 0                          [vvar]
7ffedc755000-7ffedc757000 r-xp 00000000 00:00 0                          [vdso]
ffffffffff600000-ffffffffff601000 r-xp 00000000 00:00 0                  [vsyscall]

VM Arguments:
jvm_args: -agentlib:jdwp=transport=dt_socket,address=8503,server=y,suspend=y -Djava.library.path=:/usr/bin/processing-3.0/core/library:/home/akelly/sketchbook/libraries/minim/library:/usr/java/packages/lib/amd64:/usr/lib64:/lib64:/lib:/usr/lib -ea 
java_command: processing.core.PApplet --display=1 --sketch-path=/home/akelly/sketchbook/_audioVisualizer/_audioVisualizer/build build
java_class_path (initial): /home/akelly/sketchbook/_audioVisualizer/_audioVisualizer/build/build-tmp:/usr/bin/processing-3.0/core/library/gluegen-rt-natives-linux-i586.jar:/usr/bin/processing-3.0/core/library/jogl-all-natives-linux-i586.jar:/usr/bin/processing-3.0/core/library/jogl-all-natives-linux-armv6hf.jar:/usr/bin/processing-3.0/core/library/gluegen-rt-natives-linux-amd64.jar:/usr/bin/processing-3.0/core/library/core.jar:/usr/bin/processing-3.0/core/library/jogl-all-natives-macosx-universal.jar:/usr/bin/processing-3.0/core/library/gluegen-rt-natives-windows-amd64.jar:/usr/bin/processing-3.0/core/library/jogl-all-natives-windows-i586.jar:/usr/bin/processing-3.0/core/library/gluegen-rt-natives-linux-armv6hf.jar:/usr/bin/processing-3.0/core/library/gluegen-rt.jar:/usr/bin/processing-3.0/core/library/gluegen-rt-natives-windows-i586.jar:/usr/bin/processing-3.0/core/library/jogl-all.jar:/usr/bin/processing-3.0/core/library/jogl-all-natives-linux-amd64.jar:/usr/bin/processing-3.0/core/library/jogl-all-natives-windows-amd64.jar:/usr/bin/processing-3.0/core/library/gluegen-java-src.zip:/usr/bin/processing-3.0/core/library/jogl-java-src.zip:/usr/bin/processing-3.0/core/library/gluegen-rt-natives-macosx-universal.jar:/usr/bin/processing-3.0/core/library/gluegen-rt-natives-linux-i586.jar:/usr/bin/processing-3.0/core/library/jogl-all-natives-linux-i586.jar:/usr/bin/processing-3.0/core/library/jogl-all-natives-linux-armv6hf.jar:/usr/bin/processing-3.0/core/library/gluegen-rt-natives-linux-amd64.jar:/usr/bin/processing-3.0/core/library/core.jar:/usr/bin/processing-3.0/core/library/jogl-all-natives-macosx-universal.jar:/usr/bin/processing-3.0/core/library/gluegen-rt-natives-windows-amd64.jar:/usr/bin/processing-3.0/core/library/jogl-all-natives-windows-i586.jar:/usr/bin/processing-3.0/core/library/gluegen-rt-natives-linux-armv6hf.jar:/usr/bin/processing-3.0/core/library/gluegen-rt.jar:/usr/bin/processing-3.0/core/library/gluegen-rt-natives-windows-i586.jar:/usr/bin/processi
Launcher Type: SUN_STANDARD

Environment Variables:
PATH=/usr/bin/processing-3.0/java/bin:/usr/local/sbin:/usr/local/bin:/usr/sbin:/usr/bin:/sbin:/bin:/usr/games:/usr/local/games
SHELL=/bin/bash
DISPLAY=:0

Signal Handlers:
SIGSEGV: [libjvm.so+0xaad540], sa_mask[0]=11111111011111111101111111111110, sa_flags=SA_RESTART|SA_SIGINFO
SIGBUS: [libjvm.so+0xaad540], sa_mask[0]=11111111011111111101111111111110, sa_flags=SA_RESTART|SA_SIGINFO
SIGFPE: [libjvm.so+0x90b6b0], sa_mask[0]=11111111011111111101111111111110, sa_flags=SA_RESTART|SA_SIGINFO
SIGPIPE: [libjvm.so+0x90b6b0], sa_mask[0]=11111111011111111101111111111110, sa_flags=SA_RESTART|SA_SIGINFO
SIGXFSZ: [libjvm.so+0x90b6b0], sa_mask[0]=11111111011111111101111111111110, sa_flags=SA_RESTART|SA_SIGINFO
SIGILL: [libjvm.so+0x90b6b0], sa_mask[0]=11111111011111111101111111111110, sa_flags=SA_RESTART|SA_SIGINFO
SIGUSR1: SIG_DFL, sa_mask[0]=00000000000000000000000000000000, sa_flags=none
SIGUSR2: [libjvm.so+0x90ccf0], sa_mask[0]=00100000000000000000000000000000, sa_flags=SA_RESTART|SA_SIGINFO
SIGHUP: [libjvm.so+0x90e040], sa_mask[0]=11111111011111111101111111111110, sa_flags=SA_RESTART|SA_SIGINFO
SIGINT: [libjvm.so+0x90e040], sa_mask[0]=11111111011111111101111111111110, sa_flags=SA_RESTART|SA_SIGINFO
SIGTERM: [libjvm.so+0x90e040], sa_mask[0]=11111111011111111101111111111110, sa_flags=SA_RESTART|SA_SIGINFO
SIGQUIT: [libjvm.so+0x90e040], sa_mask[0]=11111111011111111101111111111110, sa_flags=SA_RESTART|SA_SIGINFO


---------------  S Y S T E M  ---------------

OS:DISTRIB_ID=Ubuntu
DISTRIB_RELEASE=14.04
DISTRIB_CODENAME=trusty
DISTRIB_DESCRIPTION="Ubuntu 14.04.3 LTS"

uname:Linux 3.19.0-28-generic #30~14.04.1-Ubuntu SMP Tue Sep 1 09:32:55 UTC 2015 x86_64
libc:glibc 2.19 NPTL 2.19 
rlimit: STACK 8192k, CORE 0k, NPROC 63284, NOFILE 4096, AS infinity
load average:4.38 3.47 2.68

/proc/meminfo:
MemTotal:       16309452 kB
MemFree:        11637400 kB
MemAvailable:   12783080 kB
Buffers:          113028 kB
Cached:          1656380 kB
SwapCached:           40 kB
Active:          3679536 kB
Inactive:         734408 kB
Active(anon):    2782952 kB
Inactive(anon):   359400 kB
Active(file):     896584 kB
Inactive(file):   375008 kB
Unevictable:          92 kB
Mlocked:              92 kB
SwapTotal:      16653308 kB
SwapFree:       16584308 kB
Dirty:               160 kB
Writeback:             0 kB
AnonPages:       2644612 kB
Mapped:           611292 kB
Shmem:            497820 kB
Slab:             127188 kB
SReclaimable:      86060 kB
SUnreclaim:        41128 kB
KernelStack:        9808 kB
PageTables:        47396 kB
NFS_Unstable:          0 kB
Bounce:                0 kB
WritebackTmp:          0 kB
CommitLimit:    24808032 kB
Committed_AS:    8026340 kB
VmallocTotal:   34359738367 kB
VmallocUsed:      384752 kB
VmallocChunk:   34359343192 kB
HardwareCorrupted:     0 kB
AnonHugePages:   1091584 kB
CmaTotal:              0 kB
CmaFree:               0 kB
HugePages_Total:       0
HugePages_Free:        0
HugePages_Rsvd:        0
HugePages_Surp:        0
Hugepagesize:       2048 kB
DirectMap4k:      179628 kB
DirectMap2M:    12279808 kB
DirectMap1G:     4194304 kB


CPU:total 4 (2 cores per cpu, 2 threads per core) family 6 model 61 stepping 4, cmov, cx8, fxsr, mmx, sse, sse2, sse3, ssse3, sse4.1, sse4.2, popcnt, avx, avx2, aes, clmul, erms, rtm, 3dnowpref, lzcnt, ht, tsc, tscinvbit, bmi1, bmi2, adx

/proc/cpuinfo:
processor	: 0
vendor_id	: GenuineIntel
cpu family	: 6
model		: 61
model name	: Intel(R) Core(TM) i7-5600U CPU @ 2.60GHz
stepping	: 4
microcode	: 0x19
cpu MHz		: 1797.554
cache size	: 4096 KB
physical id	: 0
siblings	: 4
core id		: 0
cpu cores	: 2
apicid		: 0
initial apicid	: 0
fpu		: yes
fpu_exception	: yes
cpuid level	: 20
wp		: yes
flags		: fpu vme de pse tsc msr pae mce cx8 apic sep mtrr pge mca cmov pat pse36 clflush dts acpi mmx fxsr sse sse2 ss ht tm pbe syscall nx pdpe1gb rdtscp lm constant_tsc arch_perfmon pebs bts rep_good nopl xtopology nonstop_tsc aperfmperf eagerfpu pni pclmulqdq dtes64 monitor ds_cpl vmx smx est tm2 ssse3 fma cx16 xtpr pdcm pcid sse4_1 sse4_2 x2apic movbe popcnt tsc_deadline_timer aes xsave avx f16c rdrand lahf_lm abm 3dnowprefetch ida arat epb pln pts dtherm tpr_shadow vnmi flexpriority ept vpid fsgsbase tsc_adjust bmi1 hle avx2 smep bmi2 erms invpcid rtm rdseed adx smap xsaveopt
bugs		:
bogomips	: 5188.48
clflush size	: 64
cache_alignment	: 64
address sizes	: 39 bits physical, 48 bits virtual
power management:

processor	: 1
vendor_id	: GenuineIntel
cpu family	: 6
model		: 61
model name	: Intel(R) Core(TM) i7-5600U CPU @ 2.60GHz
stepping	: 4
microcode	: 0x19
cpu MHz		: 1797.148
cache size	: 4096 KB
physical id	: 0
siblings	: 4
core id		: 0
cpu cores	: 2
apicid		: 1
initial apicid	: 1
fpu		: yes
fpu_exception	: yes
cpuid level	: 20
wp		: yes
flags		: fpu vme de pse tsc msr pae mce cx8 apic sep mtrr pge mca cmov pat pse36 clflush dts acpi mmx fxsr sse sse2 ss ht tm pbe syscall nx pdpe1gb rdtscp lm constant_tsc arch_perfmon pebs bts rep_good nopl xtopology nonstop_tsc aperfmperf eagerfpu pni pclmulqdq dtes64 monitor ds_cpl vmx smx est tm2 ssse3 fma cx16 xtpr pdcm pcid sse4_1 sse4_2 x2apic movbe popcnt tsc_deadline_timer aes xsave avx f16c rdrand lahf_lm abm 3dnowprefetch ida arat epb pln pts dtherm tpr_shadow vnmi flexpriority ept vpid fsgsbase tsc_adjust bmi1 hle avx2 smep bmi2 erms invpcid rtm rdseed adx smap xsaveopt
bugs		:
bogomips	: 5188.48
clflush size	: 64
cache_alignment	: 64
address sizes	: 39 bits physical, 48 bits virtual
power management:

processor	: 2
vendor_id	: GenuineIntel
cpu family	: 6
model		: 61
model name	: Intel(R) Core(TM) i7-5600U CPU @ 2.60GHz
stepping	: 4
microcode	: 0x19
cpu MHz		: 1866.414
cache size	: 4096 KB
physical id	: 0
siblings	: 4
core id		: 1
cpu cores	: 2
apicid		: 2
initial apicid	: 2
fpu		: yes
fpu_exception	: yes
cpuid level	: 20
wp		: yes
flags		: fpu vme de pse tsc msr pae mce cx8 apic sep mtrr pge mca cmov pat pse36 clflush dts acpi mmx fxsr sse sse2 ss ht tm pbe syscall nx pdpe1gb rdtscp lm constant_tsc arch_perfmon pebs bts rep_good nopl xtopology nonstop_tsc aperfmperf eagerfpu pni pclmulqdq dtes64 monitor ds_cpl vmx smx est tm2 ssse3 fma cx16 xtpr pdcm pcid sse4_1 sse4_2 x2apic movbe popcnt tsc_deadline_timer aes xsave avx f16c rdrand lahf_lm abm 3dnowprefetch ida arat epb pln pts dtherm tpr_shadow vnmi flexpriority ept vpid fsgsbase tsc_adjust bmi1 hle avx2 smep bmi2 erms invpcid rtm rdseed adx smap xsaveopt
bugs		:
bogomips	: 5188.48
clflush size	: 64
cache_alignment	: 64
address sizes	: 39 bits physical, 48 bits virtual
power management:

processor	: 3
vendor_id	: GenuineIntel
cpu family	: 6
model		: 61
model name	: Intel(R) Core(TM) i7-5600U CPU @ 2.60GHz
stepping	: 4
microcode	: 0x19
cpu MHz		: 1838.484
cache size	: 4096 KB
physical id	: 0
siblings	: 4
core id		: 1
cpu cores	: 2
apicid		: 3
initial apicid	: 3
fpu		: yes
fpu_exception	: yes
cpuid level	: 20
wp		: yes
flags		: fpu vme de pse tsc msr pae mce cx8 apic sep mtrr pge mca cmov pat pse36 clflush dts acpi mmx fxsr sse sse2 ss ht tm pbe syscall nx pdpe1gb rdtscp lm constant_tsc arch_perfmon pebs bts rep_good nopl xtopology nonstop_tsc aperfmperf eagerfpu pni pclmulqdq dtes64 monitor ds_cpl vmx smx est tm2 ssse3 fma cx16 xtpr pdcm pcid sse4_1 sse4_2 x2apic movbe popcnt tsc_deadline_timer aes xsave avx f16c rdrand lahf_lm abm 3dnowprefetch ida arat epb pln pts dtherm tpr_shadow vnmi flexpriority ept vpid fsgsbase tsc_adjust bmi1 hle avx2 smep bmi2 erms invpcid rtm rdseed adx smap xsaveopt
bugs		:
bogomips	: 5188.48
clflush size	: 64
cache_alignment	: 64
address sizes	: 39 bits physical, 48 bits virtual
power management:



Memory: 4k page, physical 16309452k(11636904k free), swap 16653308k(16584308k free)

vm_info: Java HotSpot(TM) 64-Bit Server VM (25.51-b03) for linux-amd64 JRE (1.8.0_51-b16), built on Jun  8 2015 19:28:07 by "java_re" with gcc 4.3.0 20080428 (Red Hat 4.3.0-8)

time: Sat Oct 10 15:26:20 2015
elapsed time: 48 seconds (0d 0h 0m 48s)

