#
# A fatal error has been detected by the Java Runtime Environment:
#
#  SIGSEGV (0xb) at pc=0x00007fd6a7c46998, pid=9731, tid=140561387620096
#
# JRE version: Java(TM) SE Runtime Environment (8.0_51-b16) (build 1.8.0_51-b16)
# Java VM: Java HotSpot(TM) 64-Bit Server VM (25.51-b03 mixed mode linux-amd64 compressed oops)
# Problematic frame:
# C  [i965_dri.so+0x3c9998]
#
# Failed to write core dump. Core dumps have been disabled. To enable core dumping, try "ulimit -c unlimited" before starting Java again
#
# If you would like to submit a bug report, please visit:
#   http://bugreport.java.com/bugreport/crash.jsp
# The crash happened outside the Java Virtual Machine in native code.
# See problematic frame for where to report the bug.
#

---------------  T H R E A D  ---------------

Current thread (0x00007fd7286eb000):  JavaThread "main-Display-.x11_:0-1-EDT-1" daemon [_thread_in_native, id=9772, stack(0x00007fd6ff840000,0x00007fd6ff941000)]

siginfo: si_signo: 11 (SIGSEGV), si_code: 1 (SEGV_MAPERR), si_addr: 0x0000000100000000

Registers:
RAX=0x00007fd6a7c46990, RBX=0x00007fd69404f730, RCX=0x0000000000000000, RDX=0x0000000000000001
RSP=0x00007fd6ff93e210, RBP=0x00007fd6a8022300, RSI=0x00007fd69404f810, RDI=0x0000000100000000
R8 =0x0000000000000000, R9 =0x00007fd6ff1edfc0, R10=0x00007fd717eed387, R11=0x00000000d8e7c99d
R12=0x00007fd6a801fe40, R13=0x0000000000000000, R14=0x00007fd6a80234f0, R15=0x0000000000000000
RIP=0x00007fd6a7c46998, EFLAGS=0x0000000000010202, CSGSFS=0x0000000000000033, ERR=0x0000000000000004
  TRAPNO=0x000000000000000e

Top of Stack: (sp=0x00007fd6ff93e210)
0x00007fd6ff93e210:   00007fd6ff93e300 0000000000000000
0x00007fd6ff93e220:   00007fd69404f730 00007fd6a8022300
0x00007fd6ff93e230:   00007fd6a801fe40 00007fd6ff1ee04e
0x00007fd6ff93e240:   00007fd6ff93e278 00007fd6ff43b660
0x00007fd6ff93e250:   00007fd6a8014b10 00007fd600000000
0x00007fd6ff93e260:   0000000000000000 0000000000000000
0x00007fd6ff93e270:   00007fd6ff93e580 00007fd69404f730
0x00007fd6ff93e280:   0000000004200002 00000007c0122058
0x00007fd6ff93e290:   00007fd6ff93e300 0000000000000000
0x00007fd6ff93e2a0:   00007fd6ff93e598 00007fd6ff93e340
0x00007fd6ff93e2b0:   00007fd7286eb000 00007fd6fd900ba7
0x00007fd6ff93e2c0:   00007fd6c8239ce0 00007fd6ff1c7ab0
0x00007fd6ff93e2d0:   0000000004200002 00007fd6a8014b10
0x00007fd6ff93e2e0:   00007fd6ff93e340 00007fd7286eb1f8
0x00007fd6ff93e2f0:   00007fd6ff570030 00007fd6ff1c7ab0
0x00007fd6ff93e300:   00007fd6ff93e350 00007fd717eed3fd
0x00007fd6ff93e310:   fffffffe00000000 0000000000000000
0x00007fd6ff93e320:   0000000000000000 00007fd6c823a0b8
0x00007fd6ff93e330:   00000000000003d8 0000000000001388
0x00007fd6ff93e340:   00000006c772c2c8 0000000000001388
0x00007fd6ff93e350:   00007fd6ff93e5e0 00007fd717f0fb3c
0x00007fd6ff93e360:   00000006c7414f90 00007fd7286eb000
0x00007fd6ff93e370:   0000000000000000 0000000000000000
0x00007fd6ff93e380:   0000000000000007 00007fd717f5d354
0x00007fd6ff93e390:   0000000000000007 00007fd717f4a62c
0x00007fd6ff93e3a0:   00007fd7178635d0 00000006c7414f80
0x00007fd6ff93e3b0:   00000006c7414f90 00000006c7414fa0
0x00007fd6ff93e3c0:   00007fd6d8e829f4 00007fd71788bf03
0x00007fd6ff93e3d0:   0000000000000031 00007fd700000000
0x00007fd6ff93e3e0:   00007fd6ff93e5e0 00007fd717e969a4
0x00007fd6ff93e3f0:   00007fd6ff93e598 00007fd71788bf03
0x00007fd6ff93e400:   00007fd7178635d0 00007fd700000000 

Instructions: (pc=0x00007fd6a7c46998)
0x00007fd6a7c46978:   0f 1f 84 00 00 00 00 00 48 83 c4 10 5b 5d 41 5c
0x00007fd6a7c46988:   c3 0f 1f 80 00 00 00 00 41 54 55 53 48 83 ec 10
0x00007fd6a7c46998:   48 8b 1f 48 85 db 74 3d f6 83 48 05 00 00 01 49
0x00007fd6a7c469a8:   89 f4 89 cd 75 72 83 e2 01 75 5d 83 e5 fd 74 38 

Register to memory mapping:

RAX=0x00007fd6a7c46990: <offset 0x3c9990> in /usr/lib/x86_64-linux-gnu/dri/i965_dri.so at 0x00007fd6a787d000
RBX=0x00007fd69404f730 is an unknown value
RCX=0x0000000000000000 is an unknown value
RDX=0x0000000000000001 is an unknown value
RSP=0x00007fd6ff93e210 is pointing into the stack for thread: 0x00007fd7286eb000
RBP=0x00007fd6a8022300 is an unknown value
RSI=0x00007fd69404f810 is an unknown value
RDI=0x0000000100000000 is an unknown value
R8 =0x0000000000000000 is an unknown value
R9 =0x00007fd6ff1edfc0: <offset 0x42fc0> in /usr/lib/x86_64-linux-gnu/mesa/libGL.so.1 at 0x00007fd6ff1ab000
R10=0x00007fd717eed387 is at entry_point+71 in (nmethod*)0x00007fd717eed1d0
R11=0x00000000d8e7c99d is an unknown value
R12=0x00007fd6a801fe40 is an unknown value
R13=0x0000000000000000 is an unknown value
R14=0x00007fd6a80234f0 is an unknown value
R15=0x0000000000000000 is an unknown value


Stack: [0x00007fd6ff840000,0x00007fd6ff941000],  sp=0x00007fd6ff93e210,  free space=1016k
Native frames: (J=compiled Java code, j=interpreted, Vv=VM code, C=native code)
C  [i965_dri.so+0x3c9998]

Java frames: (J=compiled Java code, j=interpreted, Vv=VM code)
J 1745  jogamp.opengl.x11.glx.GLX.dispatch_glXSwapBuffers0(JJJ)V (0 bytes) @ 0x00007fd717eed387 [0x00007fd717eed340+0x47]
J 1744 C1 jogamp.opengl.x11.glx.GLX.glXSwapBuffers(JJ)V (45 bytes) @ 0x00007fd717f0fb3c [0x00007fd717f0f120+0xa1c]
J 1743 C1 jogamp.opengl.x11.glx.X11GLXDrawable.swapBuffersImpl(Z)V (21 bytes) @ 0x00007fd717f0ec8c [0x00007fd717f0e9e0+0x2ac]
J 1742 C1 jogamp.opengl.GLDrawableImpl.swapBuffers()V (138 bytes) @ 0x00007fd717f0d574 [0x00007fd717f0cea0+0x6d4]
j  jogamp.opengl.GLAutoDrawableBase.defaultSwapBuffers()V+23
j  com.jogamp.newt.opengl.GLWindow.swapBuffers()V+1
j  processing.opengl.PJOGL.swapBuffers()V+15
j  processing.opengl.PGraphicsOpenGL.dispose()V+15
j  processing.core.PApplet.dispose()V+28
j  processing.opengl.PSurfaceJOGL$NEWTWindowListener.windowDestroyNotify(Lcom/jogamp/newt/event/WindowEvent;)V+7
j  jogamp.newt.WindowImpl.consumeWindowEvent(Lcom/jogamp/newt/event/WindowEvent;)V+254
j  jogamp.newt.WindowImpl.sendWindowEvent(I)V+14
j  jogamp.newt.WindowImpl$1.run()V+143
j  jogamp.newt.DisplayImpl.runOnEDTIfAvail(ZLjava/lang/Runnable;)V+172
j  jogamp.newt.WindowImpl.runOnEDTIfAvail(ZLjava/lang/Runnable;)V+36
j  jogamp.newt.WindowImpl.destroy()V+11
j  com.jogamp.newt.opengl.GLWindow.destroy()V+4
j  jogamp.opengl.GLAutoDrawableBase.destroyAvoidAwareOfLocking()V+31
j  jogamp.opengl.GLAutoDrawableBase.defaultWindowDestroyNotifyOp()V+43
j  com.jogamp.newt.opengl.GLWindow.access$000(Lcom/jogamp/newt/opengl/GLWindow;)V+1
j  com.jogamp.newt.opengl.GLWindow$1.run()V+4
j  jogamp.newt.WindowImpl.windowDestroyNotify(Z)Z+147
v  ~StubRoutines::call_stub
J 1441  jogamp.newt.driver.x11.DisplayDriver.DispatchMessages0(JJJII)V (0 bytes) @ 0x00007fd717debeff [0x00007fd717debec0+0x3f]
J 1440 C1 jogamp.newt.driver.x11.DisplayDriver.dispatchMessagesNative()V (66 bytes) @ 0x00007fd717deb414 [0x00007fd717deb080+0x394]
J 1444 C1 jogamp.newt.DisplayImpl.dispatchMessages()V (116 bytes) @ 0x00007fd717de9a74 [0x00007fd717de9020+0xa54]
J 1443 C1 jogamp.newt.DisplayImpl$7.run()V (8 bytes) @ 0x00007fd717dea8cc [0x00007fd717dea7c0+0x10c]
j  jogamp.newt.DefaultEDTUtil$NEDT.run()V+67
v  ~StubRoutines::call_stub

---------------  P R O C E S S  ---------------

Java Threads: ( => current thread )
  0x00007fd694130800 JavaThread "Thread-6" [_thread_in_native, id=9794, stack(0x00007fd704c08000,0x00007fd704d09000)]
  0x00007fd69411d800 JavaThread "Java Sound Event Dispatcher" daemon [_thread_blocked, id=9789, stack(0x00007fd7042db000,0x00007fd7043dc000)]
  0x00007fd72800f800 JavaThread "DestroyJavaVM" [_thread_blocked, id=9732, stack(0x00007fd72e322000,0x00007fd72e423000)]
  0x00007fd728751800 JavaThread "Thread-2" [_thread_blocked, id=9775, stack(0x00007fd6fc077000,0x00007fd6fc178000)]
  0x00007fd728741800 JavaThread "main-SharedResourceRunner" daemon [_thread_blocked, id=9774, stack(0x00007fd6fc5a0000,0x00007fd6fc6a1000)]
  0x00007fd72871d000 JavaThread "main-SharedResourceRunner" daemon [_thread_blocked, id=9773, stack(0x00007fd6fd767000,0x00007fd6fd868000)]
=>0x00007fd7286eb000 JavaThread "main-Display-.x11_:0-1-EDT-1" daemon [_thread_in_native, id=9772, stack(0x00007fd6ff840000,0x00007fd6ff941000)]
  0x00007fd72850e000 JavaThread "process reaper" daemon [_thread_blocked, id=9765, stack(0x00007fd705131000,0x00007fd70516a000)]
  0x00007fd7282bc000 JavaThread "AWT-XAWT" daemon [_thread_in_native, id=9761, stack(0x00007fd70569b000,0x00007fd70579c000)]
  0x00007fd72829c000 JavaThread "Java2D Disposer" daemon [_thread_blocked, id=9760, stack(0x00007fd705bac000,0x00007fd705cad000)]
  0x00007fd7280e0800 JavaThread "Service Thread" daemon [_thread_blocked, id=9758, stack(0x00007fd7078f9000,0x00007fd7079fa000)]
  0x00007fd7280d3000 JavaThread "C1 CompilerThread2" daemon [_thread_blocked, id=9757, stack(0x00007fd7079fa000,0x00007fd707afb000)]
  0x00007fd7280d1800 JavaThread "C2 CompilerThread1" daemon [_thread_blocked, id=9756, stack(0x00007fd707afb000,0x00007fd707bfc000)]
  0x00007fd7280ce800 JavaThread "C2 CompilerThread0" daemon [_thread_blocked, id=9755, stack(0x00007fd707bfc000,0x00007fd707cfd000)]
  0x00007fd6e4001000 JavaThread "JDWP Command Reader" daemon [_thread_in_native, id=9749, stack(0x00007fd707cfd000,0x00007fd707dfe000)]
  0x00007fd7280cc800 JavaThread "JDWP Event Helper Thread" daemon [_thread_blocked, id=9746, stack(0x00007fd707dfe000,0x00007fd707eff000)]
  0x00007fd7280c9000 JavaThread "JDWP Transport Listener: dt_socket" daemon [_thread_blocked, id=9745, stack(0x00007fd707eff000,0x00007fd708000000)]
  0x00007fd7280bb800 JavaThread "Signal Dispatcher" daemon [_thread_blocked, id=9744, stack(0x00007fd70c259000,0x00007fd70c35a000)]
  0x00007fd728084800 JavaThread "Finalizer" daemon [_thread_blocked, id=9740, stack(0x00007fd70c35a000,0x00007fd70c45b000)]
  0x00007fd728082800 JavaThread "Reference Handler" daemon [_thread_blocked, id=9739, stack(0x00007fd70c45b000,0x00007fd70c55c000)]

Other Threads:
  0x00007fd72807d000 VMThread [stack: 0x00007fd70c55c000,0x00007fd70c65d000] [id=9738]
  0x00007fd7280e3800 WatcherThread [stack: 0x00007fd7077f8000,0x00007fd7078f9000] [id=9759]

VM state:not at safepoint (normal execution)

VM Mutex/Monitor currently owned by a thread: None

Heap:
 PSYoungGen      total 44032K, used 4319K [0x000000076d100000, 0x0000000774d80000, 0x00000007c0000000)
  eden space 43008K, 9% used [0x000000076d100000,0x000000076d52fd40,0x000000076fb00000)
  from space 1024K, 3% used [0x0000000774b80000,0x0000000774b88000,0x0000000774c80000)
  to   space 1024K, 0% used [0x0000000774c80000,0x0000000774c80000,0x0000000774d80000)
 ParOldGen       total 171008K, used 9946K [0x00000006c7200000, 0x00000006d1900000, 0x000000076d100000)
  object space 171008K, 5% used [0x00000006c7200000,0x00000006c7bb6970,0x00000006d1900000)
 Metaspace       used 17416K, capacity 17650K, committed 17792K, reserved 1064960K
  class space    used 1554K, capacity 1630K, committed 1664K, reserved 1048576K

Card table byte_map: [0x00007fd716cd6000,0x00007fd71749e000] byte_map_base: 0x00007fd71369d000

Marking Bits: (ParMarkBitMap*) 0x00007fd72d800660
 Begin Bits: [0x00007fd70e833000, 0x00007fd71266b000)
 End Bits:   [0x00007fd71266b000, 0x00007fd7164a3000)

Polling page: 0x00007fd72e447000

CodeCache: size=245760Kb used=7333Kb max_used=7350Kb free=238426Kb
 bounds [0x00007fd71785e000, 0x00007fd717fae000, 0x00007fd72685e000]
 total_blobs=2828 nmethods=1873 adapters=877
 compilation: enabled

Compilation events (10 events):
Event: 45.968 Thread 0x00007fd7280d1800 nmethod 1896 0x00007fd717f5cb50 code [0x00007fd717f5ccc0, 0x00007fd717f5ce98]
Event: 46.074 Thread 0x00007fd7280ce800 nmethod 1895 0x00007fd717f94e50 code [0x00007fd717f95400, 0x00007fd717f99810]
Event: 46.218 Thread 0x00007fd7280d1800 1897       4       processing.opengl.PGraphicsOpenGL::getPolyShader (448 bytes)
Event: 46.221 Thread 0x00007fd7280d1800 nmethod 1897 0x00007fd71795c6d0 code [0x00007fd71795c840, 0x00007fd71795ca18]
Event: 53.516 Thread 0x00007fd7280d3000 1898       3       java.util.EventObject::<init> (24 bytes)
Event: 53.516 Thread 0x00007fd7280d3000 nmethod 1898 0x00007fd717988890 code [0x00007fd717988a20, 0x00007fd717988d08]
Event: 53.652 Thread 0x00007fd7280d3000 1899       3       com.jogamp.newt.event.NEWTEvent::getWhen (5 bytes)
Event: 53.652 Thread 0x00007fd7280d3000 nmethod 1899 0x00007fd71798a510 code [0x00007fd71798a660, 0x00007fd71798a7b0]
Event: 53.897 Thread 0x00007fd7280d3000 1900       3       com.jogamp.newt.event.MouseEvent::getPointerType (23 bytes)
Event: 53.898 Thread 0x00007fd7280d3000 nmethod 1900 0x00007fd71797c710 code [0x00007fd71797c880, 0x00007fd71797ca70]

GC Heap History (10 events):
Event: 52.968 GC heap before
{Heap before GC invocations=53 (full 0):
 PSYoungGen      total 46080K, used 45632K [0x000000076d100000, 0x0000000774e80000, 0x00000007c0000000)
  eden space 45568K, 100% used [0x000000076d100000,0x000000076fd80000,0x000000076fd80000)
  from space 512K, 12% used [0x0000000774e00000,0x0000000774e10000,0x0000000774e80000)
  to   space 1536K, 0% used [0x0000000774b80000,0x0000000774b80000,0x0000000774d00000)
 ParOldGen       total 171008K, used 9922K [0x00000006c7200000, 0x00000006d1900000, 0x000000076d100000)
  object space 171008K, 5% used [0x00000006c7200000,0x00000006c7bb0970,0x00000006d1900000)
 Metaspace       used 17414K, capacity 17650K, committed 17792K, reserved 1064960K
  class space    used 1554K, capacity 1630K, committed 1664K, reserved 1048576K
Event: 52.970 GC heap after
Heap after GC invocations=53 (full 0):
 PSYoungGen      total 46592K, used 32K [0x000000076d100000, 0x0000000774e80000, 0x00000007c0000000)
  eden space 45056K, 0% used [0x000000076d100000,0x000000076d100000,0x000000076fd00000)
  from space 1536K, 2% used [0x0000000774b80000,0x0000000774b88000,0x0000000774d00000)
  to   space 1024K, 0% used [0x0000000774d80000,0x0000000774d80000,0x0000000774e80000)
 ParOldGen       total 171008K, used 9922K [0x00000006c7200000, 0x00000006d1900000, 0x000000076d100000)
  object space 171008K, 5% used [0x00000006c7200000,0x00000006c7bb0970,0x00000006d1900000)
 Metaspace       used 17414K, capacity 17650K, committed 17792K, reserved 1064960K
  class space    used 1554K, capacity 1630K, committed 1664K, reserved 1048576K
}
Event: 53.591 GC heap before
{Heap before GC invocations=54 (full 0):
 PSYoungGen      total 46592K, used 45088K [0x000000076d100000, 0x0000000774e80000, 0x00000007c0000000)
  eden space 45056K, 100% used [0x000000076d100000,0x000000076fd00000,0x000000076fd00000)
  from space 1536K, 2% used [0x0000000774b80000,0x0000000774b88000,0x0000000774d00000)
  to   space 1024K, 0% used [0x0000000774d80000,0x0000000774d80000,0x0000000774e80000)
 ParOldGen       total 171008K, used 9922K [0x00000006c7200000, 0x00000006d1900000, 0x000000076d100000)
  object space 171008K, 5% used [0x00000006c7200000,0x00000006c7bb0970,0x00000006d1900000)
 Metaspace       used 17415K, capacity 17650K, committed 17792K, reserved 1064960K
  class space    used 1554K, capacity 1630K, committed 1664K, reserved 1048576K
Event: 53.592 GC heap after
Heap after GC invocations=54 (full 0):
 PSYoungGen      total 45056K, used 64K [0x000000076d100000, 0x0000000774e00000, 0x00000007c0000000)
  eden space 44544K, 0% used [0x000000076d100000,0x000000076d100000,0x000000076fc80000)
  from space 512K, 12% used [0x0000000774d80000,0x0000000774d90000,0x0000000774e00000)
  to   space 1024K, 0% used [0x0000000774c00000,0x0000000774c00000,0x0000000774d00000)
 ParOldGen       total 171008K, used 9930K [0x00000006c7200000, 0x00000006d1900000, 0x000000076d100000)
  object space 171008K, 5% used [0x00000006c7200000,0x00000006c7bb2970,0x00000006d1900000)
 Metaspace       used 17415K, capacity 17650K, committed 17792K, reserved 1064960K
  class space    used 1554K, capacity 1630K, committed 1664K, reserved 1048576K
}
Event: 54.155 GC heap before
{Heap before GC invocations=55 (full 0):
 PSYoungGen      total 45056K, used 44608K [0x000000076d100000, 0x0000000774e00000, 0x00000007c0000000)
  eden space 44544K, 100% used [0x000000076d100000,0x000000076fc80000,0x000000076fc80000)
  from space 512K, 12% used [0x0000000774d80000,0x0000000774d90000,0x0000000774e00000)
  to   space 1024K, 0% used [0x0000000774c00000,0x0000000774c00000,0x0000000774d00000)
 ParOldGen       total 171008K, used 9930K [0x00000006c7200000, 0x00000006d1900000, 0x000000076d100000)
  object space 171008K, 5% used [0x00000006c7200000,0x00000006c7bb2970,0x00000006d1900000)
 Metaspace       used 17415K, capacity 17650K, committed 17792K, reserved 1064960K
  class space    used 1554K, capacity 1630K, committed 1664K, reserved 1048576K
Event: 54.156 GC heap after
Heap after GC invocations=55 (full 0):
 PSYoungGen      total 45056K, used 32K [0x000000076d100000, 0x0000000774e00000, 0x00000007c0000000)
  eden space 44032K, 0% used [0x000000076d100000,0x000000076d100000,0x000000076fc00000)
  from space 1024K, 3% used [0x0000000774c00000,0x0000000774c08000,0x0000000774d00000)
  to   space 1024K, 0% used [0x0000000774d00000,0x0000000774d00000,0x0000000774e00000)
 ParOldGen       total 171008K, used 9938K [0x00000006c7200000, 0x00000006d1900000, 0x000000076d100000)
  object space 171008K, 5% used [0x00000006c7200000,0x00000006c7bb4970,0x00000006d1900000)
 Metaspace       used 17415K, capacity 17650K, committed 17792K, reserved 1064960K
  class space    used 1554K, capacity 1630K, committed 1664K, reserved 1048576K
}
Event: 54.678 GC heap before
{Heap before GC invocations=56 (full 0):
 PSYoungGen      total 45056K, used 44064K [0x000000076d100000, 0x0000000774e00000, 0x00000007c0000000)
  eden space 44032K, 100% used [0x000000076d100000,0x000000076fc00000,0x000000076fc00000)
  from space 1024K, 3% used [0x0000000774c00000,0x0000000774c08000,0x0000000774d00000)
  to   space 1024K, 0% used [0x0000000774d00000,0x0000000774d00000,0x0000000774e00000)
 ParOldGen       total 171008K, used 9938K [0x00000006c7200000, 0x00000006d1900000, 0x000000076d100000)
  object space 171008K, 5% used [0x00000006c7200000,0x00000006c7bb4970,0x00000006d1900000)
 Metaspace       used 17415K, capacity 17650K, committed 17792K, reserved 1064960K
  class space    used 1554K, capacity 1630K, committed 1664K, reserved 1048576K
Event: 54.679 GC heap after
Heap after GC invocations=56 (full 0):
 PSYoungGen      total 44032K, used 32K [0x000000076d100000, 0x0000000774d80000, 0x00000007c0000000)
  eden space 43520K, 0% used [0x000000076d100000,0x000000076d100000,0x000000076fb80000)
  from space 512K, 6% used [0x0000000774d00000,0x0000000774d08000,0x0000000774d80000)
  to   space 1024K, 0% used [0x0000000774b80000,0x0000000774b80000,0x0000000774c80000)
 ParOldGen       total 171008K, used 9946K [0x00000006c7200000, 0x00000006d1900000, 0x000000076d100000)
  object space 171008K, 5% used [0x00000006c7200000,0x00000006c7bb6970,0x00000006d1900000)
 Metaspace       used 17415K, capacity 17650K, committed 17792K, reserved 1064960K
  class space    used 1554K, capacity 1630K, committed 1664K, reserved 1048576K
}
Event: 55.301 GC heap before
{Heap before GC invocations=57 (full 0):
 PSYoungGen      total 44032K, used 43552K [0x000000076d100000, 0x0000000774d80000, 0x00000007c0000000)
  eden space 43520K, 100% used [0x000000076d100000,0x000000076fb80000,0x000000076fb80000)
  from space 512K, 6% used [0x0000000774d00000,0x0000000774d08000,0x0000000774d80000)
  to   space 1024K, 0% used [0x0000000774b80000,0x0000000774b80000,0x0000000774c80000)
 ParOldGen       total 171008K, used 9946K [0x00000006c7200000, 0x00000006d1900000, 0x000000076d100000)
  object space 171008K, 5% used [0x00000006c7200000,0x00000006c7bb6970,0x00000006d1900000)
 Metaspace       used 17415K, capacity 17650K, committed 17792K, reserved 1064960K
  class space    used 1554K, capacity 1630K, committed 1664K, reserved 1048576K
Event: 55.303 GC heap after
Heap after GC invocations=57 (full 0):
 PSYoungGen      total 44032K, used 32K [0x000000076d100000, 0x0000000774d80000, 0x00000007c0000000)
  eden space 43008K, 0% used [0x000000076d100000,0x000000076d100000,0x000000076fb00000)
  from space 1024K, 3% used [0x0000000774b80000,0x0000000774b88000,0x0000000774c80000)
  to   space 1024K, 0% used [0x0000000774c80000,0x0000000774c80000,0x0000000774d80000)
 ParOldGen       total 171008K, used 9946K [0x00000006c7200000, 0x00000006d1900000, 0x000000076d100000)
  object space 171008K, 5% used [0x00000006c7200000,0x00000006c7bb6970,0x00000006d1900000)
 Metaspace       used 17415K, capacity 17650K, committed 17792K, reserved 1064960K
  class space    used 1554K, capacity 1630K, committed 1664K, reserved 1048576K
}

Deoptimization events (9 events):
Event: 0.700 Thread 0x00007fd72800f800 Uncommon trap: reason=unstable_if action=reinterpret pc=0x00007fd7179a5d5c method=java.lang.String.indexOf(II)I @ 49
Event: 0.936 Thread 0x00007fd72800f800 Uncommon trap: reason=unstable_if action=reinterpret pc=0x00007fd717a29d7c method=java.lang.String.indexOf([CII[CIII)I @ 3
Event: 1.974 Thread 0x00007fd72800f800 Uncommon trap: reason=unstable_if action=reinterpret pc=0x00007fd717c0076c method=java.lang.reflect.AccessibleObject.setAccessible0(Ljava/lang/reflect/AccessibleObject;Z)V @ 4
Event: 2.101 Thread 0x00007fd72874d000 Uncommon trap: reason=unstable_if action=reinterpret pc=0x00007fd717b3d7b4 method=sun.misc.MetaIndex.mayContain(Ljava/lang/String;)Z @ 38
Event: 2.120 Thread 0x00007fd72874d000 Uncommon trap: reason=unstable_if action=reinterpret pc=0x00007fd717b3a858 method=sun.misc.MetaIndex.mayContain(Ljava/lang/String;)Z @ 38
Event: 2.171 Thread 0x00007fd72874d000 Uncommon trap: reason=unstable_if action=reinterpret pc=0x00007fd717c33e8c method=javax.sound.sampled.AudioFormat.matches(Ljavax/sound/sampled/AudioFormat;)Z @ 112
Event: 2.191 Thread 0x00007fd694130800 Uncommon trap: reason=unstable_if action=reinterpret pc=0x00007fd717c37640 method=ddf.minim.javasound.FloatSampleTools.quantize16(FF)I @ 42
Event: 2.461 Thread 0x00007fd72874d000 Uncommon trap: reason=unstable_if action=reinterpret pc=0x00007fd717ccb5b4 method=processing.opengl.PGraphicsOpenGL$Tessellator.addLineSegment3D(IIIII[SZ)I @ 68
Event: 44.139 Thread 0x00007fd72874d000 Uncommon trap: reason=unstable_if action=reinterpret pc=0x00007fd717daea84 method=sun.misc.FloatingDecimal$BinaryToASCIIBuffer.dtoa(IJIZ)V @ 714

Internal exceptions (10 events):
Event: 0.654 Thread 0x00007fd72800f800 Exception <a 'java/security/PrivilegedActionException'> (0x000000076d7b0d20) thrown at [/HUDSON/workspace/8-2-build-linux-amd64/jdk8u51/3951/hotspot/src/share/vm/prims/jvm.cpp, line 1382]
Event: 0.655 Thread 0x00007fd72800f800 Exception <a 'java/security/PrivilegedActionException'> (0x000000076d7b0ed8) thrown at [/HUDSON/workspace/8-2-build-linux-amd64/jdk8u51/3951/hotspot/src/share/vm/prims/jvm.cpp, line 1382]
Event: 0.655 Thread 0x00007fd72800f800 Exception <a 'java/security/PrivilegedActionException'> (0x000000076d7b3190) thrown at [/HUDSON/workspace/8-2-build-linux-amd64/jdk8u51/3951/hotspot/src/share/vm/prims/jvm.cpp, line 1382]
Event: 0.655 Thread 0x00007fd72800f800 Exception <a 'java/security/PrivilegedActionException'> (0x000000076d7b3348) thrown at [/HUDSON/workspace/8-2-build-linux-amd64/jdk8u51/3951/hotspot/src/share/vm/prims/jvm.cpp, line 1382]
Event: 0.659 Thread 0x00007fd72800f800 Exception <a 'java/io/FileNotFoundException'> (0x000000076d7bd0a0) thrown at [/HUDSON/workspace/8-2-build-linux-amd64/jdk8u51/3951/hotspot/src/share/vm/prims/jni.cpp, line 709]
Event: 0.659 Thread 0x00007fd72800f800 Exception <a 'java/io/FileNotFoundException'> (0x000000076d7bda28) thrown at [/HUDSON/workspace/8-2-build-linux-amd64/jdk8u51/3951/hotspot/src/share/vm/prims/jni.cpp, line 709]
Event: 0.730 Thread 0x00007fd72800f800 Exception <a 'java/lang/NoSuchFieldError': method resolution failed> (0x000000076d8c3988) thrown at [/HUDSON/workspace/8-2-build-linux-amd64/jdk8u51/3951/hotspot/src/share/vm/prims/methodHandles.cpp, line 1125]
Event: 0.735 Thread 0x00007fd72800f800 Exception <a 'java/lang/NoSuchFieldError': method resolution failed> (0x000000076d8d2348) thrown at [/HUDSON/workspace/8-2-build-linux-amd64/jdk8u51/3951/hotspot/src/share/vm/prims/methodHandles.cpp, line 1125]
Event: 1.801 Thread 0x00007fd72800f800 Exception <a 'java/lang/InterruptedException'> (0x000000076f3d51d0) thrown at [/HUDSON/workspace/8-2-build-linux-amd64/jdk8u51/3951/hotspot/src/share/vm/runtime/objectMonitor.cpp, line 1683]
Event: 1.970 Thread 0x00007fd72800f800 Exception <a 'java/lang/InterruptedException'> (0x000000076f3e0670) thrown at [/HUDSON/workspace/8-2-build-linux-amd64/jdk8u51/3951/hotspot/src/share/vm/runtime/objectMonitor.cpp, line 1683]

Events (10 events):
Event: 55.301 Executing VM operation: ParallelGCFailedAllocation
Event: 55.303 Executing VM operation: ParallelGCFailedAllocation done
Event: 55.306 Thread 0x00007fd72874d000 DEOPT PACKING pc=0x00007fd717f29289 sp=0x00007fd6a607cfe0
Event: 55.306 Thread 0x00007fd72874d000 DEOPT UNPACKING pc=0x00007fd7178a5633 sp=0x00007fd6a607cd78 mode 1
Event: 55.307 Thread 0x00007fd72874d000 DEOPT PACKING pc=0x00007fd717f014ac sp=0x00007fd6a607d070
Event: 55.307 Thread 0x00007fd72874d000 DEOPT UNPACKING pc=0x00007fd7178a5633 sp=0x00007fd6a607cdc8 mode 1
Event: 55.326 Thread 0x00007fd72874d000 DEOPT PACKING pc=0x00007fd717f29289 sp=0x00007fd6a607cfe0
Event: 55.326 Thread 0x00007fd72874d000 DEOPT UNPACKING pc=0x00007fd7178a5633 sp=0x00007fd6a607cd78 mode 1
Event: 55.326 Thread 0x00007fd72874d000 DEOPT PACKING pc=0x00007fd717f014ac sp=0x00007fd6a607d070
Event: 55.326 Thread 0x00007fd72874d000 DEOPT UNPACKING pc=0x00007fd7178a5633 sp=0x00007fd6a607cdc8 mode 1


Dynamic libraries:
00400000-00401000 r-xp 00000000 08:02 6695910                            /usr/bin/processing-3.0/java/bin/java
00600000-00601000 rw-p 00000000 08:02 6695910                            /usr/bin/processing-3.0/java/bin/java
00cfe000-00d1f000 rw-p 00000000 00:00 0                                  [heap]
6c7200000-6d1900000 rw-p 00000000 00:00 0 
6d1900000-76d100000 ---p 00000000 00:00 0 
76d100000-774d80000 rw-p 00000000 00:00 0 
774d80000-7c0000000 ---p 00000000 00:00 0 
7c0000000-7c01a0000 rw-p 00000000 00:00 0 
7c01a0000-800000000 ---p 00000000 00:00 0 
7fd680000000-7fd68028d000 rw-p 00000000 00:00 0 
7fd68028d000-7fd684000000 ---p 00000000 00:00 0 
7fd68bffe000-7fd68ffff000 r--s 00000000 00:16 18791                      /run/shm/pulse-shm-3302753902
7fd68ffff000-7fd694000000 rw-s 00000000 00:16 156024                     /run/shm/pulse-shm-2897402279
7fd694000000-7fd694bc6000 rw-p 00000000 00:00 0 
7fd694bc6000-7fd698000000 ---p 00000000 00:00 0 
7fd69a7a6000-7fd69a7a7000 ---p 00000000 00:00 0 
7fd69a7a7000-7fd69afa7000 rw-p 00000000 00:00 0 
7fd69afa7000-7fd69afa8000 ---p 00000000 00:00 0 
7fd69afa8000-7fd69b7a8000 rw-p 00000000 00:00 0                          [stack:9790]
7fd69b7a8000-7fd69b7ae000 r-xp 00000000 08:02 6947199                    /usr/lib/x86_64-linux-gnu/alsa-lib/libasound_module_pcm_pulse.so
7fd69b7ae000-7fd69b9ad000 ---p 00006000 08:02 6947199                    /usr/lib/x86_64-linux-gnu/alsa-lib/libasound_module_pcm_pulse.so
7fd69b9ad000-7fd69b9ae000 r--p 00005000 08:02 6947199                    /usr/lib/x86_64-linux-gnu/alsa-lib/libasound_module_pcm_pulse.so
7fd69b9ae000-7fd69b9af000 rw-p 00006000 08:02 6947199                    /usr/lib/x86_64-linux-gnu/alsa-lib/libasound_module_pcm_pulse.so
7fd69b9af000-7fd69b9c6000 r-xp 00000000 08:02 13635816                   /lib/x86_64-linux-gnu/libresolv-2.19.so
7fd69b9c6000-7fd69bbc6000 ---p 00017000 08:02 13635816                   /lib/x86_64-linux-gnu/libresolv-2.19.so
7fd69bbc6000-7fd69bbc7000 r--p 00017000 08:02 13635816                   /lib/x86_64-linux-gnu/libresolv-2.19.so
7fd69bbc7000-7fd69bbc8000 rw-p 00018000 08:02 13635816                   /lib/x86_64-linux-gnu/libresolv-2.19.so
7fd69bbc8000-7fd69bbca000 rw-p 00000000 00:00 0 
7fd69bbca000-7fd69bbd1000 r-xp 00000000 08:02 6562227                    /usr/lib/x86_64-linux-gnu/libogg.so.0.8.1
7fd69bbd1000-7fd69bdd1000 ---p 00007000 08:02 6562227                    /usr/lib/x86_64-linux-gnu/libogg.so.0.8.1
7fd69bdd1000-7fd69bdd2000 r--p 00007000 08:02 6562227                    /usr/lib/x86_64-linux-gnu/libogg.so.0.8.1
7fd69bdd2000-7fd69bdd3000 rw-p 00008000 08:02 6562227                    /usr/lib/x86_64-linux-gnu/libogg.so.0.8.1
7fd69bdd3000-7fd69bdff000 r-xp 00000000 08:02 6562501                    /usr/lib/x86_64-linux-gnu/libvorbis.so.0.4.5
7fd69bdff000-7fd69bffe000 ---p 0002c000 08:02 6562501                    /usr/lib/x86_64-linux-gnu/libvorbis.so.0.4.5
7fd69bffe000-7fd69bfff000 r--p 0002b000 08:02 6562501                    /usr/lib/x86_64-linux-gnu/libvorbis.so.0.4.5
7fd69bfff000-7fd69c000000 rw-p 0002c000 08:02 6562501                    /usr/lib/x86_64-linux-gnu/libvorbis.so.0.4.5
7fd69c000000-7fd69c021000 rw-p 00000000 00:00 0 
7fd69c021000-7fd6a0000000 ---p 00000000 00:00 0 
7fd6a0000000-7fd6a308a000 rw-p 00000000 00:00 0 
7fd6a308a000-7fd6a4000000 ---p 00000000 00:00 0 
7fd6a4149000-7fd6a43fc000 r-xp 00000000 08:02 6562503                    /usr/lib/x86_64-linux-gnu/libvorbisenc.so.2.0.8
7fd6a43fc000-7fd6a45fb000 ---p 002b3000 08:02 6562503                    /usr/lib/x86_64-linux-gnu/libvorbisenc.so.2.0.8
7fd6a45fb000-7fd6a4617000 r--p 002b2000 08:02 6562503                    /usr/lib/x86_64-linux-gnu/libvorbisenc.so.2.0.8
7fd6a4617000-7fd6a4618000 rw-p 002ce000 08:02 6562503                    /usr/lib/x86_64-linux-gnu/libvorbisenc.so.2.0.8
7fd6a4618000-7fd6a4648000 r-xp 00000000 08:02 6561366                    /usr/lib/x86_64-linux-gnu/libFLAC.so.8.3.0
7fd6a4648000-7fd6a4847000 ---p 00030000 08:02 6561366                    /usr/lib/x86_64-linux-gnu/libFLAC.so.8.3.0
7fd6a4847000-7fd6a4848000 r--p 0002f000 08:02 6561366                    /usr/lib/x86_64-linux-gnu/libFLAC.so.8.3.0
7fd6a4848000-7fd6a4849000 rw-p 00030000 08:02 6561366                    /usr/lib/x86_64-linux-gnu/libFLAC.so.8.3.0
7fd6a4849000-7fd6a484e000 r-xp 00000000 08:02 6561598                    /usr/lib/x86_64-linux-gnu/libasyncns.so.0.3.1
7fd6a484e000-7fd6a4a4d000 ---p 00005000 08:02 6561598                    /usr/lib/x86_64-linux-gnu/libasyncns.so.0.3.1
7fd6a4a4d000-7fd6a4a4e000 r--p 00004000 08:02 6561598                    /usr/lib/x86_64-linux-gnu/libasyncns.so.0.3.1
7fd6a4a4e000-7fd6a4a4f000 rw-p 00005000 08:02 6561598                    /usr/lib/x86_64-linux-gnu/libasyncns.so.0.3.1
7fd6a4a4f000-7fd6a4ab0000 r-xp 00000000 08:02 6562384                    /usr/lib/x86_64-linux-gnu/libsndfile.so.1.0.25
7fd6a4ab0000-7fd6a4cb0000 ---p 00061000 08:02 6562384                    /usr/lib/x86_64-linux-gnu/libsndfile.so.1.0.25
7fd6a4cb0000-7fd6a4cb2000 r--p 00061000 08:02 6562384                    /usr/lib/x86_64-linux-gnu/libsndfile.so.1.0.25
7fd6a4cb2000-7fd6a4cb3000 rw-p 00063000 08:02 6562384                    /usr/lib/x86_64-linux-gnu/libsndfile.so.1.0.25
7fd6a4cb3000-7fd6a4cb7000 rw-p 00000000 00:00 0 
7fd6a4cb7000-7fd6a4cbf000 r-xp 00000000 08:02 13635850                   /lib/x86_64-linux-gnu/libwrap.so.0.7.6
7fd6a4cbf000-7fd6a4ebe000 ---p 00008000 08:02 13635850                   /lib/x86_64-linux-gnu/libwrap.so.0.7.6
7fd6a4ebe000-7fd6a4ebf000 r--p 00007000 08:02 13635850                   /lib/x86_64-linux-gnu/libwrap.so.0.7.6
7fd6a4ebf000-7fd6a4ec0000 rw-p 00008000 08:02 13635850                   /lib/x86_64-linux-gnu/libwrap.so.0.7.6
7fd6a4ec0000-7fd6a4ec1000 rw-p 00000000 00:00 0 
7fd6a4ec1000-7fd6a4f27000 r-xp 00000000 08:02 6948471                    /usr/lib/x86_64-linux-gnu/pulseaudio/libpulsecommon-4.0.so
7fd6a4f27000-7fd6a5126000 ---p 00066000 08:02 6948471                    /usr/lib/x86_64-linux-gnu/pulseaudio/libpulsecommon-4.0.so
7fd6a5126000-7fd6a5127000 r--p 00065000 08:02 6948471                    /usr/lib/x86_64-linux-gnu/pulseaudio/libpulsecommon-4.0.so
7fd6a5127000-7fd6a5128000 rw-p 00066000 08:02 6948471                    /usr/lib/x86_64-linux-gnu/pulseaudio/libpulsecommon-4.0.so
7fd6a5128000-7fd6a5132000 r-xp 00000000 08:02 13635730                   /lib/x86_64-linux-gnu/libjson-c.so.2.0.0
7fd6a5132000-7fd6a5331000 ---p 0000a000 08:02 13635730                   /lib/x86_64-linux-gnu/libjson-c.so.2.0.0
7fd6a5331000-7fd6a5332000 r--p 00009000 08:02 13635730                   /lib/x86_64-linux-gnu/libjson-c.so.2.0.0
7fd6a5332000-7fd6a5333000 rw-p 0000a000 08:02 13635730                   /lib/x86_64-linux-gnu/libjson-c.so.2.0.0
7fd6a5333000-7fd6a537a000 r-xp 00000000 08:02 6562296                    /usr/lib/x86_64-linux-gnu/libpulse.so.0.16.2
7fd6a537a000-7fd6a557a000 ---p 00047000 08:02 6562296                    /usr/lib/x86_64-linux-gnu/libpulse.so.0.16.2
7fd6a557a000-7fd6a557b000 r--p 00047000 08:02 6562296                    /usr/lib/x86_64-linux-gnu/libpulse.so.0.16.2
7fd6a557b000-7fd6a557c000 rw-p 00048000 08:02 6562296                    /usr/lib/x86_64-linux-gnu/libpulse.so.0.16.2
7fd6a577e000-7fd6a5867000 r-xp 00000000 08:02 6561590                    /usr/lib/x86_64-linux-gnu/libasound.so.2.0.0
7fd6a5867000-7fd6a5a66000 ---p 000e9000 08:02 6561590                    /usr/lib/x86_64-linux-gnu/libasound.so.2.0.0
7fd6a5a66000-7fd6a5a6d000 r--p 000e8000 08:02 6561590                    /usr/lib/x86_64-linux-gnu/libasound.so.2.0.0
7fd6a5a6d000-7fd6a5a6e000 rw-p 000ef000 08:02 6561590                    /usr/lib/x86_64-linux-gnu/libasound.so.2.0.0
7fd6a5a6e000-7fd6a5a7d000 r-xp 00000000 08:02 8012164                    /usr/bin/processing-3.0/java/lib/amd64/libjsoundalsa.so
7fd6a5a7d000-7fd6a5c7c000 ---p 0000f000 08:02 8012164                    /usr/bin/processing-3.0/java/lib/amd64/libjsoundalsa.so
7fd6a5c7c000-7fd6a5c7d000 rw-p 0000e000 08:02 8012164                    /usr/bin/processing-3.0/java/lib/amd64/libjsoundalsa.so
7fd6a5c7d000-7fd6a5c7e000 r-xp 00000000 08:02 8012181                    /usr/bin/processing-3.0/java/lib/amd64/libjsound.so
7fd6a5c7e000-7fd6a5e7d000 ---p 00001000 08:02 8012181                    /usr/bin/processing-3.0/java/lib/amd64/libjsound.so
7fd6a5e7d000-7fd6a5e7e000 rw-p 00000000 08:02 8012181                    /usr/bin/processing-3.0/java/lib/amd64/libjsound.so
7fd6a5e7e000-7fd6a5f7e000 rw-s 148f06000 00:06 10208                     /dev/dri/card0
7fd6a5f7e000-7fd6a5f81000 ---p 00000000 00:00 0 
7fd6a5f81000-7fd6a623f000 rw-p 00000000 00:00 0 
7fd6a623f000-7fd6a627f000 ---p 00000000 00:00 0 
7fd6a627f000-7fd6a62c3000 r-xp 00000000 08:02 13635704                   /lib/x86_64-linux-gnu/libdbus-1.so.3.7.6
7fd6a62c3000-7fd6a64c2000 ---p 00044000 08:02 13635704                   /lib/x86_64-linux-gnu/libdbus-1.so.3.7.6
7fd6a64c2000-7fd6a64c3000 r--p 00043000 08:02 13635704                   /lib/x86_64-linux-gnu/libdbus-1.so.3.7.6
7fd6a64c3000-7fd6a64c4000 rw-p 00044000 08:02 13635704                   /lib/x86_64-linux-gnu/libdbus-1.so.3.7.6
7fd6a64c4000-7fd6a64cc000 r-xp 00000000 08:02 13635752                   /lib/x86_64-linux-gnu/libnih-dbus.so.1.0.0
7fd6a64cc000-7fd6a66cc000 ---p 00008000 08:02 13635752                   /lib/x86_64-linux-gnu/libnih-dbus.so.1.0.0
7fd6a66cc000-7fd6a66cd000 r--p 00008000 08:02 13635752                   /lib/x86_64-linux-gnu/libnih-dbus.so.1.0.0
7fd6a66cd000-7fd6a66ce000 rw-p 00009000 08:02 13635752                   /lib/x86_64-linux-gnu/libnih-dbus.so.1.0.0
7fd6a66ce000-7fd6a66e5000 r-xp 00000000 08:02 13635754                   /lib/x86_64-linux-gnu/libnih.so.1.0.0
7fd6a66e5000-7fd6a68e4000 ---p 00017000 08:02 13635754                   /lib/x86_64-linux-gnu/libnih.so.1.0.0
7fd6a68e4000-7fd6a68e5000 r--p 00016000 08:02 13635754                   /lib/x86_64-linux-gnu/libnih.so.1.0.0
7fd6a68e5000-7fd6a68e6000 rw-p 00017000 08:02 13635754                   /lib/x86_64-linux-gnu/libnih.so.1.0.0
7fd6a68e6000-7fd6a68ff000 r-xp 00000000 08:02 13635695                   /lib/x86_64-linux-gnu/libcgmanager.so.0.0.0
7fd6a68ff000-7fd6a6afe000 ---p 00019000 08:02 13635695                   /lib/x86_64-linux-gnu/libcgmanager.so.0.0.0
7fd6a6afe000-7fd6a6b00000 r--p 00018000 08:02 13635695                   /lib/x86_64-linux-gnu/libcgmanager.so.0.0.0
7fd6a6b00000-7fd6a6b01000 rw-p 0001a000 08:02 13635695                   /lib/x86_64-linux-gnu/libcgmanager.so.0.0.0
7fd6a6b01000-7fd6a6b11000 r-xp 00000000 08:02 13635838                   /lib/x86_64-linux-gnu/libudev.so.1.3.5
7fd6a6b11000-7fd6a6d10000 ---p 00010000 08:02 13635838                   /lib/x86_64-linux-gnu/libudev.so.1.3.5
7fd6a6d10000-7fd6a6d11000 r--p 0000f000 08:02 13635838                   /lib/x86_64-linux-gnu/libudev.so.1.3.5
7fd6a6d11000-7fd6a6d12000 rw-p 00010000 08:02 13635838                   /lib/x86_64-linux-gnu/libudev.so.1.3.5
7fd6a6d12000-7fd6a6d49000 r-xp 00000000 08:02 6562454                    /usr/lib/x86_64-linux-gnu/libtxc_dxtn_s2tc.so.0.0.0
7fd6a6d49000-7fd6a6f48000 ---p 00037000 08:02 6562454                    /usr/lib/x86_64-linux-gnu/libtxc_dxtn_s2tc.so.0.0.0
7fd6a6f48000-7fd6a6f49000 r--p 00036000 08:02 6562454                    /usr/lib/x86_64-linux-gnu/libtxc_dxtn_s2tc.so.0.0.0
7fd6a6f49000-7fd6a6f4a000 rw-p 00037000 08:02 6562454                    /usr/lib/x86_64-linux-gnu/libtxc_dxtn_s2tc.so.0.0.0
7fd6a6f4a000-7fd6a6f62000 r-xp 00000000 08:02 13635853                   /lib/x86_64-linux-gnu/libz.so.1.2.8
7fd6a6f62000-7fd6a7161000 ---p 00018000 08:02 13635853                   /lib/x86_64-linux-gnu/libz.so.1.2.8
7fd6a7161000-7fd6a7162000 r--p 00017000 08:02 13635853                   /lib/x86_64-linux-gnu/libz.so.1.2.8
7fd6a7162000-7fd6a7163000 rw-p 00018000 08:02 13635853                   /lib/x86_64-linux-gnu/libz.so.1.2.8
7fd6a7163000-7fd6a716b000 r-xp 00000000 08:02 6562259                    /usr/lib/x86_64-linux-gnu/libpciaccess.so.0.11.1
7fd6a716b000-7fd6a736a000 ---p 00008000 08:02 6562259                    /usr/lib/x86_64-linux-gnu/libpciaccess.so.0.11.1
7fd6a736a000-7fd6a736b000 r--p 00007000 08:02 6562259                    /usr/lib/x86_64-linux-gnu/libpciaccess.so.0.11.1
7fd6a736b000-7fd6a736c000 rw-p 00008000 08:02 6562259                    /usr/lib/x86_64-linux-gnu/libpciaccess.so.0.11.1
7fd6a736c000-7fd6a7452000 r-xp 00000000 08:02 6562412                    /usr/lib/x86_64-linux-gnu/libstdc++.so.6.0.19
7fd6a7452000-7fd6a7651000 ---p 000e6000 08:02 6562412                    /usr/lib/x86_64-linux-gnu/libstdc++.so.6.0.19
7fd6a7651000-7fd6a7659000 r--p 000e5000 08:02 6562412                    /usr/lib/x86_64-linux-gnu/libstdc++.so.6.0.19
7fd6a7659000-7fd6a765b000 rw-p 000ed000 08:02 6562412                    /usr/lib/x86_64-linux-gnu/libstdc++.so.6.0.19
7fd6a765b000-7fd6a7670000 rw-p 00000000 00:00 0 
7fd6a7670000-7fd6a767c000 r-xp 00000000 08:02 6561756                    /usr/lib/x86_64-linux-gnu/libdrm_radeon.so.1.0.1
7fd6a767c000-7fd6a787b000 ---p 0000c000 08:02 6561756                    /usr/lib/x86_64-linux-gnu/libdrm_radeon.so.1.0.1
7fd6a787b000-7fd6a787c000 r--p 0000b000 08:02 6561756                    /usr/lib/x86_64-linux-gnu/libdrm_radeon.so.1.0.1
7fd6a787c000-7fd6a787d000 rw-p 0000c000 08:02 6561756                    /usr/lib/x86_64-linux-gnu/libdrm_radeon.so.1.0.1
7fd6a787d000-7fd6a7dd1000 r-xp 00000000 08:02 6947244                    /usr/lib/x86_64-linux-gnu/dri/i965_dri.so
7fd6a7dd1000-7fd6a7fd1000 ---p 00554000 08:02 6947244                    /usr/lib/x86_64-linux-gnu/dri/i965_dri.so
7fd6a7fd1000-7fd6a7ff2000 r--p 00554000 08:02 6947244                    /usr/lib/x86_64-linux-gnu/dri/i965_dri.so
7fd6a7ff2000-7fd6a7ff9000 rw-p 00575000 08:02 6947244                    /usr/lib/x86_64-linux-gnu/dri/i965_dri.so
7fd6a7ff9000-7fd6a8000000 rw-p 00000000 00:00 0 
7fd6a8000000-7fd6a874a000 rw-p 00000000 00:00 0 
7fd6a874a000-7fd6ac000000 ---p 00000000 00:00 0 
7fd6ac000000-7fd6aeded000 rw-p 00000000 00:00 0 
7fd6aeded000-7fd6b0000000 ---p 00000000 00:00 0 
7fd6b0000000-7fd6b0021000 rw-p 00000000 00:00 0 
7fd6b0021000-7fd6b4000000 ---p 00000000 00:00 0 
7fd6b4000000-7fd6b4021000 rw-p 00000000 00:00 0 
7fd6b4021000-7fd6b8000000 ---p 00000000 00:00 0 
7fd6b8000000-7fd6b8021000 rw-p 00000000 00:00 0 
7fd6b8021000-7fd6bc000000 ---p 00000000 00:00 0 
7fd6bc000000-7fd6bc021000 rw-p 00000000 00:00 0 
7fd6bc021000-7fd6c0000000 ---p 00000000 00:00 0 
7fd6c0000000-7fd6c0021000 rw-p 00000000 00:00 0 
7fd6c0021000-7fd6c4000000 ---p 00000000 00:00 0 
7fd6c4000000-7fd6c4021000 rw-p 00000000 00:00 0 
7fd6c4021000-7fd6c8000000 ---p 00000000 00:00 0 
7fd6c8000000-7fd6c840e000 rw-p 00000000 00:00 0 
7fd6c840e000-7fd6cc000000 ---p 00000000 00:00 0 
7fd6cc000000-7fd6cc021000 rw-p 00000000 00:00 0 
7fd6cc021000-7fd6d0000000 ---p 00000000 00:00 0 
7fd6d0000000-7fd6d11a4000 rw-p 00000000 00:00 0 
7fd6d11a4000-7fd6d4000000 ---p 00000000 00:00 0 
7fd6d4000000-7fd6d43af000 rw-p 00000000 00:00 0 
7fd6d43af000-7fd6d8000000 ---p 00000000 00:00 0 
7fd6d8000000-7fd6d8021000 rw-p 00000000 00:00 0 
7fd6d8021000-7fd6dc000000 ---p 00000000 00:00 0 
7fd6dc000000-7fd6dc021000 rw-p 00000000 00:00 0 
7fd6dc021000-7fd6e0000000 ---p 00000000 00:00 0 
7fd6e0000000-7fd6e0021000 rw-p 00000000 00:00 0 
7fd6e0021000-7fd6e4000000 ---p 00000000 00:00 0 
7fd6e4000000-7fd6e4021000 rw-p 00000000 00:00 0 
7fd6e4021000-7fd6e8000000 ---p 00000000 00:00 0 
7fd6e8000000-7fd6e8021000 rw-p 00000000 00:00 0 
7fd6e8021000-7fd6ec000000 ---p 00000000 00:00 0 
7fd6ec000000-7fd6ec021000 rw-p 00000000 00:00 0 
7fd6ec021000-7fd6f0000000 ---p 00000000 00:00 0 
7fd6f0000000-7fd6f0021000 rw-p 00000000 00:00 0 
7fd6f0021000-7fd6f4000000 ---p 00000000 00:00 0 
7fd6f4000000-7fd6f4021000 rw-p 00000000 00:00 0 
7fd6f4021000-7fd6f8000000 ---p 00000000 00:00 0 
7fd6f8000000-7fd6f8021000 rw-p 00000000 00:00 0 
7fd6f8021000-7fd6fc000000 ---p 00000000 00:00 0 
7fd6fc077000-7fd6fc07a000 ---p 00000000 00:00 0 
7fd6fc07a000-7fd6fc178000 rw-p 00000000 00:00 0                          [stack:9775]
7fd6fc178000-7fd6fc17e000 r-xp 00000000 08:02 6561754                    /usr/lib/x86_64-linux-gnu/libdrm_nouveau.so.2.0.0
7fd6fc17e000-7fd6fc37d000 ---p 00006000 08:02 6561754                    /usr/lib/x86_64-linux-gnu/libdrm_nouveau.so.2.0.0
7fd6fc37d000-7fd6fc37e000 r--p 00005000 08:02 6561754                    /usr/lib/x86_64-linux-gnu/libdrm_nouveau.so.2.0.0
7fd6fc37e000-7fd6fc37f000 rw-p 00006000 08:02 6561754                    /usr/lib/x86_64-linux-gnu/libdrm_nouveau.so.2.0.0
7fd6fc37f000-7fd6fc39f000 r-xp 00000000 08:02 6561752                    /usr/lib/x86_64-linux-gnu/libdrm_intel.so.1.0.0
7fd6fc39f000-7fd6fc59e000 ---p 00020000 08:02 6561752                    /usr/lib/x86_64-linux-gnu/libdrm_intel.so.1.0.0
7fd6fc59e000-7fd6fc59f000 r--p 0001f000 08:02 6561752                    /usr/lib/x86_64-linux-gnu/libdrm_intel.so.1.0.0
7fd6fc59f000-7fd6fc5a0000 rw-p 00020000 08:02 6561752                    /usr/lib/x86_64-linux-gnu/libdrm_intel.so.1.0.0
7fd6fc5a0000-7fd6fc5a3000 ---p 00000000 00:00 0 
7fd6fc5a3000-7fd6fc6a1000 rw-p 00000000 00:00 0                          [stack:9774]
7fd6fc6a1000-7fd6fc6fa000 r-xp 00000000 08:02 4721853                    /tmp/jogamp_0000/file_cache/jln7147488889214392304/jln7484017696383188469/libjogl_mobile.so
7fd6fc6fa000-7fd6fc8fa000 ---p 00059000 08:02 4721853                    /tmp/jogamp_0000/file_cache/jln7147488889214392304/jln7484017696383188469/libjogl_mobile.so
7fd6fc8fa000-7fd6fc8fb000 rw-p 00059000 08:02 4721853                    /tmp/jogamp_0000/file_cache/jln7147488889214392304/jln7484017696383188469/libjogl_mobile.so
7fd6fc8fb000-7fd6fc902000 r-xp 00000000 08:02 6561790                    /usr/lib/x86_64-linux-gnu/libffi.so.6.0.1
7fd6fc902000-7fd6fcb01000 ---p 00007000 08:02 6561790                    /usr/lib/x86_64-linux-gnu/libffi.so.6.0.1
7fd6fcb01000-7fd6fcb02000 r--p 00006000 08:02 6561790                    /usr/lib/x86_64-linux-gnu/libffi.so.6.0.1
7fd6fcb02000-7fd6fcb03000 rw-p 00007000 08:02 6561790                    /usr/lib/x86_64-linux-gnu/libffi.so.6.0.1
7fd6fcb03000-7fd6fcb0f000 r-xp 00000000 08:02 6561843                    /usr/lib/x86_64-linux-gnu/libgbm.so.1.0.0
7fd6fcb0f000-7fd6fcd0f000 ---p 0000c000 08:02 6561843                    /usr/lib/x86_64-linux-gnu/libgbm.so.1.0.0
7fd6fcd0f000-7fd6fcd10000 r--p 0000c000 08:02 6561843                    /usr/lib/x86_64-linux-gnu/libgbm.so.1.0.0
7fd6fcd10000-7fd6fcd11000 rw-p 0000d000 08:02 6561843                    /usr/lib/x86_64-linux-gnu/libgbm.so.1.0.0
7fd6fcd11000-7fd6fcd20000 r-xp 00000000 08:02 6562520                    /usr/lib/x86_64-linux-gnu/libwayland-server.so.0.1.0
7fd6fcd20000-7fd6fcf1f000 ---p 0000f000 08:02 6562520                    /usr/lib/x86_64-linux-gnu/libwayland-server.so.0.1.0
7fd6fcf1f000-7fd6fcf21000 r--p 0000e000 08:02 6562520                    /usr/lib/x86_64-linux-gnu/libwayland-server.so.0.1.0
7fd6fcf21000-7fd6fcf22000 rw-p 00010000 08:02 6562520                    /usr/lib/x86_64-linux-gnu/libwayland-server.so.0.1.0
7fd6fcf22000-7fd6fcf2d000 r-xp 00000000 08:02 6562514                    /usr/lib/x86_64-linux-gnu/libwayland-client.so.0.2.0
7fd6fcf2d000-7fd6fd12c000 ---p 0000b000 08:02 6562514                    /usr/lib/x86_64-linux-gnu/libwayland-client.so.0.2.0
7fd6fd12c000-7fd6fd12e000 r--p 0000a000 08:02 6562514                    /usr/lib/x86_64-linux-gnu/libwayland-client.so.0.2.0
7fd6fd12e000-7fd6fd12f000 rw-p 0000c000 08:02 6562514                    /usr/lib/x86_64-linux-gnu/libwayland-client.so.0.2.0
7fd6fd12f000-7fd6fd134000 r-xp 00000000 08:02 6562570                    /usr/lib/x86_64-linux-gnu/libxcb-xfixes.so.0.0.0
7fd6fd134000-7fd6fd334000 ---p 00005000 08:02 6562570                    /usr/lib/x86_64-linux-gnu/libxcb-xfixes.so.0.0.0
7fd6fd334000-7fd6fd335000 r--p 00005000 08:02 6562570                    /usr/lib/x86_64-linux-gnu/libxcb-xfixes.so.0.0.0
7fd6fd335000-7fd6fd336000 rw-p 00006000 08:02 6562570                    /usr/lib/x86_64-linux-gnu/libxcb-xfixes.so.0.0.0
7fd6fd336000-7fd6fd35d000 r-xp 00000000 08:02 6948353                    /usr/lib/x86_64-linux-gnu/mesa-egl/libEGL.so.1.0.0
7fd6fd35d000-7fd6fd55d000 ---p 00027000 08:02 6948353                    /usr/lib/x86_64-linux-gnu/mesa-egl/libEGL.so.1.0.0
7fd6fd55d000-7fd6fd55e000 r--p 00027000 08:02 6948353                    /usr/lib/x86_64-linux-gnu/mesa-egl/libEGL.so.1.0.0
7fd6fd55e000-7fd6fd55f000 rw-p 00028000 08:02 6948353                    /usr/lib/x86_64-linux-gnu/mesa-egl/libEGL.so.1.0.0
7fd6fd55f000-7fd6fd560000 rw-p 00000000 00:00 0 
7fd6fd560000-7fd6fd566000 r-xp 00000000 08:02 6948357                    /usr/lib/x86_64-linux-gnu/mesa-egl/libGLESv2.so.2.0.0
7fd6fd566000-7fd6fd765000 ---p 00006000 08:02 6948357                    /usr/lib/x86_64-linux-gnu/mesa-egl/libGLESv2.so.2.0.0
7fd6fd765000-7fd6fd766000 r--p 00005000 08:02 6948357                    /usr/lib/x86_64-linux-gnu/mesa-egl/libGLESv2.so.2.0.0
7fd6fd766000-7fd6fd767000 rw-p 00006000 08:02 6948357                    /usr/lib/x86_64-linux-gnu/mesa-egl/libGLESv2.so.2.0.0
7fd6fd767000-7fd6fd76a000 ---p 00000000 00:00 0 
7fd6fd76a000-7fd6fd868000 rw-p 00000000 00:00 0                          [stack:9773]
7fd6fd868000-7fd6fd91b000 r-xp 00000000 08:02 4721851                    /tmp/jogamp_0000/file_cache/jln7147488889214392304/jln7484017696383188469/libjogl_desktop.so
7fd6fd91b000-7fd6fdb1b000 ---p 000b3000 08:02 4721851                    /tmp/jogamp_0000/file_cache/jln7147488889214392304/jln7484017696383188469/libjogl_desktop.so
7fd6fdb1b000-7fd6fdb1c000 rw-p 000b3000 08:02 4721851                    /tmp/jogamp_0000/file_cache/jln7147488889214392304/jln7484017696383188469/libjogl_desktop.so
7fd6fdb1c000-7fd6fdb27000 r-xp 00000000 08:02 6561750                    /usr/lib/x86_64-linux-gnu/libdrm.so.2.4.0
7fd6fdb27000-7fd6fdd26000 ---p 0000b000 08:02 6561750                    /usr/lib/x86_64-linux-gnu/libdrm.so.2.4.0
7fd6fdd26000-7fd6fdd27000 r--p 0000a000 08:02 6561750                    /usr/lib/x86_64-linux-gnu/libdrm.so.2.4.0
7fd6fdd27000-7fd6fdd28000 rw-p 0000b000 08:02 6561750                    /usr/lib/x86_64-linux-gnu/libdrm.so.2.4.0
7fd6fdd28000-7fd6fdd29000 r-xp 00000000 08:02 6562584                    /usr/lib/x86_64-linux-gnu/libxshmfence.so.1.0.0
7fd6fdd29000-7fd6fdf28000 ---p 00001000 08:02 6562584                    /usr/lib/x86_64-linux-gnu/libxshmfence.so.1.0.0
7fd6fdf28000-7fd6fdf29000 r--p 00000000 08:02 6562584                    /usr/lib/x86_64-linux-gnu/libxshmfence.so.1.0.0
7fd6fdf29000-7fd6fdf2a000 rw-p 00001000 08:02 6562584                    /usr/lib/x86_64-linux-gnu/libxshmfence.so.1.0.0
7fd6fdf2a000-7fd6fdf2f000 r-xp 00000000 08:02 6562566                    /usr/lib/x86_64-linux-gnu/libxcb-sync.so.1.0.0
7fd6fdf2f000-7fd6fe12e000 ---p 00005000 08:02 6562566                    /usr/lib/x86_64-linux-gnu/libxcb-sync.so.1.0.0
7fd6fe12e000-7fd6fe12f000 r--p 00004000 08:02 6562566                    /usr/lib/x86_64-linux-gnu/libxcb-sync.so.1.0.0
7fd6fe12f000-7fd6fe130000 rw-p 00005000 08:02 6562566                    /usr/lib/x86_64-linux-gnu/libxcb-sync.so.1.0.0
7fd6fe130000-7fd6fe132000 r-xp 00000000 08:02 6562554                    /usr/lib/x86_64-linux-gnu/libxcb-present.so.0.0.0
7fd6fe132000-7fd6fe331000 ---p 00002000 08:02 6562554                    /usr/lib/x86_64-linux-gnu/libxcb-present.so.0.0.0
7fd6fe331000-7fd6fe332000 r--p 00001000 08:02 6562554                    /usr/lib/x86_64-linux-gnu/libxcb-present.so.0.0.0
7fd6fe332000-7fd6fe333000 rw-p 00002000 08:02 6562554                    /usr/lib/x86_64-linux-gnu/libxcb-present.so.0.0.0
7fd6fe333000-7fd6fe335000 r-xp 00000000 08:02 6562544                    /usr/lib/x86_64-linux-gnu/libxcb-dri3.so.0.0.0
7fd6fe335000-7fd6fe534000 ---p 00002000 08:02 6562544                    /usr/lib/x86_64-linux-gnu/libxcb-dri3.so.0.0.0
7fd6fe534000-7fd6fe535000 r--p 00001000 08:02 6562544                    /usr/lib/x86_64-linux-gnu/libxcb-dri3.so.0.0.0
7fd6fe535000-7fd6fe536000 rw-p 00002000 08:02 6562544                    /usr/lib/x86_64-linux-gnu/libxcb-dri3.so.0.0.0
7fd6fe536000-7fd6fe539000 r-xp 00000000 08:02 6562542                    /usr/lib/x86_64-linux-gnu/libxcb-dri2.so.0.0.0
7fd6fe539000-7fd6fe739000 ---p 00003000 08:02 6562542                    /usr/lib/x86_64-linux-gnu/libxcb-dri2.so.0.0.0
7fd6fe739000-7fd6fe73a000 r--p 00003000 08:02 6562542                    /usr/lib/x86_64-linux-gnu/libxcb-dri2.so.0.0.0
7fd6fe73a000-7fd6fe73b000 rw-p 00004000 08:02 6562542                    /usr/lib/x86_64-linux-gnu/libxcb-dri2.so.0.0.0
7fd6fe73b000-7fd6fe750000 r-xp 00000000 08:02 6562546                    /usr/lib/x86_64-linux-gnu/libxcb-glx.so.0.0.0
7fd6fe750000-7fd6fe94f000 ---p 00015000 08:02 6562546                    /usr/lib/x86_64-linux-gnu/libxcb-glx.so.0.0.0
7fd6fe94f000-7fd6fe951000 r--p 00014000 08:02 6562546                    /usr/lib/x86_64-linux-gnu/libxcb-glx.so.0.0.0
7fd6fe951000-7fd6fe952000 rw-p 00016000 08:02 6562546                    /usr/lib/x86_64-linux-gnu/libxcb-glx.so.0.0.0
7fd6fe952000-7fd6fe953000 r-xp 00000000 08:02 6561502                    /usr/lib/x86_64-linux-gnu/libX11-xcb.so.1.0.0
7fd6fe953000-7fd6feb52000 ---p 00001000 08:02 6561502                    /usr/lib/x86_64-linux-gnu/libX11-xcb.so.1.0.0
7fd6feb52000-7fd6feb53000 r--p 00000000 08:02 6561502                    /usr/lib/x86_64-linux-gnu/libX11-xcb.so.1.0.0
7fd6feb53000-7fd6feb54000 rw-p 00001000 08:02 6561502                    /usr/lib/x86_64-linux-gnu/libX11-xcb.so.1.0.0
7fd6feb54000-7fd6feb56000 r-xp 00000000 08:02 6561517                    /usr/lib/x86_64-linux-gnu/libXdamage.so.1.1.0
7fd6feb56000-7fd6fed55000 ---p 00002000 08:02 6561517                    /usr/lib/x86_64-linux-gnu/libXdamage.so.1.1.0
7fd6fed55000-7fd6fed56000 r--p 00001000 08:02 6561517                    /usr/lib/x86_64-linux-gnu/libXdamage.so.1.1.0
7fd6fed56000-7fd6fed57000 rw-p 00002000 08:02 6561517                    /usr/lib/x86_64-linux-gnu/libXdamage.so.1.1.0
7fd6fed57000-7fd6fed7c000 r-xp 00000000 08:02 6561895                    /usr/lib/x86_64-linux-gnu/libglapi.so.0.0.0
7fd6fed7c000-7fd6fef7c000 ---p 00025000 08:02 6561895                    /usr/lib/x86_64-linux-gnu/libglapi.so.0.0.0
7fd6fef7c000-7fd6fef7f000 r--p 00025000 08:02 6561895                    /usr/lib/x86_64-linux-gnu/libglapi.so.0.0.0
7fd6fef7f000-7fd6fef80000 rw-p 00028000 08:02 6561895                    /usr/lib/x86_64-linux-gnu/libglapi.so.0.0.0
7fd6fef80000-7fd6fef81000 rw-p 00000000 00:00 0 
7fd6fef81000-7fd6fefa8000 r-xp 00000000 08:02 13637323                   /lib/x86_64-linux-gnu/libexpat.so.1.6.0
7fd6fefa8000-7fd6ff1a8000 ---p 00027000 08:02 13637323                   /lib/x86_64-linux-gnu/libexpat.so.1.6.0
7fd6ff1a8000-7fd6ff1aa000 r--p 00027000 08:02 13637323                   /lib/x86_64-linux-gnu/libexpat.so.1.6.0
7fd6ff1aa000-7fd6ff1ab000 rw-p 00029000 08:02 13637323                   /lib/x86_64-linux-gnu/libexpat.so.1.6.0
7fd6ff1ab000-7fd6ff239000 r-xp 00000000 08:02 6948350                    /usr/lib/x86_64-linux-gnu/mesa/libGL.so.1.2.0
7fd6ff239000-7fd6ff438000 ---p 0008e000 08:02 6948350                    /usr/lib/x86_64-linux-gnu/mesa/libGL.so.1.2.0
7fd6ff438000-7fd6ff43b000 r--p 0008d000 08:02 6948350                    /usr/lib/x86_64-linux-gnu/mesa/libGL.so.1.2.0
7fd6ff43b000-7fd6ff43c000 rw-p 00090000 08:02 6948350                    /usr/lib/x86_64-linux-gnu/mesa/libGL.so.1.2.0
7fd6ff43c000-7fd6ff63d000 rw-p 00000000 00:00 0 
7fd6ff63d000-7fd6ff63f000 r-xp 00000000 08:02 6561531                    /usr/lib/x86_64-linux-gnu/libXinerama.so.1.0.0
7fd6ff63f000-7fd6ff83e000 ---p 00002000 08:02 6561531                    /usr/lib/x86_64-linux-gnu/libXinerama.so.1.0.0
7fd6ff83e000-7fd6ff83f000 r--p 00001000 08:02 6561531                    /usr/lib/x86_64-linux-gnu/libXinerama.so.1.0.0
7fd6ff83f000-7fd6ff840000 rw-p 00002000 08:02 6561531                    /usr/lib/x86_64-linux-gnu/libXinerama.so.1.0.0
7fd6ff840000-7fd6ff843000 ---p 00000000 00:00 0 
7fd6ff843000-7fd6ffdf1000 rw-p 00000000 00:00 0                          [stack:9772]
7fd6ffdf1000-7fd6ffe00000 r-xp 00000000 08:02 4721859                    /tmp/jogamp_0000/file_cache/jln7147488889214392304/jln7484017696383188469/libnewt.so
7fd6ffe00000-7fd6fffff000 ---p 0000f000 08:02 4721859                    /tmp/jogamp_0000/file_cache/jln7147488889214392304/jln7484017696383188469/libnewt.so
7fd6fffff000-7fd700000000 rw-p 0000e000 08:02 4721859                    /tmp/jogamp_0000/file_cache/jln7147488889214392304/jln7484017696383188469/libnewt.so
7fd700000000-7fd700021000 rw-p 00000000 00:00 0 
7fd700021000-7fd704000000 ---p 00000000 00:00 0 
7fd704081000-7fd704082000 rw-p 00000000 00:00 0 
7fd704082000-7fd70408a000 rw-s 00000000 00:05 153500                     /drm mm object (deleted)
7fd70408a000-7fd704092000 rw-s 00000000 00:05 153493                     /drm mm object (deleted)
7fd704092000-7fd70409a000 rw-s 00000000 00:05 155463                     /drm mm object (deleted)
7fd70409a000-7fd7040a1000 r--s 00000000 08:02 6947811                    /usr/lib/x86_64-linux-gnu/gconv/gconv-modules.cache
7fd7040a1000-7fd7040b4000 r--s 00344000 08:02 6695996                    /usr/bin/processing-3.0/java/lib/resources.jar
7fd7040b4000-7fd7040bc000 rw-s 00000000 00:05 155979                     /drm mm object (deleted)
7fd7040bc000-7fd7040c4000 rw-s 00000000 00:05 155953                     /drm mm object (deleted)
7fd7040c4000-7fd7040cc000 rw-s 00000000 00:05 155986                     /drm mm object (deleted)
7fd7040cc000-7fd7040d4000 rw-s 00000000 00:05 155942                     /drm mm object (deleted)
7fd7040d4000-7fd7040db000 r-xp 00000000 08:02 4721857                    /tmp/jogamp_0000/file_cache/jln7147488889214392304/jln7484017696383188469/libnativewindow_x11.so
7fd7040db000-7fd7042da000 ---p 00007000 08:02 4721857                    /tmp/jogamp_0000/file_cache/jln7147488889214392304/jln7484017696383188469/libnativewindow_x11.so
7fd7042da000-7fd7042db000 rw-p 00006000 08:02 4721857                    /tmp/jogamp_0000/file_cache/jln7147488889214392304/jln7484017696383188469/libnativewindow_x11.so
7fd7042db000-7fd7042de000 ---p 00000000 00:00 0 
7fd7042de000-7fd7043dc000 rw-p 00000000 00:00 0                          [stack:9789]
7fd7043dc000-7fd7043e0000 r-xp 00000000 08:02 6561559                    /usr/lib/x86_64-linux-gnu/libXxf86vm.so.1.0.0
7fd7043e0000-7fd7045e0000 ---p 00004000 08:02 6561559                    /usr/lib/x86_64-linux-gnu/libXxf86vm.so.1.0.0
7fd7045e0000-7fd7045e1000 r--p 00004000 08:02 6561559                    /usr/lib/x86_64-linux-gnu/libXxf86vm.so.1.0.0
7fd7045e1000-7fd7045e2000 rw-p 00005000 08:02 6561559                    /usr/lib/x86_64-linux-gnu/libXxf86vm.so.1.0.0
7fd7045e2000-7fd7045e4000 rw-s 149007000 00:06 10208                     /dev/dri/card0
7fd7045e4000-7fd7045e5000 rw-s 149006000 00:06 10208                     /dev/dri/card0
7fd7045e5000-7fd7045e6000 rw-s 81000000 00:06 94744                      /dev/snd/pcmC2D0p
7fd7045e6000-7fd7045e7000 r--s 80000000 00:06 94744                      /dev/snd/pcmC2D0p
7fd7045e7000-7fd7045e8000 rw-s 148f05000 00:06 10208                     /dev/dri/card0
7fd7045e8000-7fd7045e9000 rw-s 148f04000 00:06 10208                     /dev/dri/card0
7fd7045e9000-7fd7045ea000 rwxp 00000000 00:00 0 
7fd7045ea000-7fd7045f2000 rw-s 00000000 00:05 154220                     /drm mm object (deleted)
7fd7045f2000-7fd7045fa000 rw-s 00000000 00:05 154260                     /drm mm object (deleted)
7fd7045fa000-7fd7045fb000 rw-s 148f03000 00:06 10208                     /dev/dri/card0
7fd7045fb000-7fd704603000 rw-s 00000000 00:05 154209                     /drm mm object (deleted)
7fd704603000-7fd704605000 r-xp 00000000 08:02 4721855                    /tmp/jogamp_0000/file_cache/jln7147488889214392304/jln7484017696383188469/libnativewindow_awt.so
7fd704605000-7fd704804000 ---p 00002000 08:02 4721855                    /tmp/jogamp_0000/file_cache/jln7147488889214392304/jln7484017696383188469/libnativewindow_awt.so
7fd704804000-7fd704805000 rw-p 00001000 08:02 4721855                    /tmp/jogamp_0000/file_cache/jln7147488889214392304/jln7484017696383188469/libnativewindow_awt.so
7fd704805000-7fd704806000 r-xp 00000000 08:02 8012156                    /usr/bin/processing-3.0/java/lib/amd64/libjawt.so
7fd704806000-7fd704a05000 ---p 00001000 08:02 8012156                    /usr/bin/processing-3.0/java/lib/amd64/libjawt.so
7fd704a05000-7fd704a06000 rw-p 00000000 08:02 8012156                    /usr/bin/processing-3.0/java/lib/amd64/libjawt.so
7fd704a06000-7fd704a08000 r-xp 00000000 08:02 4721850                    /tmp/jogamp_0000/file_cache/jln7147488889214392304/jln7484017696383188469/libgluegen-rt.so
7fd704a08000-7fd704c07000 ---p 00002000 08:02 4721850                    /tmp/jogamp_0000/file_cache/jln7147488889214392304/jln7484017696383188469/libgluegen-rt.so
7fd704c07000-7fd704c08000 rw-p 00001000 08:02 4721850                    /tmp/jogamp_0000/file_cache/jln7147488889214392304/jln7484017696383188469/libgluegen-rt.so
7fd704c08000-7fd704c0b000 ---p 00000000 00:00 0 
7fd704c0b000-7fd704d09000 rw-p 00000000 00:00 0                          [stack:9794]
7fd704d09000-7fd704d1a000 r-xp 00000000 08:02 8012203                    /usr/bin/processing-3.0/java/lib/amd64/libnio.so
7fd704d1a000-7fd704f19000 ---p 00011000 08:02 8012203                    /usr/bin/processing-3.0/java/lib/amd64/libnio.so
7fd704f19000-7fd704f1a000 rw-p 00010000 08:02 8012203                    /usr/bin/processing-3.0/java/lib/amd64/libnio.so
7fd704f1a000-7fd704f30000 r-xp 00000000 08:02 8012151                    /usr/bin/processing-3.0/java/lib/amd64/libnet.so
7fd704f30000-7fd705130000 ---p 00016000 08:02 8012151                    /usr/bin/processing-3.0/java/lib/amd64/libnet.so
7fd705130000-7fd705131000 rw-p 00016000 08:02 8012151                    /usr/bin/processing-3.0/java/lib/amd64/libnet.so
7fd705131000-7fd705134000 ---p 00000000 00:00 0 
7fd705134000-7fd70516a000 rw-p 00000000 00:00 0                          [stack:9765]
7fd70516a000-7fd70516e000 r--s 00095000 08:02 6696012                    /usr/bin/processing-3.0/java/lib/jsse.jar
7fd70516e000-7fd70536e000 rw-p 00000000 00:00 0 
7fd70536e000-7fd705371000 r--s 00041000 08:02 8014028                    /usr/bin/processing-3.0/modes/java/mode/org.netbeans.swing.outline.jar
7fd705371000-7fd705376000 r--s 00038000 08:02 8014038                    /usr/bin/processing-3.0/modes/java/mode/org.eclipse.text.jar
7fd705376000-7fd70538a000 r--s 00121000 08:02 8014045                    /usr/bin/processing-3.0/modes/java/mode/org.eclipse.osgi.jar
7fd70538a000-7fd7053c2000 r--s 00515000 08:02 8014044                    /usr/bin/processing-3.0/modes/java/mode/org.eclipse.jdt.core.jar
7fd7053c2000-7fd7053c5000 r--s 0001c000 08:02 8014042                    /usr/bin/processing-3.0/modes/java/mode/org.eclipse.equinox.preferences.jar
7fd7053c5000-7fd7053c8000 r--s 00018000 08:02 8014034                    /usr/bin/processing-3.0/modes/java/mode/org.eclipse.equinox.common.jar
7fd7053c8000-7fd7053ca000 r--s 00011000 08:02 8014037                    /usr/bin/processing-3.0/modes/java/mode/org.eclipse.core.runtime.jar
7fd7053ca000-7fd7053d5000 r--s 000c1000 08:02 8014040                    /usr/bin/processing-3.0/modes/java/mode/org.eclipse.core.resources.jar
7fd7053d5000-7fd7053d7000 r--s 00016000 08:02 8014027                    /usr/bin/processing-3.0/modes/java/mode/org.eclipse.core.jobs.jar
7fd7053d7000-7fd7053d9000 r--s 00015000 08:02 8014029                    /usr/bin/processing-3.0/modes/java/mode/org.eclipse.core.contenttype.jar
7fd7053d9000-7fd7053de000 r--s 0003f000 08:02 8014032                    /usr/bin/processing-3.0/modes/java/mode/jsoup-1.7.1.jar
7fd7053de000-7fd7053eb000 r--s 000cb000 08:02 8014036                    /usr/bin/processing-3.0/modes/java/mode/jdimodel.jar
7fd7053eb000-7fd7053ef000 r--s 0000e000 08:02 8014030                    /usr/bin/processing-3.0/modes/java/mode/jdi.jar
7fd7053ef000-7fd7053f5000 r--s 0007d000 08:02 8014033                    /usr/bin/processing-3.0/modes/java/mode/JavaMode.jar
7fd7053f5000-7fd705450000 r--s 009e2000 08:02 8014039                    /usr/bin/processing-3.0/modes/java/mode/com.ibm.icu.jar
7fd705450000-7fd705455000 r--s 00068000 08:02 8014043                    /usr/bin/processing-3.0/modes/java/mode/antlr.jar
7fd705455000-7fd70545f000 r--s 00097000 08:02 6695776                    /usr/bin/processing-3.0/lib/pde.jar
7fd70545f000-7fd705473000 r--s 00127000 08:02 6695832                    /usr/bin/processing-3.0/lib/jna.jar
7fd705473000-7fd705491000 r--s 001bb000 08:02 6695851                    /usr/bin/processing-3.0/lib/ant.jar
7fd705491000-7fd70549a000 r-xp 00000000 08:02 6561541                    /usr/lib/x86_64-linux-gnu/libXrandr.so.2.2.0
7fd70549a000-7fd705699000 ---p 00009000 08:02 6561541                    /usr/lib/x86_64-linux-gnu/libXrandr.so.2.2.0
7fd705699000-7fd70569a000 r--p 00008000 08:02 6561541                    /usr/lib/x86_64-linux-gnu/libXrandr.so.2.2.0
7fd70569a000-7fd70569b000 rw-p 00009000 08:02 6561541                    /usr/lib/x86_64-linux-gnu/libXrandr.so.2.2.0
7fd70569b000-7fd70569e000 ---p 00000000 00:00 0 
7fd70569e000-7fd70579c000 rw-p 00000000 00:00 0                          [stack:9761]
7fd70579c000-7fd7057a1000 r-xp 00000000 08:02 6561523                    /usr/lib/x86_64-linux-gnu/libXfixes.so.3.1.0
7fd7057a1000-7fd7059a0000 ---p 00005000 08:02 6561523                    /usr/lib/x86_64-linux-gnu/libXfixes.so.3.1.0
7fd7059a0000-7fd7059a1000 r--p 00004000 08:02 6561523                    /usr/lib/x86_64-linux-gnu/libXfixes.so.3.1.0
7fd7059a1000-7fd7059a2000 rw-p 00005000 08:02 6561523                    /usr/lib/x86_64-linux-gnu/libXfixes.so.3.1.0
7fd7059a2000-7fd7059ab000 r-xp 00000000 08:02 6561515                    /usr/lib/x86_64-linux-gnu/libXcursor.so.1.0.2
7fd7059ab000-7fd705baa000 ---p 00009000 08:02 6561515                    /usr/lib/x86_64-linux-gnu/libXcursor.so.1.0.2
7fd705baa000-7fd705bab000 r--p 00008000 08:02 6561515                    /usr/lib/x86_64-linux-gnu/libXcursor.so.1.0.2
7fd705bab000-7fd705bac000 rw-p 00009000 08:02 6561515                    /usr/lib/x86_64-linux-gnu/libXcursor.so.1.0.2
7fd705bac000-7fd705baf000 ---p 00000000 00:00 0 
7fd705baf000-7fd705cad000 rw-p 00000000 00:00 0                          [stack:9760]
7fd705cad000-7fd705cc3000 r-xp 00000000 08:02 13635717                   /lib/x86_64-linux-gnu/libgcc_s.so.1
7fd705cc3000-7fd705ec2000 ---p 00016000 08:02 13635717                   /lib/x86_64-linux-gnu/libgcc_s.so.1
7fd705ec2000-7fd705ec3000 rw-p 00015000 08:02 13635717                   /lib/x86_64-linux-gnu/libgcc_s.so.1
7fd705ec3000-7fd705f29000 r-xp 00000000 08:02 8012146                    /usr/bin/processing-3.0/java/lib/amd64/libfontmanager.so
7fd705f29000-7fd706128000 ---p 00066000 08:02 8012146                    /usr/bin/processing-3.0/java/lib/amd64/libfontmanager.so
7fd706128000-7fd70612c000 rw-p 00065000 08:02 8012146                    /usr/bin/processing-3.0/java/lib/amd64/libfontmanager.so
7fd70612c000-7fd70613d000 rw-p 00000000 00:00 0 
7fd70613d000-7fd706142000 r-xp 00000000 08:02 6561519                    /usr/lib/x86_64-linux-gnu/libXdmcp.so.6.0.0
7fd706142000-7fd706341000 ---p 00005000 08:02 6561519                    /usr/lib/x86_64-linux-gnu/libXdmcp.so.6.0.0
7fd706341000-7fd706342000 r--p 00004000 08:02 6561519                    /usr/lib/x86_64-linux-gnu/libXdmcp.so.6.0.0
7fd706342000-7fd706343000 rw-p 00005000 08:02 6561519                    /usr/lib/x86_64-linux-gnu/libXdmcp.so.6.0.0
7fd706343000-7fd706345000 r-xp 00000000 08:02 6561508                    /usr/lib/x86_64-linux-gnu/libXau.so.6.0.0
7fd706345000-7fd706545000 ---p 00002000 08:02 6561508                    /usr/lib/x86_64-linux-gnu/libXau.so.6.0.0
7fd706545000-7fd706546000 r--p 00002000 08:02 6561508                    /usr/lib/x86_64-linux-gnu/libXau.so.6.0.0
7fd706546000-7fd706547000 rw-p 00003000 08:02 6561508                    /usr/lib/x86_64-linux-gnu/libXau.so.6.0.0
7fd706547000-7fd706564000 r-xp 00000000 08:02 6562574                    /usr/lib/x86_64-linux-gnu/libxcb.so.1.1.0
7fd706564000-7fd706764000 ---p 0001d000 08:02 6562574                    /usr/lib/x86_64-linux-gnu/libxcb.so.1.1.0
7fd706764000-7fd706765000 r--p 0001d000 08:02 6562574                    /usr/lib/x86_64-linux-gnu/libxcb.so.1.1.0
7fd706765000-7fd706766000 rw-p 0001e000 08:02 6562574                    /usr/lib/x86_64-linux-gnu/libxcb.so.1.1.0
7fd706766000-7fd706775000 r-xp 00000000 08:02 6561529                    /usr/lib/x86_64-linux-gnu/libXi.so.6.1.0
7fd706775000-7fd706974000 ---p 0000f000 08:02 6561529                    /usr/lib/x86_64-linux-gnu/libXi.so.6.1.0
7fd706974000-7fd706975000 r--p 0000e000 08:02 6561529                    /usr/lib/x86_64-linux-gnu/libXi.so.6.1.0
7fd706975000-7fd706976000 rw-p 0000f000 08:02 6561529                    /usr/lib/x86_64-linux-gnu/libXi.so.6.1.0
7fd706976000-7fd70697b000 r-xp 00000000 08:02 6561549                    /usr/lib/x86_64-linux-gnu/libXtst.so.6.1.0
7fd70697b000-7fd706b7a000 ---p 00005000 08:02 6561549                    /usr/lib/x86_64-linux-gnu/libXtst.so.6.1.0
7fd706b7a000-7fd706b7b000 r--p 00004000 08:02 6561549                    /usr/lib/x86_64-linux-gnu/libXtst.so.6.1.0
7fd706b7b000-7fd706b7c000 rw-p 00005000 08:02 6561549                    /usr/lib/x86_64-linux-gnu/libXtst.so.6.1.0
7fd706b7c000-7fd706b85000 r-xp 00000000 08:02 6561543                    /usr/lib/x86_64-linux-gnu/libXrender.so.1.3.0
7fd706b85000-7fd706d84000 ---p 00009000 08:02 6561543                    /usr/lib/x86_64-linux-gnu/libXrender.so.1.3.0
7fd706d84000-7fd706d85000 r--p 00008000 08:02 6561543                    /usr/lib/x86_64-linux-gnu/libXrender.so.1.3.0
7fd706d85000-7fd706d86000 rw-p 00009000 08:02 6561543                    /usr/lib/x86_64-linux-gnu/libXrender.so.1.3.0
7fd706d86000-7fd706eb6000 r-xp 00000000 08:02 6561504                    /usr/lib/x86_64-linux-gnu/libX11.so.6.3.0
7fd706eb6000-7fd7070b6000 ---p 00130000 08:02 6561504                    /usr/lib/x86_64-linux-gnu/libX11.so.6.3.0
7fd7070b6000-7fd7070b7000 r--p 00130000 08:02 6561504                    /usr/lib/x86_64-linux-gnu/libX11.so.6.3.0
7fd7070b7000-7fd7070bb000 rw-p 00131000 08:02 6561504                    /usr/lib/x86_64-linux-gnu/libX11.so.6.3.0
7fd7070bb000-7fd7070cc000 r-xp 00000000 08:02 6561521                    /usr/lib/x86_64-linux-gnu/libXext.so.6.4.0
7fd7070cc000-7fd7072cb000 ---p 00011000 08:02 6561521                    /usr/lib/x86_64-linux-gnu/libXext.so.6.4.0
7fd7072cb000-7fd7072cc000 r--p 00010000 08:02 6561521                    /usr/lib/x86_64-linux-gnu/libXext.so.6.4.0
7fd7072cc000-7fd7072cd000 rw-p 00011000 08:02 6561521                    /usr/lib/x86_64-linux-gnu/libXext.so.6.4.0
7fd7072cd000-7fd707321000 r-xp 00000000 08:02 8012182                    /usr/bin/processing-3.0/java/lib/amd64/libawt_xawt.so
7fd707321000-7fd707521000 ---p 00054000 08:02 8012182                    /usr/bin/processing-3.0/java/lib/amd64/libawt_xawt.so
7fd707521000-7fd707525000 rw-p 00054000 08:02 8012182                    /usr/bin/processing-3.0/java/lib/amd64/libawt_xawt.so
7fd707525000-7fd707526000 rw-p 00000000 00:00 0 
7fd707526000-7fd7075c8000 r-xp 00000000 08:02 8012174                    /usr/bin/processing-3.0/java/lib/amd64/libawt.so
7fd7075c8000-7fd7077c8000 ---p 000a2000 08:02 8012174                    /usr/bin/processing-3.0/java/lib/amd64/libawt.so
7fd7077c8000-7fd7077d4000 rw-p 000a2000 08:02 8012174                    /usr/bin/processing-3.0/java/lib/amd64/libawt.so
7fd7077d4000-7fd7077f8000 rw-p 00000000 00:00 0 
7fd7077f8000-7fd7077f9000 ---p 00000000 00:00 0 
7fd7077f9000-7fd7078f9000 rw-p 00000000 00:00 0                          [stack:9759]
7fd7078f9000-7fd7078fc000 ---p 00000000 00:00 0 
7fd7078fc000-7fd7079fa000 rw-p 00000000 00:00 0                          [stack:9758]
7fd7079fa000-7fd7079fd000 ---p 00000000 00:00 0 
7fd7079fd000-7fd707afb000 rw-p 00000000 00:00 0                          [stack:9757]
7fd707afb000-7fd707afe000 ---p 00000000 00:00 0 
7fd707afe000-7fd707bfc000 rw-p 00000000 00:00 0                          [stack:9756]
7fd707bfc000-7fd707bff000 ---p 00000000 00:00 0 
7fd707bff000-7fd707cfd000 rw-p 00000000 00:00 0                          [stack:9755]
7fd707cfd000-7fd707d00000 ---p 00000000 00:00 0 
7fd707d00000-7fd707dfe000 rw-p 00000000 00:00 0                          [stack:9749]
7fd707dfe000-7fd707e01000 ---p 00000000 00:00 0 
7fd707e01000-7fd707eff000 rw-p 00000000 00:00 0                          [stack:9746]
7fd707eff000-7fd707f02000 ---p 00000000 00:00 0 
7fd707f02000-7fd708000000 rw-p 00000000 00:00 0                          [stack:9745]
7fd708000000-7fd708021000 rw-p 00000000 00:00 0 
7fd708021000-7fd70c000000 ---p 00000000 00:00 0 
7fd70c000000-7fd70c001000 r--p 00000000 00:00 0 
7fd70c001000-7fd70c002000 r--s 00003000 08:02 8014046                    /usr/bin/processing-3.0/modes/java/mode/jdtCompilerAdapter.jar
7fd70c002000-7fd70c004000 r--s 00002000 08:02 6695836                    /usr/bin/processing-3.0/lib/ant-launcher.jar
7fd70c004000-7fd70c006000 r--s 00005000 08:02 4591938                    /home/akelly/sketchbook/libraries/minim/library/mp3spi1.9.5.jar
7fd70c006000-7fd70c00a000 r--s 00040000 08:02 4591936                    /home/akelly/sketchbook/libraries/minim/library/jl1.0.1.jar
7fd70c00a000-7fd70c00d000 r--s 00017000 08:02 4591933                    /home/akelly/sketchbook/libraries/minim/library/tritonus_share.jar
7fd70c00d000-7fd70c010000 r--s 00016000 08:02 4591932                    /home/akelly/sketchbook/libraries/minim/library/minim.jar
7fd70c010000-7fd70c02a000 r--s 01689000 08:02 6569030                    /usr/bin/processing-3.0/core/library/jogl-java-src.zip
7fd70c02a000-7fd70c032000 r--s 003d3000 08:02 6569026                    /usr/bin/processing-3.0/core/library/gluegen-java-src.zip
7fd70c032000-7fd70c055000 r--s 00308000 08:02 6569034                    /usr/bin/processing-3.0/core/library/jogl-all.jar
7fd70c055000-7fd70c059000 r-xp 00000000 08:02 8012175                    /usr/bin/processing-3.0/java/lib/amd64/libdt_socket.so
7fd70c059000-7fd70c258000 ---p 00004000 08:02 8012175                    /usr/bin/processing-3.0/java/lib/amd64/libdt_socket.so
7fd70c258000-7fd70c259000 rw-p 00003000 08:02 8012175                    /usr/bin/processing-3.0/java/lib/amd64/libdt_socket.so
7fd70c259000-7fd70c25c000 ---p 00000000 00:00 0 
7fd70c25c000-7fd70c35a000 rw-p 00000000 00:00 0                          [stack:9744]
7fd70c35a000-7fd70c35d000 ---p 00000000 00:00 0 
7fd70c35d000-7fd70c45b000 rw-p 00000000 00:00 0                          [stack:9740]
7fd70c45b000-7fd70c45e000 ---p 00000000 00:00 0 
7fd70c45e000-7fd70c55c000 rw-p 00000000 00:00 0                          [stack:9739]
7fd70c55c000-7fd70c55d000 ---p 00000000 00:00 0 
7fd70c55d000-7fd70d61e000 rw-p 00000000 00:00 0                          [stack:9738]
7fd70d61e000-7fd70d7f6000 r--s 03d0c000 08:02 6695974                    /usr/bin/processing-3.0/java/lib/rt.jar
7fd70d7f6000-7fd7164a3000 rw-p 00000000 00:00 0 
7fd7164a3000-7fd7164a4000 ---p 00000000 00:00 0 
7fd7164a4000-7fd7165a4000 rw-p 00000000 00:00 0                          [stack:9737]
7fd7165a4000-7fd7165a5000 ---p 00000000 00:00 0 
7fd7165a5000-7fd7166a5000 rw-p 00000000 00:00 0                          [stack:9736]
7fd7166a5000-7fd7166a6000 ---p 00000000 00:00 0 
7fd7166a6000-7fd7167fa000 rw-p 00000000 00:00 0                          [stack:9735]
7fd7167fa000-7fd716cd6000 ---p 00000000 00:00 0 
7fd716cd6000-7fd716d2a000 rw-p 00000000 00:00 0 
7fd716d2a000-7fd717205000 ---p 00000000 00:00 0 
7fd717205000-7fd717244000 rw-p 00000000 00:00 0 
7fd717244000-7fd71749d000 ---p 00000000 00:00 0 
7fd71749d000-7fd7174bc000 rw-p 00000000 00:00 0 
7fd7174bc000-7fd71785e000 ---p 00000000 00:00 0 
7fd71785e000-7fd717fae000 rwxp 00000000 00:00 0 
7fd717fae000-7fd72685e000 ---p 00000000 00:00 0 
7fd72685e000-7fd726878000 r-xp 00000000 08:02 8012189                    /usr/bin/processing-3.0/java/lib/amd64/libzip.so
7fd726878000-7fd726a78000 ---p 0001a000 08:02 8012189                    /usr/bin/processing-3.0/java/lib/amd64/libzip.so
7fd726a78000-7fd726a79000 rw-p 0001a000 08:02 8012189                    /usr/bin/processing-3.0/java/lib/amd64/libzip.so
7fd726a79000-7fd726a84000 r-xp 00000000 08:02 13635765                   /lib/x86_64-linux-gnu/libnss_files-2.19.so
7fd726a84000-7fd726c83000 ---p 0000b000 08:02 13635765                   /lib/x86_64-linux-gnu/libnss_files-2.19.so
7fd726c83000-7fd726c84000 r--p 0000a000 08:02 13635765                   /lib/x86_64-linux-gnu/libnss_files-2.19.so
7fd726c84000-7fd726c85000 rw-p 0000b000 08:02 13635765                   /lib/x86_64-linux-gnu/libnss_files-2.19.so
7fd726c85000-7fd726c90000 r-xp 00000000 08:02 13635775                   /lib/x86_64-linux-gnu/libnss_nis-2.19.so
7fd726c90000-7fd726e8f000 ---p 0000b000 08:02 13635775                   /lib/x86_64-linux-gnu/libnss_nis-2.19.so
7fd726e8f000-7fd726e90000 r--p 0000a000 08:02 13635775                   /lib/x86_64-linux-gnu/libnss_nis-2.19.so
7fd726e90000-7fd726e91000 rw-p 0000b000 08:02 13635775                   /lib/x86_64-linux-gnu/libnss_nis-2.19.so
7fd726e91000-7fd726ea8000 r-xp 00000000 08:02 13635759                   /lib/x86_64-linux-gnu/libnsl-2.19.so
7fd726ea8000-7fd7270a7000 ---p 00017000 08:02 13635759                   /lib/x86_64-linux-gnu/libnsl-2.19.so
7fd7270a7000-7fd7270a8000 r--p 00016000 08:02 13635759                   /lib/x86_64-linux-gnu/libnsl-2.19.so
7fd7270a8000-7fd7270a9000 rw-p 00017000 08:02 13635759                   /lib/x86_64-linux-gnu/libnsl-2.19.so
7fd7270a9000-7fd7270ab000 rw-p 00000000 00:00 0 
7fd7270ab000-7fd7270b4000 r-xp 00000000 08:02 13635761                   /lib/x86_64-linux-gnu/libnss_compat-2.19.so
7fd7270b4000-7fd7272b3000 ---p 00009000 08:02 13635761                   /lib/x86_64-linux-gnu/libnss_compat-2.19.so
7fd7272b3000-7fd7272b4000 r--p 00008000 08:02 13635761                   /lib/x86_64-linux-gnu/libnss_compat-2.19.so
7fd7272b4000-7fd7272b5000 rw-p 00009000 08:02 13635761                   /lib/x86_64-linux-gnu/libnss_compat-2.19.so
7fd7272b5000-7fd727997000 r--p 00000000 08:02 6560506                    /usr/lib/locale/locale-archive
7fd727997000-7fd727999000 r-xp 00000000 08:02 8012169                    /usr/bin/processing-3.0/java/lib/amd64/libnpt.so
7fd727999000-7fd727b99000 ---p 00002000 08:02 8012169                    /usr/bin/processing-3.0/java/lib/amd64/libnpt.so
7fd727b99000-7fd727b9a000 rw-p 00002000 08:02 8012169                    /usr/bin/processing-3.0/java/lib/amd64/libnpt.so
7fd727b9a000-7fd727bd3000 r-xp 00000000 08:02 8012184                    /usr/bin/processing-3.0/java/lib/amd64/libjdwp.so
7fd727bd3000-7fd727dd2000 ---p 00039000 08:02 8012184                    /usr/bin/processing-3.0/java/lib/amd64/libjdwp.so
7fd727dd2000-7fd727dd4000 rw-p 00038000 08:02 8012184                    /usr/bin/processing-3.0/java/lib/amd64/libjdwp.so
7fd727dd4000-7fd727dfe000 r-xp 00000000 08:02 8012204                    /usr/bin/processing-3.0/java/lib/amd64/libjava.so
7fd727dfe000-7fd727ffe000 ---p 0002a000 08:02 8012204                    /usr/bin/processing-3.0/java/lib/amd64/libjava.so
7fd727ffe000-7fd728000000 rw-p 0002a000 08:02 8012204                    /usr/bin/processing-3.0/java/lib/amd64/libjava.so
7fd728000000-7fd728889000 rw-p 00000000 00:00 0 
7fd728889000-7fd72c000000 ---p 00000000 00:00 0 
7fd72c000000-7fd72c001000 r--s 00003000 08:02 8014035                    /usr/bin/processing-3.0/modes/java/mode/classpath-explorer-1.0.jar
7fd72c001000-7fd72c002000 r--s 0000b000 08:02 4591937                    /home/akelly/sketchbook/libraries/minim/library/jsminim.jar
7fd72c002000-7fd72c044000 rw-p 00000000 00:00 0 
7fd72c044000-7fd72c045000 ---p 00000000 00:00 0 
7fd72c045000-7fd72c145000 rw-p 00000000 00:00 0                          [stack:9734]
7fd72c145000-7fd72c152000 r-xp 00000000 08:02 8012148                    /usr/bin/processing-3.0/java/lib/amd64/libverify.so
7fd72c152000-7fd72c352000 ---p 0000d000 08:02 8012148                    /usr/bin/processing-3.0/java/lib/amd64/libverify.so
7fd72c352000-7fd72c354000 rw-p 0000d000 08:02 8012148                    /usr/bin/processing-3.0/java/lib/amd64/libverify.so
7fd72c354000-7fd72c35b000 r-xp 00000000 08:02 13635818                   /lib/x86_64-linux-gnu/librt-2.19.so
7fd72c35b000-7fd72c55a000 ---p 00007000 08:02 13635818                   /lib/x86_64-linux-gnu/librt-2.19.so
7fd72c55a000-7fd72c55b000 r--p 00006000 08:02 13635818                   /lib/x86_64-linux-gnu/librt-2.19.so
7fd72c55b000-7fd72c55c000 rw-p 00007000 08:02 13635818                   /lib/x86_64-linux-gnu/librt-2.19.so
7fd72c55c000-7fd72c661000 r-xp 00000000 08:02 13635740                   /lib/x86_64-linux-gnu/libm-2.19.so
7fd72c661000-7fd72c860000 ---p 00105000 08:02 13635740                   /lib/x86_64-linux-gnu/libm-2.19.so
7fd72c860000-7fd72c861000 r--p 00104000 08:02 13635740                   /lib/x86_64-linux-gnu/libm-2.19.so
7fd72c861000-7fd72c862000 rw-p 00105000 08:02 13635740                   /lib/x86_64-linux-gnu/libm-2.19.so
7fd72c862000-7fd72d510000 r-xp 00000000 08:02 8012167                    /usr/bin/processing-3.0/java/lib/amd64/server/libjvm.so
7fd72d510000-7fd72d710000 ---p 00cae000 08:02 8012167                    /usr/bin/processing-3.0/java/lib/amd64/server/libjvm.so
7fd72d710000-7fd72d7e7000 rw-p 00cae000 08:02 8012167                    /usr/bin/processing-3.0/java/lib/amd64/server/libjvm.so
7fd72d7e7000-7fd72d82b000 rw-p 00000000 00:00 0 
7fd72d82b000-7fd72d9e6000 r-xp 00000000 08:02 13635690                   /lib/x86_64-linux-gnu/libc-2.19.so
7fd72d9e6000-7fd72dbe5000 ---p 001bb000 08:02 13635690                   /lib/x86_64-linux-gnu/libc-2.19.so
7fd72dbe5000-7fd72dbe9000 r--p 001ba000 08:02 13635690                   /lib/x86_64-linux-gnu/libc-2.19.so
7fd72dbe9000-7fd72dbeb000 rw-p 001be000 08:02 13635690                   /lib/x86_64-linux-gnu/libc-2.19.so
7fd72dbeb000-7fd72dbf0000 rw-p 00000000 00:00 0 
7fd72dbf0000-7fd72dbf3000 r-xp 00000000 08:02 13635707                   /lib/x86_64-linux-gnu/libdl-2.19.so
7fd72dbf3000-7fd72ddf2000 ---p 00003000 08:02 13635707                   /lib/x86_64-linux-gnu/libdl-2.19.so
7fd72ddf2000-7fd72ddf3000 r--p 00002000 08:02 13635707                   /lib/x86_64-linux-gnu/libdl-2.19.so
7fd72ddf3000-7fd72ddf4000 rw-p 00003000 08:02 13635707                   /lib/x86_64-linux-gnu/libdl-2.19.so
7fd72ddf4000-7fd72de09000 r-xp 00000000 08:02 8012145                    /usr/bin/processing-3.0/java/lib/amd64/jli/libjli.so
7fd72de09000-7fd72e009000 ---p 00015000 08:02 8012145                    /usr/bin/processing-3.0/java/lib/amd64/jli/libjli.so
7fd72e009000-7fd72e00a000 rw-p 00015000 08:02 8012145                    /usr/bin/processing-3.0/java/lib/amd64/jli/libjli.so
7fd72e00a000-7fd72e023000 r-xp 00000000 08:02 13635810                   /lib/x86_64-linux-gnu/libpthread-2.19.so
7fd72e023000-7fd72e222000 ---p 00019000 08:02 13635810                   /lib/x86_64-linux-gnu/libpthread-2.19.so
7fd72e222000-7fd72e223000 r--p 00018000 08:02 13635810                   /lib/x86_64-linux-gnu/libpthread-2.19.so
7fd72e223000-7fd72e224000 rw-p 00019000 08:02 13635810                   /lib/x86_64-linux-gnu/libpthread-2.19.so
7fd72e224000-7fd72e228000 rw-p 00000000 00:00 0 
7fd72e228000-7fd72e24b000 r-xp 00000000 08:02 13635666                   /lib/x86_64-linux-gnu/ld-2.19.so
7fd72e24b000-7fd72e24c000 r--s 00002000 08:02 4591935                    /home/akelly/sketchbook/libraries/minim/library/tritonus_aos.jar
7fd72e24c000-7fd72e24d000 r--s 00001000 08:02 6569033                    /usr/bin/processing-3.0/core/library/gluegen-rt-natives-macosx-universal.jar
7fd72e24d000-7fd72e24f000 r--s 00038000 08:02 6569032                    /usr/bin/processing-3.0/core/library/jogl-all-natives-windows-amd64.jar
7fd72e24f000-7fd72e250000 r--s 00034000 08:02 6569031                    /usr/bin/processing-3.0/core/library/jogl-all-natives-linux-amd64.jar
7fd72e250000-7fd72e251000 r--s 00001000 08:02 6569036                    /usr/bin/processing-3.0/core/library/gluegen-rt-natives-windows-i586.jar
7fd72e251000-7fd72e322000 rw-p 00000000 00:00 0 
7fd72e322000-7fd72e325000 ---p 00000000 00:00 0 
7fd72e325000-7fd72e427000 rw-p 00000000 00:00 0                          [stack:9732]
7fd72e427000-7fd72e42d000 r--s 0004a000 08:02 6569021                    /usr/bin/processing-3.0/core/library/gluegen-rt.jar
7fd72e42d000-7fd72e42e000 r--s 00000000 08:02 6569035                    /usr/bin/processing-3.0/core/library/gluegen-rt-natives-linux-armv6hf.jar
7fd72e42e000-7fd72e42f000 r--s 00031000 08:02 6569019                    /usr/bin/processing-3.0/core/library/jogl-all-natives-windows-i586.jar
7fd72e42f000-7fd72e430000 r--s 00001000 08:02 6569022                    /usr/bin/processing-3.0/core/library/gluegen-rt-natives-windows-amd64.jar
7fd72e430000-7fd72e432000 r--s 0006c000 08:02 6569020                    /usr/bin/processing-3.0/core/library/jogl-all-natives-macosx-universal.jar
7fd72e432000-7fd72e437000 r--s 000f0000 08:02 6569027                    /usr/bin/processing-3.0/core/library/core.jar
7fd72e437000-7fd72e439000 r--s 00000000 08:02 6569025                    /usr/bin/processing-3.0/core/library/gluegen-rt-natives-linux-amd64.jar
7fd72e439000-7fd72e43a000 r--s 00026000 08:02 6569028                    /usr/bin/processing-3.0/core/library/jogl-all-natives-linux-armv6hf.jar
7fd72e43a000-7fd72e43b000 r--s 00032000 08:02 6569024                    /usr/bin/processing-3.0/core/library/jogl-all-natives-linux-i586.jar
7fd72e43b000-7fd72e43d000 r--s 00000000 08:02 6569023                    /usr/bin/processing-3.0/core/library/gluegen-rt-natives-linux-i586.jar
7fd72e43d000-7fd72e43e000 rw-p 00000000 00:00 0 
7fd72e43e000-7fd72e446000 rw-s 00000000 08:02 4325393                    /tmp/hsperfdata_akelly/9731
7fd72e446000-7fd72e447000 rw-p 00000000 00:00 0 
7fd72e447000-7fd72e448000 r--p 00000000 00:00 0 
7fd72e448000-7fd72e44a000 rw-p 00000000 00:00 0 
7fd72e44a000-7fd72e44b000 r--p 00022000 08:02 13635666                   /lib/x86_64-linux-gnu/ld-2.19.so
7fd72e44b000-7fd72e44c000 rw-p 00023000 08:02 13635666                   /lib/x86_64-linux-gnu/ld-2.19.so
7fd72e44c000-7fd72e44d000 rw-p 00000000 00:00 0 
7ffd6670f000-7ffd66732000 rw-p 00000000 00:00 0                          [stack]
7ffd66799000-7ffd6679b000 r--p 00000000 00:00 0                          [vvar]
7ffd6679b000-7ffd6679d000 r-xp 00000000 00:00 0                          [vdso]
ffffffffff600000-ffffffffff601000 r-xp 00000000 00:00 0                  [vsyscall]

VM Arguments:
jvm_args: -agentlib:jdwp=transport=dt_socket,address=8312,server=y,suspend=y -Djava.library.path=:/usr/bin/processing-3.0/core/library:/home/akelly/sketchbook/libraries/minim/library:/usr/java/packages/lib/amd64:/usr/lib64:/lib64:/lib:/usr/lib -ea 
java_command: processing.core.PApplet --display=1 --sketch-path=/home/akelly/sketchbook/_audioVisualizer/_audioVisualizer/build build
java_class_path (initial): /home/akelly/sketchbook/_audioVisualizer/_audioVisualizer/build/build-tmp:/usr/bin/processing-3.0/core/library/gluegen-rt-natives-linux-i586.jar:/usr/bin/processing-3.0/core/library/jogl-all-natives-linux-i586.jar:/usr/bin/processing-3.0/core/library/jogl-all-natives-linux-armv6hf.jar:/usr/bin/processing-3.0/core/library/gluegen-rt-natives-linux-amd64.jar:/usr/bin/processing-3.0/core/library/core.jar:/usr/bin/processing-3.0/core/library/jogl-all-natives-macosx-universal.jar:/usr/bin/processing-3.0/core/library/gluegen-rt-natives-windows-amd64.jar:/usr/bin/processing-3.0/core/library/jogl-all-natives-windows-i586.jar:/usr/bin/processing-3.0/core/library/gluegen-rt-natives-linux-armv6hf.jar:/usr/bin/processing-3.0/core/library/gluegen-rt.jar:/usr/bin/processing-3.0/core/library/gluegen-rt-natives-windows-i586.jar:/usr/bin/processing-3.0/core/library/jogl-all.jar:/usr/bin/processing-3.0/core/library/jogl-all-natives-linux-amd64.jar:/usr/bin/processing-3.0/core/library/jogl-all-natives-windows-amd64.jar:/usr/bin/processing-3.0/core/library/gluegen-java-src.zip:/usr/bin/processing-3.0/core/library/jogl-java-src.zip:/usr/bin/processing-3.0/core/library/gluegen-rt-natives-macosx-universal.jar:/usr/bin/processing-3.0/core/library/gluegen-rt-natives-linux-i586.jar:/usr/bin/processing-3.0/core/library/jogl-all-natives-linux-i586.jar:/usr/bin/processing-3.0/core/library/jogl-all-natives-linux-armv6hf.jar:/usr/bin/processing-3.0/core/library/gluegen-rt-natives-linux-amd64.jar:/usr/bin/processing-3.0/core/library/core.jar:/usr/bin/processing-3.0/core/library/jogl-all-natives-macosx-universal.jar:/usr/bin/processing-3.0/core/library/gluegen-rt-natives-windows-amd64.jar:/usr/bin/processing-3.0/core/library/jogl-all-natives-windows-i586.jar:/usr/bin/processing-3.0/core/library/gluegen-rt-natives-linux-armv6hf.jar:/usr/bin/processing-3.0/core/library/gluegen-rt.jar:/usr/bin/processing-3.0/core/library/gluegen-rt-natives-windows-i586.jar:/usr/bin/processi
Launcher Type: SUN_STANDARD

Environment Variables:
PATH=/usr/bin/processing-3.0/java/bin:/usr/local/sbin:/usr/local/bin:/usr/sbin:/usr/bin:/sbin:/bin:/usr/games:/usr/local/games
SHELL=/bin/bash
DISPLAY=:0

Signal Handlers:
SIGSEGV: [libjvm.so+0xaad540], sa_mask[0]=11111111011111111101111111111110, sa_flags=SA_RESTART|SA_SIGINFO
SIGBUS: [libjvm.so+0xaad540], sa_mask[0]=11111111011111111101111111111110, sa_flags=SA_RESTART|SA_SIGINFO
SIGFPE: [libjvm.so+0x90b6b0], sa_mask[0]=11111111011111111101111111111110, sa_flags=SA_RESTART|SA_SIGINFO
SIGPIPE: [libjvm.so+0x90b6b0], sa_mask[0]=11111111011111111101111111111110, sa_flags=SA_RESTART|SA_SIGINFO
SIGXFSZ: [libjvm.so+0x90b6b0], sa_mask[0]=11111111011111111101111111111110, sa_flags=SA_RESTART|SA_SIGINFO
SIGILL: [libjvm.so+0x90b6b0], sa_mask[0]=11111111011111111101111111111110, sa_flags=SA_RESTART|SA_SIGINFO
SIGUSR1: SIG_DFL, sa_mask[0]=00000000000000000000000000000000, sa_flags=none
SIGUSR2: [libjvm.so+0x90ccf0], sa_mask[0]=00100000000000000000000000000000, sa_flags=SA_RESTART|SA_SIGINFO
SIGHUP: [libjvm.so+0x90e040], sa_mask[0]=11111111011111111101111111111110, sa_flags=SA_RESTART|SA_SIGINFO
SIGINT: [libjvm.so+0x90e040], sa_mask[0]=11111111011111111101111111111110, sa_flags=SA_RESTART|SA_SIGINFO
SIGTERM: [libjvm.so+0x90e040], sa_mask[0]=11111111011111111101111111111110, sa_flags=SA_RESTART|SA_SIGINFO
SIGQUIT: [libjvm.so+0x90e040], sa_mask[0]=11111111011111111101111111111110, sa_flags=SA_RESTART|SA_SIGINFO


---------------  S Y S T E M  ---------------

OS:DISTRIB_ID=Ubuntu
DISTRIB_RELEASE=14.04
DISTRIB_CODENAME=trusty
DISTRIB_DESCRIPTION="Ubuntu 14.04.3 LTS"

uname:Linux 3.19.0-28-generic #30~14.04.1-Ubuntu SMP Tue Sep 1 09:32:55 UTC 2015 x86_64
libc:glibc 2.19 NPTL 2.19 
rlimit: STACK 8192k, CORE 0k, NPROC 63284, NOFILE 4096, AS infinity
load average:1.99 2.15 2.28

/proc/meminfo:
MemTotal:       16309452 kB
MemFree:        11364164 kB
MemAvailable:   12594744 kB
Buffers:          117924 kB
Cached:          1704496 kB
SwapCached:           48 kB
Active:          3915656 kB
Inactive:         762352 kB
Active(anon):    2976632 kB
Inactive(anon):   345744 kB
Active(file):     939024 kB
Inactive(file):   416608 kB
Unevictable:          92 kB
Mlocked:              92 kB
SwapTotal:      16653308 kB
SwapFree:       16584364 kB
Dirty:               132 kB
Writeback:             0 kB
AnonPages:       2855384 kB
Mapped:           548556 kB
Shmem:            466792 kB
Slab:             129416 kB
SReclaimable:      87780 kB
SUnreclaim:        41636 kB
KernelStack:       10400 kB
PageTables:        51204 kB
NFS_Unstable:          0 kB
Bounce:                0 kB
WritebackTmp:          0 kB
CommitLimit:    24808032 kB
Committed_AS:    8696600 kB
VmallocTotal:   34359738367 kB
VmallocUsed:      384832 kB
VmallocChunk:   34359343192 kB
HardwareCorrupted:     0 kB
AnonHugePages:    819200 kB
CmaTotal:              0 kB
CmaFree:               0 kB
HugePages_Total:       0
HugePages_Free:        0
HugePages_Rsvd:        0
HugePages_Surp:        0
Hugepagesize:       2048 kB
DirectMap4k:      200108 kB
DirectMap2M:    12259328 kB
DirectMap1G:     4194304 kB


CPU:total 4 (2 cores per cpu, 2 threads per core) family 6 model 61 stepping 4, cmov, cx8, fxsr, mmx, sse, sse2, sse3, ssse3, sse4.1, sse4.2, popcnt, avx, avx2, aes, clmul, erms, rtm, 3dnowpref, lzcnt, ht, tsc, tscinvbit, bmi1, bmi2, adx

/proc/cpuinfo:
processor	: 0
vendor_id	: GenuineIntel
cpu family	: 6
model		: 61
model name	: Intel(R) Core(TM) i7-5600U CPU @ 2.60GHz
stepping	: 4
microcode	: 0x19
cpu MHz		: 2407.945
cache size	: 4096 KB
physical id	: 0
siblings	: 4
core id		: 0
cpu cores	: 2
apicid		: 0
initial apicid	: 0
fpu		: yes
fpu_exception	: yes
cpuid level	: 20
wp		: yes
flags		: fpu vme de pse tsc msr pae mce cx8 apic sep mtrr pge mca cmov pat pse36 clflush dts acpi mmx fxsr sse sse2 ss ht tm pbe syscall nx pdpe1gb rdtscp lm constant_tsc arch_perfmon pebs bts rep_good nopl xtopology nonstop_tsc aperfmperf eagerfpu pni pclmulqdq dtes64 monitor ds_cpl vmx smx est tm2 ssse3 fma cx16 xtpr pdcm pcid sse4_1 sse4_2 x2apic movbe popcnt tsc_deadline_timer aes xsave avx f16c rdrand lahf_lm abm 3dnowprefetch ida arat epb pln pts dtherm tpr_shadow vnmi flexpriority ept vpid fsgsbase tsc_adjust bmi1 hle avx2 smep bmi2 erms invpcid rtm rdseed adx smap xsaveopt
bugs		:
bogomips	: 5188.48
clflush size	: 64
cache_alignment	: 64
address sizes	: 39 bits physical, 48 bits virtual
power management:

processor	: 1
vendor_id	: GenuineIntel
cpu family	: 6
model		: 61
model name	: Intel(R) Core(TM) i7-5600U CPU @ 2.60GHz
stepping	: 4
microcode	: 0x19
cpu MHz		: 2478.023
cache size	: 4096 KB
physical id	: 0
siblings	: 4
core id		: 0
cpu cores	: 2
apicid		: 1
initial apicid	: 1
fpu		: yes
fpu_exception	: yes
cpuid level	: 20
wp		: yes
flags		: fpu vme de pse tsc msr pae mce cx8 apic sep mtrr pge mca cmov pat pse36 clflush dts acpi mmx fxsr sse sse2 ss ht tm pbe syscall nx pdpe1gb rdtscp lm constant_tsc arch_perfmon pebs bts rep_good nopl xtopology nonstop_tsc aperfmperf eagerfpu pni pclmulqdq dtes64 monitor ds_cpl vmx smx est tm2 ssse3 fma cx16 xtpr pdcm pcid sse4_1 sse4_2 x2apic movbe popcnt tsc_deadline_timer aes xsave avx f16c rdrand lahf_lm abm 3dnowprefetch ida arat epb pln pts dtherm tpr_shadow vnmi flexpriority ept vpid fsgsbase tsc_adjust bmi1 hle avx2 smep bmi2 erms invpcid rtm rdseed adx smap xsaveopt
bugs		:
bogomips	: 5188.48
clflush size	: 64
cache_alignment	: 64
address sizes	: 39 bits physical, 48 bits virtual
power management:

processor	: 2
vendor_id	: GenuineIntel
cpu family	: 6
model		: 61
model name	: Intel(R) Core(TM) i7-5600U CPU @ 2.60GHz
stepping	: 4
microcode	: 0x19
cpu MHz		: 2482.492
cache size	: 4096 KB
physical id	: 0
siblings	: 4
core id		: 1
cpu cores	: 2
apicid		: 2
initial apicid	: 2
fpu		: yes
fpu_exception	: yes
cpuid level	: 20
wp		: yes
flags		: fpu vme de pse tsc msr pae mce cx8 apic sep mtrr pge mca cmov pat pse36 clflush dts acpi mmx fxsr sse sse2 ss ht tm pbe syscall nx pdpe1gb rdtscp lm constant_tsc arch_perfmon pebs bts rep_good nopl xtopology nonstop_tsc aperfmperf eagerfpu pni pclmulqdq dtes64 monitor ds_cpl vmx smx est tm2 ssse3 fma cx16 xtpr pdcm pcid sse4_1 sse4_2 x2apic movbe popcnt tsc_deadline_timer aes xsave avx f16c rdrand lahf_lm abm 3dnowprefetch ida arat epb pln pts dtherm tpr_shadow vnmi flexpriority ept vpid fsgsbase tsc_adjust bmi1 hle avx2 smep bmi2 erms invpcid rtm rdseed adx smap xsaveopt
bugs		:
bogomips	: 5188.48
clflush size	: 64
cache_alignment	: 64
address sizes	: 39 bits physical, 48 bits virtual
power management:

processor	: 3
vendor_id	: GenuineIntel
cpu family	: 6
model		: 61
model name	: Intel(R) Core(TM) i7-5600U CPU @ 2.60GHz
stepping	: 4
microcode	: 0x19
cpu MHz		: 2472.742
cache size	: 4096 KB
physical id	: 0
siblings	: 4
core id		: 1
cpu cores	: 2
apicid		: 3
initial apicid	: 3
fpu		: yes
fpu_exception	: yes
cpuid level	: 20
wp		: yes
flags		: fpu vme de pse tsc msr pae mce cx8 apic sep mtrr pge mca cmov pat pse36 clflush dts acpi mmx fxsr sse sse2 ss ht tm pbe syscall nx pdpe1gb rdtscp lm constant_tsc arch_perfmon pebs bts rep_good nopl xtopology nonstop_tsc aperfmperf eagerfpu pni pclmulqdq dtes64 monitor ds_cpl vmx smx est tm2 ssse3 fma cx16 xtpr pdcm pcid sse4_1 sse4_2 x2apic movbe popcnt tsc_deadline_timer aes xsave avx f16c rdrand lahf_lm abm 3dnowprefetch ida arat epb pln pts dtherm tpr_shadow vnmi flexpriority ept vpid fsgsbase tsc_adjust bmi1 hle avx2 smep bmi2 erms invpcid rtm rdseed adx smap xsaveopt
bugs		:
bogomips	: 5188.48
clflush size	: 64
cache_alignment	: 64
address sizes	: 39 bits physical, 48 bits virtual
power management:



Memory: 4k page, physical 16309452k(11364164k free), swap 16653308k(16584364k free)

vm_info: Java HotSpot(TM) 64-Bit Server VM (25.51-b03) for linux-amd64 JRE (1.8.0_51-b16), built on Jun  8 2015 19:28:07 by "java_re" with gcc 4.3.0 20080428 (Red Hat 4.3.0-8)

time: Sat Oct 10 16:03:32 2015
elapsed time: 55 seconds (0d 0h 0m 55s)

