#
# A fatal error has been detected by the Java Runtime Environment:
#
#  SIGSEGV (0xb) at pc=0x00007f1438ba9998, pid=9167, tid=139725288941312
#
# JRE version: Java(TM) SE Runtime Environment (8.0_51-b16) (build 1.8.0_51-b16)
# Java VM: Java HotSpot(TM) 64-Bit Server VM (25.51-b03 mixed mode linux-amd64 compressed oops)
# Problematic frame:
# C  [i965_dri.so+0x3c9998]
#
# Failed to write core dump. Core dumps have been disabled. To enable core dumping, try "ulimit -c unlimited" before starting Java again
#
# If you would like to submit a bug report, please visit:
#   http://bugreport.java.com/bugreport/crash.jsp
# The crash happened outside the Java Virtual Machine in native code.
# See problematic frame for where to report the bug.
#

---------------  T H R E A D  ---------------

Current thread (0x00007f14b0694000):  JavaThread "main-Display-.x11_:0-1-EDT-1" daemon [_thread_in_native, id=9207, stack(0x00007f145426a000,0x00007f145436b000)]

siginfo: si_signo: 11 (SIGSEGV), si_code: 1 (SEGV_MAPERR), si_addr: 0x0000000100000000

Registers:
RAX=0x00007f1438ba9990, RBX=0x00007f141c04f900, RCX=0x0000000000000000, RDX=0x0000000000000001
RSP=0x00007f1454368480, RBP=0x00007f14340222b0, RSI=0x00007f141c04f9e0, RDI=0x0000000100000000
R8 =0x0000000000000000, R9 =0x00007f143bbb0fc0, R10=0x00007f14a0307e58, R11=0x00007f14b5b65090
R12=0x00007f143401fd60, R13=0x0000000000000000, R14=0x00007f14340234a0, R15=0x0000000000000000
RIP=0x00007f1438ba9998, EFLAGS=0x0000000000010202, CSGSFS=0x0000000000000033, ERR=0x0000000000000004
  TRAPNO=0x000000000000000e

Top of Stack: (sp=0x00007f1454368480)
0x00007f1454368480:   00007f1454368570 0000000000000000
0x00007f1454368490:   00007f141c04f900 00007f14340222b0
0x00007f14543684a0:   00007f143401fd60 00007f143bbb104e
0x00007f14543684b0:   00007f14543684e8 00007f143bdfe660
0x00007f14543684c0:   00007f1434014b10 00007f1400000000
0x00007f14543684d0:   0000000000000000 0000000000000000
0x00007f14543684e0:   00000007c0154088 00007f141c04f900
0x00007f14543684f0:   0000000004200002 00007f143bf4b768
0x00007f1454368500:   00007f1454368570 0000000000000000
0x00007f1454368510:   00007f143bf4b768 00007f1454368640
0x00007f1454368520:   00007f14b0694000 00007f143a2c3ba7
0x00007f1454368530:   00000006c7cd1c80 00007f143bb8aab0
0x00007f1454368540:   0000000004200002 00007f1434014b10
0x00007f1454368550:   00007f1454368608 00007f14b06941f8
0x00007f1454368560:   00007f142ea22f40 00007f143bb8aab0
0x00007f1454368570:   00007f14543685f8 00007f14a0307e84
0x00007f1454368580:   0000000000000000 00007f14582026e8
0x00007f1454368590:   0000000000000031 00000006c7cd1c90
0x00007f14543685a0:   00007f14a02f05d0 0000000700000000
0x00007f14543685b0:   00007f1454368768 00007f14543685b8
0x00007f14543685c0:   0000000000000000 00007f1454368640
0x00007f14543685d0:   00007f143bf4ca78 0000000000000000
0x00007f14543685e0:   00007f143bf4b768 0000000000000000
0x00007f14543685f0:   00007f1454368618 00007f1454368688
0x00007f1454368600:   00007f14a02f2ccd 00000006c7a34010
0x00007f1454368610:   00007f14a02fe7d8 00007f143bb8aab0
0x00007f1454368620:   00007f1454368798 0000000004200002
0x00007f1454368630:   00007f14a02f05d0 00007f1434014b10
0x00007f1454368640:   00000006c7a342d0 00007f1454368648
0x00007f1454368650:   00007f143bf4b6b9 00007f14543686c0
0x00007f1454368660:   00007f143bf4ca78 0000000000000000
0x00007f1454368670:   00007f143bf4b6c8 00007f1454368618 

Instructions: (pc=0x00007f1438ba9998)
0x00007f1438ba9978:   0f 1f 84 00 00 00 00 00 48 83 c4 10 5b 5d 41 5c
0x00007f1438ba9988:   c3 0f 1f 80 00 00 00 00 41 54 55 53 48 83 ec 10
0x00007f1438ba9998:   48 8b 1f 48 85 db 74 3d f6 83 48 05 00 00 01 49
0x00007f1438ba99a8:   89 f4 89 cd 75 72 83 e2 01 75 5d 83 e5 fd 74 38 

Register to memory mapping:

RAX=0x00007f1438ba9990: <offset 0x3c9990> in /usr/lib/x86_64-linux-gnu/dri/i965_dri.so at 0x00007f14387e0000
RBX=0x00007f141c04f900 is an unknown value
RCX=0x0000000000000000 is an unknown value
RDX=0x0000000000000001 is an unknown value
RSP=0x00007f1454368480 is pointing into the stack for thread: 0x00007f14b0694000
RBP=0x00007f14340222b0 is an unknown value
RSI=0x00007f141c04f9e0 is an unknown value
RDI=0x0000000100000000 is an unknown value
R8 =0x0000000000000000 is an unknown value
R9 =0x00007f143bbb0fc0: <offset 0x42fc0> in /usr/lib/x86_64-linux-gnu/mesa/libGL.so.1 at 0x00007f143bb6e000
R10=0x00007f14a0307e58 is at code_begin+1528 in an Interpreter codelet
method entry point (kind = native)  [0x00007f14a0307860, 0x00007f14a03087a0]  3904 bytes
R11=0x00007f14b5b65090: <offset 0x9ad090> in /usr/bin/processing-3.0/java/lib/amd64/server/libjvm.so at 0x00007f14b51b8000
R12=0x00007f143401fd60 is an unknown value
R13=0x0000000000000000 is an unknown value
R14=0x00007f14340234a0 is an unknown value
R15=0x0000000000000000 is an unknown value


Stack: [0x00007f145426a000,0x00007f145436b000],  sp=0x00007f1454368480,  free space=1017k
Native frames: (J=compiled Java code, j=interpreted, Vv=VM code, C=native code)
C  [i965_dri.so+0x3c9998]

Java frames: (J=compiled Java code, j=interpreted, Vv=VM code)
j  jogamp.opengl.x11.glx.GLX.dispatch_glXSwapBuffers0(JJJ)V+0
j  jogamp.opengl.x11.glx.GLX.glXSwapBuffers(JJ)V+41
j  jogamp.opengl.x11.glx.X11GLXDrawable.swapBuffersImpl(Z)V+17
j  jogamp.opengl.GLDrawableImpl.swapBuffers()V+67
j  jogamp.opengl.GLAutoDrawableBase.defaultSwapBuffers()V+23
j  com.jogamp.newt.opengl.GLWindow.swapBuffers()V+1
j  processing.opengl.PJOGL.swapBuffers()V+15
j  processing.opengl.PGraphicsOpenGL.dispose()V+15
j  processing.core.PApplet.dispose()V+28
j  processing.opengl.PSurfaceJOGL$NEWTWindowListener.windowDestroyNotify(Lcom/jogamp/newt/event/WindowEvent;)V+7
j  jogamp.newt.WindowImpl.consumeWindowEvent(Lcom/jogamp/newt/event/WindowEvent;)V+254
j  jogamp.newt.WindowImpl.sendWindowEvent(I)V+14
j  jogamp.newt.WindowImpl$1.run()V+143
j  jogamp.newt.DisplayImpl.runOnEDTIfAvail(ZLjava/lang/Runnable;)V+172
j  jogamp.newt.WindowImpl.runOnEDTIfAvail(ZLjava/lang/Runnable;)V+36
j  jogamp.newt.WindowImpl.destroy()V+11
j  com.jogamp.newt.opengl.GLWindow.destroy()V+4
j  jogamp.opengl.GLAutoDrawableBase.destroyAvoidAwareOfLocking()V+31
j  jogamp.opengl.GLAutoDrawableBase.defaultWindowDestroyNotifyOp()V+43
j  com.jogamp.newt.opengl.GLWindow.access$000(Lcom/jogamp/newt/opengl/GLWindow;)V+1
j  com.jogamp.newt.opengl.GLWindow$1.run()V+4
j  jogamp.newt.WindowImpl.windowDestroyNotify(Z)Z+147
v  ~StubRoutines::call_stub
J 1576  jogamp.newt.driver.x11.DisplayDriver.DispatchMessages0(JJJII)V (0 bytes) @ 0x00007f14a0883aff [0x00007f14a0883ac0+0x3f]
J 1972 C1 jogamp.newt.driver.x11.DisplayDriver.dispatchMessagesNative()V (66 bytes) @ 0x00007f14a0a927d4 [0x00007f14a0a92440+0x394]
J 1976 C1 jogamp.newt.DisplayImpl.dispatchMessages()V (116 bytes) @ 0x00007f14a0a90d3c [0x00007f14a0a90320+0xa1c]
J 1975 C1 jogamp.newt.DisplayImpl$7.run()V (8 bytes) @ 0x00007f14a0a8fecc [0x00007f14a0a8fdc0+0x10c]
j  jogamp.newt.DefaultEDTUtil$NEDT.run()V+67
v  ~StubRoutines::call_stub

---------------  P R O C E S S  ---------------

Java Threads: ( => current thread )
  0x00007f141c131800 JavaThread "Thread-6" [_thread_blocked, id=9229, stack(0x00007f142df0c000,0x00007f142e00d000)]
  0x00007f141c11d800 JavaThread "Java Sound Event Dispatcher" daemon [_thread_blocked, id=9224, stack(0x00007f142e00d000,0x00007f142e10e000)]
  0x00007f14b000f800 JavaThread "DestroyJavaVM" [_thread_blocked, id=9169, stack(0x00007f14b6c78000,0x00007f14b6d79000)]
  0x00007f14b06fe000 JavaThread "Thread-2" [_thread_blocked, id=9210, stack(0x00007f14380aa000,0x00007f14381ab000)]
  0x00007f14b06f2000 JavaThread "main-SharedResourceRunner" daemon [_thread_blocked, id=9209, stack(0x00007f1438f63000,0x00007f1439064000)]
  0x00007f14b06c8800 JavaThread "main-SharedResourceRunner" daemon [_thread_blocked, id=9208, stack(0x00007f143a12a000,0x00007f143a22b000)]
=>0x00007f14b0694000 JavaThread "main-Display-.x11_:0-1-EDT-1" daemon [_thread_in_native, id=9207, stack(0x00007f145426a000,0x00007f145436b000)]
  0x00007f14b051e000 JavaThread "process reaper" daemon [_thread_blocked, id=9200, stack(0x00007f1455a87000,0x00007f1455ac0000)]
  0x00007f14b02c4000 JavaThread "AWT-XAWT" daemon [_thread_in_native, id=9196, stack(0x00007f1455fa4000,0x00007f14560a5000)]
  0x00007f14b02a4000 JavaThread "Java2D Disposer" daemon [_thread_blocked, id=9195, stack(0x00007f1494096000,0x00007f1494197000)]
  0x00007f14b00e1000 JavaThread "Service Thread" daemon [_thread_blocked, id=9193, stack(0x00007f1494298000,0x00007f1494399000)]
  0x00007f14b00d3800 JavaThread "C1 CompilerThread2" daemon [_thread_blocked, id=9192, stack(0x00007f1494399000,0x00007f149449a000)]
  0x00007f14b00d1800 JavaThread "C2 CompilerThread1" daemon [_thread_blocked, id=9191, stack(0x00007f149449a000,0x00007f149459b000)]
  0x00007f14b00ce800 JavaThread "C2 CompilerThread0" daemon [_thread_blocked, id=9190, stack(0x00007f149459b000,0x00007f149469c000)]
  0x00007f1474001000 JavaThread "JDWP Command Reader" daemon [_thread_in_native, id=9184, stack(0x00007f149469c000,0x00007f149479d000)]
  0x00007f14b00cc800 JavaThread "JDWP Event Helper Thread" daemon [_thread_blocked, id=9179, stack(0x00007f149479d000,0x00007f149489e000)]
  0x00007f14b00c9000 JavaThread "JDWP Transport Listener: dt_socket" daemon [_thread_blocked, id=9178, stack(0x00007f149489e000,0x00007f149499f000)]
  0x00007f14b00bb800 JavaThread "Signal Dispatcher" daemon [_thread_blocked, id=9177, stack(0x00007f1494ba3000,0x00007f1494ca4000)]
  0x00007f14b0084800 JavaThread "Finalizer" daemon [_thread_blocked, id=9176, stack(0x00007f1494ca4000,0x00007f1494da5000)]
  0x00007f14b0082800 JavaThread "Reference Handler" daemon [_thread_blocked, id=9175, stack(0x00007f1494da5000,0x00007f1494ea6000)]

Other Threads:
  0x00007f14b007d000 VMThread [stack: 0x00007f1494ea6000,0x00007f1494fa7000] [id=9174]
  0x00007f14b00e3800 WatcherThread [stack: 0x00007f1494197000,0x00007f1494298000] [id=9194]

VM state:not at safepoint (normal execution)

VM Mutex/Monitor currently owned by a thread: None

Heap:
 PSYoungGen      total 677376K, used 94671K [0x000000076d100000, 0x00000007b9380000, 0x00000007c0000000)
  eden space 676864K, 13% used [0x000000076d100000,0x0000000772d63df0,0x0000000796600000)
  from space 512K, 12% used [0x00000007b9300000,0x00000007b9310000,0x00000007b9380000)
  to   space 8704K, 0% used [0x00000007b8280000,0x00000007b8280000,0x00000007b8b00000)
 ParOldGen       total 171008K, used 12747K [0x00000006c7200000, 0x00000006d1900000, 0x000000076d100000)
  object space 171008K, 7% used [0x00000006c7200000,0x00000006c7e72e68,0x00000006d1900000)
 Metaspace       used 17503K, capacity 17682K, committed 17792K, reserved 1064960K
  class space    used 1574K, capacity 1662K, committed 1664K, reserved 1048576K

Card table byte_map: [0x00007f149f763000,0x00007f149ff2b000] byte_map_base: 0x00007f149c12a000

Marking Bits: (ParMarkBitMap*) 0x00007f14b6156660
 Begin Bits: [0x00007f14971bf000, 0x00007f149aff7000)
 End Bits:   [0x00007f149aff7000, 0x00007f149ee2f000)

Polling page: 0x00007f14b6d9d000

CodeCache: size=245760Kb used=7943Kb max_used=7943Kb free=237816Kb
 bounds [0x00007f14a02eb000, 0x00007f14a0abb000, 0x00007f14af2eb000]
 total_blobs=2940 nmethods=1985 adapters=877
 compilation: enabled

Compilation events (10 events):
Event: 25.444 Thread 0x00007f14b00ce800 nmethod 2004 0x00007f14a041efd0 code [0x00007f14a041f140, 0x00007f14a041f2e8]
Event: 25.444 Thread 0x00007f14b00d1800 nmethod 2003 0x00007f14a04628d0 code [0x00007f14a0462a40, 0x00007f14a0462be8]
Event: 25.780 Thread 0x00007f14b00d3800 2005       3       java.lang.RuntimeException::<init> (6 bytes)
Event: 25.781 Thread 0x00007f14b00d3800 nmethod 2005 0x00007f14a0462490 code [0x00007f14a0462600, 0x00007f14a0462808]
Event: 26.810 Thread 0x00007f14b00d3800 2006       3       java.util.concurrent.locks.AbstractQueuedSynchronizer::compareAndSetState (13 bytes)
Event: 26.811 Thread 0x00007f14b00d3800 nmethod 2006 0x00007f14a03f4d50 code [0x00007f14a03f4ea0, 0x00007f14a03f5010]
Event: 27.289 Thread 0x00007f14b00d3800 2007       3       sun.misc.FloatingDecimal$BinaryToASCIIBuffer::dtoa (1509 bytes)
Event: 27.295 Thread 0x00007f14b00d3800 nmethod 2007 0x00007f14a0ab4bd0 code [0x00007f14a0ab5020, 0x00007f14a0ab79b8]
Event: 27.450 Thread 0x00007f14b00d3800 2008       3       java.util.ArrayList::clear (39 bytes)
Event: 27.450 Thread 0x00007f14b00d3800 nmethod 2008 0x00007f14a0461d90 code [0x00007f14a0461f20, 0x00007f14a0462290]

GC Heap History (10 events):
Event: 23.071 GC heap before
{Heap before GC invocations=22 (full 0):
 PSYoungGen      total 868352K, used 855616K [0x000000076d100000, 0x00000007bb180000, 0x00000007c0000000)
  eden space 855552K, 100% used [0x000000076d100000,0x00000007a1480000,0x00000007a1480000)
  from space 12800K, 0% used [0x00000007b9880000,0x00000007b9890000,0x00000007ba500000)
  to   space 11776K, 0% used [0x00000007ba600000,0x00000007ba600000,0x00000007bb180000)
 ParOldGen       total 171008K, used 12715K [0x00000006c7200000, 0x00000006d1900000, 0x000000076d100000)
  object space 171008K, 7% used [0x00000006c7200000,0x00000006c7e6ae68,0x00000006d1900000)
 Metaspace       used 17498K, capacity 17682K, committed 17792K, reserved 1064960K
  class space    used 1574K, capacity 1662K, committed 1664K, reserved 1048576K
Event: 23.073 GC heap after
Heap after GC invocations=22 (full 0):
 PSYoungGen      total 816640K, used 96K [0x000000076d100000, 0x00000007ba680000, 0x00000007c0000000)
  eden space 816128K, 0% used [0x000000076d100000,0x000000076d100000,0x000000079ee00000)
  from space 512K, 18% used [0x00000007ba600000,0x00000007ba618000,0x00000007ba680000)
  to   space 11264K, 0% used [0x00000007b9080000,0x00000007b9080000,0x00000007b9b80000)
 ParOldGen       total 171008K, used 12715K [0x00000006c7200000, 0x00000006d1900000, 0x000000076d100000)
  object space 171008K, 7% used [0x00000006c7200000,0x00000006c7e6ae68,0x00000006d1900000)
 Metaspace       used 17498K, capacity 17682K, committed 17792K, reserved 1064960K
  class space    used 1574K, capacity 1662K, committed 1664K, reserved 1048576K
}
Event: 24.336 GC heap before
{Heap before GC invocations=23 (full 0):
 PSYoungGen      total 816640K, used 816224K [0x000000076d100000, 0x00000007ba680000, 0x00000007c0000000)
  eden space 816128K, 100% used [0x000000076d100000,0x000000079ee00000,0x000000079ee00000)
  from space 512K, 18% used [0x00000007ba600000,0x00000007ba618000,0x00000007ba680000)
  to   space 11264K, 0% used [0x00000007b9080000,0x00000007b9080000,0x00000007b9b80000)
 ParOldGen       total 171008K, used 12715K [0x00000006c7200000, 0x00000006d1900000, 0x000000076d100000)
  object space 171008K, 7% used [0x00000006c7200000,0x00000006c7e6ae68,0x00000006d1900000)
 Metaspace       used 17500K, capacity 17682K, committed 17792K, reserved 1064960K
  class space    used 1574K, capacity 1662K, committed 1664K, reserved 1048576K
Event: 24.338 GC heap after
Heap after GC invocations=23 (full 0):
 PSYoungGen      total 790016K, used 64K [0x000000076d100000, 0x00000007ba680000, 0x00000007c0000000)
  eden space 778752K, 0% used [0x000000076d100000,0x000000076d100000,0x000000079c980000)
  from space 11264K, 0% used [0x00000007b9080000,0x00000007b9090000,0x00000007b9b80000)
  to   space 10752K, 0% used [0x00000007b9c00000,0x00000007b9c00000,0x00000007ba680000)
 ParOldGen       total 171008K, used 12723K [0x00000006c7200000, 0x00000006d1900000, 0x000000076d100000)
  object space 171008K, 7% used [0x00000006c7200000,0x00000006c7e6ce68,0x00000006d1900000)
 Metaspace       used 17500K, capacity 17682K, committed 17792K, reserved 1064960K
  class space    used 1574K, capacity 1662K, committed 1664K, reserved 1048576K
}
Event: 25.344 GC heap before
{Heap before GC invocations=24 (full 0):
 PSYoungGen      total 790016K, used 778816K [0x000000076d100000, 0x00000007ba680000, 0x00000007c0000000)
  eden space 778752K, 100% used [0x000000076d100000,0x000000079c980000,0x000000079c980000)
  from space 11264K, 0% used [0x00000007b9080000,0x00000007b9090000,0x00000007b9b80000)
  to   space 10752K, 0% used [0x00000007b9c00000,0x00000007b9c00000,0x00000007ba680000)
 ParOldGen       total 171008K, used 12723K [0x00000006c7200000, 0x00000006d1900000, 0x000000076d100000)
  object space 171008K, 7% used [0x00000006c7200000,0x00000006c7e6ce68,0x00000006d1900000)
 Metaspace       used 17501K, capacity 17682K, committed 17792K, reserved 1064960K
  class space    used 1574K, capacity 1662K, committed 1664K, reserved 1048576K
Event: 25.345 GC heap after
Heap after GC invocations=24 (full 0):
 PSYoungGen      total 743424K, used 96K [0x000000076d100000, 0x00000007b9c80000, 0x00000007c0000000)
  eden space 742912K, 0% used [0x000000076d100000,0x000000076d100000,0x000000079a680000)
  from space 512K, 18% used [0x00000007b9c00000,0x00000007b9c18000,0x00000007b9c80000)
  to   space 10240K, 0% used [0x00000007b8880000,0x00000007b8880000,0x00000007b9280000)
 ParOldGen       total 171008K, used 12739K [0x00000006c7200000, 0x00000006d1900000, 0x000000076d100000)
  object space 171008K, 7% used [0x00000006c7200000,0x00000006c7e70e68,0x00000006d1900000)
 Metaspace       used 17501K, capacity 17682K, committed 17792K, reserved 1064960K
  class space    used 1574K, capacity 1662K, committed 1664K, reserved 1048576K
}
Event: 26.287 GC heap before
{Heap before GC invocations=25 (full 0):
 PSYoungGen      total 743424K, used 743008K [0x000000076d100000, 0x00000007b9c80000, 0x00000007c0000000)
  eden space 742912K, 100% used [0x000000076d100000,0x000000079a680000,0x000000079a680000)
  from space 512K, 18% used [0x00000007b9c00000,0x00000007b9c18000,0x00000007b9c80000)
  to   space 10240K, 0% used [0x00000007b8880000,0x00000007b8880000,0x00000007b9280000)
 ParOldGen       total 171008K, used 12739K [0x00000006c7200000, 0x00000006d1900000, 0x000000076d100000)
  object space 171008K, 7% used [0x00000006c7200000,0x00000006c7e70e68,0x00000006d1900000)
 Metaspace       used 17501K, capacity 17682K, committed 17792K, reserved 1064960K
  class space    used 1574K, capacity 1662K, committed 1664K, reserved 1048576K
Event: 26.288 GC heap after
Heap after GC invocations=25 (full 0):
 PSYoungGen      total 719360K, used 128K [0x000000076d100000, 0x00000007b9c80000, 0x00000007c0000000)
  eden space 709120K, 0% used [0x000000076d100000,0x000000076d100000,0x0000000798580000)
  from space 10240K, 1% used [0x00000007b8880000,0x00000007b88a0000,0x00000007b9280000)
  to   space 9728K, 0% used [0x00000007b9300000,0x00000007b9300000,0x00000007b9c80000)
 ParOldGen       total 171008K, used 12739K [0x00000006c7200000, 0x00000006d1900000, 0x000000076d100000)
  object space 171008K, 7% used [0x00000006c7200000,0x00000006c7e70e68,0x00000006d1900000)
 Metaspace       used 17501K, capacity 17682K, committed 17792K, reserved 1064960K
  class space    used 1574K, capacity 1662K, committed 1664K, reserved 1048576K
}
Event: 27.331 GC heap before
{Heap before GC invocations=26 (full 0):
 PSYoungGen      total 719360K, used 709248K [0x000000076d100000, 0x00000007b9c80000, 0x00000007c0000000)
  eden space 709120K, 100% used [0x000000076d100000,0x0000000798580000,0x0000000798580000)
  from space 10240K, 1% used [0x00000007b8880000,0x00000007b88a0000,0x00000007b9280000)
  to   space 9728K, 0% used [0x00000007b9300000,0x00000007b9300000,0x00000007b9c80000)
 ParOldGen       total 171008K, used 12739K [0x00000006c7200000, 0x00000006d1900000, 0x000000076d100000)
  object space 171008K, 7% used [0x00000006c7200000,0x00000006c7e70e68,0x00000006d1900000)
 Metaspace       used 17501K, capacity 17682K, committed 17792K, reserved 1064960K
  class space    used 1574K, capacity 1662K, committed 1664K, reserved 1048576K
Event: 27.332 GC heap after
Heap after GC invocations=26 (full 0):
 PSYoungGen      total 677376K, used 64K [0x000000076d100000, 0x00000007b9380000, 0x00000007c0000000)
  eden space 676864K, 0% used [0x000000076d100000,0x000000076d100000,0x0000000796600000)
  from space 512K, 12% used [0x00000007b9300000,0x00000007b9310000,0x00000007b9380000)
  to   space 8704K, 0% used [0x00000007b8280000,0x00000007b8280000,0x00000007b8b00000)
 ParOldGen       total 171008K, used 12747K [0x00000006c7200000, 0x00000006d1900000, 0x000000076d100000)
  object space 171008K, 7% used [0x00000006c7200000,0x00000006c7e72e68,0x00000006d1900000)
 Metaspace       used 17501K, capacity 17682K, committed 17792K, reserved 1064960K
  class space    used 1574K, capacity 1662K, committed 1664K, reserved 1048576K
}

Deoptimization events (10 events):
Event: 0.714 Thread 0x00007f14b000f800 Uncommon trap: reason=unstable_if action=reinterpret pc=0x00007f14a0432b1c method=java.lang.String.indexOf(II)I @ 49
Event: 0.898 Thread 0x00007f14b000f800 Uncommon trap: reason=unstable_if action=reinterpret pc=0x00007f14a04b577c method=java.lang.String.indexOf([CII[CIII)I @ 3
Event: 1.663 Thread 0x00007f14b000f800 Uncommon trap: reason=unstable_if action=reinterpret pc=0x00007f14a0680f6c method=java.lang.reflect.AccessibleObject.setAccessible0(Ljava/lang/reflect/AccessibleObject;Z)V @ 4
Event: 1.769 Thread 0x00007f14b0703000 Uncommon trap: reason=unstable_if action=reinterpret pc=0x00007f14a05c2274 method=sun.misc.MetaIndex.mayContain(Ljava/lang/String;)Z @ 38
Event: 1.787 Thread 0x00007f14b0703000 Uncommon trap: reason=unstable_if action=reinterpret pc=0x00007f14a05d2a98 method=sun.misc.MetaIndex.mayContain(Ljava/lang/String;)Z @ 38
Event: 1.875 Thread 0x00007f14b0703000 Uncommon trap: reason=unstable_if action=reinterpret pc=0x00007f14a06bb5cc method=javax.sound.sampled.AudioFormat.matches(Ljavax/sound/sampled/AudioFormat;)Z @ 112
Event: 1.953 Thread 0x00007f141c131800 Uncommon trap: reason=unstable_if action=reinterpret pc=0x00007f14a06bf40c method=ddf.minim.javasound.FloatSampleTools.quantize16(FF)I @ 32
Event: 4.226 Thread 0x00007f14b0703000 Uncommon trap: reason=null_check action=make_not_entrant pc=0x00007f14a08f8c54 method=build$HLinkedList$HLinkedListIterator.next()Ljava/lang/Object; @ 31
Event: 6.899 Thread 0x00007f14b0703000 Uncommon trap: reason=unstable_if action=reinterpret pc=0x00007f14a09c3a3c method=sun.misc.FloatingDecimal$BinaryToASCIIBuffer.dtoa(IJIZ)V @ 522
Event: 27.289 Thread 0x00007f14b0703000 Uncommon trap: reason=unstable_if action=reinterpret pc=0x00007f14a0a1fb1c method=sun.misc.FloatingDecimal$BinaryToASCIIBuffer.dtoa(IJIZ)V @ 714

Internal exceptions (10 events):
Event: 0.676 Thread 0x00007f14b000f800 Exception <a 'java/security/PrivilegedActionException'> (0x000000076d66e538) thrown at [/HUDSON/workspace/8-2-build-linux-amd64/jdk8u51/3951/hotspot/src/share/vm/prims/jvm.cpp, line 1382]
Event: 0.677 Thread 0x00007f14b000f800 Exception <a 'java/security/PrivilegedActionException'> (0x000000076d6707f0) thrown at [/HUDSON/workspace/8-2-build-linux-amd64/jdk8u51/3951/hotspot/src/share/vm/prims/jvm.cpp, line 1382]
Event: 0.677 Thread 0x00007f14b000f800 Exception <a 'java/security/PrivilegedActionException'> (0x000000076d6709a8) thrown at [/HUDSON/workspace/8-2-build-linux-amd64/jdk8u51/3951/hotspot/src/share/vm/prims/jvm.cpp, line 1382]
Event: 0.682 Thread 0x00007f14b000f800 Exception <a 'java/io/FileNotFoundException'> (0x000000076d67a700) thrown at [/HUDSON/workspace/8-2-build-linux-amd64/jdk8u51/3951/hotspot/src/share/vm/prims/jni.cpp, line 709]
Event: 0.682 Thread 0x00007f14b000f800 Exception <a 'java/io/FileNotFoundException'> (0x000000076d67b088) thrown at [/HUDSON/workspace/8-2-build-linux-amd64/jdk8u51/3951/hotspot/src/share/vm/prims/jni.cpp, line 709]
Event: 0.739 Thread 0x00007f14b000f800 Exception <a 'java/lang/NoSuchFieldError': method resolution failed> (0x000000076d780fe8) thrown at [/HUDSON/workspace/8-2-build-linux-amd64/jdk8u51/3951/hotspot/src/share/vm/prims/methodHandles.cpp, line 1125]
Event: 0.741 Thread 0x00007f14b000f800 Exception <a 'java/lang/NoSuchFieldError': method resolution failed> (0x000000076d78f9a8) thrown at [/HUDSON/workspace/8-2-build-linux-amd64/jdk8u51/3951/hotspot/src/share/vm/prims/methodHandles.cpp, line 1125]
Event: 1.530 Thread 0x00007f14b000f800 Exception <a 'java/lang/InterruptedException'> (0x000000076f292868) thrown at [/HUDSON/workspace/8-2-build-linux-amd64/jdk8u51/3951/hotspot/src/share/vm/runtime/objectMonitor.cpp, line 1683]
Event: 1.659 Thread 0x00007f14b000f800 Exception <a 'java/lang/InterruptedException'> (0x000000076f29dd08) thrown at [/HUDSON/workspace/8-2-build-linux-amd64/jdk8u51/3951/hotspot/src/share/vm/runtime/objectMonitor.cpp, line 1683]
Event: 4.226 Thread 0x00007f14b0703000 Implicit null exception at 0x00007f14a08f8bba to 0x00007f14a08f8c41

Events (10 events):
Event: 25.344 Executing VM operation: ParallelGCFailedAllocation
Event: 25.345 Executing VM operation: ParallelGCFailedAllocation done
Event: 26.286 Executing VM operation: ParallelGCFailedAllocation
Event: 26.288 Executing VM operation: ParallelGCFailedAllocation done
Event: 27.289 Thread 0x00007f14b0703000 Uncommon trap: trap_request=0xffffff65 fr.pc=0x00007f14a0a1fb1c
Event: 27.289 Thread 0x00007f14b0703000 DEOPT PACKING pc=0x00007f14a0a1fb1c sp=0x00007f142ea0cd50
Event: 27.289 Thread 0x00007f14b0703000 DEOPT UNPACKING pc=0x00007f14a02f0229 sp=0x00007f142ea0cc88 mode 2
Event: 27.331 Executing VM operation: ParallelGCFailedAllocation
Event: 27.332 Executing VM operation: ParallelGCFailedAllocation done
Event: 27.450 Thread 0x00007f14b0703000 Thread exited: 0x00007f14b0703000


Dynamic libraries:
00400000-00401000 r-xp 00000000 08:02 6695910                            /usr/bin/processing-3.0/java/bin/java
00600000-00601000 rw-p 00000000 08:02 6695910                            /usr/bin/processing-3.0/java/bin/java
010a5000-010c6000 rw-p 00000000 00:00 0                                  [heap]
6c7200000-6d1900000 rw-p 00000000 00:00 0 
6d1900000-76d100000 ---p 00000000 00:00 0 
76d100000-7b9380000 rw-p 00000000 00:00 0 
7b9380000-7c0000000 ---p 00000000 00:00 0 
7c0000000-7c01a0000 rw-p 00000000 00:00 0 
7c01a0000-800000000 ---p 00000000 00:00 0 
7f1403fff000-7f1408000000 r--s 00000000 00:16 18791                      /run/shm/pulse-shm-3302753902
7f1408000000-7f1408021000 rw-p 00000000 00:00 0 
7f1408021000-7f140c000000 ---p 00000000 00:00 0 
7f140c000000-7f140c292000 rw-p 00000000 00:00 0 
7f140c292000-7f1410000000 ---p 00000000 00:00 0 
7f1410000000-7f1410021000 rw-p 00000000 00:00 0 
7f1410021000-7f1414000000 ---p 00000000 00:00 0 
7f1417fff000-7f141c000000 rw-s 00000000 00:16 147131                     /run/shm/pulse-shm-835491618
7f141c000000-7f141c7cd000 rw-p 00000000 00:00 0 
7f141c7cd000-7f1420000000 ---p 00000000 00:00 0 
7f1422dfe000-7f1422ffe000 rw-s 149209000 00:06 10208                     /dev/dri/card0
7f1422ffe000-7f1422fff000 ---p 00000000 00:00 0 
7f1422fff000-7f14237ff000 rw-p 00000000 00:00 0 
7f14237ff000-7f1423800000 ---p 00000000 00:00 0 
7f1423800000-7f1424000000 rw-p 00000000 00:00 0                          [stack:9225]
7f1424000000-7f1424021000 rw-p 00000000 00:00 0 
7f1424021000-7f1428000000 ---p 00000000 00:00 0 
7f1428000000-7f142b082000 rw-p 00000000 00:00 0 
7f142b082000-7f142c000000 ---p 00000000 00:00 0 
7f142c081000-7f142c281000 rw-s 149009000 00:06 10208                     /dev/dri/card0
7f142c281000-7f142c287000 r-xp 00000000 08:02 6947199                    /usr/lib/x86_64-linux-gnu/alsa-lib/libasound_module_pcm_pulse.so
7f142c287000-7f142c486000 ---p 00006000 08:02 6947199                    /usr/lib/x86_64-linux-gnu/alsa-lib/libasound_module_pcm_pulse.so
7f142c486000-7f142c487000 r--p 00005000 08:02 6947199                    /usr/lib/x86_64-linux-gnu/alsa-lib/libasound_module_pcm_pulse.so
7f142c487000-7f142c488000 rw-p 00006000 08:02 6947199                    /usr/lib/x86_64-linux-gnu/alsa-lib/libasound_module_pcm_pulse.so
7f142c488000-7f142c49f000 r-xp 00000000 08:02 13635816                   /lib/x86_64-linux-gnu/libresolv-2.19.so
7f142c49f000-7f142c69f000 ---p 00017000 08:02 13635816                   /lib/x86_64-linux-gnu/libresolv-2.19.so
7f142c69f000-7f142c6a0000 r--p 00017000 08:02 13635816                   /lib/x86_64-linux-gnu/libresolv-2.19.so
7f142c6a0000-7f142c6a1000 rw-p 00018000 08:02 13635816                   /lib/x86_64-linux-gnu/libresolv-2.19.so
7f142c6a1000-7f142c6a3000 rw-p 00000000 00:00 0 
7f142c6a3000-7f142c6aa000 r-xp 00000000 08:02 6562227                    /usr/lib/x86_64-linux-gnu/libogg.so.0.8.1
7f142c6aa000-7f142c8aa000 ---p 00007000 08:02 6562227                    /usr/lib/x86_64-linux-gnu/libogg.so.0.8.1
7f142c8aa000-7f142c8ab000 r--p 00007000 08:02 6562227                    /usr/lib/x86_64-linux-gnu/libogg.so.0.8.1
7f142c8ab000-7f142c8ac000 rw-p 00008000 08:02 6562227                    /usr/lib/x86_64-linux-gnu/libogg.so.0.8.1
7f142c8ac000-7f142c8d8000 r-xp 00000000 08:02 6562501                    /usr/lib/x86_64-linux-gnu/libvorbis.so.0.4.5
7f142c8d8000-7f142cad7000 ---p 0002c000 08:02 6562501                    /usr/lib/x86_64-linux-gnu/libvorbis.so.0.4.5
7f142cad7000-7f142cad8000 r--p 0002b000 08:02 6562501                    /usr/lib/x86_64-linux-gnu/libvorbis.so.0.4.5
7f142cad8000-7f142cad9000 rw-p 0002c000 08:02 6562501                    /usr/lib/x86_64-linux-gnu/libvorbis.so.0.4.5
7f142cad9000-7f142cd8c000 r-xp 00000000 08:02 6562503                    /usr/lib/x86_64-linux-gnu/libvorbisenc.so.2.0.8
7f142cd8c000-7f142cf8b000 ---p 002b3000 08:02 6562503                    /usr/lib/x86_64-linux-gnu/libvorbisenc.so.2.0.8
7f142cf8b000-7f142cfa7000 r--p 002b2000 08:02 6562503                    /usr/lib/x86_64-linux-gnu/libvorbisenc.so.2.0.8
7f142cfa7000-7f142cfa8000 rw-p 002ce000 08:02 6562503                    /usr/lib/x86_64-linux-gnu/libvorbisenc.so.2.0.8
7f142cfa8000-7f142cfd8000 r-xp 00000000 08:02 6561366                    /usr/lib/x86_64-linux-gnu/libFLAC.so.8.3.0
7f142cfd8000-7f142d1d7000 ---p 00030000 08:02 6561366                    /usr/lib/x86_64-linux-gnu/libFLAC.so.8.3.0
7f142d1d7000-7f142d1d8000 r--p 0002f000 08:02 6561366                    /usr/lib/x86_64-linux-gnu/libFLAC.so.8.3.0
7f142d1d8000-7f142d1d9000 rw-p 00030000 08:02 6561366                    /usr/lib/x86_64-linux-gnu/libFLAC.so.8.3.0
7f142d1d9000-7f142d1de000 r-xp 00000000 08:02 6561598                    /usr/lib/x86_64-linux-gnu/libasyncns.so.0.3.1
7f142d1de000-7f142d3dd000 ---p 00005000 08:02 6561598                    /usr/lib/x86_64-linux-gnu/libasyncns.so.0.3.1
7f142d3dd000-7f142d3de000 r--p 00004000 08:02 6561598                    /usr/lib/x86_64-linux-gnu/libasyncns.so.0.3.1
7f142d3de000-7f142d3df000 rw-p 00005000 08:02 6561598                    /usr/lib/x86_64-linux-gnu/libasyncns.so.0.3.1
7f142d3df000-7f142d440000 r-xp 00000000 08:02 6562384                    /usr/lib/x86_64-linux-gnu/libsndfile.so.1.0.25
7f142d440000-7f142d640000 ---p 00061000 08:02 6562384                    /usr/lib/x86_64-linux-gnu/libsndfile.so.1.0.25
7f142d640000-7f142d642000 r--p 00061000 08:02 6562384                    /usr/lib/x86_64-linux-gnu/libsndfile.so.1.0.25
7f142d642000-7f142d643000 rw-p 00063000 08:02 6562384                    /usr/lib/x86_64-linux-gnu/libsndfile.so.1.0.25
7f142d643000-7f142d647000 rw-p 00000000 00:00 0 
7f142d647000-7f142d64f000 r-xp 00000000 08:02 13635850                   /lib/x86_64-linux-gnu/libwrap.so.0.7.6
7f142d64f000-7f142d84e000 ---p 00008000 08:02 13635850                   /lib/x86_64-linux-gnu/libwrap.so.0.7.6
7f142d84e000-7f142d84f000 r--p 00007000 08:02 13635850                   /lib/x86_64-linux-gnu/libwrap.so.0.7.6
7f142d84f000-7f142d850000 rw-p 00008000 08:02 13635850                   /lib/x86_64-linux-gnu/libwrap.so.0.7.6
7f142d850000-7f142d851000 rw-p 00000000 00:00 0 
7f142d851000-7f142d8b7000 r-xp 00000000 08:02 6948471                    /usr/lib/x86_64-linux-gnu/pulseaudio/libpulsecommon-4.0.so
7f142d8b7000-7f142dab6000 ---p 00066000 08:02 6948471                    /usr/lib/x86_64-linux-gnu/pulseaudio/libpulsecommon-4.0.so
7f142dab6000-7f142dab7000 r--p 00065000 08:02 6948471                    /usr/lib/x86_64-linux-gnu/pulseaudio/libpulsecommon-4.0.so
7f142dab7000-7f142dab8000 rw-p 00066000 08:02 6948471                    /usr/lib/x86_64-linux-gnu/pulseaudio/libpulsecommon-4.0.so
7f142dab8000-7f142dac2000 r-xp 00000000 08:02 13635730                   /lib/x86_64-linux-gnu/libjson-c.so.2.0.0
7f142dac2000-7f142dcc1000 ---p 0000a000 08:02 13635730                   /lib/x86_64-linux-gnu/libjson-c.so.2.0.0
7f142dcc1000-7f142dcc2000 r--p 00009000 08:02 13635730                   /lib/x86_64-linux-gnu/libjson-c.so.2.0.0
7f142dcc2000-7f142dcc3000 rw-p 0000a000 08:02 13635730                   /lib/x86_64-linux-gnu/libjson-c.so.2.0.0
7f142dcc3000-7f142dd0a000 r-xp 00000000 08:02 6562296                    /usr/lib/x86_64-linux-gnu/libpulse.so.0.16.2
7f142dd0a000-7f142df0a000 ---p 00047000 08:02 6562296                    /usr/lib/x86_64-linux-gnu/libpulse.so.0.16.2
7f142df0a000-7f142df0b000 r--p 00047000 08:02 6562296                    /usr/lib/x86_64-linux-gnu/libpulse.so.0.16.2
7f142df0b000-7f142df0c000 rw-p 00048000 08:02 6562296                    /usr/lib/x86_64-linux-gnu/libpulse.so.0.16.2
7f142df0c000-7f142df0f000 ---p 00000000 00:00 0 
7f142df0f000-7f142e00d000 rw-p 00000000 00:00 0                          [stack:9229]
7f142e00d000-7f142e010000 ---p 00000000 00:00 0 
7f142e010000-7f142e10e000 rw-p 00000000 00:00 0                          [stack:9224]
7f142e10e000-7f142e1f7000 r-xp 00000000 08:02 6561590                    /usr/lib/x86_64-linux-gnu/libasound.so.2.0.0
7f142e1f7000-7f142e3f6000 ---p 000e9000 08:02 6561590                    /usr/lib/x86_64-linux-gnu/libasound.so.2.0.0
7f142e3f6000-7f142e3fd000 r--p 000e8000 08:02 6561590                    /usr/lib/x86_64-linux-gnu/libasound.so.2.0.0
7f142e3fd000-7f142e3fe000 rw-p 000ef000 08:02 6561590                    /usr/lib/x86_64-linux-gnu/libasound.so.2.0.0
7f142e3fe000-7f142e40d000 r-xp 00000000 08:02 8012164                    /usr/bin/processing-3.0/java/lib/amd64/libjsoundalsa.so
7f142e40d000-7f142e60c000 ---p 0000f000 08:02 8012164                    /usr/bin/processing-3.0/java/lib/amd64/libjsoundalsa.so
7f142e60c000-7f142e60d000 rw-p 0000e000 08:02 8012164                    /usr/bin/processing-3.0/java/lib/amd64/libjsoundalsa.so
7f142e60d000-7f142e60e000 r-xp 00000000 08:02 8012181                    /usr/bin/processing-3.0/java/lib/amd64/libjsound.so
7f142e60e000-7f142e80d000 ---p 00001000 08:02 8012181                    /usr/bin/processing-3.0/java/lib/amd64/libjsound.so
7f142e80d000-7f142e80e000 rw-p 00000000 08:02 8012181                    /usr/bin/processing-3.0/java/lib/amd64/libjsound.so
7f142e90e000-7f142e911000 ---p 00000000 00:00 0 
7f142e911000-7f142ebcf000 rw-p 00000000 00:00 0 
7f142ebcf000-7f142ec0f000 ---p 00000000 00:00 0 
7f142ec0f000-7f142ec53000 r-xp 00000000 08:02 13635704                   /lib/x86_64-linux-gnu/libdbus-1.so.3.7.6
7f142ec53000-7f142ee52000 ---p 00044000 08:02 13635704                   /lib/x86_64-linux-gnu/libdbus-1.so.3.7.6
7f142ee52000-7f142ee53000 r--p 00043000 08:02 13635704                   /lib/x86_64-linux-gnu/libdbus-1.so.3.7.6
7f142ee53000-7f142ee54000 rw-p 00044000 08:02 13635704                   /lib/x86_64-linux-gnu/libdbus-1.so.3.7.6
7f142ee54000-7f142ee5c000 r-xp 00000000 08:02 13635752                   /lib/x86_64-linux-gnu/libnih-dbus.so.1.0.0
7f142ee5c000-7f142f05c000 ---p 00008000 08:02 13635752                   /lib/x86_64-linux-gnu/libnih-dbus.so.1.0.0
7f142f05c000-7f142f05d000 r--p 00008000 08:02 13635752                   /lib/x86_64-linux-gnu/libnih-dbus.so.1.0.0
7f142f05d000-7f142f05e000 rw-p 00009000 08:02 13635752                   /lib/x86_64-linux-gnu/libnih-dbus.so.1.0.0
7f142f05e000-7f142f075000 r-xp 00000000 08:02 13635754                   /lib/x86_64-linux-gnu/libnih.so.1.0.0
7f142f075000-7f142f274000 ---p 00017000 08:02 13635754                   /lib/x86_64-linux-gnu/libnih.so.1.0.0
7f142f274000-7f142f275000 r--p 00016000 08:02 13635754                   /lib/x86_64-linux-gnu/libnih.so.1.0.0
7f142f275000-7f142f276000 rw-p 00017000 08:02 13635754                   /lib/x86_64-linux-gnu/libnih.so.1.0.0
7f142f276000-7f142f28f000 r-xp 00000000 08:02 13635695                   /lib/x86_64-linux-gnu/libcgmanager.so.0.0.0
7f142f28f000-7f142f48e000 ---p 00019000 08:02 13635695                   /lib/x86_64-linux-gnu/libcgmanager.so.0.0.0
7f142f48e000-7f142f490000 r--p 00018000 08:02 13635695                   /lib/x86_64-linux-gnu/libcgmanager.so.0.0.0
7f142f490000-7f142f491000 rw-p 0001a000 08:02 13635695                   /lib/x86_64-linux-gnu/libcgmanager.so.0.0.0
7f142f491000-7f142f4a1000 r-xp 00000000 08:02 13635838                   /lib/x86_64-linux-gnu/libudev.so.1.3.5
7f142f4a1000-7f142f6a0000 ---p 00010000 08:02 13635838                   /lib/x86_64-linux-gnu/libudev.so.1.3.5
7f142f6a0000-7f142f6a1000 r--p 0000f000 08:02 13635838                   /lib/x86_64-linux-gnu/libudev.so.1.3.5
7f142f6a1000-7f142f6a2000 rw-p 00010000 08:02 13635838                   /lib/x86_64-linux-gnu/libudev.so.1.3.5
7f142f6a2000-7f142f6d9000 r-xp 00000000 08:02 6562454                    /usr/lib/x86_64-linux-gnu/libtxc_dxtn_s2tc.so.0.0.0
7f142f6d9000-7f142f8d8000 ---p 00037000 08:02 6562454                    /usr/lib/x86_64-linux-gnu/libtxc_dxtn_s2tc.so.0.0.0
7f142f8d8000-7f142f8d9000 r--p 00036000 08:02 6562454                    /usr/lib/x86_64-linux-gnu/libtxc_dxtn_s2tc.so.0.0.0
7f142f8d9000-7f142f8da000 rw-p 00037000 08:02 6562454                    /usr/lib/x86_64-linux-gnu/libtxc_dxtn_s2tc.so.0.0.0
7f142f8da000-7f142f8f2000 r-xp 00000000 08:02 13635853                   /lib/x86_64-linux-gnu/libz.so.1.2.8
7f142f8f2000-7f142faf1000 ---p 00018000 08:02 13635853                   /lib/x86_64-linux-gnu/libz.so.1.2.8
7f142faf1000-7f142faf2000 r--p 00017000 08:02 13635853                   /lib/x86_64-linux-gnu/libz.so.1.2.8
7f142faf2000-7f142faf3000 rw-p 00018000 08:02 13635853                   /lib/x86_64-linux-gnu/libz.so.1.2.8
7f142faf3000-7f142fafb000 r-xp 00000000 08:02 6562259                    /usr/lib/x86_64-linux-gnu/libpciaccess.so.0.11.1
7f142fafb000-7f142fcfa000 ---p 00008000 08:02 6562259                    /usr/lib/x86_64-linux-gnu/libpciaccess.so.0.11.1
7f142fcfa000-7f142fcfb000 r--p 00007000 08:02 6562259                    /usr/lib/x86_64-linux-gnu/libpciaccess.so.0.11.1
7f142fcfb000-7f142fcfc000 rw-p 00008000 08:02 6562259                    /usr/lib/x86_64-linux-gnu/libpciaccess.so.0.11.1
7f142fcfc000-7f142fde2000 r-xp 00000000 08:02 6562412                    /usr/lib/x86_64-linux-gnu/libstdc++.so.6.0.19
7f142fde2000-7f142ffe1000 ---p 000e6000 08:02 6562412                    /usr/lib/x86_64-linux-gnu/libstdc++.so.6.0.19
7f142ffe1000-7f142ffe9000 r--p 000e5000 08:02 6562412                    /usr/lib/x86_64-linux-gnu/libstdc++.so.6.0.19
7f142ffe9000-7f142ffeb000 rw-p 000ed000 08:02 6562412                    /usr/lib/x86_64-linux-gnu/libstdc++.so.6.0.19
7f142ffeb000-7f1430000000 rw-p 00000000 00:00 0 
7f1430000000-7f1432ded000 rw-p 00000000 00:00 0 
7f1432ded000-7f1434000000 ---p 00000000 00:00 0 
7f1434000000-7f14349d0000 rw-p 00000000 00:00 0 
7f14349d0000-7f1438000000 ---p 00000000 00:00 0 
7f143808a000-7f1438092000 rw-s 00000000 00:05 148888                     /drm mm object (deleted)
7f1438092000-7f143809a000 rw-s 00000000 00:05 148874                     /drm mm object (deleted)
7f143809a000-7f14380a2000 rw-s 00000000 00:05 148201                     /drm mm object (deleted)
7f14380a2000-7f14380aa000 rw-s 00000000 00:05 148867                     /drm mm object (deleted)
7f14380aa000-7f14380ad000 ---p 00000000 00:00 0 
7f14380ad000-7f14381ab000 rw-p 00000000 00:00 0                          [stack:9210]
7f14381ab000-7f14381b7000 r-xp 00000000 08:02 6561756                    /usr/lib/x86_64-linux-gnu/libdrm_radeon.so.1.0.1
7f14381b7000-7f14383b6000 ---p 0000c000 08:02 6561756                    /usr/lib/x86_64-linux-gnu/libdrm_radeon.so.1.0.1
7f14383b6000-7f14383b7000 r--p 0000b000 08:02 6561756                    /usr/lib/x86_64-linux-gnu/libdrm_radeon.so.1.0.1
7f14383b7000-7f14383b8000 rw-p 0000c000 08:02 6561756                    /usr/lib/x86_64-linux-gnu/libdrm_radeon.so.1.0.1
7f14383b8000-7f14383be000 r-xp 00000000 08:02 6561754                    /usr/lib/x86_64-linux-gnu/libdrm_nouveau.so.2.0.0
7f14383be000-7f14385bd000 ---p 00006000 08:02 6561754                    /usr/lib/x86_64-linux-gnu/libdrm_nouveau.so.2.0.0
7f14385bd000-7f14385be000 r--p 00005000 08:02 6561754                    /usr/lib/x86_64-linux-gnu/libdrm_nouveau.so.2.0.0
7f14385be000-7f14385bf000 rw-p 00006000 08:02 6561754                    /usr/lib/x86_64-linux-gnu/libdrm_nouveau.so.2.0.0
7f14385bf000-7f14385df000 r-xp 00000000 08:02 6561752                    /usr/lib/x86_64-linux-gnu/libdrm_intel.so.1.0.0
7f14385df000-7f14387de000 ---p 00020000 08:02 6561752                    /usr/lib/x86_64-linux-gnu/libdrm_intel.so.1.0.0
7f14387de000-7f14387df000 r--p 0001f000 08:02 6561752                    /usr/lib/x86_64-linux-gnu/libdrm_intel.so.1.0.0
7f14387df000-7f14387e0000 rw-p 00020000 08:02 6561752                    /usr/lib/x86_64-linux-gnu/libdrm_intel.so.1.0.0
7f14387e0000-7f1438d34000 r-xp 00000000 08:02 6947244                    /usr/lib/x86_64-linux-gnu/dri/i965_dri.so
7f1438d34000-7f1438f34000 ---p 00554000 08:02 6947244                    /usr/lib/x86_64-linux-gnu/dri/i965_dri.so
7f1438f34000-7f1438f55000 r--p 00554000 08:02 6947244                    /usr/lib/x86_64-linux-gnu/dri/i965_dri.so
7f1438f55000-7f1438f5c000 rw-p 00575000 08:02 6947244                    /usr/lib/x86_64-linux-gnu/dri/i965_dri.so
7f1438f5c000-7f1438f63000 rw-p 00000000 00:00 0 
7f1438f63000-7f1438f66000 ---p 00000000 00:00 0 
7f1438f66000-7f1439064000 rw-p 00000000 00:00 0                          [stack:9209]
7f1439064000-7f14390bd000 r-xp 00000000 08:02 4461996                    /tmp/jogamp_0000/file_cache/jln2731680462792027712/jln506072469208982318/libjogl_mobile.so
7f14390bd000-7f14392bd000 ---p 00059000 08:02 4461996                    /tmp/jogamp_0000/file_cache/jln2731680462792027712/jln506072469208982318/libjogl_mobile.so
7f14392bd000-7f14392be000 rw-p 00059000 08:02 4461996                    /tmp/jogamp_0000/file_cache/jln2731680462792027712/jln506072469208982318/libjogl_mobile.so
7f14392be000-7f14392c5000 r-xp 00000000 08:02 6561790                    /usr/lib/x86_64-linux-gnu/libffi.so.6.0.1
7f14392c5000-7f14394c4000 ---p 00007000 08:02 6561790                    /usr/lib/x86_64-linux-gnu/libffi.so.6.0.1
7f14394c4000-7f14394c5000 r--p 00006000 08:02 6561790                    /usr/lib/x86_64-linux-gnu/libffi.so.6.0.1
7f14394c5000-7f14394c6000 rw-p 00007000 08:02 6561790                    /usr/lib/x86_64-linux-gnu/libffi.so.6.0.1
7f14394c6000-7f14394d2000 r-xp 00000000 08:02 6561843                    /usr/lib/x86_64-linux-gnu/libgbm.so.1.0.0
7f14394d2000-7f14396d2000 ---p 0000c000 08:02 6561843                    /usr/lib/x86_64-linux-gnu/libgbm.so.1.0.0
7f14396d2000-7f14396d3000 r--p 0000c000 08:02 6561843                    /usr/lib/x86_64-linux-gnu/libgbm.so.1.0.0
7f14396d3000-7f14396d4000 rw-p 0000d000 08:02 6561843                    /usr/lib/x86_64-linux-gnu/libgbm.so.1.0.0
7f14396d4000-7f14396e3000 r-xp 00000000 08:02 6562520                    /usr/lib/x86_64-linux-gnu/libwayland-server.so.0.1.0
7f14396e3000-7f14398e2000 ---p 0000f000 08:02 6562520                    /usr/lib/x86_64-linux-gnu/libwayland-server.so.0.1.0
7f14398e2000-7f14398e4000 r--p 0000e000 08:02 6562520                    /usr/lib/x86_64-linux-gnu/libwayland-server.so.0.1.0
7f14398e4000-7f14398e5000 rw-p 00010000 08:02 6562520                    /usr/lib/x86_64-linux-gnu/libwayland-server.so.0.1.0
7f14398e5000-7f14398f0000 r-xp 00000000 08:02 6562514                    /usr/lib/x86_64-linux-gnu/libwayland-client.so.0.2.0
7f14398f0000-7f1439aef000 ---p 0000b000 08:02 6562514                    /usr/lib/x86_64-linux-gnu/libwayland-client.so.0.2.0
7f1439aef000-7f1439af1000 r--p 0000a000 08:02 6562514                    /usr/lib/x86_64-linux-gnu/libwayland-client.so.0.2.0
7f1439af1000-7f1439af2000 rw-p 0000c000 08:02 6562514                    /usr/lib/x86_64-linux-gnu/libwayland-client.so.0.2.0
7f1439af2000-7f1439af7000 r-xp 00000000 08:02 6562570                    /usr/lib/x86_64-linux-gnu/libxcb-xfixes.so.0.0.0
7f1439af7000-7f1439cf7000 ---p 00005000 08:02 6562570                    /usr/lib/x86_64-linux-gnu/libxcb-xfixes.so.0.0.0
7f1439cf7000-7f1439cf8000 r--p 00005000 08:02 6562570                    /usr/lib/x86_64-linux-gnu/libxcb-xfixes.so.0.0.0
7f1439cf8000-7f1439cf9000 rw-p 00006000 08:02 6562570                    /usr/lib/x86_64-linux-gnu/libxcb-xfixes.so.0.0.0
7f1439cf9000-7f1439d20000 r-xp 00000000 08:02 6948353                    /usr/lib/x86_64-linux-gnu/mesa-egl/libEGL.so.1.0.0
7f1439d20000-7f1439f20000 ---p 00027000 08:02 6948353                    /usr/lib/x86_64-linux-gnu/mesa-egl/libEGL.so.1.0.0
7f1439f20000-7f1439f21000 r--p 00027000 08:02 6948353                    /usr/lib/x86_64-linux-gnu/mesa-egl/libEGL.so.1.0.0
7f1439f21000-7f1439f22000 rw-p 00028000 08:02 6948353                    /usr/lib/x86_64-linux-gnu/mesa-egl/libEGL.so.1.0.0
7f1439f22000-7f1439f23000 rw-p 00000000 00:00 0 
7f1439f23000-7f1439f29000 r-xp 00000000 08:02 6948357                    /usr/lib/x86_64-linux-gnu/mesa-egl/libGLESv2.so.2.0.0
7f1439f29000-7f143a128000 ---p 00006000 08:02 6948357                    /usr/lib/x86_64-linux-gnu/mesa-egl/libGLESv2.so.2.0.0
7f143a128000-7f143a129000 r--p 00005000 08:02 6948357                    /usr/lib/x86_64-linux-gnu/mesa-egl/libGLESv2.so.2.0.0
7f143a129000-7f143a12a000 rw-p 00006000 08:02 6948357                    /usr/lib/x86_64-linux-gnu/mesa-egl/libGLESv2.so.2.0.0
7f143a12a000-7f143a12d000 ---p 00000000 00:00 0 
7f143a12d000-7f143a22b000 rw-p 00000000 00:00 0                          [stack:9208]
7f143a22b000-7f143a2de000 r-xp 00000000 08:02 4461995                    /tmp/jogamp_0000/file_cache/jln2731680462792027712/jln506072469208982318/libjogl_desktop.so
7f143a2de000-7f143a4de000 ---p 000b3000 08:02 4461995                    /tmp/jogamp_0000/file_cache/jln2731680462792027712/jln506072469208982318/libjogl_desktop.so
7f143a4de000-7f143a4df000 rw-p 000b3000 08:02 4461995                    /tmp/jogamp_0000/file_cache/jln2731680462792027712/jln506072469208982318/libjogl_desktop.so
7f143a4df000-7f143a4ea000 r-xp 00000000 08:02 6561750                    /usr/lib/x86_64-linux-gnu/libdrm.so.2.4.0
7f143a4ea000-7f143a6e9000 ---p 0000b000 08:02 6561750                    /usr/lib/x86_64-linux-gnu/libdrm.so.2.4.0
7f143a6e9000-7f143a6ea000 r--p 0000a000 08:02 6561750                    /usr/lib/x86_64-linux-gnu/libdrm.so.2.4.0
7f143a6ea000-7f143a6eb000 rw-p 0000b000 08:02 6561750                    /usr/lib/x86_64-linux-gnu/libdrm.so.2.4.0
7f143a6eb000-7f143a6ec000 r-xp 00000000 08:02 6562584                    /usr/lib/x86_64-linux-gnu/libxshmfence.so.1.0.0
7f143a6ec000-7f143a8eb000 ---p 00001000 08:02 6562584                    /usr/lib/x86_64-linux-gnu/libxshmfence.so.1.0.0
7f143a8eb000-7f143a8ec000 r--p 00000000 08:02 6562584                    /usr/lib/x86_64-linux-gnu/libxshmfence.so.1.0.0
7f143a8ec000-7f143a8ed000 rw-p 00001000 08:02 6562584                    /usr/lib/x86_64-linux-gnu/libxshmfence.so.1.0.0
7f143a8ed000-7f143a8f2000 r-xp 00000000 08:02 6562566                    /usr/lib/x86_64-linux-gnu/libxcb-sync.so.1.0.0
7f143a8f2000-7f143aaf1000 ---p 00005000 08:02 6562566                    /usr/lib/x86_64-linux-gnu/libxcb-sync.so.1.0.0
7f143aaf1000-7f143aaf2000 r--p 00004000 08:02 6562566                    /usr/lib/x86_64-linux-gnu/libxcb-sync.so.1.0.0
7f143aaf2000-7f143aaf3000 rw-p 00005000 08:02 6562566                    /usr/lib/x86_64-linux-gnu/libxcb-sync.so.1.0.0
7f143aaf3000-7f143aaf5000 r-xp 00000000 08:02 6562554                    /usr/lib/x86_64-linux-gnu/libxcb-present.so.0.0.0
7f143aaf5000-7f143acf4000 ---p 00002000 08:02 6562554                    /usr/lib/x86_64-linux-gnu/libxcb-present.so.0.0.0
7f143acf4000-7f143acf5000 r--p 00001000 08:02 6562554                    /usr/lib/x86_64-linux-gnu/libxcb-present.so.0.0.0
7f143acf5000-7f143acf6000 rw-p 00002000 08:02 6562554                    /usr/lib/x86_64-linux-gnu/libxcb-present.so.0.0.0
7f143acf6000-7f143acf8000 r-xp 00000000 08:02 6562544                    /usr/lib/x86_64-linux-gnu/libxcb-dri3.so.0.0.0
7f143acf8000-7f143aef7000 ---p 00002000 08:02 6562544                    /usr/lib/x86_64-linux-gnu/libxcb-dri3.so.0.0.0
7f143aef7000-7f143aef8000 r--p 00001000 08:02 6562544                    /usr/lib/x86_64-linux-gnu/libxcb-dri3.so.0.0.0
7f143aef8000-7f143aef9000 rw-p 00002000 08:02 6562544                    /usr/lib/x86_64-linux-gnu/libxcb-dri3.so.0.0.0
7f143aef9000-7f143aefc000 r-xp 00000000 08:02 6562542                    /usr/lib/x86_64-linux-gnu/libxcb-dri2.so.0.0.0
7f143aefc000-7f143b0fc000 ---p 00003000 08:02 6562542                    /usr/lib/x86_64-linux-gnu/libxcb-dri2.so.0.0.0
7f143b0fc000-7f143b0fd000 r--p 00003000 08:02 6562542                    /usr/lib/x86_64-linux-gnu/libxcb-dri2.so.0.0.0
7f143b0fd000-7f143b0fe000 rw-p 00004000 08:02 6562542                    /usr/lib/x86_64-linux-gnu/libxcb-dri2.so.0.0.0
7f143b0fe000-7f143b113000 r-xp 00000000 08:02 6562546                    /usr/lib/x86_64-linux-gnu/libxcb-glx.so.0.0.0
7f143b113000-7f143b312000 ---p 00015000 08:02 6562546                    /usr/lib/x86_64-linux-gnu/libxcb-glx.so.0.0.0
7f143b312000-7f143b314000 r--p 00014000 08:02 6562546                    /usr/lib/x86_64-linux-gnu/libxcb-glx.so.0.0.0
7f143b314000-7f143b315000 rw-p 00016000 08:02 6562546                    /usr/lib/x86_64-linux-gnu/libxcb-glx.so.0.0.0
7f143b315000-7f143b316000 r-xp 00000000 08:02 6561502                    /usr/lib/x86_64-linux-gnu/libX11-xcb.so.1.0.0
7f143b316000-7f143b515000 ---p 00001000 08:02 6561502                    /usr/lib/x86_64-linux-gnu/libX11-xcb.so.1.0.0
7f143b515000-7f143b516000 r--p 00000000 08:02 6561502                    /usr/lib/x86_64-linux-gnu/libX11-xcb.so.1.0.0
7f143b516000-7f143b517000 rw-p 00001000 08:02 6561502                    /usr/lib/x86_64-linux-gnu/libX11-xcb.so.1.0.0
7f143b517000-7f143b519000 r-xp 00000000 08:02 6561517                    /usr/lib/x86_64-linux-gnu/libXdamage.so.1.1.0
7f143b519000-7f143b718000 ---p 00002000 08:02 6561517                    /usr/lib/x86_64-linux-gnu/libXdamage.so.1.1.0
7f143b718000-7f143b719000 r--p 00001000 08:02 6561517                    /usr/lib/x86_64-linux-gnu/libXdamage.so.1.1.0
7f143b719000-7f143b71a000 rw-p 00002000 08:02 6561517                    /usr/lib/x86_64-linux-gnu/libXdamage.so.1.1.0
7f143b71a000-7f143b73f000 r-xp 00000000 08:02 6561895                    /usr/lib/x86_64-linux-gnu/libglapi.so.0.0.0
7f143b73f000-7f143b93f000 ---p 00025000 08:02 6561895                    /usr/lib/x86_64-linux-gnu/libglapi.so.0.0.0
7f143b93f000-7f143b942000 r--p 00025000 08:02 6561895                    /usr/lib/x86_64-linux-gnu/libglapi.so.0.0.0
7f143b942000-7f143b943000 rw-p 00028000 08:02 6561895                    /usr/lib/x86_64-linux-gnu/libglapi.so.0.0.0
7f143b943000-7f143b944000 rw-p 00000000 00:00 0 
7f143b944000-7f143b96b000 r-xp 00000000 08:02 13637323                   /lib/x86_64-linux-gnu/libexpat.so.1.6.0
7f143b96b000-7f143bb6b000 ---p 00027000 08:02 13637323                   /lib/x86_64-linux-gnu/libexpat.so.1.6.0
7f143bb6b000-7f143bb6d000 r--p 00027000 08:02 13637323                   /lib/x86_64-linux-gnu/libexpat.so.1.6.0
7f143bb6d000-7f143bb6e000 rw-p 00029000 08:02 13637323                   /lib/x86_64-linux-gnu/libexpat.so.1.6.0
7f143bb6e000-7f143bbfc000 r-xp 00000000 08:02 6948350                    /usr/lib/x86_64-linux-gnu/mesa/libGL.so.1.2.0
7f143bbfc000-7f143bdfb000 ---p 0008e000 08:02 6948350                    /usr/lib/x86_64-linux-gnu/mesa/libGL.so.1.2.0
7f143bdfb000-7f143bdfe000 r--p 0008d000 08:02 6948350                    /usr/lib/x86_64-linux-gnu/mesa/libGL.so.1.2.0
7f143bdfe000-7f143bdff000 rw-p 00090000 08:02 6948350                    /usr/lib/x86_64-linux-gnu/mesa/libGL.so.1.2.0
7f143bdff000-7f143c000000 rw-p 00000000 00:00 0 
7f143c000000-7f143c021000 rw-p 00000000 00:00 0 
7f143c021000-7f1440000000 ---p 00000000 00:00 0 
7f1440000000-7f1440021000 rw-p 00000000 00:00 0 
7f1440021000-7f1444000000 ---p 00000000 00:00 0 
7f1444000000-7f1444021000 rw-p 00000000 00:00 0 
7f1444021000-7f1448000000 ---p 00000000 00:00 0 
7f1448000000-7f1448021000 rw-p 00000000 00:00 0 
7f1448021000-7f144c000000 ---p 00000000 00:00 0 
7f144c000000-7f144c021000 rw-p 00000000 00:00 0 
7f144c021000-7f1450000000 ---p 00000000 00:00 0 
7f1450000000-7f1450021000 rw-p 00000000 00:00 0 
7f1450021000-7f1454000000 ---p 00000000 00:00 0 
7f1454004000-7f1454005000 rw-p 00000000 00:00 0 
7f1454005000-7f145400d000 rw-s 00000000 00:05 148194                     /drm mm object (deleted)
7f145400d000-7f1454015000 rw-s 00000000 00:05 148860                     /drm mm object (deleted)
7f1454015000-7f145401d000 rw-s 00000000 00:05 148187                     /drm mm object (deleted)
7f145401d000-7f1454025000 rw-s 00000000 00:05 148848                     /drm mm object (deleted)
7f1454025000-7f145402d000 rw-s 00000000 00:05 148184                     /drm mm object (deleted)
7f145402d000-7f1454034000 r--s 00000000 08:02 6947811                    /usr/lib/x86_64-linux-gnu/gconv/gconv-modules.cache
7f1454034000-7f1454047000 r--s 00344000 08:02 6695996                    /usr/bin/processing-3.0/java/lib/resources.jar
7f1454047000-7f145404f000 rw-s 00000000 00:05 148815                     /drm mm object (deleted)
7f145404f000-7f1454057000 rw-s 00000000 00:05 148789                     /drm mm object (deleted)
7f1454057000-7f145405f000 rw-s 00000000 00:05 147105                     /drm mm object (deleted)
7f145405f000-7f1454067000 rw-s 00000000 00:05 148119                     /drm mm object (deleted)
7f1454067000-7f1454069000 r-xp 00000000 08:02 6561531                    /usr/lib/x86_64-linux-gnu/libXinerama.so.1.0.0
7f1454069000-7f1454268000 ---p 00002000 08:02 6561531                    /usr/lib/x86_64-linux-gnu/libXinerama.so.1.0.0
7f1454268000-7f1454269000 r--p 00001000 08:02 6561531                    /usr/lib/x86_64-linux-gnu/libXinerama.so.1.0.0
7f1454269000-7f145426a000 rw-p 00002000 08:02 6561531                    /usr/lib/x86_64-linux-gnu/libXinerama.so.1.0.0
7f145426a000-7f145426d000 ---p 00000000 00:00 0 
7f145426d000-7f145481b000 rw-p 00000000 00:00 0                          [stack:9207]
7f145481b000-7f145482a000 r-xp 00000000 08:02 4461999                    /tmp/jogamp_0000/file_cache/jln2731680462792027712/jln506072469208982318/libnewt.so
7f145482a000-7f1454a29000 ---p 0000f000 08:02 4461999                    /tmp/jogamp_0000/file_cache/jln2731680462792027712/jln506072469208982318/libnewt.so
7f1454a29000-7f1454a2a000 rw-p 0000e000 08:02 4461999                    /tmp/jogamp_0000/file_cache/jln2731680462792027712/jln506072469208982318/libnewt.so
7f1454a2a000-7f1454a31000 r-xp 00000000 08:02 4461998                    /tmp/jogamp_0000/file_cache/jln2731680462792027712/jln506072469208982318/libnativewindow_x11.so
7f1454a31000-7f1454c30000 ---p 00007000 08:02 4461998                    /tmp/jogamp_0000/file_cache/jln2731680462792027712/jln506072469208982318/libnativewindow_x11.so
7f1454c30000-7f1454c31000 rw-p 00006000 08:02 4461998                    /tmp/jogamp_0000/file_cache/jln2731680462792027712/jln506072469208982318/libnativewindow_x11.so
7f1454c31000-7f1454c34000 ---p 00000000 00:00 0 
7f1454c34000-7f1454d32000 rw-p 00000000 00:00 0 
7f1454d32000-7f1454d36000 r-xp 00000000 08:02 6561559                    /usr/lib/x86_64-linux-gnu/libXxf86vm.so.1.0.0
7f1454d36000-7f1454f36000 ---p 00004000 08:02 6561559                    /usr/lib/x86_64-linux-gnu/libXxf86vm.so.1.0.0
7f1454f36000-7f1454f37000 r--p 00004000 08:02 6561559                    /usr/lib/x86_64-linux-gnu/libXxf86vm.so.1.0.0
7f1454f37000-7f1454f38000 rw-p 00005000 08:02 6561559                    /usr/lib/x86_64-linux-gnu/libXxf86vm.so.1.0.0
7f1454f38000-7f1454f3a000 rw-s 149007000 00:06 10208                     /dev/dri/card0
7f1454f3a000-7f1454f3b000 rw-s 149006000 00:06 10208                     /dev/dri/card0
7f1454f3b000-7f1454f3c000 rw-s 81000000 00:06 94744                      /dev/snd/pcmC2D0p
7f1454f3c000-7f1454f3d000 r--s 80000000 00:06 94744                      /dev/snd/pcmC2D0p
7f1454f3d000-7f1454f3e000 rw-s 148f05000 00:06 10208                     /dev/dri/card0
7f1454f3e000-7f1454f3f000 rw-s 148f04000 00:06 10208                     /dev/dri/card0
7f1454f3f000-7f1454f40000 rwxp 00000000 00:00 0 
7f1454f40000-7f1454f48000 rw-s 00000000 00:05 148052                     /drm mm object (deleted)
7f1454f48000-7f1454f50000 rw-s 00000000 00:05 148092                     /drm mm object (deleted)
7f1454f50000-7f1454f51000 rw-s 148f03000 00:06 10208                     /dev/dri/card0
7f1454f51000-7f1454f59000 rw-s 00000000 00:05 148041                     /drm mm object (deleted)
7f1454f59000-7f1454f5b000 r-xp 00000000 08:02 4461997                    /tmp/jogamp_0000/file_cache/jln2731680462792027712/jln506072469208982318/libnativewindow_awt.so
7f1454f5b000-7f145515a000 ---p 00002000 08:02 4461997                    /tmp/jogamp_0000/file_cache/jln2731680462792027712/jln506072469208982318/libnativewindow_awt.so
7f145515a000-7f145515b000 rw-p 00001000 08:02 4461997                    /tmp/jogamp_0000/file_cache/jln2731680462792027712/jln506072469208982318/libnativewindow_awt.so
7f145515b000-7f145515c000 r-xp 00000000 08:02 8012156                    /usr/bin/processing-3.0/java/lib/amd64/libjawt.so
7f145515c000-7f145535b000 ---p 00001000 08:02 8012156                    /usr/bin/processing-3.0/java/lib/amd64/libjawt.so
7f145535b000-7f145535c000 rw-p 00000000 08:02 8012156                    /usr/bin/processing-3.0/java/lib/amd64/libjawt.so
7f145535c000-7f145535e000 r-xp 00000000 08:02 4461994                    /tmp/jogamp_0000/file_cache/jln2731680462792027712/jln506072469208982318/libgluegen-rt.so
7f145535e000-7f145555d000 ---p 00002000 08:02 4461994                    /tmp/jogamp_0000/file_cache/jln2731680462792027712/jln506072469208982318/libgluegen-rt.so
7f145555d000-7f145555e000 rw-p 00001000 08:02 4461994                    /tmp/jogamp_0000/file_cache/jln2731680462792027712/jln506072469208982318/libgluegen-rt.so
7f145555e000-7f1455561000 ---p 00000000 00:00 0 
7f1455561000-7f145565f000 rw-p 00000000 00:00 0 
7f145565f000-7f1455670000 r-xp 00000000 08:02 8012203                    /usr/bin/processing-3.0/java/lib/amd64/libnio.so
7f1455670000-7f145586f000 ---p 00011000 08:02 8012203                    /usr/bin/processing-3.0/java/lib/amd64/libnio.so
7f145586f000-7f1455870000 rw-p 00010000 08:02 8012203                    /usr/bin/processing-3.0/java/lib/amd64/libnio.so
7f1455870000-7f1455886000 r-xp 00000000 08:02 8012151                    /usr/bin/processing-3.0/java/lib/amd64/libnet.so
7f1455886000-7f1455a86000 ---p 00016000 08:02 8012151                    /usr/bin/processing-3.0/java/lib/amd64/libnet.so
7f1455a86000-7f1455a87000 rw-p 00016000 08:02 8012151                    /usr/bin/processing-3.0/java/lib/amd64/libnet.so
7f1455a87000-7f1455a8a000 ---p 00000000 00:00 0 
7f1455a8a000-7f1455ac0000 rw-p 00000000 00:00 0                          [stack:9200]
7f1455ac0000-7f1455ac4000 r--s 00095000 08:02 6696012                    /usr/bin/processing-3.0/java/lib/jsse.jar
7f1455ac4000-7f1455cc4000 rw-p 00000000 00:00 0 
7f1455cc4000-7f1455cc7000 r--s 00041000 08:02 8014028                    /usr/bin/processing-3.0/modes/java/mode/org.netbeans.swing.outline.jar
7f1455cc7000-7f1455ccc000 r--s 00038000 08:02 8014038                    /usr/bin/processing-3.0/modes/java/mode/org.eclipse.text.jar
7f1455ccc000-7f1455ce0000 r--s 00121000 08:02 8014045                    /usr/bin/processing-3.0/modes/java/mode/org.eclipse.osgi.jar
7f1455ce0000-7f1455d18000 r--s 00515000 08:02 8014044                    /usr/bin/processing-3.0/modes/java/mode/org.eclipse.jdt.core.jar
7f1455d18000-7f1455d1b000 r--s 0001c000 08:02 8014042                    /usr/bin/processing-3.0/modes/java/mode/org.eclipse.equinox.preferences.jar
7f1455d1b000-7f1455d1e000 r--s 00018000 08:02 8014034                    /usr/bin/processing-3.0/modes/java/mode/org.eclipse.equinox.common.jar
7f1455d1e000-7f1455d20000 r--s 00011000 08:02 8014037                    /usr/bin/processing-3.0/modes/java/mode/org.eclipse.core.runtime.jar
7f1455d20000-7f1455d2b000 r--s 000c1000 08:02 8014040                    /usr/bin/processing-3.0/modes/java/mode/org.eclipse.core.resources.jar
7f1455d2b000-7f1455d2d000 r--s 00016000 08:02 8014027                    /usr/bin/processing-3.0/modes/java/mode/org.eclipse.core.jobs.jar
7f1455d2d000-7f1455d32000 r--s 0003f000 08:02 8014032                    /usr/bin/processing-3.0/modes/java/mode/jsoup-1.7.1.jar
7f1455d32000-7f1455d3f000 r--s 000cb000 08:02 8014036                    /usr/bin/processing-3.0/modes/java/mode/jdimodel.jar
7f1455d3f000-7f1455d9a000 r--s 009e2000 08:02 8014039                    /usr/bin/processing-3.0/modes/java/mode/com.ibm.icu.jar
7f1455d9a000-7f1455da3000 r-xp 00000000 08:02 6561541                    /usr/lib/x86_64-linux-gnu/libXrandr.so.2.2.0
7f1455da3000-7f1455fa2000 ---p 00009000 08:02 6561541                    /usr/lib/x86_64-linux-gnu/libXrandr.so.2.2.0
7f1455fa2000-7f1455fa3000 r--p 00008000 08:02 6561541                    /usr/lib/x86_64-linux-gnu/libXrandr.so.2.2.0
7f1455fa3000-7f1455fa4000 rw-p 00009000 08:02 6561541                    /usr/lib/x86_64-linux-gnu/libXrandr.so.2.2.0
7f1455fa4000-7f1455fa7000 ---p 00000000 00:00 0 
7f1455fa7000-7f14560a5000 rw-p 00000000 00:00 0                          [stack:9196]
7f14560a5000-7f14560aa000 r-xp 00000000 08:02 6561523                    /usr/lib/x86_64-linux-gnu/libXfixes.so.3.1.0
7f14560aa000-7f14562a9000 ---p 00005000 08:02 6561523                    /usr/lib/x86_64-linux-gnu/libXfixes.so.3.1.0
7f14562a9000-7f14562aa000 r--p 00004000 08:02 6561523                    /usr/lib/x86_64-linux-gnu/libXfixes.so.3.1.0
7f14562aa000-7f14562ab000 rw-p 00005000 08:02 6561523                    /usr/lib/x86_64-linux-gnu/libXfixes.so.3.1.0
7f14562ab000-7f14562b4000 r-xp 00000000 08:02 6561515                    /usr/lib/x86_64-linux-gnu/libXcursor.so.1.0.2
7f14562b4000-7f14564b3000 ---p 00009000 08:02 6561515                    /usr/lib/x86_64-linux-gnu/libXcursor.so.1.0.2
7f14564b3000-7f14564b4000 r--p 00008000 08:02 6561515                    /usr/lib/x86_64-linux-gnu/libXcursor.so.1.0.2
7f14564b4000-7f14564b5000 rw-p 00009000 08:02 6561515                    /usr/lib/x86_64-linux-gnu/libXcursor.so.1.0.2
7f14564b5000-7f14564cb000 r-xp 00000000 08:02 13635717                   /lib/x86_64-linux-gnu/libgcc_s.so.1
7f14564cb000-7f14566ca000 ---p 00016000 08:02 13635717                   /lib/x86_64-linux-gnu/libgcc_s.so.1
7f14566ca000-7f14566cb000 rw-p 00015000 08:02 13635717                   /lib/x86_64-linux-gnu/libgcc_s.so.1
7f14566cb000-7f1456731000 r-xp 00000000 08:02 8012146                    /usr/bin/processing-3.0/java/lib/amd64/libfontmanager.so
7f1456731000-7f1456930000 ---p 00066000 08:02 8012146                    /usr/bin/processing-3.0/java/lib/amd64/libfontmanager.so
7f1456930000-7f1456934000 rw-p 00065000 08:02 8012146                    /usr/bin/processing-3.0/java/lib/amd64/libfontmanager.so
7f1456934000-7f1456945000 rw-p 00000000 00:00 0 
7f1456945000-7f145694a000 r-xp 00000000 08:02 6561519                    /usr/lib/x86_64-linux-gnu/libXdmcp.so.6.0.0
7f145694a000-7f1456b49000 ---p 00005000 08:02 6561519                    /usr/lib/x86_64-linux-gnu/libXdmcp.so.6.0.0
7f1456b49000-7f1456b4a000 r--p 00004000 08:02 6561519                    /usr/lib/x86_64-linux-gnu/libXdmcp.so.6.0.0
7f1456b4a000-7f1456b4b000 rw-p 00005000 08:02 6561519                    /usr/lib/x86_64-linux-gnu/libXdmcp.so.6.0.0
7f1456b4b000-7f1456b4d000 r-xp 00000000 08:02 6561508                    /usr/lib/x86_64-linux-gnu/libXau.so.6.0.0
7f1456b4d000-7f1456d4d000 ---p 00002000 08:02 6561508                    /usr/lib/x86_64-linux-gnu/libXau.so.6.0.0
7f1456d4d000-7f1456d4e000 r--p 00002000 08:02 6561508                    /usr/lib/x86_64-linux-gnu/libXau.so.6.0.0
7f1456d4e000-7f1456d4f000 rw-p 00003000 08:02 6561508                    /usr/lib/x86_64-linux-gnu/libXau.so.6.0.0
7f1456d4f000-7f1456d6c000 r-xp 00000000 08:02 6562574                    /usr/lib/x86_64-linux-gnu/libxcb.so.1.1.0
7f1456d6c000-7f1456f6c000 ---p 0001d000 08:02 6562574                    /usr/lib/x86_64-linux-gnu/libxcb.so.1.1.0
7f1456f6c000-7f1456f6d000 r--p 0001d000 08:02 6562574                    /usr/lib/x86_64-linux-gnu/libxcb.so.1.1.0
7f1456f6d000-7f1456f6e000 rw-p 0001e000 08:02 6562574                    /usr/lib/x86_64-linux-gnu/libxcb.so.1.1.0
7f1456f6e000-7f1456f7d000 r-xp 00000000 08:02 6561529                    /usr/lib/x86_64-linux-gnu/libXi.so.6.1.0
7f1456f7d000-7f145717c000 ---p 0000f000 08:02 6561529                    /usr/lib/x86_64-linux-gnu/libXi.so.6.1.0
7f145717c000-7f145717d000 r--p 0000e000 08:02 6561529                    /usr/lib/x86_64-linux-gnu/libXi.so.6.1.0
7f145717d000-7f145717e000 rw-p 0000f000 08:02 6561529                    /usr/lib/x86_64-linux-gnu/libXi.so.6.1.0
7f145717e000-7f1457183000 r-xp 00000000 08:02 6561549                    /usr/lib/x86_64-linux-gnu/libXtst.so.6.1.0
7f1457183000-7f1457382000 ---p 00005000 08:02 6561549                    /usr/lib/x86_64-linux-gnu/libXtst.so.6.1.0
7f1457382000-7f1457383000 r--p 00004000 08:02 6561549                    /usr/lib/x86_64-linux-gnu/libXtst.so.6.1.0
7f1457383000-7f1457384000 rw-p 00005000 08:02 6561549                    /usr/lib/x86_64-linux-gnu/libXtst.so.6.1.0
7f1457384000-7f145738d000 r-xp 00000000 08:02 6561543                    /usr/lib/x86_64-linux-gnu/libXrender.so.1.3.0
7f145738d000-7f145758c000 ---p 00009000 08:02 6561543                    /usr/lib/x86_64-linux-gnu/libXrender.so.1.3.0
7f145758c000-7f145758d000 r--p 00008000 08:02 6561543                    /usr/lib/x86_64-linux-gnu/libXrender.so.1.3.0
7f145758d000-7f145758e000 rw-p 00009000 08:02 6561543                    /usr/lib/x86_64-linux-gnu/libXrender.so.1.3.0
7f145758e000-7f14576be000 r-xp 00000000 08:02 6561504                    /usr/lib/x86_64-linux-gnu/libX11.so.6.3.0
7f14576be000-7f14578be000 ---p 00130000 08:02 6561504                    /usr/lib/x86_64-linux-gnu/libX11.so.6.3.0
7f14578be000-7f14578bf000 r--p 00130000 08:02 6561504                    /usr/lib/x86_64-linux-gnu/libX11.so.6.3.0
7f14578bf000-7f14578c3000 rw-p 00131000 08:02 6561504                    /usr/lib/x86_64-linux-gnu/libX11.so.6.3.0
7f14578c3000-7f14578d4000 r-xp 00000000 08:02 6561521                    /usr/lib/x86_64-linux-gnu/libXext.so.6.4.0
7f14578d4000-7f1457ad3000 ---p 00011000 08:02 6561521                    /usr/lib/x86_64-linux-gnu/libXext.so.6.4.0
7f1457ad3000-7f1457ad4000 r--p 00010000 08:02 6561521                    /usr/lib/x86_64-linux-gnu/libXext.so.6.4.0
7f1457ad4000-7f1457ad5000 rw-p 00011000 08:02 6561521                    /usr/lib/x86_64-linux-gnu/libXext.so.6.4.0
7f1457ad5000-7f1457b29000 r-xp 00000000 08:02 8012182                    /usr/bin/processing-3.0/java/lib/amd64/libawt_xawt.so
7f1457b29000-7f1457d29000 ---p 00054000 08:02 8012182                    /usr/bin/processing-3.0/java/lib/amd64/libawt_xawt.so
7f1457d29000-7f1457d2d000 rw-p 00054000 08:02 8012182                    /usr/bin/processing-3.0/java/lib/amd64/libawt_xawt.so
7f1457d2d000-7f1457d2e000 rw-p 00000000 00:00 0 
7f1457d2e000-7f1457dd0000 r-xp 00000000 08:02 8012174                    /usr/bin/processing-3.0/java/lib/amd64/libawt.so
7f1457dd0000-7f1457fd0000 ---p 000a2000 08:02 8012174                    /usr/bin/processing-3.0/java/lib/amd64/libawt.so
7f1457fd0000-7f1457fdc000 rw-p 000a2000 08:02 8012174                    /usr/bin/processing-3.0/java/lib/amd64/libawt.so
7f1457fdc000-7f1458000000 rw-p 00000000 00:00 0 
7f1458000000-7f1458719000 rw-p 00000000 00:00 0 
7f1458719000-7f145c000000 ---p 00000000 00:00 0 
7f145c000000-7f145c021000 rw-p 00000000 00:00 0 
7f145c021000-7f1460000000 ---p 00000000 00:00 0 
7f1460000000-7f1462238000 rw-p 00000000 00:00 0 
7f1462238000-7f1464000000 ---p 00000000 00:00 0 
7f1464000000-7f14660b0000 rw-p 00000000 00:00 0 
7f14660b0000-7f1468000000 ---p 00000000 00:00 0 
7f1468000000-7f1468021000 rw-p 00000000 00:00 0 
7f1468021000-7f146c000000 ---p 00000000 00:00 0 
7f146c000000-7f146c021000 rw-p 00000000 00:00 0 
7f146c021000-7f1470000000 ---p 00000000 00:00 0 
7f1470000000-7f1470021000 rw-p 00000000 00:00 0 
7f1470021000-7f1474000000 ---p 00000000 00:00 0 
7f1474000000-7f1474021000 rw-p 00000000 00:00 0 
7f1474021000-7f1478000000 ---p 00000000 00:00 0 
7f1478000000-7f1478021000 rw-p 00000000 00:00 0 
7f1478021000-7f147c000000 ---p 00000000 00:00 0 
7f147c000000-7f147c021000 rw-p 00000000 00:00 0 
7f147c021000-7f1480000000 ---p 00000000 00:00 0 
7f1480000000-7f1480021000 rw-p 00000000 00:00 0 
7f1480021000-7f1484000000 ---p 00000000 00:00 0 
7f1484000000-7f1484021000 rw-p 00000000 00:00 0 
7f1484021000-7f1488000000 ---p 00000000 00:00 0 
7f1488000000-7f1488021000 rw-p 00000000 00:00 0 
7f1488021000-7f148c000000 ---p 00000000 00:00 0 
7f148c000000-7f148c021000 rw-p 00000000 00:00 0 
7f148c021000-7f1490000000 ---p 00000000 00:00 0 
7f1490000000-7f1490021000 rw-p 00000000 00:00 0 
7f1490021000-7f1494000000 ---p 00000000 00:00 0 
7f1494000000-7f1494001000 r--p 00000000 00:00 0 
7f1494001000-7f1494003000 r--s 00015000 08:02 8014029                    /usr/bin/processing-3.0/modes/java/mode/org.eclipse.core.contenttype.jar
7f1494003000-7f1494004000 r--s 00003000 08:02 8014046                    /usr/bin/processing-3.0/modes/java/mode/jdtCompilerAdapter.jar
7f1494004000-7f1494008000 r--s 0000e000 08:02 8014030                    /usr/bin/processing-3.0/modes/java/mode/jdi.jar
7f1494008000-7f149400e000 r--s 0007d000 08:02 8014033                    /usr/bin/processing-3.0/modes/java/mode/JavaMode.jar
7f149400e000-7f149400f000 r--s 00003000 08:02 8014035                    /usr/bin/processing-3.0/modes/java/mode/classpath-explorer-1.0.jar
7f149400f000-7f1494014000 r--s 00068000 08:02 8014043                    /usr/bin/processing-3.0/modes/java/mode/antlr.jar
7f1494014000-7f149401e000 r--s 00097000 08:02 6695776                    /usr/bin/processing-3.0/lib/pde.jar
7f149401e000-7f1494032000 r--s 00127000 08:02 6695832                    /usr/bin/processing-3.0/lib/jna.jar
7f1494032000-7f1494034000 r--s 00002000 08:02 6695836                    /usr/bin/processing-3.0/lib/ant-launcher.jar
7f1494034000-7f1494052000 r--s 001bb000 08:02 6695851                    /usr/bin/processing-3.0/lib/ant.jar
7f1494052000-7f1494054000 r--s 00005000 08:02 4591938                    /home/akelly/sketchbook/libraries/minim/library/mp3spi1.9.5.jar
7f1494054000-7f1494055000 r--s 0000b000 08:02 4591937                    /home/akelly/sketchbook/libraries/minim/library/jsminim.jar
7f1494055000-7f1494059000 r--s 00040000 08:02 4591936                    /home/akelly/sketchbook/libraries/minim/library/jl1.0.1.jar
7f1494059000-7f1494073000 r--s 01689000 08:02 6569030                    /usr/bin/processing-3.0/core/library/jogl-java-src.zip
7f1494073000-7f1494096000 r--s 00308000 08:02 6569034                    /usr/bin/processing-3.0/core/library/jogl-all.jar
7f1494096000-7f1494099000 ---p 00000000 00:00 0 
7f1494099000-7f1494197000 rw-p 00000000 00:00 0                          [stack:9195]
7f1494197000-7f1494198000 ---p 00000000 00:00 0 
7f1494198000-7f1494298000 rw-p 00000000 00:00 0                          [stack:9194]
7f1494298000-7f149429b000 ---p 00000000 00:00 0 
7f149429b000-7f1494399000 rw-p 00000000 00:00 0                          [stack:9193]
7f1494399000-7f149439c000 ---p 00000000 00:00 0 
7f149439c000-7f149449a000 rw-p 00000000 00:00 0                          [stack:9192]
7f149449a000-7f149449d000 ---p 00000000 00:00 0 
7f149449d000-7f149459b000 rw-p 00000000 00:00 0                          [stack:9191]
7f149459b000-7f149459e000 ---p 00000000 00:00 0 
7f149459e000-7f149469c000 rw-p 00000000 00:00 0                          [stack:9190]
7f149469c000-7f149469f000 ---p 00000000 00:00 0 
7f149469f000-7f149479d000 rw-p 00000000 00:00 0                          [stack:9184]
7f149479d000-7f14947a0000 ---p 00000000 00:00 0 
7f14947a0000-7f149489e000 rw-p 00000000 00:00 0                          [stack:9179]
7f149489e000-7f14948a1000 ---p 00000000 00:00 0 
7f14948a1000-7f149499f000 rw-p 00000000 00:00 0                          [stack:9178]
7f149499f000-7f14949a3000 r-xp 00000000 08:02 8012175                    /usr/bin/processing-3.0/java/lib/amd64/libdt_socket.so
7f14949a3000-7f1494ba2000 ---p 00004000 08:02 8012175                    /usr/bin/processing-3.0/java/lib/amd64/libdt_socket.so
7f1494ba2000-7f1494ba3000 rw-p 00003000 08:02 8012175                    /usr/bin/processing-3.0/java/lib/amd64/libdt_socket.so
7f1494ba3000-7f1494ba6000 ---p 00000000 00:00 0 
7f1494ba6000-7f1494ca4000 rw-p 00000000 00:00 0                          [stack:9177]
7f1494ca4000-7f1494ca7000 ---p 00000000 00:00 0 
7f1494ca7000-7f1494da5000 rw-p 00000000 00:00 0                          [stack:9176]
7f1494da5000-7f1494da8000 ---p 00000000 00:00 0 
7f1494da8000-7f1494ea6000 rw-p 00000000 00:00 0                          [stack:9175]
7f1494ea6000-7f1494ea7000 ---p 00000000 00:00 0 
7f1494ea7000-7f1495faa000 rw-p 00000000 00:00 0                          [stack:9174]
7f1495faa000-7f1496182000 r--s 03d0c000 08:02 6695974                    /usr/bin/processing-3.0/java/lib/rt.jar
7f1496182000-7f149ee2f000 rw-p 00000000 00:00 0 
7f149ee2f000-7f149ee30000 ---p 00000000 00:00 0 
7f149ee30000-7f149ef30000 rw-p 00000000 00:00 0                          [stack:9173]
7f149ef30000-7f149ef31000 ---p 00000000 00:00 0 
7f149ef31000-7f149f031000 rw-p 00000000 00:00 0                          [stack:9172]
7f149f031000-7f149f032000 ---p 00000000 00:00 0 
7f149f032000-7f149f132000 rw-p 00000000 00:00 0                          [stack:9171]
7f149f132000-7f149f133000 ---p 00000000 00:00 0 
7f149f133000-7f149f287000 rw-p 00000000 00:00 0                          [stack:9170]
7f149f287000-7f149f763000 ---p 00000000 00:00 0 
7f149f763000-7f149f7b7000 rw-p 00000000 00:00 0 
7f149f7b7000-7f149fc92000 ---p 00000000 00:00 0 
7f149fc92000-7f149fef4000 rw-p 00000000 00:00 0 
7f149fef4000-7f149ff2a000 ---p 00000000 00:00 0 
7f149ff2a000-7f149ff4b000 rw-p 00000000 00:00 0 
7f149ff4b000-7f14a02eb000 ---p 00000000 00:00 0 
7f14a02eb000-7f14a0abb000 rwxp 00000000 00:00 0 
7f14a0abb000-7f14af2eb000 ---p 00000000 00:00 0 
7f14af2eb000-7f14af305000 r-xp 00000000 08:02 8012189                    /usr/bin/processing-3.0/java/lib/amd64/libzip.so
7f14af305000-7f14af505000 ---p 0001a000 08:02 8012189                    /usr/bin/processing-3.0/java/lib/amd64/libzip.so
7f14af505000-7f14af506000 rw-p 0001a000 08:02 8012189                    /usr/bin/processing-3.0/java/lib/amd64/libzip.so
7f14af506000-7f14af511000 r-xp 00000000 08:02 13635765                   /lib/x86_64-linux-gnu/libnss_files-2.19.so
7f14af511000-7f14af710000 ---p 0000b000 08:02 13635765                   /lib/x86_64-linux-gnu/libnss_files-2.19.so
7f14af710000-7f14af711000 r--p 0000a000 08:02 13635765                   /lib/x86_64-linux-gnu/libnss_files-2.19.so
7f14af711000-7f14af712000 rw-p 0000b000 08:02 13635765                   /lib/x86_64-linux-gnu/libnss_files-2.19.so
7f14af712000-7f14af71d000 r-xp 00000000 08:02 13635775                   /lib/x86_64-linux-gnu/libnss_nis-2.19.so
7f14af71d000-7f14af91c000 ---p 0000b000 08:02 13635775                   /lib/x86_64-linux-gnu/libnss_nis-2.19.so
7f14af91c000-7f14af91d000 r--p 0000a000 08:02 13635775                   /lib/x86_64-linux-gnu/libnss_nis-2.19.so
7f14af91d000-7f14af91e000 rw-p 0000b000 08:02 13635775                   /lib/x86_64-linux-gnu/libnss_nis-2.19.so
7f14af91e000-7f14b0000000 r--p 00000000 08:02 6560506                    /usr/lib/locale/locale-archive
7f14b0000000-7f14b08a7000 rw-p 00000000 00:00 0 
7f14b08a7000-7f14b4000000 ---p 00000000 00:00 0 
7f14b4000000-7f14b4003000 r--s 00017000 08:02 4591933                    /home/akelly/sketchbook/libraries/minim/library/tritonus_share.jar
7f14b4003000-7f14b4006000 r--s 00016000 08:02 4591932                    /home/akelly/sketchbook/libraries/minim/library/minim.jar
7f14b4006000-7f14b400e000 r--s 003d3000 08:02 6569026                    /usr/bin/processing-3.0/core/library/gluegen-java-src.zip
7f14b400e000-7f14b4025000 r-xp 00000000 08:02 13635759                   /lib/x86_64-linux-gnu/libnsl-2.19.so
7f14b4025000-7f14b4224000 ---p 00017000 08:02 13635759                   /lib/x86_64-linux-gnu/libnsl-2.19.so
7f14b4224000-7f14b4225000 r--p 00016000 08:02 13635759                   /lib/x86_64-linux-gnu/libnsl-2.19.so
7f14b4225000-7f14b4226000 rw-p 00017000 08:02 13635759                   /lib/x86_64-linux-gnu/libnsl-2.19.so
7f14b4226000-7f14b4228000 rw-p 00000000 00:00 0 
7f14b4228000-7f14b4231000 r-xp 00000000 08:02 13635761                   /lib/x86_64-linux-gnu/libnss_compat-2.19.so
7f14b4231000-7f14b4430000 ---p 00009000 08:02 13635761                   /lib/x86_64-linux-gnu/libnss_compat-2.19.so
7f14b4430000-7f14b4431000 r--p 00008000 08:02 13635761                   /lib/x86_64-linux-gnu/libnss_compat-2.19.so
7f14b4431000-7f14b4432000 rw-p 00009000 08:02 13635761                   /lib/x86_64-linux-gnu/libnss_compat-2.19.so
7f14b4432000-7f14b4434000 r-xp 00000000 08:02 8012169                    /usr/bin/processing-3.0/java/lib/amd64/libnpt.so
7f14b4434000-7f14b4634000 ---p 00002000 08:02 8012169                    /usr/bin/processing-3.0/java/lib/amd64/libnpt.so
7f14b4634000-7f14b4635000 rw-p 00002000 08:02 8012169                    /usr/bin/processing-3.0/java/lib/amd64/libnpt.so
7f14b4635000-7f14b466e000 r-xp 00000000 08:02 8012184                    /usr/bin/processing-3.0/java/lib/amd64/libjdwp.so
7f14b466e000-7f14b486d000 ---p 00039000 08:02 8012184                    /usr/bin/processing-3.0/java/lib/amd64/libjdwp.so
7f14b486d000-7f14b486f000 rw-p 00038000 08:02 8012184                    /usr/bin/processing-3.0/java/lib/amd64/libjdwp.so
7f14b486f000-7f14b4899000 r-xp 00000000 08:02 8012204                    /usr/bin/processing-3.0/java/lib/amd64/libjava.so
7f14b4899000-7f14b4a99000 ---p 0002a000 08:02 8012204                    /usr/bin/processing-3.0/java/lib/amd64/libjava.so
7f14b4a99000-7f14b4a9b000 rw-p 0002a000 08:02 8012204                    /usr/bin/processing-3.0/java/lib/amd64/libjava.so
7f14b4a9b000-7f14b4aa8000 r-xp 00000000 08:02 8012148                    /usr/bin/processing-3.0/java/lib/amd64/libverify.so
7f14b4aa8000-7f14b4ca8000 ---p 0000d000 08:02 8012148                    /usr/bin/processing-3.0/java/lib/amd64/libverify.so
7f14b4ca8000-7f14b4caa000 rw-p 0000d000 08:02 8012148                    /usr/bin/processing-3.0/java/lib/amd64/libverify.so
7f14b4caa000-7f14b4cb1000 r-xp 00000000 08:02 13635818                   /lib/x86_64-linux-gnu/librt-2.19.so
7f14b4cb1000-7f14b4eb0000 ---p 00007000 08:02 13635818                   /lib/x86_64-linux-gnu/librt-2.19.so
7f14b4eb0000-7f14b4eb1000 r--p 00006000 08:02 13635818                   /lib/x86_64-linux-gnu/librt-2.19.so
7f14b4eb1000-7f14b4eb2000 rw-p 00007000 08:02 13635818                   /lib/x86_64-linux-gnu/librt-2.19.so
7f14b4eb2000-7f14b4fb7000 r-xp 00000000 08:02 13635740                   /lib/x86_64-linux-gnu/libm-2.19.so
7f14b4fb7000-7f14b51b6000 ---p 00105000 08:02 13635740                   /lib/x86_64-linux-gnu/libm-2.19.so
7f14b51b6000-7f14b51b7000 r--p 00104000 08:02 13635740                   /lib/x86_64-linux-gnu/libm-2.19.so
7f14b51b7000-7f14b51b8000 rw-p 00105000 08:02 13635740                   /lib/x86_64-linux-gnu/libm-2.19.so
7f14b51b8000-7f14b5e66000 r-xp 00000000 08:02 8012167                    /usr/bin/processing-3.0/java/lib/amd64/server/libjvm.so
7f14b5e66000-7f14b6066000 ---p 00cae000 08:02 8012167                    /usr/bin/processing-3.0/java/lib/amd64/server/libjvm.so
7f14b6066000-7f14b613d000 rw-p 00cae000 08:02 8012167                    /usr/bin/processing-3.0/java/lib/amd64/server/libjvm.so
7f14b613d000-7f14b6181000 rw-p 00000000 00:00 0 
7f14b6181000-7f14b633c000 r-xp 00000000 08:02 13635690                   /lib/x86_64-linux-gnu/libc-2.19.so
7f14b633c000-7f14b653b000 ---p 001bb000 08:02 13635690                   /lib/x86_64-linux-gnu/libc-2.19.so
7f14b653b000-7f14b653f000 r--p 001ba000 08:02 13635690                   /lib/x86_64-linux-gnu/libc-2.19.so
7f14b653f000-7f14b6541000 rw-p 001be000 08:02 13635690                   /lib/x86_64-linux-gnu/libc-2.19.so
7f14b6541000-7f14b6546000 rw-p 00000000 00:00 0 
7f14b6546000-7f14b6549000 r-xp 00000000 08:02 13635707                   /lib/x86_64-linux-gnu/libdl-2.19.so
7f14b6549000-7f14b6748000 ---p 00003000 08:02 13635707                   /lib/x86_64-linux-gnu/libdl-2.19.so
7f14b6748000-7f14b6749000 r--p 00002000 08:02 13635707                   /lib/x86_64-linux-gnu/libdl-2.19.so
7f14b6749000-7f14b674a000 rw-p 00003000 08:02 13635707                   /lib/x86_64-linux-gnu/libdl-2.19.so
7f14b674a000-7f14b675f000 r-xp 00000000 08:02 8012145                    /usr/bin/processing-3.0/java/lib/amd64/jli/libjli.so
7f14b675f000-7f14b695f000 ---p 00015000 08:02 8012145                    /usr/bin/processing-3.0/java/lib/amd64/jli/libjli.so
7f14b695f000-7f14b6960000 rw-p 00015000 08:02 8012145                    /usr/bin/processing-3.0/java/lib/amd64/jli/libjli.so
7f14b6960000-7f14b6979000 r-xp 00000000 08:02 13635810                   /lib/x86_64-linux-gnu/libpthread-2.19.so
7f14b6979000-7f14b6b78000 ---p 00019000 08:02 13635810                   /lib/x86_64-linux-gnu/libpthread-2.19.so
7f14b6b78000-7f14b6b79000 r--p 00018000 08:02 13635810                   /lib/x86_64-linux-gnu/libpthread-2.19.so
7f14b6b79000-7f14b6b7a000 rw-p 00019000 08:02 13635810                   /lib/x86_64-linux-gnu/libpthread-2.19.so
7f14b6b7a000-7f14b6b7e000 rw-p 00000000 00:00 0 
7f14b6b7e000-7f14b6ba1000 r-xp 00000000 08:02 13635666                   /lib/x86_64-linux-gnu/ld-2.19.so
7f14b6ba1000-7f14b6ba2000 r--s 00002000 08:02 4591935                    /home/akelly/sketchbook/libraries/minim/library/tritonus_aos.jar
7f14b6ba2000-7f14b6ba3000 r--s 00001000 08:02 6569033                    /usr/bin/processing-3.0/core/library/gluegen-rt-natives-macosx-universal.jar
7f14b6ba3000-7f14b6ba5000 r--s 00038000 08:02 6569032                    /usr/bin/processing-3.0/core/library/jogl-all-natives-windows-amd64.jar
7f14b6ba5000-7f14b6ba6000 r--s 00034000 08:02 6569031                    /usr/bin/processing-3.0/core/library/jogl-all-natives-linux-amd64.jar
7f14b6ba6000-7f14b6ba7000 r--s 00001000 08:02 6569036                    /usr/bin/processing-3.0/core/library/gluegen-rt-natives-windows-i586.jar
7f14b6ba7000-7f14b6c78000 rw-p 00000000 00:00 0 
7f14b6c78000-7f14b6c7b000 ---p 00000000 00:00 0 
7f14b6c7b000-7f14b6d7d000 rw-p 00000000 00:00 0                          [stack:9169]
7f14b6d7d000-7f14b6d83000 r--s 0004a000 08:02 6569021                    /usr/bin/processing-3.0/core/library/gluegen-rt.jar
7f14b6d83000-7f14b6d84000 r--s 00000000 08:02 6569035                    /usr/bin/processing-3.0/core/library/gluegen-rt-natives-linux-armv6hf.jar
7f14b6d84000-7f14b6d85000 r--s 00031000 08:02 6569019                    /usr/bin/processing-3.0/core/library/jogl-all-natives-windows-i586.jar
7f14b6d85000-7f14b6d86000 r--s 00001000 08:02 6569022                    /usr/bin/processing-3.0/core/library/gluegen-rt-natives-windows-amd64.jar
7f14b6d86000-7f14b6d88000 r--s 0006c000 08:02 6569020                    /usr/bin/processing-3.0/core/library/jogl-all-natives-macosx-universal.jar
7f14b6d88000-7f14b6d8d000 r--s 000f0000 08:02 6569027                    /usr/bin/processing-3.0/core/library/core.jar
7f14b6d8d000-7f14b6d8f000 r--s 00000000 08:02 6569025                    /usr/bin/processing-3.0/core/library/gluegen-rt-natives-linux-amd64.jar
7f14b6d8f000-7f14b6d90000 r--s 00026000 08:02 6569028                    /usr/bin/processing-3.0/core/library/jogl-all-natives-linux-armv6hf.jar
7f14b6d90000-7f14b6d91000 r--s 00032000 08:02 6569024                    /usr/bin/processing-3.0/core/library/jogl-all-natives-linux-i586.jar
7f14b6d91000-7f14b6d93000 r--s 00000000 08:02 6569023                    /usr/bin/processing-3.0/core/library/gluegen-rt-natives-linux-i586.jar
7f14b6d93000-7f14b6d94000 rw-p 00000000 00:00 0 
7f14b6d94000-7f14b6d9c000 rw-s 00000000 08:02 4325390                    /tmp/hsperfdata_akelly/9167
7f14b6d9c000-7f14b6d9d000 rw-p 00000000 00:00 0 
7f14b6d9d000-7f14b6d9e000 r--p 00000000 00:00 0 
7f14b6d9e000-7f14b6da0000 rw-p 00000000 00:00 0 
7f14b6da0000-7f14b6da1000 r--p 00022000 08:02 13635666                   /lib/x86_64-linux-gnu/ld-2.19.so
7f14b6da1000-7f14b6da2000 rw-p 00023000 08:02 13635666                   /lib/x86_64-linux-gnu/ld-2.19.so
7f14b6da2000-7f14b6da3000 rw-p 00000000 00:00 0 
7ffd9beb0000-7ffd9bed3000 rw-p 00000000 00:00 0                          [stack]
7ffd9bf5e000-7ffd9bf60000 r--p 00000000 00:00 0                          [vvar]
7ffd9bf60000-7ffd9bf62000 r-xp 00000000 00:00 0                          [vdso]
ffffffffff600000-ffffffffff601000 r-xp 00000000 00:00 0                  [vsyscall]

VM Arguments:
jvm_args: -agentlib:jdwp=transport=dt_socket,address=8415,server=y,suspend=y -Djava.library.path=:/usr/bin/processing-3.0/core/library:/home/akelly/sketchbook/libraries/minim/library:/usr/java/packages/lib/amd64:/usr/lib64:/lib64:/lib:/usr/lib -ea 
java_command: processing.core.PApplet --display=1 --sketch-path=/home/akelly/sketchbook/_audioVisualizer/_audioVisualizer/build build
java_class_path (initial): /home/akelly/sketchbook/_audioVisualizer/_audioVisualizer/build/build-tmp:/usr/bin/processing-3.0/core/library/gluegen-rt-natives-linux-i586.jar:/usr/bin/processing-3.0/core/library/jogl-all-natives-linux-i586.jar:/usr/bin/processing-3.0/core/library/jogl-all-natives-linux-armv6hf.jar:/usr/bin/processing-3.0/core/library/gluegen-rt-natives-linux-amd64.jar:/usr/bin/processing-3.0/core/library/core.jar:/usr/bin/processing-3.0/core/library/jogl-all-natives-macosx-universal.jar:/usr/bin/processing-3.0/core/library/gluegen-rt-natives-windows-amd64.jar:/usr/bin/processing-3.0/core/library/jogl-all-natives-windows-i586.jar:/usr/bin/processing-3.0/core/library/gluegen-rt-natives-linux-armv6hf.jar:/usr/bin/processing-3.0/core/library/gluegen-rt.jar:/usr/bin/processing-3.0/core/library/gluegen-rt-natives-windows-i586.jar:/usr/bin/processing-3.0/core/library/jogl-all.jar:/usr/bin/processing-3.0/core/library/jogl-all-natives-linux-amd64.jar:/usr/bin/processing-3.0/core/library/jogl-all-natives-windows-amd64.jar:/usr/bin/processing-3.0/core/library/gluegen-java-src.zip:/usr/bin/processing-3.0/core/library/jogl-java-src.zip:/usr/bin/processing-3.0/core/library/gluegen-rt-natives-macosx-universal.jar:/usr/bin/processing-3.0/core/library/gluegen-rt-natives-linux-i586.jar:/usr/bin/processing-3.0/core/library/jogl-all-natives-linux-i586.jar:/usr/bin/processing-3.0/core/library/jogl-all-natives-linux-armv6hf.jar:/usr/bin/processing-3.0/core/library/gluegen-rt-natives-linux-amd64.jar:/usr/bin/processing-3.0/core/library/core.jar:/usr/bin/processing-3.0/core/library/jogl-all-natives-macosx-universal.jar:/usr/bin/processing-3.0/core/library/gluegen-rt-natives-windows-amd64.jar:/usr/bin/processing-3.0/core/library/jogl-all-natives-windows-i586.jar:/usr/bin/processing-3.0/core/library/gluegen-rt-natives-linux-armv6hf.jar:/usr/bin/processing-3.0/core/library/gluegen-rt.jar:/usr/bin/processing-3.0/core/library/gluegen-rt-natives-windows-i586.jar:/usr/bin/processi
Launcher Type: SUN_STANDARD

Environment Variables:
PATH=/usr/bin/processing-3.0/java/bin:/usr/local/sbin:/usr/local/bin:/usr/sbin:/usr/bin:/sbin:/bin:/usr/games:/usr/local/games
SHELL=/bin/bash
DISPLAY=:0

Signal Handlers:
SIGSEGV: [libjvm.so+0xaad540], sa_mask[0]=11111111011111111101111111111110, sa_flags=SA_RESTART|SA_SIGINFO
SIGBUS: [libjvm.so+0xaad540], sa_mask[0]=11111111011111111101111111111110, sa_flags=SA_RESTART|SA_SIGINFO
SIGFPE: [libjvm.so+0x90b6b0], sa_mask[0]=11111111011111111101111111111110, sa_flags=SA_RESTART|SA_SIGINFO
SIGPIPE: [libjvm.so+0x90b6b0], sa_mask[0]=11111111011111111101111111111110, sa_flags=SA_RESTART|SA_SIGINFO
SIGXFSZ: [libjvm.so+0x90b6b0], sa_mask[0]=11111111011111111101111111111110, sa_flags=SA_RESTART|SA_SIGINFO
SIGILL: [libjvm.so+0x90b6b0], sa_mask[0]=11111111011111111101111111111110, sa_flags=SA_RESTART|SA_SIGINFO
SIGUSR1: SIG_DFL, sa_mask[0]=00000000000000000000000000000000, sa_flags=none
SIGUSR2: [libjvm.so+0x90ccf0], sa_mask[0]=00100000000000000000000000000000, sa_flags=SA_RESTART|SA_SIGINFO
SIGHUP: [libjvm.so+0x90e040], sa_mask[0]=11111111011111111101111111111110, sa_flags=SA_RESTART|SA_SIGINFO
SIGINT: [libjvm.so+0x90e040], sa_mask[0]=11111111011111111101111111111110, sa_flags=SA_RESTART|SA_SIGINFO
SIGTERM: [libjvm.so+0x90e040], sa_mask[0]=11111111011111111101111111111110, sa_flags=SA_RESTART|SA_SIGINFO
SIGQUIT: [libjvm.so+0x90e040], sa_mask[0]=11111111011111111101111111111110, sa_flags=SA_RESTART|SA_SIGINFO


---------------  S Y S T E M  ---------------

OS:DISTRIB_ID=Ubuntu
DISTRIB_RELEASE=14.04
DISTRIB_CODENAME=trusty
DISTRIB_DESCRIPTION="Ubuntu 14.04.3 LTS"

uname:Linux 3.19.0-28-generic #30~14.04.1-Ubuntu SMP Tue Sep 1 09:32:55 UTC 2015 x86_64
libc:glibc 2.19 NPTL 2.19 
rlimit: STACK 8192k, CORE 0k, NPROC 63284, NOFILE 4096, AS infinity
load average:1.89 2.22 2.53

/proc/meminfo:
MemTotal:       16309452 kB
MemFree:         9946944 kB
MemAvailable:   11147336 kB
Buffers:          116632 kB
Cached:          1792800 kB
SwapCached:           48 kB
Active:          5240424 kB
Inactive:         850160 kB
Active(anon):    4311780 kB
Inactive(anon):   453184 kB
Active(file):     928644 kB
Inactive(file):   396976 kB
Unevictable:          92 kB
Mlocked:              92 kB
SwapTotal:      16653308 kB
SwapFree:       16584364 kB
Dirty:              2016 kB
Writeback:             0 kB
AnonPages:       4181200 kB
Mapped:           588808 kB
Shmem:            583816 kB
Slab:             129064 kB
SReclaimable:      87432 kB
SUnreclaim:        41632 kB
KernelStack:       10560 kB
PageTables:        54692 kB
NFS_Unstable:          0 kB
Bounce:                0 kB
WritebackTmp:          0 kB
CommitLimit:    24808032 kB
Committed_AS:   10209216 kB
VmallocTotal:   34359738367 kB
VmallocUsed:      384844 kB
VmallocChunk:   34359343192 kB
HardwareCorrupted:     0 kB
AnonHugePages:   1955840 kB
CmaTotal:              0 kB
CmaFree:               0 kB
HugePages_Total:       0
HugePages_Free:        0
HugePages_Rsvd:        0
HugePages_Surp:        0
Hugepagesize:       2048 kB
DirectMap4k:      200108 kB
DirectMap2M:    12259328 kB
DirectMap1G:     4194304 kB


CPU:total 4 (2 cores per cpu, 2 threads per core) family 6 model 61 stepping 4, cmov, cx8, fxsr, mmx, sse, sse2, sse3, ssse3, sse4.1, sse4.2, popcnt, avx, avx2, aes, clmul, erms, rtm, 3dnowpref, lzcnt, ht, tsc, tscinvbit, bmi1, bmi2, adx

/proc/cpuinfo:
processor	: 0
vendor_id	: GenuineIntel
cpu family	: 6
model		: 61
model name	: Intel(R) Core(TM) i7-5600U CPU @ 2.60GHz
stepping	: 4
microcode	: 0x19
cpu MHz		: 2644.992
cache size	: 4096 KB
physical id	: 0
siblings	: 4
core id		: 0
cpu cores	: 2
apicid		: 0
initial apicid	: 0
fpu		: yes
fpu_exception	: yes
cpuid level	: 20
wp		: yes
flags		: fpu vme de pse tsc msr pae mce cx8 apic sep mtrr pge mca cmov pat pse36 clflush dts acpi mmx fxsr sse sse2 ss ht tm pbe syscall nx pdpe1gb rdtscp lm constant_tsc arch_perfmon pebs bts rep_good nopl xtopology nonstop_tsc aperfmperf eagerfpu pni pclmulqdq dtes64 monitor ds_cpl vmx smx est tm2 ssse3 fma cx16 xtpr pdcm pcid sse4_1 sse4_2 x2apic movbe popcnt tsc_deadline_timer aes xsave avx f16c rdrand lahf_lm abm 3dnowprefetch ida arat epb pln pts dtherm tpr_shadow vnmi flexpriority ept vpid fsgsbase tsc_adjust bmi1 hle avx2 smep bmi2 erms invpcid rtm rdseed adx smap xsaveopt
bugs		:
bogomips	: 5188.48
clflush size	: 64
cache_alignment	: 64
address sizes	: 39 bits physical, 48 bits virtual
power management:

processor	: 1
vendor_id	: GenuineIntel
cpu family	: 6
model		: 61
model name	: Intel(R) Core(TM) i7-5600U CPU @ 2.60GHz
stepping	: 4
microcode	: 0x19
cpu MHz		: 2451.515
cache size	: 4096 KB
physical id	: 0
siblings	: 4
core id		: 0
cpu cores	: 2
apicid		: 1
initial apicid	: 1
fpu		: yes
fpu_exception	: yes
cpuid level	: 20
wp		: yes
flags		: fpu vme de pse tsc msr pae mce cx8 apic sep mtrr pge mca cmov pat pse36 clflush dts acpi mmx fxsr sse sse2 ss ht tm pbe syscall nx pdpe1gb rdtscp lm constant_tsc arch_perfmon pebs bts rep_good nopl xtopology nonstop_tsc aperfmperf eagerfpu pni pclmulqdq dtes64 monitor ds_cpl vmx smx est tm2 ssse3 fma cx16 xtpr pdcm pcid sse4_1 sse4_2 x2apic movbe popcnt tsc_deadline_timer aes xsave avx f16c rdrand lahf_lm abm 3dnowprefetch ida arat epb pln pts dtherm tpr_shadow vnmi flexpriority ept vpid fsgsbase tsc_adjust bmi1 hle avx2 smep bmi2 erms invpcid rtm rdseed adx smap xsaveopt
bugs		:
bogomips	: 5188.48
clflush size	: 64
cache_alignment	: 64
address sizes	: 39 bits physical, 48 bits virtual
power management:

processor	: 2
vendor_id	: GenuineIntel
cpu family	: 6
model		: 61
model name	: Intel(R) Core(TM) i7-5600U CPU @ 2.60GHz
stepping	: 4
microcode	: 0x19
cpu MHz		: 2486.554
cache size	: 4096 KB
physical id	: 0
siblings	: 4
core id		: 1
cpu cores	: 2
apicid		: 2
initial apicid	: 2
fpu		: yes
fpu_exception	: yes
cpuid level	: 20
wp		: yes
flags		: fpu vme de pse tsc msr pae mce cx8 apic sep mtrr pge mca cmov pat pse36 clflush dts acpi mmx fxsr sse sse2 ss ht tm pbe syscall nx pdpe1gb rdtscp lm constant_tsc arch_perfmon pebs bts rep_good nopl xtopology nonstop_tsc aperfmperf eagerfpu pni pclmulqdq dtes64 monitor ds_cpl vmx smx est tm2 ssse3 fma cx16 xtpr pdcm pcid sse4_1 sse4_2 x2apic movbe popcnt tsc_deadline_timer aes xsave avx f16c rdrand lahf_lm abm 3dnowprefetch ida arat epb pln pts dtherm tpr_shadow vnmi flexpriority ept vpid fsgsbase tsc_adjust bmi1 hle avx2 smep bmi2 erms invpcid rtm rdseed adx smap xsaveopt
bugs		:
bogomips	: 5188.48
clflush size	: 64
cache_alignment	: 64
address sizes	: 39 bits physical, 48 bits virtual
power management:

processor	: 3
vendor_id	: GenuineIntel
cpu family	: 6
model		: 61
model name	: Intel(R) Core(TM) i7-5600U CPU @ 2.60GHz
stepping	: 4
microcode	: 0x19
cpu MHz		: 2468.679
cache size	: 4096 KB
physical id	: 0
siblings	: 4
core id		: 1
cpu cores	: 2
apicid		: 3
initial apicid	: 3
fpu		: yes
fpu_exception	: yes
cpuid level	: 20
wp		: yes
flags		: fpu vme de pse tsc msr pae mce cx8 apic sep mtrr pge mca cmov pat pse36 clflush dts acpi mmx fxsr sse sse2 ss ht tm pbe syscall nx pdpe1gb rdtscp lm constant_tsc arch_perfmon pebs bts rep_good nopl xtopology nonstop_tsc aperfmperf eagerfpu pni pclmulqdq dtes64 monitor ds_cpl vmx smx est tm2 ssse3 fma cx16 xtpr pdcm pcid sse4_1 sse4_2 x2apic movbe popcnt tsc_deadline_timer aes xsave avx f16c rdrand lahf_lm abm 3dnowprefetch ida arat epb pln pts dtherm tpr_shadow vnmi flexpriority ept vpid fsgsbase tsc_adjust bmi1 hle avx2 smep bmi2 erms invpcid rtm rdseed adx smap xsaveopt
bugs		:
bogomips	: 5188.48
clflush size	: 64
cache_alignment	: 64
address sizes	: 39 bits physical, 48 bits virtual
power management:



Memory: 4k page, physical 16309452k(9946944k free), swap 16653308k(16584364k free)

vm_info: Java HotSpot(TM) 64-Bit Server VM (25.51-b03) for linux-amd64 JRE (1.8.0_51-b16), built on Jun  8 2015 19:28:07 by "java_re" with gcc 4.3.0 20080428 (Red Hat 4.3.0-8)

time: Sat Oct 10 15:54:01 2015
elapsed time: 27 seconds (0d 0h 0m 27s)

