#
# A fatal error has been detected by the Java Runtime Environment:
#
#  SIGSEGV (0xb) at pc=0x00007f3db6b80998, pid=8565, tid=139903429109504
#
# JRE version: Java(TM) SE Runtime Environment (8.0_51-b16) (build 1.8.0_51-b16)
# Java VM: Java HotSpot(TM) 64-Bit Server VM (25.51-b03 mixed mode linux-amd64 compressed oops)
# Problematic frame:
# C  [i965_dri.so+0x3c9998]
#
# Failed to write core dump. Core dumps have been disabled. To enable core dumping, try "ulimit -c unlimited" before starting Java again
#
# If you would like to submit a bug report, please visit:
#   http://bugreport.java.com/bugreport/crash.jsp
# The crash happened outside the Java Virtual Machine in native code.
# See problematic frame for where to report the bug.
#

---------------  T H R E A D  ---------------

Current thread (0x00007f3e3069d800):  JavaThread "main-Display-.x11_:0-1-EDT-1" daemon [_thread_in_native, id=8605, stack(0x00007f3dce21e000,0x00007f3dce31f000)]

siginfo: si_signo: 11 (SIGSEGV), si_code: 1 (SEGV_MAPERR), si_addr: 0x0000000100000000

Registers:
RAX=0x00007f3db6b80990, RBX=0x00007f3da804f900, RCX=0x0000000000000000, RDX=0x0000000000000001
RSP=0x00007f3dce31c310, RBP=0x00007f3dbc022330, RSI=0x00007f3da804f9e0, RDI=0x0000000100000000
R8 =0x0000000000000000, R9 =0x00007f3dcdbcbfc0, R10=0x00007f3e2177ec87, R11=0x00000006c73a9aa8
R12=0x00007f3dbc01fe70, R13=0x0000000000000000, R14=0x00007f3dbc023520, R15=0x0000000000000000
RIP=0x00007f3db6b80998, EFLAGS=0x0000000000010202, CSGSFS=0x0000000000000033, ERR=0x0000000000000004
  TRAPNO=0x000000000000000e

Top of Stack: (sp=0x00007f3dce31c310)
0x00007f3dce31c310:   00007f3dce31c400 0000000000000000
0x00007f3dce31c320:   00007f3da804f900 00007f3dbc022330
0x00007f3dce31c330:   00007f3dbc01fe70 00007f3dcdbcc04e
0x00007f3dce31c340:   00007f3dce31c378 00007f3dcde19660
0x00007f3dce31c350:   00007f3dbc014b10 00007f3d00000000
0x00007f3dce31c360:   0000000000000000 0000000000000000
0x00007f3dce31c370:   00007f3dce31c680 00007f3da804f900
0x00007f3dce31c380:   0000000003e00002 00000007c0122058
0x00007f3dce31c390:   00007f3dce31c400 0000000000000000
0x00007f3dce31c3a0:   00007f3dce31c698 00007f3dce31c440
0x00007f3dce31c3b0:   00007f3e3069d800 00007f3dcc2deba7
0x00007f3dce31c3c0:   00007f3de005dc40 00007f3dcdba5ab0
0x00007f3dce31c3d0:   0000000003e00002 00007f3dbc014b10
0x00007f3dce31c3e0:   00007f3dce31c440 00007f3e3069d9f8
0x00007f3dce31c3f0:   00007f3dcdf4d2e8 00007f3dcdba5ab0
0x00007f3dce31c400:   00007f3dce31c450 00007f3e2177ecfd
0x00007f3dce31c410:   fffffffe00000000 0000000000000000
0x00007f3dce31c420:   00000000d8e75355 00007f3de005e018
0x00007f3dce31c430:   00000006c73a9a98 00007f3e30668bd0
0x00007f3dce31c440:   00000006c731f488 0000000000001388
0x00007f3dce31c450:   00007f3dce31c6e0 00007f3e2177fabc
0x00007f3dce31c460:   00007f3dd8e4671e 00007f3e3069d800
0x00007f3dce31c470:   00000006c73a9a98 00000006c73a9aa8
0x00007f3dce31c480:   00000000d8e75355 00007f3de005e018
0x00007f3dce31c490:   0000000000000031 00007f3e217ebbec
0x00007f3dce31c4a0:   00007f3dce31c6e0 00007f3e2156c974
0x00007f3dce31c4b0:   00000006c720dd18 00000006c72338f0
0x00007f3dce31c4c0:   00007f3dd8e4671e 00007f3e2102df03
0x00007f3dce31c4d0:   00000006c73a9a88 00007f3e00000000
0x00007f3dce31c4e0:   00007f3dce31c6e0 00007f3e216b8424
0x00007f3dce31c4f0:   00007f3dce31c698 00007f3e2102df03
0x00007f3dce31c500:   00007f3e210055d0 00007f3e00000000 

Instructions: (pc=0x00007f3db6b80998)
0x00007f3db6b80978:   0f 1f 84 00 00 00 00 00 48 83 c4 10 5b 5d 41 5c
0x00007f3db6b80988:   c3 0f 1f 80 00 00 00 00 41 54 55 53 48 83 ec 10
0x00007f3db6b80998:   48 8b 1f 48 85 db 74 3d f6 83 48 05 00 00 01 49
0x00007f3db6b809a8:   89 f4 89 cd 75 72 83 e2 01 75 5d 83 e5 fd 74 38 

Register to memory mapping:

RAX=0x00007f3db6b80990: <offset 0x3c9990> in /usr/lib/x86_64-linux-gnu/dri/i965_dri.so at 0x00007f3db67b7000
RBX=0x00007f3da804f900 is an unknown value
RCX=0x0000000000000000 is an unknown value
RDX=0x0000000000000001 is an unknown value
RSP=0x00007f3dce31c310 is pointing into the stack for thread: 0x00007f3e3069d800
RBP=0x00007f3dbc022330 is an unknown value
RSI=0x00007f3da804f9e0 is an unknown value
RDI=0x0000000100000000 is an unknown value
R8 =0x0000000000000000 is an unknown value
R9 =0x00007f3dcdbcbfc0: <offset 0x42fc0> in /usr/lib/x86_64-linux-gnu/mesa/libGL.so.1 at 0x00007f3dcdb89000
R10=0x00007f3e2177ec87 is at entry_point+71 in (nmethod*)0x00007f3e2177ead0
R11=0x00000006c73a9aa8 is an oop
jogamp.common.util.locks.RecursiveLockImpl01Unfairish$SingleThreadSync 
 - klass: 'jogamp/common/util/locks/RecursiveLockImpl01Unfairish$SingleThreadSync'
R12=0x00007f3dbc01fe70 is an unknown value
R13=0x0000000000000000 is an unknown value
R14=0x00007f3dbc023520 is an unknown value
R15=0x0000000000000000 is an unknown value


Stack: [0x00007f3dce21e000,0x00007f3dce31f000],  sp=0x00007f3dce31c310,  free space=1016k
Native frames: (J=compiled Java code, j=interpreted, Vv=VM code, C=native code)
C  [i965_dri.so+0x3c9998]

Java frames: (J=compiled Java code, j=interpreted, Vv=VM code)
J 1901  jogamp.opengl.x11.glx.GLX.dispatch_glXSwapBuffers0(JJJ)V (0 bytes) @ 0x00007f3e2177ec87 [0x00007f3e2177ec40+0x47]
J 1900 C1 jogamp.opengl.x11.glx.GLX.glXSwapBuffers(JJ)V (45 bytes) @ 0x00007f3e2177fabc [0x00007f3e2177f0a0+0xa1c]
J 1899 C1 jogamp.opengl.x11.glx.X11GLXDrawable.swapBuffersImpl(Z)V (21 bytes) @ 0x00007f3e2177e88c [0x00007f3e2177e5e0+0x2ac]
J 1808 C1 jogamp.opengl.GLDrawableImpl.swapBuffers()V (138 bytes) @ 0x00007f3e21710774 [0x00007f3e217100a0+0x6d4]
j  jogamp.opengl.GLAutoDrawableBase.defaultSwapBuffers()V+23
j  com.jogamp.newt.opengl.GLWindow.swapBuffers()V+1
j  processing.opengl.PJOGL.swapBuffers()V+15
j  processing.opengl.PGraphicsOpenGL.dispose()V+15
j  processing.core.PApplet.dispose()V+28
j  processing.opengl.PSurfaceJOGL$NEWTWindowListener.windowDestroyNotify(Lcom/jogamp/newt/event/WindowEvent;)V+7
j  jogamp.newt.WindowImpl.consumeWindowEvent(Lcom/jogamp/newt/event/WindowEvent;)V+254
j  jogamp.newt.WindowImpl.sendWindowEvent(I)V+14
j  jogamp.newt.WindowImpl$1.run()V+143
j  jogamp.newt.DisplayImpl.runOnEDTIfAvail(ZLjava/lang/Runnable;)V+172
j  jogamp.newt.WindowImpl.runOnEDTIfAvail(ZLjava/lang/Runnable;)V+36
j  jogamp.newt.WindowImpl.destroy()V+11
j  com.jogamp.newt.opengl.GLWindow.destroy()V+4
j  jogamp.opengl.GLAutoDrawableBase.destroyAvoidAwareOfLocking()V+31
j  jogamp.opengl.GLAutoDrawableBase.defaultWindowDestroyNotifyOp()V+43
j  com.jogamp.newt.opengl.GLWindow.access$000(Lcom/jogamp/newt/opengl/GLWindow;)V+1
j  com.jogamp.newt.opengl.GLWindow$1.run()V+4
j  jogamp.newt.WindowImpl.windowDestroyNotify(Z)Z+147
v  ~StubRoutines::call_stub
J 1582  jogamp.newt.driver.x11.DisplayDriver.DispatchMessages0(JJJII)V (0 bytes) @ 0x00007f3e21616fbf [0x00007f3e21616f80+0x3f]
J 1581 C1 jogamp.newt.driver.x11.DisplayDriver.dispatchMessagesNative()V (66 bytes) @ 0x00007f3e21618cd4 [0x00007f3e21618940+0x394]
J 1587 C1 jogamp.newt.DisplayImpl.dispatchMessages()V (116 bytes) @ 0x00007f3e2162a934 [0x00007f3e21629ee0+0xa54]
J 1586 C1 jogamp.newt.DisplayImpl$7.run()V (8 bytes) @ 0x00007f3e2161854c [0x00007f3e21618440+0x10c]
j  jogamp.newt.DefaultEDTUtil$NEDT.run()V+67
v  ~StubRoutines::call_stub

---------------  P R O C E S S  ---------------

Java Threads: ( => current thread )
  0x00007f3da8131800 JavaThread "Thread-6" [_thread_blocked, id=8627, stack(0x00007f3da3eff000,0x00007f3da4000000)]
  0x00007f3da811d800 JavaThread "Java Sound Event Dispatcher" daemon [_thread_blocked, id=8622, stack(0x00007f3db40cd000,0x00007f3db41ce000)]
  0x00007f3e3000f800 JavaThread "DestroyJavaVM" [_thread_blocked, id=8567, stack(0x00007f3e38c2c000,0x00007f3e38d2d000)]
  0x00007f3e3070c000 JavaThread "Thread-2" [_thread_blocked, id=8608, stack(0x00007f3db4a90000,0x00007f3db4b91000)]
  0x00007f3e306fc000 JavaThread "main-SharedResourceRunner" daemon [_thread_blocked, id=8607, stack(0x00007f3dcc044000,0x00007f3dcc145000)]
  0x00007f3e306d2000 JavaThread "main-SharedResourceRunner" daemon [_thread_blocked, id=8606, stack(0x00007f3dcc145000,0x00007f3dcc246000)]
=>0x00007f3e3069d800 JavaThread "main-Display-.x11_:0-1-EDT-1" daemon [_thread_in_native, id=8605, stack(0x00007f3dce21e000,0x00007f3dce31f000)]
  0x00007f3e30518000 JavaThread "process reaper" daemon [_thread_blocked, id=8598, stack(0x00007f3dcfa3b000,0x00007f3dcfa74000)]
  0x00007f3e302c4000 JavaThread "AWT-XAWT" daemon [_thread_in_native, id=8594, stack(0x00007f3dcfeff000,0x00007f3dd0000000)]
  0x00007f3e302a4000 JavaThread "Java2D Disposer" daemon [_thread_blocked, id=8593, stack(0x00007f3e084bd000,0x00007f3e085be000)]
  0x00007f3e300d9000 JavaThread "Service Thread" daemon [_thread_blocked, id=8591, stack(0x00007f3e0a20a000,0x00007f3e0a30b000)]
  0x00007f3e300d3800 JavaThread "C1 CompilerThread2" daemon [_thread_blocked, id=8590, stack(0x00007f3e0a30b000,0x00007f3e0a40c000)]
  0x00007f3e300d1800 JavaThread "C2 CompilerThread1" daemon [_thread_blocked, id=8589, stack(0x00007f3e0a40c000,0x00007f3e0a50d000)]
  0x00007f3e300ce800 JavaThread "C2 CompilerThread0" daemon [_thread_blocked, id=8588, stack(0x00007f3e0a50d000,0x00007f3e0a60e000)]
  0x00007f3df4001000 JavaThread "JDWP Command Reader" daemon [_thread_in_native, id=8582, stack(0x00007f3e0a60e000,0x00007f3e0a70f000)]
  0x00007f3e300cc800 JavaThread "JDWP Event Helper Thread" daemon [_thread_blocked, id=8577, stack(0x00007f3e0a70f000,0x00007f3e0a810000)]
  0x00007f3e300c9000 JavaThread "JDWP Transport Listener: dt_socket" daemon [_thread_blocked, id=8576, stack(0x00007f3e0a810000,0x00007f3e0a911000)]
  0x00007f3e300bb800 JavaThread "Signal Dispatcher" daemon [_thread_blocked, id=8575, stack(0x00007f3e0ab15000,0x00007f3e0ac16000)]
  0x00007f3e30084800 JavaThread "Finalizer" daemon [_thread_blocked, id=8574, stack(0x00007f3e0ac16000,0x00007f3e0ad17000)]
  0x00007f3e30082800 JavaThread "Reference Handler" daemon [_thread_blocked, id=8573, stack(0x00007f3e0ad17000,0x00007f3e0ae18000)]

Other Threads:
  0x00007f3e3007d000 VMThread [stack: 0x00007f3e0ae18000,0x00007f3e0af19000] [id=8572]
  0x00007f3e300db800 WatcherThread [stack: 0x00007f3e0a109000,0x00007f3e0a20a000] [id=8592]

VM state:not at safepoint (normal execution)

VM Mutex/Monitor currently owned by a thread: None

Heap:
 PSYoungGen      total 138752K, used 35893K [0x000000076d100000, 0x0000000789480000, 0x00000007c0000000)
  eden space 138240K, 25% used [0x000000076d100000,0x000000076f3fd470,0x0000000775800000)
  from space 512K, 12% used [0x0000000789400000,0x0000000789410000,0x0000000789480000)
  to   space 5632K, 0% used [0x0000000788980000,0x0000000788980000,0x0000000788f00000)
 ParOldGen       total 171008K, used 4900K [0x00000006c7200000, 0x00000006d1900000, 0x000000076d100000)
  object space 171008K, 2% used [0x00000006c7200000,0x00000006c76c92b0,0x00000006d1900000)
 Metaspace       used 17632K, capacity 17874K, committed 18048K, reserved 1064960K
  class space    used 1573K, capacity 1662K, committed 1664K, reserved 1048576K

Card table byte_map: [0x00007f3e34725000,0x00007f3e34eed000] byte_map_base: 0x00007f3e310ec000

Marking Bits: (ParMarkBitMap*) 0x00007f3e3810a660
 Begin Bits: [0x00007f3e1908d000, 0x00007f3e1cec5000)
 End Bits:   [0x00007f3e1cec5000, 0x00007f3e20cfd000)

Polling page: 0x00007f3e38d51000

CodeCache: size=245760Kb used=8160Kb max_used=8171Kb free=237599Kb
 bounds [0x00007f3e21000000, 0x00007f3e21810000, 0x00007f3e30000000]
 total_blobs=2978 nmethods=2023 adapters=877
 compilation: enabled

Compilation events (10 events):
Event: 23.454 Thread 0x00007f3e300ce800 nmethod 2037 0x00007f3e217f08d0 code [0x00007f3e217f0a20, 0x00007f3e217f0af8]
Event: 23.614 Thread 0x00007f3e300d1800 nmethod 2036 0x00007f3e21801490 code [0x00007f3e21801720, 0x00007f3e21804ca8]
Event: 23.835 Thread 0x00007f3e300d3800 2038       1       java.util.TaskQueue::getMin (7 bytes)
Event: 23.835 Thread 0x00007f3e300d3800 nmethod 2038 0x00007f3e217ead10 code [0x00007f3e217eae60, 0x00007f3e217eaf90]
Event: 24.178 Thread 0x00007f3e300d3800 2039       3       sun.awt.X11.XToolkit::getDisplay (20 bytes)
Event: 24.178 Thread 0x00007f3e300d3800 nmethod 2039 0x00007f3e217e5dd0 code [0x00007f3e217e5f20, 0x00007f3e217e6070]
Event: 24.983 Thread 0x00007f3e300ce800 2040       4       processing.core.PGraphics::colorCalc (577 bytes)
Event: 24.988 Thread 0x00007f3e300ce800 nmethod 2040 0x00007f3e217f1810 code [0x00007f3e217f19c0, 0x00007f3e217f2198]
Event: 25.529 Thread 0x00007f3e300d1800 2041       4       processing.opengl.PJOGL::useProgram (11 bytes)
Event: 25.534 Thread 0x00007f3e300d1800 nmethod 2041 0x00007f3e217ec650 code [0x00007f3e217ec7c0, 0x00007f3e217ec968]

GC Heap History (10 events):
Event: 22.295 GC heap before
{Heap before GC invocations=20 (full 0):
 PSYoungGen      total 172032K, used 163936K [0x000000076d100000, 0x000000078a700000, 0x00000007c0000000)
  eden space 163840K, 100% used [0x000000076d100000,0x0000000777100000,0x0000000777100000)
  from space 8192K, 1% used [0x0000000789700000,0x0000000789718000,0x0000000789f00000)
  to   space 7680K, 0% used [0x0000000789f80000,0x0000000789f80000,0x000000078a700000)
 ParOldGen       total 171008K, used 4900K [0x00000006c7200000, 0x00000006d1900000, 0x000000076d100000)
  object space 171008K, 2% used [0x00000006c7200000,0x00000006c76c92b0,0x00000006d1900000)
 Metaspace       used 17631K, capacity 17874K, committed 18048K, reserved 1064960K
  class space    used 1573K, capacity 1662K, committed 1664K, reserved 1048576K
Event: 22.296 GC heap after
Heap after GC invocations=20 (full 0):
 PSYoungGen      total 158720K, used 64K [0x000000076d100000, 0x000000078a000000, 0x00000007c0000000)
  eden space 158208K, 0% used [0x000000076d100000,0x000000076d100000,0x0000000776b80000)
  from space 512K, 12% used [0x0000000789f80000,0x0000000789f90000,0x000000078a000000)
  to   space 7168K, 0% used [0x0000000789200000,0x0000000789200000,0x0000000789900000)
 ParOldGen       total 171008K, used 4900K [0x00000006c7200000, 0x00000006d1900000, 0x000000076d100000)
  object space 171008K, 2% used [0x00000006c7200000,0x00000006c76c92b0,0x00000006d1900000)
 Metaspace       used 17631K, capacity 17874K, committed 18048K, reserved 1064960K
  class space    used 1573K, capacity 1662K, committed 1664K, reserved 1048576K
}
Event: 23.183 GC heap before
{Heap before GC invocations=21 (full 0):
 PSYoungGen      total 158720K, used 158272K [0x000000076d100000, 0x000000078a000000, 0x00000007c0000000)
  eden space 158208K, 100% used [0x000000076d100000,0x0000000776b80000,0x0000000776b80000)
  from space 512K, 12% used [0x0000000789f80000,0x0000000789f90000,0x000000078a000000)
  to   space 7168K, 0% used [0x0000000789200000,0x0000000789200000,0x0000000789900000)
 ParOldGen       total 171008K, used 4900K [0x00000006c7200000, 0x00000006d1900000, 0x000000076d100000)
  object space 171008K, 2% used [0x00000006c7200000,0x00000006c76c92b0,0x00000006d1900000)
 Metaspace       used 17631K, capacity 17874K, committed 18048K, reserved 1064960K
  class space    used 1573K, capacity 1662K, committed 1664K, reserved 1048576K
Event: 23.186 GC heap after
Heap after GC invocations=21 (full 0):
 PSYoungGen      total 160256K, used 64K [0x000000076d100000, 0x000000078a000000, 0x00000007c0000000)
  eden space 153088K, 0% used [0x000000076d100000,0x000000076d100000,0x0000000776680000)
  from space 7168K, 0% used [0x0000000789200000,0x0000000789210000,0x0000000789900000)
  to   space 6656K, 0% used [0x0000000789980000,0x0000000789980000,0x000000078a000000)
 ParOldGen       total 171008K, used 4900K [0x00000006c7200000, 0x00000006d1900000, 0x000000076d100000)
  object space 171008K, 2% used [0x00000006c7200000,0x00000006c76c92b0,0x00000006d1900000)
 Metaspace       used 17631K, capacity 17874K, committed 18048K, reserved 1064960K
  class space    used 1573K, capacity 1662K, committed 1664K, reserved 1048576K
}
Event: 24.082 GC heap before
{Heap before GC invocations=22 (full 0):
 PSYoungGen      total 160256K, used 153152K [0x000000076d100000, 0x000000078a000000, 0x00000007c0000000)
  eden space 153088K, 100% used [0x000000076d100000,0x0000000776680000,0x0000000776680000)
  from space 7168K, 0% used [0x0000000789200000,0x0000000789210000,0x0000000789900000)
  to   space 6656K, 0% used [0x0000000789980000,0x0000000789980000,0x000000078a000000)
 ParOldGen       total 171008K, used 4900K [0x00000006c7200000, 0x00000006d1900000, 0x000000076d100000)
  object space 171008K, 2% used [0x00000006c7200000,0x00000006c76c92b0,0x00000006d1900000)
 Metaspace       used 17631K, capacity 17874K, committed 18048K, reserved 1064960K
  class space    used 1573K, capacity 1662K, committed 1664K, reserved 1048576K
Event: 24.083 GC heap after
Heap after GC invocations=22 (full 0):
 PSYoungGen      total 148480K, used 32K [0x000000076d100000, 0x0000000789a00000, 0x00000007c0000000)
  eden space 147968K, 0% used [0x000000076d100000,0x000000076d100000,0x0000000776180000)
  from space 512K, 6% used [0x0000000789980000,0x0000000789988000,0x0000000789a00000)
  to   space 6656K, 0% used [0x0000000788d00000,0x0000000788d00000,0x0000000789380000)
 ParOldGen       total 171008K, used 4900K [0x00000006c7200000, 0x00000006d1900000, 0x000000076d100000)
  object space 171008K, 2% used [0x00000006c7200000,0x00000006c76c92b0,0x00000006d1900000)
 Metaspace       used 17631K, capacity 17874K, committed 18048K, reserved 1064960K
  class space    used 1573K, capacity 1662K, committed 1664K, reserved 1048576K
}
Event: 24.899 GC heap before
{Heap before GC invocations=23 (full 0):
 PSYoungGen      total 148480K, used 148000K [0x000000076d100000, 0x0000000789a00000, 0x00000007c0000000)
  eden space 147968K, 100% used [0x000000076d100000,0x0000000776180000,0x0000000776180000)
  from space 512K, 6% used [0x0000000789980000,0x0000000789988000,0x0000000789a00000)
  to   space 6656K, 0% used [0x0000000788d00000,0x0000000788d00000,0x0000000789380000)
 ParOldGen       total 171008K, used 4900K [0x00000006c7200000, 0x00000006d1900000, 0x000000076d100000)
  object space 171008K, 2% used [0x00000006c7200000,0x00000006c76c92b0,0x00000006d1900000)
 Metaspace       used 17631K, capacity 17874K, committed 18048K, reserved 1064960K
  class space    used 1573K, capacity 1662K, committed 1664K, reserved 1048576K
Event: 24.900 GC heap after
Heap after GC invocations=23 (full 0):
 PSYoungGen      total 149504K, used 128K [0x000000076d100000, 0x0000000789a00000, 0x00000007c0000000)
  eden space 142848K, 0% used [0x000000076d100000,0x000000076d100000,0x0000000775c80000)
  from space 6656K, 1% used [0x0000000788d00000,0x0000000788d20000,0x0000000789380000)
  to   space 6144K, 0% used [0x0000000789400000,0x0000000789400000,0x0000000789a00000)
 ParOldGen       total 171008K, used 4900K [0x00000006c7200000, 0x00000006d1900000, 0x000000076d100000)
  object space 171008K, 2% used [0x00000006c7200000,0x00000006c76c92b0,0x00000006d1900000)
 Metaspace       used 17631K, capacity 17874K, committed 18048K, reserved 1064960K
  class space    used 1573K, capacity 1662K, committed 1664K, reserved 1048576K
}
Event: 25.715 GC heap before
{Heap before GC invocations=24 (full 0):
 PSYoungGen      total 149504K, used 142976K [0x000000076d100000, 0x0000000789a00000, 0x00000007c0000000)
  eden space 142848K, 100% used [0x000000076d100000,0x0000000775c80000,0x0000000775c80000)
  from space 6656K, 1% used [0x0000000788d00000,0x0000000788d20000,0x0000000789380000)
  to   space 6144K, 0% used [0x0000000789400000,0x0000000789400000,0x0000000789a00000)
 ParOldGen       total 171008K, used 4900K [0x00000006c7200000, 0x00000006d1900000, 0x000000076d100000)
  object space 171008K, 2% used [0x00000006c7200000,0x00000006c76c92b0,0x00000006d1900000)
 Metaspace       used 17631K, capacity 17874K, committed 18048K, reserved 1064960K
  class space    used 1573K, capacity 1662K, committed 1664K, reserved 1048576K
Event: 25.720 GC heap after
Heap after GC invocations=24 (full 0):
 PSYoungGen      total 138752K, used 64K [0x000000076d100000, 0x0000000789480000, 0x00000007c0000000)
  eden space 138240K, 0% used [0x000000076d100000,0x000000076d100000,0x0000000775800000)
  from space 512K, 12% used [0x0000000789400000,0x0000000789410000,0x0000000789480000)
  to   space 5632K, 0% used [0x0000000788980000,0x0000000788980000,0x0000000788f00000)
 ParOldGen       total 171008K, used 4900K [0x00000006c7200000, 0x00000006d1900000, 0x000000076d100000)
  object space 171008K, 2% used [0x00000006c7200000,0x00000006c76c92b0,0x00000006d1900000)
 Metaspace       used 17631K, capacity 17874K, committed 18048K, reserved 1064960K
  class space    used 1573K, capacity 1662K, committed 1664K, reserved 1048576K
}

Deoptimization events (10 events):
Event: 1.726 Thread 0x00007f3e306d2000 Uncommon trap: reason=class_check action=maybe_recompile pc=0x00007f3e2137ce70 method=com.jogamp.common.os.DynamicLibraryBundle.toolDynamicLookupFunction(Ljava/lang/String;)J @ 18
Event: 1.726 Thread 0x00007f3e306d2000 Uncommon trap: reason=class_check action=maybe_recompile pc=0x00007f3e213866c0 method=com.jogamp.common.os.DynamicLibraryBundle.dynamicLookupFunction(Ljava/lang/String;)J @ 80
Event: 1.726 Thread 0x00007f3e306d2000 Uncommon trap: reason=class_check action=maybe_recompile pc=0x00007f3e2137ce70 method=com.jogamp.common.os.DynamicLibraryBundle.toolDynamicLookupFunction(Ljava/lang/String;)J @ 18
Event: 1.856 Thread 0x00007f3e3000f800 Uncommon trap: reason=unstable_if action=reinterpret pc=0x00007f3e213a02ac method=java.lang.reflect.AccessibleObject.setAccessible0(Ljava/lang/reflect/AccessibleObject;Z)V @ 4
Event: 1.975 Thread 0x00007f3e30706800 Uncommon trap: reason=unstable_if action=reinterpret pc=0x00007f3e212eb5f4 method=sun.misc.MetaIndex.mayContain(Ljava/lang/String;)Z @ 38
Event: 1.994 Thread 0x00007f3e30706800 Uncommon trap: reason=unstable_if action=reinterpret pc=0x00007f3e212aae58 method=sun.misc.MetaIndex.mayContain(Ljava/lang/String;)Z @ 38
Event: 2.032 Thread 0x00007f3e30706800 Uncommon trap: reason=unstable_if action=reinterpret pc=0x00007f3e213cf94c method=javax.sound.sampled.AudioFormat.matches(Ljavax/sound/sampled/AudioFormat;)Z @ 112
Event: 2.221 Thread 0x00007f3da8131800 Uncommon trap: reason=unstable_if action=reinterpret pc=0x00007f3e213dd60c method=ddf.minim.javasound.FloatSampleTools.quantize16(FF)I @ 32
Event: 11.408 Thread 0x00007f3e30706800 Uncommon trap: reason=unstable_if action=reinterpret pc=0x00007f3e2164b6e0 method=sun.misc.FloatingDecimal$BinaryToASCIIBuffer.dtoa(IJIZ)V @ 714
Event: 23.148 Thread 0x00007f3e30706800 Uncommon trap: reason=unstable_if action=reinterpret pc=0x00007f3e217cfa74 method=sun.misc.FloatingDecimal$BinaryToASCIIBuffer.dtoa(IJIZ)V @ 1459

Internal exceptions (10 events):
Event: 0.700 Thread 0x00007f3e3000f800 Exception <a 'java/security/PrivilegedActionException'> (0x000000076d66e380) thrown at [/HUDSON/workspace/8-2-build-linux-amd64/jdk8u51/3951/hotspot/src/share/vm/prims/jvm.cpp, line 1382]
Event: 0.700 Thread 0x00007f3e3000f800 Exception <a 'java/security/PrivilegedActionException'> (0x000000076d66e538) thrown at [/HUDSON/workspace/8-2-build-linux-amd64/jdk8u51/3951/hotspot/src/share/vm/prims/jvm.cpp, line 1382]
Event: 0.700 Thread 0x00007f3e3000f800 Exception <a 'java/security/PrivilegedActionException'> (0x000000076d6707f0) thrown at [/HUDSON/workspace/8-2-build-linux-amd64/jdk8u51/3951/hotspot/src/share/vm/prims/jvm.cpp, line 1382]
Event: 0.700 Thread 0x00007f3e3000f800 Exception <a 'java/security/PrivilegedActionException'> (0x000000076d6709a8) thrown at [/HUDSON/workspace/8-2-build-linux-amd64/jdk8u51/3951/hotspot/src/share/vm/prims/jvm.cpp, line 1382]
Event: 0.707 Thread 0x00007f3e3000f800 Exception <a 'java/io/FileNotFoundException'> (0x000000076d67a700) thrown at [/HUDSON/workspace/8-2-build-linux-amd64/jdk8u51/3951/hotspot/src/share/vm/prims/jni.cpp, line 709]
Event: 0.707 Thread 0x00007f3e3000f800 Exception <a 'java/io/FileNotFoundException'> (0x000000076d67b088) thrown at [/HUDSON/workspace/8-2-build-linux-amd64/jdk8u51/3951/hotspot/src/share/vm/prims/jni.cpp, line 709]
Event: 0.800 Thread 0x00007f3e3000f800 Exception <a 'java/lang/NoSuchFieldError': method resolution failed> (0x000000076d780fe8) thrown at [/HUDSON/workspace/8-2-build-linux-amd64/jdk8u51/3951/hotspot/src/share/vm/prims/methodHandles.cpp, line 1125]
Event: 0.803 Thread 0x00007f3e3000f800 Exception <a 'java/lang/NoSuchFieldError': method resolution failed> (0x000000076d78f9a8) thrown at [/HUDSON/workspace/8-2-build-linux-amd64/jdk8u51/3951/hotspot/src/share/vm/prims/methodHandles.cpp, line 1125]
Event: 1.687 Thread 0x00007f3e3000f800 Exception <a 'java/lang/InterruptedException'> (0x000000076f292b00) thrown at [/HUDSON/workspace/8-2-build-linux-amd64/jdk8u51/3951/hotspot/src/share/vm/runtime/objectMonitor.cpp, line 1683]
Event: 1.852 Thread 0x00007f3e3000f800 Exception <a 'java/lang/InterruptedException'> (0x000000076f29dfa0) thrown at [/HUDSON/workspace/8-2-build-linux-amd64/jdk8u51/3951/hotspot/src/share/vm/runtime/objectMonitor.cpp, line 1683]

Events (10 events):
Event: 25.840 Thread 0x00007f3e30706800 DEOPT PACKING pc=0x00007f3e216fe36c sp=0x00007f3db4a8dd70
Event: 25.840 Thread 0x00007f3e30706800 DEOPT UNPACKING pc=0x00007f3e21047633 sp=0x00007f3db4a8dac8 mode 1
Event: 25.850 Thread 0x00007f3e30706800 DEOPT PACKING pc=0x00007f3e217a3e09 sp=0x00007f3db4a8dce0
Event: 25.850 Thread 0x00007f3e30706800 DEOPT UNPACKING pc=0x00007f3e21047633 sp=0x00007f3db4a8da78 mode 1
Event: 25.850 Thread 0x00007f3e30706800 DEOPT PACKING pc=0x00007f3e216fe36c sp=0x00007f3db4a8dd70
Event: 25.850 Thread 0x00007f3e30706800 DEOPT UNPACKING pc=0x00007f3e21047633 sp=0x00007f3db4a8dac8 mode 1
Event: 25.867 Thread 0x00007f3e30706800 DEOPT PACKING pc=0x00007f3e217a3e09 sp=0x00007f3db4a8dce0
Event: 25.867 Thread 0x00007f3e30706800 DEOPT UNPACKING pc=0x00007f3e21047633 sp=0x00007f3db4a8da78 mode 1
Event: 25.867 Thread 0x00007f3e30706800 DEOPT PACKING pc=0x00007f3e216fe36c sp=0x00007f3db4a8dd70
Event: 25.867 Thread 0x00007f3e30706800 DEOPT UNPACKING pc=0x00007f3e21047633 sp=0x00007f3db4a8dac8 mode 1


Dynamic libraries:
00400000-00401000 r-xp 00000000 08:02 6695910                            /usr/bin/processing-3.0/java/bin/java
00600000-00601000 rw-p 00000000 08:02 6695910                            /usr/bin/processing-3.0/java/bin/java
01dad000-01dce000 rw-p 00000000 00:00 0                                  [heap]
6c7200000-6d1900000 rw-p 00000000 00:00 0 
6d1900000-76d100000 ---p 00000000 00:00 0 
76d100000-789480000 rw-p 00000000 00:00 0 
789480000-7c0000000 ---p 00000000 00:00 0 
7c0000000-7c01a0000 rw-p 00000000 00:00 0 
7c01a0000-800000000 ---p 00000000 00:00 0 
7f3d8bfff000-7f3d90000000 r--s 00000000 00:16 18791                      /run/shm/pulse-shm-3302753902
7f3d90000000-7f3d90021000 rw-p 00000000 00:00 0 
7f3d90021000-7f3d94000000 ---p 00000000 00:00 0 
7f3d94000000-7f3d9428d000 rw-p 00000000 00:00 0 
7f3d9428d000-7f3d98000000 ---p 00000000 00:00 0 
7f3d98000000-7f3d98021000 rw-p 00000000 00:00 0 
7f3d98021000-7f3d9c000000 ---p 00000000 00:00 0 
7f3d9d170000-7f3d9d171000 ---p 00000000 00:00 0 
7f3d9d171000-7f3d9d971000 rw-p 00000000 00:00 0 
7f3d9d971000-7f3d9d972000 ---p 00000000 00:00 0 
7f3d9d972000-7f3d9e172000 rw-p 00000000 00:00 0                          [stack:8623]
7f3d9e172000-7f3da2173000 rw-s 00000000 00:16 142331                     /run/shm/pulse-shm-1689464962
7f3da2173000-7f3da2179000 r-xp 00000000 08:02 6947199                    /usr/lib/x86_64-linux-gnu/alsa-lib/libasound_module_pcm_pulse.so
7f3da2179000-7f3da2378000 ---p 00006000 08:02 6947199                    /usr/lib/x86_64-linux-gnu/alsa-lib/libasound_module_pcm_pulse.so
7f3da2378000-7f3da2379000 r--p 00005000 08:02 6947199                    /usr/lib/x86_64-linux-gnu/alsa-lib/libasound_module_pcm_pulse.so
7f3da2379000-7f3da237a000 rw-p 00006000 08:02 6947199                    /usr/lib/x86_64-linux-gnu/alsa-lib/libasound_module_pcm_pulse.so
7f3da237a000-7f3da2391000 r-xp 00000000 08:02 13635816                   /lib/x86_64-linux-gnu/libresolv-2.19.so
7f3da2391000-7f3da2591000 ---p 00017000 08:02 13635816                   /lib/x86_64-linux-gnu/libresolv-2.19.so
7f3da2591000-7f3da2592000 r--p 00017000 08:02 13635816                   /lib/x86_64-linux-gnu/libresolv-2.19.so
7f3da2592000-7f3da2593000 rw-p 00018000 08:02 13635816                   /lib/x86_64-linux-gnu/libresolv-2.19.so
7f3da2593000-7f3da2595000 rw-p 00000000 00:00 0 
7f3da2595000-7f3da259c000 r-xp 00000000 08:02 6562227                    /usr/lib/x86_64-linux-gnu/libogg.so.0.8.1
7f3da259c000-7f3da279c000 ---p 00007000 08:02 6562227                    /usr/lib/x86_64-linux-gnu/libogg.so.0.8.1
7f3da279c000-7f3da279d000 r--p 00007000 08:02 6562227                    /usr/lib/x86_64-linux-gnu/libogg.so.0.8.1
7f3da279d000-7f3da279e000 rw-p 00008000 08:02 6562227                    /usr/lib/x86_64-linux-gnu/libogg.so.0.8.1
7f3da279e000-7f3da27ca000 r-xp 00000000 08:02 6562501                    /usr/lib/x86_64-linux-gnu/libvorbis.so.0.4.5
7f3da27ca000-7f3da29c9000 ---p 0002c000 08:02 6562501                    /usr/lib/x86_64-linux-gnu/libvorbis.so.0.4.5
7f3da29c9000-7f3da29ca000 r--p 0002b000 08:02 6562501                    /usr/lib/x86_64-linux-gnu/libvorbis.so.0.4.5
7f3da29ca000-7f3da29cb000 rw-p 0002c000 08:02 6562501                    /usr/lib/x86_64-linux-gnu/libvorbis.so.0.4.5
7f3da29cb000-7f3da2c7e000 r-xp 00000000 08:02 6562503                    /usr/lib/x86_64-linux-gnu/libvorbisenc.so.2.0.8
7f3da2c7e000-7f3da2e7d000 ---p 002b3000 08:02 6562503                    /usr/lib/x86_64-linux-gnu/libvorbisenc.so.2.0.8
7f3da2e7d000-7f3da2e99000 r--p 002b2000 08:02 6562503                    /usr/lib/x86_64-linux-gnu/libvorbisenc.so.2.0.8
7f3da2e99000-7f3da2e9a000 rw-p 002ce000 08:02 6562503                    /usr/lib/x86_64-linux-gnu/libvorbisenc.so.2.0.8
7f3da2e9a000-7f3da2eca000 r-xp 00000000 08:02 6561366                    /usr/lib/x86_64-linux-gnu/libFLAC.so.8.3.0
7f3da2eca000-7f3da30c9000 ---p 00030000 08:02 6561366                    /usr/lib/x86_64-linux-gnu/libFLAC.so.8.3.0
7f3da30c9000-7f3da30ca000 r--p 0002f000 08:02 6561366                    /usr/lib/x86_64-linux-gnu/libFLAC.so.8.3.0
7f3da30ca000-7f3da30cb000 rw-p 00030000 08:02 6561366                    /usr/lib/x86_64-linux-gnu/libFLAC.so.8.3.0
7f3da30cb000-7f3da30d0000 r-xp 00000000 08:02 6561598                    /usr/lib/x86_64-linux-gnu/libasyncns.so.0.3.1
7f3da30d0000-7f3da32cf000 ---p 00005000 08:02 6561598                    /usr/lib/x86_64-linux-gnu/libasyncns.so.0.3.1
7f3da32cf000-7f3da32d0000 r--p 00004000 08:02 6561598                    /usr/lib/x86_64-linux-gnu/libasyncns.so.0.3.1
7f3da32d0000-7f3da32d1000 rw-p 00005000 08:02 6561598                    /usr/lib/x86_64-linux-gnu/libasyncns.so.0.3.1
7f3da32d1000-7f3da3332000 r-xp 00000000 08:02 6562384                    /usr/lib/x86_64-linux-gnu/libsndfile.so.1.0.25
7f3da3332000-7f3da3532000 ---p 00061000 08:02 6562384                    /usr/lib/x86_64-linux-gnu/libsndfile.so.1.0.25
7f3da3532000-7f3da3534000 r--p 00061000 08:02 6562384                    /usr/lib/x86_64-linux-gnu/libsndfile.so.1.0.25
7f3da3534000-7f3da3535000 rw-p 00063000 08:02 6562384                    /usr/lib/x86_64-linux-gnu/libsndfile.so.1.0.25
7f3da3535000-7f3da3539000 rw-p 00000000 00:00 0 
7f3da3539000-7f3da3541000 r-xp 00000000 08:02 13635850                   /lib/x86_64-linux-gnu/libwrap.so.0.7.6
7f3da3541000-7f3da3740000 ---p 00008000 08:02 13635850                   /lib/x86_64-linux-gnu/libwrap.so.0.7.6
7f3da3740000-7f3da3741000 r--p 00007000 08:02 13635850                   /lib/x86_64-linux-gnu/libwrap.so.0.7.6
7f3da3741000-7f3da3742000 rw-p 00008000 08:02 13635850                   /lib/x86_64-linux-gnu/libwrap.so.0.7.6
7f3da3742000-7f3da3743000 rw-p 00000000 00:00 0 
7f3da3743000-7f3da37a9000 r-xp 00000000 08:02 6948471                    /usr/lib/x86_64-linux-gnu/pulseaudio/libpulsecommon-4.0.so
7f3da37a9000-7f3da39a8000 ---p 00066000 08:02 6948471                    /usr/lib/x86_64-linux-gnu/pulseaudio/libpulsecommon-4.0.so
7f3da39a8000-7f3da39a9000 r--p 00065000 08:02 6948471                    /usr/lib/x86_64-linux-gnu/pulseaudio/libpulsecommon-4.0.so
7f3da39a9000-7f3da39aa000 rw-p 00066000 08:02 6948471                    /usr/lib/x86_64-linux-gnu/pulseaudio/libpulsecommon-4.0.so
7f3da39aa000-7f3da39b4000 r-xp 00000000 08:02 13635730                   /lib/x86_64-linux-gnu/libjson-c.so.2.0.0
7f3da39b4000-7f3da3bb3000 ---p 0000a000 08:02 13635730                   /lib/x86_64-linux-gnu/libjson-c.so.2.0.0
7f3da3bb3000-7f3da3bb4000 r--p 00009000 08:02 13635730                   /lib/x86_64-linux-gnu/libjson-c.so.2.0.0
7f3da3bb4000-7f3da3bb5000 rw-p 0000a000 08:02 13635730                   /lib/x86_64-linux-gnu/libjson-c.so.2.0.0
7f3da3bb5000-7f3da3bfc000 r-xp 00000000 08:02 6562296                    /usr/lib/x86_64-linux-gnu/libpulse.so.0.16.2
7f3da3bfc000-7f3da3dfc000 ---p 00047000 08:02 6562296                    /usr/lib/x86_64-linux-gnu/libpulse.so.0.16.2
7f3da3dfc000-7f3da3dfd000 r--p 00047000 08:02 6562296                    /usr/lib/x86_64-linux-gnu/libpulse.so.0.16.2
7f3da3dfd000-7f3da3dfe000 rw-p 00048000 08:02 6562296                    /usr/lib/x86_64-linux-gnu/libpulse.so.0.16.2
7f3da3eff000-7f3da3f02000 ---p 00000000 00:00 0 
7f3da3f02000-7f3da4000000 rw-p 00000000 00:00 0                          [stack:8627]
7f3da4000000-7f3da4021000 rw-p 00000000 00:00 0 
7f3da4021000-7f3da8000000 ---p 00000000 00:00 0 
7f3da8000000-7f3da8612000 rw-p 00000000 00:00 0 
7f3da8612000-7f3dac000000 ---p 00000000 00:00 0 
7f3dac000000-7f3daf082000 rw-p 00000000 00:00 0 
7f3daf082000-7f3db0000000 ---p 00000000 00:00 0 
7f3db0000000-7f3db2ded000 rw-p 00000000 00:00 0 
7f3db2ded000-7f3db4000000 ---p 00000000 00:00 0 
7f3db40cd000-7f3db40d0000 ---p 00000000 00:00 0 
7f3db40d0000-7f3db41ce000 rw-p 00000000 00:00 0                          [stack:8622]
7f3db41ce000-7f3db42b7000 r-xp 00000000 08:02 6561590                    /usr/lib/x86_64-linux-gnu/libasound.so.2.0.0
7f3db42b7000-7f3db44b6000 ---p 000e9000 08:02 6561590                    /usr/lib/x86_64-linux-gnu/libasound.so.2.0.0
7f3db44b6000-7f3db44bd000 r--p 000e8000 08:02 6561590                    /usr/lib/x86_64-linux-gnu/libasound.so.2.0.0
7f3db44bd000-7f3db44be000 rw-p 000ef000 08:02 6561590                    /usr/lib/x86_64-linux-gnu/libasound.so.2.0.0
7f3db44df000-7f3db44ee000 r-xp 00000000 08:02 8012164                    /usr/bin/processing-3.0/java/lib/amd64/libjsoundalsa.so
7f3db44ee000-7f3db46ed000 ---p 0000f000 08:02 8012164                    /usr/bin/processing-3.0/java/lib/amd64/libjsoundalsa.so
7f3db46ed000-7f3db46ee000 rw-p 0000e000 08:02 8012164                    /usr/bin/processing-3.0/java/lib/amd64/libjsoundalsa.so
7f3db46ee000-7f3db46ef000 r-xp 00000000 08:02 8012181                    /usr/bin/processing-3.0/java/lib/amd64/libjsound.so
7f3db46ef000-7f3db48ee000 ---p 00001000 08:02 8012181                    /usr/bin/processing-3.0/java/lib/amd64/libjsound.so
7f3db48ee000-7f3db48ef000 rw-p 00000000 08:02 8012181                    /usr/bin/processing-3.0/java/lib/amd64/libjsound.so
7f3db48ef000-7f3db498f000 rw-s 1d3df7000 00:06 10208                     /dev/dri/card0
7f3db498f000-7f3db4992000 ---p 00000000 00:00 0 
7f3db4992000-7f3db4a90000 rw-p 00000000 00:00 0 
7f3db4a90000-7f3db4a93000 ---p 00000000 00:00 0 
7f3db4a93000-7f3db4d91000 rw-p 00000000 00:00 0                          [stack:8608]
7f3db4d91000-7f3db4dd5000 r-xp 00000000 08:02 13635704                   /lib/x86_64-linux-gnu/libdbus-1.so.3.7.6
7f3db4dd5000-7f3db4fd4000 ---p 00044000 08:02 13635704                   /lib/x86_64-linux-gnu/libdbus-1.so.3.7.6
7f3db4fd4000-7f3db4fd5000 r--p 00043000 08:02 13635704                   /lib/x86_64-linux-gnu/libdbus-1.so.3.7.6
7f3db4fd5000-7f3db4fd6000 rw-p 00044000 08:02 13635704                   /lib/x86_64-linux-gnu/libdbus-1.so.3.7.6
7f3db4fd6000-7f3db4fde000 r-xp 00000000 08:02 13635752                   /lib/x86_64-linux-gnu/libnih-dbus.so.1.0.0
7f3db4fde000-7f3db51de000 ---p 00008000 08:02 13635752                   /lib/x86_64-linux-gnu/libnih-dbus.so.1.0.0
7f3db51de000-7f3db51df000 r--p 00008000 08:02 13635752                   /lib/x86_64-linux-gnu/libnih-dbus.so.1.0.0
7f3db51df000-7f3db51e0000 rw-p 00009000 08:02 13635752                   /lib/x86_64-linux-gnu/libnih-dbus.so.1.0.0
7f3db51e0000-7f3db51f7000 r-xp 00000000 08:02 13635754                   /lib/x86_64-linux-gnu/libnih.so.1.0.0
7f3db51f7000-7f3db53f6000 ---p 00017000 08:02 13635754                   /lib/x86_64-linux-gnu/libnih.so.1.0.0
7f3db53f6000-7f3db53f7000 r--p 00016000 08:02 13635754                   /lib/x86_64-linux-gnu/libnih.so.1.0.0
7f3db53f7000-7f3db53f8000 rw-p 00017000 08:02 13635754                   /lib/x86_64-linux-gnu/libnih.so.1.0.0
7f3db53f8000-7f3db5411000 r-xp 00000000 08:02 13635695                   /lib/x86_64-linux-gnu/libcgmanager.so.0.0.0
7f3db5411000-7f3db5610000 ---p 00019000 08:02 13635695                   /lib/x86_64-linux-gnu/libcgmanager.so.0.0.0
7f3db5610000-7f3db5612000 r--p 00018000 08:02 13635695                   /lib/x86_64-linux-gnu/libcgmanager.so.0.0.0
7f3db5612000-7f3db5613000 rw-p 0001a000 08:02 13635695                   /lib/x86_64-linux-gnu/libcgmanager.so.0.0.0
7f3db5613000-7f3db5623000 r-xp 00000000 08:02 13635838                   /lib/x86_64-linux-gnu/libudev.so.1.3.5
7f3db5623000-7f3db5822000 ---p 00010000 08:02 13635838                   /lib/x86_64-linux-gnu/libudev.so.1.3.5
7f3db5822000-7f3db5823000 r--p 0000f000 08:02 13635838                   /lib/x86_64-linux-gnu/libudev.so.1.3.5
7f3db5823000-7f3db5824000 rw-p 00010000 08:02 13635838                   /lib/x86_64-linux-gnu/libudev.so.1.3.5
7f3db5824000-7f3db585b000 r-xp 00000000 08:02 6562454                    /usr/lib/x86_64-linux-gnu/libtxc_dxtn_s2tc.so.0.0.0
7f3db585b000-7f3db5a5a000 ---p 00037000 08:02 6562454                    /usr/lib/x86_64-linux-gnu/libtxc_dxtn_s2tc.so.0.0.0
7f3db5a5a000-7f3db5a5b000 r--p 00036000 08:02 6562454                    /usr/lib/x86_64-linux-gnu/libtxc_dxtn_s2tc.so.0.0.0
7f3db5a5b000-7f3db5a5c000 rw-p 00037000 08:02 6562454                    /usr/lib/x86_64-linux-gnu/libtxc_dxtn_s2tc.so.0.0.0
7f3db5a5c000-7f3db5a74000 r-xp 00000000 08:02 13635853                   /lib/x86_64-linux-gnu/libz.so.1.2.8
7f3db5a74000-7f3db5c73000 ---p 00018000 08:02 13635853                   /lib/x86_64-linux-gnu/libz.so.1.2.8
7f3db5c73000-7f3db5c74000 r--p 00017000 08:02 13635853                   /lib/x86_64-linux-gnu/libz.so.1.2.8
7f3db5c74000-7f3db5c75000 rw-p 00018000 08:02 13635853                   /lib/x86_64-linux-gnu/libz.so.1.2.8
7f3db5c75000-7f3db5c7d000 r-xp 00000000 08:02 6562259                    /usr/lib/x86_64-linux-gnu/libpciaccess.so.0.11.1
7f3db5c7d000-7f3db5e7c000 ---p 00008000 08:02 6562259                    /usr/lib/x86_64-linux-gnu/libpciaccess.so.0.11.1
7f3db5e7c000-7f3db5e7d000 r--p 00007000 08:02 6562259                    /usr/lib/x86_64-linux-gnu/libpciaccess.so.0.11.1
7f3db5e7d000-7f3db5e7e000 rw-p 00008000 08:02 6562259                    /usr/lib/x86_64-linux-gnu/libpciaccess.so.0.11.1
7f3db5e7e000-7f3db5f64000 r-xp 00000000 08:02 6562412                    /usr/lib/x86_64-linux-gnu/libstdc++.so.6.0.19
7f3db5f64000-7f3db6163000 ---p 000e6000 08:02 6562412                    /usr/lib/x86_64-linux-gnu/libstdc++.so.6.0.19
7f3db6163000-7f3db616b000 r--p 000e5000 08:02 6562412                    /usr/lib/x86_64-linux-gnu/libstdc++.so.6.0.19
7f3db616b000-7f3db616d000 rw-p 000ed000 08:02 6562412                    /usr/lib/x86_64-linux-gnu/libstdc++.so.6.0.19
7f3db616d000-7f3db6182000 rw-p 00000000 00:00 0 
7f3db6182000-7f3db618e000 r-xp 00000000 08:02 6561756                    /usr/lib/x86_64-linux-gnu/libdrm_radeon.so.1.0.1
7f3db618e000-7f3db638d000 ---p 0000c000 08:02 6561756                    /usr/lib/x86_64-linux-gnu/libdrm_radeon.so.1.0.1
7f3db638d000-7f3db638e000 r--p 0000b000 08:02 6561756                    /usr/lib/x86_64-linux-gnu/libdrm_radeon.so.1.0.1
7f3db638e000-7f3db638f000 rw-p 0000c000 08:02 6561756                    /usr/lib/x86_64-linux-gnu/libdrm_radeon.so.1.0.1
7f3db638f000-7f3db6395000 r-xp 00000000 08:02 6561754                    /usr/lib/x86_64-linux-gnu/libdrm_nouveau.so.2.0.0
7f3db6395000-7f3db6594000 ---p 00006000 08:02 6561754                    /usr/lib/x86_64-linux-gnu/libdrm_nouveau.so.2.0.0
7f3db6594000-7f3db6595000 r--p 00005000 08:02 6561754                    /usr/lib/x86_64-linux-gnu/libdrm_nouveau.so.2.0.0
7f3db6595000-7f3db6596000 rw-p 00006000 08:02 6561754                    /usr/lib/x86_64-linux-gnu/libdrm_nouveau.so.2.0.0
7f3db6596000-7f3db65b6000 r-xp 00000000 08:02 6561752                    /usr/lib/x86_64-linux-gnu/libdrm_intel.so.1.0.0
7f3db65b6000-7f3db67b5000 ---p 00020000 08:02 6561752                    /usr/lib/x86_64-linux-gnu/libdrm_intel.so.1.0.0
7f3db67b5000-7f3db67b6000 r--p 0001f000 08:02 6561752                    /usr/lib/x86_64-linux-gnu/libdrm_intel.so.1.0.0
7f3db67b6000-7f3db67b7000 rw-p 00020000 08:02 6561752                    /usr/lib/x86_64-linux-gnu/libdrm_intel.so.1.0.0
7f3db67b7000-7f3db6d0b000 r-xp 00000000 08:02 6947244                    /usr/lib/x86_64-linux-gnu/dri/i965_dri.so
7f3db6d0b000-7f3db6f0b000 ---p 00554000 08:02 6947244                    /usr/lib/x86_64-linux-gnu/dri/i965_dri.so
7f3db6f0b000-7f3db6f2c000 r--p 00554000 08:02 6947244                    /usr/lib/x86_64-linux-gnu/dri/i965_dri.so
7f3db6f2c000-7f3db6f33000 rw-p 00575000 08:02 6947244                    /usr/lib/x86_64-linux-gnu/dri/i965_dri.so
7f3db6f33000-7f3db6f3a000 rw-p 00000000 00:00 0 
7f3db6f3a000-7f3db6f93000 r-xp 00000000 08:02 4461996                    /tmp/jogamp_0000/file_cache/jln145327293877703233/jln8633882473170575815/libjogl_mobile.so
7f3db6f93000-7f3db7193000 ---p 00059000 08:02 4461996                    /tmp/jogamp_0000/file_cache/jln145327293877703233/jln8633882473170575815/libjogl_mobile.so
7f3db7193000-7f3db7194000 rw-p 00059000 08:02 4461996                    /tmp/jogamp_0000/file_cache/jln145327293877703233/jln8633882473170575815/libjogl_mobile.so
7f3db7194000-7f3db719b000 r-xp 00000000 08:02 6561790                    /usr/lib/x86_64-linux-gnu/libffi.so.6.0.1
7f3db719b000-7f3db739a000 ---p 00007000 08:02 6561790                    /usr/lib/x86_64-linux-gnu/libffi.so.6.0.1
7f3db739a000-7f3db739b000 r--p 00006000 08:02 6561790                    /usr/lib/x86_64-linux-gnu/libffi.so.6.0.1
7f3db739b000-7f3db739c000 rw-p 00007000 08:02 6561790                    /usr/lib/x86_64-linux-gnu/libffi.so.6.0.1
7f3db739c000-7f3db73a8000 r-xp 00000000 08:02 6561843                    /usr/lib/x86_64-linux-gnu/libgbm.so.1.0.0
7f3db73a8000-7f3db75a8000 ---p 0000c000 08:02 6561843                    /usr/lib/x86_64-linux-gnu/libgbm.so.1.0.0
7f3db75a8000-7f3db75a9000 r--p 0000c000 08:02 6561843                    /usr/lib/x86_64-linux-gnu/libgbm.so.1.0.0
7f3db75a9000-7f3db75aa000 rw-p 0000d000 08:02 6561843                    /usr/lib/x86_64-linux-gnu/libgbm.so.1.0.0
7f3db75aa000-7f3db75b9000 r-xp 00000000 08:02 6562520                    /usr/lib/x86_64-linux-gnu/libwayland-server.so.0.1.0
7f3db75b9000-7f3db77b8000 ---p 0000f000 08:02 6562520                    /usr/lib/x86_64-linux-gnu/libwayland-server.so.0.1.0
7f3db77b8000-7f3db77ba000 r--p 0000e000 08:02 6562520                    /usr/lib/x86_64-linux-gnu/libwayland-server.so.0.1.0
7f3db77ba000-7f3db77bb000 rw-p 00010000 08:02 6562520                    /usr/lib/x86_64-linux-gnu/libwayland-server.so.0.1.0
7f3db77bb000-7f3db77c6000 r-xp 00000000 08:02 6562514                    /usr/lib/x86_64-linux-gnu/libwayland-client.so.0.2.0
7f3db77c6000-7f3db79c5000 ---p 0000b000 08:02 6562514                    /usr/lib/x86_64-linux-gnu/libwayland-client.so.0.2.0
7f3db79c5000-7f3db79c7000 r--p 0000a000 08:02 6562514                    /usr/lib/x86_64-linux-gnu/libwayland-client.so.0.2.0
7f3db79c7000-7f3db79c8000 rw-p 0000c000 08:02 6562514                    /usr/lib/x86_64-linux-gnu/libwayland-client.so.0.2.0
7f3db79c8000-7f3db79cd000 r-xp 00000000 08:02 6562570                    /usr/lib/x86_64-linux-gnu/libxcb-xfixes.so.0.0.0
7f3db79cd000-7f3db7bcd000 ---p 00005000 08:02 6562570                    /usr/lib/x86_64-linux-gnu/libxcb-xfixes.so.0.0.0
7f3db7bcd000-7f3db7bce000 r--p 00005000 08:02 6562570                    /usr/lib/x86_64-linux-gnu/libxcb-xfixes.so.0.0.0
7f3db7bce000-7f3db7bcf000 rw-p 00006000 08:02 6562570                    /usr/lib/x86_64-linux-gnu/libxcb-xfixes.so.0.0.0
7f3db7bcf000-7f3db7bf6000 r-xp 00000000 08:02 6948353                    /usr/lib/x86_64-linux-gnu/mesa-egl/libEGL.so.1.0.0
7f3db7bf6000-7f3db7df6000 ---p 00027000 08:02 6948353                    /usr/lib/x86_64-linux-gnu/mesa-egl/libEGL.so.1.0.0
7f3db7df6000-7f3db7df7000 r--p 00027000 08:02 6948353                    /usr/lib/x86_64-linux-gnu/mesa-egl/libEGL.so.1.0.0
7f3db7df7000-7f3db7df8000 rw-p 00028000 08:02 6948353                    /usr/lib/x86_64-linux-gnu/mesa-egl/libEGL.so.1.0.0
7f3db7df8000-7f3db7df9000 rw-p 00000000 00:00 0 
7f3db7df9000-7f3db7dff000 r-xp 00000000 08:02 6948357                    /usr/lib/x86_64-linux-gnu/mesa-egl/libGLESv2.so.2.0.0
7f3db7dff000-7f3db7ffe000 ---p 00006000 08:02 6948357                    /usr/lib/x86_64-linux-gnu/mesa-egl/libGLESv2.so.2.0.0
7f3db7ffe000-7f3db7fff000 r--p 00005000 08:02 6948357                    /usr/lib/x86_64-linux-gnu/mesa-egl/libGLESv2.so.2.0.0
7f3db7fff000-7f3db8000000 rw-p 00006000 08:02 6948357                    /usr/lib/x86_64-linux-gnu/mesa-egl/libGLESv2.so.2.0.0
7f3db8000000-7f3db8021000 rw-p 00000000 00:00 0 
7f3db8021000-7f3dbc000000 ---p 00000000 00:00 0 
7f3dbc000000-7f3dbc9d0000 rw-p 00000000 00:00 0 
7f3dbc9d0000-7f3dc0000000 ---p 00000000 00:00 0 
7f3dc0000000-7f3dc0021000 rw-p 00000000 00:00 0 
7f3dc0021000-7f3dc4000000 ---p 00000000 00:00 0 
7f3dc4000000-7f3dc4021000 rw-p 00000000 00:00 0 
7f3dc4021000-7f3dc8000000 ---p 00000000 00:00 0 
7f3dc8000000-7f3dc8021000 rw-p 00000000 00:00 0 
7f3dc8021000-7f3dcc000000 ---p 00000000 00:00 0 
7f3dcc001000-7f3dcc002000 rw-p 00000000 00:00 0 
7f3dcc002000-7f3dcc00a000 rw-s 00000000 00:05 145423                     /drm mm object (deleted)
7f3dcc00a000-7f3dcc011000 r--s 00000000 08:02 6947811                    /usr/lib/x86_64-linux-gnu/gconv/gconv-modules.cache
7f3dcc011000-7f3dcc024000 r--s 00344000 08:02 6695996                    /usr/bin/processing-3.0/java/lib/resources.jar
7f3dcc024000-7f3dcc02c000 rw-s 00000000 00:05 142696                     /drm mm object (deleted)
7f3dcc02c000-7f3dcc034000 rw-s 00000000 00:05 142670                     /drm mm object (deleted)
7f3dcc034000-7f3dcc03c000 rw-s 00000000 00:05 142708                     /drm mm object (deleted)
7f3dcc03c000-7f3dcc044000 rw-s 00000000 00:05 142659                     /drm mm object (deleted)
7f3dcc044000-7f3dcc047000 ---p 00000000 00:00 0 
7f3dcc047000-7f3dcc145000 rw-p 00000000 00:00 0                          [stack:8607]
7f3dcc145000-7f3dcc148000 ---p 00000000 00:00 0 
7f3dcc148000-7f3dcc246000 rw-p 00000000 00:00 0                          [stack:8606]
7f3dcc246000-7f3dcc2f9000 r-xp 00000000 08:02 4461995                    /tmp/jogamp_0000/file_cache/jln145327293877703233/jln8633882473170575815/libjogl_desktop.so
7f3dcc2f9000-7f3dcc4f9000 ---p 000b3000 08:02 4461995                    /tmp/jogamp_0000/file_cache/jln145327293877703233/jln8633882473170575815/libjogl_desktop.so
7f3dcc4f9000-7f3dcc4fa000 rw-p 000b3000 08:02 4461995                    /tmp/jogamp_0000/file_cache/jln145327293877703233/jln8633882473170575815/libjogl_desktop.so
7f3dcc4fa000-7f3dcc505000 r-xp 00000000 08:02 6561750                    /usr/lib/x86_64-linux-gnu/libdrm.so.2.4.0
7f3dcc505000-7f3dcc704000 ---p 0000b000 08:02 6561750                    /usr/lib/x86_64-linux-gnu/libdrm.so.2.4.0
7f3dcc704000-7f3dcc705000 r--p 0000a000 08:02 6561750                    /usr/lib/x86_64-linux-gnu/libdrm.so.2.4.0
7f3dcc705000-7f3dcc706000 rw-p 0000b000 08:02 6561750                    /usr/lib/x86_64-linux-gnu/libdrm.so.2.4.0
7f3dcc706000-7f3dcc707000 r-xp 00000000 08:02 6562584                    /usr/lib/x86_64-linux-gnu/libxshmfence.so.1.0.0
7f3dcc707000-7f3dcc906000 ---p 00001000 08:02 6562584                    /usr/lib/x86_64-linux-gnu/libxshmfence.so.1.0.0
7f3dcc906000-7f3dcc907000 r--p 00000000 08:02 6562584                    /usr/lib/x86_64-linux-gnu/libxshmfence.so.1.0.0
7f3dcc907000-7f3dcc908000 rw-p 00001000 08:02 6562584                    /usr/lib/x86_64-linux-gnu/libxshmfence.so.1.0.0
7f3dcc908000-7f3dcc90d000 r-xp 00000000 08:02 6562566                    /usr/lib/x86_64-linux-gnu/libxcb-sync.so.1.0.0
7f3dcc90d000-7f3dccb0c000 ---p 00005000 08:02 6562566                    /usr/lib/x86_64-linux-gnu/libxcb-sync.so.1.0.0
7f3dccb0c000-7f3dccb0d000 r--p 00004000 08:02 6562566                    /usr/lib/x86_64-linux-gnu/libxcb-sync.so.1.0.0
7f3dccb0d000-7f3dccb0e000 rw-p 00005000 08:02 6562566                    /usr/lib/x86_64-linux-gnu/libxcb-sync.so.1.0.0
7f3dccb0e000-7f3dccb10000 r-xp 00000000 08:02 6562554                    /usr/lib/x86_64-linux-gnu/libxcb-present.so.0.0.0
7f3dccb10000-7f3dccd0f000 ---p 00002000 08:02 6562554                    /usr/lib/x86_64-linux-gnu/libxcb-present.so.0.0.0
7f3dccd0f000-7f3dccd10000 r--p 00001000 08:02 6562554                    /usr/lib/x86_64-linux-gnu/libxcb-present.so.0.0.0
7f3dccd10000-7f3dccd11000 rw-p 00002000 08:02 6562554                    /usr/lib/x86_64-linux-gnu/libxcb-present.so.0.0.0
7f3dccd11000-7f3dccd13000 r-xp 00000000 08:02 6562544                    /usr/lib/x86_64-linux-gnu/libxcb-dri3.so.0.0.0
7f3dccd13000-7f3dccf12000 ---p 00002000 08:02 6562544                    /usr/lib/x86_64-linux-gnu/libxcb-dri3.so.0.0.0
7f3dccf12000-7f3dccf13000 r--p 00001000 08:02 6562544                    /usr/lib/x86_64-linux-gnu/libxcb-dri3.so.0.0.0
7f3dccf13000-7f3dccf14000 rw-p 00002000 08:02 6562544                    /usr/lib/x86_64-linux-gnu/libxcb-dri3.so.0.0.0
7f3dccf14000-7f3dccf17000 r-xp 00000000 08:02 6562542                    /usr/lib/x86_64-linux-gnu/libxcb-dri2.so.0.0.0
7f3dccf17000-7f3dcd117000 ---p 00003000 08:02 6562542                    /usr/lib/x86_64-linux-gnu/libxcb-dri2.so.0.0.0
7f3dcd117000-7f3dcd118000 r--p 00003000 08:02 6562542                    /usr/lib/x86_64-linux-gnu/libxcb-dri2.so.0.0.0
7f3dcd118000-7f3dcd119000 rw-p 00004000 08:02 6562542                    /usr/lib/x86_64-linux-gnu/libxcb-dri2.so.0.0.0
7f3dcd119000-7f3dcd12e000 r-xp 00000000 08:02 6562546                    /usr/lib/x86_64-linux-gnu/libxcb-glx.so.0.0.0
7f3dcd12e000-7f3dcd32d000 ---p 00015000 08:02 6562546                    /usr/lib/x86_64-linux-gnu/libxcb-glx.so.0.0.0
7f3dcd32d000-7f3dcd32f000 r--p 00014000 08:02 6562546                    /usr/lib/x86_64-linux-gnu/libxcb-glx.so.0.0.0
7f3dcd32f000-7f3dcd330000 rw-p 00016000 08:02 6562546                    /usr/lib/x86_64-linux-gnu/libxcb-glx.so.0.0.0
7f3dcd330000-7f3dcd331000 r-xp 00000000 08:02 6561502                    /usr/lib/x86_64-linux-gnu/libX11-xcb.so.1.0.0
7f3dcd331000-7f3dcd530000 ---p 00001000 08:02 6561502                    /usr/lib/x86_64-linux-gnu/libX11-xcb.so.1.0.0
7f3dcd530000-7f3dcd531000 r--p 00000000 08:02 6561502                    /usr/lib/x86_64-linux-gnu/libX11-xcb.so.1.0.0
7f3dcd531000-7f3dcd532000 rw-p 00001000 08:02 6561502                    /usr/lib/x86_64-linux-gnu/libX11-xcb.so.1.0.0
7f3dcd532000-7f3dcd534000 r-xp 00000000 08:02 6561517                    /usr/lib/x86_64-linux-gnu/libXdamage.so.1.1.0
7f3dcd534000-7f3dcd733000 ---p 00002000 08:02 6561517                    /usr/lib/x86_64-linux-gnu/libXdamage.so.1.1.0
7f3dcd733000-7f3dcd734000 r--p 00001000 08:02 6561517                    /usr/lib/x86_64-linux-gnu/libXdamage.so.1.1.0
7f3dcd734000-7f3dcd735000 rw-p 00002000 08:02 6561517                    /usr/lib/x86_64-linux-gnu/libXdamage.so.1.1.0
7f3dcd735000-7f3dcd75a000 r-xp 00000000 08:02 6561895                    /usr/lib/x86_64-linux-gnu/libglapi.so.0.0.0
7f3dcd75a000-7f3dcd95a000 ---p 00025000 08:02 6561895                    /usr/lib/x86_64-linux-gnu/libglapi.so.0.0.0
7f3dcd95a000-7f3dcd95d000 r--p 00025000 08:02 6561895                    /usr/lib/x86_64-linux-gnu/libglapi.so.0.0.0
7f3dcd95d000-7f3dcd95e000 rw-p 00028000 08:02 6561895                    /usr/lib/x86_64-linux-gnu/libglapi.so.0.0.0
7f3dcd95e000-7f3dcd95f000 rw-p 00000000 00:00 0 
7f3dcd95f000-7f3dcd986000 r-xp 00000000 08:02 13637323                   /lib/x86_64-linux-gnu/libexpat.so.1.6.0
7f3dcd986000-7f3dcdb86000 ---p 00027000 08:02 13637323                   /lib/x86_64-linux-gnu/libexpat.so.1.6.0
7f3dcdb86000-7f3dcdb88000 r--p 00027000 08:02 13637323                   /lib/x86_64-linux-gnu/libexpat.so.1.6.0
7f3dcdb88000-7f3dcdb89000 rw-p 00029000 08:02 13637323                   /lib/x86_64-linux-gnu/libexpat.so.1.6.0
7f3dcdb89000-7f3dcdc17000 r-xp 00000000 08:02 6948350                    /usr/lib/x86_64-linux-gnu/mesa/libGL.so.1.2.0
7f3dcdc17000-7f3dcde16000 ---p 0008e000 08:02 6948350                    /usr/lib/x86_64-linux-gnu/mesa/libGL.so.1.2.0
7f3dcde16000-7f3dcde19000 r--p 0008d000 08:02 6948350                    /usr/lib/x86_64-linux-gnu/mesa/libGL.so.1.2.0
7f3dcde19000-7f3dcde1a000 rw-p 00090000 08:02 6948350                    /usr/lib/x86_64-linux-gnu/mesa/libGL.so.1.2.0
7f3dcde1a000-7f3dce01b000 rw-p 00000000 00:00 0 
7f3dce01b000-7f3dce01d000 r-xp 00000000 08:02 6561531                    /usr/lib/x86_64-linux-gnu/libXinerama.so.1.0.0
7f3dce01d000-7f3dce21c000 ---p 00002000 08:02 6561531                    /usr/lib/x86_64-linux-gnu/libXinerama.so.1.0.0
7f3dce21c000-7f3dce21d000 r--p 00001000 08:02 6561531                    /usr/lib/x86_64-linux-gnu/libXinerama.so.1.0.0
7f3dce21d000-7f3dce21e000 rw-p 00002000 08:02 6561531                    /usr/lib/x86_64-linux-gnu/libXinerama.so.1.0.0
7f3dce21e000-7f3dce221000 ---p 00000000 00:00 0 
7f3dce221000-7f3dce7cf000 rw-p 00000000 00:00 0                          [stack:8605]
7f3dce7cf000-7f3dce7de000 r-xp 00000000 08:02 4461999                    /tmp/jogamp_0000/file_cache/jln145327293877703233/jln8633882473170575815/libnewt.so
7f3dce7de000-7f3dce9dd000 ---p 0000f000 08:02 4461999                    /tmp/jogamp_0000/file_cache/jln145327293877703233/jln8633882473170575815/libnewt.so
7f3dce9dd000-7f3dce9de000 rw-p 0000e000 08:02 4461999                    /tmp/jogamp_0000/file_cache/jln145327293877703233/jln8633882473170575815/libnewt.so
7f3dce9de000-7f3dce9e5000 r-xp 00000000 08:02 4461998                    /tmp/jogamp_0000/file_cache/jln145327293877703233/jln8633882473170575815/libnativewindow_x11.so
7f3dce9e5000-7f3dcebe4000 ---p 00007000 08:02 4461998                    /tmp/jogamp_0000/file_cache/jln145327293877703233/jln8633882473170575815/libnativewindow_x11.so
7f3dcebe4000-7f3dcebe5000 rw-p 00006000 08:02 4461998                    /tmp/jogamp_0000/file_cache/jln145327293877703233/jln8633882473170575815/libnativewindow_x11.so
7f3dcebe5000-7f3dcebe8000 ---p 00000000 00:00 0 
7f3dcebe8000-7f3dcece6000 rw-p 00000000 00:00 0 
7f3dcece6000-7f3dcecea000 r-xp 00000000 08:02 6561559                    /usr/lib/x86_64-linux-gnu/libXxf86vm.so.1.0.0
7f3dcecea000-7f3dceeea000 ---p 00004000 08:02 6561559                    /usr/lib/x86_64-linux-gnu/libXxf86vm.so.1.0.0
7f3dceeea000-7f3dceeeb000 r--p 00004000 08:02 6561559                    /usr/lib/x86_64-linux-gnu/libXxf86vm.so.1.0.0
7f3dceeeb000-7f3dceeec000 rw-p 00005000 08:02 6561559                    /usr/lib/x86_64-linux-gnu/libXxf86vm.so.1.0.0
7f3dceeec000-7f3dceeee000 rw-s 1d3e98000 00:06 10208                     /dev/dri/card0
7f3dceeee000-7f3dceeef000 rw-s 1d3e97000 00:06 10208                     /dev/dri/card0
7f3dceeef000-7f3dceef0000 rw-s 81000000 00:06 94744                      /dev/snd/pcmC2D0p
7f3dceef0000-7f3dceef1000 r--s 80000000 00:06 94744                      /dev/snd/pcmC2D0p
7f3dceef1000-7f3dceef2000 rw-s 1d3df6000 00:06 10208                     /dev/dri/card0
7f3dceef2000-7f3dceef3000 rw-s 1d3df5000 00:06 10208                     /dev/dri/card0
7f3dceef3000-7f3dceef4000 rwxp 00000000 00:00 0 
7f3dceef4000-7f3dceefc000 rw-s 00000000 00:05 142592                     /drm mm object (deleted)
7f3dceefc000-7f3dcef04000 rw-s 00000000 00:05 142632                     /drm mm object (deleted)
7f3dcef04000-7f3dcef05000 rw-s 1d3df4000 00:06 10208                     /dev/dri/card0
7f3dcef05000-7f3dcef0d000 rw-s 00000000 00:05 142581                     /drm mm object (deleted)
7f3dcef0d000-7f3dcef0f000 r-xp 00000000 08:02 4461997                    /tmp/jogamp_0000/file_cache/jln145327293877703233/jln8633882473170575815/libnativewindow_awt.so
7f3dcef0f000-7f3dcf10e000 ---p 00002000 08:02 4461997                    /tmp/jogamp_0000/file_cache/jln145327293877703233/jln8633882473170575815/libnativewindow_awt.so
7f3dcf10e000-7f3dcf10f000 rw-p 00001000 08:02 4461997                    /tmp/jogamp_0000/file_cache/jln145327293877703233/jln8633882473170575815/libnativewindow_awt.so
7f3dcf10f000-7f3dcf110000 r-xp 00000000 08:02 8012156                    /usr/bin/processing-3.0/java/lib/amd64/libjawt.so
7f3dcf110000-7f3dcf30f000 ---p 00001000 08:02 8012156                    /usr/bin/processing-3.0/java/lib/amd64/libjawt.so
7f3dcf30f000-7f3dcf310000 rw-p 00000000 08:02 8012156                    /usr/bin/processing-3.0/java/lib/amd64/libjawt.so
7f3dcf310000-7f3dcf312000 r-xp 00000000 08:02 4461994                    /tmp/jogamp_0000/file_cache/jln145327293877703233/jln8633882473170575815/libgluegen-rt.so
7f3dcf312000-7f3dcf511000 ---p 00002000 08:02 4461994                    /tmp/jogamp_0000/file_cache/jln145327293877703233/jln8633882473170575815/libgluegen-rt.so
7f3dcf511000-7f3dcf512000 rw-p 00001000 08:02 4461994                    /tmp/jogamp_0000/file_cache/jln145327293877703233/jln8633882473170575815/libgluegen-rt.so
7f3dcf512000-7f3dcf515000 ---p 00000000 00:00 0 
7f3dcf515000-7f3dcf613000 rw-p 00000000 00:00 0 
7f3dcf613000-7f3dcf624000 r-xp 00000000 08:02 8012203                    /usr/bin/processing-3.0/java/lib/amd64/libnio.so
7f3dcf624000-7f3dcf823000 ---p 00011000 08:02 8012203                    /usr/bin/processing-3.0/java/lib/amd64/libnio.so
7f3dcf823000-7f3dcf824000 rw-p 00010000 08:02 8012203                    /usr/bin/processing-3.0/java/lib/amd64/libnio.so
7f3dcf824000-7f3dcf83a000 r-xp 00000000 08:02 8012151                    /usr/bin/processing-3.0/java/lib/amd64/libnet.so
7f3dcf83a000-7f3dcfa3a000 ---p 00016000 08:02 8012151                    /usr/bin/processing-3.0/java/lib/amd64/libnet.so
7f3dcfa3a000-7f3dcfa3b000 rw-p 00016000 08:02 8012151                    /usr/bin/processing-3.0/java/lib/amd64/libnet.so
7f3dcfa3b000-7f3dcfa3e000 ---p 00000000 00:00 0 
7f3dcfa3e000-7f3dcfa74000 rw-p 00000000 00:00 0                          [stack:8598]
7f3dcfa74000-7f3dcfa78000 r--s 00095000 08:02 6696012                    /usr/bin/processing-3.0/java/lib/jsse.jar
7f3dcfa78000-7f3dcfc78000 rw-p 00000000 00:00 0 
7f3dcfc78000-7f3dcfc7b000 r--s 00041000 08:02 8014028                    /usr/bin/processing-3.0/modes/java/mode/org.netbeans.swing.outline.jar
7f3dcfc7b000-7f3dcfc80000 r--s 00038000 08:02 8014038                    /usr/bin/processing-3.0/modes/java/mode/org.eclipse.text.jar
7f3dcfc80000-7f3dcfc94000 r--s 00121000 08:02 8014045                    /usr/bin/processing-3.0/modes/java/mode/org.eclipse.osgi.jar
7f3dcfc94000-7f3dcfccc000 r--s 00515000 08:02 8014044                    /usr/bin/processing-3.0/modes/java/mode/org.eclipse.jdt.core.jar
7f3dcfccc000-7f3dcfccf000 r--s 0001c000 08:02 8014042                    /usr/bin/processing-3.0/modes/java/mode/org.eclipse.equinox.preferences.jar
7f3dcfccf000-7f3dcfcd2000 r--s 00018000 08:02 8014034                    /usr/bin/processing-3.0/modes/java/mode/org.eclipse.equinox.common.jar
7f3dcfcd2000-7f3dcfcd4000 r--s 00011000 08:02 8014037                    /usr/bin/processing-3.0/modes/java/mode/org.eclipse.core.runtime.jar
7f3dcfcd4000-7f3dcfcdf000 r--s 000c1000 08:02 8014040                    /usr/bin/processing-3.0/modes/java/mode/org.eclipse.core.resources.jar
7f3dcfcdf000-7f3dcfce1000 r--s 00016000 08:02 8014027                    /usr/bin/processing-3.0/modes/java/mode/org.eclipse.core.jobs.jar
7f3dcfce1000-7f3dcfce3000 r--s 00015000 08:02 8014029                    /usr/bin/processing-3.0/modes/java/mode/org.eclipse.core.contenttype.jar
7f3dcfce3000-7f3dcfce8000 r--s 0003f000 08:02 8014032                    /usr/bin/processing-3.0/modes/java/mode/jsoup-1.7.1.jar
7f3dcfce8000-7f3dcfcf5000 r--s 000cb000 08:02 8014036                    /usr/bin/processing-3.0/modes/java/mode/jdimodel.jar
7f3dcfcf5000-7f3dcfcfe000 r-xp 00000000 08:02 6561541                    /usr/lib/x86_64-linux-gnu/libXrandr.so.2.2.0
7f3dcfcfe000-7f3dcfefd000 ---p 00009000 08:02 6561541                    /usr/lib/x86_64-linux-gnu/libXrandr.so.2.2.0
7f3dcfefd000-7f3dcfefe000 r--p 00008000 08:02 6561541                    /usr/lib/x86_64-linux-gnu/libXrandr.so.2.2.0
7f3dcfefe000-7f3dcfeff000 rw-p 00009000 08:02 6561541                    /usr/lib/x86_64-linux-gnu/libXrandr.so.2.2.0
7f3dcfeff000-7f3dcff02000 ---p 00000000 00:00 0 
7f3dcff02000-7f3dd0000000 rw-p 00000000 00:00 0                          [stack:8594]
7f3dd0000000-7f3dd0021000 rw-p 00000000 00:00 0 
7f3dd0021000-7f3dd4000000 ---p 00000000 00:00 0 
7f3dd4000000-7f3dd4021000 rw-p 00000000 00:00 0 
7f3dd4021000-7f3dd8000000 ---p 00000000 00:00 0 
7f3dd8000000-7f3dd85e9000 rw-p 00000000 00:00 0 
7f3dd85e9000-7f3ddc000000 ---p 00000000 00:00 0 
7f3ddc000000-7f3ddc021000 rw-p 00000000 00:00 0 
7f3ddc021000-7f3de0000000 ---p 00000000 00:00 0 
7f3de0000000-7f3de128c000 rw-p 00000000 00:00 0 
7f3de128c000-7f3de4000000 ---p 00000000 00:00 0 
7f3de4000000-7f3de529a000 rw-p 00000000 00:00 0 
7f3de529a000-7f3de8000000 ---p 00000000 00:00 0 
7f3de8000000-7f3de8021000 rw-p 00000000 00:00 0 
7f3de8021000-7f3dec000000 ---p 00000000 00:00 0 
7f3dec000000-7f3dec021000 rw-p 00000000 00:00 0 
7f3dec021000-7f3df0000000 ---p 00000000 00:00 0 
7f3df0000000-7f3df0021000 rw-p 00000000 00:00 0 
7f3df0021000-7f3df4000000 ---p 00000000 00:00 0 
7f3df4000000-7f3df4021000 rw-p 00000000 00:00 0 
7f3df4021000-7f3df8000000 ---p 00000000 00:00 0 
7f3df8000000-7f3df8021000 rw-p 00000000 00:00 0 
7f3df8021000-7f3dfc000000 ---p 00000000 00:00 0 
7f3dfc000000-7f3dfc021000 rw-p 00000000 00:00 0 
7f3dfc021000-7f3e00000000 ---p 00000000 00:00 0 
7f3e00000000-7f3e00021000 rw-p 00000000 00:00 0 
7f3e00021000-7f3e04000000 ---p 00000000 00:00 0 
7f3e04000000-7f3e04021000 rw-p 00000000 00:00 0 
7f3e04021000-7f3e08000000 ---p 00000000 00:00 0 
7f3e08000000-7f3e08001000 r--p 00000000 00:00 0 
7f3e08001000-7f3e08002000 r--s 00003000 08:02 8014046                    /usr/bin/processing-3.0/modes/java/mode/jdtCompilerAdapter.jar
7f3e08002000-7f3e08006000 r--s 0000e000 08:02 8014030                    /usr/bin/processing-3.0/modes/java/mode/jdi.jar
7f3e08006000-7f3e0800c000 r--s 0007d000 08:02 8014033                    /usr/bin/processing-3.0/modes/java/mode/JavaMode.jar
7f3e0800c000-7f3e08067000 r--s 009e2000 08:02 8014039                    /usr/bin/processing-3.0/modes/java/mode/com.ibm.icu.jar
7f3e08067000-7f3e08068000 r--s 00003000 08:02 8014035                    /usr/bin/processing-3.0/modes/java/mode/classpath-explorer-1.0.jar
7f3e08068000-7f3e0806d000 r--s 00068000 08:02 8014043                    /usr/bin/processing-3.0/modes/java/mode/antlr.jar
7f3e0806d000-7f3e08077000 r--s 00097000 08:02 6695776                    /usr/bin/processing-3.0/lib/pde.jar
7f3e08077000-7f3e0808b000 r--s 00127000 08:02 6695832                    /usr/bin/processing-3.0/lib/jna.jar
7f3e0808b000-7f3e0808d000 r--s 00002000 08:02 6695836                    /usr/bin/processing-3.0/lib/ant-launcher.jar
7f3e0808d000-7f3e080ab000 r--s 001bb000 08:02 6695851                    /usr/bin/processing-3.0/lib/ant.jar
7f3e080ab000-7f3e080ad000 r--s 00005000 08:02 4591938                    /home/akelly/sketchbook/libraries/minim/library/mp3spi1.9.5.jar
7f3e080ad000-7f3e080b2000 r-xp 00000000 08:02 6561523                    /usr/lib/x86_64-linux-gnu/libXfixes.so.3.1.0
7f3e080b2000-7f3e082b1000 ---p 00005000 08:02 6561523                    /usr/lib/x86_64-linux-gnu/libXfixes.so.3.1.0
7f3e082b1000-7f3e082b2000 r--p 00004000 08:02 6561523                    /usr/lib/x86_64-linux-gnu/libXfixes.so.3.1.0
7f3e082b2000-7f3e082b3000 rw-p 00005000 08:02 6561523                    /usr/lib/x86_64-linux-gnu/libXfixes.so.3.1.0
7f3e082b3000-7f3e082bc000 r-xp 00000000 08:02 6561515                    /usr/lib/x86_64-linux-gnu/libXcursor.so.1.0.2
7f3e082bc000-7f3e084bb000 ---p 00009000 08:02 6561515                    /usr/lib/x86_64-linux-gnu/libXcursor.so.1.0.2
7f3e084bb000-7f3e084bc000 r--p 00008000 08:02 6561515                    /usr/lib/x86_64-linux-gnu/libXcursor.so.1.0.2
7f3e084bc000-7f3e084bd000 rw-p 00009000 08:02 6561515                    /usr/lib/x86_64-linux-gnu/libXcursor.so.1.0.2
7f3e084bd000-7f3e084c0000 ---p 00000000 00:00 0 
7f3e084c0000-7f3e085be000 rw-p 00000000 00:00 0                          [stack:8593]
7f3e085be000-7f3e085d4000 r-xp 00000000 08:02 13635717                   /lib/x86_64-linux-gnu/libgcc_s.so.1
7f3e085d4000-7f3e087d3000 ---p 00016000 08:02 13635717                   /lib/x86_64-linux-gnu/libgcc_s.so.1
7f3e087d3000-7f3e087d4000 rw-p 00015000 08:02 13635717                   /lib/x86_64-linux-gnu/libgcc_s.so.1
7f3e087d4000-7f3e0883a000 r-xp 00000000 08:02 8012146                    /usr/bin/processing-3.0/java/lib/amd64/libfontmanager.so
7f3e0883a000-7f3e08a39000 ---p 00066000 08:02 8012146                    /usr/bin/processing-3.0/java/lib/amd64/libfontmanager.so
7f3e08a39000-7f3e08a3d000 rw-p 00065000 08:02 8012146                    /usr/bin/processing-3.0/java/lib/amd64/libfontmanager.so
7f3e08a3d000-7f3e08a4e000 rw-p 00000000 00:00 0 
7f3e08a4e000-7f3e08a53000 r-xp 00000000 08:02 6561519                    /usr/lib/x86_64-linux-gnu/libXdmcp.so.6.0.0
7f3e08a53000-7f3e08c52000 ---p 00005000 08:02 6561519                    /usr/lib/x86_64-linux-gnu/libXdmcp.so.6.0.0
7f3e08c52000-7f3e08c53000 r--p 00004000 08:02 6561519                    /usr/lib/x86_64-linux-gnu/libXdmcp.so.6.0.0
7f3e08c53000-7f3e08c54000 rw-p 00005000 08:02 6561519                    /usr/lib/x86_64-linux-gnu/libXdmcp.so.6.0.0
7f3e08c54000-7f3e08c56000 r-xp 00000000 08:02 6561508                    /usr/lib/x86_64-linux-gnu/libXau.so.6.0.0
7f3e08c56000-7f3e08e56000 ---p 00002000 08:02 6561508                    /usr/lib/x86_64-linux-gnu/libXau.so.6.0.0
7f3e08e56000-7f3e08e57000 r--p 00002000 08:02 6561508                    /usr/lib/x86_64-linux-gnu/libXau.so.6.0.0
7f3e08e57000-7f3e08e58000 rw-p 00003000 08:02 6561508                    /usr/lib/x86_64-linux-gnu/libXau.so.6.0.0
7f3e08e58000-7f3e08e75000 r-xp 00000000 08:02 6562574                    /usr/lib/x86_64-linux-gnu/libxcb.so.1.1.0
7f3e08e75000-7f3e09075000 ---p 0001d000 08:02 6562574                    /usr/lib/x86_64-linux-gnu/libxcb.so.1.1.0
7f3e09075000-7f3e09076000 r--p 0001d000 08:02 6562574                    /usr/lib/x86_64-linux-gnu/libxcb.so.1.1.0
7f3e09076000-7f3e09077000 rw-p 0001e000 08:02 6562574                    /usr/lib/x86_64-linux-gnu/libxcb.so.1.1.0
7f3e09077000-7f3e09086000 r-xp 00000000 08:02 6561529                    /usr/lib/x86_64-linux-gnu/libXi.so.6.1.0
7f3e09086000-7f3e09285000 ---p 0000f000 08:02 6561529                    /usr/lib/x86_64-linux-gnu/libXi.so.6.1.0
7f3e09285000-7f3e09286000 r--p 0000e000 08:02 6561529                    /usr/lib/x86_64-linux-gnu/libXi.so.6.1.0
7f3e09286000-7f3e09287000 rw-p 0000f000 08:02 6561529                    /usr/lib/x86_64-linux-gnu/libXi.so.6.1.0
7f3e09287000-7f3e0928c000 r-xp 00000000 08:02 6561549                    /usr/lib/x86_64-linux-gnu/libXtst.so.6.1.0
7f3e0928c000-7f3e0948b000 ---p 00005000 08:02 6561549                    /usr/lib/x86_64-linux-gnu/libXtst.so.6.1.0
7f3e0948b000-7f3e0948c000 r--p 00004000 08:02 6561549                    /usr/lib/x86_64-linux-gnu/libXtst.so.6.1.0
7f3e0948c000-7f3e0948d000 rw-p 00005000 08:02 6561549                    /usr/lib/x86_64-linux-gnu/libXtst.so.6.1.0
7f3e0948d000-7f3e09496000 r-xp 00000000 08:02 6561543                    /usr/lib/x86_64-linux-gnu/libXrender.so.1.3.0
7f3e09496000-7f3e09695000 ---p 00009000 08:02 6561543                    /usr/lib/x86_64-linux-gnu/libXrender.so.1.3.0
7f3e09695000-7f3e09696000 r--p 00008000 08:02 6561543                    /usr/lib/x86_64-linux-gnu/libXrender.so.1.3.0
7f3e09696000-7f3e09697000 rw-p 00009000 08:02 6561543                    /usr/lib/x86_64-linux-gnu/libXrender.so.1.3.0
7f3e09697000-7f3e097c7000 r-xp 00000000 08:02 6561504                    /usr/lib/x86_64-linux-gnu/libX11.so.6.3.0
7f3e097c7000-7f3e099c7000 ---p 00130000 08:02 6561504                    /usr/lib/x86_64-linux-gnu/libX11.so.6.3.0
7f3e099c7000-7f3e099c8000 r--p 00130000 08:02 6561504                    /usr/lib/x86_64-linux-gnu/libX11.so.6.3.0
7f3e099c8000-7f3e099cc000 rw-p 00131000 08:02 6561504                    /usr/lib/x86_64-linux-gnu/libX11.so.6.3.0
7f3e099cc000-7f3e099dd000 r-xp 00000000 08:02 6561521                    /usr/lib/x86_64-linux-gnu/libXext.so.6.4.0
7f3e099dd000-7f3e09bdc000 ---p 00011000 08:02 6561521                    /usr/lib/x86_64-linux-gnu/libXext.so.6.4.0
7f3e09bdc000-7f3e09bdd000 r--p 00010000 08:02 6561521                    /usr/lib/x86_64-linux-gnu/libXext.so.6.4.0
7f3e09bdd000-7f3e09bde000 rw-p 00011000 08:02 6561521                    /usr/lib/x86_64-linux-gnu/libXext.so.6.4.0
7f3e09bde000-7f3e09c32000 r-xp 00000000 08:02 8012182                    /usr/bin/processing-3.0/java/lib/amd64/libawt_xawt.so
7f3e09c32000-7f3e09e32000 ---p 00054000 08:02 8012182                    /usr/bin/processing-3.0/java/lib/amd64/libawt_xawt.so
7f3e09e32000-7f3e09e36000 rw-p 00054000 08:02 8012182                    /usr/bin/processing-3.0/java/lib/amd64/libawt_xawt.so
7f3e09e36000-7f3e09e37000 rw-p 00000000 00:00 0 
7f3e09e37000-7f3e09ed9000 r-xp 00000000 08:02 8012174                    /usr/bin/processing-3.0/java/lib/amd64/libawt.so
7f3e09ed9000-7f3e0a0d9000 ---p 000a2000 08:02 8012174                    /usr/bin/processing-3.0/java/lib/amd64/libawt.so
7f3e0a0d9000-7f3e0a0e5000 rw-p 000a2000 08:02 8012174                    /usr/bin/processing-3.0/java/lib/amd64/libawt.so
7f3e0a0e5000-7f3e0a109000 rw-p 00000000 00:00 0 
7f3e0a109000-7f3e0a10a000 ---p 00000000 00:00 0 
7f3e0a10a000-7f3e0a20a000 rw-p 00000000 00:00 0                          [stack:8592]
7f3e0a20a000-7f3e0a20d000 ---p 00000000 00:00 0 
7f3e0a20d000-7f3e0a30b000 rw-p 00000000 00:00 0                          [stack:8591]
7f3e0a30b000-7f3e0a30e000 ---p 00000000 00:00 0 
7f3e0a30e000-7f3e0a40c000 rw-p 00000000 00:00 0                          [stack:8590]
7f3e0a40c000-7f3e0a40f000 ---p 00000000 00:00 0 
7f3e0a40f000-7f3e0a50d000 rw-p 00000000 00:00 0                          [stack:8589]
7f3e0a50d000-7f3e0a510000 ---p 00000000 00:00 0 
7f3e0a510000-7f3e0a60e000 rw-p 00000000 00:00 0                          [stack:8588]
7f3e0a60e000-7f3e0a611000 ---p 00000000 00:00 0 
7f3e0a611000-7f3e0a70f000 rw-p 00000000 00:00 0                          [stack:8582]
7f3e0a70f000-7f3e0a712000 ---p 00000000 00:00 0 
7f3e0a712000-7f3e0a810000 rw-p 00000000 00:00 0                          [stack:8577]
7f3e0a810000-7f3e0a813000 ---p 00000000 00:00 0 
7f3e0a813000-7f3e0a911000 rw-p 00000000 00:00 0                          [stack:8576]
7f3e0a911000-7f3e0a915000 r-xp 00000000 08:02 8012175                    /usr/bin/processing-3.0/java/lib/amd64/libdt_socket.so
7f3e0a915000-7f3e0ab14000 ---p 00004000 08:02 8012175                    /usr/bin/processing-3.0/java/lib/amd64/libdt_socket.so
7f3e0ab14000-7f3e0ab15000 rw-p 00003000 08:02 8012175                    /usr/bin/processing-3.0/java/lib/amd64/libdt_socket.so
7f3e0ab15000-7f3e0ab18000 ---p 00000000 00:00 0 
7f3e0ab18000-7f3e0ac16000 rw-p 00000000 00:00 0                          [stack:8575]
7f3e0ac16000-7f3e0ac19000 ---p 00000000 00:00 0 
7f3e0ac19000-7f3e0ad17000 rw-p 00000000 00:00 0                          [stack:8574]
7f3e0ad17000-7f3e0ad1a000 ---p 00000000 00:00 0 
7f3e0ad1a000-7f3e0ae18000 rw-p 00000000 00:00 0                          [stack:8573]
7f3e0ae18000-7f3e0ae19000 ---p 00000000 00:00 0 
7f3e0ae19000-7f3e0be28000 rw-p 00000000 00:00 0                          [stack:8572]
7f3e0be28000-7f3e0c000000 r--s 03d0c000 08:02 6695974                    /usr/bin/processing-3.0/java/lib/rt.jar
7f3e0c000000-7f3e0c021000 rw-p 00000000 00:00 0 
7f3e0c021000-7f3e10000000 ---p 00000000 00:00 0 
7f3e10000000-7f3e10021000 rw-p 00000000 00:00 0 
7f3e10021000-7f3e14000000 ---p 00000000 00:00 0 
7f3e14000000-7f3e14021000 rw-p 00000000 00:00 0 
7f3e14021000-7f3e18000000 ---p 00000000 00:00 0 
7f3e18000000-7f3e18001000 r--s 0000b000 08:02 4591937                    /home/akelly/sketchbook/libraries/minim/library/jsminim.jar
7f3e18001000-7f3e18005000 r--s 00040000 08:02 4591936                    /home/akelly/sketchbook/libraries/minim/library/jl1.0.1.jar
7f3e18005000-7f3e1801f000 r--s 01689000 08:02 6569030                    /usr/bin/processing-3.0/core/library/jogl-java-src.zip
7f3e1801f000-7f3e18042000 r--s 00308000 08:02 6569034                    /usr/bin/processing-3.0/core/library/jogl-all.jar
7f3e18042000-7f3e20cfd000 rw-p 00000000 00:00 0 
7f3e20cfd000-7f3e20cfe000 ---p 00000000 00:00 0 
7f3e20cfe000-7f3e20dfe000 rw-p 00000000 00:00 0                          [stack:8571]
7f3e20dfe000-7f3e20dff000 ---p 00000000 00:00 0 
7f3e20dff000-7f3e20eff000 rw-p 00000000 00:00 0                          [stack:8570]
7f3e20eff000-7f3e20f00000 ---p 00000000 00:00 0 
7f3e20f00000-7f3e21000000 rw-p 00000000 00:00 0                          [stack:8569]
7f3e21000000-7f3e21810000 rwxp 00000000 00:00 0 
7f3e21810000-7f3e30000000 ---p 00000000 00:00 0 
7f3e30000000-7f3e3083b000 rw-p 00000000 00:00 0 
7f3e3083b000-7f3e34000000 ---p 00000000 00:00 0 
7f3e34000000-7f3e34003000 r--s 00017000 08:02 4591933                    /home/akelly/sketchbook/libraries/minim/library/tritonus_share.jar
7f3e34003000-7f3e34006000 r--s 00016000 08:02 4591932                    /home/akelly/sketchbook/libraries/minim/library/minim.jar
7f3e34006000-7f3e3400e000 r--s 003d3000 08:02 6569026                    /usr/bin/processing-3.0/core/library/gluegen-java-src.zip
7f3e3400e000-7f3e340f4000 rw-p 00000000 00:00 0 
7f3e340f4000-7f3e340f5000 ---p 00000000 00:00 0 
7f3e340f5000-7f3e34249000 rw-p 00000000 00:00 0                          [stack:8568]
7f3e34249000-7f3e34725000 ---p 00000000 00:00 0 
7f3e34725000-7f3e34779000 rw-p 00000000 00:00 0 
7f3e34779000-7f3e34c54000 ---p 00000000 00:00 0 
7f3e34c54000-7f3e34d37000 rw-p 00000000 00:00 0 
7f3e34d37000-7f3e34eec000 ---p 00000000 00:00 0 
7f3e34eec000-7f3e34f0e000 rw-p 00000000 00:00 0 
7f3e34f0e000-7f3e352ad000 ---p 00000000 00:00 0 
7f3e352ad000-7f3e352c7000 r-xp 00000000 08:02 8012189                    /usr/bin/processing-3.0/java/lib/amd64/libzip.so
7f3e352c7000-7f3e354c7000 ---p 0001a000 08:02 8012189                    /usr/bin/processing-3.0/java/lib/amd64/libzip.so
7f3e354c7000-7f3e354c8000 rw-p 0001a000 08:02 8012189                    /usr/bin/processing-3.0/java/lib/amd64/libzip.so
7f3e354c8000-7f3e354d3000 r-xp 00000000 08:02 13635765                   /lib/x86_64-linux-gnu/libnss_files-2.19.so
7f3e354d3000-7f3e356d2000 ---p 0000b000 08:02 13635765                   /lib/x86_64-linux-gnu/libnss_files-2.19.so
7f3e356d2000-7f3e356d3000 r--p 0000a000 08:02 13635765                   /lib/x86_64-linux-gnu/libnss_files-2.19.so
7f3e356d3000-7f3e356d4000 rw-p 0000b000 08:02 13635765                   /lib/x86_64-linux-gnu/libnss_files-2.19.so
7f3e356d4000-7f3e356df000 r-xp 00000000 08:02 13635775                   /lib/x86_64-linux-gnu/libnss_nis-2.19.so
7f3e356df000-7f3e358de000 ---p 0000b000 08:02 13635775                   /lib/x86_64-linux-gnu/libnss_nis-2.19.so
7f3e358de000-7f3e358df000 r--p 0000a000 08:02 13635775                   /lib/x86_64-linux-gnu/libnss_nis-2.19.so
7f3e358df000-7f3e358e0000 rw-p 0000b000 08:02 13635775                   /lib/x86_64-linux-gnu/libnss_nis-2.19.so
7f3e358e0000-7f3e358f7000 r-xp 00000000 08:02 13635759                   /lib/x86_64-linux-gnu/libnsl-2.19.so
7f3e358f7000-7f3e35af6000 ---p 00017000 08:02 13635759                   /lib/x86_64-linux-gnu/libnsl-2.19.so
7f3e35af6000-7f3e35af7000 r--p 00016000 08:02 13635759                   /lib/x86_64-linux-gnu/libnsl-2.19.so
7f3e35af7000-7f3e35af8000 rw-p 00017000 08:02 13635759                   /lib/x86_64-linux-gnu/libnsl-2.19.so
7f3e35af8000-7f3e35afa000 rw-p 00000000 00:00 0 
7f3e35afa000-7f3e35b03000 r-xp 00000000 08:02 13635761                   /lib/x86_64-linux-gnu/libnss_compat-2.19.so
7f3e35b03000-7f3e35d02000 ---p 00009000 08:02 13635761                   /lib/x86_64-linux-gnu/libnss_compat-2.19.so
7f3e35d02000-7f3e35d03000 r--p 00008000 08:02 13635761                   /lib/x86_64-linux-gnu/libnss_compat-2.19.so
7f3e35d03000-7f3e35d04000 rw-p 00009000 08:02 13635761                   /lib/x86_64-linux-gnu/libnss_compat-2.19.so
7f3e35d04000-7f3e363e6000 r--p 00000000 08:02 6560506                    /usr/lib/locale/locale-archive
7f3e363e6000-7f3e363e8000 r-xp 00000000 08:02 8012169                    /usr/bin/processing-3.0/java/lib/amd64/libnpt.so
7f3e363e8000-7f3e365e8000 ---p 00002000 08:02 8012169                    /usr/bin/processing-3.0/java/lib/amd64/libnpt.so
7f3e365e8000-7f3e365e9000 rw-p 00002000 08:02 8012169                    /usr/bin/processing-3.0/java/lib/amd64/libnpt.so
7f3e365e9000-7f3e36622000 r-xp 00000000 08:02 8012184                    /usr/bin/processing-3.0/java/lib/amd64/libjdwp.so
7f3e36622000-7f3e36821000 ---p 00039000 08:02 8012184                    /usr/bin/processing-3.0/java/lib/amd64/libjdwp.so
7f3e36821000-7f3e36823000 rw-p 00038000 08:02 8012184                    /usr/bin/processing-3.0/java/lib/amd64/libjdwp.so
7f3e36823000-7f3e3684d000 r-xp 00000000 08:02 8012204                    /usr/bin/processing-3.0/java/lib/amd64/libjava.so
7f3e3684d000-7f3e36a4d000 ---p 0002a000 08:02 8012204                    /usr/bin/processing-3.0/java/lib/amd64/libjava.so
7f3e36a4d000-7f3e36a4f000 rw-p 0002a000 08:02 8012204                    /usr/bin/processing-3.0/java/lib/amd64/libjava.so
7f3e36a4f000-7f3e36a5c000 r-xp 00000000 08:02 8012148                    /usr/bin/processing-3.0/java/lib/amd64/libverify.so
7f3e36a5c000-7f3e36c5c000 ---p 0000d000 08:02 8012148                    /usr/bin/processing-3.0/java/lib/amd64/libverify.so
7f3e36c5c000-7f3e36c5e000 rw-p 0000d000 08:02 8012148                    /usr/bin/processing-3.0/java/lib/amd64/libverify.so
7f3e36c5e000-7f3e36c65000 r-xp 00000000 08:02 13635818                   /lib/x86_64-linux-gnu/librt-2.19.so
7f3e36c65000-7f3e36e64000 ---p 00007000 08:02 13635818                   /lib/x86_64-linux-gnu/librt-2.19.so
7f3e36e64000-7f3e36e65000 r--p 00006000 08:02 13635818                   /lib/x86_64-linux-gnu/librt-2.19.so
7f3e36e65000-7f3e36e66000 rw-p 00007000 08:02 13635818                   /lib/x86_64-linux-gnu/librt-2.19.so
7f3e36e66000-7f3e36f6b000 r-xp 00000000 08:02 13635740                   /lib/x86_64-linux-gnu/libm-2.19.so
7f3e36f6b000-7f3e3716a000 ---p 00105000 08:02 13635740                   /lib/x86_64-linux-gnu/libm-2.19.so
7f3e3716a000-7f3e3716b000 r--p 00104000 08:02 13635740                   /lib/x86_64-linux-gnu/libm-2.19.so
7f3e3716b000-7f3e3716c000 rw-p 00105000 08:02 13635740                   /lib/x86_64-linux-gnu/libm-2.19.so
7f3e3716c000-7f3e37e1a000 r-xp 00000000 08:02 8012167                    /usr/bin/processing-3.0/java/lib/amd64/server/libjvm.so
7f3e37e1a000-7f3e3801a000 ---p 00cae000 08:02 8012167                    /usr/bin/processing-3.0/java/lib/amd64/server/libjvm.so
7f3e3801a000-7f3e380f1000 rw-p 00cae000 08:02 8012167                    /usr/bin/processing-3.0/java/lib/amd64/server/libjvm.so
7f3e380f1000-7f3e38135000 rw-p 00000000 00:00 0 
7f3e38135000-7f3e382f0000 r-xp 00000000 08:02 13635690                   /lib/x86_64-linux-gnu/libc-2.19.so
7f3e382f0000-7f3e384ef000 ---p 001bb000 08:02 13635690                   /lib/x86_64-linux-gnu/libc-2.19.so
7f3e384ef000-7f3e384f3000 r--p 001ba000 08:02 13635690                   /lib/x86_64-linux-gnu/libc-2.19.so
7f3e384f3000-7f3e384f5000 rw-p 001be000 08:02 13635690                   /lib/x86_64-linux-gnu/libc-2.19.so
7f3e384f5000-7f3e384fa000 rw-p 00000000 00:00 0 
7f3e384fa000-7f3e384fd000 r-xp 00000000 08:02 13635707                   /lib/x86_64-linux-gnu/libdl-2.19.so
7f3e384fd000-7f3e386fc000 ---p 00003000 08:02 13635707                   /lib/x86_64-linux-gnu/libdl-2.19.so
7f3e386fc000-7f3e386fd000 r--p 00002000 08:02 13635707                   /lib/x86_64-linux-gnu/libdl-2.19.so
7f3e386fd000-7f3e386fe000 rw-p 00003000 08:02 13635707                   /lib/x86_64-linux-gnu/libdl-2.19.so
7f3e386fe000-7f3e38713000 r-xp 00000000 08:02 8012145                    /usr/bin/processing-3.0/java/lib/amd64/jli/libjli.so
7f3e38713000-7f3e38913000 ---p 00015000 08:02 8012145                    /usr/bin/processing-3.0/java/lib/amd64/jli/libjli.so
7f3e38913000-7f3e38914000 rw-p 00015000 08:02 8012145                    /usr/bin/processing-3.0/java/lib/amd64/jli/libjli.so
7f3e38914000-7f3e3892d000 r-xp 00000000 08:02 13635810                   /lib/x86_64-linux-gnu/libpthread-2.19.so
7f3e3892d000-7f3e38b2c000 ---p 00019000 08:02 13635810                   /lib/x86_64-linux-gnu/libpthread-2.19.so
7f3e38b2c000-7f3e38b2d000 r--p 00018000 08:02 13635810                   /lib/x86_64-linux-gnu/libpthread-2.19.so
7f3e38b2d000-7f3e38b2e000 rw-p 00019000 08:02 13635810                   /lib/x86_64-linux-gnu/libpthread-2.19.so
7f3e38b2e000-7f3e38b32000 rw-p 00000000 00:00 0 
7f3e38b32000-7f3e38b55000 r-xp 00000000 08:02 13635666                   /lib/x86_64-linux-gnu/ld-2.19.so
7f3e38b55000-7f3e38b56000 r--s 00002000 08:02 4591935                    /home/akelly/sketchbook/libraries/minim/library/tritonus_aos.jar
7f3e38b56000-7f3e38b57000 r--s 00001000 08:02 6569033                    /usr/bin/processing-3.0/core/library/gluegen-rt-natives-macosx-universal.jar
7f3e38b57000-7f3e38b59000 r--s 00038000 08:02 6569032                    /usr/bin/processing-3.0/core/library/jogl-all-natives-windows-amd64.jar
7f3e38b59000-7f3e38b5a000 r--s 00034000 08:02 6569031                    /usr/bin/processing-3.0/core/library/jogl-all-natives-linux-amd64.jar
7f3e38b5a000-7f3e38b5b000 r--s 00001000 08:02 6569036                    /usr/bin/processing-3.0/core/library/gluegen-rt-natives-windows-i586.jar
7f3e38b5b000-7f3e38c2c000 rw-p 00000000 00:00 0 
7f3e38c2c000-7f3e38c2f000 ---p 00000000 00:00 0 
7f3e38c2f000-7f3e38d31000 rw-p 00000000 00:00 0                          [stack:8567]
7f3e38d31000-7f3e38d37000 r--s 0004a000 08:02 6569021                    /usr/bin/processing-3.0/core/library/gluegen-rt.jar
7f3e38d37000-7f3e38d38000 r--s 00000000 08:02 6569035                    /usr/bin/processing-3.0/core/library/gluegen-rt-natives-linux-armv6hf.jar
7f3e38d38000-7f3e38d39000 r--s 00031000 08:02 6569019                    /usr/bin/processing-3.0/core/library/jogl-all-natives-windows-i586.jar
7f3e38d39000-7f3e38d3a000 r--s 00001000 08:02 6569022                    /usr/bin/processing-3.0/core/library/gluegen-rt-natives-windows-amd64.jar
7f3e38d3a000-7f3e38d3c000 r--s 0006c000 08:02 6569020                    /usr/bin/processing-3.0/core/library/jogl-all-natives-macosx-universal.jar
7f3e38d3c000-7f3e38d41000 r--s 000f0000 08:02 6569027                    /usr/bin/processing-3.0/core/library/core.jar
7f3e38d41000-7f3e38d43000 r--s 00000000 08:02 6569025                    /usr/bin/processing-3.0/core/library/gluegen-rt-natives-linux-amd64.jar
7f3e38d43000-7f3e38d44000 r--s 00026000 08:02 6569028                    /usr/bin/processing-3.0/core/library/jogl-all-natives-linux-armv6hf.jar
7f3e38d44000-7f3e38d45000 r--s 00032000 08:02 6569024                    /usr/bin/processing-3.0/core/library/jogl-all-natives-linux-i586.jar
7f3e38d45000-7f3e38d47000 r--s 00000000 08:02 6569023                    /usr/bin/processing-3.0/core/library/gluegen-rt-natives-linux-i586.jar
7f3e38d47000-7f3e38d48000 rw-p 00000000 00:00 0 
7f3e38d48000-7f3e38d50000 rw-s 00000000 08:02 4325387                    /tmp/hsperfdata_akelly/8565
7f3e38d50000-7f3e38d51000 rw-p 00000000 00:00 0 
7f3e38d51000-7f3e38d52000 r--p 00000000 00:00 0 
7f3e38d52000-7f3e38d54000 rw-p 00000000 00:00 0 
7f3e38d54000-7f3e38d55000 r--p 00022000 08:02 13635666                   /lib/x86_64-linux-gnu/ld-2.19.so
7f3e38d55000-7f3e38d56000 rw-p 00023000 08:02 13635666                   /lib/x86_64-linux-gnu/ld-2.19.so
7f3e38d56000-7f3e38d57000 rw-p 00000000 00:00 0 
7ffd0b2fe000-7ffd0b321000 rw-p 00000000 00:00 0                          [stack]
7ffd0b322000-7ffd0b324000 r--p 00000000 00:00 0                          [vvar]
7ffd0b324000-7ffd0b326000 r-xp 00000000 00:00 0                          [vdso]
ffffffffff600000-ffffffffff601000 r-xp 00000000 00:00 0                  [vsyscall]

VM Arguments:
jvm_args: -agentlib:jdwp=transport=dt_socket,address=8919,server=y,suspend=y -Djava.library.path=:/usr/bin/processing-3.0/core/library:/home/akelly/sketchbook/libraries/minim/library:/usr/java/packages/lib/amd64:/usr/lib64:/lib64:/lib:/usr/lib -ea 
java_command: processing.core.PApplet --display=1 --sketch-path=/home/akelly/sketchbook/_audioVisualizer/_audioVisualizer/build build
java_class_path (initial): /home/akelly/sketchbook/_audioVisualizer/_audioVisualizer/build/build-tmp:/usr/bin/processing-3.0/core/library/gluegen-rt-natives-linux-i586.jar:/usr/bin/processing-3.0/core/library/jogl-all-natives-linux-i586.jar:/usr/bin/processing-3.0/core/library/jogl-all-natives-linux-armv6hf.jar:/usr/bin/processing-3.0/core/library/gluegen-rt-natives-linux-amd64.jar:/usr/bin/processing-3.0/core/library/core.jar:/usr/bin/processing-3.0/core/library/jogl-all-natives-macosx-universal.jar:/usr/bin/processing-3.0/core/library/gluegen-rt-natives-windows-amd64.jar:/usr/bin/processing-3.0/core/library/jogl-all-natives-windows-i586.jar:/usr/bin/processing-3.0/core/library/gluegen-rt-natives-linux-armv6hf.jar:/usr/bin/processing-3.0/core/library/gluegen-rt.jar:/usr/bin/processing-3.0/core/library/gluegen-rt-natives-windows-i586.jar:/usr/bin/processing-3.0/core/library/jogl-all.jar:/usr/bin/processing-3.0/core/library/jogl-all-natives-linux-amd64.jar:/usr/bin/processing-3.0/core/library/jogl-all-natives-windows-amd64.jar:/usr/bin/processing-3.0/core/library/gluegen-java-src.zip:/usr/bin/processing-3.0/core/library/jogl-java-src.zip:/usr/bin/processing-3.0/core/library/gluegen-rt-natives-macosx-universal.jar:/usr/bin/processing-3.0/core/library/gluegen-rt-natives-linux-i586.jar:/usr/bin/processing-3.0/core/library/jogl-all-natives-linux-i586.jar:/usr/bin/processing-3.0/core/library/jogl-all-natives-linux-armv6hf.jar:/usr/bin/processing-3.0/core/library/gluegen-rt-natives-linux-amd64.jar:/usr/bin/processing-3.0/core/library/core.jar:/usr/bin/processing-3.0/core/library/jogl-all-natives-macosx-universal.jar:/usr/bin/processing-3.0/core/library/gluegen-rt-natives-windows-amd64.jar:/usr/bin/processing-3.0/core/library/jogl-all-natives-windows-i586.jar:/usr/bin/processing-3.0/core/library/gluegen-rt-natives-linux-armv6hf.jar:/usr/bin/processing-3.0/core/library/gluegen-rt.jar:/usr/bin/processing-3.0/core/library/gluegen-rt-natives-windows-i586.jar:/usr/bin/processi
Launcher Type: SUN_STANDARD

Environment Variables:
PATH=/usr/bin/processing-3.0/java/bin:/usr/local/sbin:/usr/local/bin:/usr/sbin:/usr/bin:/sbin:/bin:/usr/games:/usr/local/games
SHELL=/bin/bash
DISPLAY=:0

Signal Handlers:
SIGSEGV: [libjvm.so+0xaad540], sa_mask[0]=11111111011111111101111111111110, sa_flags=SA_RESTART|SA_SIGINFO
SIGBUS: [libjvm.so+0xaad540], sa_mask[0]=11111111011111111101111111111110, sa_flags=SA_RESTART|SA_SIGINFO
SIGFPE: [libjvm.so+0x90b6b0], sa_mask[0]=11111111011111111101111111111110, sa_flags=SA_RESTART|SA_SIGINFO
SIGPIPE: [libjvm.so+0x90b6b0], sa_mask[0]=11111111011111111101111111111110, sa_flags=SA_RESTART|SA_SIGINFO
SIGXFSZ: [libjvm.so+0x90b6b0], sa_mask[0]=11111111011111111101111111111110, sa_flags=SA_RESTART|SA_SIGINFO
SIGILL: [libjvm.so+0x90b6b0], sa_mask[0]=11111111011111111101111111111110, sa_flags=SA_RESTART|SA_SIGINFO
SIGUSR1: SIG_DFL, sa_mask[0]=00000000000000000000000000000000, sa_flags=none
SIGUSR2: [libjvm.so+0x90ccf0], sa_mask[0]=00100000000000000000000000000000, sa_flags=SA_RESTART|SA_SIGINFO
SIGHUP: [libjvm.so+0x90e040], sa_mask[0]=11111111011111111101111111111110, sa_flags=SA_RESTART|SA_SIGINFO
SIGINT: [libjvm.so+0x90e040], sa_mask[0]=11111111011111111101111111111110, sa_flags=SA_RESTART|SA_SIGINFO
SIGTERM: [libjvm.so+0x90e040], sa_mask[0]=11111111011111111101111111111110, sa_flags=SA_RESTART|SA_SIGINFO
SIGQUIT: [libjvm.so+0x90e040], sa_mask[0]=11111111011111111101111111111110, sa_flags=SA_RESTART|SA_SIGINFO


---------------  S Y S T E M  ---------------

OS:DISTRIB_ID=Ubuntu
DISTRIB_RELEASE=14.04
DISTRIB_CODENAME=trusty
DISTRIB_DESCRIPTION="Ubuntu 14.04.3 LTS"

uname:Linux 3.19.0-28-generic #30~14.04.1-Ubuntu SMP Tue Sep 1 09:32:55 UTC 2015 x86_64
libc:glibc 2.19 NPTL 2.19 
rlimit: STACK 8192k, CORE 0k, NPROC 63284, NOFILE 4096, AS infinity
load average:3.84 2.60 2.71

/proc/meminfo:
MemTotal:       16309452 kB
MemFree:        11120020 kB
MemAvailable:   12312228 kB
Buffers:          116164 kB
Cached:          1643884 kB
SwapCached:           48 kB
Active:          4216328 kB
Inactive:         705312 kB
Active(anon):    3289152 kB
Inactive(anon):   314848 kB
Active(file):     927176 kB
Inactive(file):   390464 kB
Unevictable:          92 kB
Mlocked:              92 kB
SwapTotal:      16653308 kB
SwapFree:       16584364 kB
Dirty:              1920 kB
Writeback:             0 kB
AnonPages:       3161632 kB
Mapped:           586204 kB
Shmem:            442412 kB
Slab:             128628 kB
SReclaimable:      87024 kB
SUnreclaim:        41604 kB
KernelStack:       10592 kB
PageTables:        52616 kB
NFS_Unstable:          0 kB
Bounce:                0 kB
WritebackTmp:          0 kB
CommitLimit:    24808032 kB
Committed_AS:    9263060 kB
VmallocTotal:   34359738367 kB
VmallocUsed:      384844 kB
VmallocChunk:   34359343192 kB
HardwareCorrupted:     0 kB
AnonHugePages:    974848 kB
CmaTotal:              0 kB
CmaFree:               0 kB
HugePages_Total:       0
HugePages_Free:        0
HugePages_Rsvd:        0
HugePages_Surp:        0
Hugepagesize:       2048 kB
DirectMap4k:      200108 kB
DirectMap2M:    12259328 kB
DirectMap1G:     4194304 kB


CPU:total 4 (2 cores per cpu, 2 threads per core) family 6 model 61 stepping 4, cmov, cx8, fxsr, mmx, sse, sse2, sse3, ssse3, sse4.1, sse4.2, popcnt, avx, avx2, aes, clmul, erms, rtm, 3dnowpref, lzcnt, ht, tsc, tscinvbit, bmi1, bmi2, adx

/proc/cpuinfo:
processor	: 0
vendor_id	: GenuineIntel
cpu family	: 6
model		: 61
model name	: Intel(R) Core(TM) i7-5600U CPU @ 2.60GHz
stepping	: 4
microcode	: 0x19
cpu MHz		: 2299.984
cache size	: 4096 KB
physical id	: 0
siblings	: 4
core id		: 0
cpu cores	: 2
apicid		: 0
initial apicid	: 0
fpu		: yes
fpu_exception	: yes
cpuid level	: 20
wp		: yes
flags		: fpu vme de pse tsc msr pae mce cx8 apic sep mtrr pge mca cmov pat pse36 clflush dts acpi mmx fxsr sse sse2 ss ht tm pbe syscall nx pdpe1gb rdtscp lm constant_tsc arch_perfmon pebs bts rep_good nopl xtopology nonstop_tsc aperfmperf eagerfpu pni pclmulqdq dtes64 monitor ds_cpl vmx smx est tm2 ssse3 fma cx16 xtpr pdcm pcid sse4_1 sse4_2 x2apic movbe popcnt tsc_deadline_timer aes xsave avx f16c rdrand lahf_lm abm 3dnowprefetch ida arat epb pln pts dtherm tpr_shadow vnmi flexpriority ept vpid fsgsbase tsc_adjust bmi1 hle avx2 smep bmi2 erms invpcid rtm rdseed adx smap xsaveopt
bugs		:
bogomips	: 5188.48
clflush size	: 64
cache_alignment	: 64
address sizes	: 39 bits physical, 48 bits virtual
power management:

processor	: 1
vendor_id	: GenuineIntel
cpu family	: 6
model		: 61
model name	: Intel(R) Core(TM) i7-5600U CPU @ 2.60GHz
stepping	: 4
microcode	: 0x19
cpu MHz		: 2317.859
cache size	: 4096 KB
physical id	: 0
siblings	: 4
core id		: 0
cpu cores	: 2
apicid		: 1
initial apicid	: 1
fpu		: yes
fpu_exception	: yes
cpuid level	: 20
wp		: yes
flags		: fpu vme de pse tsc msr pae mce cx8 apic sep mtrr pge mca cmov pat pse36 clflush dts acpi mmx fxsr sse sse2 ss ht tm pbe syscall nx pdpe1gb rdtscp lm constant_tsc arch_perfmon pebs bts rep_good nopl xtopology nonstop_tsc aperfmperf eagerfpu pni pclmulqdq dtes64 monitor ds_cpl vmx smx est tm2 ssse3 fma cx16 xtpr pdcm pcid sse4_1 sse4_2 x2apic movbe popcnt tsc_deadline_timer aes xsave avx f16c rdrand lahf_lm abm 3dnowprefetch ida arat epb pln pts dtherm tpr_shadow vnmi flexpriority ept vpid fsgsbase tsc_adjust bmi1 hle avx2 smep bmi2 erms invpcid rtm rdseed adx smap xsaveopt
bugs		:
bogomips	: 5188.48
clflush size	: 64
cache_alignment	: 64
address sizes	: 39 bits physical, 48 bits virtual
power management:

processor	: 2
vendor_id	: GenuineIntel
cpu family	: 6
model		: 61
model name	: Intel(R) Core(TM) i7-5600U CPU @ 2.60GHz
stepping	: 4
microcode	: 0x19
cpu MHz		: 2340.812
cache size	: 4096 KB
physical id	: 0
siblings	: 4
core id		: 1
cpu cores	: 2
apicid		: 2
initial apicid	: 2
fpu		: yes
fpu_exception	: yes
cpuid level	: 20
wp		: yes
flags		: fpu vme de pse tsc msr pae mce cx8 apic sep mtrr pge mca cmov pat pse36 clflush dts acpi mmx fxsr sse sse2 ss ht tm pbe syscall nx pdpe1gb rdtscp lm constant_tsc arch_perfmon pebs bts rep_good nopl xtopology nonstop_tsc aperfmperf eagerfpu pni pclmulqdq dtes64 monitor ds_cpl vmx smx est tm2 ssse3 fma cx16 xtpr pdcm pcid sse4_1 sse4_2 x2apic movbe popcnt tsc_deadline_timer aes xsave avx f16c rdrand lahf_lm abm 3dnowprefetch ida arat epb pln pts dtherm tpr_shadow vnmi flexpriority ept vpid fsgsbase tsc_adjust bmi1 hle avx2 smep bmi2 erms invpcid rtm rdseed adx smap xsaveopt
bugs		:
bogomips	: 5188.48
clflush size	: 64
cache_alignment	: 64
address sizes	: 39 bits physical, 48 bits virtual
power management:

processor	: 3
vendor_id	: GenuineIntel
cpu family	: 6
model		: 61
model name	: Intel(R) Core(TM) i7-5600U CPU @ 2.60GHz
stepping	: 4
microcode	: 0x19
cpu MHz		: 2399.820
cache size	: 4096 KB
physical id	: 0
siblings	: 4
core id		: 1
cpu cores	: 2
apicid		: 3
initial apicid	: 3
fpu		: yes
fpu_exception	: yes
cpuid level	: 20
wp		: yes
flags		: fpu vme de pse tsc msr pae mce cx8 apic sep mtrr pge mca cmov pat pse36 clflush dts acpi mmx fxsr sse sse2 ss ht tm pbe syscall nx pdpe1gb rdtscp lm constant_tsc arch_perfmon pebs bts rep_good nopl xtopology nonstop_tsc aperfmperf eagerfpu pni pclmulqdq dtes64 monitor ds_cpl vmx smx est tm2 ssse3 fma cx16 xtpr pdcm pcid sse4_1 sse4_2 x2apic movbe popcnt tsc_deadline_timer aes xsave avx f16c rdrand lahf_lm abm 3dnowprefetch ida arat epb pln pts dtherm tpr_shadow vnmi flexpriority ept vpid fsgsbase tsc_adjust bmi1 hle avx2 smep bmi2 erms invpcid rtm rdseed adx smap xsaveopt
bugs		:
bogomips	: 5188.48
clflush size	: 64
cache_alignment	: 64
address sizes	: 39 bits physical, 48 bits virtual
power management:



Memory: 4k page, physical 16309452k(11120020k free), swap 16653308k(16584364k free)

vm_info: Java HotSpot(TM) 64-Bit Server VM (25.51-b03) for linux-amd64 JRE (1.8.0_51-b16), built on Jun  8 2015 19:28:07 by "java_re" with gcc 4.3.0 20080428 (Red Hat 4.3.0-8)

time: Sat Oct 10 15:49:29 2015
elapsed time: 25 seconds (0d 0h 0m 25s)

