#
# A fatal error has been detected by the Java Runtime Environment:
#
#  SIGSEGV (0xb) at pc=0x00007f8b71a97998, pid=10226, tid=140237344810752
#
# JRE version: Java(TM) SE Runtime Environment (8.0_51-b16) (build 1.8.0_51-b16)
# Java VM: Java HotSpot(TM) 64-Bit Server VM (25.51-b03 mixed mode linux-amd64 compressed oops)
# Problematic frame:
# C  [i965_dri.so+0x3c9998]
#
# Failed to write core dump. Core dumps have been disabled. To enable core dumping, try "ulimit -c unlimited" before starting Java again
#
# If you would like to submit a bug report, please visit:
#   http://bugreport.java.com/bugreport/crash.jsp
# The crash happened outside the Java Virtual Machine in native code.
# See problematic frame for where to report the bug.
#

---------------  T H R E A D  ---------------

Current thread (0x00007f8be871b800):  JavaThread "main-Display-.x11_:0-1-EDT-1" daemon [_thread_in_native, id=10266, stack(0x00007f8b8d0f2000,0x00007f8b8d1f3000)]

siginfo: si_signo: 11 (SIGSEGV), si_code: 1 (SEGV_MAPERR), si_addr: 0x0000000100000000

Registers:
RAX=0x00007f8b71a97990, RBX=0x00007f8b74050280, RCX=0x0000000000000000, RDX=0x0000000000000001
RSP=0x00007f8b8d1f0500, RBP=0x00007f8b6c022320, RSI=0x00007f8b74050360, RDI=0x0000000100000000
R8 =0x0000000000000000, R9 =0x00007f8b8ca9ffc0, R10=0x00007f8bd96c1947, R11=0x0000000004200002
R12=0x00007f8b6c01fdd0, R13=0x0000000000000000, R14=0x00007f8b6c023510, R15=0x0000000000000000
RIP=0x00007f8b71a97998, EFLAGS=0x0000000000010206, CSGSFS=0x0000000000000033, ERR=0x0000000000000004
  TRAPNO=0x000000000000000e

Top of Stack: (sp=0x00007f8b8d1f0500)
0x00007f8b8d1f0500:   00007f8b8d1f05f0 0000000000000000
0x00007f8b8d1f0510:   00007f8b74050280 00007f8b6c022320
0x00007f8b8d1f0520:   00007f8b6c01fdd0 00007f8b8caa004e
0x00007f8b8d1f0530:   00007f8b8d1f0568 00007f8b8cced660
0x00007f8b8d1f0540:   00007f8b6c014b10 00007f8b00000000
0x00007f8b8d1f0550:   0000000000000000 0000000000000000
0x00007f8b8d1f0560:   00007f8b8d1f0738 00007f8b74050280
0x00007f8b8d1f0570:   0000000004200002 00000006c747f3d0
0x00007f8b8d1f0580:   00007f8b8d1f05f0 0000000000000000
0x00007f8b8d1f0590:   00007f8b8d1f0738 00007f8b8d1f0630
0x00007f8b8d1f05a0:   00007f8be871b800 00007f8b731b1ba7
0x00007f8b8d1f05b0:   00007f8b8d1f0780 00007f8b8ca79ab0
0x00007f8b8d1f05c0:   0000000004200002 00007f8b6c014b10
0x00007f8b8d1f05d0:   00007f8b8d1f0630 00007f8be871b9f8
0x00007f8b8d1f05e0:   00007f8b8d1f0780 00007f8b8ca79ab0
0x00007f8b8d1f05f0:   00007f8b8d1f0640 00007f8bd96c19bd
0x00007f8b8d1f0600:   00000006c745b930 00007f8be871b800
0x00007f8b8d1f0610:   0000000000000000 00007f8be871b800
0x00007f8b8d1f0620:   00000006c745b8c0 00007f8bd9415210
0x00007f8b8d1f0630:   00000006c7752f80 00000006c73cf870
0x00007f8b8d1f0640:   0000000000000001 00007f8bd9135c34
0x00007f8b8d1f0650:   00000006c747f3d0 00007f8b6c014b10
0x00007f8b8d1f0660:   0000000004200002 00007f8b8ca79ab0
0x00007f8b8d1f0670:   00007f8b679c2100 00007f8be871b800
0x00007f8b8d1f0680:   0000000000000031 00007f8be871b800
0x00007f8b8d1f0690:   00007f8b8d1f0780 00007f8bd967e874
0x00007f8b8d1f06a0:   00007f8bd8e8b680 00007f8bee8dd971
0x00007f8b8d1f06b0:   00007f8b679c2100 00007f8b679c2100
0x00007f8b8d1f06c0:   00007f8be8684d70 00007f8bd9007a50
0x00007f8b8d1f06d0:   00007f8be871b800 00007f8bd96f912c
0x00007f8b8d1f06e0:   00000006c747f3d0 00007f8b00000003
0x00007f8b8d1f06f0:   00000006c745b960 00000000000000b6 

Instructions: (pc=0x00007f8b71a97998)
0x00007f8b71a97978:   0f 1f 84 00 00 00 00 00 48 83 c4 10 5b 5d 41 5c
0x00007f8b71a97988:   c3 0f 1f 80 00 00 00 00 41 54 55 53 48 83 ec 10
0x00007f8b71a97998:   48 8b 1f 48 85 db 74 3d f6 83 48 05 00 00 01 49
0x00007f8b71a979a8:   89 f4 89 cd 75 72 83 e2 01 75 5d 83 e5 fd 74 38 

Register to memory mapping:

RAX=0x00007f8b71a97990: <offset 0x3c9990> in /usr/lib/x86_64-linux-gnu/dri/i965_dri.so at 0x00007f8b716ce000
RBX=0x00007f8b74050280 is an unknown value
RCX=0x0000000000000000 is an unknown value
RDX=0x0000000000000001 is an unknown value
RSP=0x00007f8b8d1f0500 is pointing into the stack for thread: 0x00007f8be871b800
RBP=0x00007f8b6c022320 is an unknown value
RSI=0x00007f8b74050360 is an unknown value
RDI=0x0000000100000000 is an unknown value
R8 =0x0000000000000000 is an unknown value
R9 =0x00007f8b8ca9ffc0: <offset 0x42fc0> in /usr/lib/x86_64-linux-gnu/mesa/libGL.so.1 at 0x00007f8b8ca5d000
R10=0x00007f8bd96c1947 is at entry_point+71 in (nmethod*)0x00007f8bd96c1790
R11=0x0000000004200002 is an unknown value
R12=0x00007f8b6c01fdd0 is an unknown value
R13=0x0000000000000000 is an unknown value
R14=0x00007f8b6c023510 is an unknown value
R15=0x0000000000000000 is an unknown value


Stack: [0x00007f8b8d0f2000,0x00007f8b8d1f3000],  sp=0x00007f8b8d1f0500,  free space=1017k
Native frames: (J=compiled Java code, j=interpreted, Vv=VM code, C=native code)
C  [i965_dri.so+0x3c9998]

Java frames: (J=compiled Java code, j=interpreted, Vv=VM code)
J 1762  jogamp.opengl.x11.glx.GLX.dispatch_glXSwapBuffers0(JJJ)V (0 bytes) @ 0x00007f8bd96c1947 [0x00007f8bd96c1900+0x47]
J 1970 C2 jogamp.opengl.x11.glx.X11GLXDrawable.swapBuffersImpl(Z)V (21 bytes) @ 0x00007f8bd9135c34 [0x00007f8bd9135ae0+0x154]
J 1687 C1 jogamp.opengl.GLDrawableImpl.swapBuffers()V (138 bytes) @ 0x00007f8bd967e874 [0x00007f8bd967e1a0+0x6d4]
j  jogamp.opengl.GLAutoDrawableBase.defaultSwapBuffers()V+23
j  com.jogamp.newt.opengl.GLWindow.swapBuffers()V+1
j  processing.opengl.PJOGL.swapBuffers()V+15
j  processing.opengl.PGraphicsOpenGL.dispose()V+15
j  processing.core.PApplet.dispose()V+28
j  processing.opengl.PSurfaceJOGL$NEWTWindowListener.windowDestroyNotify(Lcom/jogamp/newt/event/WindowEvent;)V+7
j  jogamp.newt.WindowImpl.consumeWindowEvent(Lcom/jogamp/newt/event/WindowEvent;)V+254
j  jogamp.newt.WindowImpl.sendWindowEvent(I)V+14
j  jogamp.newt.WindowImpl$1.run()V+143
j  jogamp.newt.DisplayImpl.runOnEDTIfAvail(ZLjava/lang/Runnable;)V+172
j  jogamp.newt.WindowImpl.runOnEDTIfAvail(ZLjava/lang/Runnable;)V+36
j  jogamp.newt.WindowImpl.destroy()V+11
j  com.jogamp.newt.opengl.GLWindow.destroy()V+4
j  jogamp.opengl.GLAutoDrawableBase.destroyAvoidAwareOfLocking()V+31
j  jogamp.opengl.GLAutoDrawableBase.defaultWindowDestroyNotifyOp()V+43
j  com.jogamp.newt.opengl.GLWindow.access$000(Lcom/jogamp/newt/opengl/GLWindow;)V+1
j  com.jogamp.newt.opengl.GLWindow$1.run()V+4
j  jogamp.newt.WindowImpl.windowDestroyNotify(Z)Z+147
v  ~StubRoutines::call_stub
J 1383  jogamp.newt.driver.x11.DisplayDriver.DispatchMessages0(JJJII)V (0 bytes) @ 0x00007f8bd954f63f [0x00007f8bd954f600+0x3f]
J 1890 C2 jogamp.newt.DisplayImpl$7.run()V (8 bytes) @ 0x00007f8bd973afa8 [0x00007f8bd973ae00+0x1a8]
j  jogamp.newt.DefaultEDTUtil$NEDT.run()V+67
v  ~StubRoutines::call_stub

---------------  P R O C E S S  ---------------

Java Threads: ( => current thread )
  0x00007f8b74132000 JavaThread "Thread-6" [_thread_blocked, id=10288, stack(0x00007f8b66faf000,0x00007f8b670b0000)]
  0x00007f8b7411d800 JavaThread "Java Sound Event Dispatcher" daemon [_thread_blocked, id=10283, stack(0x00007f8b670b0000,0x00007f8b671b1000)]
  0x00007f8be800f800 JavaThread "DestroyJavaVM" [_thread_blocked, id=10228, stack(0x00007f8befb00000,0x00007f8befc01000)]
  0x00007f8be8789800 JavaThread "Thread-2" [_thread_blocked, id=10269, stack(0x00007f8b8dab9000,0x00007f8b8dbba000)]
  0x00007f8be8778800 JavaThread "main-SharedResourceRunner" daemon [_thread_blocked, id=10268, stack(0x00007f8b71e51000,0x00007f8b71f52000)]
  0x00007f8be8750000 JavaThread "main-SharedResourceRunner" daemon [_thread_blocked, id=10267, stack(0x00007f8b73018000,0x00007f8b73119000)]
=>0x00007f8be871b800 JavaThread "main-Display-.x11_:0-1-EDT-1" daemon [_thread_in_native, id=10266, stack(0x00007f8b8d0f2000,0x00007f8b8d1f3000)]
  0x00007f8be82dc000 JavaThread "AWT-XAWT" daemon [_thread_in_native, id=10255, stack(0x00007f8b8ee26000,0x00007f8b8ef27000)]
  0x00007f8be82bc000 JavaThread "Java2D Disposer" daemon [_thread_blocked, id=10254, stack(0x00007f8bcc07f000,0x00007f8bcc180000)]
  0x00007f8be80d9000 JavaThread "Service Thread" daemon [_thread_blocked, id=10252, stack(0x00007f8bcd124000,0x00007f8bcd225000)]
  0x00007f8be80d3800 JavaThread "C1 CompilerThread2" daemon [_thread_blocked, id=10251, stack(0x00007f8bcd225000,0x00007f8bcd326000)]
  0x00007f8be80d1800 JavaThread "C2 CompilerThread1" daemon [_thread_blocked, id=10250, stack(0x00007f8bcd326000,0x00007f8bcd427000)]
  0x00007f8be80ce800 JavaThread "C2 CompilerThread0" daemon [_thread_blocked, id=10249, stack(0x00007f8bcd427000,0x00007f8bcd528000)]
  0x00007f8bac001000 JavaThread "JDWP Command Reader" daemon [_thread_in_native, id=10243, stack(0x00007f8bcd528000,0x00007f8bcd629000)]
  0x00007f8be80cc800 JavaThread "JDWP Event Helper Thread" daemon [_thread_blocked, id=10239, stack(0x00007f8bcd629000,0x00007f8bcd72a000)]
  0x00007f8be80c9000 JavaThread "JDWP Transport Listener: dt_socket" daemon [_thread_blocked, id=10237, stack(0x00007f8bcd72a000,0x00007f8bcd82b000)]
  0x00007f8be80bb800 JavaThread "Signal Dispatcher" daemon [_thread_blocked, id=10236, stack(0x00007f8bcda2f000,0x00007f8bcdb30000)]
  0x00007f8be8084800 JavaThread "Finalizer" daemon [_thread_blocked, id=10235, stack(0x00007f8bcdb30000,0x00007f8bcdc31000)]
  0x00007f8be8082800 JavaThread "Reference Handler" daemon [_thread_blocked, id=10234, stack(0x00007f8bcdc31000,0x00007f8bcdd32000)]

Other Threads:
  0x00007f8be807d000 VMThread [stack: 0x00007f8bcdd32000,0x00007f8bcde33000] [id=10233]
  0x00007f8be80db800 WatcherThread [stack: 0x00007f8bcd023000,0x00007f8bcd124000] [id=10253]

VM state:not at safepoint (normal execution)

VM Mutex/Monitor currently owned by a thread: None

Heap:
 PSYoungGen      total 31744K, used 17506K [0x000000076d100000, 0x0000000773f80000, 0x00000007c0000000)
  eden space 31232K, 55% used [0x000000076d100000,0x000000076e210a58,0x000000076ef80000)
  from space 512K, 6% used [0x0000000773e80000,0x0000000773e88000,0x0000000773f00000)
  to   space 512K, 0% used [0x0000000773f00000,0x0000000773f00000,0x0000000773f80000)
 ParOldGen       total 171008K, used 10091K [0x00000006c7200000, 0x00000006d1900000, 0x000000076d100000)
  object space 171008K, 5% used [0x00000006c7200000,0x00000006c7bdaff0,0x00000006d1900000)
 Metaspace       used 17410K, capacity 17650K, committed 17792K, reserved 1064960K
  class space    used 1546K, capacity 1630K, committed 1664K, reserved 1048576K

Card table byte_map: [0x00007f8bd8478000,0x00007f8bd8c40000] byte_map_base: 0x00007f8bd4e3f000

Marking Bits: (ParMarkBitMap*) 0x00007f8beefde660
 Begin Bits: [0x00007f8bcffd5000, 0x00007f8bd3e0d000)
 End Bits:   [0x00007f8bd3e0d000, 0x00007f8bd7c45000)

Polling page: 0x00007f8befc25000

CodeCache: size=245760Kb used=6329Kb max_used=7694Kb free=239430Kb
 bounds [0x00007f8bd9000000, 0x00007f8bd97c0000, 0x00007f8be8000000]
 total_blobs=2608 nmethods=1653 adapters=877
 compilation: enabled

Compilation events (10 events):
Event: 270.272 Thread 0x00007f8be80d3800 1997       3       com.jogamp.newt.event.MouseEvent::getY (7 bytes)
Event: 270.272 Thread 0x00007f8be80d3800 nmethod 1997 0x00007f8bd9140990 code [0x00007f8bd9140b00, 0x00007f8bd9140c90]
Event: 270.282 Thread 0x00007f8be80d3800 1998       3       com.jogamp.newt.event.MouseEvent::getPointerType (23 bytes)
Event: 270.282 Thread 0x00007f8be80d3800 nmethod 1998 0x00007f8bd94c31d0 code [0x00007f8bd94c3340, 0x00007f8bd94c3530]
Event: 270.434 Thread 0x00007f8be80d3800 1999       1       com.jogamp.nativewindow.util.Point::getX (5 bytes)
Event: 270.435 Thread 0x00007f8be80d3800 nmethod 1999 0x00007f8bd95044d0 code [0x00007f8bd9504620, 0x00007f8bd9504730]
Event: 270.478 Thread 0x00007f8be80d3800 2000       1       processing.event.MouseEvent::getX (5 bytes)
Event: 270.478 Thread 0x00007f8be80d3800 nmethod 2000 0x00007f8bd9542c90 code [0x00007f8bd9542de0, 0x00007f8bd9542ef0]
Event: 270.478 Thread 0x00007f8be80d3800 2001       1       processing.event.MouseEvent::getY (5 bytes)
Event: 270.478 Thread 0x00007f8be80d3800 nmethod 2001 0x00007f8bd954f9d0 code [0x00007f8bd954fb20, 0x00007f8bd954fc30]

GC Heap History (10 events):
Event: 269.146 GC heap before
{Heap before GC invocations=549 (full 0):
 PSYoungGen      total 31744K, used 31264K [0x000000076d100000, 0x0000000773f80000, 0x00000007c0000000)
  eden space 31232K, 100% used [0x000000076d100000,0x000000076ef80000,0x000000076ef80000)
  from space 512K, 6% used [0x0000000773f00000,0x0000000773f08000,0x0000000773f80000)
  to   space 512K, 0% used [0x0000000773e80000,0x0000000773e80000,0x0000000773f00000)
 ParOldGen       total 171008K, used 10075K [0x00000006c7200000, 0x00000006d1900000, 0x000000076d100000)
  object space 171008K, 5% used [0x00000006c7200000,0x00000006c7bd6ff0,0x00000006d1900000)
 Metaspace       used 17408K, capacity 17650K, committed 17792K, reserved 1064960K
  class space    used 1546K, capacity 1630K, committed 1664K, reserved 1048576K
Event: 269.147 GC heap after
Heap after GC invocations=549 (full 0):
 PSYoungGen      total 31744K, used 32K [0x000000076d100000, 0x0000000773f80000, 0x00000007c0000000)
  eden space 31232K, 0% used [0x000000076d100000,0x000000076d100000,0x000000076ef80000)
  from space 512K, 6% used [0x0000000773e80000,0x0000000773e88000,0x0000000773f00000)
  to   space 512K, 0% used [0x0000000773f00000,0x0000000773f00000,0x0000000773f80000)
 ParOldGen       total 171008K, used 10075K [0x00000006c7200000, 0x00000006d1900000, 0x000000076d100000)
  object space 171008K, 5% used [0x00000006c7200000,0x00000006c7bd6ff0,0x00000006d1900000)
 Metaspace       used 17408K, capacity 17650K, committed 17792K, reserved 1064960K
  class space    used 1546K, capacity 1630K, committed 1664K, reserved 1048576K
}
Event: 269.549 GC heap before
{Heap before GC invocations=550 (full 0):
 PSYoungGen      total 31744K, used 31264K [0x000000076d100000, 0x0000000773f80000, 0x00000007c0000000)
  eden space 31232K, 100% used [0x000000076d100000,0x000000076ef80000,0x000000076ef80000)
  from space 512K, 6% used [0x0000000773e80000,0x0000000773e88000,0x0000000773f00000)
  to   space 512K, 0% used [0x0000000773f00000,0x0000000773f00000,0x0000000773f80000)
 ParOldGen       total 171008K, used 10075K [0x00000006c7200000, 0x00000006d1900000, 0x000000076d100000)
  object space 171008K, 5% used [0x00000006c7200000,0x00000006c7bd6ff0,0x00000006d1900000)
 Metaspace       used 17408K, capacity 17650K, committed 17792K, reserved 1064960K
  class space    used 1546K, capacity 1630K, committed 1664K, reserved 1048576K
Event: 269.550 GC heap after
Heap after GC invocations=550 (full 0):
 PSYoungGen      total 31744K, used 32K [0x000000076d100000, 0x0000000773f80000, 0x00000007c0000000)
  eden space 31232K, 0% used [0x000000076d100000,0x000000076d100000,0x000000076ef80000)
  from space 512K, 6% used [0x0000000773f00000,0x0000000773f08000,0x0000000773f80000)
  to   space 512K, 0% used [0x0000000773e80000,0x0000000773e80000,0x0000000773f00000)
 ParOldGen       total 171008K, used 10075K [0x00000006c7200000, 0x00000006d1900000, 0x000000076d100000)
  object space 171008K, 5% used [0x00000006c7200000,0x00000006c7bd6ff0,0x00000006d1900000)
 Metaspace       used 17408K, capacity 17650K, committed 17792K, reserved 1064960K
  class space    used 1546K, capacity 1630K, committed 1664K, reserved 1048576K
}
Event: 269.960 GC heap before
{Heap before GC invocations=551 (full 0):
 PSYoungGen      total 31744K, used 31264K [0x000000076d100000, 0x0000000773f80000, 0x00000007c0000000)
  eden space 31232K, 100% used [0x000000076d100000,0x000000076ef80000,0x000000076ef80000)
  from space 512K, 6% used [0x0000000773f00000,0x0000000773f08000,0x0000000773f80000)
  to   space 512K, 0% used [0x0000000773e80000,0x0000000773e80000,0x0000000773f00000)
 ParOldGen       total 171008K, used 10075K [0x00000006c7200000, 0x00000006d1900000, 0x000000076d100000)
  object space 171008K, 5% used [0x00000006c7200000,0x00000006c7bd6ff0,0x00000006d1900000)
 Metaspace       used 17408K, capacity 17650K, committed 17792K, reserved 1064960K
  class space    used 1546K, capacity 1630K, committed 1664K, reserved 1048576K
Event: 269.961 GC heap after
Heap after GC invocations=551 (full 0):
 PSYoungGen      total 31744K, used 32K [0x000000076d100000, 0x0000000773f80000, 0x00000007c0000000)
  eden space 31232K, 0% used [0x000000076d100000,0x000000076d100000,0x000000076ef80000)
  from space 512K, 6% used [0x0000000773e80000,0x0000000773e88000,0x0000000773f00000)
  to   space 512K, 0% used [0x0000000773f00000,0x0000000773f00000,0x0000000773f80000)
 ParOldGen       total 171008K, used 10075K [0x00000006c7200000, 0x00000006d1900000, 0x000000076d100000)
  object space 171008K, 5% used [0x00000006c7200000,0x00000006c7bd6ff0,0x00000006d1900000)
 Metaspace       used 17408K, capacity 17650K, committed 17792K, reserved 1064960K
  class space    used 1546K, capacity 1630K, committed 1664K, reserved 1048576K
}
Event: 270.357 GC heap before
{Heap before GC invocations=552 (full 0):
 PSYoungGen      total 31744K, used 31264K [0x000000076d100000, 0x0000000773f80000, 0x00000007c0000000)
  eden space 31232K, 100% used [0x000000076d100000,0x000000076ef80000,0x000000076ef80000)
  from space 512K, 6% used [0x0000000773e80000,0x0000000773e88000,0x0000000773f00000)
  to   space 512K, 0% used [0x0000000773f00000,0x0000000773f00000,0x0000000773f80000)
 ParOldGen       total 171008K, used 10075K [0x00000006c7200000, 0x00000006d1900000, 0x000000076d100000)
  object space 171008K, 5% used [0x00000006c7200000,0x00000006c7bd6ff0,0x00000006d1900000)
 Metaspace       used 17409K, capacity 17650K, committed 17792K, reserved 1064960K
  class space    used 1546K, capacity 1630K, committed 1664K, reserved 1048576K
Event: 270.358 GC heap after
Heap after GC invocations=552 (full 0):
 PSYoungGen      total 31744K, used 32K [0x000000076d100000, 0x0000000773f80000, 0x00000007c0000000)
  eden space 31232K, 0% used [0x000000076d100000,0x000000076d100000,0x000000076ef80000)
  from space 512K, 6% used [0x0000000773f00000,0x0000000773f08000,0x0000000773f80000)
  to   space 512K, 0% used [0x0000000773e80000,0x0000000773e80000,0x0000000773f00000)
 ParOldGen       total 171008K, used 10083K [0x00000006c7200000, 0x00000006d1900000, 0x000000076d100000)
  object space 171008K, 5% used [0x00000006c7200000,0x00000006c7bd8ff0,0x00000006d1900000)
 Metaspace       used 17409K, capacity 17650K, committed 17792K, reserved 1064960K
  class space    used 1546K, capacity 1630K, committed 1664K, reserved 1048576K
}
Event: 270.744 GC heap before
{Heap before GC invocations=553 (full 0):
 PSYoungGen      total 31744K, used 31264K [0x000000076d100000, 0x0000000773f80000, 0x00000007c0000000)
  eden space 31232K, 100% used [0x000000076d100000,0x000000076ef80000,0x000000076ef80000)
  from space 512K, 6% used [0x0000000773f00000,0x0000000773f08000,0x0000000773f80000)
  to   space 512K, 0% used [0x0000000773e80000,0x0000000773e80000,0x0000000773f00000)
 ParOldGen       total 171008K, used 10083K [0x00000006c7200000, 0x00000006d1900000, 0x000000076d100000)
  object space 171008K, 5% used [0x00000006c7200000,0x00000006c7bd8ff0,0x00000006d1900000)
 Metaspace       used 17409K, capacity 17650K, committed 17792K, reserved 1064960K
  class space    used 1546K, capacity 1630K, committed 1664K, reserved 1048576K
Event: 270.746 GC heap after
Heap after GC invocations=553 (full 0):
 PSYoungGen      total 31744K, used 32K [0x000000076d100000, 0x0000000773f80000, 0x00000007c0000000)
  eden space 31232K, 0% used [0x000000076d100000,0x000000076d100000,0x000000076ef80000)
  from space 512K, 6% used [0x0000000773e80000,0x0000000773e88000,0x0000000773f00000)
  to   space 512K, 0% used [0x0000000773f00000,0x0000000773f00000,0x0000000773f80000)
 ParOldGen       total 171008K, used 10091K [0x00000006c7200000, 0x00000006d1900000, 0x000000076d100000)
  object space 171008K, 5% used [0x00000006c7200000,0x00000006c7bdaff0,0x00000006d1900000)
 Metaspace       used 17409K, capacity 17650K, committed 17792K, reserved 1064960K
  class space    used 1546K, capacity 1630K, committed 1664K, reserved 1048576K
}

Deoptimization events (10 events):
Event: 270.730 Thread 0x00007f8be8782000 Uncommon trap: reason=unhandled action=none pc=0x00007f8bd93b0f4c method=jogamp.opengl.gl4.GL4bcImpl.getGL2()Lcom/jogamp/opengl/GL2; @ 17
Event: 270.758 Thread 0x00007f8be8782000 Uncommon trap: reason=unhandled action=none pc=0x00007f8bd93b0f4c method=jogamp.opengl.gl4.GL4bcImpl.getGL2()Lcom/jogamp/opengl/GL2; @ 17
Event: 270.781 Thread 0x00007f8be8782000 Uncommon trap: reason=unhandled action=none pc=0x00007f8bd93b0f4c method=jogamp.opengl.gl4.GL4bcImpl.getGL2()Lcom/jogamp/opengl/GL2; @ 17
Event: 270.807 Thread 0x00007f8be8782000 Uncommon trap: reason=unhandled action=none pc=0x00007f8bd93b0f4c method=jogamp.opengl.gl4.GL4bcImpl.getGL2()Lcom/jogamp/opengl/GL2; @ 17
Event: 270.835 Thread 0x00007f8be8782000 Uncommon trap: reason=unhandled action=none pc=0x00007f8bd93b0f4c method=jogamp.opengl.gl4.GL4bcImpl.getGL2()Lcom/jogamp/opengl/GL2; @ 17
Event: 270.861 Thread 0x00007f8be8782000 Uncommon trap: reason=unhandled action=none pc=0x00007f8bd93b0f4c method=jogamp.opengl.gl4.GL4bcImpl.getGL2()Lcom/jogamp/opengl/GL2; @ 17
Event: 270.895 Thread 0x00007f8be8782000 Uncommon trap: reason=unhandled action=none pc=0x00007f8bd93b0f4c method=jogamp.opengl.gl4.GL4bcImpl.getGL2()Lcom/jogamp/opengl/GL2; @ 17
Event: 270.922 Thread 0x00007f8be8782000 Uncommon trap: reason=unhandled action=none pc=0x00007f8bd93b0f4c method=jogamp.opengl.gl4.GL4bcImpl.getGL2()Lcom/jogamp/opengl/GL2; @ 17
Event: 270.950 Thread 0x00007f8be8782000 Uncommon trap: reason=unstable_if action=reinterpret pc=0x00007f8bd9770480 method=com.jogamp.opengl.util.FPSAnimator$MainTask.run()V @ 199
Event: 270.950 Thread 0x00007f8be8782000 Uncommon trap: reason=unstable_if action=reinterpret pc=0x00007f8bd93537b4 method=java.util.TaskQueue.isEmpty()Z @ 4

Internal exceptions (10 events):
Event: 0.833 Thread 0x00007f8be800f800 Exception <a 'java/security/PrivilegedActionException'> (0x000000076d66e380) thrown at [/HUDSON/workspace/8-2-build-linux-amd64/jdk8u51/3951/hotspot/src/share/vm/prims/jvm.cpp, line 1382]
Event: 0.833 Thread 0x00007f8be800f800 Exception <a 'java/security/PrivilegedActionException'> (0x000000076d66e538) thrown at [/HUDSON/workspace/8-2-build-linux-amd64/jdk8u51/3951/hotspot/src/share/vm/prims/jvm.cpp, line 1382]
Event: 0.834 Thread 0x00007f8be800f800 Exception <a 'java/security/PrivilegedActionException'> (0x000000076d6707f0) thrown at [/HUDSON/workspace/8-2-build-linux-amd64/jdk8u51/3951/hotspot/src/share/vm/prims/jvm.cpp, line 1382]
Event: 0.834 Thread 0x00007f8be800f800 Exception <a 'java/security/PrivilegedActionException'> (0x000000076d6709a8) thrown at [/HUDSON/workspace/8-2-build-linux-amd64/jdk8u51/3951/hotspot/src/share/vm/prims/jvm.cpp, line 1382]
Event: 0.843 Thread 0x00007f8be800f800 Exception <a 'java/io/FileNotFoundException'> (0x000000076d67a700) thrown at [/HUDSON/workspace/8-2-build-linux-amd64/jdk8u51/3951/hotspot/src/share/vm/prims/jni.cpp, line 709]
Event: 0.843 Thread 0x00007f8be800f800 Exception <a 'java/io/FileNotFoundException'> (0x000000076d67b088) thrown at [/HUDSON/workspace/8-2-build-linux-amd64/jdk8u51/3951/hotspot/src/share/vm/prims/jni.cpp, line 709]
Event: 0.940 Thread 0x00007f8be800f800 Exception <a 'java/lang/NoSuchFieldError': method resolution failed> (0x000000076d780fe8) thrown at [/HUDSON/workspace/8-2-build-linux-amd64/jdk8u51/3951/hotspot/src/share/vm/prims/methodHandles.cpp, line 1125]
Event: 0.944 Thread 0x00007f8be800f800 Exception <a 'java/lang/NoSuchFieldError': method resolution failed> (0x000000076d78f9a8) thrown at [/HUDSON/workspace/8-2-build-linux-amd64/jdk8u51/3951/hotspot/src/share/vm/prims/methodHandles.cpp, line 1125]
Event: 2.164 Thread 0x00007f8be800f800 Exception <a 'java/lang/InterruptedException'> (0x000000076f2928a8) thrown at [/HUDSON/workspace/8-2-build-linux-amd64/jdk8u51/3951/hotspot/src/share/vm/runtime/objectMonitor.cpp, line 1683]
Event: 2.370 Thread 0x00007f8be800f800 Exception <a 'java/lang/InterruptedException'> (0x000000076f29dd48) thrown at [/HUDSON/workspace/8-2-build-linux-amd64/jdk8u51/3951/hotspot/src/share/vm/runtime/objectMonitor.cpp, line 1683]

Events (10 events):
Event: 270.922 Thread 0x00007f8be8782000 Uncommon trap: trap_request=0xffffffa7 fr.pc=0x00007f8bd93b0f4c
Event: 270.922 Thread 0x00007f8be8782000 DEOPT PACKING pc=0x00007f8bd93b0f4c sp=0x00007f8b8e4e5660
Event: 270.922 Thread 0x00007f8be8782000 DEOPT UNPACKING pc=0x00007f8bd9005229 sp=0x00007f8b8e4e55e8 mode 2
Event: 270.950 Thread 0x00007f8be8782000 Uncommon trap: trap_request=0xffffff65 fr.pc=0x00007f8bd9770480
Event: 270.950 Thread 0x00007f8be8782000 DEOPT PACKING pc=0x00007f8bd9770480 sp=0x00007f8b8e4e5860
Event: 270.950 Thread 0x00007f8be8782000 DEOPT UNPACKING pc=0x00007f8bd9005229 sp=0x00007f8b8e4e5840 mode 2
Event: 270.950 Thread 0x00007f8be8782000 Uncommon trap: trap_request=0xffffff65 fr.pc=0x00007f8bd93537b4
Event: 270.950 Thread 0x00007f8be8782000 DEOPT PACKING pc=0x00007f8bd93537b4 sp=0x00007f8b8e4e58a0
Event: 270.950 Thread 0x00007f8be8782000 DEOPT UNPACKING pc=0x00007f8bd9005229 sp=0x00007f8b8e4e5868 mode 2
Event: 270.950 Thread 0x00007f8be8782000 Thread exited: 0x00007f8be8782000


Dynamic libraries:
00400000-00401000 r-xp 00000000 08:02 6695910                            /usr/bin/processing-3.0/java/bin/java
00600000-00601000 rw-p 00000000 08:02 6695910                            /usr/bin/processing-3.0/java/bin/java
01501000-01522000 rw-p 00000000 00:00 0                                  [heap]
6c7200000-6d1900000 rw-p 00000000 00:00 0 
6d1900000-76d100000 ---p 00000000 00:00 0 
76d100000-773f80000 rw-p 00000000 00:00 0 
773f80000-7c0000000 ---p 00000000 00:00 0 
7c0000000-7c01a0000 rw-p 00000000 00:00 0 
7c01a0000-800000000 ---p 00000000 00:00 0 
7f8b47fff000-7f8b4c000000 r--s 00000000 00:16 18791                      /run/shm/pulse-shm-3302753902
7f8b4c000000-7f8b4c021000 rw-p 00000000 00:00 0 
7f8b4c021000-7f8b50000000 ---p 00000000 00:00 0 
7f8b50000000-7f8b50294000 rw-p 00000000 00:00 0 
7f8b50294000-7f8b54000000 ---p 00000000 00:00 0 
7f8b54000000-7f8b54021000 rw-p 00000000 00:00 0 
7f8b54021000-7f8b58000000 ---p 00000000 00:00 0 
7f8b5bfff000-7f8b60000000 rw-s 00000000 00:16 166577                     /run/shm/pulse-shm-3874232521
7f8b60000000-7f8b63088000 rw-p 00000000 00:00 0 
7f8b63088000-7f8b64000000 ---p 00000000 00:00 0 
7f8b64322000-7f8b64323000 ---p 00000000 00:00 0 
7f8b64323000-7f8b64b23000 rw-p 00000000 00:00 0 
7f8b64b23000-7f8b64b24000 ---p 00000000 00:00 0 
7f8b64b24000-7f8b65324000 rw-p 00000000 00:00 0                          [stack:10284]
7f8b65324000-7f8b6532a000 r-xp 00000000 08:02 6947199                    /usr/lib/x86_64-linux-gnu/alsa-lib/libasound_module_pcm_pulse.so
7f8b6532a000-7f8b65529000 ---p 00006000 08:02 6947199                    /usr/lib/x86_64-linux-gnu/alsa-lib/libasound_module_pcm_pulse.so
7f8b65529000-7f8b6552a000 r--p 00005000 08:02 6947199                    /usr/lib/x86_64-linux-gnu/alsa-lib/libasound_module_pcm_pulse.so
7f8b6552a000-7f8b6552b000 rw-p 00006000 08:02 6947199                    /usr/lib/x86_64-linux-gnu/alsa-lib/libasound_module_pcm_pulse.so
7f8b6552b000-7f8b65542000 r-xp 00000000 08:02 13635816                   /lib/x86_64-linux-gnu/libresolv-2.19.so
7f8b65542000-7f8b65742000 ---p 00017000 08:02 13635816                   /lib/x86_64-linux-gnu/libresolv-2.19.so
7f8b65742000-7f8b65743000 r--p 00017000 08:02 13635816                   /lib/x86_64-linux-gnu/libresolv-2.19.so
7f8b65743000-7f8b65744000 rw-p 00018000 08:02 13635816                   /lib/x86_64-linux-gnu/libresolv-2.19.so
7f8b65744000-7f8b65746000 rw-p 00000000 00:00 0 
7f8b65746000-7f8b6574d000 r-xp 00000000 08:02 6562227                    /usr/lib/x86_64-linux-gnu/libogg.so.0.8.1
7f8b6574d000-7f8b6594d000 ---p 00007000 08:02 6562227                    /usr/lib/x86_64-linux-gnu/libogg.so.0.8.1
7f8b6594d000-7f8b6594e000 r--p 00007000 08:02 6562227                    /usr/lib/x86_64-linux-gnu/libogg.so.0.8.1
7f8b6594e000-7f8b6594f000 rw-p 00008000 08:02 6562227                    /usr/lib/x86_64-linux-gnu/libogg.so.0.8.1
7f8b6594f000-7f8b6597b000 r-xp 00000000 08:02 6562501                    /usr/lib/x86_64-linux-gnu/libvorbis.so.0.4.5
7f8b6597b000-7f8b65b7a000 ---p 0002c000 08:02 6562501                    /usr/lib/x86_64-linux-gnu/libvorbis.so.0.4.5
7f8b65b7a000-7f8b65b7b000 r--p 0002b000 08:02 6562501                    /usr/lib/x86_64-linux-gnu/libvorbis.so.0.4.5
7f8b65b7b000-7f8b65b7c000 rw-p 0002c000 08:02 6562501                    /usr/lib/x86_64-linux-gnu/libvorbis.so.0.4.5
7f8b65b7c000-7f8b65e2f000 r-xp 00000000 08:02 6562503                    /usr/lib/x86_64-linux-gnu/libvorbisenc.so.2.0.8
7f8b65e2f000-7f8b6602e000 ---p 002b3000 08:02 6562503                    /usr/lib/x86_64-linux-gnu/libvorbisenc.so.2.0.8
7f8b6602e000-7f8b6604a000 r--p 002b2000 08:02 6562503                    /usr/lib/x86_64-linux-gnu/libvorbisenc.so.2.0.8
7f8b6604a000-7f8b6604b000 rw-p 002ce000 08:02 6562503                    /usr/lib/x86_64-linux-gnu/libvorbisenc.so.2.0.8
7f8b6604b000-7f8b6607b000 r-xp 00000000 08:02 6561366                    /usr/lib/x86_64-linux-gnu/libFLAC.so.8.3.0
7f8b6607b000-7f8b6627a000 ---p 00030000 08:02 6561366                    /usr/lib/x86_64-linux-gnu/libFLAC.so.8.3.0
7f8b6627a000-7f8b6627b000 r--p 0002f000 08:02 6561366                    /usr/lib/x86_64-linux-gnu/libFLAC.so.8.3.0
7f8b6627b000-7f8b6627c000 rw-p 00030000 08:02 6561366                    /usr/lib/x86_64-linux-gnu/libFLAC.so.8.3.0
7f8b6627c000-7f8b66281000 r-xp 00000000 08:02 6561598                    /usr/lib/x86_64-linux-gnu/libasyncns.so.0.3.1
7f8b66281000-7f8b66480000 ---p 00005000 08:02 6561598                    /usr/lib/x86_64-linux-gnu/libasyncns.so.0.3.1
7f8b66480000-7f8b66481000 r--p 00004000 08:02 6561598                    /usr/lib/x86_64-linux-gnu/libasyncns.so.0.3.1
7f8b66481000-7f8b66482000 rw-p 00005000 08:02 6561598                    /usr/lib/x86_64-linux-gnu/libasyncns.so.0.3.1
7f8b66482000-7f8b664e3000 r-xp 00000000 08:02 6562384                    /usr/lib/x86_64-linux-gnu/libsndfile.so.1.0.25
7f8b664e3000-7f8b666e3000 ---p 00061000 08:02 6562384                    /usr/lib/x86_64-linux-gnu/libsndfile.so.1.0.25
7f8b666e3000-7f8b666e5000 r--p 00061000 08:02 6562384                    /usr/lib/x86_64-linux-gnu/libsndfile.so.1.0.25
7f8b666e5000-7f8b666e6000 rw-p 00063000 08:02 6562384                    /usr/lib/x86_64-linux-gnu/libsndfile.so.1.0.25
7f8b666e6000-7f8b666ea000 rw-p 00000000 00:00 0 
7f8b666ea000-7f8b666f2000 r-xp 00000000 08:02 13635850                   /lib/x86_64-linux-gnu/libwrap.so.0.7.6
7f8b666f2000-7f8b668f1000 ---p 00008000 08:02 13635850                   /lib/x86_64-linux-gnu/libwrap.so.0.7.6
7f8b668f1000-7f8b668f2000 r--p 00007000 08:02 13635850                   /lib/x86_64-linux-gnu/libwrap.so.0.7.6
7f8b668f2000-7f8b668f3000 rw-p 00008000 08:02 13635850                   /lib/x86_64-linux-gnu/libwrap.so.0.7.6
7f8b668f3000-7f8b668f4000 rw-p 00000000 00:00 0 
7f8b668f4000-7f8b6695a000 r-xp 00000000 08:02 6948471                    /usr/lib/x86_64-linux-gnu/pulseaudio/libpulsecommon-4.0.so
7f8b6695a000-7f8b66b59000 ---p 00066000 08:02 6948471                    /usr/lib/x86_64-linux-gnu/pulseaudio/libpulsecommon-4.0.so
7f8b66b59000-7f8b66b5a000 r--p 00065000 08:02 6948471                    /usr/lib/x86_64-linux-gnu/pulseaudio/libpulsecommon-4.0.so
7f8b66b5a000-7f8b66b5b000 rw-p 00066000 08:02 6948471                    /usr/lib/x86_64-linux-gnu/pulseaudio/libpulsecommon-4.0.so
7f8b66b5b000-7f8b66b65000 r-xp 00000000 08:02 13635730                   /lib/x86_64-linux-gnu/libjson-c.so.2.0.0
7f8b66b65000-7f8b66d64000 ---p 0000a000 08:02 13635730                   /lib/x86_64-linux-gnu/libjson-c.so.2.0.0
7f8b66d64000-7f8b66d65000 r--p 00009000 08:02 13635730                   /lib/x86_64-linux-gnu/libjson-c.so.2.0.0
7f8b66d65000-7f8b66d66000 rw-p 0000a000 08:02 13635730                   /lib/x86_64-linux-gnu/libjson-c.so.2.0.0
7f8b66d66000-7f8b66dad000 r-xp 00000000 08:02 6562296                    /usr/lib/x86_64-linux-gnu/libpulse.so.0.16.2
7f8b66dad000-7f8b66fad000 ---p 00047000 08:02 6562296                    /usr/lib/x86_64-linux-gnu/libpulse.so.0.16.2
7f8b66fad000-7f8b66fae000 r--p 00047000 08:02 6562296                    /usr/lib/x86_64-linux-gnu/libpulse.so.0.16.2
7f8b66fae000-7f8b66faf000 rw-p 00048000 08:02 6562296                    /usr/lib/x86_64-linux-gnu/libpulse.so.0.16.2
7f8b66faf000-7f8b66fb2000 ---p 00000000 00:00 0 
7f8b66fb2000-7f8b670b0000 rw-p 00000000 00:00 0                          [stack:10288]
7f8b670b0000-7f8b670b3000 ---p 00000000 00:00 0 
7f8b670b3000-7f8b671b1000 rw-p 00000000 00:00 0                          [stack:10283]
7f8b671b1000-7f8b6729a000 r-xp 00000000 08:02 6561590                    /usr/lib/x86_64-linux-gnu/libasound.so.2.0.0
7f8b6729a000-7f8b67499000 ---p 000e9000 08:02 6561590                    /usr/lib/x86_64-linux-gnu/libasound.so.2.0.0
7f8b67499000-7f8b674a0000 r--p 000e8000 08:02 6561590                    /usr/lib/x86_64-linux-gnu/libasound.so.2.0.0
7f8b674a0000-7f8b674a1000 rw-p 000ef000 08:02 6561590                    /usr/lib/x86_64-linux-gnu/libasound.so.2.0.0
7f8b674a1000-7f8b674b0000 r-xp 00000000 08:02 8012164                    /usr/bin/processing-3.0/java/lib/amd64/libjsoundalsa.so
7f8b674b0000-7f8b676af000 ---p 0000f000 08:02 8012164                    /usr/bin/processing-3.0/java/lib/amd64/libjsoundalsa.so
7f8b676af000-7f8b676b0000 rw-p 0000e000 08:02 8012164                    /usr/bin/processing-3.0/java/lib/amd64/libjsoundalsa.so
7f8b676b0000-7f8b676b1000 r-xp 00000000 08:02 8012181                    /usr/bin/processing-3.0/java/lib/amd64/libjsound.so
7f8b676b1000-7f8b678b0000 ---p 00001000 08:02 8012181                    /usr/bin/processing-3.0/java/lib/amd64/libjsound.so
7f8b678b0000-7f8b678b1000 rw-p 00000000 08:02 8012181                    /usr/bin/processing-3.0/java/lib/amd64/libjsound.so
7f8b678b1000-7f8b679b1000 rw-s 148f06000 00:06 10208                     /dev/dri/card0
7f8b679b1000-7f8b67b71000 rw-p 00000000 00:00 0 
7f8b67b71000-7f8b67bb1000 ---p 00000000 00:00 0 
7f8b67bb1000-7f8b67bf5000 r-xp 00000000 08:02 13635704                   /lib/x86_64-linux-gnu/libdbus-1.so.3.7.6
7f8b67bf5000-7f8b67df4000 ---p 00044000 08:02 13635704                   /lib/x86_64-linux-gnu/libdbus-1.so.3.7.6
7f8b67df4000-7f8b67df5000 r--p 00043000 08:02 13635704                   /lib/x86_64-linux-gnu/libdbus-1.so.3.7.6
7f8b67df5000-7f8b67df6000 rw-p 00044000 08:02 13635704                   /lib/x86_64-linux-gnu/libdbus-1.so.3.7.6
7f8b67df6000-7f8b67dfe000 r-xp 00000000 08:02 13635752                   /lib/x86_64-linux-gnu/libnih-dbus.so.1.0.0
7f8b67dfe000-7f8b67ffe000 ---p 00008000 08:02 13635752                   /lib/x86_64-linux-gnu/libnih-dbus.so.1.0.0
7f8b67ffe000-7f8b67fff000 r--p 00008000 08:02 13635752                   /lib/x86_64-linux-gnu/libnih-dbus.so.1.0.0
7f8b67fff000-7f8b68000000 rw-p 00009000 08:02 13635752                   /lib/x86_64-linux-gnu/libnih-dbus.so.1.0.0
7f8b68000000-7f8b6aded000 rw-p 00000000 00:00 0 
7f8b6aded000-7f8b6c000000 ---p 00000000 00:00 0 
7f8b6c000000-7f8b6c74d000 rw-p 00000000 00:00 0 
7f8b6c74d000-7f8b70000000 ---p 00000000 00:00 0 
7f8b70094000-7f8b7009c000 rw-s 00000000 00:05 167499                     /drm mm object (deleted)
7f8b7009c000-7f8b700a4000 rw-s 00000000 00:05 167477                     /drm mm object (deleted)
7f8b700a4000-7f8b700ac000 rw-s 00000000 00:05 169164                     /drm mm object (deleted)
7f8b700ac000-7f8b700b4000 rw-s 00000000 00:05 168106                     /drm mm object (deleted)
7f8b700b4000-7f8b700bc000 rw-s 00000000 00:05 168088                     /drm mm object (deleted)
7f8b700bc000-7f8b700c3000 r--s 00000000 08:02 6947811                    /usr/lib/x86_64-linux-gnu/gconv/gconv-modules.cache
7f8b700c3000-7f8b700d6000 r--s 00344000 08:02 6695996                    /usr/bin/processing-3.0/java/lib/resources.jar
7f8b700d6000-7f8b700ed000 r-xp 00000000 08:02 13635754                   /lib/x86_64-linux-gnu/libnih.so.1.0.0
7f8b700ed000-7f8b702ec000 ---p 00017000 08:02 13635754                   /lib/x86_64-linux-gnu/libnih.so.1.0.0
7f8b702ec000-7f8b702ed000 r--p 00016000 08:02 13635754                   /lib/x86_64-linux-gnu/libnih.so.1.0.0
7f8b702ed000-7f8b702ee000 rw-p 00017000 08:02 13635754                   /lib/x86_64-linux-gnu/libnih.so.1.0.0
7f8b702ee000-7f8b70307000 r-xp 00000000 08:02 13635695                   /lib/x86_64-linux-gnu/libcgmanager.so.0.0.0
7f8b70307000-7f8b70506000 ---p 00019000 08:02 13635695                   /lib/x86_64-linux-gnu/libcgmanager.so.0.0.0
7f8b70506000-7f8b70508000 r--p 00018000 08:02 13635695                   /lib/x86_64-linux-gnu/libcgmanager.so.0.0.0
7f8b70508000-7f8b70509000 rw-p 0001a000 08:02 13635695                   /lib/x86_64-linux-gnu/libcgmanager.so.0.0.0
7f8b70509000-7f8b70519000 r-xp 00000000 08:02 13635838                   /lib/x86_64-linux-gnu/libudev.so.1.3.5
7f8b70519000-7f8b70718000 ---p 00010000 08:02 13635838                   /lib/x86_64-linux-gnu/libudev.so.1.3.5
7f8b70718000-7f8b70719000 r--p 0000f000 08:02 13635838                   /lib/x86_64-linux-gnu/libudev.so.1.3.5
7f8b70719000-7f8b7071a000 rw-p 00010000 08:02 13635838                   /lib/x86_64-linux-gnu/libudev.so.1.3.5
7f8b7071b000-7f8b70723000 rw-s 00000000 00:05 166509                     /drm mm object (deleted)
7f8b70723000-7f8b7072b000 rw-s 00000000 00:05 166483                     /drm mm object (deleted)
7f8b7072b000-7f8b70733000 rw-s 00000000 00:05 169103                     /drm mm object (deleted)
7f8b70733000-7f8b7073b000 rw-s 00000000 00:05 166472                     /drm mm object (deleted)
7f8b7073b000-7f8b70772000 r-xp 00000000 08:02 6562454                    /usr/lib/x86_64-linux-gnu/libtxc_dxtn_s2tc.so.0.0.0
7f8b70772000-7f8b70971000 ---p 00037000 08:02 6562454                    /usr/lib/x86_64-linux-gnu/libtxc_dxtn_s2tc.so.0.0.0
7f8b70971000-7f8b70972000 r--p 00036000 08:02 6562454                    /usr/lib/x86_64-linux-gnu/libtxc_dxtn_s2tc.so.0.0.0
7f8b70972000-7f8b70973000 rw-p 00037000 08:02 6562454                    /usr/lib/x86_64-linux-gnu/libtxc_dxtn_s2tc.so.0.0.0
7f8b70973000-7f8b7098b000 r-xp 00000000 08:02 13635853                   /lib/x86_64-linux-gnu/libz.so.1.2.8
7f8b7098b000-7f8b70b8a000 ---p 00018000 08:02 13635853                   /lib/x86_64-linux-gnu/libz.so.1.2.8
7f8b70b8a000-7f8b70b8b000 r--p 00017000 08:02 13635853                   /lib/x86_64-linux-gnu/libz.so.1.2.8
7f8b70b8b000-7f8b70b8c000 rw-p 00018000 08:02 13635853                   /lib/x86_64-linux-gnu/libz.so.1.2.8
7f8b70b8c000-7f8b70b94000 r-xp 00000000 08:02 6562259                    /usr/lib/x86_64-linux-gnu/libpciaccess.so.0.11.1
7f8b70b94000-7f8b70d93000 ---p 00008000 08:02 6562259                    /usr/lib/x86_64-linux-gnu/libpciaccess.so.0.11.1
7f8b70d93000-7f8b70d94000 r--p 00007000 08:02 6562259                    /usr/lib/x86_64-linux-gnu/libpciaccess.so.0.11.1
7f8b70d94000-7f8b70d95000 rw-p 00008000 08:02 6562259                    /usr/lib/x86_64-linux-gnu/libpciaccess.so.0.11.1
7f8b70d95000-7f8b70e7b000 r-xp 00000000 08:02 6562412                    /usr/lib/x86_64-linux-gnu/libstdc++.so.6.0.19
7f8b70e7b000-7f8b7107a000 ---p 000e6000 08:02 6562412                    /usr/lib/x86_64-linux-gnu/libstdc++.so.6.0.19
7f8b7107a000-7f8b71082000 r--p 000e5000 08:02 6562412                    /usr/lib/x86_64-linux-gnu/libstdc++.so.6.0.19
7f8b71082000-7f8b71084000 rw-p 000ed000 08:02 6562412                    /usr/lib/x86_64-linux-gnu/libstdc++.so.6.0.19
7f8b71084000-7f8b71099000 rw-p 00000000 00:00 0 
7f8b71099000-7f8b710a5000 r-xp 00000000 08:02 6561756                    /usr/lib/x86_64-linux-gnu/libdrm_radeon.so.1.0.1
7f8b710a5000-7f8b712a4000 ---p 0000c000 08:02 6561756                    /usr/lib/x86_64-linux-gnu/libdrm_radeon.so.1.0.1
7f8b712a4000-7f8b712a5000 r--p 0000b000 08:02 6561756                    /usr/lib/x86_64-linux-gnu/libdrm_radeon.so.1.0.1
7f8b712a5000-7f8b712a6000 rw-p 0000c000 08:02 6561756                    /usr/lib/x86_64-linux-gnu/libdrm_radeon.so.1.0.1
7f8b712a6000-7f8b712ac000 r-xp 00000000 08:02 6561754                    /usr/lib/x86_64-linux-gnu/libdrm_nouveau.so.2.0.0
7f8b712ac000-7f8b714ab000 ---p 00006000 08:02 6561754                    /usr/lib/x86_64-linux-gnu/libdrm_nouveau.so.2.0.0
7f8b714ab000-7f8b714ac000 r--p 00005000 08:02 6561754                    /usr/lib/x86_64-linux-gnu/libdrm_nouveau.so.2.0.0
7f8b714ac000-7f8b714ad000 rw-p 00006000 08:02 6561754                    /usr/lib/x86_64-linux-gnu/libdrm_nouveau.so.2.0.0
7f8b714ad000-7f8b714cd000 r-xp 00000000 08:02 6561752                    /usr/lib/x86_64-linux-gnu/libdrm_intel.so.1.0.0
7f8b714cd000-7f8b716cc000 ---p 00020000 08:02 6561752                    /usr/lib/x86_64-linux-gnu/libdrm_intel.so.1.0.0
7f8b716cc000-7f8b716cd000 r--p 0001f000 08:02 6561752                    /usr/lib/x86_64-linux-gnu/libdrm_intel.so.1.0.0
7f8b716cd000-7f8b716ce000 rw-p 00020000 08:02 6561752                    /usr/lib/x86_64-linux-gnu/libdrm_intel.so.1.0.0
7f8b716ce000-7f8b71c22000 r-xp 00000000 08:02 6947244                    /usr/lib/x86_64-linux-gnu/dri/i965_dri.so
7f8b71c22000-7f8b71e22000 ---p 00554000 08:02 6947244                    /usr/lib/x86_64-linux-gnu/dri/i965_dri.so
7f8b71e22000-7f8b71e43000 r--p 00554000 08:02 6947244                    /usr/lib/x86_64-linux-gnu/dri/i965_dri.so
7f8b71e43000-7f8b71e4a000 rw-p 00575000 08:02 6947244                    /usr/lib/x86_64-linux-gnu/dri/i965_dri.so
7f8b71e4a000-7f8b71e51000 rw-p 00000000 00:00 0 
7f8b71e51000-7f8b71e54000 ---p 00000000 00:00 0 
7f8b71e54000-7f8b71f52000 rw-p 00000000 00:00 0                          [stack:10268]
7f8b71f52000-7f8b71fab000 r-xp 00000000 08:02 4721857                    /tmp/jogamp_0000/file_cache/jln3104674025186851634/jln4545502639311655077/libjogl_mobile.so
7f8b71fab000-7f8b721ab000 ---p 00059000 08:02 4721857                    /tmp/jogamp_0000/file_cache/jln3104674025186851634/jln4545502639311655077/libjogl_mobile.so
7f8b721ab000-7f8b721ac000 rw-p 00059000 08:02 4721857                    /tmp/jogamp_0000/file_cache/jln3104674025186851634/jln4545502639311655077/libjogl_mobile.so
7f8b721ac000-7f8b721b3000 r-xp 00000000 08:02 6561790                    /usr/lib/x86_64-linux-gnu/libffi.so.6.0.1
7f8b721b3000-7f8b723b2000 ---p 00007000 08:02 6561790                    /usr/lib/x86_64-linux-gnu/libffi.so.6.0.1
7f8b723b2000-7f8b723b3000 r--p 00006000 08:02 6561790                    /usr/lib/x86_64-linux-gnu/libffi.so.6.0.1
7f8b723b3000-7f8b723b4000 rw-p 00007000 08:02 6561790                    /usr/lib/x86_64-linux-gnu/libffi.so.6.0.1
7f8b723b4000-7f8b723c0000 r-xp 00000000 08:02 6561843                    /usr/lib/x86_64-linux-gnu/libgbm.so.1.0.0
7f8b723c0000-7f8b725c0000 ---p 0000c000 08:02 6561843                    /usr/lib/x86_64-linux-gnu/libgbm.so.1.0.0
7f8b725c0000-7f8b725c1000 r--p 0000c000 08:02 6561843                    /usr/lib/x86_64-linux-gnu/libgbm.so.1.0.0
7f8b725c1000-7f8b725c2000 rw-p 0000d000 08:02 6561843                    /usr/lib/x86_64-linux-gnu/libgbm.so.1.0.0
7f8b725c2000-7f8b725d1000 r-xp 00000000 08:02 6562520                    /usr/lib/x86_64-linux-gnu/libwayland-server.so.0.1.0
7f8b725d1000-7f8b727d0000 ---p 0000f000 08:02 6562520                    /usr/lib/x86_64-linux-gnu/libwayland-server.so.0.1.0
7f8b727d0000-7f8b727d2000 r--p 0000e000 08:02 6562520                    /usr/lib/x86_64-linux-gnu/libwayland-server.so.0.1.0
7f8b727d2000-7f8b727d3000 rw-p 00010000 08:02 6562520                    /usr/lib/x86_64-linux-gnu/libwayland-server.so.0.1.0
7f8b727d3000-7f8b727de000 r-xp 00000000 08:02 6562514                    /usr/lib/x86_64-linux-gnu/libwayland-client.so.0.2.0
7f8b727de000-7f8b729dd000 ---p 0000b000 08:02 6562514                    /usr/lib/x86_64-linux-gnu/libwayland-client.so.0.2.0
7f8b729dd000-7f8b729df000 r--p 0000a000 08:02 6562514                    /usr/lib/x86_64-linux-gnu/libwayland-client.so.0.2.0
7f8b729df000-7f8b729e0000 rw-p 0000c000 08:02 6562514                    /usr/lib/x86_64-linux-gnu/libwayland-client.so.0.2.0
7f8b729e0000-7f8b729e5000 r-xp 00000000 08:02 6562570                    /usr/lib/x86_64-linux-gnu/libxcb-xfixes.so.0.0.0
7f8b729e5000-7f8b72be5000 ---p 00005000 08:02 6562570                    /usr/lib/x86_64-linux-gnu/libxcb-xfixes.so.0.0.0
7f8b72be5000-7f8b72be6000 r--p 00005000 08:02 6562570                    /usr/lib/x86_64-linux-gnu/libxcb-xfixes.so.0.0.0
7f8b72be6000-7f8b72be7000 rw-p 00006000 08:02 6562570                    /usr/lib/x86_64-linux-gnu/libxcb-xfixes.so.0.0.0
7f8b72be7000-7f8b72c0e000 r-xp 00000000 08:02 6948353                    /usr/lib/x86_64-linux-gnu/mesa-egl/libEGL.so.1.0.0
7f8b72c0e000-7f8b72e0e000 ---p 00027000 08:02 6948353                    /usr/lib/x86_64-linux-gnu/mesa-egl/libEGL.so.1.0.0
7f8b72e0e000-7f8b72e0f000 r--p 00027000 08:02 6948353                    /usr/lib/x86_64-linux-gnu/mesa-egl/libEGL.so.1.0.0
7f8b72e0f000-7f8b72e10000 rw-p 00028000 08:02 6948353                    /usr/lib/x86_64-linux-gnu/mesa-egl/libEGL.so.1.0.0
7f8b72e10000-7f8b72e11000 rw-p 00000000 00:00 0 
7f8b72e11000-7f8b72e17000 r-xp 00000000 08:02 6948357                    /usr/lib/x86_64-linux-gnu/mesa-egl/libGLESv2.so.2.0.0
7f8b72e17000-7f8b73016000 ---p 00006000 08:02 6948357                    /usr/lib/x86_64-linux-gnu/mesa-egl/libGLESv2.so.2.0.0
7f8b73016000-7f8b73017000 r--p 00005000 08:02 6948357                    /usr/lib/x86_64-linux-gnu/mesa-egl/libGLESv2.so.2.0.0
7f8b73017000-7f8b73018000 rw-p 00006000 08:02 6948357                    /usr/lib/x86_64-linux-gnu/mesa-egl/libGLESv2.so.2.0.0
7f8b73018000-7f8b7301b000 ---p 00000000 00:00 0 
7f8b7301b000-7f8b73119000 rw-p 00000000 00:00 0                          [stack:10267]
7f8b73119000-7f8b731cc000 r-xp 00000000 08:02 4721855                    /tmp/jogamp_0000/file_cache/jln3104674025186851634/jln4545502639311655077/libjogl_desktop.so
7f8b731cc000-7f8b733cc000 ---p 000b3000 08:02 4721855                    /tmp/jogamp_0000/file_cache/jln3104674025186851634/jln4545502639311655077/libjogl_desktop.so
7f8b733cc000-7f8b733cd000 rw-p 000b3000 08:02 4721855                    /tmp/jogamp_0000/file_cache/jln3104674025186851634/jln4545502639311655077/libjogl_desktop.so
7f8b733cd000-7f8b733d8000 r-xp 00000000 08:02 6561750                    /usr/lib/x86_64-linux-gnu/libdrm.so.2.4.0
7f8b733d8000-7f8b735d7000 ---p 0000b000 08:02 6561750                    /usr/lib/x86_64-linux-gnu/libdrm.so.2.4.0
7f8b735d7000-7f8b735d8000 r--p 0000a000 08:02 6561750                    /usr/lib/x86_64-linux-gnu/libdrm.so.2.4.0
7f8b735d8000-7f8b735d9000 rw-p 0000b000 08:02 6561750                    /usr/lib/x86_64-linux-gnu/libdrm.so.2.4.0
7f8b735d9000-7f8b735da000 r-xp 00000000 08:02 6562584                    /usr/lib/x86_64-linux-gnu/libxshmfence.so.1.0.0
7f8b735da000-7f8b737d9000 ---p 00001000 08:02 6562584                    /usr/lib/x86_64-linux-gnu/libxshmfence.so.1.0.0
7f8b737d9000-7f8b737da000 r--p 00000000 08:02 6562584                    /usr/lib/x86_64-linux-gnu/libxshmfence.so.1.0.0
7f8b737da000-7f8b737db000 rw-p 00001000 08:02 6562584                    /usr/lib/x86_64-linux-gnu/libxshmfence.so.1.0.0
7f8b737db000-7f8b737e0000 r-xp 00000000 08:02 6562566                    /usr/lib/x86_64-linux-gnu/libxcb-sync.so.1.0.0
7f8b737e0000-7f8b739df000 ---p 00005000 08:02 6562566                    /usr/lib/x86_64-linux-gnu/libxcb-sync.so.1.0.0
7f8b739df000-7f8b739e0000 r--p 00004000 08:02 6562566                    /usr/lib/x86_64-linux-gnu/libxcb-sync.so.1.0.0
7f8b739e0000-7f8b739e1000 rw-p 00005000 08:02 6562566                    /usr/lib/x86_64-linux-gnu/libxcb-sync.so.1.0.0
7f8b739e1000-7f8b739e3000 r-xp 00000000 08:02 6562554                    /usr/lib/x86_64-linux-gnu/libxcb-present.so.0.0.0
7f8b739e3000-7f8b73be2000 ---p 00002000 08:02 6562554                    /usr/lib/x86_64-linux-gnu/libxcb-present.so.0.0.0
7f8b73be2000-7f8b73be3000 r--p 00001000 08:02 6562554                    /usr/lib/x86_64-linux-gnu/libxcb-present.so.0.0.0
7f8b73be3000-7f8b73be4000 rw-p 00002000 08:02 6562554                    /usr/lib/x86_64-linux-gnu/libxcb-present.so.0.0.0
7f8b73be4000-7f8b73be7000 r-xp 00000000 08:02 6562542                    /usr/lib/x86_64-linux-gnu/libxcb-dri2.so.0.0.0
7f8b73be7000-7f8b73de7000 ---p 00003000 08:02 6562542                    /usr/lib/x86_64-linux-gnu/libxcb-dri2.so.0.0.0
7f8b73de7000-7f8b73de8000 r--p 00003000 08:02 6562542                    /usr/lib/x86_64-linux-gnu/libxcb-dri2.so.0.0.0
7f8b73de8000-7f8b73de9000 rw-p 00004000 08:02 6562542                    /usr/lib/x86_64-linux-gnu/libxcb-dri2.so.0.0.0
7f8b73de9000-7f8b73dfe000 r-xp 00000000 08:02 6562546                    /usr/lib/x86_64-linux-gnu/libxcb-glx.so.0.0.0
7f8b73dfe000-7f8b73ffd000 ---p 00015000 08:02 6562546                    /usr/lib/x86_64-linux-gnu/libxcb-glx.so.0.0.0
7f8b73ffd000-7f8b73fff000 r--p 00014000 08:02 6562546                    /usr/lib/x86_64-linux-gnu/libxcb-glx.so.0.0.0
7f8b73fff000-7f8b74000000 rw-p 00016000 08:02 6562546                    /usr/lib/x86_64-linux-gnu/libxcb-glx.so.0.0.0
7f8b74000000-7f8b74bc9000 rw-p 00000000 00:00 0 
7f8b74bc9000-7f8b78000000 ---p 00000000 00:00 0 
7f8b78000000-7f8b78021000 rw-p 00000000 00:00 0 
7f8b78021000-7f8b7c000000 ---p 00000000 00:00 0 
7f8b7c000000-7f8b7c027000 rw-p 00000000 00:00 0 
7f8b7c027000-7f8b80000000 ---p 00000000 00:00 0 
7f8b80000000-7f8b80021000 rw-p 00000000 00:00 0 
7f8b80021000-7f8b84000000 ---p 00000000 00:00 0 
7f8b84000000-7f8b84021000 rw-p 00000000 00:00 0 
7f8b84021000-7f8b88000000 ---p 00000000 00:00 0 
7f8b88000000-7f8b88021000 rw-p 00000000 00:00 0 
7f8b88021000-7f8b8c000000 ---p 00000000 00:00 0 
7f8b8c000000-7f8b8c001000 rw-p 00000000 00:00 0 
7f8b8c001000-7f8b8c003000 r-xp 00000000 08:02 6562544                    /usr/lib/x86_64-linux-gnu/libxcb-dri3.so.0.0.0
7f8b8c003000-7f8b8c202000 ---p 00002000 08:02 6562544                    /usr/lib/x86_64-linux-gnu/libxcb-dri3.so.0.0.0
7f8b8c202000-7f8b8c203000 r--p 00001000 08:02 6562544                    /usr/lib/x86_64-linux-gnu/libxcb-dri3.so.0.0.0
7f8b8c203000-7f8b8c204000 rw-p 00002000 08:02 6562544                    /usr/lib/x86_64-linux-gnu/libxcb-dri3.so.0.0.0
7f8b8c204000-7f8b8c205000 r-xp 00000000 08:02 6561502                    /usr/lib/x86_64-linux-gnu/libX11-xcb.so.1.0.0
7f8b8c205000-7f8b8c404000 ---p 00001000 08:02 6561502                    /usr/lib/x86_64-linux-gnu/libX11-xcb.so.1.0.0
7f8b8c404000-7f8b8c405000 r--p 00000000 08:02 6561502                    /usr/lib/x86_64-linux-gnu/libX11-xcb.so.1.0.0
7f8b8c405000-7f8b8c406000 rw-p 00001000 08:02 6561502                    /usr/lib/x86_64-linux-gnu/libX11-xcb.so.1.0.0
7f8b8c406000-7f8b8c408000 r-xp 00000000 08:02 6561517                    /usr/lib/x86_64-linux-gnu/libXdamage.so.1.1.0
7f8b8c408000-7f8b8c607000 ---p 00002000 08:02 6561517                    /usr/lib/x86_64-linux-gnu/libXdamage.so.1.1.0
7f8b8c607000-7f8b8c608000 r--p 00001000 08:02 6561517                    /usr/lib/x86_64-linux-gnu/libXdamage.so.1.1.0
7f8b8c608000-7f8b8c609000 rw-p 00002000 08:02 6561517                    /usr/lib/x86_64-linux-gnu/libXdamage.so.1.1.0
7f8b8c609000-7f8b8c62e000 r-xp 00000000 08:02 6561895                    /usr/lib/x86_64-linux-gnu/libglapi.so.0.0.0
7f8b8c62e000-7f8b8c82e000 ---p 00025000 08:02 6561895                    /usr/lib/x86_64-linux-gnu/libglapi.so.0.0.0
7f8b8c82e000-7f8b8c831000 r--p 00025000 08:02 6561895                    /usr/lib/x86_64-linux-gnu/libglapi.so.0.0.0
7f8b8c831000-7f8b8c832000 rw-p 00028000 08:02 6561895                    /usr/lib/x86_64-linux-gnu/libglapi.so.0.0.0
7f8b8c832000-7f8b8c833000 rw-p 00000000 00:00 0 
7f8b8c833000-7f8b8c85a000 r-xp 00000000 08:02 13637323                   /lib/x86_64-linux-gnu/libexpat.so.1.6.0
7f8b8c85a000-7f8b8ca5a000 ---p 00027000 08:02 13637323                   /lib/x86_64-linux-gnu/libexpat.so.1.6.0
7f8b8ca5a000-7f8b8ca5c000 r--p 00027000 08:02 13637323                   /lib/x86_64-linux-gnu/libexpat.so.1.6.0
7f8b8ca5c000-7f8b8ca5d000 rw-p 00029000 08:02 13637323                   /lib/x86_64-linux-gnu/libexpat.so.1.6.0
7f8b8ca5d000-7f8b8caeb000 r-xp 00000000 08:02 6948350                    /usr/lib/x86_64-linux-gnu/mesa/libGL.so.1.2.0
7f8b8caeb000-7f8b8ccea000 ---p 0008e000 08:02 6948350                    /usr/lib/x86_64-linux-gnu/mesa/libGL.so.1.2.0
7f8b8ccea000-7f8b8cced000 r--p 0008d000 08:02 6948350                    /usr/lib/x86_64-linux-gnu/mesa/libGL.so.1.2.0
7f8b8cced000-7f8b8ccee000 rw-p 00090000 08:02 6948350                    /usr/lib/x86_64-linux-gnu/mesa/libGL.so.1.2.0
7f8b8ccee000-7f8b8ceef000 rw-p 00000000 00:00 0 
7f8b8ceef000-7f8b8cef1000 r-xp 00000000 08:02 6561531                    /usr/lib/x86_64-linux-gnu/libXinerama.so.1.0.0
7f8b8cef1000-7f8b8d0f0000 ---p 00002000 08:02 6561531                    /usr/lib/x86_64-linux-gnu/libXinerama.so.1.0.0
7f8b8d0f0000-7f8b8d0f1000 r--p 00001000 08:02 6561531                    /usr/lib/x86_64-linux-gnu/libXinerama.so.1.0.0
7f8b8d0f1000-7f8b8d0f2000 rw-p 00002000 08:02 6561531                    /usr/lib/x86_64-linux-gnu/libXinerama.so.1.0.0
7f8b8d0f2000-7f8b8d0f5000 ---p 00000000 00:00 0 
7f8b8d0f5000-7f8b8d6a3000 rw-p 00000000 00:00 0                          [stack:10266]
7f8b8d6a3000-7f8b8d6b2000 r-xp 00000000 08:02 4721863                    /tmp/jogamp_0000/file_cache/jln3104674025186851634/jln4545502639311655077/libnewt.so
7f8b8d6b2000-7f8b8d8b1000 ---p 0000f000 08:02 4721863                    /tmp/jogamp_0000/file_cache/jln3104674025186851634/jln4545502639311655077/libnewt.so
7f8b8d8b1000-7f8b8d8b2000 rw-p 0000e000 08:02 4721863                    /tmp/jogamp_0000/file_cache/jln3104674025186851634/jln4545502639311655077/libnewt.so
7f8b8d8b2000-7f8b8d8b9000 r-xp 00000000 08:02 4721861                    /tmp/jogamp_0000/file_cache/jln3104674025186851634/jln4545502639311655077/libnativewindow_x11.so
7f8b8d8b9000-7f8b8dab8000 ---p 00007000 08:02 4721861                    /tmp/jogamp_0000/file_cache/jln3104674025186851634/jln4545502639311655077/libnativewindow_x11.so
7f8b8dab8000-7f8b8dab9000 rw-p 00006000 08:02 4721861                    /tmp/jogamp_0000/file_cache/jln3104674025186851634/jln4545502639311655077/libnativewindow_x11.so
7f8b8dab9000-7f8b8dabc000 ---p 00000000 00:00 0 
7f8b8dabc000-7f8b8dbba000 rw-p 00000000 00:00 0                          [stack:10269]
7f8b8dbba000-7f8b8dbbe000 r-xp 00000000 08:02 6561559                    /usr/lib/x86_64-linux-gnu/libXxf86vm.so.1.0.0
7f8b8dbbe000-7f8b8ddbe000 ---p 00004000 08:02 6561559                    /usr/lib/x86_64-linux-gnu/libXxf86vm.so.1.0.0
7f8b8ddbe000-7f8b8ddbf000 r--p 00004000 08:02 6561559                    /usr/lib/x86_64-linux-gnu/libXxf86vm.so.1.0.0
7f8b8ddbf000-7f8b8ddc0000 rw-p 00005000 08:02 6561559                    /usr/lib/x86_64-linux-gnu/libXxf86vm.so.1.0.0
7f8b8ddc0000-7f8b8ddc2000 rw-s 149007000 00:06 10208                     /dev/dri/card0
7f8b8ddc2000-7f8b8ddc3000 rw-s 149006000 00:06 10208                     /dev/dri/card0
7f8b8ddc3000-7f8b8ddc4000 rw-s 81000000 00:06 94744                      /dev/snd/pcmC2D0p
7f8b8ddc4000-7f8b8ddc5000 r--s 80000000 00:06 94744                      /dev/snd/pcmC2D0p
7f8b8ddc5000-7f8b8ddc6000 rw-s 148f05000 00:06 10208                     /dev/dri/card0
7f8b8ddc6000-7f8b8ddc7000 rw-s 148f04000 00:06 10208                     /dev/dri/card0
7f8b8ddc7000-7f8b8ddc8000 rwxp 00000000 00:00 0 
7f8b8ddc8000-7f8b8ddd0000 rw-s 00000000 00:05 167297                     /drm mm object (deleted)
7f8b8ddd0000-7f8b8ddd8000 rw-s 00000000 00:05 169073                     /drm mm object (deleted)
7f8b8ddd8000-7f8b8ddd9000 rw-s 148f03000 00:06 10208                     /dev/dri/card0
7f8b8ddd9000-7f8b8dde1000 rw-s 00000000 00:05 167286                     /drm mm object (deleted)
7f8b8dde1000-7f8b8dde3000 r-xp 00000000 08:02 4721859                    /tmp/jogamp_0000/file_cache/jln3104674025186851634/jln4545502639311655077/libnativewindow_awt.so
7f8b8dde3000-7f8b8dfe2000 ---p 00002000 08:02 4721859                    /tmp/jogamp_0000/file_cache/jln3104674025186851634/jln4545502639311655077/libnativewindow_awt.so
7f8b8dfe2000-7f8b8dfe3000 rw-p 00001000 08:02 4721859                    /tmp/jogamp_0000/file_cache/jln3104674025186851634/jln4545502639311655077/libnativewindow_awt.so
7f8b8dfe3000-7f8b8dfe4000 r-xp 00000000 08:02 8012156                    /usr/bin/processing-3.0/java/lib/amd64/libjawt.so
7f8b8dfe4000-7f8b8e1e3000 ---p 00001000 08:02 8012156                    /usr/bin/processing-3.0/java/lib/amd64/libjawt.so
7f8b8e1e3000-7f8b8e1e4000 rw-p 00000000 08:02 8012156                    /usr/bin/processing-3.0/java/lib/amd64/libjawt.so
7f8b8e1e4000-7f8b8e1e6000 r-xp 00000000 08:02 4721853                    /tmp/jogamp_0000/file_cache/jln3104674025186851634/jln4545502639311655077/libgluegen-rt.so
7f8b8e1e6000-7f8b8e3e5000 ---p 00002000 08:02 4721853                    /tmp/jogamp_0000/file_cache/jln3104674025186851634/jln4545502639311655077/libgluegen-rt.so
7f8b8e3e5000-7f8b8e3e6000 rw-p 00001000 08:02 4721853                    /tmp/jogamp_0000/file_cache/jln3104674025186851634/jln4545502639311655077/libgluegen-rt.so
7f8b8e3e6000-7f8b8e3e9000 ---p 00000000 00:00 0 
7f8b8e3e9000-7f8b8e4e7000 rw-p 00000000 00:00 0 
7f8b8e4e7000-7f8b8e4f8000 r-xp 00000000 08:02 8012203                    /usr/bin/processing-3.0/java/lib/amd64/libnio.so
7f8b8e4f8000-7f8b8e6f7000 ---p 00011000 08:02 8012203                    /usr/bin/processing-3.0/java/lib/amd64/libnio.so
7f8b8e6f7000-7f8b8e6f8000 rw-p 00010000 08:02 8012203                    /usr/bin/processing-3.0/java/lib/amd64/libnio.so
7f8b8e6f8000-7f8b8e70e000 r-xp 00000000 08:02 8012151                    /usr/bin/processing-3.0/java/lib/amd64/libnet.so
7f8b8e70e000-7f8b8e90e000 ---p 00016000 08:02 8012151                    /usr/bin/processing-3.0/java/lib/amd64/libnet.so
7f8b8e90e000-7f8b8e90f000 rw-p 00016000 08:02 8012151                    /usr/bin/processing-3.0/java/lib/amd64/libnet.so
7f8b8e90f000-7f8b8e912000 ---p 00000000 00:00 0 
7f8b8e912000-7f8b8e948000 rw-p 00000000 00:00 0 
7f8b8e948000-7f8b8e949000 r--p 00000000 00:00 0 
7f8b8e949000-7f8b8e94d000 r--s 00095000 08:02 6696012                    /usr/bin/processing-3.0/java/lib/jsse.jar
7f8b8e94d000-7f8b8eb4d000 rw-p 00000000 00:00 0 
7f8b8eb4d000-7f8b8eb50000 r--s 00041000 08:02 8014028                    /usr/bin/processing-3.0/modes/java/mode/org.netbeans.swing.outline.jar
7f8b8eb50000-7f8b8eb55000 r--s 00038000 08:02 8014038                    /usr/bin/processing-3.0/modes/java/mode/org.eclipse.text.jar
7f8b8eb55000-7f8b8eb69000 r--s 00121000 08:02 8014045                    /usr/bin/processing-3.0/modes/java/mode/org.eclipse.osgi.jar
7f8b8eb69000-7f8b8eba1000 r--s 00515000 08:02 8014044                    /usr/bin/processing-3.0/modes/java/mode/org.eclipse.jdt.core.jar
7f8b8eba1000-7f8b8eba4000 r--s 0001c000 08:02 8014042                    /usr/bin/processing-3.0/modes/java/mode/org.eclipse.equinox.preferences.jar
7f8b8eba4000-7f8b8eba7000 r--s 00018000 08:02 8014034                    /usr/bin/processing-3.0/modes/java/mode/org.eclipse.equinox.common.jar
7f8b8eba7000-7f8b8eba9000 r--s 00011000 08:02 8014037                    /usr/bin/processing-3.0/modes/java/mode/org.eclipse.core.runtime.jar
7f8b8eba9000-7f8b8ebb4000 r--s 000c1000 08:02 8014040                    /usr/bin/processing-3.0/modes/java/mode/org.eclipse.core.resources.jar
7f8b8ebb4000-7f8b8ebc1000 r--s 000cb000 08:02 8014036                    /usr/bin/processing-3.0/modes/java/mode/jdimodel.jar
7f8b8ebc1000-7f8b8ec1c000 r--s 009e2000 08:02 8014039                    /usr/bin/processing-3.0/modes/java/mode/com.ibm.icu.jar
7f8b8ec1c000-7f8b8ec25000 r-xp 00000000 08:02 6561541                    /usr/lib/x86_64-linux-gnu/libXrandr.so.2.2.0
7f8b8ec25000-7f8b8ee24000 ---p 00009000 08:02 6561541                    /usr/lib/x86_64-linux-gnu/libXrandr.so.2.2.0
7f8b8ee24000-7f8b8ee25000 r--p 00008000 08:02 6561541                    /usr/lib/x86_64-linux-gnu/libXrandr.so.2.2.0
7f8b8ee25000-7f8b8ee26000 rw-p 00009000 08:02 6561541                    /usr/lib/x86_64-linux-gnu/libXrandr.so.2.2.0
7f8b8ee26000-7f8b8ee29000 ---p 00000000 00:00 0 
7f8b8ee29000-7f8b8ef27000 rw-p 00000000 00:00 0                          [stack:10255]
7f8b8ef27000-7f8b8ef2c000 r-xp 00000000 08:02 6561523                    /usr/lib/x86_64-linux-gnu/libXfixes.so.3.1.0
7f8b8ef2c000-7f8b8f12b000 ---p 00005000 08:02 6561523                    /usr/lib/x86_64-linux-gnu/libXfixes.so.3.1.0
7f8b8f12b000-7f8b8f12c000 r--p 00004000 08:02 6561523                    /usr/lib/x86_64-linux-gnu/libXfixes.so.3.1.0
7f8b8f12c000-7f8b8f12d000 rw-p 00005000 08:02 6561523                    /usr/lib/x86_64-linux-gnu/libXfixes.so.3.1.0
7f8b8f12d000-7f8b8f136000 r-xp 00000000 08:02 6561515                    /usr/lib/x86_64-linux-gnu/libXcursor.so.1.0.2
7f8b8f136000-7f8b8f335000 ---p 00009000 08:02 6561515                    /usr/lib/x86_64-linux-gnu/libXcursor.so.1.0.2
7f8b8f335000-7f8b8f336000 r--p 00008000 08:02 6561515                    /usr/lib/x86_64-linux-gnu/libXcursor.so.1.0.2
7f8b8f336000-7f8b8f337000 rw-p 00009000 08:02 6561515                    /usr/lib/x86_64-linux-gnu/libXcursor.so.1.0.2
7f8b8f337000-7f8b8f34d000 r-xp 00000000 08:02 13635717                   /lib/x86_64-linux-gnu/libgcc_s.so.1
7f8b8f34d000-7f8b8f54c000 ---p 00016000 08:02 13635717                   /lib/x86_64-linux-gnu/libgcc_s.so.1
7f8b8f54c000-7f8b8f54d000 rw-p 00015000 08:02 13635717                   /lib/x86_64-linux-gnu/libgcc_s.so.1
7f8b8f54d000-7f8b8f5b3000 r-xp 00000000 08:02 8012146                    /usr/bin/processing-3.0/java/lib/amd64/libfontmanager.so
7f8b8f5b3000-7f8b8f7b2000 ---p 00066000 08:02 8012146                    /usr/bin/processing-3.0/java/lib/amd64/libfontmanager.so
7f8b8f7b2000-7f8b8f7b6000 rw-p 00065000 08:02 8012146                    /usr/bin/processing-3.0/java/lib/amd64/libfontmanager.so
7f8b8f7b6000-7f8b8f7c7000 rw-p 00000000 00:00 0 
7f8b8f7c7000-7f8b8f7cc000 r-xp 00000000 08:02 6561519                    /usr/lib/x86_64-linux-gnu/libXdmcp.so.6.0.0
7f8b8f7cc000-7f8b8f9cb000 ---p 00005000 08:02 6561519                    /usr/lib/x86_64-linux-gnu/libXdmcp.so.6.0.0
7f8b8f9cb000-7f8b8f9cc000 r--p 00004000 08:02 6561519                    /usr/lib/x86_64-linux-gnu/libXdmcp.so.6.0.0
7f8b8f9cc000-7f8b8f9cd000 rw-p 00005000 08:02 6561519                    /usr/lib/x86_64-linux-gnu/libXdmcp.so.6.0.0
7f8b8f9cd000-7f8b8f9cf000 r-xp 00000000 08:02 6561508                    /usr/lib/x86_64-linux-gnu/libXau.so.6.0.0
7f8b8f9cf000-7f8b8fbcf000 ---p 00002000 08:02 6561508                    /usr/lib/x86_64-linux-gnu/libXau.so.6.0.0
7f8b8fbcf000-7f8b8fbd0000 r--p 00002000 08:02 6561508                    /usr/lib/x86_64-linux-gnu/libXau.so.6.0.0
7f8b8fbd0000-7f8b8fbd1000 rw-p 00003000 08:02 6561508                    /usr/lib/x86_64-linux-gnu/libXau.so.6.0.0
7f8b8fbd1000-7f8b8fbee000 r-xp 00000000 08:02 6562574                    /usr/lib/x86_64-linux-gnu/libxcb.so.1.1.0
7f8b8fbee000-7f8b8fdee000 ---p 0001d000 08:02 6562574                    /usr/lib/x86_64-linux-gnu/libxcb.so.1.1.0
7f8b8fdee000-7f8b8fdef000 r--p 0001d000 08:02 6562574                    /usr/lib/x86_64-linux-gnu/libxcb.so.1.1.0
7f8b8fdef000-7f8b8fdf0000 rw-p 0001e000 08:02 6562574                    /usr/lib/x86_64-linux-gnu/libxcb.so.1.1.0
7f8b8fdf0000-7f8b8fdff000 r-xp 00000000 08:02 6561529                    /usr/lib/x86_64-linux-gnu/libXi.so.6.1.0
7f8b8fdff000-7f8b8fffe000 ---p 0000f000 08:02 6561529                    /usr/lib/x86_64-linux-gnu/libXi.so.6.1.0
7f8b8fffe000-7f8b8ffff000 r--p 0000e000 08:02 6561529                    /usr/lib/x86_64-linux-gnu/libXi.so.6.1.0
7f8b8ffff000-7f8b90000000 rw-p 0000f000 08:02 6561529                    /usr/lib/x86_64-linux-gnu/libXi.so.6.1.0
7f8b90000000-7f8b903ed000 rw-p 00000000 00:00 0 
7f8b903ed000-7f8b94000000 ---p 00000000 00:00 0 
7f8b94000000-7f8b94021000 rw-p 00000000 00:00 0 
7f8b94021000-7f8b98000000 ---p 00000000 00:00 0 
7f8b98000000-7f8b99fb8000 rw-p 00000000 00:00 0 
7f8b99fb8000-7f8b9c000000 ---p 00000000 00:00 0 
7f8b9c000000-7f8b9d031000 rw-p 00000000 00:00 0 
7f8b9d031000-7f8ba0000000 ---p 00000000 00:00 0 
7f8ba0000000-7f8ba0021000 rw-p 00000000 00:00 0 
7f8ba0021000-7f8ba4000000 ---p 00000000 00:00 0 
7f8ba4000000-7f8ba4021000 rw-p 00000000 00:00 0 
7f8ba4021000-7f8ba8000000 ---p 00000000 00:00 0 
7f8ba8000000-7f8ba8021000 rw-p 00000000 00:00 0 
7f8ba8021000-7f8bac000000 ---p 00000000 00:00 0 
7f8bac000000-7f8bac021000 rw-p 00000000 00:00 0 
7f8bac021000-7f8bb0000000 ---p 00000000 00:00 0 
7f8bb0000000-7f8bb0021000 rw-p 00000000 00:00 0 
7f8bb0021000-7f8bb4000000 ---p 00000000 00:00 0 
7f8bb4000000-7f8bb4021000 rw-p 00000000 00:00 0 
7f8bb4021000-7f8bb8000000 ---p 00000000 00:00 0 
7f8bb8000000-7f8bb8021000 rw-p 00000000 00:00 0 
7f8bb8021000-7f8bbc000000 ---p 00000000 00:00 0 
7f8bbc000000-7f8bbc021000 rw-p 00000000 00:00 0 
7f8bbc021000-7f8bc0000000 ---p 00000000 00:00 0 
7f8bc0000000-7f8bc0021000 rw-p 00000000 00:00 0 
7f8bc0021000-7f8bc4000000 ---p 00000000 00:00 0 
7f8bc4000000-7f8bc4021000 rw-p 00000000 00:00 0 
7f8bc4021000-7f8bc8000000 ---p 00000000 00:00 0 
7f8bc8000000-7f8bc8021000 rw-p 00000000 00:00 0 
7f8bc8021000-7f8bcc000000 ---p 00000000 00:00 0 
7f8bcc000000-7f8bcc002000 r--s 00016000 08:02 8014027                    /usr/bin/processing-3.0/modes/java/mode/org.eclipse.core.jobs.jar
7f8bcc002000-7f8bcc004000 r--s 00015000 08:02 8014029                    /usr/bin/processing-3.0/modes/java/mode/org.eclipse.core.contenttype.jar
7f8bcc004000-7f8bcc009000 r--s 0003f000 08:02 8014032                    /usr/bin/processing-3.0/modes/java/mode/jsoup-1.7.1.jar
7f8bcc009000-7f8bcc00d000 r--s 0000e000 08:02 8014030                    /usr/bin/processing-3.0/modes/java/mode/jdi.jar
7f8bcc00d000-7f8bcc013000 r--s 0007d000 08:02 8014033                    /usr/bin/processing-3.0/modes/java/mode/JavaMode.jar
7f8bcc013000-7f8bcc018000 r--s 00068000 08:02 8014043                    /usr/bin/processing-3.0/modes/java/mode/antlr.jar
7f8bcc018000-7f8bcc022000 r--s 00097000 08:02 6695776                    /usr/bin/processing-3.0/lib/pde.jar
7f8bcc022000-7f8bcc036000 r--s 00127000 08:02 6695832                    /usr/bin/processing-3.0/lib/jna.jar
7f8bcc036000-7f8bcc038000 r--s 00002000 08:02 6695836                    /usr/bin/processing-3.0/lib/ant-launcher.jar
7f8bcc038000-7f8bcc056000 r--s 001bb000 08:02 6695851                    /usr/bin/processing-3.0/lib/ant.jar
7f8bcc056000-7f8bcc058000 r--s 00005000 08:02 4591938                    /home/akelly/sketchbook/libraries/minim/library/mp3spi1.9.5.jar
7f8bcc058000-7f8bcc05c000 r--s 00040000 08:02 4591936                    /home/akelly/sketchbook/libraries/minim/library/jl1.0.1.jar
7f8bcc05c000-7f8bcc07f000 r--s 00308000 08:02 6569034                    /usr/bin/processing-3.0/core/library/jogl-all.jar
7f8bcc07f000-7f8bcc082000 ---p 00000000 00:00 0 
7f8bcc082000-7f8bcc180000 rw-p 00000000 00:00 0                          [stack:10254]
7f8bcc180000-7f8bcc185000 r-xp 00000000 08:02 6561549                    /usr/lib/x86_64-linux-gnu/libXtst.so.6.1.0
7f8bcc185000-7f8bcc384000 ---p 00005000 08:02 6561549                    /usr/lib/x86_64-linux-gnu/libXtst.so.6.1.0
7f8bcc384000-7f8bcc385000 r--p 00004000 08:02 6561549                    /usr/lib/x86_64-linux-gnu/libXtst.so.6.1.0
7f8bcc385000-7f8bcc386000 rw-p 00005000 08:02 6561549                    /usr/lib/x86_64-linux-gnu/libXtst.so.6.1.0
7f8bcc386000-7f8bcc38f000 r-xp 00000000 08:02 6561543                    /usr/lib/x86_64-linux-gnu/libXrender.so.1.3.0
7f8bcc38f000-7f8bcc58e000 ---p 00009000 08:02 6561543                    /usr/lib/x86_64-linux-gnu/libXrender.so.1.3.0
7f8bcc58e000-7f8bcc58f000 r--p 00008000 08:02 6561543                    /usr/lib/x86_64-linux-gnu/libXrender.so.1.3.0
7f8bcc58f000-7f8bcc590000 rw-p 00009000 08:02 6561543                    /usr/lib/x86_64-linux-gnu/libXrender.so.1.3.0
7f8bcc590000-7f8bcc6c0000 r-xp 00000000 08:02 6561504                    /usr/lib/x86_64-linux-gnu/libX11.so.6.3.0
7f8bcc6c0000-7f8bcc8c0000 ---p 00130000 08:02 6561504                    /usr/lib/x86_64-linux-gnu/libX11.so.6.3.0
7f8bcc8c0000-7f8bcc8c1000 r--p 00130000 08:02 6561504                    /usr/lib/x86_64-linux-gnu/libX11.so.6.3.0
7f8bcc8c1000-7f8bcc8c5000 rw-p 00131000 08:02 6561504                    /usr/lib/x86_64-linux-gnu/libX11.so.6.3.0
7f8bcc8c5000-7f8bcc8d6000 r-xp 00000000 08:02 6561521                    /usr/lib/x86_64-linux-gnu/libXext.so.6.4.0
7f8bcc8d6000-7f8bccad5000 ---p 00011000 08:02 6561521                    /usr/lib/x86_64-linux-gnu/libXext.so.6.4.0
7f8bccad5000-7f8bccad6000 r--p 00010000 08:02 6561521                    /usr/lib/x86_64-linux-gnu/libXext.so.6.4.0
7f8bccad6000-7f8bccad7000 rw-p 00011000 08:02 6561521                    /usr/lib/x86_64-linux-gnu/libXext.so.6.4.0
7f8bccad7000-7f8bccad8000 r--s 00003000 08:02 8014046                    /usr/bin/processing-3.0/modes/java/mode/jdtCompilerAdapter.jar
7f8bccad8000-7f8bccadb000 r--s 00017000 08:02 4591933                    /home/akelly/sketchbook/libraries/minim/library/tritonus_share.jar
7f8bccadb000-7f8bccade000 r--s 00016000 08:02 4591932                    /home/akelly/sketchbook/libraries/minim/library/minim.jar
7f8bccade000-7f8bccaf8000 r--s 01689000 08:02 6569030                    /usr/bin/processing-3.0/core/library/jogl-java-src.zip
7f8bccaf8000-7f8bccb4c000 r-xp 00000000 08:02 8012182                    /usr/bin/processing-3.0/java/lib/amd64/libawt_xawt.so
7f8bccb4c000-7f8bccd4c000 ---p 00054000 08:02 8012182                    /usr/bin/processing-3.0/java/lib/amd64/libawt_xawt.so
7f8bccd4c000-7f8bccd50000 rw-p 00054000 08:02 8012182                    /usr/bin/processing-3.0/java/lib/amd64/libawt_xawt.so
7f8bccd50000-7f8bccd51000 rw-p 00000000 00:00 0 
7f8bccd51000-7f8bccdf3000 r-xp 00000000 08:02 8012174                    /usr/bin/processing-3.0/java/lib/amd64/libawt.so
7f8bccdf3000-7f8bccff3000 ---p 000a2000 08:02 8012174                    /usr/bin/processing-3.0/java/lib/amd64/libawt.so
7f8bccff3000-7f8bccfff000 rw-p 000a2000 08:02 8012174                    /usr/bin/processing-3.0/java/lib/amd64/libawt.so
7f8bccfff000-7f8bcd023000 rw-p 00000000 00:00 0 
7f8bcd023000-7f8bcd024000 ---p 00000000 00:00 0 
7f8bcd024000-7f8bcd124000 rw-p 00000000 00:00 0                          [stack:10253]
7f8bcd124000-7f8bcd127000 ---p 00000000 00:00 0 
7f8bcd127000-7f8bcd225000 rw-p 00000000 00:00 0                          [stack:10252]
7f8bcd225000-7f8bcd228000 ---p 00000000 00:00 0 
7f8bcd228000-7f8bcd326000 rw-p 00000000 00:00 0                          [stack:10251]
7f8bcd326000-7f8bcd329000 ---p 00000000 00:00 0 
7f8bcd329000-7f8bcd427000 rw-p 00000000 00:00 0                          [stack:10250]
7f8bcd427000-7f8bcd42a000 ---p 00000000 00:00 0 
7f8bcd42a000-7f8bcd528000 rw-p 00000000 00:00 0                          [stack:10249]
7f8bcd528000-7f8bcd52b000 ---p 00000000 00:00 0 
7f8bcd52b000-7f8bcd629000 rw-p 00000000 00:00 0                          [stack:10243]
7f8bcd629000-7f8bcd62c000 ---p 00000000 00:00 0 
7f8bcd62c000-7f8bcd72a000 rw-p 00000000 00:00 0                          [stack:10239]
7f8bcd72a000-7f8bcd72d000 ---p 00000000 00:00 0 
7f8bcd72d000-7f8bcd82b000 rw-p 00000000 00:00 0                          [stack:10237]
7f8bcd82b000-7f8bcd82f000 r-xp 00000000 08:02 8012175                    /usr/bin/processing-3.0/java/lib/amd64/libdt_socket.so
7f8bcd82f000-7f8bcda2e000 ---p 00004000 08:02 8012175                    /usr/bin/processing-3.0/java/lib/amd64/libdt_socket.so
7f8bcda2e000-7f8bcda2f000 rw-p 00003000 08:02 8012175                    /usr/bin/processing-3.0/java/lib/amd64/libdt_socket.so
7f8bcda2f000-7f8bcda32000 ---p 00000000 00:00 0 
7f8bcda32000-7f8bcdb30000 rw-p 00000000 00:00 0                          [stack:10236]
7f8bcdb30000-7f8bcdb33000 ---p 00000000 00:00 0 
7f8bcdb33000-7f8bcdc31000 rw-p 00000000 00:00 0                          [stack:10235]
7f8bcdc31000-7f8bcdc34000 ---p 00000000 00:00 0 
7f8bcdc34000-7f8bcdd32000 rw-p 00000000 00:00 0                          [stack:10234]
7f8bcdd32000-7f8bcdd33000 ---p 00000000 00:00 0 
7f8bcdd33000-7f8bcee36000 rw-p 00000000 00:00 0                          [stack:10233]
7f8bcee36000-7f8bcf00e000 r--s 03d0c000 08:02 6695974                    /usr/bin/processing-3.0/java/lib/rt.jar
7f8bcf00e000-7f8bd7c45000 rw-p 00000000 00:00 0 
7f8bd7c45000-7f8bd7c46000 ---p 00000000 00:00 0 
7f8bd7c46000-7f8bd7d46000 rw-p 00000000 00:00 0                          [stack:10232]
7f8bd7d46000-7f8bd7d47000 ---p 00000000 00:00 0 
7f8bd7d47000-7f8bd7e47000 rw-p 00000000 00:00 0                          [stack:10231]
7f8bd7e47000-7f8bd7e48000 ---p 00000000 00:00 0 
7f8bd7e48000-7f8bd7f9c000 rw-p 00000000 00:00 0                          [stack:10230]
7f8bd7f9c000-7f8bd8478000 ---p 00000000 00:00 0 
7f8bd8478000-7f8bd84cc000 rw-p 00000000 00:00 0 
7f8bd84cc000-7f8bd89a7000 ---p 00000000 00:00 0 
7f8bd89a7000-7f8bd89df000 rw-p 00000000 00:00 0 
7f8bd89df000-7f8bd8c3f000 ---p 00000000 00:00 0 
7f8bd8c3f000-7f8bd8c5f000 rw-p 00000000 00:00 0 
7f8bd8c5f000-7f8bd9000000 ---p 00000000 00:00 0 
7f8bd9000000-7f8bd97c0000 rwxp 00000000 00:00 0 
7f8bd97c0000-7f8be8000000 ---p 00000000 00:00 0 
7f8be8000000-7f8be88b9000 rw-p 00000000 00:00 0 
7f8be88b9000-7f8bec000000 ---p 00000000 00:00 0 
7f8bec000000-7f8bec001000 r--s 00003000 08:02 8014035                    /usr/bin/processing-3.0/modes/java/mode/classpath-explorer-1.0.jar
7f8bec001000-7f8bec002000 r--s 0000b000 08:02 4591937                    /home/akelly/sketchbook/libraries/minim/library/jsminim.jar
7f8bec002000-7f8bec00a000 r--s 003d3000 08:02 6569026                    /usr/bin/processing-3.0/core/library/gluegen-java-src.zip
7f8bec00a000-7f8bec080000 rw-p 00000000 00:00 0 
7f8bec080000-7f8bec081000 ---p 00000000 00:00 0 
7f8bec081000-7f8bec181000 rw-p 00000000 00:00 0                          [stack:10229]
7f8bec181000-7f8bec19b000 r-xp 00000000 08:02 8012189                    /usr/bin/processing-3.0/java/lib/amd64/libzip.so
7f8bec19b000-7f8bec39b000 ---p 0001a000 08:02 8012189                    /usr/bin/processing-3.0/java/lib/amd64/libzip.so
7f8bec39b000-7f8bec39c000 rw-p 0001a000 08:02 8012189                    /usr/bin/processing-3.0/java/lib/amd64/libzip.so
7f8bec39c000-7f8bec3a7000 r-xp 00000000 08:02 13635765                   /lib/x86_64-linux-gnu/libnss_files-2.19.so
7f8bec3a7000-7f8bec5a6000 ---p 0000b000 08:02 13635765                   /lib/x86_64-linux-gnu/libnss_files-2.19.so
7f8bec5a6000-7f8bec5a7000 r--p 0000a000 08:02 13635765                   /lib/x86_64-linux-gnu/libnss_files-2.19.so
7f8bec5a7000-7f8bec5a8000 rw-p 0000b000 08:02 13635765                   /lib/x86_64-linux-gnu/libnss_files-2.19.so
7f8bec5a8000-7f8bec5b3000 r-xp 00000000 08:02 13635775                   /lib/x86_64-linux-gnu/libnss_nis-2.19.so
7f8bec5b3000-7f8bec7b2000 ---p 0000b000 08:02 13635775                   /lib/x86_64-linux-gnu/libnss_nis-2.19.so
7f8bec7b2000-7f8bec7b3000 r--p 0000a000 08:02 13635775                   /lib/x86_64-linux-gnu/libnss_nis-2.19.so
7f8bec7b3000-7f8bec7b4000 rw-p 0000b000 08:02 13635775                   /lib/x86_64-linux-gnu/libnss_nis-2.19.so
7f8bec7b4000-7f8bec7cb000 r-xp 00000000 08:02 13635759                   /lib/x86_64-linux-gnu/libnsl-2.19.so
7f8bec7cb000-7f8bec9ca000 ---p 00017000 08:02 13635759                   /lib/x86_64-linux-gnu/libnsl-2.19.so
7f8bec9ca000-7f8bec9cb000 r--p 00016000 08:02 13635759                   /lib/x86_64-linux-gnu/libnsl-2.19.so
7f8bec9cb000-7f8bec9cc000 rw-p 00017000 08:02 13635759                   /lib/x86_64-linux-gnu/libnsl-2.19.so
7f8bec9cc000-7f8bec9ce000 rw-p 00000000 00:00 0 
7f8bec9ce000-7f8bec9d7000 r-xp 00000000 08:02 13635761                   /lib/x86_64-linux-gnu/libnss_compat-2.19.so
7f8bec9d7000-7f8becbd6000 ---p 00009000 08:02 13635761                   /lib/x86_64-linux-gnu/libnss_compat-2.19.so
7f8becbd6000-7f8becbd7000 r--p 00008000 08:02 13635761                   /lib/x86_64-linux-gnu/libnss_compat-2.19.so
7f8becbd7000-7f8becbd8000 rw-p 00009000 08:02 13635761                   /lib/x86_64-linux-gnu/libnss_compat-2.19.so
7f8becbd8000-7f8bed2ba000 r--p 00000000 08:02 6560506                    /usr/lib/locale/locale-archive
7f8bed2ba000-7f8bed2bc000 r-xp 00000000 08:02 8012169                    /usr/bin/processing-3.0/java/lib/amd64/libnpt.so
7f8bed2bc000-7f8bed4bc000 ---p 00002000 08:02 8012169                    /usr/bin/processing-3.0/java/lib/amd64/libnpt.so
7f8bed4bc000-7f8bed4bd000 rw-p 00002000 08:02 8012169                    /usr/bin/processing-3.0/java/lib/amd64/libnpt.so
7f8bed4bd000-7f8bed4f6000 r-xp 00000000 08:02 8012184                    /usr/bin/processing-3.0/java/lib/amd64/libjdwp.so
7f8bed4f6000-7f8bed6f5000 ---p 00039000 08:02 8012184                    /usr/bin/processing-3.0/java/lib/amd64/libjdwp.so
7f8bed6f5000-7f8bed6f7000 rw-p 00038000 08:02 8012184                    /usr/bin/processing-3.0/java/lib/amd64/libjdwp.so
7f8bed6f7000-7f8bed721000 r-xp 00000000 08:02 8012204                    /usr/bin/processing-3.0/java/lib/amd64/libjava.so
7f8bed721000-7f8bed921000 ---p 0002a000 08:02 8012204                    /usr/bin/processing-3.0/java/lib/amd64/libjava.so
7f8bed921000-7f8bed923000 rw-p 0002a000 08:02 8012204                    /usr/bin/processing-3.0/java/lib/amd64/libjava.so
7f8bed923000-7f8bed930000 r-xp 00000000 08:02 8012148                    /usr/bin/processing-3.0/java/lib/amd64/libverify.so
7f8bed930000-7f8bedb30000 ---p 0000d000 08:02 8012148                    /usr/bin/processing-3.0/java/lib/amd64/libverify.so
7f8bedb30000-7f8bedb32000 rw-p 0000d000 08:02 8012148                    /usr/bin/processing-3.0/java/lib/amd64/libverify.so
7f8bedb32000-7f8bedb39000 r-xp 00000000 08:02 13635818                   /lib/x86_64-linux-gnu/librt-2.19.so
7f8bedb39000-7f8bedd38000 ---p 00007000 08:02 13635818                   /lib/x86_64-linux-gnu/librt-2.19.so
7f8bedd38000-7f8bedd39000 r--p 00006000 08:02 13635818                   /lib/x86_64-linux-gnu/librt-2.19.so
7f8bedd39000-7f8bedd3a000 rw-p 00007000 08:02 13635818                   /lib/x86_64-linux-gnu/librt-2.19.so
7f8bedd3a000-7f8bede3f000 r-xp 00000000 08:02 13635740                   /lib/x86_64-linux-gnu/libm-2.19.so
7f8bede3f000-7f8bee03e000 ---p 00105000 08:02 13635740                   /lib/x86_64-linux-gnu/libm-2.19.so
7f8bee03e000-7f8bee03f000 r--p 00104000 08:02 13635740                   /lib/x86_64-linux-gnu/libm-2.19.so
7f8bee03f000-7f8bee040000 rw-p 00105000 08:02 13635740                   /lib/x86_64-linux-gnu/libm-2.19.so
7f8bee040000-7f8beecee000 r-xp 00000000 08:02 8012167                    /usr/bin/processing-3.0/java/lib/amd64/server/libjvm.so
7f8beecee000-7f8beeeee000 ---p 00cae000 08:02 8012167                    /usr/bin/processing-3.0/java/lib/amd64/server/libjvm.so
7f8beeeee000-7f8beefc5000 rw-p 00cae000 08:02 8012167                    /usr/bin/processing-3.0/java/lib/amd64/server/libjvm.so
7f8beefc5000-7f8bef009000 rw-p 00000000 00:00 0 
7f8bef009000-7f8bef1c4000 r-xp 00000000 08:02 13635690                   /lib/x86_64-linux-gnu/libc-2.19.so
7f8bef1c4000-7f8bef3c3000 ---p 001bb000 08:02 13635690                   /lib/x86_64-linux-gnu/libc-2.19.so
7f8bef3c3000-7f8bef3c7000 r--p 001ba000 08:02 13635690                   /lib/x86_64-linux-gnu/libc-2.19.so
7f8bef3c7000-7f8bef3c9000 rw-p 001be000 08:02 13635690                   /lib/x86_64-linux-gnu/libc-2.19.so
7f8bef3c9000-7f8bef3ce000 rw-p 00000000 00:00 0 
7f8bef3ce000-7f8bef3d1000 r-xp 00000000 08:02 13635707                   /lib/x86_64-linux-gnu/libdl-2.19.so
7f8bef3d1000-7f8bef5d0000 ---p 00003000 08:02 13635707                   /lib/x86_64-linux-gnu/libdl-2.19.so
7f8bef5d0000-7f8bef5d1000 r--p 00002000 08:02 13635707                   /lib/x86_64-linux-gnu/libdl-2.19.so
7f8bef5d1000-7f8bef5d2000 rw-p 00003000 08:02 13635707                   /lib/x86_64-linux-gnu/libdl-2.19.so
7f8bef5d2000-7f8bef5e7000 r-xp 00000000 08:02 8012145                    /usr/bin/processing-3.0/java/lib/amd64/jli/libjli.so
7f8bef5e7000-7f8bef7e7000 ---p 00015000 08:02 8012145                    /usr/bin/processing-3.0/java/lib/amd64/jli/libjli.so
7f8bef7e7000-7f8bef7e8000 rw-p 00015000 08:02 8012145                    /usr/bin/processing-3.0/java/lib/amd64/jli/libjli.so
7f8bef7e8000-7f8bef801000 r-xp 00000000 08:02 13635810                   /lib/x86_64-linux-gnu/libpthread-2.19.so
7f8bef801000-7f8befa00000 ---p 00019000 08:02 13635810                   /lib/x86_64-linux-gnu/libpthread-2.19.so
7f8befa00000-7f8befa01000 r--p 00018000 08:02 13635810                   /lib/x86_64-linux-gnu/libpthread-2.19.so
7f8befa01000-7f8befa02000 rw-p 00019000 08:02 13635810                   /lib/x86_64-linux-gnu/libpthread-2.19.so
7f8befa02000-7f8befa06000 rw-p 00000000 00:00 0 
7f8befa06000-7f8befa29000 r-xp 00000000 08:02 13635666                   /lib/x86_64-linux-gnu/ld-2.19.so
7f8befa29000-7f8befa2a000 r--s 00002000 08:02 4591935                    /home/akelly/sketchbook/libraries/minim/library/tritonus_aos.jar
7f8befa2a000-7f8befa2b000 r--s 00001000 08:02 6569033                    /usr/bin/processing-3.0/core/library/gluegen-rt-natives-macosx-universal.jar
7f8befa2b000-7f8befa2d000 r--s 00038000 08:02 6569032                    /usr/bin/processing-3.0/core/library/jogl-all-natives-windows-amd64.jar
7f8befa2d000-7f8befa2e000 r--s 00034000 08:02 6569031                    /usr/bin/processing-3.0/core/library/jogl-all-natives-linux-amd64.jar
7f8befa2e000-7f8befa2f000 r--s 00001000 08:02 6569036                    /usr/bin/processing-3.0/core/library/gluegen-rt-natives-windows-i586.jar
7f8befa2f000-7f8befb00000 rw-p 00000000 00:00 0 
7f8befb00000-7f8befb03000 ---p 00000000 00:00 0 
7f8befb03000-7f8befc05000 rw-p 00000000 00:00 0                          [stack:10228]
7f8befc05000-7f8befc0b000 r--s 0004a000 08:02 6569021                    /usr/bin/processing-3.0/core/library/gluegen-rt.jar
7f8befc0b000-7f8befc0c000 r--s 00000000 08:02 6569035                    /usr/bin/processing-3.0/core/library/gluegen-rt-natives-linux-armv6hf.jar
7f8befc0c000-7f8befc0d000 r--s 00031000 08:02 6569019                    /usr/bin/processing-3.0/core/library/jogl-all-natives-windows-i586.jar
7f8befc0d000-7f8befc0e000 r--s 00001000 08:02 6569022                    /usr/bin/processing-3.0/core/library/gluegen-rt-natives-windows-amd64.jar
7f8befc0e000-7f8befc10000 r--s 0006c000 08:02 6569020                    /usr/bin/processing-3.0/core/library/jogl-all-natives-macosx-universal.jar
7f8befc10000-7f8befc15000 r--s 000f0000 08:02 6569027                    /usr/bin/processing-3.0/core/library/core.jar
7f8befc15000-7f8befc17000 r--s 00000000 08:02 6569025                    /usr/bin/processing-3.0/core/library/gluegen-rt-natives-linux-amd64.jar
7f8befc17000-7f8befc18000 r--s 00026000 08:02 6569028                    /usr/bin/processing-3.0/core/library/jogl-all-natives-linux-armv6hf.jar
7f8befc18000-7f8befc19000 r--s 00032000 08:02 6569024                    /usr/bin/processing-3.0/core/library/jogl-all-natives-linux-i586.jar
7f8befc19000-7f8befc1b000 r--s 00000000 08:02 6569023                    /usr/bin/processing-3.0/core/library/gluegen-rt-natives-linux-i586.jar
7f8befc1b000-7f8befc1c000 rw-p 00000000 00:00 0 
7f8befc1c000-7f8befc24000 rw-s 00000000 08:02 4325390                    /tmp/hsperfdata_akelly/10226
7f8befc24000-7f8befc25000 rw-p 00000000 00:00 0 
7f8befc25000-7f8befc26000 r--p 00000000 00:00 0 
7f8befc26000-7f8befc28000 rw-p 00000000 00:00 0 
7f8befc28000-7f8befc29000 r--p 00022000 08:02 13635666                   /lib/x86_64-linux-gnu/ld-2.19.so
7f8befc29000-7f8befc2a000 rw-p 00023000 08:02 13635666                   /lib/x86_64-linux-gnu/ld-2.19.so
7f8befc2a000-7f8befc2b000 rw-p 00000000 00:00 0 
7ffc2589c000-7ffc258bf000 rw-p 00000000 00:00 0                          [stack]
7ffc25970000-7ffc25972000 r--p 00000000 00:00 0                          [vvar]
7ffc25972000-7ffc25974000 r-xp 00000000 00:00 0                          [vdso]
ffffffffff600000-ffffffffff601000 r-xp 00000000 00:00 0                  [vsyscall]

VM Arguments:
jvm_args: -agentlib:jdwp=transport=dt_socket,address=8018,server=y,suspend=y -Djava.library.path=:/usr/bin/processing-3.0/core/library:/home/akelly/sketchbook/libraries/minim/library:/usr/java/packages/lib/amd64:/usr/lib64:/lib64:/lib:/usr/lib -ea 
java_command: processing.core.PApplet --display=1 --sketch-path=/home/akelly/sketchbook/_audioVisualizer/_audioVisualizer/build build
java_class_path (initial): /home/akelly/sketchbook/_audioVisualizer/_audioVisualizer/build/build-tmp:/usr/bin/processing-3.0/core/library/gluegen-rt-natives-linux-i586.jar:/usr/bin/processing-3.0/core/library/jogl-all-natives-linux-i586.jar:/usr/bin/processing-3.0/core/library/jogl-all-natives-linux-armv6hf.jar:/usr/bin/processing-3.0/core/library/gluegen-rt-natives-linux-amd64.jar:/usr/bin/processing-3.0/core/library/core.jar:/usr/bin/processing-3.0/core/library/jogl-all-natives-macosx-universal.jar:/usr/bin/processing-3.0/core/library/gluegen-rt-natives-windows-amd64.jar:/usr/bin/processing-3.0/core/library/jogl-all-natives-windows-i586.jar:/usr/bin/processing-3.0/core/library/gluegen-rt-natives-linux-armv6hf.jar:/usr/bin/processing-3.0/core/library/gluegen-rt.jar:/usr/bin/processing-3.0/core/library/gluegen-rt-natives-windows-i586.jar:/usr/bin/processing-3.0/core/library/jogl-all.jar:/usr/bin/processing-3.0/core/library/jogl-all-natives-linux-amd64.jar:/usr/bin/processing-3.0/core/library/jogl-all-natives-windows-amd64.jar:/usr/bin/processing-3.0/core/library/gluegen-java-src.zip:/usr/bin/processing-3.0/core/library/jogl-java-src.zip:/usr/bin/processing-3.0/core/library/gluegen-rt-natives-macosx-universal.jar:/usr/bin/processing-3.0/core/library/gluegen-rt-natives-linux-i586.jar:/usr/bin/processing-3.0/core/library/jogl-all-natives-linux-i586.jar:/usr/bin/processing-3.0/core/library/jogl-all-natives-linux-armv6hf.jar:/usr/bin/processing-3.0/core/library/gluegen-rt-natives-linux-amd64.jar:/usr/bin/processing-3.0/core/library/core.jar:/usr/bin/processing-3.0/core/library/jogl-all-natives-macosx-universal.jar:/usr/bin/processing-3.0/core/library/gluegen-rt-natives-windows-amd64.jar:/usr/bin/processing-3.0/core/library/jogl-all-natives-windows-i586.jar:/usr/bin/processing-3.0/core/library/gluegen-rt-natives-linux-armv6hf.jar:/usr/bin/processing-3.0/core/library/gluegen-rt.jar:/usr/bin/processing-3.0/core/library/gluegen-rt-natives-windows-i586.jar:/usr/bin/processi
Launcher Type: SUN_STANDARD

Environment Variables:
PATH=/usr/bin/processing-3.0/java/bin:/usr/local/sbin:/usr/local/bin:/usr/sbin:/usr/bin:/sbin:/bin:/usr/games:/usr/local/games
SHELL=/bin/bash
DISPLAY=:0

Signal Handlers:
SIGSEGV: [libjvm.so+0xaad540], sa_mask[0]=11111111011111111101111111111110, sa_flags=SA_RESTART|SA_SIGINFO
SIGBUS: [libjvm.so+0xaad540], sa_mask[0]=11111111011111111101111111111110, sa_flags=SA_RESTART|SA_SIGINFO
SIGFPE: [libjvm.so+0x90b6b0], sa_mask[0]=11111111011111111101111111111110, sa_flags=SA_RESTART|SA_SIGINFO
SIGPIPE: [libjvm.so+0x90b6b0], sa_mask[0]=11111111011111111101111111111110, sa_flags=SA_RESTART|SA_SIGINFO
SIGXFSZ: [libjvm.so+0x90b6b0], sa_mask[0]=11111111011111111101111111111110, sa_flags=SA_RESTART|SA_SIGINFO
SIGILL: [libjvm.so+0x90b6b0], sa_mask[0]=11111111011111111101111111111110, sa_flags=SA_RESTART|SA_SIGINFO
SIGUSR1: SIG_DFL, sa_mask[0]=00000000000000000000000000000000, sa_flags=none
SIGUSR2: [libjvm.so+0x90ccf0], sa_mask[0]=00100000000000000000000000000000, sa_flags=SA_RESTART|SA_SIGINFO
SIGHUP: [libjvm.so+0x90e040], sa_mask[0]=11111111011111111101111111111110, sa_flags=SA_RESTART|SA_SIGINFO
SIGINT: [libjvm.so+0x90e040], sa_mask[0]=11111111011111111101111111111110, sa_flags=SA_RESTART|SA_SIGINFO
SIGTERM: [libjvm.so+0x90e040], sa_mask[0]=11111111011111111101111111111110, sa_flags=SA_RESTART|SA_SIGINFO
SIGQUIT: [libjvm.so+0x90e040], sa_mask[0]=11111111011111111101111111111110, sa_flags=SA_RESTART|SA_SIGINFO


---------------  S Y S T E M  ---------------

OS:DISTRIB_ID=Ubuntu
DISTRIB_RELEASE=14.04
DISTRIB_CODENAME=trusty
DISTRIB_DESCRIPTION="Ubuntu 14.04.3 LTS"

uname:Linux 3.19.0-28-generic #30~14.04.1-Ubuntu SMP Tue Sep 1 09:32:55 UTC 2015 x86_64
libc:glibc 2.19 NPTL 2.19 
rlimit: STACK 8192k, CORE 0k, NPROC 63284, NOFILE 4096, AS infinity
load average:2.65 3.13 2.82

/proc/meminfo:
MemTotal:       16309452 kB
MemFree:        11184924 kB
MemAvailable:   12463240 kB
Buffers:          120416 kB
Cached:          1720144 kB
SwapCached:           48 kB
Active:          4058048 kB
Inactive:         798716 kB
Active(anon):    3099424 kB
Inactive(anon):   354592 kB
Active(file):     958624 kB
Inactive(file):   444124 kB
Unevictable:          92 kB
Mlocked:              92 kB
SwapTotal:      16653308 kB
SwapFree:       16584364 kB
Dirty:              4564 kB
Writeback:             0 kB
AnonPages:       3016444 kB
Mapped:           523136 kB
Shmem:            437720 kB
Slab:             130536 kB
SReclaimable:      89024 kB
SUnreclaim:        41512 kB
KernelStack:       10320 kB
PageTables:        50740 kB
NFS_Unstable:          0 kB
Bounce:                0 kB
WritebackTmp:          0 kB
CommitLimit:    24808032 kB
Committed_AS:    8703364 kB
VmallocTotal:   34359738367 kB
VmallocUsed:      384844 kB
VmallocChunk:   34359343192 kB
HardwareCorrupted:     0 kB
AnonHugePages:   1032192 kB
CmaTotal:              0 kB
CmaFree:               0 kB
HugePages_Total:       0
HugePages_Free:        0
HugePages_Rsvd:        0
HugePages_Surp:        0
Hugepagesize:       2048 kB
DirectMap4k:      210348 kB
DirectMap2M:    13297664 kB
DirectMap1G:     3145728 kB


CPU:total 4 (2 cores per cpu, 2 threads per core) family 6 model 61 stepping 4, cmov, cx8, fxsr, mmx, sse, sse2, sse3, ssse3, sse4.1, sse4.2, popcnt, avx, avx2, aes, clmul, erms, rtm, 3dnowpref, lzcnt, ht, tsc, tscinvbit, bmi1, bmi2, adx

/proc/cpuinfo:
processor	: 0
vendor_id	: GenuineIntel
cpu family	: 6
model		: 61
model name	: Intel(R) Core(TM) i7-5600U CPU @ 2.60GHz
stepping	: 4
microcode	: 0x19
cpu MHz		: 1799.281
cache size	: 4096 KB
physical id	: 0
siblings	: 4
core id		: 0
cpu cores	: 2
apicid		: 0
initial apicid	: 0
fpu		: yes
fpu_exception	: yes
cpuid level	: 20
wp		: yes
flags		: fpu vme de pse tsc msr pae mce cx8 apic sep mtrr pge mca cmov pat pse36 clflush dts acpi mmx fxsr sse sse2 ss ht tm pbe syscall nx pdpe1gb rdtscp lm constant_tsc arch_perfmon pebs bts rep_good nopl xtopology nonstop_tsc aperfmperf eagerfpu pni pclmulqdq dtes64 monitor ds_cpl vmx smx est tm2 ssse3 fma cx16 xtpr pdcm pcid sse4_1 sse4_2 x2apic movbe popcnt tsc_deadline_timer aes xsave avx f16c rdrand lahf_lm abm 3dnowprefetch ida arat epb pln pts dtherm tpr_shadow vnmi flexpriority ept vpid fsgsbase tsc_adjust bmi1 hle avx2 smep bmi2 erms invpcid rtm rdseed adx smap xsaveopt
bugs		:
bogomips	: 5188.48
clflush size	: 64
cache_alignment	: 64
address sizes	: 39 bits physical, 48 bits virtual
power management:

processor	: 1
vendor_id	: GenuineIntel
cpu family	: 6
model		: 61
model name	: Intel(R) Core(TM) i7-5600U CPU @ 2.60GHz
stepping	: 4
microcode	: 0x19
cpu MHz		: 1983.617
cache size	: 4096 KB
physical id	: 0
siblings	: 4
core id		: 0
cpu cores	: 2
apicid		: 1
initial apicid	: 1
fpu		: yes
fpu_exception	: yes
cpuid level	: 20
wp		: yes
flags		: fpu vme de pse tsc msr pae mce cx8 apic sep mtrr pge mca cmov pat pse36 clflush dts acpi mmx fxsr sse sse2 ss ht tm pbe syscall nx pdpe1gb rdtscp lm constant_tsc arch_perfmon pebs bts rep_good nopl xtopology nonstop_tsc aperfmperf eagerfpu pni pclmulqdq dtes64 monitor ds_cpl vmx smx est tm2 ssse3 fma cx16 xtpr pdcm pcid sse4_1 sse4_2 x2apic movbe popcnt tsc_deadline_timer aes xsave avx f16c rdrand lahf_lm abm 3dnowprefetch ida arat epb pln pts dtherm tpr_shadow vnmi flexpriority ept vpid fsgsbase tsc_adjust bmi1 hle avx2 smep bmi2 erms invpcid rtm rdseed adx smap xsaveopt
bugs		:
bogomips	: 5188.48
clflush size	: 64
cache_alignment	: 64
address sizes	: 39 bits physical, 48 bits virtual
power management:

processor	: 2
vendor_id	: GenuineIntel
cpu family	: 6
model		: 61
model name	: Intel(R) Core(TM) i7-5600U CPU @ 2.60GHz
stepping	: 4
microcode	: 0x19
cpu MHz		: 1939.843
cache size	: 4096 KB
physical id	: 0
siblings	: 4
core id		: 1
cpu cores	: 2
apicid		: 2
initial apicid	: 2
fpu		: yes
fpu_exception	: yes
cpuid level	: 20
wp		: yes
flags		: fpu vme de pse tsc msr pae mce cx8 apic sep mtrr pge mca cmov pat pse36 clflush dts acpi mmx fxsr sse sse2 ss ht tm pbe syscall nx pdpe1gb rdtscp lm constant_tsc arch_perfmon pebs bts rep_good nopl xtopology nonstop_tsc aperfmperf eagerfpu pni pclmulqdq dtes64 monitor ds_cpl vmx smx est tm2 ssse3 fma cx16 xtpr pdcm pcid sse4_1 sse4_2 x2apic movbe popcnt tsc_deadline_timer aes xsave avx f16c rdrand lahf_lm abm 3dnowprefetch ida arat epb pln pts dtherm tpr_shadow vnmi flexpriority ept vpid fsgsbase tsc_adjust bmi1 hle avx2 smep bmi2 erms invpcid rtm rdseed adx smap xsaveopt
bugs		:
bogomips	: 5188.48
clflush size	: 64
cache_alignment	: 64
address sizes	: 39 bits physical, 48 bits virtual
power management:

processor	: 3
vendor_id	: GenuineIntel
cpu family	: 6
model		: 61
model name	: Intel(R) Core(TM) i7-5600U CPU @ 2.60GHz
stepping	: 4
microcode	: 0x19
cpu MHz		: 2079.085
cache size	: 4096 KB
physical id	: 0
siblings	: 4
core id		: 1
cpu cores	: 2
apicid		: 3
initial apicid	: 3
fpu		: yes
fpu_exception	: yes
cpuid level	: 20
wp		: yes
flags		: fpu vme de pse tsc msr pae mce cx8 apic sep mtrr pge mca cmov pat pse36 clflush dts acpi mmx fxsr sse sse2 ss ht tm pbe syscall nx pdpe1gb rdtscp lm constant_tsc arch_perfmon pebs bts rep_good nopl xtopology nonstop_tsc aperfmperf eagerfpu pni pclmulqdq dtes64 monitor ds_cpl vmx smx est tm2 ssse3 fma cx16 xtpr pdcm pcid sse4_1 sse4_2 x2apic movbe popcnt tsc_deadline_timer aes xsave avx f16c rdrand lahf_lm abm 3dnowprefetch ida arat epb pln pts dtherm tpr_shadow vnmi flexpriority ept vpid fsgsbase tsc_adjust bmi1 hle avx2 smep bmi2 erms invpcid rtm rdseed adx smap xsaveopt
bugs		:
bogomips	: 5188.48
clflush size	: 64
cache_alignment	: 64
address sizes	: 39 bits physical, 48 bits virtual
power management:



Memory: 4k page, physical 16309452k(11184924k free), swap 16653308k(16584364k free)

vm_info: Java HotSpot(TM) 64-Bit Server VM (25.51-b03) for linux-amd64 JRE (1.8.0_51-b16), built on Jun  8 2015 19:28:07 by "java_re" with gcc 4.3.0 20080428 (Red Hat 4.3.0-8)

time: Sat Oct 10 16:20:19 2015
elapsed time: 270 seconds (0d 0h 4m 30s)

