#
# A fatal error has been detected by the Java Runtime Environment:
#
#  SIGSEGV (0xb) at pc=0x00007f04ac3f5998, pid=5996, tid=139658104469248
#
# JRE version: Java(TM) SE Runtime Environment (8.0_51-b16) (build 1.8.0_51-b16)
# Java VM: Java HotSpot(TM) 64-Bit Server VM (25.51-b03 mixed mode linux-amd64 compressed oops)
# Problematic frame:
# C  [i965_dri.so+0x3c9998]
#
# Failed to write core dump. Core dumps have been disabled. To enable core dumping, try "ulimit -c unlimited" before starting Java again
#
# If you would like to submit a bug report, please visit:
#   http://bugreport.java.com/bugreport/crash.jsp
# The crash happened outside the Java Virtual Machine in native code.
# See problematic frame for where to report the bug.
#

---------------  T H R E A D  ---------------

Current thread (0x00007f0524703000):  JavaThread "main-Display-.x11_:0-1-EDT-1" daemon [_thread_in_native, id=6039, stack(0x00007f04afa4f000,0x00007f04afb50000)]

siginfo: si_signo: 11 (SIGSEGV), si_code: 1 (SEGV_MAPERR), si_addr: 0x0000000100000000

Registers:
RAX=0x00007f04ac3f5990, RBX=0x00007f049004f730, RCX=0x0000000000000000, RDX=0x0000000000000001
RSP=0x00007f04afb4d4e0, RBP=0x00007f04a80222d0, RSI=0x00007f049004f810, RDI=0x0000000100000000
R8 =0x0000000000000000, R9 =0x00007f04af3fcfc0, R10=0x00007f0513aa6e58, R11=0x00007f05293e7090
R12=0x00007f04a801fe10, R13=0x0000000000000000, R14=0x00007f04a80234c0, R15=0x0000000000000000
RIP=0x00007f04ac3f5998, EFLAGS=0x0000000000010202, CSGSFS=0x0000000000000033, ERR=0x0000000000000004
  TRAPNO=0x000000000000000e

Top of Stack: (sp=0x00007f04afb4d4e0)
0x00007f04afb4d4e0:   00007f04afb4d5d0 0000000000000000
0x00007f04afb4d4f0:   00007f049004f730 00007f04a80222d0
0x00007f04afb4d500:   00007f04a801fe10 00007f04af3fd04e
0x00007f04afb4d510:   00007f04afb4d548 00007f04af64a660
0x00007f04afb4d520:   00007f04a8014d00 00007f0400000000
0x00007f04afb4d530:   0000000000000000 0000000000000000
0x00007f04afb4d540:   000000b600000000 00007f049004f730
0x00007f04afb4d550:   0000000004400002 00007f04af7a99a8
0x00007f04afb4d560:   00007f04afb4d5d0 0000000000000000
0x00007f04afb4d570:   00007f04af7a99a8 00007f04afb4d6a0
0x00007f04afb4d580:   00007f0524703000 00007f04adb0fba7
0x00007f04afb4d590:   00007f04af780598 00007f04af3d6ab0
0x00007f04afb4d5a0:   0000000004400002 00007f04a8014d00
0x00007f04afb4d5b0:   00007f04afb4d668 00007f05247031f8
0x00007f04afb4d5c0:   00000006c7317ed8 00007f04af3d6ab0
0x00007f04afb4d5d0:   00007f04afb4d658 00007f0513aa6e84
0x00007f04afb4d5e0:   0000000000000007 00007f0513ba72ec
0x00007f04afb4d5f0:   00007f04d8e62f35 00007f0524703000
0x00007f04afb4d600:   00000006c7317ed8 00000006c7317ee8
0x00007f04afb4d610:   00000000d8e62fdd 00007f04afb4d618
0x00007f04afb4d620:   0000000000000000 00007f04afb4d6a0
0x00007f04afb4d630:   00007f04af7ab428 0000000000000000
0x00007f04afb4d640:   00007f04af7a99a8 0000000000000000
0x00007f04afb4d650:   00007f04afb4d678 00007f04afb4d6e8
0x00007f04afb4d660:   00007f0513a91ccd 00000006c76cfe78
0x00007f04afb4d670:   00007f0513a9d7d8 00007f04af3d6ab0
0x00007f04afb4d680:   00007f04afb4d828 0000000004400002
0x00007f04afb4d690:   00007f0513a8f5d0 00007f04a8014d00
0x00007f04afb4d6a0:   00000006c785d7e0 00007f04afb4d6a8
0x00007f04afb4d6b0:   00007f04af7a98f9 00007f04afb4d720
0x00007f04afb4d6c0:   00007f04af7ab428 0000000000000000
0x00007f04afb4d6d0:   00007f04af7a9908 00007f04afb4d678 

Instructions: (pc=0x00007f04ac3f5998)
0x00007f04ac3f5978:   0f 1f 84 00 00 00 00 00 48 83 c4 10 5b 5d 41 5c
0x00007f04ac3f5988:   c3 0f 1f 80 00 00 00 00 41 54 55 53 48 83 ec 10
0x00007f04ac3f5998:   48 8b 1f 48 85 db 74 3d f6 83 48 05 00 00 01 49
0x00007f04ac3f59a8:   89 f4 89 cd 75 72 83 e2 01 75 5d 83 e5 fd 74 38 

Register to memory mapping:

RAX=0x00007f04ac3f5990: <offset 0x3c9990> in /usr/lib/x86_64-linux-gnu/dri/i965_dri.so at 0x00007f04ac02c000
RBX=0x00007f049004f730 is an unknown value
RCX=0x0000000000000000 is an unknown value
RDX=0x0000000000000001 is an unknown value
RSP=0x00007f04afb4d4e0 is pointing into the stack for thread: 0x00007f0524703000
RBP=0x00007f04a80222d0 is an unknown value
RSI=0x00007f049004f810 is an unknown value
RDI=0x0000000100000000 is an unknown value
R8 =0x0000000000000000 is an unknown value
R9 =0x00007f04af3fcfc0: <offset 0x42fc0> in /usr/lib/x86_64-linux-gnu/mesa/libGL.so.1 at 0x00007f04af3ba000
R10=0x00007f0513aa6e58 is at code_begin+1528 in an Interpreter codelet
method entry point (kind = native)  [0x00007f0513aa6860, 0x00007f0513aa77a0]  3904 bytes
R11=0x00007f05293e7090: <offset 0x9ad090> in /usr/bin/processing-3.0/java/lib/amd64/server/libjvm.so at 0x00007f0528a3a000
R12=0x00007f04a801fe10 is an unknown value
R13=0x0000000000000000 is an unknown value
R14=0x00007f04a80234c0 is an unknown value
R15=0x0000000000000000 is an unknown value


Stack: [0x00007f04afa4f000,0x00007f04afb50000],  sp=0x00007f04afb4d4e0,  free space=1017k
Native frames: (J=compiled Java code, j=interpreted, Vv=VM code, C=native code)
C  [i965_dri.so+0x3c9998]

Java frames: (J=compiled Java code, j=interpreted, Vv=VM code)
j  jogamp.opengl.x11.glx.GLX.dispatch_glXSwapBuffers0(JJJ)V+0
j  jogamp.opengl.x11.glx.GLX.glXSwapBuffers(JJ)V+41
j  jogamp.opengl.x11.glx.X11GLXDrawable.swapBuffersImpl(Z)V+17
J 1787 C1 jogamp.opengl.GLDrawableImpl.swapBuffers()V (138 bytes) @ 0x00007f0513edbff4 [0x00007f0513edb920+0x6d4]
j  jogamp.opengl.GLAutoDrawableBase.defaultSwapBuffers()V+23
j  com.jogamp.newt.opengl.GLWindow.swapBuffers()V+1
j  processing.opengl.PJOGL.swapBuffers()V+15
j  processing.opengl.PGraphicsOpenGL.dispose()V+15
j  processing.core.PApplet.dispose()V+28
j  processing.opengl.PSurfaceJOGL$NEWTWindowListener.windowDestroyNotify(Lcom/jogamp/newt/event/WindowEvent;)V+7
j  jogamp.newt.WindowImpl.consumeWindowEvent(Lcom/jogamp/newt/event/WindowEvent;)V+254
j  jogamp.newt.WindowImpl.sendWindowEvent(I)V+14
j  jogamp.newt.WindowImpl$1.run()V+143
j  jogamp.newt.DisplayImpl.runOnEDTIfAvail(ZLjava/lang/Runnable;)V+172
j  jogamp.newt.WindowImpl.runOnEDTIfAvail(ZLjava/lang/Runnable;)V+36
j  jogamp.newt.WindowImpl.destroy()V+11
j  com.jogamp.newt.opengl.GLWindow.destroy()V+4
j  jogamp.opengl.GLAutoDrawableBase.destroyAvoidAwareOfLocking()V+31
j  jogamp.opengl.GLAutoDrawableBase.defaultWindowDestroyNotifyOp()V+43
j  com.jogamp.newt.opengl.GLWindow.access$000(Lcom/jogamp/newt/opengl/GLWindow;)V+1
j  com.jogamp.newt.opengl.GLWindow$1.run()V+4
j  jogamp.newt.WindowImpl.windowDestroyNotify(Z)Z+147
v  ~StubRoutines::call_stub
J 1361  jogamp.newt.driver.x11.DisplayDriver.DispatchMessages0(JJJII)V (0 bytes) @ 0x00007f051400c8ff [0x00007f051400c8c0+0x3f]
J 1726 C2 jogamp.newt.driver.x11.DisplayDriver.dispatchMessagesNative()V (66 bytes) @ 0x00007f0513fbb1a4 [0x00007f0513fbb040+0x164]
J 1728 C2 jogamp.newt.DisplayImpl$7.run()V (8 bytes) @ 0x00007f0513e6b124 [0x00007f0513e6b0c0+0x64]
j  jogamp.newt.DefaultEDTUtil$NEDT.run()V+67
v  ~StubRoutines::call_stub

---------------  P R O C E S S  ---------------

Java Threads: ( => current thread )
  0x00007f049012e000 JavaThread "Thread-6" [_thread_blocked, id=6061, stack(0x00007f04e0de0000,0x00007f04e0ee1000)]
  0x00007f049011d800 JavaThread "Java Sound Event Dispatcher" daemon [_thread_blocked, id=6056, stack(0x00007f04e04b3000,0x00007f04e05b4000)]
  0x00007f052400f800 JavaThread "DestroyJavaVM" [_thread_blocked, id=5997, stack(0x00007f052a4fa000,0x00007f052a5fb000)]
  0x00007f0524772800 JavaThread "Thread-2" [_thread_blocked, id=6042, stack(0x00007f049e2d9000,0x00007f049e3da000)]
  0x00007f0524761800 JavaThread "main-SharedResourceRunner" daemon [_thread_blocked, id=6041, stack(0x00007f04ac7af000,0x00007f04ac8b0000)]
  0x00007f0524738000 JavaThread "main-SharedResourceRunner" daemon [_thread_blocked, id=6040, stack(0x00007f04ad976000,0x00007f04ada77000)]
=>0x00007f0524703000 JavaThread "main-Display-.x11_:0-1-EDT-1" daemon [_thread_in_native, id=6039, stack(0x00007f04afa4f000,0x00007f04afb50000)]
  0x00007f05242f4000 JavaThread "AWT-XAWT" daemon [_thread_in_native, id=6028, stack(0x00007f04e189d000,0x00007f04e199e000)]
  0x00007f05242d4000 JavaThread "Java2D Disposer" daemon [_thread_blocked, id=6027, stack(0x00007f04e1dae000,0x00007f04e1eaf000)]
  0x00007f05240d8800 JavaThread "Service Thread" daemon [_thread_blocked, id=6025, stack(0x00007f04e3afb000,0x00007f04e3bfc000)]
  0x00007f05240d3000 JavaThread "C1 CompilerThread2" daemon [_thread_blocked, id=6024, stack(0x00007f04e3bfc000,0x00007f04e3cfd000)]
  0x00007f05240d1800 JavaThread "C2 CompilerThread1" daemon [_thread_blocked, id=6023, stack(0x00007f04e3cfd000,0x00007f04e3dfe000)]
  0x00007f05240ce800 JavaThread "C2 CompilerThread0" daemon [_thread_blocked, id=6022, stack(0x00007f04e3dfe000,0x00007f04e3eff000)]
  0x00007f04e8001000 JavaThread "JDWP Command Reader" daemon [_thread_in_native, id=6013, stack(0x00007f04e3eff000,0x00007f04e4000000)]
  0x00007f05240cc800 JavaThread "JDWP Event Helper Thread" daemon [_thread_blocked, id=6008, stack(0x00007f0508022000,0x00007f0508123000)]
  0x00007f05240c9000 JavaThread "JDWP Transport Listener: dt_socket" daemon [_thread_blocked, id=6007, stack(0x00007f0508123000,0x00007f0508224000)]
  0x00007f05240bb800 JavaThread "Signal Dispatcher" daemon [_thread_blocked, id=6006, stack(0x00007f0508428000,0x00007f0508529000)]
  0x00007f0524084800 JavaThread "Finalizer" daemon [_thread_blocked, id=6005, stack(0x00007f0508529000,0x00007f050862a000)]
  0x00007f0524082800 JavaThread "Reference Handler" daemon [_thread_blocked, id=6004, stack(0x00007f050862a000,0x00007f050872b000)]

Other Threads:
  0x00007f052407d000 VMThread [stack: 0x00007f050872b000,0x00007f050882c000] [id=6003]
  0x00007f05240db800 WatcherThread [stack: 0x00007f04e39fa000,0x00007f04e3afb000] [id=6026]

VM state:not at safepoint (normal execution)

VM Mutex/Monitor currently owned by a thread: None

Heap:
 PSYoungGen      total 31744K, used 23308K [0x000000076d100000, 0x000000076f100000, 0x00000007c0000000)
  eden space 31232K, 74% used [0x000000076d100000,0x000000076e7bb2d0,0x000000076ef80000)
  from space 512K, 6% used [0x000000076f080000,0x000000076f088000,0x000000076f100000)
  to   space 512K, 0% used [0x000000076f000000,0x000000076f000000,0x000000076f080000)
 ParOldGen       total 171008K, used 8727K [0x00000006c7200000, 0x00000006d1900000, 0x000000076d100000)
  object space 171008K, 5% used [0x00000006c7200000,0x00000006c7a85ee8,0x00000006d1900000)
 Metaspace       used 17327K, capacity 17506K, committed 17792K, reserved 1064960K
  class space    used 1555K, capacity 1630K, committed 1664K, reserved 1048576K

Card table byte_map: [0x00007f0512f02000,0x00007f05136ca000] byte_map_base: 0x00007f050f8c9000

Marking Bits: (ParMarkBitMap*) 0x00007f05299d8660
 Begin Bits: [0x00007f050a95e000, 0x00007f050e796000)
 End Bits:   [0x00007f050e796000, 0x00007f05125ce000)

Polling page: 0x00007f052a61f000

CodeCache: size=245760Kb used=6199Kb max_used=7065Kb free=239560Kb
 bounds [0x00007f0513a8a000, 0x00007f051418a000, 0x00007f0522a8a000]
 total_blobs=2439 nmethods=1484 adapters=877
 compilation: enabled

Compilation events (10 events):
Event: 110.007 Thread 0x00007f05240d3000 1804       3       processing.core.PApplet::rotateY (24 bytes)
Event: 110.008 Thread 0x00007f05240d3000 nmethod 1804 0x00007f0513be10d0 code [0x00007f0513be1260, 0x00007f0513be15b8]
Event: 110.008 Thread 0x00007f05240d3000 1805       3       processing.core.PApplet::rotateZ (24 bytes)
Event: 110.008 Thread 0x00007f05240d3000 nmethod 1805 0x00007f0513ef5ed0 code [0x00007f0513ef6060, 0x00007f0513ef63b8]
Event: 110.579 Thread 0x00007f05240d3000 1807       3       processing.core.PApplet::popMatrix (22 bytes)
Event: 110.580 Thread 0x00007f05240d3000 nmethod 1807 0x00007f0513ef5910 code [0x00007f0513ef5aa0, 0x00007f0513ef5dd8]
Event: 110.580 Thread 0x00007f05240d3000 1808       3       build$HDrawablePool::iterator (8 bytes)
Event: 110.583 Thread 0x00007f05240d3000 nmethod 1808 0x00007f0513e5fad0 code [0x00007f0513e5fc40, 0x00007f0513e5ff08]
Event: 110.583 Thread 0x00007f05240d3000 1809       3       build$HLinkedList::iterator (9 bytes)
Event: 110.583 Thread 0x00007f05240d3000 nmethod 1809 0x00007f051414ac50 code [0x00007f051414adc0, 0x00007f051414afa8]

GC Heap History (10 events):
Event: 109.641 GC heap before
{Heap before GC invocations=356 (full 0):
 PSYoungGen      total 31744K, used 31316K [0x000000076d100000, 0x000000076f100000, 0x00000007c0000000)
  eden space 31232K, 100% used [0x000000076d100000,0x000000076ef80000,0x000000076ef80000)
  from space 512K, 16% used [0x000000076f000000,0x000000076f0152f0,0x000000076f080000)
  to   space 512K, 0% used [0x000000076f080000,0x000000076f080000,0x000000076f100000)
 ParOldGen       total 171008K, used 8727K [0x00000006c7200000, 0x00000006d1900000, 0x000000076d100000)
  object space 171008K, 5% used [0x00000006c7200000,0x00000006c7a85ee8,0x00000006d1900000)
 Metaspace       used 17326K, capacity 17506K, committed 17792K, reserved 1064960K
  class space    used 1555K, capacity 1630K, committed 1664K, reserved 1048576K
Event: 109.644 GC heap after
Heap after GC invocations=356 (full 0):
 PSYoungGen      total 31744K, used 64K [0x000000076d100000, 0x000000076f100000, 0x00000007c0000000)
  eden space 31232K, 0% used [0x000000076d100000,0x000000076d100000,0x000000076ef80000)
  from space 512K, 12% used [0x000000076f080000,0x000000076f090000,0x000000076f100000)
  to   space 512K, 0% used [0x000000076f000000,0x000000076f000000,0x000000076f080000)
 ParOldGen       total 171008K, used 8727K [0x00000006c7200000, 0x00000006d1900000, 0x000000076d100000)
  object space 171008K, 5% used [0x00000006c7200000,0x00000006c7a85ee8,0x00000006d1900000)
 Metaspace       used 17326K, capacity 17506K, committed 17792K, reserved 1064960K
  class space    used 1555K, capacity 1630K, committed 1664K, reserved 1048576K
}
Event: 110.336 GC heap before
{Heap before GC invocations=357 (full 0):
 PSYoungGen      total 31744K, used 31287K [0x000000076d100000, 0x000000076f100000, 0x00000007c0000000)
  eden space 31232K, 99% used [0x000000076d100000,0x000000076ef7dc90,0x000000076ef80000)
  from space 512K, 12% used [0x000000076f080000,0x000000076f090000,0x000000076f100000)
  to   space 512K, 0% used [0x000000076f000000,0x000000076f000000,0x000000076f080000)
 ParOldGen       total 171008K, used 8727K [0x00000006c7200000, 0x00000006d1900000, 0x000000076d100000)
  object space 171008K, 5% used [0x00000006c7200000,0x00000006c7a85ee8,0x00000006d1900000)
 Metaspace       used 17326K, capacity 17506K, committed 17792K, reserved 1064960K
  class space    used 1555K, capacity 1630K, committed 1664K, reserved 1048576K
Event: 110.339 GC heap after
Heap after GC invocations=357 (full 0):
 PSYoungGen      total 31744K, used 64K [0x000000076d100000, 0x000000076f100000, 0x00000007c0000000)
  eden space 31232K, 0% used [0x000000076d100000,0x000000076d100000,0x000000076ef80000)
  from space 512K, 12% used [0x000000076f000000,0x000000076f010000,0x000000076f080000)
  to   space 512K, 0% used [0x000000076f080000,0x000000076f080000,0x000000076f100000)
 ParOldGen       total 171008K, used 8727K [0x00000006c7200000, 0x00000006d1900000, 0x000000076d100000)
  object space 171008K, 5% used [0x00000006c7200000,0x00000006c7a85ee8,0x00000006d1900000)
 Metaspace       used 17326K, capacity 17506K, committed 17792K, reserved 1064960K
  class space    used 1555K, capacity 1630K, committed 1664K, reserved 1048576K
}
Event: 110.757 GC heap before
{Heap before GC invocations=358 (full 0):
 PSYoungGen      total 31744K, used 31296K [0x000000076d100000, 0x000000076f100000, 0x00000007c0000000)
  eden space 31232K, 100% used [0x000000076d100000,0x000000076ef80000,0x000000076ef80000)
  from space 512K, 12% used [0x000000076f000000,0x000000076f010000,0x000000076f080000)
  to   space 512K, 0% used [0x000000076f080000,0x000000076f080000,0x000000076f100000)
 ParOldGen       total 171008K, used 8727K [0x00000006c7200000, 0x00000006d1900000, 0x000000076d100000)
  object space 171008K, 5% used [0x00000006c7200000,0x00000006c7a85ee8,0x00000006d1900000)
 Metaspace       used 17326K, capacity 17506K, committed 17792K, reserved 1064960K
  class space    used 1555K, capacity 1630K, committed 1664K, reserved 1048576K
Event: 110.759 GC heap after
Heap after GC invocations=358 (full 0):
 PSYoungGen      total 31744K, used 64K [0x000000076d100000, 0x000000076f100000, 0x00000007c0000000)
  eden space 31232K, 0% used [0x000000076d100000,0x000000076d100000,0x000000076ef80000)
  from space 512K, 12% used [0x000000076f080000,0x000000076f090000,0x000000076f100000)
  to   space 512K, 0% used [0x000000076f000000,0x000000076f000000,0x000000076f080000)
 ParOldGen       total 171008K, used 8727K [0x00000006c7200000, 0x00000006d1900000, 0x000000076d100000)
  object space 171008K, 5% used [0x00000006c7200000,0x00000006c7a85ee8,0x00000006d1900000)
 Metaspace       used 17326K, capacity 17506K, committed 17792K, reserved 1064960K
  class space    used 1555K, capacity 1630K, committed 1664K, reserved 1048576K
}
Event: 111.126 GC heap before
{Heap before GC invocations=359 (full 0):
 PSYoungGen      total 31744K, used 31296K [0x000000076d100000, 0x000000076f100000, 0x00000007c0000000)
  eden space 31232K, 100% used [0x000000076d100000,0x000000076ef80000,0x000000076ef80000)
  from space 512K, 12% used [0x000000076f080000,0x000000076f090000,0x000000076f100000)
  to   space 512K, 0% used [0x000000076f000000,0x000000076f000000,0x000000076f080000)
 ParOldGen       total 171008K, used 8727K [0x00000006c7200000, 0x00000006d1900000, 0x000000076d100000)
  object space 171008K, 5% used [0x00000006c7200000,0x00000006c7a85ee8,0x00000006d1900000)
 Metaspace       used 17326K, capacity 17506K, committed 17792K, reserved 1064960K
  class space    used 1555K, capacity 1630K, committed 1664K, reserved 1048576K
Event: 111.128 GC heap after
Heap after GC invocations=359 (full 0):
 PSYoungGen      total 31744K, used 84K [0x000000076d100000, 0x000000076f100000, 0x00000007c0000000)
  eden space 31232K, 0% used [0x000000076d100000,0x000000076d100000,0x000000076ef80000)
  from space 512K, 16% used [0x000000076f000000,0x000000076f0152f0,0x000000076f080000)
  to   space 512K, 0% used [0x000000076f080000,0x000000076f080000,0x000000076f100000)
 ParOldGen       total 171008K, used 8727K [0x00000006c7200000, 0x00000006d1900000, 0x000000076d100000)
  object space 171008K, 5% used [0x00000006c7200000,0x00000006c7a85ee8,0x00000006d1900000)
 Metaspace       used 17326K, capacity 17506K, committed 17792K, reserved 1064960K
  class space    used 1555K, capacity 1630K, committed 1664K, reserved 1048576K
}
Event: 111.552 GC heap before
{Heap before GC invocations=360 (full 0):
 PSYoungGen      total 31744K, used 31316K [0x000000076d100000, 0x000000076f100000, 0x00000007c0000000)
  eden space 31232K, 100% used [0x000000076d100000,0x000000076ef80000,0x000000076ef80000)
  from space 512K, 16% used [0x000000076f000000,0x000000076f0152f0,0x000000076f080000)
  to   space 512K, 0% used [0x000000076f080000,0x000000076f080000,0x000000076f100000)
 ParOldGen       total 171008K, used 8727K [0x00000006c7200000, 0x00000006d1900000, 0x000000076d100000)
  object space 171008K, 5% used [0x00000006c7200000,0x00000006c7a85ee8,0x00000006d1900000)
 Metaspace       used 17326K, capacity 17506K, committed 17792K, reserved 1064960K
  class space    used 1555K, capacity 1630K, committed 1664K, reserved 1048576K
Event: 111.553 GC heap after
Heap after GC invocations=360 (full 0):
 PSYoungGen      total 31744K, used 32K [0x000000076d100000, 0x000000076f100000, 0x00000007c0000000)
  eden space 31232K, 0% used [0x000000076d100000,0x000000076d100000,0x000000076ef80000)
  from space 512K, 6% used [0x000000076f080000,0x000000076f088000,0x000000076f100000)
  to   space 512K, 0% used [0x000000076f000000,0x000000076f000000,0x000000076f080000)
 ParOldGen       total 171008K, used 8727K [0x00000006c7200000, 0x00000006d1900000, 0x000000076d100000)
  object space 171008K, 5% used [0x00000006c7200000,0x00000006c7a85ee8,0x00000006d1900000)
 Metaspace       used 17326K, capacity 17506K, committed 17792K, reserved 1064960K
  class space    used 1555K, capacity 1630K, committed 1664K, reserved 1048576K
}

Deoptimization events (10 events):
Event: 2.632 Thread 0x00007f0524774800 Uncommon trap: reason=unstable_if action=reinterpret pc=0x00007f0513e5ba8c method=javax.sound.sampled.AudioFormat.matches(Ljavax/sound/sampled/AudioFormat;)Z @ 112
Event: 2.860 Thread 0x00007f0524774800 Uncommon trap: reason=unstable_if action=reinterpret pc=0x00007f0513e97cdc method=processing.opengl.PGraphicsOpenGL$Tessellator.addLineSegment3D(IIIII[SZ)I @ 68
Event: 3.466 Thread 0x00007f0524774800 Uncommon trap: reason=unstable_if action=reinterpret pc=0x00007f0513f1b7a8 method=processing.core.PApplet.max(III)I @ 2
Event: 3.466 Thread 0x00007f0524774800 Uncommon trap: reason=unstable_if action=reinterpret pc=0x00007f0513e86e18 method=processing.core.PApplet.min(III)I @ 2
Event: 3.466 Thread 0x00007f0524774800 Uncommon trap: reason=unstable_if action=reinterpret pc=0x00007f0513e8145c method=processing.core.PApplet.max(III)I @ 2
Event: 3.952 Thread 0x00007f049012e000 Uncommon trap: reason=unstable_if action=reinterpret pc=0x00007f0513e69b8c method=ddf.minim.javasound.FloatSampleTools.quantize16(FF)I @ 32
Event: 3.977 Thread 0x00007f049012e000 Uncommon trap: reason=unstable_if action=reinterpret pc=0x00007f0513fe2f74 method=ddf.minim.javasound.FloatSampleTools.quantize16(FF)I @ 32
Event: 3.977 Thread 0x00007f049012e000 Uncommon trap: reason=unstable_if action=reinterpret pc=0x00007f0513fca6c8 method=ddf.minim.javasound.FloatSampleTools.quantize16(FF)I @ 32
Event: 4.571 Thread 0x00007f049012e000 Uncommon trap: reason=unstable_if action=reinterpret pc=0x00007f0513fc6550 method=ddf.minim.javasound.FloatSampleTools.quantize16(FF)I @ 21
Event: 11.302 Thread 0x00007f0524774800 Uncommon trap: reason=unstable_if action=reinterpret pc=0x00007f0514079e04 method=sun.misc.FloatingDecimal$BinaryToASCIIBuffer.dtoa(IJIZ)V @ 522

Internal exceptions (10 events):
Event: 1.101 Thread 0x00007f052400f800 Exception <a 'java/security/PrivilegedActionException'> (0x000000076d7b0d20) thrown at [/HUDSON/workspace/8-2-build-linux-amd64/jdk8u51/3951/hotspot/src/share/vm/prims/jvm.cpp, line 1382]
Event: 1.101 Thread 0x00007f052400f800 Exception <a 'java/security/PrivilegedActionException'> (0x000000076d7b0ed8) thrown at [/HUDSON/workspace/8-2-build-linux-amd64/jdk8u51/3951/hotspot/src/share/vm/prims/jvm.cpp, line 1382]
Event: 1.101 Thread 0x00007f052400f800 Exception <a 'java/security/PrivilegedActionException'> (0x000000076d7b3190) thrown at [/HUDSON/workspace/8-2-build-linux-amd64/jdk8u51/3951/hotspot/src/share/vm/prims/jvm.cpp, line 1382]
Event: 1.101 Thread 0x00007f052400f800 Exception <a 'java/security/PrivilegedActionException'> (0x000000076d7b3348) thrown at [/HUDSON/workspace/8-2-build-linux-amd64/jdk8u51/3951/hotspot/src/share/vm/prims/jvm.cpp, line 1382]
Event: 1.108 Thread 0x00007f052400f800 Exception <a 'java/io/FileNotFoundException'> (0x000000076d7bd0a0) thrown at [/HUDSON/workspace/8-2-build-linux-amd64/jdk8u51/3951/hotspot/src/share/vm/prims/jni.cpp, line 709]
Event: 1.108 Thread 0x00007f052400f800 Exception <a 'java/io/FileNotFoundException'> (0x000000076d7bda28) thrown at [/HUDSON/workspace/8-2-build-linux-amd64/jdk8u51/3951/hotspot/src/share/vm/prims/jni.cpp, line 709]
Event: 1.187 Thread 0x00007f052400f800 Exception <a 'java/lang/NoSuchFieldError': method resolution failed> (0x000000076d8c3988) thrown at [/HUDSON/workspace/8-2-build-linux-amd64/jdk8u51/3951/hotspot/src/share/vm/prims/methodHandles.cpp, line 1125]
Event: 1.190 Thread 0x00007f052400f800 Exception <a 'java/lang/NoSuchFieldError': method resolution failed> (0x000000076d8d2348) thrown at [/HUDSON/workspace/8-2-build-linux-amd64/jdk8u51/3951/hotspot/src/share/vm/prims/methodHandles.cpp, line 1125]
Event: 2.211 Thread 0x00007f052400f800 Exception <a 'java/lang/InterruptedException'> (0x000000076f3da158) thrown at [/HUDSON/workspace/8-2-build-linux-amd64/jdk8u51/3951/hotspot/src/share/vm/runtime/objectMonitor.cpp, line 1683]
Event: 2.391 Thread 0x00007f052400f800 Exception <a 'java/lang/InterruptedException'> (0x000000076f3e55f8) thrown at [/HUDSON/workspace/8-2-build-linux-amd64/jdk8u51/3951/hotspot/src/share/vm/runtime/objectMonitor.cpp, line 1683]

Events (10 events):
Event: 110.757 Executing VM operation: ParallelGCFailedAllocation
Event: 110.759 Executing VM operation: ParallelGCFailedAllocation done
Event: 110.967 Thread 0x00007f0524774800 DEOPT PACKING pc=0x00007f0514019eac sp=0x00007f049e2d7080
Event: 110.967 Thread 0x00007f0524774800 DEOPT UNPACKING pc=0x00007f0513ad1633 sp=0x00007f049e2d6de8 mode 1
Event: 111.126 Executing VM operation: ParallelGCFailedAllocation
Event: 111.128 Executing VM operation: ParallelGCFailedAllocation done
Event: 111.391 Thread 0x00007f0524774800 DEOPT PACKING pc=0x00007f0514019eac sp=0x00007f049e2d7080
Event: 111.391 Thread 0x00007f0524774800 DEOPT UNPACKING pc=0x00007f0513ad1633 sp=0x00007f049e2d6de8 mode 1
Event: 111.552 Executing VM operation: ParallelGCFailedAllocation
Event: 111.553 Executing VM operation: ParallelGCFailedAllocation done


Dynamic libraries:
00400000-00401000 r-xp 00000000 08:02 6695910                            /usr/bin/processing-3.0/java/bin/java
00600000-00601000 rw-p 00000000 08:02 6695910                            /usr/bin/processing-3.0/java/bin/java
01f4e000-01f6f000 rw-p 00000000 00:00 0                                  [heap]
6c7200000-6d1900000 rw-p 00000000 00:00 0 
6d1900000-76d100000 ---p 00000000 00:00 0 
76d100000-76f100000 rw-p 00000000 00:00 0 
76f100000-7c0000000 ---p 00000000 00:00 0 
7c0000000-7c01a0000 rw-p 00000000 00:00 0 
7c01a0000-800000000 ---p 00000000 00:00 0 
7f047c000000-7f047c293000 rw-p 00000000 00:00 0 
7f047c293000-7f0480000000 ---p 00000000 00:00 0 
7f0487ffe000-7f048bfff000 r--s 00000000 00:16 18791                      /run/shm/pulse-shm-3302753902
7f048bfff000-7f0490000000 rw-s 00000000 00:16 97078                      /run/shm/pulse-shm-562762375
7f0490000000-7f04909d0000 rw-p 00000000 00:00 0 
7f04909d0000-7f0494000000 ---p 00000000 00:00 0 
7f04969d3000-7f04969d4000 ---p 00000000 00:00 0 
7f04969d4000-7f04971d4000 rw-p 00000000 00:00 0 
7f04971d4000-7f04971d5000 ---p 00000000 00:00 0 
7f04971d5000-7f04979d5000 rw-p 00000000 00:00 0                          [stack:6057]
7f04979d5000-7f04979db000 r-xp 00000000 08:02 6947199                    /usr/lib/x86_64-linux-gnu/alsa-lib/libasound_module_pcm_pulse.so
7f04979db000-7f0497bda000 ---p 00006000 08:02 6947199                    /usr/lib/x86_64-linux-gnu/alsa-lib/libasound_module_pcm_pulse.so
7f0497bda000-7f0497bdb000 r--p 00005000 08:02 6947199                    /usr/lib/x86_64-linux-gnu/alsa-lib/libasound_module_pcm_pulse.so
7f0497bdb000-7f0497bdc000 rw-p 00006000 08:02 6947199                    /usr/lib/x86_64-linux-gnu/alsa-lib/libasound_module_pcm_pulse.so
7f0497bdc000-7f0497bf3000 r-xp 00000000 08:02 13635816                   /lib/x86_64-linux-gnu/libresolv-2.19.so
7f0497bf3000-7f0497df3000 ---p 00017000 08:02 13635816                   /lib/x86_64-linux-gnu/libresolv-2.19.so
7f0497df3000-7f0497df4000 r--p 00017000 08:02 13635816                   /lib/x86_64-linux-gnu/libresolv-2.19.so
7f0497df4000-7f0497df5000 rw-p 00018000 08:02 13635816                   /lib/x86_64-linux-gnu/libresolv-2.19.so
7f0497df5000-7f0497df7000 rw-p 00000000 00:00 0 
7f0497df7000-7f0497dfe000 r-xp 00000000 08:02 6562227                    /usr/lib/x86_64-linux-gnu/libogg.so.0.8.1
7f0497dfe000-7f0497ffe000 ---p 00007000 08:02 6562227                    /usr/lib/x86_64-linux-gnu/libogg.so.0.8.1
7f0497ffe000-7f0497fff000 r--p 00007000 08:02 6562227                    /usr/lib/x86_64-linux-gnu/libogg.so.0.8.1
7f0497fff000-7f0498000000 rw-p 00008000 08:02 6562227                    /usr/lib/x86_64-linux-gnu/libogg.so.0.8.1
7f0498000000-7f0498021000 rw-p 00000000 00:00 0 
7f0498021000-7f049c000000 ---p 00000000 00:00 0 
7f049c1d6000-7f049c202000 r-xp 00000000 08:02 6562501                    /usr/lib/x86_64-linux-gnu/libvorbis.so.0.4.5
7f049c202000-7f049c401000 ---p 0002c000 08:02 6562501                    /usr/lib/x86_64-linux-gnu/libvorbis.so.0.4.5
7f049c401000-7f049c402000 r--p 0002b000 08:02 6562501                    /usr/lib/x86_64-linux-gnu/libvorbis.so.0.4.5
7f049c402000-7f049c403000 rw-p 0002c000 08:02 6562501                    /usr/lib/x86_64-linux-gnu/libvorbis.so.0.4.5
7f049c403000-7f049c6b6000 r-xp 00000000 08:02 6562503                    /usr/lib/x86_64-linux-gnu/libvorbisenc.so.2.0.8
7f049c6b6000-7f049c8b5000 ---p 002b3000 08:02 6562503                    /usr/lib/x86_64-linux-gnu/libvorbisenc.so.2.0.8
7f049c8b5000-7f049c8d1000 r--p 002b2000 08:02 6562503                    /usr/lib/x86_64-linux-gnu/libvorbisenc.so.2.0.8
7f049c8d1000-7f049c8d2000 rw-p 002ce000 08:02 6562503                    /usr/lib/x86_64-linux-gnu/libvorbisenc.so.2.0.8
7f049c8d2000-7f049c902000 r-xp 00000000 08:02 6561366                    /usr/lib/x86_64-linux-gnu/libFLAC.so.8.3.0
7f049c902000-7f049cb01000 ---p 00030000 08:02 6561366                    /usr/lib/x86_64-linux-gnu/libFLAC.so.8.3.0
7f049cb01000-7f049cb02000 r--p 0002f000 08:02 6561366                    /usr/lib/x86_64-linux-gnu/libFLAC.so.8.3.0
7f049cb02000-7f049cb03000 rw-p 00030000 08:02 6561366                    /usr/lib/x86_64-linux-gnu/libFLAC.so.8.3.0
7f049cb03000-7f049cb08000 r-xp 00000000 08:02 6561598                    /usr/lib/x86_64-linux-gnu/libasyncns.so.0.3.1
7f049cb08000-7f049cd07000 ---p 00005000 08:02 6561598                    /usr/lib/x86_64-linux-gnu/libasyncns.so.0.3.1
7f049cd07000-7f049cd08000 r--p 00004000 08:02 6561598                    /usr/lib/x86_64-linux-gnu/libasyncns.so.0.3.1
7f049cd08000-7f049cd09000 rw-p 00005000 08:02 6561598                    /usr/lib/x86_64-linux-gnu/libasyncns.so.0.3.1
7f049cd09000-7f049cd6a000 r-xp 00000000 08:02 6562384                    /usr/lib/x86_64-linux-gnu/libsndfile.so.1.0.25
7f049cd6a000-7f049cf6a000 ---p 00061000 08:02 6562384                    /usr/lib/x86_64-linux-gnu/libsndfile.so.1.0.25
7f049cf6a000-7f049cf6c000 r--p 00061000 08:02 6562384                    /usr/lib/x86_64-linux-gnu/libsndfile.so.1.0.25
7f049cf6c000-7f049cf6d000 rw-p 00063000 08:02 6562384                    /usr/lib/x86_64-linux-gnu/libsndfile.so.1.0.25
7f049cf6d000-7f049cf71000 rw-p 00000000 00:00 0 
7f049cf71000-7f049cf79000 r-xp 00000000 08:02 13635850                   /lib/x86_64-linux-gnu/libwrap.so.0.7.6
7f049cf79000-7f049d178000 ---p 00008000 08:02 13635850                   /lib/x86_64-linux-gnu/libwrap.so.0.7.6
7f049d178000-7f049d179000 r--p 00007000 08:02 13635850                   /lib/x86_64-linux-gnu/libwrap.so.0.7.6
7f049d179000-7f049d17a000 rw-p 00008000 08:02 13635850                   /lib/x86_64-linux-gnu/libwrap.so.0.7.6
7f049d17a000-7f049d17b000 rw-p 00000000 00:00 0 
7f049d17b000-7f049d1e1000 r-xp 00000000 08:02 6948471                    /usr/lib/x86_64-linux-gnu/pulseaudio/libpulsecommon-4.0.so
7f049d1e1000-7f049d3e0000 ---p 00066000 08:02 6948471                    /usr/lib/x86_64-linux-gnu/pulseaudio/libpulsecommon-4.0.so
7f049d3e0000-7f049d3e1000 r--p 00065000 08:02 6948471                    /usr/lib/x86_64-linux-gnu/pulseaudio/libpulsecommon-4.0.so
7f049d3e1000-7f049d3e2000 rw-p 00066000 08:02 6948471                    /usr/lib/x86_64-linux-gnu/pulseaudio/libpulsecommon-4.0.so
7f049d3e2000-7f049d3ec000 r-xp 00000000 08:02 13635730                   /lib/x86_64-linux-gnu/libjson-c.so.2.0.0
7f049d3ec000-7f049d5eb000 ---p 0000a000 08:02 13635730                   /lib/x86_64-linux-gnu/libjson-c.so.2.0.0
7f049d5eb000-7f049d5ec000 r--p 00009000 08:02 13635730                   /lib/x86_64-linux-gnu/libjson-c.so.2.0.0
7f049d5ec000-7f049d5ed000 rw-p 0000a000 08:02 13635730                   /lib/x86_64-linux-gnu/libjson-c.so.2.0.0
7f049d5ed000-7f049d634000 r-xp 00000000 08:02 6562296                    /usr/lib/x86_64-linux-gnu/libpulse.so.0.16.2
7f049d634000-7f049d834000 ---p 00047000 08:02 6562296                    /usr/lib/x86_64-linux-gnu/libpulse.so.0.16.2
7f049d834000-7f049d835000 r--p 00047000 08:02 6562296                    /usr/lib/x86_64-linux-gnu/libpulse.so.0.16.2
7f049d835000-7f049d836000 rw-p 00048000 08:02 6562296                    /usr/lib/x86_64-linux-gnu/libpulse.so.0.16.2
7f049da38000-7f049db21000 r-xp 00000000 08:02 6561590                    /usr/lib/x86_64-linux-gnu/libasound.so.2.0.0
7f049db21000-7f049dd20000 ---p 000e9000 08:02 6561590                    /usr/lib/x86_64-linux-gnu/libasound.so.2.0.0
7f049dd20000-7f049dd27000 r--p 000e8000 08:02 6561590                    /usr/lib/x86_64-linux-gnu/libasound.so.2.0.0
7f049dd27000-7f049dd28000 rw-p 000ef000 08:02 6561590                    /usr/lib/x86_64-linux-gnu/libasound.so.2.0.0
7f049dd28000-7f049dd37000 r-xp 00000000 08:02 8012164                    /usr/bin/processing-3.0/java/lib/amd64/libjsoundalsa.so
7f049dd37000-7f049df36000 ---p 0000f000 08:02 8012164                    /usr/bin/processing-3.0/java/lib/amd64/libjsoundalsa.so
7f049df36000-7f049df37000 rw-p 0000e000 08:02 8012164                    /usr/bin/processing-3.0/java/lib/amd64/libjsoundalsa.so
7f049df37000-7f049df38000 r-xp 00000000 08:02 8012181                    /usr/bin/processing-3.0/java/lib/amd64/libjsound.so
7f049df38000-7f049e137000 ---p 00001000 08:02 8012181                    /usr/bin/processing-3.0/java/lib/amd64/libjsound.so
7f049e137000-7f049e138000 rw-p 00000000 08:02 8012181                    /usr/bin/processing-3.0/java/lib/amd64/libjsound.so
7f049e138000-7f049e1d8000 rw-s 1aad3c000 00:06 10208                     /dev/dri/card0
7f049e1d8000-7f049e1db000 ---p 00000000 00:00 0 
7f049e1db000-7f049e2d9000 rw-p 00000000 00:00 0 
7f049e2d9000-7f049e2dc000 ---p 00000000 00:00 0 
7f049e2dc000-7f049e59a000 rw-p 00000000 00:00 0                          [stack:6042]
7f049e59a000-7f049e5da000 ---p 00000000 00:00 0 
7f049e5da000-7f049e61e000 r-xp 00000000 08:02 13635704                   /lib/x86_64-linux-gnu/libdbus-1.so.3.7.6
7f049e61e000-7f049e81d000 ---p 00044000 08:02 13635704                   /lib/x86_64-linux-gnu/libdbus-1.so.3.7.6
7f049e81d000-7f049e81e000 r--p 00043000 08:02 13635704                   /lib/x86_64-linux-gnu/libdbus-1.so.3.7.6
7f049e81e000-7f049e81f000 rw-p 00044000 08:02 13635704                   /lib/x86_64-linux-gnu/libdbus-1.so.3.7.6
7f049e81f000-7f049e827000 r-xp 00000000 08:02 13635752                   /lib/x86_64-linux-gnu/libnih-dbus.so.1.0.0
7f049e827000-7f049ea27000 ---p 00008000 08:02 13635752                   /lib/x86_64-linux-gnu/libnih-dbus.so.1.0.0
7f049ea27000-7f049ea28000 r--p 00008000 08:02 13635752                   /lib/x86_64-linux-gnu/libnih-dbus.so.1.0.0
7f049ea28000-7f049ea29000 rw-p 00009000 08:02 13635752                   /lib/x86_64-linux-gnu/libnih-dbus.so.1.0.0
7f049ea29000-7f049ea40000 r-xp 00000000 08:02 13635754                   /lib/x86_64-linux-gnu/libnih.so.1.0.0
7f049ea40000-7f049ec3f000 ---p 00017000 08:02 13635754                   /lib/x86_64-linux-gnu/libnih.so.1.0.0
7f049ec3f000-7f049ec40000 r--p 00016000 08:02 13635754                   /lib/x86_64-linux-gnu/libnih.so.1.0.0
7f049ec40000-7f049ec41000 rw-p 00017000 08:02 13635754                   /lib/x86_64-linux-gnu/libnih.so.1.0.0
7f049ec41000-7f049ec5a000 r-xp 00000000 08:02 13635695                   /lib/x86_64-linux-gnu/libcgmanager.so.0.0.0
7f049ec5a000-7f049ee59000 ---p 00019000 08:02 13635695                   /lib/x86_64-linux-gnu/libcgmanager.so.0.0.0
7f049ee59000-7f049ee5b000 r--p 00018000 08:02 13635695                   /lib/x86_64-linux-gnu/libcgmanager.so.0.0.0
7f049ee5b000-7f049ee5c000 rw-p 0001a000 08:02 13635695                   /lib/x86_64-linux-gnu/libcgmanager.so.0.0.0
7f049ee5c000-7f049ee6c000 r-xp 00000000 08:02 13635838                   /lib/x86_64-linux-gnu/libudev.so.1.3.5
7f049ee6c000-7f049f06b000 ---p 00010000 08:02 13635838                   /lib/x86_64-linux-gnu/libudev.so.1.3.5
7f049f06b000-7f049f06c000 r--p 0000f000 08:02 13635838                   /lib/x86_64-linux-gnu/libudev.so.1.3.5
7f049f06c000-7f049f06d000 rw-p 00010000 08:02 13635838                   /lib/x86_64-linux-gnu/libudev.so.1.3.5
7f049f06d000-7f049f0a4000 r-xp 00000000 08:02 6562454                    /usr/lib/x86_64-linux-gnu/libtxc_dxtn_s2tc.so.0.0.0
7f049f0a4000-7f049f2a3000 ---p 00037000 08:02 6562454                    /usr/lib/x86_64-linux-gnu/libtxc_dxtn_s2tc.so.0.0.0
7f049f2a3000-7f049f2a4000 r--p 00036000 08:02 6562454                    /usr/lib/x86_64-linux-gnu/libtxc_dxtn_s2tc.so.0.0.0
7f049f2a4000-7f049f2a5000 rw-p 00037000 08:02 6562454                    /usr/lib/x86_64-linux-gnu/libtxc_dxtn_s2tc.so.0.0.0
7f049f2a5000-7f049f2bd000 r-xp 00000000 08:02 13635853                   /lib/x86_64-linux-gnu/libz.so.1.2.8
7f049f2bd000-7f049f4bc000 ---p 00018000 08:02 13635853                   /lib/x86_64-linux-gnu/libz.so.1.2.8
7f049f4bc000-7f049f4bd000 r--p 00017000 08:02 13635853                   /lib/x86_64-linux-gnu/libz.so.1.2.8
7f049f4bd000-7f049f4be000 rw-p 00018000 08:02 13635853                   /lib/x86_64-linux-gnu/libz.so.1.2.8
7f049f4be000-7f049f4c6000 r-xp 00000000 08:02 6562259                    /usr/lib/x86_64-linux-gnu/libpciaccess.so.0.11.1
7f049f4c6000-7f049f6c5000 ---p 00008000 08:02 6562259                    /usr/lib/x86_64-linux-gnu/libpciaccess.so.0.11.1
7f049f6c5000-7f049f6c6000 r--p 00007000 08:02 6562259                    /usr/lib/x86_64-linux-gnu/libpciaccess.so.0.11.1
7f049f6c6000-7f049f6c7000 rw-p 00008000 08:02 6562259                    /usr/lib/x86_64-linux-gnu/libpciaccess.so.0.11.1
7f049f6c7000-7f049f7ad000 r-xp 00000000 08:02 6562412                    /usr/lib/x86_64-linux-gnu/libstdc++.so.6.0.19
7f049f7ad000-7f049f9ac000 ---p 000e6000 08:02 6562412                    /usr/lib/x86_64-linux-gnu/libstdc++.so.6.0.19
7f049f9ac000-7f049f9b4000 r--p 000e5000 08:02 6562412                    /usr/lib/x86_64-linux-gnu/libstdc++.so.6.0.19
7f049f9b4000-7f049f9b6000 rw-p 000ed000 08:02 6562412                    /usr/lib/x86_64-linux-gnu/libstdc++.so.6.0.19
7f049f9b6000-7f049f9cb000 rw-p 00000000 00:00 0 
7f049f9cb000-7f049f9d7000 r-xp 00000000 08:02 6561756                    /usr/lib/x86_64-linux-gnu/libdrm_radeon.so.1.0.1
7f049f9d7000-7f049fbd6000 ---p 0000c000 08:02 6561756                    /usr/lib/x86_64-linux-gnu/libdrm_radeon.so.1.0.1
7f049fbd6000-7f049fbd7000 r--p 0000b000 08:02 6561756                    /usr/lib/x86_64-linux-gnu/libdrm_radeon.so.1.0.1
7f049fbd7000-7f049fbd8000 rw-p 0000c000 08:02 6561756                    /usr/lib/x86_64-linux-gnu/libdrm_radeon.so.1.0.1
7f049fbd8000-7f049fbde000 r-xp 00000000 08:02 6561754                    /usr/lib/x86_64-linux-gnu/libdrm_nouveau.so.2.0.0
7f049fbde000-7f049fddd000 ---p 00006000 08:02 6561754                    /usr/lib/x86_64-linux-gnu/libdrm_nouveau.so.2.0.0
7f049fddd000-7f049fdde000 r--p 00005000 08:02 6561754                    /usr/lib/x86_64-linux-gnu/libdrm_nouveau.so.2.0.0
7f049fdde000-7f049fddf000 rw-p 00006000 08:02 6561754                    /usr/lib/x86_64-linux-gnu/libdrm_nouveau.so.2.0.0
7f049fddf000-7f049fdff000 r-xp 00000000 08:02 6561752                    /usr/lib/x86_64-linux-gnu/libdrm_intel.so.1.0.0
7f049fdff000-7f049fffe000 ---p 00020000 08:02 6561752                    /usr/lib/x86_64-linux-gnu/libdrm_intel.so.1.0.0
7f049fffe000-7f049ffff000 r--p 0001f000 08:02 6561752                    /usr/lib/x86_64-linux-gnu/libdrm_intel.so.1.0.0
7f049ffff000-7f04a0000000 rw-p 00020000 08:02 6561752                    /usr/lib/x86_64-linux-gnu/libdrm_intel.so.1.0.0
7f04a0000000-7f04a2ded000 rw-p 00000000 00:00 0 
7f04a2ded000-7f04a4000000 ---p 00000000 00:00 0 
7f04a4000000-7f04a7095000 rw-p 00000000 00:00 0 
7f04a7095000-7f04a8000000 ---p 00000000 00:00 0 
7f04a8000000-7f04a8753000 rw-p 00000000 00:00 0 
7f04a8753000-7f04ac000000 ---p 00000000 00:00 0 
7f04ac02c000-7f04ac580000 r-xp 00000000 08:02 6947244                    /usr/lib/x86_64-linux-gnu/dri/i965_dri.so
7f04ac580000-7f04ac780000 ---p 00554000 08:02 6947244                    /usr/lib/x86_64-linux-gnu/dri/i965_dri.so
7f04ac780000-7f04ac7a1000 r--p 00554000 08:02 6947244                    /usr/lib/x86_64-linux-gnu/dri/i965_dri.so
7f04ac7a1000-7f04ac7a8000 rw-p 00575000 08:02 6947244                    /usr/lib/x86_64-linux-gnu/dri/i965_dri.so
7f04ac7a8000-7f04ac7af000 rw-p 00000000 00:00 0 
7f04ac7af000-7f04ac7b2000 ---p 00000000 00:00 0 
7f04ac7b2000-7f04ac8b0000 rw-p 00000000 00:00 0                          [stack:6041]
7f04ac8b0000-7f04ac909000 r-xp 00000000 08:02 4461996                    /tmp/jogamp_0000/file_cache/jln4387065227587193197/jln3835009857947702743/libjogl_mobile.so
7f04ac909000-7f04acb09000 ---p 00059000 08:02 4461996                    /tmp/jogamp_0000/file_cache/jln4387065227587193197/jln3835009857947702743/libjogl_mobile.so
7f04acb09000-7f04acb0a000 rw-p 00059000 08:02 4461996                    /tmp/jogamp_0000/file_cache/jln4387065227587193197/jln3835009857947702743/libjogl_mobile.so
7f04acb0a000-7f04acb11000 r-xp 00000000 08:02 6561790                    /usr/lib/x86_64-linux-gnu/libffi.so.6.0.1
7f04acb11000-7f04acd10000 ---p 00007000 08:02 6561790                    /usr/lib/x86_64-linux-gnu/libffi.so.6.0.1
7f04acd10000-7f04acd11000 r--p 00006000 08:02 6561790                    /usr/lib/x86_64-linux-gnu/libffi.so.6.0.1
7f04acd11000-7f04acd12000 rw-p 00007000 08:02 6561790                    /usr/lib/x86_64-linux-gnu/libffi.so.6.0.1
7f04acd12000-7f04acd1e000 r-xp 00000000 08:02 6561843                    /usr/lib/x86_64-linux-gnu/libgbm.so.1.0.0
7f04acd1e000-7f04acf1e000 ---p 0000c000 08:02 6561843                    /usr/lib/x86_64-linux-gnu/libgbm.so.1.0.0
7f04acf1e000-7f04acf1f000 r--p 0000c000 08:02 6561843                    /usr/lib/x86_64-linux-gnu/libgbm.so.1.0.0
7f04acf1f000-7f04acf20000 rw-p 0000d000 08:02 6561843                    /usr/lib/x86_64-linux-gnu/libgbm.so.1.0.0
7f04acf20000-7f04acf2f000 r-xp 00000000 08:02 6562520                    /usr/lib/x86_64-linux-gnu/libwayland-server.so.0.1.0
7f04acf2f000-7f04ad12e000 ---p 0000f000 08:02 6562520                    /usr/lib/x86_64-linux-gnu/libwayland-server.so.0.1.0
7f04ad12e000-7f04ad130000 r--p 0000e000 08:02 6562520                    /usr/lib/x86_64-linux-gnu/libwayland-server.so.0.1.0
7f04ad130000-7f04ad131000 rw-p 00010000 08:02 6562520                    /usr/lib/x86_64-linux-gnu/libwayland-server.so.0.1.0
7f04ad131000-7f04ad13c000 r-xp 00000000 08:02 6562514                    /usr/lib/x86_64-linux-gnu/libwayland-client.so.0.2.0
7f04ad13c000-7f04ad33b000 ---p 0000b000 08:02 6562514                    /usr/lib/x86_64-linux-gnu/libwayland-client.so.0.2.0
7f04ad33b000-7f04ad33d000 r--p 0000a000 08:02 6562514                    /usr/lib/x86_64-linux-gnu/libwayland-client.so.0.2.0
7f04ad33d000-7f04ad33e000 rw-p 0000c000 08:02 6562514                    /usr/lib/x86_64-linux-gnu/libwayland-client.so.0.2.0
7f04ad33e000-7f04ad343000 r-xp 00000000 08:02 6562570                    /usr/lib/x86_64-linux-gnu/libxcb-xfixes.so.0.0.0
7f04ad343000-7f04ad543000 ---p 00005000 08:02 6562570                    /usr/lib/x86_64-linux-gnu/libxcb-xfixes.so.0.0.0
7f04ad543000-7f04ad544000 r--p 00005000 08:02 6562570                    /usr/lib/x86_64-linux-gnu/libxcb-xfixes.so.0.0.0
7f04ad544000-7f04ad545000 rw-p 00006000 08:02 6562570                    /usr/lib/x86_64-linux-gnu/libxcb-xfixes.so.0.0.0
7f04ad545000-7f04ad56c000 r-xp 00000000 08:02 6948353                    /usr/lib/x86_64-linux-gnu/mesa-egl/libEGL.so.1.0.0
7f04ad56c000-7f04ad76c000 ---p 00027000 08:02 6948353                    /usr/lib/x86_64-linux-gnu/mesa-egl/libEGL.so.1.0.0
7f04ad76c000-7f04ad76d000 r--p 00027000 08:02 6948353                    /usr/lib/x86_64-linux-gnu/mesa-egl/libEGL.so.1.0.0
7f04ad76d000-7f04ad76e000 rw-p 00028000 08:02 6948353                    /usr/lib/x86_64-linux-gnu/mesa-egl/libEGL.so.1.0.0
7f04ad76e000-7f04ad76f000 rw-p 00000000 00:00 0 
7f04ad76f000-7f04ad775000 r-xp 00000000 08:02 6948357                    /usr/lib/x86_64-linux-gnu/mesa-egl/libGLESv2.so.2.0.0
7f04ad775000-7f04ad974000 ---p 00006000 08:02 6948357                    /usr/lib/x86_64-linux-gnu/mesa-egl/libGLESv2.so.2.0.0
7f04ad974000-7f04ad975000 r--p 00005000 08:02 6948357                    /usr/lib/x86_64-linux-gnu/mesa-egl/libGLESv2.so.2.0.0
7f04ad975000-7f04ad976000 rw-p 00006000 08:02 6948357                    /usr/lib/x86_64-linux-gnu/mesa-egl/libGLESv2.so.2.0.0
7f04ad976000-7f04ad979000 ---p 00000000 00:00 0 
7f04ad979000-7f04ada77000 rw-p 00000000 00:00 0                          [stack:6040]
7f04ada77000-7f04adb2a000 r-xp 00000000 08:02 4461995                    /tmp/jogamp_0000/file_cache/jln4387065227587193197/jln3835009857947702743/libjogl_desktop.so
7f04adb2a000-7f04add2a000 ---p 000b3000 08:02 4461995                    /tmp/jogamp_0000/file_cache/jln4387065227587193197/jln3835009857947702743/libjogl_desktop.so
7f04add2a000-7f04add2b000 rw-p 000b3000 08:02 4461995                    /tmp/jogamp_0000/file_cache/jln4387065227587193197/jln3835009857947702743/libjogl_desktop.so
7f04add2b000-7f04add36000 r-xp 00000000 08:02 6561750                    /usr/lib/x86_64-linux-gnu/libdrm.so.2.4.0
7f04add36000-7f04adf35000 ---p 0000b000 08:02 6561750                    /usr/lib/x86_64-linux-gnu/libdrm.so.2.4.0
7f04adf35000-7f04adf36000 r--p 0000a000 08:02 6561750                    /usr/lib/x86_64-linux-gnu/libdrm.so.2.4.0
7f04adf36000-7f04adf37000 rw-p 0000b000 08:02 6561750                    /usr/lib/x86_64-linux-gnu/libdrm.so.2.4.0
7f04adf37000-7f04adf38000 r-xp 00000000 08:02 6562584                    /usr/lib/x86_64-linux-gnu/libxshmfence.so.1.0.0
7f04adf38000-7f04ae137000 ---p 00001000 08:02 6562584                    /usr/lib/x86_64-linux-gnu/libxshmfence.so.1.0.0
7f04ae137000-7f04ae138000 r--p 00000000 08:02 6562584                    /usr/lib/x86_64-linux-gnu/libxshmfence.so.1.0.0
7f04ae138000-7f04ae139000 rw-p 00001000 08:02 6562584                    /usr/lib/x86_64-linux-gnu/libxshmfence.so.1.0.0
7f04ae139000-7f04ae13e000 r-xp 00000000 08:02 6562566                    /usr/lib/x86_64-linux-gnu/libxcb-sync.so.1.0.0
7f04ae13e000-7f04ae33d000 ---p 00005000 08:02 6562566                    /usr/lib/x86_64-linux-gnu/libxcb-sync.so.1.0.0
7f04ae33d000-7f04ae33e000 r--p 00004000 08:02 6562566                    /usr/lib/x86_64-linux-gnu/libxcb-sync.so.1.0.0
7f04ae33e000-7f04ae33f000 rw-p 00005000 08:02 6562566                    /usr/lib/x86_64-linux-gnu/libxcb-sync.so.1.0.0
7f04ae33f000-7f04ae341000 r-xp 00000000 08:02 6562554                    /usr/lib/x86_64-linux-gnu/libxcb-present.so.0.0.0
7f04ae341000-7f04ae540000 ---p 00002000 08:02 6562554                    /usr/lib/x86_64-linux-gnu/libxcb-present.so.0.0.0
7f04ae540000-7f04ae541000 r--p 00001000 08:02 6562554                    /usr/lib/x86_64-linux-gnu/libxcb-present.so.0.0.0
7f04ae541000-7f04ae542000 rw-p 00002000 08:02 6562554                    /usr/lib/x86_64-linux-gnu/libxcb-present.so.0.0.0
7f04ae542000-7f04ae544000 r-xp 00000000 08:02 6562544                    /usr/lib/x86_64-linux-gnu/libxcb-dri3.so.0.0.0
7f04ae544000-7f04ae743000 ---p 00002000 08:02 6562544                    /usr/lib/x86_64-linux-gnu/libxcb-dri3.so.0.0.0
7f04ae743000-7f04ae744000 r--p 00001000 08:02 6562544                    /usr/lib/x86_64-linux-gnu/libxcb-dri3.so.0.0.0
7f04ae744000-7f04ae745000 rw-p 00002000 08:02 6562544                    /usr/lib/x86_64-linux-gnu/libxcb-dri3.so.0.0.0
7f04ae745000-7f04ae748000 r-xp 00000000 08:02 6562542                    /usr/lib/x86_64-linux-gnu/libxcb-dri2.so.0.0.0
7f04ae748000-7f04ae948000 ---p 00003000 08:02 6562542                    /usr/lib/x86_64-linux-gnu/libxcb-dri2.so.0.0.0
7f04ae948000-7f04ae949000 r--p 00003000 08:02 6562542                    /usr/lib/x86_64-linux-gnu/libxcb-dri2.so.0.0.0
7f04ae949000-7f04ae94a000 rw-p 00004000 08:02 6562542                    /usr/lib/x86_64-linux-gnu/libxcb-dri2.so.0.0.0
7f04ae94a000-7f04ae95f000 r-xp 00000000 08:02 6562546                    /usr/lib/x86_64-linux-gnu/libxcb-glx.so.0.0.0
7f04ae95f000-7f04aeb5e000 ---p 00015000 08:02 6562546                    /usr/lib/x86_64-linux-gnu/libxcb-glx.so.0.0.0
7f04aeb5e000-7f04aeb60000 r--p 00014000 08:02 6562546                    /usr/lib/x86_64-linux-gnu/libxcb-glx.so.0.0.0
7f04aeb60000-7f04aeb61000 rw-p 00016000 08:02 6562546                    /usr/lib/x86_64-linux-gnu/libxcb-glx.so.0.0.0
7f04aeb61000-7f04aeb62000 r-xp 00000000 08:02 6561502                    /usr/lib/x86_64-linux-gnu/libX11-xcb.so.1.0.0
7f04aeb62000-7f04aed61000 ---p 00001000 08:02 6561502                    /usr/lib/x86_64-linux-gnu/libX11-xcb.so.1.0.0
7f04aed61000-7f04aed62000 r--p 00000000 08:02 6561502                    /usr/lib/x86_64-linux-gnu/libX11-xcb.so.1.0.0
7f04aed62000-7f04aed63000 rw-p 00001000 08:02 6561502                    /usr/lib/x86_64-linux-gnu/libX11-xcb.so.1.0.0
7f04aed63000-7f04aed65000 r-xp 00000000 08:02 6561517                    /usr/lib/x86_64-linux-gnu/libXdamage.so.1.1.0
7f04aed65000-7f04aef64000 ---p 00002000 08:02 6561517                    /usr/lib/x86_64-linux-gnu/libXdamage.so.1.1.0
7f04aef64000-7f04aef65000 r--p 00001000 08:02 6561517                    /usr/lib/x86_64-linux-gnu/libXdamage.so.1.1.0
7f04aef65000-7f04aef66000 rw-p 00002000 08:02 6561517                    /usr/lib/x86_64-linux-gnu/libXdamage.so.1.1.0
7f04aef66000-7f04aef8b000 r-xp 00000000 08:02 6561895                    /usr/lib/x86_64-linux-gnu/libglapi.so.0.0.0
7f04aef8b000-7f04af18b000 ---p 00025000 08:02 6561895                    /usr/lib/x86_64-linux-gnu/libglapi.so.0.0.0
7f04af18b000-7f04af18e000 r--p 00025000 08:02 6561895                    /usr/lib/x86_64-linux-gnu/libglapi.so.0.0.0
7f04af18e000-7f04af18f000 rw-p 00028000 08:02 6561895                    /usr/lib/x86_64-linux-gnu/libglapi.so.0.0.0
7f04af18f000-7f04af190000 rw-p 00000000 00:00 0 
7f04af190000-7f04af1b7000 r-xp 00000000 08:02 13637323                   /lib/x86_64-linux-gnu/libexpat.so.1.6.0
7f04af1b7000-7f04af3b7000 ---p 00027000 08:02 13637323                   /lib/x86_64-linux-gnu/libexpat.so.1.6.0
7f04af3b7000-7f04af3b9000 r--p 00027000 08:02 13637323                   /lib/x86_64-linux-gnu/libexpat.so.1.6.0
7f04af3b9000-7f04af3ba000 rw-p 00029000 08:02 13637323                   /lib/x86_64-linux-gnu/libexpat.so.1.6.0
7f04af3ba000-7f04af448000 r-xp 00000000 08:02 6948350                    /usr/lib/x86_64-linux-gnu/mesa/libGL.so.1.2.0
7f04af448000-7f04af647000 ---p 0008e000 08:02 6948350                    /usr/lib/x86_64-linux-gnu/mesa/libGL.so.1.2.0
7f04af647000-7f04af64a000 r--p 0008d000 08:02 6948350                    /usr/lib/x86_64-linux-gnu/mesa/libGL.so.1.2.0
7f04af64a000-7f04af64b000 rw-p 00090000 08:02 6948350                    /usr/lib/x86_64-linux-gnu/mesa/libGL.so.1.2.0
7f04af64b000-7f04af84c000 rw-p 00000000 00:00 0 
7f04af84c000-7f04af84e000 r-xp 00000000 08:02 6561531                    /usr/lib/x86_64-linux-gnu/libXinerama.so.1.0.0
7f04af84e000-7f04afa4d000 ---p 00002000 08:02 6561531                    /usr/lib/x86_64-linux-gnu/libXinerama.so.1.0.0
7f04afa4d000-7f04afa4e000 r--p 00001000 08:02 6561531                    /usr/lib/x86_64-linux-gnu/libXinerama.so.1.0.0
7f04afa4e000-7f04afa4f000 rw-p 00002000 08:02 6561531                    /usr/lib/x86_64-linux-gnu/libXinerama.so.1.0.0
7f04afa4f000-7f04afa52000 ---p 00000000 00:00 0 
7f04afa52000-7f04b0000000 rw-p 00000000 00:00 0                          [stack:6039]
7f04b0000000-7f04b0021000 rw-p 00000000 00:00 0 
7f04b0021000-7f04b4000000 ---p 00000000 00:00 0 
7f04b4000000-7f04b4021000 rw-p 00000000 00:00 0 
7f04b4021000-7f04b8000000 ---p 00000000 00:00 0 
7f04b8000000-7f04b8022000 rw-p 00000000 00:00 0 
7f04b8022000-7f04bc000000 ---p 00000000 00:00 0 
7f04bc000000-7f04bc021000 rw-p 00000000 00:00 0 
7f04bc021000-7f04c0000000 ---p 00000000 00:00 0 
7f04c0000000-7f04c0021000 rw-p 00000000 00:00 0 
7f04c0021000-7f04c4000000 ---p 00000000 00:00 0 
7f04c4000000-7f04c4021000 rw-p 00000000 00:00 0 
7f04c4021000-7f04c8000000 ---p 00000000 00:00 0 
7f04c8000000-7f04c8426000 rw-p 00000000 00:00 0 
7f04c8426000-7f04cc000000 ---p 00000000 00:00 0 
7f04cc000000-7f04cc021000 rw-p 00000000 00:00 0 
7f04cc021000-7f04d0000000 ---p 00000000 00:00 0 
7f04d0000000-7f04d31db000 rw-p 00000000 00:00 0 
7f04d31db000-7f04d4000000 ---p 00000000 00:00 0 
7f04d4000000-7f04d7be4000 rw-p 00000000 00:00 0 
7f04d7be4000-7f04d8000000 ---p 00000000 00:00 0 
7f04d8000000-7f04d8021000 rw-p 00000000 00:00 0 
7f04d8021000-7f04dc000000 ---p 00000000 00:00 0 
7f04dc000000-7f04dc021000 rw-p 00000000 00:00 0 
7f04dc021000-7f04e0000000 ---p 00000000 00:00 0 
7f04e004a000-7f04e004b000 rw-p 00000000 00:00 0 
7f04e004b000-7f04e0053000 rw-s 00000000 00:05 97133                      /drm mm object (deleted)
7f04e0053000-7f04e005b000 rw-s 00000000 00:05 99480                      /drm mm object (deleted)
7f04e005b000-7f04e0063000 rw-s 00000000 00:05 98828                      /drm mm object (deleted)
7f04e0063000-7f04e006a000 r--s 00000000 08:02 6947811                    /usr/lib/x86_64-linux-gnu/gconv/gconv-modules.cache
7f04e006a000-7f04e007d000 r--s 00344000 08:02 6695996                    /usr/bin/processing-3.0/java/lib/resources.jar
7f04e007d000-7f04e0085000 rw-s 00000000 00:05 97063                      /drm mm object (deleted)
7f04e0085000-7f04e008d000 rw-s 00000000 00:05 97037                      /drm mm object (deleted)
7f04e008d000-7f04e0095000 rw-s 00000000 00:05 94095                      /drm mm object (deleted)
7f04e0095000-7f04e009d000 rw-s 00000000 00:05 97026                      /drm mm object (deleted)
7f04e009d000-7f04e00ac000 r-xp 00000000 08:02 4461999                    /tmp/jogamp_0000/file_cache/jln4387065227587193197/jln3835009857947702743/libnewt.so
7f04e00ac000-7f04e02ab000 ---p 0000f000 08:02 4461999                    /tmp/jogamp_0000/file_cache/jln4387065227587193197/jln3835009857947702743/libnewt.so
7f04e02ab000-7f04e02ac000 rw-p 0000e000 08:02 4461999                    /tmp/jogamp_0000/file_cache/jln4387065227587193197/jln3835009857947702743/libnewt.so
7f04e02ac000-7f04e02b3000 r-xp 00000000 08:02 4461998                    /tmp/jogamp_0000/file_cache/jln4387065227587193197/jln3835009857947702743/libnativewindow_x11.so
7f04e02b3000-7f04e04b2000 ---p 00007000 08:02 4461998                    /tmp/jogamp_0000/file_cache/jln4387065227587193197/jln3835009857947702743/libnativewindow_x11.so
7f04e04b2000-7f04e04b3000 rw-p 00006000 08:02 4461998                    /tmp/jogamp_0000/file_cache/jln4387065227587193197/jln3835009857947702743/libnativewindow_x11.so
7f04e04b3000-7f04e04b6000 ---p 00000000 00:00 0 
7f04e04b6000-7f04e05b4000 rw-p 00000000 00:00 0                          [stack:6056]
7f04e05b4000-7f04e05b8000 r-xp 00000000 08:02 6561559                    /usr/lib/x86_64-linux-gnu/libXxf86vm.so.1.0.0
7f04e05b8000-7f04e07b8000 ---p 00004000 08:02 6561559                    /usr/lib/x86_64-linux-gnu/libXxf86vm.so.1.0.0
7f04e07b8000-7f04e07b9000 r--p 00004000 08:02 6561559                    /usr/lib/x86_64-linux-gnu/libXxf86vm.so.1.0.0
7f04e07b9000-7f04e07ba000 rw-p 00005000 08:02 6561559                    /usr/lib/x86_64-linux-gnu/libXxf86vm.so.1.0.0
7f04e07ba000-7f04e07bc000 rw-s 1aaddd000 00:06 10208                     /dev/dri/card0
7f04e07bc000-7f04e07bd000 rw-s 1aaddc000 00:06 10208                     /dev/dri/card0
7f04e07bd000-7f04e07be000 rw-s 81000000 00:06 94744                      /dev/snd/pcmC2D0p
7f04e07be000-7f04e07bf000 r--s 80000000 00:06 94744                      /dev/snd/pcmC2D0p
7f04e07bf000-7f04e07c0000 rw-s 1aad3b000 00:06 10208                     /dev/dri/card0
7f04e07c0000-7f04e07c1000 rw-s 1aad3a000 00:06 10208                     /dev/dri/card0
7f04e07c1000-7f04e07c2000 rwxp 00000000 00:00 0 
7f04e07c2000-7f04e07ca000 rw-s 00000000 00:05 98753                      /drm mm object (deleted)
7f04e07ca000-7f04e07d2000 rw-s 00000000 00:05 97858                      /drm mm object (deleted)
7f04e07d2000-7f04e07d3000 rw-s 1aad39000 00:06 10208                     /dev/dri/card0
7f04e07d3000-7f04e07db000 rw-s 00000000 00:05 98742                      /drm mm object (deleted)
7f04e07db000-7f04e07dd000 r-xp 00000000 08:02 4461997                    /tmp/jogamp_0000/file_cache/jln4387065227587193197/jln3835009857947702743/libnativewindow_awt.so
7f04e07dd000-7f04e09dc000 ---p 00002000 08:02 4461997                    /tmp/jogamp_0000/file_cache/jln4387065227587193197/jln3835009857947702743/libnativewindow_awt.so
7f04e09dc000-7f04e09dd000 rw-p 00001000 08:02 4461997                    /tmp/jogamp_0000/file_cache/jln4387065227587193197/jln3835009857947702743/libnativewindow_awt.so
7f04e09dd000-7f04e09de000 r-xp 00000000 08:02 8012156                    /usr/bin/processing-3.0/java/lib/amd64/libjawt.so
7f04e09de000-7f04e0bdd000 ---p 00001000 08:02 8012156                    /usr/bin/processing-3.0/java/lib/amd64/libjawt.so
7f04e0bdd000-7f04e0bde000 rw-p 00000000 08:02 8012156                    /usr/bin/processing-3.0/java/lib/amd64/libjawt.so
7f04e0bde000-7f04e0be0000 r-xp 00000000 08:02 4461994                    /tmp/jogamp_0000/file_cache/jln4387065227587193197/jln3835009857947702743/libgluegen-rt.so
7f04e0be0000-7f04e0ddf000 ---p 00002000 08:02 4461994                    /tmp/jogamp_0000/file_cache/jln4387065227587193197/jln3835009857947702743/libgluegen-rt.so
7f04e0ddf000-7f04e0de0000 rw-p 00001000 08:02 4461994                    /tmp/jogamp_0000/file_cache/jln4387065227587193197/jln3835009857947702743/libgluegen-rt.so
7f04e0de0000-7f04e0de3000 ---p 00000000 00:00 0 
7f04e0de3000-7f04e0ee1000 rw-p 00000000 00:00 0                          [stack:6061]
7f04e0ee1000-7f04e0ef2000 r-xp 00000000 08:02 8012203                    /usr/bin/processing-3.0/java/lib/amd64/libnio.so
7f04e0ef2000-7f04e10f1000 ---p 00011000 08:02 8012203                    /usr/bin/processing-3.0/java/lib/amd64/libnio.so
7f04e10f1000-7f04e10f2000 rw-p 00010000 08:02 8012203                    /usr/bin/processing-3.0/java/lib/amd64/libnio.so
7f04e10f2000-7f04e1108000 r-xp 00000000 08:02 8012151                    /usr/bin/processing-3.0/java/lib/amd64/libnet.so
7f04e1108000-7f04e1308000 ---p 00016000 08:02 8012151                    /usr/bin/processing-3.0/java/lib/amd64/libnet.so
7f04e1308000-7f04e1309000 rw-p 00016000 08:02 8012151                    /usr/bin/processing-3.0/java/lib/amd64/libnet.so
7f04e1309000-7f04e130c000 ---p 00000000 00:00 0 
7f04e130c000-7f04e1342000 rw-p 00000000 00:00 0 
7f04e1342000-7f04e1343000 r--p 00000000 00:00 0 
7f04e1343000-7f04e1347000 r--s 00095000 08:02 6696012                    /usr/bin/processing-3.0/java/lib/jsse.jar
7f04e1347000-7f04e1547000 rw-p 00000000 00:00 0 
7f04e1547000-7f04e154a000 r--s 00041000 08:02 8014028                    /usr/bin/processing-3.0/modes/java/mode/org.netbeans.swing.outline.jar
7f04e154a000-7f04e154f000 r--s 00038000 08:02 8014038                    /usr/bin/processing-3.0/modes/java/mode/org.eclipse.text.jar
7f04e154f000-7f04e1563000 r--s 00121000 08:02 8014045                    /usr/bin/processing-3.0/modes/java/mode/org.eclipse.osgi.jar
7f04e1563000-7f04e159b000 r--s 00515000 08:02 8014044                    /usr/bin/processing-3.0/modes/java/mode/org.eclipse.jdt.core.jar
7f04e159b000-7f04e159e000 r--s 0001c000 08:02 8014042                    /usr/bin/processing-3.0/modes/java/mode/org.eclipse.equinox.preferences.jar
7f04e159e000-7f04e15a1000 r--s 00018000 08:02 8014034                    /usr/bin/processing-3.0/modes/java/mode/org.eclipse.equinox.common.jar
7f04e15a1000-7f04e15a3000 r--s 00011000 08:02 8014037                    /usr/bin/processing-3.0/modes/java/mode/org.eclipse.core.runtime.jar
7f04e15a3000-7f04e15ae000 r--s 000c1000 08:02 8014040                    /usr/bin/processing-3.0/modes/java/mode/org.eclipse.core.resources.jar
7f04e15ae000-7f04e15b0000 r--s 00016000 08:02 8014027                    /usr/bin/processing-3.0/modes/java/mode/org.eclipse.core.jobs.jar
7f04e15b0000-7f04e15b2000 r--s 00015000 08:02 8014029                    /usr/bin/processing-3.0/modes/java/mode/org.eclipse.core.contenttype.jar
7f04e15b2000-7f04e15b7000 r--s 0003f000 08:02 8014032                    /usr/bin/processing-3.0/modes/java/mode/jsoup-1.7.1.jar
7f04e15b7000-7f04e15b8000 r--s 00003000 08:02 8014046                    /usr/bin/processing-3.0/modes/java/mode/jdtCompilerAdapter.jar
7f04e15b8000-7f04e15c5000 r--s 000cb000 08:02 8014036                    /usr/bin/processing-3.0/modes/java/mode/jdimodel.jar
7f04e15c5000-7f04e15c9000 r--s 0000e000 08:02 8014030                    /usr/bin/processing-3.0/modes/java/mode/jdi.jar
7f04e15c9000-7f04e15cf000 r--s 0007d000 08:02 8014033                    /usr/bin/processing-3.0/modes/java/mode/JavaMode.jar
7f04e15cf000-7f04e162a000 r--s 009e2000 08:02 8014039                    /usr/bin/processing-3.0/modes/java/mode/com.ibm.icu.jar
7f04e162a000-7f04e162b000 r--s 00003000 08:02 8014035                    /usr/bin/processing-3.0/modes/java/mode/classpath-explorer-1.0.jar
7f04e162b000-7f04e1630000 r--s 00068000 08:02 8014043                    /usr/bin/processing-3.0/modes/java/mode/antlr.jar
7f04e1630000-7f04e163a000 r--s 00097000 08:02 6695776                    /usr/bin/processing-3.0/lib/pde.jar
7f04e163a000-7f04e164e000 r--s 00127000 08:02 6695832                    /usr/bin/processing-3.0/lib/jna.jar
7f04e164e000-7f04e1650000 r--s 00002000 08:02 6695836                    /usr/bin/processing-3.0/lib/ant-launcher.jar
7f04e1650000-7f04e166e000 r--s 001bb000 08:02 6695851                    /usr/bin/processing-3.0/lib/ant.jar
7f04e166e000-7f04e1670000 r--s 00005000 08:02 4591938                    /home/akelly/sketchbook/libraries/minim/library/mp3spi1.9.5.jar
7f04e1670000-7f04e1693000 r--s 00308000 08:02 6569034                    /usr/bin/processing-3.0/core/library/jogl-all.jar
7f04e1693000-7f04e169c000 r-xp 00000000 08:02 6561541                    /usr/lib/x86_64-linux-gnu/libXrandr.so.2.2.0
7f04e169c000-7f04e189b000 ---p 00009000 08:02 6561541                    /usr/lib/x86_64-linux-gnu/libXrandr.so.2.2.0
7f04e189b000-7f04e189c000 r--p 00008000 08:02 6561541                    /usr/lib/x86_64-linux-gnu/libXrandr.so.2.2.0
7f04e189c000-7f04e189d000 rw-p 00009000 08:02 6561541                    /usr/lib/x86_64-linux-gnu/libXrandr.so.2.2.0
7f04e189d000-7f04e18a0000 ---p 00000000 00:00 0 
7f04e18a0000-7f04e199e000 rw-p 00000000 00:00 0                          [stack:6028]
7f04e199e000-7f04e19a3000 r-xp 00000000 08:02 6561523                    /usr/lib/x86_64-linux-gnu/libXfixes.so.3.1.0
7f04e19a3000-7f04e1ba2000 ---p 00005000 08:02 6561523                    /usr/lib/x86_64-linux-gnu/libXfixes.so.3.1.0
7f04e1ba2000-7f04e1ba3000 r--p 00004000 08:02 6561523                    /usr/lib/x86_64-linux-gnu/libXfixes.so.3.1.0
7f04e1ba3000-7f04e1ba4000 rw-p 00005000 08:02 6561523                    /usr/lib/x86_64-linux-gnu/libXfixes.so.3.1.0
7f04e1ba4000-7f04e1bad000 r-xp 00000000 08:02 6561515                    /usr/lib/x86_64-linux-gnu/libXcursor.so.1.0.2
7f04e1bad000-7f04e1dac000 ---p 00009000 08:02 6561515                    /usr/lib/x86_64-linux-gnu/libXcursor.so.1.0.2
7f04e1dac000-7f04e1dad000 r--p 00008000 08:02 6561515                    /usr/lib/x86_64-linux-gnu/libXcursor.so.1.0.2
7f04e1dad000-7f04e1dae000 rw-p 00009000 08:02 6561515                    /usr/lib/x86_64-linux-gnu/libXcursor.so.1.0.2
7f04e1dae000-7f04e1db1000 ---p 00000000 00:00 0 
7f04e1db1000-7f04e1eaf000 rw-p 00000000 00:00 0                          [stack:6027]
7f04e1eaf000-7f04e1ec5000 r-xp 00000000 08:02 13635717                   /lib/x86_64-linux-gnu/libgcc_s.so.1
7f04e1ec5000-7f04e20c4000 ---p 00016000 08:02 13635717                   /lib/x86_64-linux-gnu/libgcc_s.so.1
7f04e20c4000-7f04e20c5000 rw-p 00015000 08:02 13635717                   /lib/x86_64-linux-gnu/libgcc_s.so.1
7f04e20c5000-7f04e212b000 r-xp 00000000 08:02 8012146                    /usr/bin/processing-3.0/java/lib/amd64/libfontmanager.so
7f04e212b000-7f04e232a000 ---p 00066000 08:02 8012146                    /usr/bin/processing-3.0/java/lib/amd64/libfontmanager.so
7f04e232a000-7f04e232e000 rw-p 00065000 08:02 8012146                    /usr/bin/processing-3.0/java/lib/amd64/libfontmanager.so
7f04e232e000-7f04e233f000 rw-p 00000000 00:00 0 
7f04e233f000-7f04e2344000 r-xp 00000000 08:02 6561519                    /usr/lib/x86_64-linux-gnu/libXdmcp.so.6.0.0
7f04e2344000-7f04e2543000 ---p 00005000 08:02 6561519                    /usr/lib/x86_64-linux-gnu/libXdmcp.so.6.0.0
7f04e2543000-7f04e2544000 r--p 00004000 08:02 6561519                    /usr/lib/x86_64-linux-gnu/libXdmcp.so.6.0.0
7f04e2544000-7f04e2545000 rw-p 00005000 08:02 6561519                    /usr/lib/x86_64-linux-gnu/libXdmcp.so.6.0.0
7f04e2545000-7f04e2547000 r-xp 00000000 08:02 6561508                    /usr/lib/x86_64-linux-gnu/libXau.so.6.0.0
7f04e2547000-7f04e2747000 ---p 00002000 08:02 6561508                    /usr/lib/x86_64-linux-gnu/libXau.so.6.0.0
7f04e2747000-7f04e2748000 r--p 00002000 08:02 6561508                    /usr/lib/x86_64-linux-gnu/libXau.so.6.0.0
7f04e2748000-7f04e2749000 rw-p 00003000 08:02 6561508                    /usr/lib/x86_64-linux-gnu/libXau.so.6.0.0
7f04e2749000-7f04e2766000 r-xp 00000000 08:02 6562574                    /usr/lib/x86_64-linux-gnu/libxcb.so.1.1.0
7f04e2766000-7f04e2966000 ---p 0001d000 08:02 6562574                    /usr/lib/x86_64-linux-gnu/libxcb.so.1.1.0
7f04e2966000-7f04e2967000 r--p 0001d000 08:02 6562574                    /usr/lib/x86_64-linux-gnu/libxcb.so.1.1.0
7f04e2967000-7f04e2968000 rw-p 0001e000 08:02 6562574                    /usr/lib/x86_64-linux-gnu/libxcb.so.1.1.0
7f04e2968000-7f04e2977000 r-xp 00000000 08:02 6561529                    /usr/lib/x86_64-linux-gnu/libXi.so.6.1.0
7f04e2977000-7f04e2b76000 ---p 0000f000 08:02 6561529                    /usr/lib/x86_64-linux-gnu/libXi.so.6.1.0
7f04e2b76000-7f04e2b77000 r--p 0000e000 08:02 6561529                    /usr/lib/x86_64-linux-gnu/libXi.so.6.1.0
7f04e2b77000-7f04e2b78000 rw-p 0000f000 08:02 6561529                    /usr/lib/x86_64-linux-gnu/libXi.so.6.1.0
7f04e2b78000-7f04e2b7d000 r-xp 00000000 08:02 6561549                    /usr/lib/x86_64-linux-gnu/libXtst.so.6.1.0
7f04e2b7d000-7f04e2d7c000 ---p 00005000 08:02 6561549                    /usr/lib/x86_64-linux-gnu/libXtst.so.6.1.0
7f04e2d7c000-7f04e2d7d000 r--p 00004000 08:02 6561549                    /usr/lib/x86_64-linux-gnu/libXtst.so.6.1.0
7f04e2d7d000-7f04e2d7e000 rw-p 00005000 08:02 6561549                    /usr/lib/x86_64-linux-gnu/libXtst.so.6.1.0
7f04e2d7e000-7f04e2d87000 r-xp 00000000 08:02 6561543                    /usr/lib/x86_64-linux-gnu/libXrender.so.1.3.0
7f04e2d87000-7f04e2f86000 ---p 00009000 08:02 6561543                    /usr/lib/x86_64-linux-gnu/libXrender.so.1.3.0
7f04e2f86000-7f04e2f87000 r--p 00008000 08:02 6561543                    /usr/lib/x86_64-linux-gnu/libXrender.so.1.3.0
7f04e2f87000-7f04e2f88000 rw-p 00009000 08:02 6561543                    /usr/lib/x86_64-linux-gnu/libXrender.so.1.3.0
7f04e2f88000-7f04e30b8000 r-xp 00000000 08:02 6561504                    /usr/lib/x86_64-linux-gnu/libX11.so.6.3.0
7f04e30b8000-7f04e32b8000 ---p 00130000 08:02 6561504                    /usr/lib/x86_64-linux-gnu/libX11.so.6.3.0
7f04e32b8000-7f04e32b9000 r--p 00130000 08:02 6561504                    /usr/lib/x86_64-linux-gnu/libX11.so.6.3.0
7f04e32b9000-7f04e32bd000 rw-p 00131000 08:02 6561504                    /usr/lib/x86_64-linux-gnu/libX11.so.6.3.0
7f04e32bd000-7f04e32ce000 r-xp 00000000 08:02 6561521                    /usr/lib/x86_64-linux-gnu/libXext.so.6.4.0
7f04e32ce000-7f04e34cd000 ---p 00011000 08:02 6561521                    /usr/lib/x86_64-linux-gnu/libXext.so.6.4.0
7f04e34cd000-7f04e34ce000 r--p 00010000 08:02 6561521                    /usr/lib/x86_64-linux-gnu/libXext.so.6.4.0
7f04e34ce000-7f04e34cf000 rw-p 00011000 08:02 6561521                    /usr/lib/x86_64-linux-gnu/libXext.so.6.4.0
7f04e34cf000-7f04e3523000 r-xp 00000000 08:02 8012182                    /usr/bin/processing-3.0/java/lib/amd64/libawt_xawt.so
7f04e3523000-7f04e3723000 ---p 00054000 08:02 8012182                    /usr/bin/processing-3.0/java/lib/amd64/libawt_xawt.so
7f04e3723000-7f04e3727000 rw-p 00054000 08:02 8012182                    /usr/bin/processing-3.0/java/lib/amd64/libawt_xawt.so
7f04e3727000-7f04e3728000 rw-p 00000000 00:00 0 
7f04e3728000-7f04e37ca000 r-xp 00000000 08:02 8012174                    /usr/bin/processing-3.0/java/lib/amd64/libawt.so
7f04e37ca000-7f04e39ca000 ---p 000a2000 08:02 8012174                    /usr/bin/processing-3.0/java/lib/amd64/libawt.so
7f04e39ca000-7f04e39d6000 rw-p 000a2000 08:02 8012174                    /usr/bin/processing-3.0/java/lib/amd64/libawt.so
7f04e39d6000-7f04e39fa000 rw-p 00000000 00:00 0 
7f04e39fa000-7f04e39fb000 ---p 00000000 00:00 0 
7f04e39fb000-7f04e3afb000 rw-p 00000000 00:00 0                          [stack:6026]
7f04e3afb000-7f04e3afe000 ---p 00000000 00:00 0 
7f04e3afe000-7f04e3bfc000 rw-p 00000000 00:00 0                          [stack:6025]
7f04e3bfc000-7f04e3bff000 ---p 00000000 00:00 0 
7f04e3bff000-7f04e3cfd000 rw-p 00000000 00:00 0                          [stack:6024]
7f04e3cfd000-7f04e3d00000 ---p 00000000 00:00 0 
7f04e3d00000-7f04e3dfe000 rw-p 00000000 00:00 0                          [stack:6023]
7f04e3dfe000-7f04e3e01000 ---p 00000000 00:00 0 
7f04e3e01000-7f04e3eff000 rw-p 00000000 00:00 0                          [stack:6022]
7f04e3eff000-7f04e3f02000 ---p 00000000 00:00 0 
7f04e3f02000-7f04e4000000 rw-p 00000000 00:00 0                          [stack:6013]
7f04e4000000-7f04e4021000 rw-p 00000000 00:00 0 
7f04e4021000-7f04e8000000 ---p 00000000 00:00 0 
7f04e8000000-7f04e8021000 rw-p 00000000 00:00 0 
7f04e8021000-7f04ec000000 ---p 00000000 00:00 0 
7f04ec000000-7f04ec021000 rw-p 00000000 00:00 0 
7f04ec021000-7f04f0000000 ---p 00000000 00:00 0 
7f04f0000000-7f04f0021000 rw-p 00000000 00:00 0 
7f04f0021000-7f04f4000000 ---p 00000000 00:00 0 
7f04f4000000-7f04f4021000 rw-p 00000000 00:00 0 
7f04f4021000-7f04f8000000 ---p 00000000 00:00 0 
7f04f8000000-7f04f8021000 rw-p 00000000 00:00 0 
7f04f8021000-7f04fc000000 ---p 00000000 00:00 0 
7f04fc000000-7f04fc021000 rw-p 00000000 00:00 0 
7f04fc021000-7f0500000000 ---p 00000000 00:00 0 
7f0500000000-7f0500021000 rw-p 00000000 00:00 0 
7f0500021000-7f0504000000 ---p 00000000 00:00 0 
7f0504000000-7f0504021000 rw-p 00000000 00:00 0 
7f0504021000-7f0508000000 ---p 00000000 00:00 0 
7f0508000000-7f0508001000 r--s 0000b000 08:02 4591937                    /home/akelly/sketchbook/libraries/minim/library/jsminim.jar
7f0508001000-7f0508005000 r--s 00040000 08:02 4591936                    /home/akelly/sketchbook/libraries/minim/library/jl1.0.1.jar
7f0508005000-7f0508008000 r--s 00017000 08:02 4591933                    /home/akelly/sketchbook/libraries/minim/library/tritonus_share.jar
7f0508008000-7f0508022000 r--s 01689000 08:02 6569030                    /usr/bin/processing-3.0/core/library/jogl-java-src.zip
7f0508022000-7f0508025000 ---p 00000000 00:00 0 
7f0508025000-7f0508123000 rw-p 00000000 00:00 0                          [stack:6008]
7f0508123000-7f0508126000 ---p 00000000 00:00 0 
7f0508126000-7f0508224000 rw-p 00000000 00:00 0                          [stack:6007]
7f0508224000-7f0508228000 r-xp 00000000 08:02 8012175                    /usr/bin/processing-3.0/java/lib/amd64/libdt_socket.so
7f0508228000-7f0508427000 ---p 00004000 08:02 8012175                    /usr/bin/processing-3.0/java/lib/amd64/libdt_socket.so
7f0508427000-7f0508428000 rw-p 00003000 08:02 8012175                    /usr/bin/processing-3.0/java/lib/amd64/libdt_socket.so
7f0508428000-7f050842b000 ---p 00000000 00:00 0 
7f050842b000-7f0508529000 rw-p 00000000 00:00 0                          [stack:6006]
7f0508529000-7f050852c000 ---p 00000000 00:00 0 
7f050852c000-7f050862a000 rw-p 00000000 00:00 0                          [stack:6005]
7f050862a000-7f050862d000 ---p 00000000 00:00 0 
7f050862d000-7f050872b000 rw-p 00000000 00:00 0                          [stack:6004]
7f050872b000-7f050872c000 ---p 00000000 00:00 0 
7f050872c000-7f05097bf000 rw-p 00000000 00:00 0                          [stack:6003]
7f05097bf000-7f0509997000 r--s 03d0c000 08:02 6695974                    /usr/bin/processing-3.0/java/lib/rt.jar
7f0509997000-7f05125ce000 rw-p 00000000 00:00 0 
7f05125ce000-7f05125cf000 ---p 00000000 00:00 0 
7f05125cf000-7f05126cf000 rw-p 00000000 00:00 0                          [stack:6002]
7f05126cf000-7f05126d0000 ---p 00000000 00:00 0 
7f05126d0000-7f05127d0000 rw-p 00000000 00:00 0                          [stack:6001]
7f05127d0000-7f05127d1000 ---p 00000000 00:00 0 
7f05127d1000-7f05128d1000 rw-p 00000000 00:00 0                          [stack:6000]
7f05128d1000-7f05128d2000 ---p 00000000 00:00 0 
7f05128d2000-7f0512a26000 rw-p 00000000 00:00 0                          [stack:5999]
7f0512a26000-7f0512f02000 ---p 00000000 00:00 0 
7f0512f02000-7f0512f56000 rw-p 00000000 00:00 0 
7f0512f56000-7f0513431000 ---p 00000000 00:00 0 
7f0513431000-7f0513442000 rw-p 00000000 00:00 0 
7f0513442000-7f05136c9000 ---p 00000000 00:00 0 
7f05136c9000-7f05136e6000 rw-p 00000000 00:00 0 
7f05136e6000-7f0513a8a000 ---p 00000000 00:00 0 
7f0513a8a000-7f051418a000 rwxp 00000000 00:00 0 
7f051418a000-7f0522a8a000 ---p 00000000 00:00 0 
7f0522a8a000-7f0522aa4000 r-xp 00000000 08:02 8012189                    /usr/bin/processing-3.0/java/lib/amd64/libzip.so
7f0522aa4000-7f0522ca4000 ---p 0001a000 08:02 8012189                    /usr/bin/processing-3.0/java/lib/amd64/libzip.so
7f0522ca4000-7f0522ca5000 rw-p 0001a000 08:02 8012189                    /usr/bin/processing-3.0/java/lib/amd64/libzip.so
7f0522ca5000-7f0522cb0000 r-xp 00000000 08:02 13635765                   /lib/x86_64-linux-gnu/libnss_files-2.19.so
7f0522cb0000-7f0522eaf000 ---p 0000b000 08:02 13635765                   /lib/x86_64-linux-gnu/libnss_files-2.19.so
7f0522eaf000-7f0522eb0000 r--p 0000a000 08:02 13635765                   /lib/x86_64-linux-gnu/libnss_files-2.19.so
7f0522eb0000-7f0522eb1000 rw-p 0000b000 08:02 13635765                   /lib/x86_64-linux-gnu/libnss_files-2.19.so
7f0522eb1000-7f0522ebc000 r-xp 00000000 08:02 13635775                   /lib/x86_64-linux-gnu/libnss_nis-2.19.so
7f0522ebc000-7f05230bb000 ---p 0000b000 08:02 13635775                   /lib/x86_64-linux-gnu/libnss_nis-2.19.so
7f05230bb000-7f05230bc000 r--p 0000a000 08:02 13635775                   /lib/x86_64-linux-gnu/libnss_nis-2.19.so
7f05230bc000-7f05230bd000 rw-p 0000b000 08:02 13635775                   /lib/x86_64-linux-gnu/libnss_nis-2.19.so
7f05230bd000-7f05230d4000 r-xp 00000000 08:02 13635759                   /lib/x86_64-linux-gnu/libnsl-2.19.so
7f05230d4000-7f05232d3000 ---p 00017000 08:02 13635759                   /lib/x86_64-linux-gnu/libnsl-2.19.so
7f05232d3000-7f05232d4000 r--p 00016000 08:02 13635759                   /lib/x86_64-linux-gnu/libnsl-2.19.so
7f05232d4000-7f05232d5000 rw-p 00017000 08:02 13635759                   /lib/x86_64-linux-gnu/libnsl-2.19.so
7f05232d5000-7f05232d7000 rw-p 00000000 00:00 0 
7f05232d7000-7f05232e0000 r-xp 00000000 08:02 13635761                   /lib/x86_64-linux-gnu/libnss_compat-2.19.so
7f05232e0000-7f05234df000 ---p 00009000 08:02 13635761                   /lib/x86_64-linux-gnu/libnss_compat-2.19.so
7f05234df000-7f05234e0000 r--p 00008000 08:02 13635761                   /lib/x86_64-linux-gnu/libnss_compat-2.19.so
7f05234e0000-7f05234e1000 rw-p 00009000 08:02 13635761                   /lib/x86_64-linux-gnu/libnss_compat-2.19.so
7f05234e1000-7f0523bc3000 r--p 00000000 08:02 6560506                    /usr/lib/locale/locale-archive
7f0523bc3000-7f0523bc5000 r-xp 00000000 08:02 8012169                    /usr/bin/processing-3.0/java/lib/amd64/libnpt.so
7f0523bc5000-7f0523dc5000 ---p 00002000 08:02 8012169                    /usr/bin/processing-3.0/java/lib/amd64/libnpt.so
7f0523dc5000-7f0523dc6000 rw-p 00002000 08:02 8012169                    /usr/bin/processing-3.0/java/lib/amd64/libnpt.so
7f0523dc6000-7f0523dff000 r-xp 00000000 08:02 8012184                    /usr/bin/processing-3.0/java/lib/amd64/libjdwp.so
7f0523dff000-7f0523ffe000 ---p 00039000 08:02 8012184                    /usr/bin/processing-3.0/java/lib/amd64/libjdwp.so
7f0523ffe000-7f0524000000 rw-p 00038000 08:02 8012184                    /usr/bin/processing-3.0/java/lib/amd64/libjdwp.so
7f0524000000-7f05248d6000 rw-p 00000000 00:00 0 
7f05248d6000-7f0528000000 ---p 00000000 00:00 0 
7f0528000000-7f0528003000 r--s 00016000 08:02 4591932                    /home/akelly/sketchbook/libraries/minim/library/minim.jar
7f0528003000-7f052800b000 r--s 003d3000 08:02 6569026                    /usr/bin/processing-3.0/core/library/gluegen-java-src.zip
7f052800b000-7f05280f1000 rw-p 00000000 00:00 0 
7f05280f1000-7f052811b000 r-xp 00000000 08:02 8012204                    /usr/bin/processing-3.0/java/lib/amd64/libjava.so
7f052811b000-7f052831b000 ---p 0002a000 08:02 8012204                    /usr/bin/processing-3.0/java/lib/amd64/libjava.so
7f052831b000-7f052831d000 rw-p 0002a000 08:02 8012204                    /usr/bin/processing-3.0/java/lib/amd64/libjava.so
7f052831d000-7f052832a000 r-xp 00000000 08:02 8012148                    /usr/bin/processing-3.0/java/lib/amd64/libverify.so
7f052832a000-7f052852a000 ---p 0000d000 08:02 8012148                    /usr/bin/processing-3.0/java/lib/amd64/libverify.so
7f052852a000-7f052852c000 rw-p 0000d000 08:02 8012148                    /usr/bin/processing-3.0/java/lib/amd64/libverify.so
7f052852c000-7f0528533000 r-xp 00000000 08:02 13635818                   /lib/x86_64-linux-gnu/librt-2.19.so
7f0528533000-7f0528732000 ---p 00007000 08:02 13635818                   /lib/x86_64-linux-gnu/librt-2.19.so
7f0528732000-7f0528733000 r--p 00006000 08:02 13635818                   /lib/x86_64-linux-gnu/librt-2.19.so
7f0528733000-7f0528734000 rw-p 00007000 08:02 13635818                   /lib/x86_64-linux-gnu/librt-2.19.so
7f0528734000-7f0528839000 r-xp 00000000 08:02 13635740                   /lib/x86_64-linux-gnu/libm-2.19.so
7f0528839000-7f0528a38000 ---p 00105000 08:02 13635740                   /lib/x86_64-linux-gnu/libm-2.19.so
7f0528a38000-7f0528a39000 r--p 00104000 08:02 13635740                   /lib/x86_64-linux-gnu/libm-2.19.so
7f0528a39000-7f0528a3a000 rw-p 00105000 08:02 13635740                   /lib/x86_64-linux-gnu/libm-2.19.so
7f0528a3a000-7f05296e8000 r-xp 00000000 08:02 8012167                    /usr/bin/processing-3.0/java/lib/amd64/server/libjvm.so
7f05296e8000-7f05298e8000 ---p 00cae000 08:02 8012167                    /usr/bin/processing-3.0/java/lib/amd64/server/libjvm.so
7f05298e8000-7f05299bf000 rw-p 00cae000 08:02 8012167                    /usr/bin/processing-3.0/java/lib/amd64/server/libjvm.so
7f05299bf000-7f0529a03000 rw-p 00000000 00:00 0 
7f0529a03000-7f0529bbe000 r-xp 00000000 08:02 13635690                   /lib/x86_64-linux-gnu/libc-2.19.so
7f0529bbe000-7f0529dbd000 ---p 001bb000 08:02 13635690                   /lib/x86_64-linux-gnu/libc-2.19.so
7f0529dbd000-7f0529dc1000 r--p 001ba000 08:02 13635690                   /lib/x86_64-linux-gnu/libc-2.19.so
7f0529dc1000-7f0529dc3000 rw-p 001be000 08:02 13635690                   /lib/x86_64-linux-gnu/libc-2.19.so
7f0529dc3000-7f0529dc8000 rw-p 00000000 00:00 0 
7f0529dc8000-7f0529dcb000 r-xp 00000000 08:02 13635707                   /lib/x86_64-linux-gnu/libdl-2.19.so
7f0529dcb000-7f0529fca000 ---p 00003000 08:02 13635707                   /lib/x86_64-linux-gnu/libdl-2.19.so
7f0529fca000-7f0529fcb000 r--p 00002000 08:02 13635707                   /lib/x86_64-linux-gnu/libdl-2.19.so
7f0529fcb000-7f0529fcc000 rw-p 00003000 08:02 13635707                   /lib/x86_64-linux-gnu/libdl-2.19.so
7f0529fcc000-7f0529fe1000 r-xp 00000000 08:02 8012145                    /usr/bin/processing-3.0/java/lib/amd64/jli/libjli.so
7f0529fe1000-7f052a1e1000 ---p 00015000 08:02 8012145                    /usr/bin/processing-3.0/java/lib/amd64/jli/libjli.so
7f052a1e1000-7f052a1e2000 rw-p 00015000 08:02 8012145                    /usr/bin/processing-3.0/java/lib/amd64/jli/libjli.so
7f052a1e2000-7f052a1fb000 r-xp 00000000 08:02 13635810                   /lib/x86_64-linux-gnu/libpthread-2.19.so
7f052a1fb000-7f052a3fa000 ---p 00019000 08:02 13635810                   /lib/x86_64-linux-gnu/libpthread-2.19.so
7f052a3fa000-7f052a3fb000 r--p 00018000 08:02 13635810                   /lib/x86_64-linux-gnu/libpthread-2.19.so
7f052a3fb000-7f052a3fc000 rw-p 00019000 08:02 13635810                   /lib/x86_64-linux-gnu/libpthread-2.19.so
7f052a3fc000-7f052a400000 rw-p 00000000 00:00 0 
7f052a400000-7f052a423000 r-xp 00000000 08:02 13635666                   /lib/x86_64-linux-gnu/ld-2.19.so
7f052a423000-7f052a424000 r--s 00002000 08:02 4591935                    /home/akelly/sketchbook/libraries/minim/library/tritonus_aos.jar
7f052a424000-7f052a425000 r--s 00001000 08:02 6569033                    /usr/bin/processing-3.0/core/library/gluegen-rt-natives-macosx-universal.jar
7f052a425000-7f052a427000 r--s 00038000 08:02 6569032                    /usr/bin/processing-3.0/core/library/jogl-all-natives-windows-amd64.jar
7f052a427000-7f052a428000 r--s 00034000 08:02 6569031                    /usr/bin/processing-3.0/core/library/jogl-all-natives-linux-amd64.jar
7f052a428000-7f052a429000 r--s 00001000 08:02 6569036                    /usr/bin/processing-3.0/core/library/gluegen-rt-natives-windows-i586.jar
7f052a429000-7f052a4fa000 rw-p 00000000 00:00 0 
7f052a4fa000-7f052a4fd000 ---p 00000000 00:00 0 
7f052a4fd000-7f052a5ff000 rw-p 00000000 00:00 0                          [stack:5997]
7f052a5ff000-7f052a605000 r--s 0004a000 08:02 6569021                    /usr/bin/processing-3.0/core/library/gluegen-rt.jar
7f052a605000-7f052a606000 r--s 00000000 08:02 6569035                    /usr/bin/processing-3.0/core/library/gluegen-rt-natives-linux-armv6hf.jar
7f052a606000-7f052a607000 r--s 00031000 08:02 6569019                    /usr/bin/processing-3.0/core/library/jogl-all-natives-windows-i586.jar
7f052a607000-7f052a608000 r--s 00001000 08:02 6569022                    /usr/bin/processing-3.0/core/library/gluegen-rt-natives-windows-amd64.jar
7f052a608000-7f052a60a000 r--s 0006c000 08:02 6569020                    /usr/bin/processing-3.0/core/library/jogl-all-natives-macosx-universal.jar
7f052a60a000-7f052a60f000 r--s 000f0000 08:02 6569027                    /usr/bin/processing-3.0/core/library/core.jar
7f052a60f000-7f052a611000 r--s 00000000 08:02 6569025                    /usr/bin/processing-3.0/core/library/gluegen-rt-natives-linux-amd64.jar
7f052a611000-7f052a612000 r--s 00026000 08:02 6569028                    /usr/bin/processing-3.0/core/library/jogl-all-natives-linux-armv6hf.jar
7f052a612000-7f052a613000 r--s 00032000 08:02 6569024                    /usr/bin/processing-3.0/core/library/jogl-all-natives-linux-i586.jar
7f052a613000-7f052a615000 r--s 00000000 08:02 6569023                    /usr/bin/processing-3.0/core/library/gluegen-rt-natives-linux-i586.jar
7f052a615000-7f052a616000 rw-p 00000000 00:00 0 
7f052a616000-7f052a61e000 rw-s 00000000 08:02 4325819                    /tmp/hsperfdata_akelly/5996
7f052a61e000-7f052a61f000 rw-p 00000000 00:00 0 
7f052a61f000-7f052a620000 r--p 00000000 00:00 0 
7f052a620000-7f052a622000 rw-p 00000000 00:00 0 
7f052a622000-7f052a623000 r--p 00022000 08:02 13635666                   /lib/x86_64-linux-gnu/ld-2.19.so
7f052a623000-7f052a624000 rw-p 00023000 08:02 13635666                   /lib/x86_64-linux-gnu/ld-2.19.so
7f052a624000-7f052a625000 rw-p 00000000 00:00 0 
7ffe810c6000-7ffe810e9000 rw-p 00000000 00:00 0                          [stack]
7ffe81158000-7ffe8115a000 r--p 00000000 00:00 0                          [vvar]
7ffe8115a000-7ffe8115c000 r-xp 00000000 00:00 0                          [vdso]
ffffffffff600000-ffffffffff601000 r-xp 00000000 00:00 0                  [vsyscall]

VM Arguments:
jvm_args: -agentlib:jdwp=transport=dt_socket,address=8057,server=y,suspend=y -Djava.library.path=:/usr/bin/processing-3.0/core/library:/home/akelly/sketchbook/libraries/minim/library:/usr/java/packages/lib/amd64:/usr/lib64:/lib64:/lib:/usr/lib -ea 
java_command: processing.core.PApplet --display=1 --sketch-path=/home/akelly/sketchbook/_audioVisualizer/_audioVisualizer/build build
java_class_path (initial): /home/akelly/sketchbook/_audioVisualizer/_audioVisualizer/build/build-tmp:/usr/bin/processing-3.0/core/library/gluegen-rt-natives-linux-i586.jar:/usr/bin/processing-3.0/core/library/jogl-all-natives-linux-i586.jar:/usr/bin/processing-3.0/core/library/jogl-all-natives-linux-armv6hf.jar:/usr/bin/processing-3.0/core/library/gluegen-rt-natives-linux-amd64.jar:/usr/bin/processing-3.0/core/library/core.jar:/usr/bin/processing-3.0/core/library/jogl-all-natives-macosx-universal.jar:/usr/bin/processing-3.0/core/library/gluegen-rt-natives-windows-amd64.jar:/usr/bin/processing-3.0/core/library/jogl-all-natives-windows-i586.jar:/usr/bin/processing-3.0/core/library/gluegen-rt-natives-linux-armv6hf.jar:/usr/bin/processing-3.0/core/library/gluegen-rt.jar:/usr/bin/processing-3.0/core/library/gluegen-rt-natives-windows-i586.jar:/usr/bin/processing-3.0/core/library/jogl-all.jar:/usr/bin/processing-3.0/core/library/jogl-all-natives-linux-amd64.jar:/usr/bin/processing-3.0/core/library/jogl-all-natives-windows-amd64.jar:/usr/bin/processing-3.0/core/library/gluegen-java-src.zip:/usr/bin/processing-3.0/core/library/jogl-java-src.zip:/usr/bin/processing-3.0/core/library/gluegen-rt-natives-macosx-universal.jar:/usr/bin/processing-3.0/core/library/gluegen-rt-natives-linux-i586.jar:/usr/bin/processing-3.0/core/library/jogl-all-natives-linux-i586.jar:/usr/bin/processing-3.0/core/library/jogl-all-natives-linux-armv6hf.jar:/usr/bin/processing-3.0/core/library/gluegen-rt-natives-linux-amd64.jar:/usr/bin/processing-3.0/core/library/core.jar:/usr/bin/processing-3.0/core/library/jogl-all-natives-macosx-universal.jar:/usr/bin/processing-3.0/core/library/gluegen-rt-natives-windows-amd64.jar:/usr/bin/processing-3.0/core/library/jogl-all-natives-windows-i586.jar:/usr/bin/processing-3.0/core/library/gluegen-rt-natives-linux-armv6hf.jar:/usr/bin/processing-3.0/core/library/gluegen-rt.jar:/usr/bin/processing-3.0/core/library/gluegen-rt-natives-windows-i586.jar:/usr/bin/processi
Launcher Type: SUN_STANDARD

Environment Variables:
PATH=/usr/bin/processing-3.0/java/bin:/usr/local/sbin:/usr/local/bin:/usr/sbin:/usr/bin:/sbin:/bin:/usr/games:/usr/local/games
SHELL=/bin/bash
DISPLAY=:0

Signal Handlers:
SIGSEGV: [libjvm.so+0xaad540], sa_mask[0]=11111111011111111101111111111110, sa_flags=SA_RESTART|SA_SIGINFO
SIGBUS: [libjvm.so+0xaad540], sa_mask[0]=11111111011111111101111111111110, sa_flags=SA_RESTART|SA_SIGINFO
SIGFPE: [libjvm.so+0x90b6b0], sa_mask[0]=11111111011111111101111111111110, sa_flags=SA_RESTART|SA_SIGINFO
SIGPIPE: [libjvm.so+0x90b6b0], sa_mask[0]=11111111011111111101111111111110, sa_flags=SA_RESTART|SA_SIGINFO
SIGXFSZ: [libjvm.so+0x90b6b0], sa_mask[0]=11111111011111111101111111111110, sa_flags=SA_RESTART|SA_SIGINFO
SIGILL: [libjvm.so+0x90b6b0], sa_mask[0]=11111111011111111101111111111110, sa_flags=SA_RESTART|SA_SIGINFO
SIGUSR1: SIG_DFL, sa_mask[0]=00000000000000000000000000000000, sa_flags=none
SIGUSR2: [libjvm.so+0x90ccf0], sa_mask[0]=00100000000000000000000000000000, sa_flags=SA_RESTART|SA_SIGINFO
SIGHUP: [libjvm.so+0x90e040], sa_mask[0]=11111111011111111101111111111110, sa_flags=SA_RESTART|SA_SIGINFO
SIGINT: [libjvm.so+0x90e040], sa_mask[0]=11111111011111111101111111111110, sa_flags=SA_RESTART|SA_SIGINFO
SIGTERM: [libjvm.so+0x90e040], sa_mask[0]=11111111011111111101111111111110, sa_flags=SA_RESTART|SA_SIGINFO
SIGQUIT: [libjvm.so+0x90e040], sa_mask[0]=11111111011111111101111111111110, sa_flags=SA_RESTART|SA_SIGINFO


---------------  S Y S T E M  ---------------

OS:DISTRIB_ID=Ubuntu
DISTRIB_RELEASE=14.04
DISTRIB_CODENAME=trusty
DISTRIB_DESCRIPTION="Ubuntu 14.04.3 LTS"

uname:Linux 3.19.0-28-generic #30~14.04.1-Ubuntu SMP Tue Sep 1 09:32:55 UTC 2015 x86_64
libc:glibc 2.19 NPTL 2.19 
rlimit: STACK 8192k, CORE 0k, NPROC 63284, NOFILE 4096, AS infinity
load average:3.09 2.97 2.20

/proc/meminfo:
MemTotal:       16309452 kB
MemFree:        11081632 kB
MemAvailable:   12198892 kB
Buffers:          111560 kB
Cached:          1938640 kB
SwapCached:           40 kB
Active:          3929452 kB
Inactive:        1032064 kB
Active(anon):    3062016 kB
Inactive(anon):   656504 kB
Active(file):     867436 kB
Inactive(file):   375560 kB
Unevictable:          92 kB
Mlocked:              92 kB
SwapTotal:      16653308 kB
SwapFree:       16584300 kB
Dirty:              2212 kB
Writeback:             0 kB
AnonPages:       2911372 kB
Mapped:           596064 kB
Shmem:            807208 kB
Slab:             128452 kB
SReclaimable:      86416 kB
SUnreclaim:        42036 kB
KernelStack:       11600 kB
PageTables:        51544 kB
NFS_Unstable:          0 kB
Bounce:                0 kB
WritebackTmp:          0 kB
CommitLimit:    24808032 kB
Committed_AS:    8870976 kB
VmallocTotal:   34359738367 kB
VmallocUsed:      385496 kB
VmallocChunk:   34359343192 kB
HardwareCorrupted:     0 kB
AnonHugePages:   1269760 kB
CmaTotal:              0 kB
CmaFree:               0 kB
HugePages_Total:       0
HugePages_Free:        0
HugePages_Rsvd:        0
HugePages_Surp:        0
Hugepagesize:       2048 kB
DirectMap4k:      173484 kB
DirectMap2M:    11237376 kB
DirectMap1G:     5242880 kB


CPU:total 4 (2 cores per cpu, 2 threads per core) family 6 model 61 stepping 4, cmov, cx8, fxsr, mmx, sse, sse2, sse3, ssse3, sse4.1, sse4.2, popcnt, avx, avx2, aes, clmul, erms, rtm, 3dnowpref, lzcnt, ht, tsc, tscinvbit, bmi1, bmi2, adx

/proc/cpuinfo:
processor	: 0
vendor_id	: GenuineIntel
cpu family	: 6
model		: 61
model name	: Intel(R) Core(TM) i7-5600U CPU @ 2.60GHz
stepping	: 4
microcode	: 0x19
cpu MHz		: 1921.156
cache size	: 4096 KB
physical id	: 0
siblings	: 4
core id		: 0
cpu cores	: 2
apicid		: 0
initial apicid	: 0
fpu		: yes
fpu_exception	: yes
cpuid level	: 20
wp		: yes
flags		: fpu vme de pse tsc msr pae mce cx8 apic sep mtrr pge mca cmov pat pse36 clflush dts acpi mmx fxsr sse sse2 ss ht tm pbe syscall nx pdpe1gb rdtscp lm constant_tsc arch_perfmon pebs bts rep_good nopl xtopology nonstop_tsc aperfmperf eagerfpu pni pclmulqdq dtes64 monitor ds_cpl vmx smx est tm2 ssse3 fma cx16 xtpr pdcm pcid sse4_1 sse4_2 x2apic movbe popcnt tsc_deadline_timer aes xsave avx f16c rdrand lahf_lm abm 3dnowprefetch ida arat epb pln pts dtherm tpr_shadow vnmi flexpriority ept vpid fsgsbase tsc_adjust bmi1 hle avx2 smep bmi2 erms invpcid rtm rdseed adx smap xsaveopt
bugs		:
bogomips	: 5188.48
clflush size	: 64
cache_alignment	: 64
address sizes	: 39 bits physical, 48 bits virtual
power management:

processor	: 1
vendor_id	: GenuineIntel
cpu family	: 6
model		: 61
model name	: Intel(R) Core(TM) i7-5600U CPU @ 2.60GHz
stepping	: 4
microcode	: 0x19
cpu MHz		: 1856.054
cache size	: 4096 KB
physical id	: 0
siblings	: 4
core id		: 0
cpu cores	: 2
apicid		: 1
initial apicid	: 1
fpu		: yes
fpu_exception	: yes
cpuid level	: 20
wp		: yes
flags		: fpu vme de pse tsc msr pae mce cx8 apic sep mtrr pge mca cmov pat pse36 clflush dts acpi mmx fxsr sse sse2 ss ht tm pbe syscall nx pdpe1gb rdtscp lm constant_tsc arch_perfmon pebs bts rep_good nopl xtopology nonstop_tsc aperfmperf eagerfpu pni pclmulqdq dtes64 monitor ds_cpl vmx smx est tm2 ssse3 fma cx16 xtpr pdcm pcid sse4_1 sse4_2 x2apic movbe popcnt tsc_deadline_timer aes xsave avx f16c rdrand lahf_lm abm 3dnowprefetch ida arat epb pln pts dtherm tpr_shadow vnmi flexpriority ept vpid fsgsbase tsc_adjust bmi1 hle avx2 smep bmi2 erms invpcid rtm rdseed adx smap xsaveopt
bugs		:
bogomips	: 5188.48
clflush size	: 64
cache_alignment	: 64
address sizes	: 39 bits physical, 48 bits virtual
power management:

processor	: 2
vendor_id	: GenuineIntel
cpu family	: 6
model		: 61
model name	: Intel(R) Core(TM) i7-5600U CPU @ 2.60GHz
stepping	: 4
microcode	: 0x19
cpu MHz		: 1931.718
cache size	: 4096 KB
physical id	: 0
siblings	: 4
core id		: 1
cpu cores	: 2
apicid		: 2
initial apicid	: 2
fpu		: yes
fpu_exception	: yes
cpuid level	: 20
wp		: yes
flags		: fpu vme de pse tsc msr pae mce cx8 apic sep mtrr pge mca cmov pat pse36 clflush dts acpi mmx fxsr sse sse2 ss ht tm pbe syscall nx pdpe1gb rdtscp lm constant_tsc arch_perfmon pebs bts rep_good nopl xtopology nonstop_tsc aperfmperf eagerfpu pni pclmulqdq dtes64 monitor ds_cpl vmx smx est tm2 ssse3 fma cx16 xtpr pdcm pcid sse4_1 sse4_2 x2apic movbe popcnt tsc_deadline_timer aes xsave avx f16c rdrand lahf_lm abm 3dnowprefetch ida arat epb pln pts dtherm tpr_shadow vnmi flexpriority ept vpid fsgsbase tsc_adjust bmi1 hle avx2 smep bmi2 erms invpcid rtm rdseed adx smap xsaveopt
bugs		:
bogomips	: 5188.48
clflush size	: 64
cache_alignment	: 64
address sizes	: 39 bits physical, 48 bits virtual
power management:

processor	: 3
vendor_id	: GenuineIntel
cpu family	: 6
model		: 61
model name	: Intel(R) Core(TM) i7-5600U CPU @ 2.60GHz
stepping	: 4
microcode	: 0x19
cpu MHz		: 1964.625
cache size	: 4096 KB
physical id	: 0
siblings	: 4
core id		: 1
cpu cores	: 2
apicid		: 3
initial apicid	: 3
fpu		: yes
fpu_exception	: yes
cpuid level	: 20
wp		: yes
flags		: fpu vme de pse tsc msr pae mce cx8 apic sep mtrr pge mca cmov pat pse36 clflush dts acpi mmx fxsr sse sse2 ss ht tm pbe syscall nx pdpe1gb rdtscp lm constant_tsc arch_perfmon pebs bts rep_good nopl xtopology nonstop_tsc aperfmperf eagerfpu pni pclmulqdq dtes64 monitor ds_cpl vmx smx est tm2 ssse3 fma cx16 xtpr pdcm pcid sse4_1 sse4_2 x2apic movbe popcnt tsc_deadline_timer aes xsave avx f16c rdrand lahf_lm abm 3dnowprefetch ida arat epb pln pts dtherm tpr_shadow vnmi flexpriority ept vpid fsgsbase tsc_adjust bmi1 hle avx2 smep bmi2 erms invpcid rtm rdseed adx smap xsaveopt
bugs		:
bogomips	: 5188.48
clflush size	: 64
cache_alignment	: 64
address sizes	: 39 bits physical, 48 bits virtual
power management:



Memory: 4k page, physical 16309452k(11081632k free), swap 16653308k(16584300k free)

vm_info: Java HotSpot(TM) 64-Bit Server VM (25.51-b03) for linux-amd64 JRE (1.8.0_51-b16), built on Jun  8 2015 19:28:07 by "java_re" with gcc 4.3.0 20080428 (Red Hat 4.3.0-8)

time: Sat Oct 10 15:15:47 2015
elapsed time: 111 seconds (0d 0h 1m 51s)

