#
# A fatal error has been detected by the Java Runtime Environment:
#
#  SIGSEGV (0xb) at pc=0x00007ff98b9ec998, pid=6893, tid=140710093321984
#
# JRE version: Java(TM) SE Runtime Environment (8.0_51-b16) (build 1.8.0_51-b16)
# Java VM: Java HotSpot(TM) 64-Bit Server VM (25.51-b03 mixed mode linux-amd64 compressed oops)
# Problematic frame:
# C  [i965_dri.so+0x3c9998]
#
# Failed to write core dump. Core dumps have been disabled. To enable core dumping, try "ulimit -c unlimited" before starting Java again
#
# If you would like to submit a bug report, please visit:
#   http://bugreport.java.com/bugreport/crash.jsp
# The crash happened outside the Java Virtual Machine in native code.
# See problematic frame for where to report the bug.
#

---------------  T H R E A D  ---------------

Current thread (0x00007ffa0862d800):  JavaThread "main-Display-.x11_:0-1-EDT-1" daemon [_thread_in_native, id=6933, stack(0x00007ff99f10f000,0x00007ff99f210000)]

siginfo: si_signo: 11 (SIGSEGV), si_code: 1 (SEGV_MAPERR), si_addr: 0x0000000100000000

Registers:
RAX=0x00007ff98b9ec990, RBX=0x00007ff998050400, RCX=0x0000000000000000, RDX=0x0000000000000001
RSP=0x00007ff99f20d310, RBP=0x00007ff98c022320, RSI=0x00007ff9980504e0, RDI=0x0000000100000000
R8 =0x0000000000000000, R9 =0x00007ff99eabcfc0, R10=0x00007ff9f97c1f87, R11=0x0000000000000000
R12=0x00007ff98c01fdd0, R13=0x0000000000000000, R14=0x00007ff98c023510, R15=0x0000000000000000
RIP=0x00007ff98b9ec998, EFLAGS=0x0000000000010202, CSGSFS=0x0000000000000033, ERR=0x0000000000000004
  TRAPNO=0x000000000000000e

Top of Stack: (sp=0x00007ff99f20d310)
0x00007ff99f20d310:   00007ff99f20d400 0000000000000000
0x00007ff99f20d320:   00007ff998050400 00007ff98c022320
0x00007ff99f20d330:   00007ff98c01fdd0 00007ff99eabd04e
0x00007ff99f20d340:   00007ff99f20d378 00007ff99ed0a660
0x00007ff99f20d350:   00007ff98c014b10 00007ff900000000
0x00007ff99f20d360:   0000000000000000 0000000000000000
0x00007ff99f20d370:   00007ff99f20d680 00007ff998050400
0x00007ff99f20d380:   0000000003e00002 00000007c0122058
0x00007ff99f20d390:   00007ff99f20d400 0000000000000000
0x00007ff99f20d3a0:   00007ff99f20d698 00007ff99f20d440
0x00007ff99f20d3b0:   00007ffa0862d800 00007ff99d1cfba7
0x00007ff99f20d3c0:   0000000000000000 00007ff99ea96ab0
0x00007ff99f20d3d0:   0000000003e00002 00007ff98c014b10
0x00007ff99f20d3e0:   00007ff99f20d440 00007ffa0862d9f8
0x00007ff99f20d3f0:   00007ff99ee44fd8 00007ff99ea96ab0
0x00007ff99f20d400:   00007ff99f20d450 00007ff9f97c1ffd
0x00007ff99f20d410:   fffffffe00000000 0000000000000000
0x00007ff99f20d420:   00000006c73729e0 00000006c73729f0
0x00007ff99f20d430:   00000000000003d8 00007ffa085eb560
0x00007ff99f20d440:   00000006c73e6d50 00000007c0169668
0x00007ff99f20d450:   00007ff99f20d6e0 00007ff9f97c0ffc
0x00007ff99f20d460:   00000006c7293798 00000006c72937a8
0x00007ff99f20d470:   fffffffe00000000 0000000000000000
0x00007ff99f20d480:   0000000000000031 00000006c73729f0
0x00007ff99f20d490:   00007ff99f20d698 00007ff9f902df03
0x00007ff99f20d4a0:   00007ff99f20d6e0 00007ff9f958611c
0x00007ff99f20d4b0:   00007ff99f20d6e0 00007ff99f20d698
0x00007ff99f20d4c0:   0000000000000031 00000006c72937a8
0x00007ff99f20d4d0:   00000006c73729d0 00007ffa00000000
0x00007ff99f20d4e0:   00007ff99f20d6e0 00007ff9f96e7024
0x00007ff99f20d4f0:   00007ff99f20d698 00007ff9f902df03
0x00007ff99f20d500:   00007ff9f90055d0 00007ffa00000000 

Instructions: (pc=0x00007ff98b9ec998)
0x00007ff98b9ec978:   0f 1f 84 00 00 00 00 00 48 83 c4 10 5b 5d 41 5c
0x00007ff98b9ec988:   c3 0f 1f 80 00 00 00 00 41 54 55 53 48 83 ec 10
0x00007ff98b9ec998:   48 8b 1f 48 85 db 74 3d f6 83 48 05 00 00 01 49
0x00007ff98b9ec9a8:   89 f4 89 cd 75 72 83 e2 01 75 5d 83 e5 fd 74 38 

Register to memory mapping:

RAX=0x00007ff98b9ec990: <offset 0x3c9990> in /usr/lib/x86_64-linux-gnu/dri/i965_dri.so at 0x00007ff98b623000
RBX=0x00007ff998050400 is an unknown value
RCX=0x0000000000000000 is an unknown value
RDX=0x0000000000000001 is an unknown value
RSP=0x00007ff99f20d310 is pointing into the stack for thread: 0x00007ffa0862d800
RBP=0x00007ff98c022320 is an unknown value
RSI=0x00007ff9980504e0 is an unknown value
RDI=0x0000000100000000 is an unknown value
R8 =0x0000000000000000 is an unknown value
R9 =0x00007ff99eabcfc0: <offset 0x42fc0> in /usr/lib/x86_64-linux-gnu/mesa/libGL.so.1 at 0x00007ff99ea7a000
R10=0x00007ff9f97c1f87 is at entry_point+71 in (nmethod*)0x00007ff9f97c1dd0
R11=0x0000000000000000 is an unknown value
R12=0x00007ff98c01fdd0 is an unknown value
R13=0x0000000000000000 is an unknown value
R14=0x00007ff98c023510 is an unknown value
R15=0x0000000000000000 is an unknown value


Stack: [0x00007ff99f10f000,0x00007ff99f210000],  sp=0x00007ff99f20d310,  free space=1016k
Native frames: (J=compiled Java code, j=interpreted, Vv=VM code, C=native code)
C  [i965_dri.so+0x3c9998]

Java frames: (J=compiled Java code, j=interpreted, Vv=VM code)
J 1900  jogamp.opengl.x11.glx.GLX.dispatch_glXSwapBuffers0(JJJ)V (0 bytes) @ 0x00007ff9f97c1f87 [0x00007ff9f97c1f40+0x47]
J 1899 C1 jogamp.opengl.x11.glx.GLX.glXSwapBuffers(JJ)V (45 bytes) @ 0x00007ff9f97c0ffc [0x00007ff9f97c05e0+0xa1c]
J 1898 C1 jogamp.opengl.x11.glx.X11GLXDrawable.swapBuffersImpl(Z)V (21 bytes) @ 0x00007ff9f97c014c [0x00007ff9f97bfea0+0x2ac]
J 1897 C1 jogamp.opengl.GLDrawableImpl.swapBuffers()V (138 bytes) @ 0x00007ff9f97bea34 [0x00007ff9f97be360+0x6d4]
j  jogamp.opengl.GLAutoDrawableBase.defaultSwapBuffers()V+23
j  com.jogamp.newt.opengl.GLWindow.swapBuffers()V+1
j  processing.opengl.PJOGL.swapBuffers()V+15
j  processing.opengl.PGraphicsOpenGL.dispose()V+15
j  processing.core.PApplet.dispose()V+28
j  processing.opengl.PSurfaceJOGL$NEWTWindowListener.windowDestroyNotify(Lcom/jogamp/newt/event/WindowEvent;)V+7
j  jogamp.newt.WindowImpl.consumeWindowEvent(Lcom/jogamp/newt/event/WindowEvent;)V+254
j  jogamp.newt.WindowImpl.sendWindowEvent(I)V+14
j  jogamp.newt.WindowImpl$1.run()V+143
j  jogamp.newt.DisplayImpl.runOnEDTIfAvail(ZLjava/lang/Runnable;)V+172
j  jogamp.newt.WindowImpl.runOnEDTIfAvail(ZLjava/lang/Runnable;)V+36
j  jogamp.newt.WindowImpl.destroy()V+11
j  com.jogamp.newt.opengl.GLWindow.destroy()V+4
j  jogamp.opengl.GLAutoDrawableBase.destroyAvoidAwareOfLocking()V+31
j  jogamp.opengl.GLAutoDrawableBase.defaultWindowDestroyNotifyOp()V+43
j  com.jogamp.newt.opengl.GLWindow.access$000(Lcom/jogamp/newt/opengl/GLWindow;)V+1
j  com.jogamp.newt.opengl.GLWindow$1.run()V+4
j  jogamp.newt.WindowImpl.windowDestroyNotify(Z)Z+147
v  ~StubRoutines::call_stub
J 1516  jogamp.newt.driver.x11.DisplayDriver.DispatchMessages0(JJJII)V (0 bytes) @ 0x00007ff9f95af9bf [0x00007ff9f95af980+0x3f]
J 1515 C1 jogamp.newt.driver.x11.DisplayDriver.dispatchMessagesNative()V (66 bytes) @ 0x00007ff9f95afe6c [0x00007ff9f95afd40+0x12c]
J 1445 C1 jogamp.newt.DisplayImpl.dispatchMessages()V (116 bytes) @ 0x00007ff9f957fdf4 [0x00007ff9f957fa40+0x3b4]
J 1444 C1 jogamp.newt.DisplayImpl$7.run()V (8 bytes) @ 0x00007ff9f956c8f4 [0x00007ff9f956c880+0x74]
j  jogamp.newt.DefaultEDTUtil$NEDT.run()V+67
v  ~StubRoutines::call_stub

---------------  P R O C E S S  ---------------

Java Threads: ( => current thread )
  0x00007ff99812c000 JavaThread "Thread-6" [_thread_blocked, id=6955, stack(0x00007ff9890da000,0x00007ff9891db000)]
  0x00007ff99811e000 JavaThread "Java Sound Event Dispatcher" daemon [_thread_blocked, id=6950, stack(0x00007ff9891db000,0x00007ff9892dc000)]
  0x00007ffa0800f800 JavaThread "DestroyJavaVM" [_thread_blocked, id=6894, stack(0x00007ffa11b2c000,0x00007ffa11c2d000)]
  0x00007ffa0869d000 JavaThread "Thread-2" [_thread_blocked, id=6936, stack(0x00007ff99fad6000,0x00007ff99fbd7000)]
  0x00007ffa0868f800 JavaThread "main-SharedResourceRunner" daemon [_thread_blocked, id=6935, stack(0x00007ff99c0c9000,0x00007ff99c1ca000)]
  0x00007ffa08669000 JavaThread "main-SharedResourceRunner" daemon [_thread_blocked, id=6934, stack(0x00007ff99d036000,0x00007ff99d137000)]
=>0x00007ffa0862d800 JavaThread "main-Display-.x11_:0-1-EDT-1" daemon [_thread_in_native, id=6933, stack(0x00007ff99f10f000,0x00007ff99f210000)]
  0x00007ffa084d6000 JavaThread "process reaper" daemon [_thread_blocked, id=6926, stack(0x00007ff9e093b000,0x00007ff9e0974000)]
  0x00007ffa0826c000 JavaThread "AWT-XAWT" daemon [_thread_in_native, id=6922, stack(0x00007ff9e0e91000,0x00007ff9e0f92000)]
  0x00007ffa0824c800 JavaThread "Java2D Disposer" daemon [_thread_blocked, id=6921, stack(0x00007ff9e13a2000,0x00007ff9e14a3000)]
  0x00007ffa080d9000 JavaThread "Service Thread" daemon [_thread_blocked, id=6919, stack(0x00007ff9e30ef000,0x00007ff9e31f0000)]
  0x00007ffa080d3800 JavaThread "C1 CompilerThread2" daemon [_thread_blocked, id=6918, stack(0x00007ff9e31f0000,0x00007ff9e32f1000)]
  0x00007ffa080d1800 JavaThread "C2 CompilerThread1" daemon [_thread_blocked, id=6917, stack(0x00007ff9e32f1000,0x00007ff9e33f2000)]
  0x00007ffa080ce800 JavaThread "C2 CompilerThread0" daemon [_thread_blocked, id=6916, stack(0x00007ff9e33f2000,0x00007ff9e34f3000)]
  0x00007ff9cc001000 JavaThread "JDWP Command Reader" daemon [_thread_in_native, id=6910, stack(0x00007ff9e34f3000,0x00007ff9e35f4000)]
  0x00007ffa080cc800 JavaThread "JDWP Event Helper Thread" daemon [_thread_blocked, id=6905, stack(0x00007ff9e35f4000,0x00007ff9e36f5000)]
  0x00007ffa080c9000 JavaThread "JDWP Transport Listener: dt_socket" daemon [_thread_blocked, id=6904, stack(0x00007ff9e36f5000,0x00007ff9e37f6000)]
  0x00007ffa080bb800 JavaThread "Signal Dispatcher" daemon [_thread_blocked, id=6903, stack(0x00007ff9e39fa000,0x00007ff9e3afb000)]
  0x00007ffa08084800 JavaThread "Finalizer" daemon [_thread_blocked, id=6902, stack(0x00007ff9e3afb000,0x00007ff9e3bfc000)]
  0x00007ffa08082800 JavaThread "Reference Handler" daemon [_thread_blocked, id=6901, stack(0x00007ff9e3bfc000,0x00007ff9e3cfd000)]

Other Threads:
  0x00007ffa0807d000 VMThread [stack: 0x00007ff9e3cfd000,0x00007ff9e3dfe000] [id=6900]
  0x00007ffa080db800 WatcherThread [stack: 0x00007ff9e2fee000,0x00007ff9e30ef000] [id=6920]

VM state:not at safepoint (normal execution)

VM Mutex/Monitor currently owned by a thread: None

Heap:
 PSYoungGen      total 525824K, used 81206K [0x000000076d100000, 0x00000007a0b80000, 0x00000007c0000000)
  eden space 516096K, 15% used [0x000000076d100000,0x0000000772035bb8,0x000000078c900000)
  from space 9728K, 0% used [0x000000078c900000,0x000000078c918000,0x000000078d280000)
  to   space 10240K, 0% used [0x00000007a0180000,0x00000007a0180000,0x00000007a0b80000)
 ParOldGen       total 171008K, used 4797K [0x00000006c7200000, 0x00000006d1900000, 0x000000076d100000)
  object space 171008K, 2% used [0x00000006c7200000,0x00000006c76af410,0x00000006d1900000)
 Metaspace       used 17625K, capacity 17810K, committed 18048K, reserved 1064960K
  class space    used 1574K, capacity 1662K, committed 1664K, reserved 1048576K

Card table byte_map: [0x00007ffa0d625000,0x00007ffa0dded000] byte_map_base: 0x00007ffa09fec000

Marking Bits: (ParMarkBitMap*) 0x00007ffa1100a660
 Begin Bits: [0x00007ff9f1390000, 0x00007ff9f51c8000)
 End Bits:   [0x00007ff9f51c8000, 0x00007ff9f9000000)

Polling page: 0x00007ffa11c51000

CodeCache: size=245760Kb used=8151Kb max_used=8163Kb free=237608Kb
 bounds [0x00007ff9f9000000, 0x00007ff9f9810000, 0x00007ffa08000000]
 total_blobs=2909 nmethods=1954 adapters=877
 compilation: enabled

Compilation events (10 events):
Event: 14.467 Thread 0x00007ffa080d3800 nmethod 1958 0x00007ff9f97f1d10 code [0x00007ff9f97f1e60, 0x00007ff9f97f1f70]
Event: 14.467 Thread 0x00007ffa080d3800 1959       1       jogamp.newt.WindowImpl::getSurfaceHeight (5 bytes)
Event: 14.468 Thread 0x00007ffa080d3800 nmethod 1959 0x00007ff9f97f1a50 code [0x00007ff9f97f1ba0, 0x00007ff9f97f1cb0]
Event: 14.547 Thread 0x00007ffa080d1800 nmethod 1972 0x00007ff9f97fd790 code [0x00007ff9f97fd9a0, 0x00007ff9f97ff068]
Event: 14.585 Thread 0x00007ffa080ce800 1973       4       java.nio.Bits::copyFromArray (70 bytes)
Event: 14.586 Thread 0x00007ffa080ce800 nmethod 1973 0x00007ff9f97f3e10 code [0x00007ff9f97f3f60, 0x00007ff9f97f4018]
Event: 14.644 Thread 0x00007ffa080d3800 1974       3       java.util.Arrays::rangeCheck (74 bytes)
Event: 14.645 Thread 0x00007ffa080d3800 nmethod 1974 0x00007ff9f97fc090 code [0x00007ff9f97fc300, 0x00007ff9f97fd0a8]
Event: 14.853 Thread 0x00007ffa080d1800 1975       4       java.nio.DirectIntBufferU::get (16 bytes)
Event: 14.854 Thread 0x00007ffa080d1800 nmethod 1975 0x00007ff9f97f1750 code [0x00007ff9f97f18a0, 0x00007ff9f97f1958]

GC Heap History (10 events):
Event: 7.723 GC heap before
{Heap before GC invocations=5 (full 0):
 PSYoungGen      total 139264K, used 133870K [0x000000076d100000, 0x0000000776300000, 0x00000007c0000000)
  eden space 129024K, 100% used [0x000000076d100000,0x0000000774f00000,0x0000000774f00000)
  from space 10240K, 47% used [0x0000000775900000,0x0000000775dbb970,0x0000000776300000)
  to   space 10240K, 0% used [0x0000000774f00000,0x0000000774f00000,0x0000000775900000)
 ParOldGen       total 171008K, used 24K [0x00000006c7200000, 0x00000006d1900000, 0x000000076d100000)
  object space 171008K, 0% used [0x00000006c7200000,0x00000006c7206000,0x00000006d1900000)
 Metaspace       used 17357K, capacity 17554K, committed 17792K, reserved 1064960K
  class space    used 1574K, capacity 1662K, committed 1664K, reserved 1048576K
Event: 7.750 GC heap after
Heap after GC invocations=5 (full 0):
 PSYoungGen      total 139264K, used 4875K [0x000000076d100000, 0x000000077df00000, 0x00000007c0000000)
  eden space 129024K, 0% used [0x000000076d100000,0x000000076d100000,0x0000000774f00000)
  from space 10240K, 47% used [0x0000000774f00000,0x00000007753c2ed0,0x0000000775900000)
  to   space 9216K, 0% used [0x000000077d600000,0x000000077d600000,0x000000077df00000)
 ParOldGen       total 171008K, used 32K [0x00000006c7200000, 0x00000006d1900000, 0x000000076d100000)
  object space 171008K, 0% used [0x00000006c7200000,0x00000006c7208000,0x00000006d1900000)
 Metaspace       used 17357K, capacity 17554K, committed 17792K, reserved 1064960K
  class space    used 1574K, capacity 1662K, committed 1664K, reserved 1048576K
}
Event: 8.462 GC heap before
{Heap before GC invocations=6 (full 0):
 PSYoungGen      total 139264K, used 133899K [0x000000076d100000, 0x000000077df00000, 0x00000007c0000000)
  eden space 129024K, 100% used [0x000000076d100000,0x0000000774f00000,0x0000000774f00000)
  from space 10240K, 47% used [0x0000000774f00000,0x00000007753c2ed0,0x0000000775900000)
  to   space 9216K, 0% used [0x000000077d600000,0x000000077d600000,0x000000077df00000)
 ParOldGen       total 171008K, used 32K [0x00000006c7200000, 0x00000006d1900000, 0x000000076d100000)
  object space 171008K, 0% used [0x00000006c7200000,0x00000006c7208000,0x00000006d1900000)
 Metaspace       used 17380K, capacity 17554K, committed 17792K, reserved 1064960K
  class space    used 1574K, capacity 1662K, committed 1664K, reserved 1048576K
Event: 8.487 GC heap after
Heap after GC invocations=6 (full 0):
 PSYoungGen      total 266240K, used 4826K [0x000000076d100000, 0x000000077de00000, 0x00000007c0000000)
  eden space 258048K, 0% used [0x000000076d100000,0x000000076d100000,0x000000077cd00000)
  from space 8192K, 58% used [0x000000077d600000,0x000000077dab6b20,0x000000077de00000)
  to   space 8704K, 0% used [0x000000077cd00000,0x000000077cd00000,0x000000077d580000)
 ParOldGen       total 171008K, used 40K [0x00000006c7200000, 0x00000006d1900000, 0x000000076d100000)
  object space 171008K, 0% used [0x00000006c7200000,0x00000006c720a000,0x00000006d1900000)
 Metaspace       used 17380K, capacity 17554K, committed 17792K, reserved 1064960K
  class space    used 1574K, capacity 1662K, committed 1664K, reserved 1048576K
}
Event: 9.981 GC heap before
{Heap before GC invocations=7 (full 0):
 PSYoungGen      total 266240K, used 262874K [0x000000076d100000, 0x000000077de00000, 0x00000007c0000000)
  eden space 258048K, 100% used [0x000000076d100000,0x000000077cd00000,0x000000077cd00000)
  from space 8192K, 58% used [0x000000077d600000,0x000000077dab6b20,0x000000077de00000)
  to   space 8704K, 0% used [0x000000077cd00000,0x000000077cd00000,0x000000077d580000)
 ParOldGen       total 171008K, used 40K [0x00000006c7200000, 0x00000006d1900000, 0x000000076d100000)
  object space 171008K, 0% used [0x00000006c7200000,0x00000006c720a000,0x00000006d1900000)
 Metaspace       used 17453K, capacity 17682K, committed 17792K, reserved 1064960K
  class space    used 1574K, capacity 1662K, committed 1664K, reserved 1048576K
Event: 9.999 GC heap after
Heap after GC invocations=7 (full 0):
 PSYoungGen      total 266752K, used 96K [0x000000076d100000, 0x000000078dc00000, 0x00000007c0000000)
  eden space 258048K, 0% used [0x000000076d100000,0x000000076d100000,0x000000077cd00000)
  from space 8704K, 1% used [0x000000077cd00000,0x000000077cd18000,0x000000077d580000)
  to   space 9728K, 0% used [0x000000078d280000,0x000000078d280000,0x000000078dc00000)
 ParOldGen       total 171008K, used 4765K [0x00000006c7200000, 0x00000006d1900000, 0x000000076d100000)
  object space 171008K, 2% used [0x00000006c7200000,0x00000006c76a7410,0x00000006d1900000)
 Metaspace       used 17453K, capacity 17682K, committed 17792K, reserved 1064960K
  class space    used 1574K, capacity 1662K, committed 1664K, reserved 1048576K
}
Event: 11.633 GC heap before
{Heap before GC invocations=8 (full 0):
 PSYoungGen      total 266752K, used 258144K [0x000000076d100000, 0x000000078dc00000, 0x00000007c0000000)
  eden space 258048K, 100% used [0x000000076d100000,0x000000077cd00000,0x000000077cd00000)
  from space 8704K, 1% used [0x000000077cd00000,0x000000077cd18000,0x000000077d580000)
  to   space 9728K, 0% used [0x000000078d280000,0x000000078d280000,0x000000078dc00000)
 ParOldGen       total 171008K, used 4765K [0x00000006c7200000, 0x00000006d1900000, 0x000000076d100000)
  object space 171008K, 2% used [0x00000006c7200000,0x00000006c76a7410,0x00000006d1900000)
 Metaspace       used 17505K, capacity 17682K, committed 17792K, reserved 1064960K
  class space    used 1574K, capacity 1662K, committed 1664K, reserved 1048576K
Event: 11.637 GC heap after
Heap after GC invocations=8 (full 0):
 PSYoungGen      total 525824K, used 64K [0x000000076d100000, 0x000000078dc00000, 0x00000007c0000000)
  eden space 516096K, 0% used [0x000000076d100000,0x000000076d100000,0x000000078c900000)
  from space 9728K, 0% used [0x000000078d280000,0x000000078d290000,0x000000078dc00000)
  to   space 9728K, 0% used [0x000000078c900000,0x000000078c900000,0x000000078d280000)
 ParOldGen       total 171008K, used 4781K [0x00000006c7200000, 0x00000006d1900000, 0x000000076d100000)
  object space 171008K, 2% used [0x00000006c7200000,0x00000006c76ab410,0x00000006d1900000)
 Metaspace       used 17505K, capacity 17682K, committed 17792K, reserved 1064960K
  class space    used 1574K, capacity 1662K, committed 1664K, reserved 1048576K
}
Event: 14.495 GC heap before
{Heap before GC invocations=9 (full 0):
 PSYoungGen      total 525824K, used 516160K [0x000000076d100000, 0x000000078dc00000, 0x00000007c0000000)
  eden space 516096K, 100% used [0x000000076d100000,0x000000078c900000,0x000000078c900000)
  from space 9728K, 0% used [0x000000078d280000,0x000000078d290000,0x000000078dc00000)
  to   space 9728K, 0% used [0x000000078c900000,0x000000078c900000,0x000000078d280000)
 ParOldGen       total 171008K, used 4781K [0x00000006c7200000, 0x00000006d1900000, 0x000000076d100000)
  object space 171008K, 2% used [0x00000006c7200000,0x00000006c76ab410,0x00000006d1900000)
 Metaspace       used 17624K, capacity 17810K, committed 18048K, reserved 1064960K
  class space    used 1574K, capacity 1662K, committed 1664K, reserved 1048576K
Event: 14.507 GC heap after
Heap after GC invocations=9 (full 0):
 PSYoungGen      total 525824K, used 96K [0x000000076d100000, 0x00000007a0b80000, 0x00000007c0000000)
  eden space 516096K, 0% used [0x000000076d100000,0x000000076d100000,0x000000078c900000)
  from space 9728K, 0% used [0x000000078c900000,0x000000078c918000,0x000000078d280000)
  to   space 10240K, 0% used [0x00000007a0180000,0x00000007a0180000,0x00000007a0b80000)
 ParOldGen       total 171008K, used 4797K [0x00000006c7200000, 0x00000006d1900000, 0x000000076d100000)
  object space 171008K, 2% used [0x00000006c7200000,0x00000006c76af410,0x00000006d1900000)
 Metaspace       used 17624K, capacity 17810K, committed 18048K, reserved 1064960K
  class space    used 1574K, capacity 1662K, committed 1664K, reserved 1048576K
}

Deoptimization events (7 events):
Event: 1.013 Thread 0x00007ffa0800f800 Uncommon trap: reason=unstable_if action=reinterpret pc=0x00007ff9f9145c1c method=java.lang.String.indexOf(II)I @ 49
Event: 1.419 Thread 0x00007ffa0800f800 Uncommon trap: reason=unstable_if action=reinterpret pc=0x00007ff9f91c3dbc method=java.lang.String.indexOf([CII[CIII)I @ 3
Event: 2.903 Thread 0x00007ffa0800f800 Uncommon trap: reason=unstable_if action=reinterpret pc=0x00007ff9f939722c method=java.lang.reflect.AccessibleObject.setAccessible0(Ljava/lang/reflect/AccessibleObject;Z)V @ 4
Event: 3.119 Thread 0x00007ffa0869e000 Uncommon trap: reason=unstable_if action=reinterpret pc=0x00007ff9f92b76f4 method=sun.misc.MetaIndex.mayContain(Ljava/lang/String;)Z @ 38
Event: 3.122 Thread 0x00007ffa0869e000 Uncommon trap: reason=unstable_if action=reinterpret pc=0x00007ff9f939d9f4 method=java.util.StringTokenizer.scanToken(I)I @ 7
Event: 3.248 Thread 0x00007ffa0869e000 Uncommon trap: reason=unstable_if action=reinterpret pc=0x00007ff9f93c398c method=javax.sound.sampled.AudioFormat.matches(Ljavax/sound/sampled/AudioFormat;)Z @ 112
Event: 7.052 Thread 0x00007ffa0869e000 Uncommon trap: reason=unstable_if action=reinterpret pc=0x00007ff9f9635fd0 method=sun.misc.FloatingDecimal$BinaryToASCIIBuffer.dtoa(IJIZ)V @ 714

Internal exceptions (10 events):
Event: 0.944 Thread 0x00007ffa0800f800 Exception <a 'java/security/PrivilegedActionException'> (0x000000076d66e380) thrown at [/HUDSON/workspace/8-2-build-linux-amd64/jdk8u51/3951/hotspot/src/share/vm/prims/jvm.cpp, line 1382]
Event: 0.944 Thread 0x00007ffa0800f800 Exception <a 'java/security/PrivilegedActionException'> (0x000000076d66e538) thrown at [/HUDSON/workspace/8-2-build-linux-amd64/jdk8u51/3951/hotspot/src/share/vm/prims/jvm.cpp, line 1382]
Event: 0.945 Thread 0x00007ffa0800f800 Exception <a 'java/security/PrivilegedActionException'> (0x000000076d6707f0) thrown at [/HUDSON/workspace/8-2-build-linux-amd64/jdk8u51/3951/hotspot/src/share/vm/prims/jvm.cpp, line 1382]
Event: 0.945 Thread 0x00007ffa0800f800 Exception <a 'java/security/PrivilegedActionException'> (0x000000076d6709a8) thrown at [/HUDSON/workspace/8-2-build-linux-amd64/jdk8u51/3951/hotspot/src/share/vm/prims/jvm.cpp, line 1382]
Event: 0.953 Thread 0x00007ffa0800f800 Exception <a 'java/io/FileNotFoundException'> (0x000000076d67a700) thrown at [/HUDSON/workspace/8-2-build-linux-amd64/jdk8u51/3951/hotspot/src/share/vm/prims/jni.cpp, line 709]
Event: 0.953 Thread 0x00007ffa0800f800 Exception <a 'java/io/FileNotFoundException'> (0x000000076d67b088) thrown at [/HUDSON/workspace/8-2-build-linux-amd64/jdk8u51/3951/hotspot/src/share/vm/prims/jni.cpp, line 709]
Event: 1.075 Thread 0x00007ffa0800f800 Exception <a 'java/lang/NoSuchFieldError': method resolution failed> (0x000000076d780fe8) thrown at [/HUDSON/workspace/8-2-build-linux-amd64/jdk8u51/3951/hotspot/src/share/vm/prims/methodHandles.cpp, line 1125]
Event: 1.079 Thread 0x00007ffa0800f800 Exception <a 'java/lang/NoSuchFieldError': method resolution failed> (0x000000076d78f9a8) thrown at [/HUDSON/workspace/8-2-build-linux-amd64/jdk8u51/3951/hotspot/src/share/vm/prims/methodHandles.cpp, line 1125]
Event: 2.608 Thread 0x00007ffa0800f800 Exception <a 'java/lang/InterruptedException'> (0x000000076f292780) thrown at [/HUDSON/workspace/8-2-build-linux-amd64/jdk8u51/3951/hotspot/src/share/vm/runtime/objectMonitor.cpp, line 1683]
Event: 2.896 Thread 0x00007ffa0800f800 Exception <a 'java/lang/InterruptedException'> (0x000000076f29dc20) thrown at [/HUDSON/workspace/8-2-build-linux-amd64/jdk8u51/3951/hotspot/src/share/vm/runtime/objectMonitor.cpp, line 1683]

Events (10 events):
Event: 14.869 Thread 0x00007ffa0869e000 DEOPT UNPACKING pc=0x00007ff9f9047633 sp=0x00007ff9e0510ac8 mode 1
Event: 14.890 Thread 0x00007ffa0869e000 DEOPT PACKING pc=0x00007ff9f97b1489 sp=0x00007ff9e0510ce0
Event: 14.890 Thread 0x00007ffa0869e000 DEOPT UNPACKING pc=0x00007ff9f9047633 sp=0x00007ff9e0510a78 mode 1
Event: 14.890 Thread 0x00007ffa0869e000 DEOPT PACKING pc=0x00007ff9f973a3ac sp=0x00007ff9e0510d70
Event: 14.890 Thread 0x00007ffa0869e000 DEOPT UNPACKING pc=0x00007ff9f9047633 sp=0x00007ff9e0510ac8 mode 1
Event: 14.905 Thread 0x00007ffa0869e000 DEOPT PACKING pc=0x00007ff9f97b1489 sp=0x00007ff9e0510ce0
Event: 14.905 Thread 0x00007ffa0869e000 DEOPT UNPACKING pc=0x00007ff9f9047633 sp=0x00007ff9e0510a78 mode 1
Event: 14.905 Thread 0x00007ffa0869e000 DEOPT PACKING pc=0x00007ff9f973a3ac sp=0x00007ff9e0510d70
Event: 14.905 Thread 0x00007ffa0869e000 DEOPT UNPACKING pc=0x00007ff9f9047633 sp=0x00007ff9e0510ac8 mode 1
Event: 14.927 Thread 0x00007ffa0869e000 Thread exited: 0x00007ffa0869e000


Dynamic libraries:
00400000-00401000 r-xp 00000000 08:02 6695910                            /usr/bin/processing-3.0/java/bin/java
00600000-00601000 rw-p 00000000 08:02 6695910                            /usr/bin/processing-3.0/java/bin/java
01080000-010a1000 rw-p 00000000 00:00 0                                  [heap]
6c7200000-6d1900000 rw-p 00000000 00:00 0 
6d1900000-76d100000 ---p 00000000 00:00 0 
76d100000-7a0b80000 rw-p 00000000 00:00 0 
7a0b80000-7c0000000 ---p 00000000 00:00 0 
7c0000000-7c01a0000 rw-p 00000000 00:00 0 
7c01a0000-800000000 ---p 00000000 00:00 0 
7ff970000000-7ff970021000 rw-p 00000000 00:00 0 
7ff970021000-7ff974000000 ---p 00000000 00:00 0 
7ff974000000-7ff974021000 rw-p 00000000 00:00 0 
7ff974021000-7ff978000000 ---p 00000000 00:00 0 
7ff978000000-7ff978021000 rw-p 00000000 00:00 0 
7ff978021000-7ff97c000000 ---p 00000000 00:00 0 
7ff97e2d6000-7ff97e2d7000 ---p 00000000 00:00 0 
7ff97e2d7000-7ff97ead7000 rw-p 00000000 00:00 0 
7ff97ead7000-7ff97ead8000 ---p 00000000 00:00 0 
7ff97ead8000-7ff97f2d8000 rw-p 00000000 00:00 0                          [stack:6951]
7ff97f2d8000-7ff9832d9000 rw-s 00000000 00:16 109129                     /run/shm/pulse-shm-845621290
7ff9832d9000-7ff9832df000 r-xp 00000000 08:02 6947199                    /usr/lib/x86_64-linux-gnu/alsa-lib/libasound_module_pcm_pulse.so
7ff9832df000-7ff9834de000 ---p 00006000 08:02 6947199                    /usr/lib/x86_64-linux-gnu/alsa-lib/libasound_module_pcm_pulse.so
7ff9834de000-7ff9834df000 r--p 00005000 08:02 6947199                    /usr/lib/x86_64-linux-gnu/alsa-lib/libasound_module_pcm_pulse.so
7ff9834df000-7ff9834e0000 rw-p 00006000 08:02 6947199                    /usr/lib/x86_64-linux-gnu/alsa-lib/libasound_module_pcm_pulse.so
7ff9834e0000-7ff9834f7000 r-xp 00000000 08:02 13635816                   /lib/x86_64-linux-gnu/libresolv-2.19.so
7ff9834f7000-7ff9836f7000 ---p 00017000 08:02 13635816                   /lib/x86_64-linux-gnu/libresolv-2.19.so
7ff9836f7000-7ff9836f8000 r--p 00017000 08:02 13635816                   /lib/x86_64-linux-gnu/libresolv-2.19.so
7ff9836f8000-7ff9836f9000 rw-p 00018000 08:02 13635816                   /lib/x86_64-linux-gnu/libresolv-2.19.so
7ff9836f9000-7ff9836fb000 rw-p 00000000 00:00 0 
7ff9836fb000-7ff983702000 r-xp 00000000 08:02 6562227                    /usr/lib/x86_64-linux-gnu/libogg.so.0.8.1
7ff983702000-7ff983902000 ---p 00007000 08:02 6562227                    /usr/lib/x86_64-linux-gnu/libogg.so.0.8.1
7ff983902000-7ff983903000 r--p 00007000 08:02 6562227                    /usr/lib/x86_64-linux-gnu/libogg.so.0.8.1
7ff983903000-7ff983904000 rw-p 00008000 08:02 6562227                    /usr/lib/x86_64-linux-gnu/libogg.so.0.8.1
7ff983904000-7ff983930000 r-xp 00000000 08:02 6562501                    /usr/lib/x86_64-linux-gnu/libvorbis.so.0.4.5
7ff983930000-7ff983b2f000 ---p 0002c000 08:02 6562501                    /usr/lib/x86_64-linux-gnu/libvorbis.so.0.4.5
7ff983b2f000-7ff983b30000 r--p 0002b000 08:02 6562501                    /usr/lib/x86_64-linux-gnu/libvorbis.so.0.4.5
7ff983b30000-7ff983b31000 rw-p 0002c000 08:02 6562501                    /usr/lib/x86_64-linux-gnu/libvorbis.so.0.4.5
7ff983b31000-7ff983de4000 r-xp 00000000 08:02 6562503                    /usr/lib/x86_64-linux-gnu/libvorbisenc.so.2.0.8
7ff983de4000-7ff983fe3000 ---p 002b3000 08:02 6562503                    /usr/lib/x86_64-linux-gnu/libvorbisenc.so.2.0.8
7ff983fe3000-7ff983fff000 r--p 002b2000 08:02 6562503                    /usr/lib/x86_64-linux-gnu/libvorbisenc.so.2.0.8
7ff983fff000-7ff984000000 rw-p 002ce000 08:02 6562503                    /usr/lib/x86_64-linux-gnu/libvorbisenc.so.2.0.8
7ff984000000-7ff986e0e000 rw-p 00000000 00:00 0 
7ff986e0e000-7ff988000000 ---p 00000000 00:00 0 
7ff988176000-7ff9881a6000 r-xp 00000000 08:02 6561366                    /usr/lib/x86_64-linux-gnu/libFLAC.so.8.3.0
7ff9881a6000-7ff9883a5000 ---p 00030000 08:02 6561366                    /usr/lib/x86_64-linux-gnu/libFLAC.so.8.3.0
7ff9883a5000-7ff9883a6000 r--p 0002f000 08:02 6561366                    /usr/lib/x86_64-linux-gnu/libFLAC.so.8.3.0
7ff9883a6000-7ff9883a7000 rw-p 00030000 08:02 6561366                    /usr/lib/x86_64-linux-gnu/libFLAC.so.8.3.0
7ff9883a7000-7ff9883ac000 r-xp 00000000 08:02 6561598                    /usr/lib/x86_64-linux-gnu/libasyncns.so.0.3.1
7ff9883ac000-7ff9885ab000 ---p 00005000 08:02 6561598                    /usr/lib/x86_64-linux-gnu/libasyncns.so.0.3.1
7ff9885ab000-7ff9885ac000 r--p 00004000 08:02 6561598                    /usr/lib/x86_64-linux-gnu/libasyncns.so.0.3.1
7ff9885ac000-7ff9885ad000 rw-p 00005000 08:02 6561598                    /usr/lib/x86_64-linux-gnu/libasyncns.so.0.3.1
7ff9885ad000-7ff98860e000 r-xp 00000000 08:02 6562384                    /usr/lib/x86_64-linux-gnu/libsndfile.so.1.0.25
7ff98860e000-7ff98880e000 ---p 00061000 08:02 6562384                    /usr/lib/x86_64-linux-gnu/libsndfile.so.1.0.25
7ff98880e000-7ff988810000 r--p 00061000 08:02 6562384                    /usr/lib/x86_64-linux-gnu/libsndfile.so.1.0.25
7ff988810000-7ff988811000 rw-p 00063000 08:02 6562384                    /usr/lib/x86_64-linux-gnu/libsndfile.so.1.0.25
7ff988811000-7ff988815000 rw-p 00000000 00:00 0 
7ff988815000-7ff98881d000 r-xp 00000000 08:02 13635850                   /lib/x86_64-linux-gnu/libwrap.so.0.7.6
7ff98881d000-7ff988a1c000 ---p 00008000 08:02 13635850                   /lib/x86_64-linux-gnu/libwrap.so.0.7.6
7ff988a1c000-7ff988a1d000 r--p 00007000 08:02 13635850                   /lib/x86_64-linux-gnu/libwrap.so.0.7.6
7ff988a1d000-7ff988a1e000 rw-p 00008000 08:02 13635850                   /lib/x86_64-linux-gnu/libwrap.so.0.7.6
7ff988a1e000-7ff988a1f000 rw-p 00000000 00:00 0 
7ff988a1f000-7ff988a85000 r-xp 00000000 08:02 6948471                    /usr/lib/x86_64-linux-gnu/pulseaudio/libpulsecommon-4.0.so
7ff988a85000-7ff988c84000 ---p 00066000 08:02 6948471                    /usr/lib/x86_64-linux-gnu/pulseaudio/libpulsecommon-4.0.so
7ff988c84000-7ff988c85000 r--p 00065000 08:02 6948471                    /usr/lib/x86_64-linux-gnu/pulseaudio/libpulsecommon-4.0.so
7ff988c85000-7ff988c86000 rw-p 00066000 08:02 6948471                    /usr/lib/x86_64-linux-gnu/pulseaudio/libpulsecommon-4.0.so
7ff988c86000-7ff988c90000 r-xp 00000000 08:02 13635730                   /lib/x86_64-linux-gnu/libjson-c.so.2.0.0
7ff988c90000-7ff988e8f000 ---p 0000a000 08:02 13635730                   /lib/x86_64-linux-gnu/libjson-c.so.2.0.0
7ff988e8f000-7ff988e90000 r--p 00009000 08:02 13635730                   /lib/x86_64-linux-gnu/libjson-c.so.2.0.0
7ff988e90000-7ff988e91000 rw-p 0000a000 08:02 13635730                   /lib/x86_64-linux-gnu/libjson-c.so.2.0.0
7ff988e91000-7ff988ed8000 r-xp 00000000 08:02 6562296                    /usr/lib/x86_64-linux-gnu/libpulse.so.0.16.2
7ff988ed8000-7ff9890d8000 ---p 00047000 08:02 6562296                    /usr/lib/x86_64-linux-gnu/libpulse.so.0.16.2
7ff9890d8000-7ff9890d9000 r--p 00047000 08:02 6562296                    /usr/lib/x86_64-linux-gnu/libpulse.so.0.16.2
7ff9890d9000-7ff9890da000 rw-p 00048000 08:02 6562296                    /usr/lib/x86_64-linux-gnu/libpulse.so.0.16.2
7ff9890da000-7ff9890dd000 ---p 00000000 00:00 0 
7ff9890dd000-7ff9891db000 rw-p 00000000 00:00 0                          [stack:6955]
7ff9891db000-7ff9891de000 ---p 00000000 00:00 0 
7ff9891de000-7ff9892dc000 rw-p 00000000 00:00 0                          [stack:6950]
7ff9892dc000-7ff9893c5000 r-xp 00000000 08:02 6561590                    /usr/lib/x86_64-linux-gnu/libasound.so.2.0.0
7ff9893c5000-7ff9895c4000 ---p 000e9000 08:02 6561590                    /usr/lib/x86_64-linux-gnu/libasound.so.2.0.0
7ff9895c4000-7ff9895cb000 r--p 000e8000 08:02 6561590                    /usr/lib/x86_64-linux-gnu/libasound.so.2.0.0
7ff9895cb000-7ff9895cc000 rw-p 000ef000 08:02 6561590                    /usr/lib/x86_64-linux-gnu/libasound.so.2.0.0
7ff9895de000-7ff9895e6000 rw-s 00000000 00:05 110211                     /drm mm object (deleted)
7ff9895e6000-7ff9895ed000 r--s 00000000 08:02 6947811                    /usr/lib/x86_64-linux-gnu/gconv/gconv-modules.cache
7ff9895ed000-7ff9895fc000 r-xp 00000000 08:02 8012164                    /usr/bin/processing-3.0/java/lib/amd64/libjsoundalsa.so
7ff9895fc000-7ff9897fb000 ---p 0000f000 08:02 8012164                    /usr/bin/processing-3.0/java/lib/amd64/libjsoundalsa.so
7ff9897fb000-7ff9897fc000 rw-p 0000e000 08:02 8012164                    /usr/bin/processing-3.0/java/lib/amd64/libjsoundalsa.so
7ff9897fc000-7ff9897fd000 r-xp 00000000 08:02 8012181                    /usr/bin/processing-3.0/java/lib/amd64/libjsound.so
7ff9897fd000-7ff9899fc000 ---p 00001000 08:02 8012181                    /usr/bin/processing-3.0/java/lib/amd64/libjsound.so
7ff9899fc000-7ff9899fd000 rw-p 00000000 08:02 8012181                    /usr/bin/processing-3.0/java/lib/amd64/libjsound.so
7ff9899fd000-7ff989bfd000 rw-p 00000000 00:00 0 
7ff989bfd000-7ff989c41000 r-xp 00000000 08:02 13635704                   /lib/x86_64-linux-gnu/libdbus-1.so.3.7.6
7ff989c41000-7ff989e40000 ---p 00044000 08:02 13635704                   /lib/x86_64-linux-gnu/libdbus-1.so.3.7.6
7ff989e40000-7ff989e41000 r--p 00043000 08:02 13635704                   /lib/x86_64-linux-gnu/libdbus-1.so.3.7.6
7ff989e41000-7ff989e42000 rw-p 00044000 08:02 13635704                   /lib/x86_64-linux-gnu/libdbus-1.so.3.7.6
7ff989e42000-7ff989e4a000 r-xp 00000000 08:02 13635752                   /lib/x86_64-linux-gnu/libnih-dbus.so.1.0.0
7ff989e4a000-7ff98a04a000 ---p 00008000 08:02 13635752                   /lib/x86_64-linux-gnu/libnih-dbus.so.1.0.0
7ff98a04a000-7ff98a04b000 r--p 00008000 08:02 13635752                   /lib/x86_64-linux-gnu/libnih-dbus.so.1.0.0
7ff98a04b000-7ff98a04c000 rw-p 00009000 08:02 13635752                   /lib/x86_64-linux-gnu/libnih-dbus.so.1.0.0
7ff98a04c000-7ff98a063000 r-xp 00000000 08:02 13635754                   /lib/x86_64-linux-gnu/libnih.so.1.0.0
7ff98a063000-7ff98a262000 ---p 00017000 08:02 13635754                   /lib/x86_64-linux-gnu/libnih.so.1.0.0
7ff98a262000-7ff98a263000 r--p 00016000 08:02 13635754                   /lib/x86_64-linux-gnu/libnih.so.1.0.0
7ff98a263000-7ff98a264000 rw-p 00017000 08:02 13635754                   /lib/x86_64-linux-gnu/libnih.so.1.0.0
7ff98a264000-7ff98a27d000 r-xp 00000000 08:02 13635695                   /lib/x86_64-linux-gnu/libcgmanager.so.0.0.0
7ff98a27d000-7ff98a47c000 ---p 00019000 08:02 13635695                   /lib/x86_64-linux-gnu/libcgmanager.so.0.0.0
7ff98a47c000-7ff98a47e000 r--p 00018000 08:02 13635695                   /lib/x86_64-linux-gnu/libcgmanager.so.0.0.0
7ff98a47e000-7ff98a47f000 rw-p 0001a000 08:02 13635695                   /lib/x86_64-linux-gnu/libcgmanager.so.0.0.0
7ff98a47f000-7ff98a48f000 r-xp 00000000 08:02 13635838                   /lib/x86_64-linux-gnu/libudev.so.1.3.5
7ff98a48f000-7ff98a68e000 ---p 00010000 08:02 13635838                   /lib/x86_64-linux-gnu/libudev.so.1.3.5
7ff98a68e000-7ff98a68f000 r--p 0000f000 08:02 13635838                   /lib/x86_64-linux-gnu/libudev.so.1.3.5
7ff98a68f000-7ff98a690000 rw-p 00010000 08:02 13635838                   /lib/x86_64-linux-gnu/libudev.so.1.3.5
7ff98a690000-7ff98a6c7000 r-xp 00000000 08:02 6562454                    /usr/lib/x86_64-linux-gnu/libtxc_dxtn_s2tc.so.0.0.0
7ff98a6c7000-7ff98a8c6000 ---p 00037000 08:02 6562454                    /usr/lib/x86_64-linux-gnu/libtxc_dxtn_s2tc.so.0.0.0
7ff98a8c6000-7ff98a8c7000 r--p 00036000 08:02 6562454                    /usr/lib/x86_64-linux-gnu/libtxc_dxtn_s2tc.so.0.0.0
7ff98a8c7000-7ff98a8c8000 rw-p 00037000 08:02 6562454                    /usr/lib/x86_64-linux-gnu/libtxc_dxtn_s2tc.so.0.0.0
7ff98a8c8000-7ff98a8e0000 r-xp 00000000 08:02 13635853                   /lib/x86_64-linux-gnu/libz.so.1.2.8
7ff98a8e0000-7ff98aadf000 ---p 00018000 08:02 13635853                   /lib/x86_64-linux-gnu/libz.so.1.2.8
7ff98aadf000-7ff98aae0000 r--p 00017000 08:02 13635853                   /lib/x86_64-linux-gnu/libz.so.1.2.8
7ff98aae0000-7ff98aae1000 rw-p 00018000 08:02 13635853                   /lib/x86_64-linux-gnu/libz.so.1.2.8
7ff98aae1000-7ff98aae9000 r-xp 00000000 08:02 6562259                    /usr/lib/x86_64-linux-gnu/libpciaccess.so.0.11.1
7ff98aae9000-7ff98ace8000 ---p 00008000 08:02 6562259                    /usr/lib/x86_64-linux-gnu/libpciaccess.so.0.11.1
7ff98ace8000-7ff98ace9000 r--p 00007000 08:02 6562259                    /usr/lib/x86_64-linux-gnu/libpciaccess.so.0.11.1
7ff98ace9000-7ff98acea000 rw-p 00008000 08:02 6562259                    /usr/lib/x86_64-linux-gnu/libpciaccess.so.0.11.1
7ff98acea000-7ff98add0000 r-xp 00000000 08:02 6562412                    /usr/lib/x86_64-linux-gnu/libstdc++.so.6.0.19
7ff98add0000-7ff98afcf000 ---p 000e6000 08:02 6562412                    /usr/lib/x86_64-linux-gnu/libstdc++.so.6.0.19
7ff98afcf000-7ff98afd7000 r--p 000e5000 08:02 6562412                    /usr/lib/x86_64-linux-gnu/libstdc++.so.6.0.19
7ff98afd7000-7ff98afd9000 rw-p 000ed000 08:02 6562412                    /usr/lib/x86_64-linux-gnu/libstdc++.so.6.0.19
7ff98afd9000-7ff98afee000 rw-p 00000000 00:00 0 
7ff98afee000-7ff98affa000 r-xp 00000000 08:02 6561756                    /usr/lib/x86_64-linux-gnu/libdrm_radeon.so.1.0.1
7ff98affa000-7ff98b1f9000 ---p 0000c000 08:02 6561756                    /usr/lib/x86_64-linux-gnu/libdrm_radeon.so.1.0.1
7ff98b1f9000-7ff98b1fa000 r--p 0000b000 08:02 6561756                    /usr/lib/x86_64-linux-gnu/libdrm_radeon.so.1.0.1
7ff98b1fa000-7ff98b1fb000 rw-p 0000c000 08:02 6561756                    /usr/lib/x86_64-linux-gnu/libdrm_radeon.so.1.0.1
7ff98b1fb000-7ff98b201000 r-xp 00000000 08:02 6561754                    /usr/lib/x86_64-linux-gnu/libdrm_nouveau.so.2.0.0
7ff98b201000-7ff98b400000 ---p 00006000 08:02 6561754                    /usr/lib/x86_64-linux-gnu/libdrm_nouveau.so.2.0.0
7ff98b400000-7ff98b401000 r--p 00005000 08:02 6561754                    /usr/lib/x86_64-linux-gnu/libdrm_nouveau.so.2.0.0
7ff98b401000-7ff98b402000 rw-p 00006000 08:02 6561754                    /usr/lib/x86_64-linux-gnu/libdrm_nouveau.so.2.0.0
7ff98b402000-7ff98b422000 r-xp 00000000 08:02 6561752                    /usr/lib/x86_64-linux-gnu/libdrm_intel.so.1.0.0
7ff98b422000-7ff98b621000 ---p 00020000 08:02 6561752                    /usr/lib/x86_64-linux-gnu/libdrm_intel.so.1.0.0
7ff98b621000-7ff98b622000 r--p 0001f000 08:02 6561752                    /usr/lib/x86_64-linux-gnu/libdrm_intel.so.1.0.0
7ff98b622000-7ff98b623000 rw-p 00020000 08:02 6561752                    /usr/lib/x86_64-linux-gnu/libdrm_intel.so.1.0.0
7ff98b623000-7ff98bb77000 r-xp 00000000 08:02 6947244                    /usr/lib/x86_64-linux-gnu/dri/i965_dri.so
7ff98bb77000-7ff98bd77000 ---p 00554000 08:02 6947244                    /usr/lib/x86_64-linux-gnu/dri/i965_dri.so
7ff98bd77000-7ff98bd98000 r--p 00554000 08:02 6947244                    /usr/lib/x86_64-linux-gnu/dri/i965_dri.so
7ff98bd98000-7ff98bd9f000 rw-p 00575000 08:02 6947244                    /usr/lib/x86_64-linux-gnu/dri/i965_dri.so
7ff98bd9f000-7ff98bda6000 rw-p 00000000 00:00 0 
7ff98bda6000-7ff98bdff000 r-xp 00000000 08:02 4461996                    /tmp/jogamp_0000/file_cache/jln5929902719715141304/jln191297754505104934/libjogl_mobile.so
7ff98bdff000-7ff98bfff000 ---p 00059000 08:02 4461996                    /tmp/jogamp_0000/file_cache/jln5929902719715141304/jln191297754505104934/libjogl_mobile.so
7ff98bfff000-7ff98c000000 rw-p 00059000 08:02 4461996                    /tmp/jogamp_0000/file_cache/jln5929902719715141304/jln191297754505104934/libjogl_mobile.so
7ff98c000000-7ff98c752000 rw-p 00000000 00:00 0 
7ff98c752000-7ff990000000 ---p 00000000 00:00 0 
7ff990000000-7ff992dec000 rw-p 00000000 00:00 0 
7ff992dec000-7ff994000000 ---p 00000000 00:00 0 
7ff994000000-7ff994021000 rw-p 00000000 00:00 0 
7ff994021000-7ff998000000 ---p 00000000 00:00 0 
7ff998000000-7ff998881000 rw-p 00000000 00:00 0 
7ff998881000-7ff99c000000 ---p 00000000 00:00 0 
7ff99c004000-7ff99c006000 rw-s 1d3e88000 00:06 10208                     /dev/dri/card0
7ff99c006000-7ff99c019000 r--s 00344000 08:02 6695996                    /usr/bin/processing-3.0/java/lib/resources.jar
7ff99c019000-7ff99c0b9000 rw-s 1d3de7000 00:06 10208                     /dev/dri/card0
7ff99c0b9000-7ff99c0c1000 rw-s 00000000 00:05 111708                     /drm mm object (deleted)
7ff99c0c1000-7ff99c0c9000 rw-s 00000000 00:05 111682                     /drm mm object (deleted)
7ff99c0c9000-7ff99c0cc000 ---p 00000000 00:00 0 
7ff99c0cc000-7ff99c1ca000 rw-p 00000000 00:00 0                          [stack:6935]
7ff99c1ca000-7ff99c1d1000 r-xp 00000000 08:02 6561790                    /usr/lib/x86_64-linux-gnu/libffi.so.6.0.1
7ff99c1d1000-7ff99c3d0000 ---p 00007000 08:02 6561790                    /usr/lib/x86_64-linux-gnu/libffi.so.6.0.1
7ff99c3d0000-7ff99c3d1000 r--p 00006000 08:02 6561790                    /usr/lib/x86_64-linux-gnu/libffi.so.6.0.1
7ff99c3d1000-7ff99c3d2000 rw-p 00007000 08:02 6561790                    /usr/lib/x86_64-linux-gnu/libffi.so.6.0.1
7ff99c3d2000-7ff99c3de000 r-xp 00000000 08:02 6561843                    /usr/lib/x86_64-linux-gnu/libgbm.so.1.0.0
7ff99c3de000-7ff99c5de000 ---p 0000c000 08:02 6561843                    /usr/lib/x86_64-linux-gnu/libgbm.so.1.0.0
7ff99c5de000-7ff99c5df000 r--p 0000c000 08:02 6561843                    /usr/lib/x86_64-linux-gnu/libgbm.so.1.0.0
7ff99c5df000-7ff99c5e0000 rw-p 0000d000 08:02 6561843                    /usr/lib/x86_64-linux-gnu/libgbm.so.1.0.0
7ff99c5e0000-7ff99c5ef000 r-xp 00000000 08:02 6562520                    /usr/lib/x86_64-linux-gnu/libwayland-server.so.0.1.0
7ff99c5ef000-7ff99c7ee000 ---p 0000f000 08:02 6562520                    /usr/lib/x86_64-linux-gnu/libwayland-server.so.0.1.0
7ff99c7ee000-7ff99c7f0000 r--p 0000e000 08:02 6562520                    /usr/lib/x86_64-linux-gnu/libwayland-server.so.0.1.0
7ff99c7f0000-7ff99c7f1000 rw-p 00010000 08:02 6562520                    /usr/lib/x86_64-linux-gnu/libwayland-server.so.0.1.0
7ff99c7f1000-7ff99c7fc000 r-xp 00000000 08:02 6562514                    /usr/lib/x86_64-linux-gnu/libwayland-client.so.0.2.0
7ff99c7fc000-7ff99c9fb000 ---p 0000b000 08:02 6562514                    /usr/lib/x86_64-linux-gnu/libwayland-client.so.0.2.0
7ff99c9fb000-7ff99c9fd000 r--p 0000a000 08:02 6562514                    /usr/lib/x86_64-linux-gnu/libwayland-client.so.0.2.0
7ff99c9fd000-7ff99c9fe000 rw-p 0000c000 08:02 6562514                    /usr/lib/x86_64-linux-gnu/libwayland-client.so.0.2.0
7ff99c9fe000-7ff99ca03000 r-xp 00000000 08:02 6562570                    /usr/lib/x86_64-linux-gnu/libxcb-xfixes.so.0.0.0
7ff99ca03000-7ff99cc03000 ---p 00005000 08:02 6562570                    /usr/lib/x86_64-linux-gnu/libxcb-xfixes.so.0.0.0
7ff99cc03000-7ff99cc04000 r--p 00005000 08:02 6562570                    /usr/lib/x86_64-linux-gnu/libxcb-xfixes.so.0.0.0
7ff99cc04000-7ff99cc05000 rw-p 00006000 08:02 6562570                    /usr/lib/x86_64-linux-gnu/libxcb-xfixes.so.0.0.0
7ff99cc05000-7ff99cc2c000 r-xp 00000000 08:02 6948353                    /usr/lib/x86_64-linux-gnu/mesa-egl/libEGL.so.1.0.0
7ff99cc2c000-7ff99ce2c000 ---p 00027000 08:02 6948353                    /usr/lib/x86_64-linux-gnu/mesa-egl/libEGL.so.1.0.0
7ff99ce2c000-7ff99ce2d000 r--p 00027000 08:02 6948353                    /usr/lib/x86_64-linux-gnu/mesa-egl/libEGL.so.1.0.0
7ff99ce2d000-7ff99ce2e000 rw-p 00028000 08:02 6948353                    /usr/lib/x86_64-linux-gnu/mesa-egl/libEGL.so.1.0.0
7ff99ce2e000-7ff99ce2f000 rw-p 00000000 00:00 0 
7ff99ce2f000-7ff99ce35000 r-xp 00000000 08:02 6948357                    /usr/lib/x86_64-linux-gnu/mesa-egl/libGLESv2.so.2.0.0
7ff99ce35000-7ff99d034000 ---p 00006000 08:02 6948357                    /usr/lib/x86_64-linux-gnu/mesa-egl/libGLESv2.so.2.0.0
7ff99d034000-7ff99d035000 r--p 00005000 08:02 6948357                    /usr/lib/x86_64-linux-gnu/mesa-egl/libGLESv2.so.2.0.0
7ff99d035000-7ff99d036000 rw-p 00006000 08:02 6948357                    /usr/lib/x86_64-linux-gnu/mesa-egl/libGLESv2.so.2.0.0
7ff99d036000-7ff99d039000 ---p 00000000 00:00 0 
7ff99d039000-7ff99d137000 rw-p 00000000 00:00 0                          [stack:6934]
7ff99d137000-7ff99d1ea000 r-xp 00000000 08:02 4461995                    /tmp/jogamp_0000/file_cache/jln5929902719715141304/jln191297754505104934/libjogl_desktop.so
7ff99d1ea000-7ff99d3ea000 ---p 000b3000 08:02 4461995                    /tmp/jogamp_0000/file_cache/jln5929902719715141304/jln191297754505104934/libjogl_desktop.so
7ff99d3ea000-7ff99d3eb000 rw-p 000b3000 08:02 4461995                    /tmp/jogamp_0000/file_cache/jln5929902719715141304/jln191297754505104934/libjogl_desktop.so
7ff99d3eb000-7ff99d3f6000 r-xp 00000000 08:02 6561750                    /usr/lib/x86_64-linux-gnu/libdrm.so.2.4.0
7ff99d3f6000-7ff99d5f5000 ---p 0000b000 08:02 6561750                    /usr/lib/x86_64-linux-gnu/libdrm.so.2.4.0
7ff99d5f5000-7ff99d5f6000 r--p 0000a000 08:02 6561750                    /usr/lib/x86_64-linux-gnu/libdrm.so.2.4.0
7ff99d5f6000-7ff99d5f7000 rw-p 0000b000 08:02 6561750                    /usr/lib/x86_64-linux-gnu/libdrm.so.2.4.0
7ff99d5f7000-7ff99d5f8000 r-xp 00000000 08:02 6562584                    /usr/lib/x86_64-linux-gnu/libxshmfence.so.1.0.0
7ff99d5f8000-7ff99d7f7000 ---p 00001000 08:02 6562584                    /usr/lib/x86_64-linux-gnu/libxshmfence.so.1.0.0
7ff99d7f7000-7ff99d7f8000 r--p 00000000 08:02 6562584                    /usr/lib/x86_64-linux-gnu/libxshmfence.so.1.0.0
7ff99d7f8000-7ff99d7f9000 rw-p 00001000 08:02 6562584                    /usr/lib/x86_64-linux-gnu/libxshmfence.so.1.0.0
7ff99d7f9000-7ff99d7fe000 r-xp 00000000 08:02 6562566                    /usr/lib/x86_64-linux-gnu/libxcb-sync.so.1.0.0
7ff99d7fe000-7ff99d9fd000 ---p 00005000 08:02 6562566                    /usr/lib/x86_64-linux-gnu/libxcb-sync.so.1.0.0
7ff99d9fd000-7ff99d9fe000 r--p 00004000 08:02 6562566                    /usr/lib/x86_64-linux-gnu/libxcb-sync.so.1.0.0
7ff99d9fe000-7ff99d9ff000 rw-p 00005000 08:02 6562566                    /usr/lib/x86_64-linux-gnu/libxcb-sync.so.1.0.0
7ff99d9ff000-7ff99da01000 r-xp 00000000 08:02 6562554                    /usr/lib/x86_64-linux-gnu/libxcb-present.so.0.0.0
7ff99da01000-7ff99dc00000 ---p 00002000 08:02 6562554                    /usr/lib/x86_64-linux-gnu/libxcb-present.so.0.0.0
7ff99dc00000-7ff99dc01000 r--p 00001000 08:02 6562554                    /usr/lib/x86_64-linux-gnu/libxcb-present.so.0.0.0
7ff99dc01000-7ff99dc02000 rw-p 00002000 08:02 6562554                    /usr/lib/x86_64-linux-gnu/libxcb-present.so.0.0.0
7ff99dc02000-7ff99dc04000 r-xp 00000000 08:02 6562544                    /usr/lib/x86_64-linux-gnu/libxcb-dri3.so.0.0.0
7ff99dc04000-7ff99de03000 ---p 00002000 08:02 6562544                    /usr/lib/x86_64-linux-gnu/libxcb-dri3.so.0.0.0
7ff99de03000-7ff99de04000 r--p 00001000 08:02 6562544                    /usr/lib/x86_64-linux-gnu/libxcb-dri3.so.0.0.0
7ff99de04000-7ff99de05000 rw-p 00002000 08:02 6562544                    /usr/lib/x86_64-linux-gnu/libxcb-dri3.so.0.0.0
7ff99de05000-7ff99de08000 r-xp 00000000 08:02 6562542                    /usr/lib/x86_64-linux-gnu/libxcb-dri2.so.0.0.0
7ff99de08000-7ff99e008000 ---p 00003000 08:02 6562542                    /usr/lib/x86_64-linux-gnu/libxcb-dri2.so.0.0.0
7ff99e008000-7ff99e009000 r--p 00003000 08:02 6562542                    /usr/lib/x86_64-linux-gnu/libxcb-dri2.so.0.0.0
7ff99e009000-7ff99e00a000 rw-p 00004000 08:02 6562542                    /usr/lib/x86_64-linux-gnu/libxcb-dri2.so.0.0.0
7ff99e00a000-7ff99e01f000 r-xp 00000000 08:02 6562546                    /usr/lib/x86_64-linux-gnu/libxcb-glx.so.0.0.0
7ff99e01f000-7ff99e21e000 ---p 00015000 08:02 6562546                    /usr/lib/x86_64-linux-gnu/libxcb-glx.so.0.0.0
7ff99e21e000-7ff99e220000 r--p 00014000 08:02 6562546                    /usr/lib/x86_64-linux-gnu/libxcb-glx.so.0.0.0
7ff99e220000-7ff99e221000 rw-p 00016000 08:02 6562546                    /usr/lib/x86_64-linux-gnu/libxcb-glx.so.0.0.0
7ff99e221000-7ff99e222000 r-xp 00000000 08:02 6561502                    /usr/lib/x86_64-linux-gnu/libX11-xcb.so.1.0.0
7ff99e222000-7ff99e421000 ---p 00001000 08:02 6561502                    /usr/lib/x86_64-linux-gnu/libX11-xcb.so.1.0.0
7ff99e421000-7ff99e422000 r--p 00000000 08:02 6561502                    /usr/lib/x86_64-linux-gnu/libX11-xcb.so.1.0.0
7ff99e422000-7ff99e423000 rw-p 00001000 08:02 6561502                    /usr/lib/x86_64-linux-gnu/libX11-xcb.so.1.0.0
7ff99e423000-7ff99e425000 r-xp 00000000 08:02 6561517                    /usr/lib/x86_64-linux-gnu/libXdamage.so.1.1.0
7ff99e425000-7ff99e624000 ---p 00002000 08:02 6561517                    /usr/lib/x86_64-linux-gnu/libXdamage.so.1.1.0
7ff99e624000-7ff99e625000 r--p 00001000 08:02 6561517                    /usr/lib/x86_64-linux-gnu/libXdamage.so.1.1.0
7ff99e625000-7ff99e626000 rw-p 00002000 08:02 6561517                    /usr/lib/x86_64-linux-gnu/libXdamage.so.1.1.0
7ff99e626000-7ff99e64b000 r-xp 00000000 08:02 6561895                    /usr/lib/x86_64-linux-gnu/libglapi.so.0.0.0
7ff99e64b000-7ff99e84b000 ---p 00025000 08:02 6561895                    /usr/lib/x86_64-linux-gnu/libglapi.so.0.0.0
7ff99e84b000-7ff99e84e000 r--p 00025000 08:02 6561895                    /usr/lib/x86_64-linux-gnu/libglapi.so.0.0.0
7ff99e84e000-7ff99e84f000 rw-p 00028000 08:02 6561895                    /usr/lib/x86_64-linux-gnu/libglapi.so.0.0.0
7ff99e84f000-7ff99e850000 rw-p 00000000 00:00 0 
7ff99e850000-7ff99e877000 r-xp 00000000 08:02 13637323                   /lib/x86_64-linux-gnu/libexpat.so.1.6.0
7ff99e877000-7ff99ea77000 ---p 00027000 08:02 13637323                   /lib/x86_64-linux-gnu/libexpat.so.1.6.0
7ff99ea77000-7ff99ea79000 r--p 00027000 08:02 13637323                   /lib/x86_64-linux-gnu/libexpat.so.1.6.0
7ff99ea79000-7ff99ea7a000 rw-p 00029000 08:02 13637323                   /lib/x86_64-linux-gnu/libexpat.so.1.6.0
7ff99ea7a000-7ff99eb08000 r-xp 00000000 08:02 6948350                    /usr/lib/x86_64-linux-gnu/mesa/libGL.so.1.2.0
7ff99eb08000-7ff99ed07000 ---p 0008e000 08:02 6948350                    /usr/lib/x86_64-linux-gnu/mesa/libGL.so.1.2.0
7ff99ed07000-7ff99ed0a000 r--p 0008d000 08:02 6948350                    /usr/lib/x86_64-linux-gnu/mesa/libGL.so.1.2.0
7ff99ed0a000-7ff99ed0b000 rw-p 00090000 08:02 6948350                    /usr/lib/x86_64-linux-gnu/mesa/libGL.so.1.2.0
7ff99ed0b000-7ff99ef0c000 rw-p 00000000 00:00 0 
7ff99ef0c000-7ff99ef0e000 r-xp 00000000 08:02 6561531                    /usr/lib/x86_64-linux-gnu/libXinerama.so.1.0.0
7ff99ef0e000-7ff99f10d000 ---p 00002000 08:02 6561531                    /usr/lib/x86_64-linux-gnu/libXinerama.so.1.0.0
7ff99f10d000-7ff99f10e000 r--p 00001000 08:02 6561531                    /usr/lib/x86_64-linux-gnu/libXinerama.so.1.0.0
7ff99f10e000-7ff99f10f000 rw-p 00002000 08:02 6561531                    /usr/lib/x86_64-linux-gnu/libXinerama.so.1.0.0
7ff99f10f000-7ff99f112000 ---p 00000000 00:00 0 
7ff99f112000-7ff99f6c0000 rw-p 00000000 00:00 0                          [stack:6933]
7ff99f6c0000-7ff99f6cf000 r-xp 00000000 08:02 4461999                    /tmp/jogamp_0000/file_cache/jln5929902719715141304/jln191297754505104934/libnewt.so
7ff99f6cf000-7ff99f8ce000 ---p 0000f000 08:02 4461999                    /tmp/jogamp_0000/file_cache/jln5929902719715141304/jln191297754505104934/libnewt.so
7ff99f8ce000-7ff99f8cf000 rw-p 0000e000 08:02 4461999                    /tmp/jogamp_0000/file_cache/jln5929902719715141304/jln191297754505104934/libnewt.so
7ff99f8cf000-7ff99f8d6000 r-xp 00000000 08:02 4461998                    /tmp/jogamp_0000/file_cache/jln5929902719715141304/jln191297754505104934/libnativewindow_x11.so
7ff99f8d6000-7ff99fad5000 ---p 00007000 08:02 4461998                    /tmp/jogamp_0000/file_cache/jln5929902719715141304/jln191297754505104934/libnativewindow_x11.so
7ff99fad5000-7ff99fad6000 rw-p 00006000 08:02 4461998                    /tmp/jogamp_0000/file_cache/jln5929902719715141304/jln191297754505104934/libnativewindow_x11.so
7ff99fad6000-7ff99fad9000 ---p 00000000 00:00 0 
7ff99fad9000-7ff99fbd7000 rw-p 00000000 00:00 0                          [stack:6936]
7ff99fbd7000-7ff99fbdb000 r-xp 00000000 08:02 6561559                    /usr/lib/x86_64-linux-gnu/libXxf86vm.so.1.0.0
7ff99fbdb000-7ff99fddb000 ---p 00004000 08:02 6561559                    /usr/lib/x86_64-linux-gnu/libXxf86vm.so.1.0.0
7ff99fddb000-7ff99fddc000 r--p 00004000 08:02 6561559                    /usr/lib/x86_64-linux-gnu/libXxf86vm.so.1.0.0
7ff99fddc000-7ff99fddd000 rw-p 00005000 08:02 6561559                    /usr/lib/x86_64-linux-gnu/libXxf86vm.so.1.0.0
7ff99fddd000-7ff99fdde000 rw-p 00000000 00:00 0 
7ff99fdde000-7ff99fde6000 rw-s 00000000 00:05 109051                     /drm mm object (deleted)
7ff99fde6000-7ff99fdee000 rw-s 00000000 00:05 111671                     /drm mm object (deleted)
7ff99fdee000-7ff99fdf6000 rw-s 00000000 00:05 110127                     /drm mm object (deleted)
7ff99fdf6000-7ff99fdfe000 rw-s 00000000 00:05 110167                     /drm mm object (deleted)
7ff99fdfe000-7ff99fe00000 r-xp 00000000 08:02 4461997                    /tmp/jogamp_0000/file_cache/jln5929902719715141304/jln191297754505104934/libnativewindow_awt.so
7ff99fe00000-7ff99ffff000 ---p 00002000 08:02 4461997                    /tmp/jogamp_0000/file_cache/jln5929902719715141304/jln191297754505104934/libnativewindow_awt.so
7ff99ffff000-7ff9a0000000 rw-p 00001000 08:02 4461997                    /tmp/jogamp_0000/file_cache/jln5929902719715141304/jln191297754505104934/libnativewindow_awt.so
7ff9a0000000-7ff9a0021000 rw-p 00000000 00:00 0 
7ff9a0021000-7ff9a4000000 ---p 00000000 00:00 0 
7ff9a4000000-7ff9a4021000 rw-p 00000000 00:00 0 
7ff9a4021000-7ff9a8000000 ---p 00000000 00:00 0 
7ff9a8000000-7ff9a8021000 rw-p 00000000 00:00 0 
7ff9a8021000-7ff9ac000000 ---p 00000000 00:00 0 
7ff9ac000000-7ff9ac021000 rw-p 00000000 00:00 0 
7ff9ac021000-7ff9b0000000 ---p 00000000 00:00 0 
7ff9b0000000-7ff9b0858000 rw-p 00000000 00:00 0 
7ff9b0858000-7ff9b4000000 ---p 00000000 00:00 0 
7ff9b4000000-7ff9b4021000 rw-p 00000000 00:00 0 
7ff9b4021000-7ff9b8000000 ---p 00000000 00:00 0 
7ff9b8000000-7ff9ba4a7000 rw-p 00000000 00:00 0 
7ff9ba4a7000-7ff9bc000000 ---p 00000000 00:00 0 
7ff9bc000000-7ff9be0be000 rw-p 00000000 00:00 0 
7ff9be0be000-7ff9c0000000 ---p 00000000 00:00 0 
7ff9c0000000-7ff9c0021000 rw-p 00000000 00:00 0 
7ff9c0021000-7ff9c4000000 ---p 00000000 00:00 0 
7ff9c4000000-7ff9c4021000 rw-p 00000000 00:00 0 
7ff9c4021000-7ff9c8000000 ---p 00000000 00:00 0 
7ff9c8000000-7ff9c8021000 rw-p 00000000 00:00 0 
7ff9c8021000-7ff9cc000000 ---p 00000000 00:00 0 
7ff9cc000000-7ff9cc021000 rw-p 00000000 00:00 0 
7ff9cc021000-7ff9d0000000 ---p 00000000 00:00 0 
7ff9d0000000-7ff9d0021000 rw-p 00000000 00:00 0 
7ff9d0021000-7ff9d4000000 ---p 00000000 00:00 0 
7ff9d4000000-7ff9d4021000 rw-p 00000000 00:00 0 
7ff9d4021000-7ff9d8000000 ---p 00000000 00:00 0 
7ff9d8000000-7ff9d8021000 rw-p 00000000 00:00 0 
7ff9d8021000-7ff9dc000000 ---p 00000000 00:00 0 
7ff9dc000000-7ff9dc021000 rw-p 00000000 00:00 0 
7ff9dc021000-7ff9e0000000 ---p 00000000 00:00 0 
7ff9e0000000-7ff9e0001000 rw-s 1d3e87000 00:06 10208                     /dev/dri/card0
7ff9e0001000-7ff9e0002000 rw-s 81000000 00:06 94744                      /dev/snd/pcmC2D0p
7ff9e0002000-7ff9e0003000 r--s 80000000 00:06 94744                      /dev/snd/pcmC2D0p
7ff9e0003000-7ff9e0004000 rw-s 1d3de6000 00:06 10208                     /dev/dri/card0
7ff9e0004000-7ff9e0005000 rw-s 1d3de5000 00:06 10208                     /dev/dri/card0
7ff9e0005000-7ff9e0006000 rwxp 00000000 00:00 0 
7ff9e0006000-7ff9e0007000 rw-s 1d3de4000 00:06 10208                     /dev/dri/card0
7ff9e0007000-7ff9e000f000 rw-s 00000000 00:05 110116                     /drm mm object (deleted)
7ff9e000f000-7ff9e0010000 r-xp 00000000 08:02 8012156                    /usr/bin/processing-3.0/java/lib/amd64/libjawt.so
7ff9e0010000-7ff9e020f000 ---p 00001000 08:02 8012156                    /usr/bin/processing-3.0/java/lib/amd64/libjawt.so
7ff9e020f000-7ff9e0210000 rw-p 00000000 08:02 8012156                    /usr/bin/processing-3.0/java/lib/amd64/libjawt.so
7ff9e0210000-7ff9e0212000 r-xp 00000000 08:02 4461994                    /tmp/jogamp_0000/file_cache/jln5929902719715141304/jln191297754505104934/libgluegen-rt.so
7ff9e0212000-7ff9e0411000 ---p 00002000 08:02 4461994                    /tmp/jogamp_0000/file_cache/jln5929902719715141304/jln191297754505104934/libgluegen-rt.so
7ff9e0411000-7ff9e0412000 rw-p 00001000 08:02 4461994                    /tmp/jogamp_0000/file_cache/jln5929902719715141304/jln191297754505104934/libgluegen-rt.so
7ff9e0412000-7ff9e0415000 ---p 00000000 00:00 0 
7ff9e0415000-7ff9e0513000 rw-p 00000000 00:00 0 
7ff9e0513000-7ff9e0524000 r-xp 00000000 08:02 8012203                    /usr/bin/processing-3.0/java/lib/amd64/libnio.so
7ff9e0524000-7ff9e0723000 ---p 00011000 08:02 8012203                    /usr/bin/processing-3.0/java/lib/amd64/libnio.so
7ff9e0723000-7ff9e0724000 rw-p 00010000 08:02 8012203                    /usr/bin/processing-3.0/java/lib/amd64/libnio.so
7ff9e0724000-7ff9e073a000 r-xp 00000000 08:02 8012151                    /usr/bin/processing-3.0/java/lib/amd64/libnet.so
7ff9e073a000-7ff9e093a000 ---p 00016000 08:02 8012151                    /usr/bin/processing-3.0/java/lib/amd64/libnet.so
7ff9e093a000-7ff9e093b000 rw-p 00016000 08:02 8012151                    /usr/bin/processing-3.0/java/lib/amd64/libnet.so
7ff9e093b000-7ff9e093e000 ---p 00000000 00:00 0 
7ff9e093e000-7ff9e0974000 rw-p 00000000 00:00 0                          [stack:6926]
7ff9e0974000-7ff9e0978000 r--s 00095000 08:02 6696012                    /usr/bin/processing-3.0/java/lib/jsse.jar
7ff9e0978000-7ff9e0b78000 rw-p 00000000 00:00 0 
7ff9e0b78000-7ff9e0b7b000 r--s 00041000 08:02 8014028                    /usr/bin/processing-3.0/modes/java/mode/org.netbeans.swing.outline.jar
7ff9e0b7b000-7ff9e0b80000 r--s 00038000 08:02 8014038                    /usr/bin/processing-3.0/modes/java/mode/org.eclipse.text.jar
7ff9e0b80000-7ff9e0b94000 r--s 00121000 08:02 8014045                    /usr/bin/processing-3.0/modes/java/mode/org.eclipse.osgi.jar
7ff9e0b94000-7ff9e0bcc000 r--s 00515000 08:02 8014044                    /usr/bin/processing-3.0/modes/java/mode/org.eclipse.jdt.core.jar
7ff9e0bcc000-7ff9e0bcf000 r--s 0001c000 08:02 8014042                    /usr/bin/processing-3.0/modes/java/mode/org.eclipse.equinox.preferences.jar
7ff9e0bcf000-7ff9e0bd2000 r--s 00018000 08:02 8014034                    /usr/bin/processing-3.0/modes/java/mode/org.eclipse.equinox.common.jar
7ff9e0bd2000-7ff9e0bd4000 r--s 00011000 08:02 8014037                    /usr/bin/processing-3.0/modes/java/mode/org.eclipse.core.runtime.jar
7ff9e0bd4000-7ff9e0bdf000 r--s 000c1000 08:02 8014040                    /usr/bin/processing-3.0/modes/java/mode/org.eclipse.core.resources.jar
7ff9e0bdf000-7ff9e0be1000 r--s 00016000 08:02 8014027                    /usr/bin/processing-3.0/modes/java/mode/org.eclipse.core.jobs.jar
7ff9e0be1000-7ff9e0be3000 r--s 00015000 08:02 8014029                    /usr/bin/processing-3.0/modes/java/mode/org.eclipse.core.contenttype.jar
7ff9e0be3000-7ff9e0be8000 r--s 0003f000 08:02 8014032                    /usr/bin/processing-3.0/modes/java/mode/jsoup-1.7.1.jar
7ff9e0be8000-7ff9e0bf5000 r--s 000cb000 08:02 8014036                    /usr/bin/processing-3.0/modes/java/mode/jdimodel.jar
7ff9e0bf5000-7ff9e0bf9000 r--s 0000e000 08:02 8014030                    /usr/bin/processing-3.0/modes/java/mode/jdi.jar
7ff9e0bf9000-7ff9e0bff000 r--s 0007d000 08:02 8014033                    /usr/bin/processing-3.0/modes/java/mode/JavaMode.jar
7ff9e0bff000-7ff9e0c5a000 r--s 009e2000 08:02 8014039                    /usr/bin/processing-3.0/modes/java/mode/com.ibm.icu.jar
7ff9e0c5a000-7ff9e0c5f000 r--s 00068000 08:02 8014043                    /usr/bin/processing-3.0/modes/java/mode/antlr.jar
7ff9e0c5f000-7ff9e0c69000 r--s 00097000 08:02 6695776                    /usr/bin/processing-3.0/lib/pde.jar
7ff9e0c69000-7ff9e0c87000 r--s 001bb000 08:02 6695851                    /usr/bin/processing-3.0/lib/ant.jar
7ff9e0c87000-7ff9e0c90000 r-xp 00000000 08:02 6561541                    /usr/lib/x86_64-linux-gnu/libXrandr.so.2.2.0
7ff9e0c90000-7ff9e0e8f000 ---p 00009000 08:02 6561541                    /usr/lib/x86_64-linux-gnu/libXrandr.so.2.2.0
7ff9e0e8f000-7ff9e0e90000 r--p 00008000 08:02 6561541                    /usr/lib/x86_64-linux-gnu/libXrandr.so.2.2.0
7ff9e0e90000-7ff9e0e91000 rw-p 00009000 08:02 6561541                    /usr/lib/x86_64-linux-gnu/libXrandr.so.2.2.0
7ff9e0e91000-7ff9e0e94000 ---p 00000000 00:00 0 
7ff9e0e94000-7ff9e0f92000 rw-p 00000000 00:00 0                          [stack:6922]
7ff9e0f92000-7ff9e0f97000 r-xp 00000000 08:02 6561523                    /usr/lib/x86_64-linux-gnu/libXfixes.so.3.1.0
7ff9e0f97000-7ff9e1196000 ---p 00005000 08:02 6561523                    /usr/lib/x86_64-linux-gnu/libXfixes.so.3.1.0
7ff9e1196000-7ff9e1197000 r--p 00004000 08:02 6561523                    /usr/lib/x86_64-linux-gnu/libXfixes.so.3.1.0
7ff9e1197000-7ff9e1198000 rw-p 00005000 08:02 6561523                    /usr/lib/x86_64-linux-gnu/libXfixes.so.3.1.0
7ff9e1198000-7ff9e11a1000 r-xp 00000000 08:02 6561515                    /usr/lib/x86_64-linux-gnu/libXcursor.so.1.0.2
7ff9e11a1000-7ff9e13a0000 ---p 00009000 08:02 6561515                    /usr/lib/x86_64-linux-gnu/libXcursor.so.1.0.2
7ff9e13a0000-7ff9e13a1000 r--p 00008000 08:02 6561515                    /usr/lib/x86_64-linux-gnu/libXcursor.so.1.0.2
7ff9e13a1000-7ff9e13a2000 rw-p 00009000 08:02 6561515                    /usr/lib/x86_64-linux-gnu/libXcursor.so.1.0.2
7ff9e13a2000-7ff9e13a5000 ---p 00000000 00:00 0 
7ff9e13a5000-7ff9e14a3000 rw-p 00000000 00:00 0                          [stack:6921]
7ff9e14a3000-7ff9e14b9000 r-xp 00000000 08:02 13635717                   /lib/x86_64-linux-gnu/libgcc_s.so.1
7ff9e14b9000-7ff9e16b8000 ---p 00016000 08:02 13635717                   /lib/x86_64-linux-gnu/libgcc_s.so.1
7ff9e16b8000-7ff9e16b9000 rw-p 00015000 08:02 13635717                   /lib/x86_64-linux-gnu/libgcc_s.so.1
7ff9e16b9000-7ff9e171f000 r-xp 00000000 08:02 8012146                    /usr/bin/processing-3.0/java/lib/amd64/libfontmanager.so
7ff9e171f000-7ff9e191e000 ---p 00066000 08:02 8012146                    /usr/bin/processing-3.0/java/lib/amd64/libfontmanager.so
7ff9e191e000-7ff9e1922000 rw-p 00065000 08:02 8012146                    /usr/bin/processing-3.0/java/lib/amd64/libfontmanager.so
7ff9e1922000-7ff9e1933000 rw-p 00000000 00:00 0 
7ff9e1933000-7ff9e1938000 r-xp 00000000 08:02 6561519                    /usr/lib/x86_64-linux-gnu/libXdmcp.so.6.0.0
7ff9e1938000-7ff9e1b37000 ---p 00005000 08:02 6561519                    /usr/lib/x86_64-linux-gnu/libXdmcp.so.6.0.0
7ff9e1b37000-7ff9e1b38000 r--p 00004000 08:02 6561519                    /usr/lib/x86_64-linux-gnu/libXdmcp.so.6.0.0
7ff9e1b38000-7ff9e1b39000 rw-p 00005000 08:02 6561519                    /usr/lib/x86_64-linux-gnu/libXdmcp.so.6.0.0
7ff9e1b39000-7ff9e1b3b000 r-xp 00000000 08:02 6561508                    /usr/lib/x86_64-linux-gnu/libXau.so.6.0.0
7ff9e1b3b000-7ff9e1d3b000 ---p 00002000 08:02 6561508                    /usr/lib/x86_64-linux-gnu/libXau.so.6.0.0
7ff9e1d3b000-7ff9e1d3c000 r--p 00002000 08:02 6561508                    /usr/lib/x86_64-linux-gnu/libXau.so.6.0.0
7ff9e1d3c000-7ff9e1d3d000 rw-p 00003000 08:02 6561508                    /usr/lib/x86_64-linux-gnu/libXau.so.6.0.0
7ff9e1d3d000-7ff9e1d5a000 r-xp 00000000 08:02 6562574                    /usr/lib/x86_64-linux-gnu/libxcb.so.1.1.0
7ff9e1d5a000-7ff9e1f5a000 ---p 0001d000 08:02 6562574                    /usr/lib/x86_64-linux-gnu/libxcb.so.1.1.0
7ff9e1f5a000-7ff9e1f5b000 r--p 0001d000 08:02 6562574                    /usr/lib/x86_64-linux-gnu/libxcb.so.1.1.0
7ff9e1f5b000-7ff9e1f5c000 rw-p 0001e000 08:02 6562574                    /usr/lib/x86_64-linux-gnu/libxcb.so.1.1.0
7ff9e1f5c000-7ff9e1f6b000 r-xp 00000000 08:02 6561529                    /usr/lib/x86_64-linux-gnu/libXi.so.6.1.0
7ff9e1f6b000-7ff9e216a000 ---p 0000f000 08:02 6561529                    /usr/lib/x86_64-linux-gnu/libXi.so.6.1.0
7ff9e216a000-7ff9e216b000 r--p 0000e000 08:02 6561529                    /usr/lib/x86_64-linux-gnu/libXi.so.6.1.0
7ff9e216b000-7ff9e216c000 rw-p 0000f000 08:02 6561529                    /usr/lib/x86_64-linux-gnu/libXi.so.6.1.0
7ff9e216c000-7ff9e2171000 r-xp 00000000 08:02 6561549                    /usr/lib/x86_64-linux-gnu/libXtst.so.6.1.0
7ff9e2171000-7ff9e2370000 ---p 00005000 08:02 6561549                    /usr/lib/x86_64-linux-gnu/libXtst.so.6.1.0
7ff9e2370000-7ff9e2371000 r--p 00004000 08:02 6561549                    /usr/lib/x86_64-linux-gnu/libXtst.so.6.1.0
7ff9e2371000-7ff9e2372000 rw-p 00005000 08:02 6561549                    /usr/lib/x86_64-linux-gnu/libXtst.so.6.1.0
7ff9e2372000-7ff9e237b000 r-xp 00000000 08:02 6561543                    /usr/lib/x86_64-linux-gnu/libXrender.so.1.3.0
7ff9e237b000-7ff9e257a000 ---p 00009000 08:02 6561543                    /usr/lib/x86_64-linux-gnu/libXrender.so.1.3.0
7ff9e257a000-7ff9e257b000 r--p 00008000 08:02 6561543                    /usr/lib/x86_64-linux-gnu/libXrender.so.1.3.0
7ff9e257b000-7ff9e257c000 rw-p 00009000 08:02 6561543                    /usr/lib/x86_64-linux-gnu/libXrender.so.1.3.0
7ff9e257c000-7ff9e26ac000 r-xp 00000000 08:02 6561504                    /usr/lib/x86_64-linux-gnu/libX11.so.6.3.0
7ff9e26ac000-7ff9e28ac000 ---p 00130000 08:02 6561504                    /usr/lib/x86_64-linux-gnu/libX11.so.6.3.0
7ff9e28ac000-7ff9e28ad000 r--p 00130000 08:02 6561504                    /usr/lib/x86_64-linux-gnu/libX11.so.6.3.0
7ff9e28ad000-7ff9e28b1000 rw-p 00131000 08:02 6561504                    /usr/lib/x86_64-linux-gnu/libX11.so.6.3.0
7ff9e28b1000-7ff9e28c2000 r-xp 00000000 08:02 6561521                    /usr/lib/x86_64-linux-gnu/libXext.so.6.4.0
7ff9e28c2000-7ff9e2ac1000 ---p 00011000 08:02 6561521                    /usr/lib/x86_64-linux-gnu/libXext.so.6.4.0
7ff9e2ac1000-7ff9e2ac2000 r--p 00010000 08:02 6561521                    /usr/lib/x86_64-linux-gnu/libXext.so.6.4.0
7ff9e2ac2000-7ff9e2ac3000 rw-p 00011000 08:02 6561521                    /usr/lib/x86_64-linux-gnu/libXext.so.6.4.0
7ff9e2ac3000-7ff9e2b17000 r-xp 00000000 08:02 8012182                    /usr/bin/processing-3.0/java/lib/amd64/libawt_xawt.so
7ff9e2b17000-7ff9e2d17000 ---p 00054000 08:02 8012182                    /usr/bin/processing-3.0/java/lib/amd64/libawt_xawt.so
7ff9e2d17000-7ff9e2d1b000 rw-p 00054000 08:02 8012182                    /usr/bin/processing-3.0/java/lib/amd64/libawt_xawt.so
7ff9e2d1b000-7ff9e2d1c000 rw-p 00000000 00:00 0 
7ff9e2d1c000-7ff9e2dbe000 r-xp 00000000 08:02 8012174                    /usr/bin/processing-3.0/java/lib/amd64/libawt.so
7ff9e2dbe000-7ff9e2fbe000 ---p 000a2000 08:02 8012174                    /usr/bin/processing-3.0/java/lib/amd64/libawt.so
7ff9e2fbe000-7ff9e2fca000 rw-p 000a2000 08:02 8012174                    /usr/bin/processing-3.0/java/lib/amd64/libawt.so
7ff9e2fca000-7ff9e2fee000 rw-p 00000000 00:00 0 
7ff9e2fee000-7ff9e2fef000 ---p 00000000 00:00 0 
7ff9e2fef000-7ff9e30ef000 rw-p 00000000 00:00 0                          [stack:6920]
7ff9e30ef000-7ff9e30f2000 ---p 00000000 00:00 0 
7ff9e30f2000-7ff9e31f0000 rw-p 00000000 00:00 0                          [stack:6919]
7ff9e31f0000-7ff9e31f3000 ---p 00000000 00:00 0 
7ff9e31f3000-7ff9e32f1000 rw-p 00000000 00:00 0                          [stack:6918]
7ff9e32f1000-7ff9e32f4000 ---p 00000000 00:00 0 
7ff9e32f4000-7ff9e33f2000 rw-p 00000000 00:00 0                          [stack:6917]
7ff9e33f2000-7ff9e33f5000 ---p 00000000 00:00 0 
7ff9e33f5000-7ff9e34f3000 rw-p 00000000 00:00 0                          [stack:6916]
7ff9e34f3000-7ff9e34f6000 ---p 00000000 00:00 0 
7ff9e34f6000-7ff9e35f4000 rw-p 00000000 00:00 0                          [stack:6910]
7ff9e35f4000-7ff9e35f7000 ---p 00000000 00:00 0 
7ff9e35f7000-7ff9e36f5000 rw-p 00000000 00:00 0                          [stack:6905]
7ff9e36f5000-7ff9e36f8000 ---p 00000000 00:00 0 
7ff9e36f8000-7ff9e37f6000 rw-p 00000000 00:00 0                          [stack:6904]
7ff9e37f6000-7ff9e37fa000 r-xp 00000000 08:02 8012175                    /usr/bin/processing-3.0/java/lib/amd64/libdt_socket.so
7ff9e37fa000-7ff9e39f9000 ---p 00004000 08:02 8012175                    /usr/bin/processing-3.0/java/lib/amd64/libdt_socket.so
7ff9e39f9000-7ff9e39fa000 rw-p 00003000 08:02 8012175                    /usr/bin/processing-3.0/java/lib/amd64/libdt_socket.so
7ff9e39fa000-7ff9e39fd000 ---p 00000000 00:00 0 
7ff9e39fd000-7ff9e3afb000 rw-p 00000000 00:00 0                          [stack:6903]
7ff9e3afb000-7ff9e3afe000 ---p 00000000 00:00 0 
7ff9e3afe000-7ff9e3bfc000 rw-p 00000000 00:00 0                          [stack:6902]
7ff9e3bfc000-7ff9e3bff000 ---p 00000000 00:00 0 
7ff9e3bff000-7ff9e3cfd000 rw-p 00000000 00:00 0                          [stack:6901]
7ff9e3cfd000-7ff9e3cfe000 ---p 00000000 00:00 0 
7ff9e3cfe000-7ff9e4000000 rw-p 00000000 00:00 0                          [stack:6900]
7ff9e4000000-7ff9e4021000 rw-p 00000000 00:00 0 
7ff9e4021000-7ff9e8000000 ---p 00000000 00:00 0 
7ff9e8000000-7ff9e8021000 rw-p 00000000 00:00 0 
7ff9e8021000-7ff9ec000000 ---p 00000000 00:00 0 
7ff9ec000000-7ff9ec021000 rw-p 00000000 00:00 0 
7ff9ec021000-7ff9f0000000 ---p 00000000 00:00 0 
7ff9f0000000-7ff9f0001000 r--p 00000000 00:00 0 
7ff9f0001000-7ff9f0002000 r--s 00003000 08:02 8014046                    /usr/bin/processing-3.0/modes/java/mode/jdtCompilerAdapter.jar
7ff9f0002000-7ff9f0003000 r--s 00003000 08:02 8014035                    /usr/bin/processing-3.0/modes/java/mode/classpath-explorer-1.0.jar
7ff9f0003000-7ff9f0017000 r--s 00127000 08:02 6695832                    /usr/bin/processing-3.0/lib/jna.jar
7ff9f0017000-7ff9f0019000 r--s 00002000 08:02 6695836                    /usr/bin/processing-3.0/lib/ant-launcher.jar
7ff9f0019000-7ff9f001b000 r--s 00005000 08:02 4591938                    /home/akelly/sketchbook/libraries/minim/library/mp3spi1.9.5.jar
7ff9f001b000-7ff9f001f000 r--s 00040000 08:02 4591936                    /home/akelly/sketchbook/libraries/minim/library/jl1.0.1.jar
7ff9f001f000-7ff9f0039000 r--s 01689000 08:02 6569030                    /usr/bin/processing-3.0/core/library/jogl-java-src.zip
7ff9f0039000-7ff9f0041000 r--s 003d3000 08:02 6569026                    /usr/bin/processing-3.0/core/library/gluegen-java-src.zip
7ff9f0041000-7ff9f0064000 r--s 00308000 08:02 6569034                    /usr/bin/processing-3.0/core/library/jogl-all.jar
7ff9f0064000-7ff9f9000000 rw-p 00000000 00:00 0 
7ff9f9000000-7ff9f9810000 rwxp 00000000 00:00 0 
7ff9f9810000-7ffa08000000 ---p 00000000 00:00 0 
7ffa08000000-7ffa087cb000 rw-p 00000000 00:00 0 
7ffa087cb000-7ffa0c000000 ---p 00000000 00:00 0 
7ffa0c000000-7ffa0c001000 r--s 0000b000 08:02 4591937                    /home/akelly/sketchbook/libraries/minim/library/jsminim.jar
7ffa0c001000-7ffa0c004000 r--s 00017000 08:02 4591933                    /home/akelly/sketchbook/libraries/minim/library/tritonus_share.jar
7ffa0c004000-7ffa0c007000 r--s 00016000 08:02 4591932                    /home/akelly/sketchbook/libraries/minim/library/minim.jar
7ffa0c007000-7ffa0c2dc000 rw-p 00000000 00:00 0 
7ffa0c2dc000-7ffa0c4b4000 r--s 03d0c000 08:02 6695974                    /usr/bin/processing-3.0/java/lib/rt.jar
7ffa0c4b4000-7ffa0ccf1000 rw-p 00000000 00:00 0 
7ffa0ccf1000-7ffa0ccf2000 ---p 00000000 00:00 0 
7ffa0ccf2000-7ffa0cdf2000 rw-p 00000000 00:00 0                          [stack:6899]
7ffa0cdf2000-7ffa0cdf3000 ---p 00000000 00:00 0 
7ffa0cdf3000-7ffa0cef3000 rw-p 00000000 00:00 0                          [stack:6898]
7ffa0cef3000-7ffa0cef4000 ---p 00000000 00:00 0 
7ffa0cef4000-7ffa0cff4000 rw-p 00000000 00:00 0                          [stack:6897]
7ffa0cff4000-7ffa0cff5000 ---p 00000000 00:00 0 
7ffa0cff5000-7ffa0d149000 rw-p 00000000 00:00 0                          [stack:6896]
7ffa0d149000-7ffa0d625000 ---p 00000000 00:00 0 
7ffa0d625000-7ffa0d679000 rw-p 00000000 00:00 0 
7ffa0d679000-7ffa0db54000 ---p 00000000 00:00 0 
7ffa0db54000-7ffa0dcf2000 rw-p 00000000 00:00 0 
7ffa0dcf2000-7ffa0ddec000 ---p 00000000 00:00 0 
7ffa0ddec000-7ffa0de0e000 rw-p 00000000 00:00 0 
7ffa0de0e000-7ffa0e1ad000 ---p 00000000 00:00 0 
7ffa0e1ad000-7ffa0e1c7000 r-xp 00000000 08:02 8012189                    /usr/bin/processing-3.0/java/lib/amd64/libzip.so
7ffa0e1c7000-7ffa0e3c7000 ---p 0001a000 08:02 8012189                    /usr/bin/processing-3.0/java/lib/amd64/libzip.so
7ffa0e3c7000-7ffa0e3c8000 rw-p 0001a000 08:02 8012189                    /usr/bin/processing-3.0/java/lib/amd64/libzip.so
7ffa0e3c8000-7ffa0e3d3000 r-xp 00000000 08:02 13635765                   /lib/x86_64-linux-gnu/libnss_files-2.19.so
7ffa0e3d3000-7ffa0e5d2000 ---p 0000b000 08:02 13635765                   /lib/x86_64-linux-gnu/libnss_files-2.19.so
7ffa0e5d2000-7ffa0e5d3000 r--p 0000a000 08:02 13635765                   /lib/x86_64-linux-gnu/libnss_files-2.19.so
7ffa0e5d3000-7ffa0e5d4000 rw-p 0000b000 08:02 13635765                   /lib/x86_64-linux-gnu/libnss_files-2.19.so
7ffa0e5d4000-7ffa0e5df000 r-xp 00000000 08:02 13635775                   /lib/x86_64-linux-gnu/libnss_nis-2.19.so
7ffa0e5df000-7ffa0e7de000 ---p 0000b000 08:02 13635775                   /lib/x86_64-linux-gnu/libnss_nis-2.19.so
7ffa0e7de000-7ffa0e7df000 r--p 0000a000 08:02 13635775                   /lib/x86_64-linux-gnu/libnss_nis-2.19.so
7ffa0e7df000-7ffa0e7e0000 rw-p 0000b000 08:02 13635775                   /lib/x86_64-linux-gnu/libnss_nis-2.19.so
7ffa0e7e0000-7ffa0e7f7000 r-xp 00000000 08:02 13635759                   /lib/x86_64-linux-gnu/libnsl-2.19.so
7ffa0e7f7000-7ffa0e9f6000 ---p 00017000 08:02 13635759                   /lib/x86_64-linux-gnu/libnsl-2.19.so
7ffa0e9f6000-7ffa0e9f7000 r--p 00016000 08:02 13635759                   /lib/x86_64-linux-gnu/libnsl-2.19.so
7ffa0e9f7000-7ffa0e9f8000 rw-p 00017000 08:02 13635759                   /lib/x86_64-linux-gnu/libnsl-2.19.so
7ffa0e9f8000-7ffa0e9fa000 rw-p 00000000 00:00 0 
7ffa0e9fa000-7ffa0ea03000 r-xp 00000000 08:02 13635761                   /lib/x86_64-linux-gnu/libnss_compat-2.19.so
7ffa0ea03000-7ffa0ec02000 ---p 00009000 08:02 13635761                   /lib/x86_64-linux-gnu/libnss_compat-2.19.so
7ffa0ec02000-7ffa0ec03000 r--p 00008000 08:02 13635761                   /lib/x86_64-linux-gnu/libnss_compat-2.19.so
7ffa0ec03000-7ffa0ec04000 rw-p 00009000 08:02 13635761                   /lib/x86_64-linux-gnu/libnss_compat-2.19.so
7ffa0ec04000-7ffa0f2e6000 r--p 00000000 08:02 6560506                    /usr/lib/locale/locale-archive
7ffa0f2e6000-7ffa0f2e8000 r-xp 00000000 08:02 8012169                    /usr/bin/processing-3.0/java/lib/amd64/libnpt.so
7ffa0f2e8000-7ffa0f4e8000 ---p 00002000 08:02 8012169                    /usr/bin/processing-3.0/java/lib/amd64/libnpt.so
7ffa0f4e8000-7ffa0f4e9000 rw-p 00002000 08:02 8012169                    /usr/bin/processing-3.0/java/lib/amd64/libnpt.so
7ffa0f4e9000-7ffa0f522000 r-xp 00000000 08:02 8012184                    /usr/bin/processing-3.0/java/lib/amd64/libjdwp.so
7ffa0f522000-7ffa0f721000 ---p 00039000 08:02 8012184                    /usr/bin/processing-3.0/java/lib/amd64/libjdwp.so
7ffa0f721000-7ffa0f723000 rw-p 00038000 08:02 8012184                    /usr/bin/processing-3.0/java/lib/amd64/libjdwp.so
7ffa0f723000-7ffa0f74d000 r-xp 00000000 08:02 8012204                    /usr/bin/processing-3.0/java/lib/amd64/libjava.so
7ffa0f74d000-7ffa0f94d000 ---p 0002a000 08:02 8012204                    /usr/bin/processing-3.0/java/lib/amd64/libjava.so
7ffa0f94d000-7ffa0f94f000 rw-p 0002a000 08:02 8012204                    /usr/bin/processing-3.0/java/lib/amd64/libjava.so
7ffa0f94f000-7ffa0f95c000 r-xp 00000000 08:02 8012148                    /usr/bin/processing-3.0/java/lib/amd64/libverify.so
7ffa0f95c000-7ffa0fb5c000 ---p 0000d000 08:02 8012148                    /usr/bin/processing-3.0/java/lib/amd64/libverify.so
7ffa0fb5c000-7ffa0fb5e000 rw-p 0000d000 08:02 8012148                    /usr/bin/processing-3.0/java/lib/amd64/libverify.so
7ffa0fb5e000-7ffa0fb65000 r-xp 00000000 08:02 13635818                   /lib/x86_64-linux-gnu/librt-2.19.so
7ffa0fb65000-7ffa0fd64000 ---p 00007000 08:02 13635818                   /lib/x86_64-linux-gnu/librt-2.19.so
7ffa0fd64000-7ffa0fd65000 r--p 00006000 08:02 13635818                   /lib/x86_64-linux-gnu/librt-2.19.so
7ffa0fd65000-7ffa0fd66000 rw-p 00007000 08:02 13635818                   /lib/x86_64-linux-gnu/librt-2.19.so
7ffa0fd66000-7ffa0fe6b000 r-xp 00000000 08:02 13635740                   /lib/x86_64-linux-gnu/libm-2.19.so
7ffa0fe6b000-7ffa1006a000 ---p 00105000 08:02 13635740                   /lib/x86_64-linux-gnu/libm-2.19.so
7ffa1006a000-7ffa1006b000 r--p 00104000 08:02 13635740                   /lib/x86_64-linux-gnu/libm-2.19.so
7ffa1006b000-7ffa1006c000 rw-p 00105000 08:02 13635740                   /lib/x86_64-linux-gnu/libm-2.19.so
7ffa1006c000-7ffa10d1a000 r-xp 00000000 08:02 8012167                    /usr/bin/processing-3.0/java/lib/amd64/server/libjvm.so
7ffa10d1a000-7ffa10f1a000 ---p 00cae000 08:02 8012167                    /usr/bin/processing-3.0/java/lib/amd64/server/libjvm.so
7ffa10f1a000-7ffa10ff1000 rw-p 00cae000 08:02 8012167                    /usr/bin/processing-3.0/java/lib/amd64/server/libjvm.so
7ffa10ff1000-7ffa11035000 rw-p 00000000 00:00 0 
7ffa11035000-7ffa111f0000 r-xp 00000000 08:02 13635690                   /lib/x86_64-linux-gnu/libc-2.19.so
7ffa111f0000-7ffa113ef000 ---p 001bb000 08:02 13635690                   /lib/x86_64-linux-gnu/libc-2.19.so
7ffa113ef000-7ffa113f3000 r--p 001ba000 08:02 13635690                   /lib/x86_64-linux-gnu/libc-2.19.so
7ffa113f3000-7ffa113f5000 rw-p 001be000 08:02 13635690                   /lib/x86_64-linux-gnu/libc-2.19.so
7ffa113f5000-7ffa113fa000 rw-p 00000000 00:00 0 
7ffa113fa000-7ffa113fd000 r-xp 00000000 08:02 13635707                   /lib/x86_64-linux-gnu/libdl-2.19.so
7ffa113fd000-7ffa115fc000 ---p 00003000 08:02 13635707                   /lib/x86_64-linux-gnu/libdl-2.19.so
7ffa115fc000-7ffa115fd000 r--p 00002000 08:02 13635707                   /lib/x86_64-linux-gnu/libdl-2.19.so
7ffa115fd000-7ffa115fe000 rw-p 00003000 08:02 13635707                   /lib/x86_64-linux-gnu/libdl-2.19.so
7ffa115fe000-7ffa11613000 r-xp 00000000 08:02 8012145                    /usr/bin/processing-3.0/java/lib/amd64/jli/libjli.so
7ffa11613000-7ffa11813000 ---p 00015000 08:02 8012145                    /usr/bin/processing-3.0/java/lib/amd64/jli/libjli.so
7ffa11813000-7ffa11814000 rw-p 00015000 08:02 8012145                    /usr/bin/processing-3.0/java/lib/amd64/jli/libjli.so
7ffa11814000-7ffa1182d000 r-xp 00000000 08:02 13635810                   /lib/x86_64-linux-gnu/libpthread-2.19.so
7ffa1182d000-7ffa11a2c000 ---p 00019000 08:02 13635810                   /lib/x86_64-linux-gnu/libpthread-2.19.so
7ffa11a2c000-7ffa11a2d000 r--p 00018000 08:02 13635810                   /lib/x86_64-linux-gnu/libpthread-2.19.so
7ffa11a2d000-7ffa11a2e000 rw-p 00019000 08:02 13635810                   /lib/x86_64-linux-gnu/libpthread-2.19.so
7ffa11a2e000-7ffa11a32000 rw-p 00000000 00:00 0 
7ffa11a32000-7ffa11a55000 r-xp 00000000 08:02 13635666                   /lib/x86_64-linux-gnu/ld-2.19.so
7ffa11a55000-7ffa11a56000 r--s 00002000 08:02 4591935                    /home/akelly/sketchbook/libraries/minim/library/tritonus_aos.jar
7ffa11a56000-7ffa11a57000 r--s 00001000 08:02 6569033                    /usr/bin/processing-3.0/core/library/gluegen-rt-natives-macosx-universal.jar
7ffa11a57000-7ffa11a59000 r--s 00038000 08:02 6569032                    /usr/bin/processing-3.0/core/library/jogl-all-natives-windows-amd64.jar
7ffa11a59000-7ffa11a5a000 r--s 00034000 08:02 6569031                    /usr/bin/processing-3.0/core/library/jogl-all-natives-linux-amd64.jar
7ffa11a5a000-7ffa11a5b000 r--s 00001000 08:02 6569036                    /usr/bin/processing-3.0/core/library/gluegen-rt-natives-windows-i586.jar
7ffa11a5b000-7ffa11b2c000 rw-p 00000000 00:00 0 
7ffa11b2c000-7ffa11b2f000 ---p 00000000 00:00 0 
7ffa11b2f000-7ffa11c31000 rw-p 00000000 00:00 0                          [stack:6894]
7ffa11c31000-7ffa11c37000 r--s 0004a000 08:02 6569021                    /usr/bin/processing-3.0/core/library/gluegen-rt.jar
7ffa11c37000-7ffa11c38000 r--s 00000000 08:02 6569035                    /usr/bin/processing-3.0/core/library/gluegen-rt-natives-linux-armv6hf.jar
7ffa11c38000-7ffa11c39000 r--s 00031000 08:02 6569019                    /usr/bin/processing-3.0/core/library/jogl-all-natives-windows-i586.jar
7ffa11c39000-7ffa11c3a000 r--s 00001000 08:02 6569022                    /usr/bin/processing-3.0/core/library/gluegen-rt-natives-windows-amd64.jar
7ffa11c3a000-7ffa11c3c000 r--s 0006c000 08:02 6569020                    /usr/bin/processing-3.0/core/library/jogl-all-natives-macosx-universal.jar
7ffa11c3c000-7ffa11c41000 r--s 000f0000 08:02 6569027                    /usr/bin/processing-3.0/core/library/core.jar
7ffa11c41000-7ffa11c43000 r--s 00000000 08:02 6569025                    /usr/bin/processing-3.0/core/library/gluegen-rt-natives-linux-amd64.jar
7ffa11c43000-7ffa11c44000 r--s 00026000 08:02 6569028                    /usr/bin/processing-3.0/core/library/jogl-all-natives-linux-armv6hf.jar
7ffa11c44000-7ffa11c45000 r--s 00032000 08:02 6569024                    /usr/bin/processing-3.0/core/library/jogl-all-natives-linux-i586.jar
7ffa11c45000-7ffa11c47000 r--s 00000000 08:02 6569023                    /usr/bin/processing-3.0/core/library/gluegen-rt-natives-linux-i586.jar
7ffa11c47000-7ffa11c48000 rw-p 00000000 00:00 0 
7ffa11c48000-7ffa11c50000 rw-s 00000000 08:02 4325390                    /tmp/hsperfdata_akelly/6893
7ffa11c50000-7ffa11c51000 rw-p 00000000 00:00 0 
7ffa11c51000-7ffa11c52000 r--p 00000000 00:00 0 
7ffa11c52000-7ffa11c54000 rw-p 00000000 00:00 0 
7ffa11c54000-7ffa11c55000 r--p 00022000 08:02 13635666                   /lib/x86_64-linux-gnu/ld-2.19.so
7ffa11c55000-7ffa11c56000 rw-p 00023000 08:02 13635666                   /lib/x86_64-linux-gnu/ld-2.19.so
7ffa11c56000-7ffa11c57000 rw-p 00000000 00:00 0 
7ffd20b62000-7ffd20b85000 rw-p 00000000 00:00 0                          [stack]
7ffd20bb6000-7ffd20bb8000 r--p 00000000 00:00 0                          [vvar]
7ffd20bb8000-7ffd20bba000 r-xp 00000000 00:00 0                          [vdso]
ffffffffff600000-ffffffffff601000 r-xp 00000000 00:00 0                  [vsyscall]

VM Arguments:
jvm_args: -agentlib:jdwp=transport=dt_socket,address=8407,server=y,suspend=y -Djava.library.path=:/usr/bin/processing-3.0/core/library:/home/akelly/sketchbook/libraries/minim/library:/usr/java/packages/lib/amd64:/usr/lib64:/lib64:/lib:/usr/lib -ea 
java_command: processing.core.PApplet --display=1 --sketch-path=/home/akelly/sketchbook/_audioVisualizer/_audioVisualizer/build build
java_class_path (initial): /home/akelly/sketchbook/_audioVisualizer/_audioVisualizer/build/build-tmp:/usr/bin/processing-3.0/core/library/gluegen-rt-natives-linux-i586.jar:/usr/bin/processing-3.0/core/library/jogl-all-natives-linux-i586.jar:/usr/bin/processing-3.0/core/library/jogl-all-natives-linux-armv6hf.jar:/usr/bin/processing-3.0/core/library/gluegen-rt-natives-linux-amd64.jar:/usr/bin/processing-3.0/core/library/core.jar:/usr/bin/processing-3.0/core/library/jogl-all-natives-macosx-universal.jar:/usr/bin/processing-3.0/core/library/gluegen-rt-natives-windows-amd64.jar:/usr/bin/processing-3.0/core/library/jogl-all-natives-windows-i586.jar:/usr/bin/processing-3.0/core/library/gluegen-rt-natives-linux-armv6hf.jar:/usr/bin/processing-3.0/core/library/gluegen-rt.jar:/usr/bin/processing-3.0/core/library/gluegen-rt-natives-windows-i586.jar:/usr/bin/processing-3.0/core/library/jogl-all.jar:/usr/bin/processing-3.0/core/library/jogl-all-natives-linux-amd64.jar:/usr/bin/processing-3.0/core/library/jogl-all-natives-windows-amd64.jar:/usr/bin/processing-3.0/core/library/gluegen-java-src.zip:/usr/bin/processing-3.0/core/library/jogl-java-src.zip:/usr/bin/processing-3.0/core/library/gluegen-rt-natives-macosx-universal.jar:/usr/bin/processing-3.0/core/library/gluegen-rt-natives-linux-i586.jar:/usr/bin/processing-3.0/core/library/jogl-all-natives-linux-i586.jar:/usr/bin/processing-3.0/core/library/jogl-all-natives-linux-armv6hf.jar:/usr/bin/processing-3.0/core/library/gluegen-rt-natives-linux-amd64.jar:/usr/bin/processing-3.0/core/library/core.jar:/usr/bin/processing-3.0/core/library/jogl-all-natives-macosx-universal.jar:/usr/bin/processing-3.0/core/library/gluegen-rt-natives-windows-amd64.jar:/usr/bin/processing-3.0/core/library/jogl-all-natives-windows-i586.jar:/usr/bin/processing-3.0/core/library/gluegen-rt-natives-linux-armv6hf.jar:/usr/bin/processing-3.0/core/library/gluegen-rt.jar:/usr/bin/processing-3.0/core/library/gluegen-rt-natives-windows-i586.jar:/usr/bin/processi
Launcher Type: SUN_STANDARD

Environment Variables:
PATH=/usr/bin/processing-3.0/java/bin:/usr/local/sbin:/usr/local/bin:/usr/sbin:/usr/bin:/sbin:/bin:/usr/games:/usr/local/games
SHELL=/bin/bash
DISPLAY=:0

Signal Handlers:
SIGSEGV: [libjvm.so+0xaad540], sa_mask[0]=11111111011111111101111111111110, sa_flags=SA_RESTART|SA_SIGINFO
SIGBUS: [libjvm.so+0xaad540], sa_mask[0]=11111111011111111101111111111110, sa_flags=SA_RESTART|SA_SIGINFO
SIGFPE: [libjvm.so+0x90b6b0], sa_mask[0]=11111111011111111101111111111110, sa_flags=SA_RESTART|SA_SIGINFO
SIGPIPE: [libjvm.so+0x90b6b0], sa_mask[0]=11111111011111111101111111111110, sa_flags=SA_RESTART|SA_SIGINFO
SIGXFSZ: [libjvm.so+0x90b6b0], sa_mask[0]=11111111011111111101111111111110, sa_flags=SA_RESTART|SA_SIGINFO
SIGILL: [libjvm.so+0x90b6b0], sa_mask[0]=11111111011111111101111111111110, sa_flags=SA_RESTART|SA_SIGINFO
SIGUSR1: SIG_DFL, sa_mask[0]=00000000000000000000000000000000, sa_flags=none
SIGUSR2: [libjvm.so+0x90ccf0], sa_mask[0]=00100000000000000000000000000000, sa_flags=SA_RESTART|SA_SIGINFO
SIGHUP: [libjvm.so+0x90e040], sa_mask[0]=11111111011111111101111111111110, sa_flags=SA_RESTART|SA_SIGINFO
SIGINT: [libjvm.so+0x90e040], sa_mask[0]=11111111011111111101111111111110, sa_flags=SA_RESTART|SA_SIGINFO
SIGTERM: [libjvm.so+0x90e040], sa_mask[0]=11111111011111111101111111111110, sa_flags=SA_RESTART|SA_SIGINFO
SIGQUIT: [libjvm.so+0x90e040], sa_mask[0]=11111111011111111101111111111110, sa_flags=SA_RESTART|SA_SIGINFO


---------------  S Y S T E M  ---------------

OS:DISTRIB_ID=Ubuntu
DISTRIB_RELEASE=14.04
DISTRIB_CODENAME=trusty
DISTRIB_DESCRIPTION="Ubuntu 14.04.3 LTS"

uname:Linux 3.19.0-28-generic #30~14.04.1-Ubuntu SMP Tue Sep 1 09:32:55 UTC 2015 x86_64
libc:glibc 2.19 NPTL 2.19 
rlimit: STACK 8192k, CORE 0k, NPROC 63284, NOFILE 4096, AS infinity
load average:5.97 4.30 3.04

/proc/meminfo:
MemTotal:       16309452 kB
MemFree:        11535904 kB
MemAvailable:   12681936 kB
Buffers:          113140 kB
Cached:          1652976 kB
SwapCached:           40 kB
Active:          3784592 kB
Inactive:         730640 kB
Active(anon):    2887556 kB
Inactive(anon):   355744 kB
Active(file):     897036 kB
Inactive(file):   374896 kB
Unevictable:          92 kB
Mlocked:              92 kB
SwapTotal:      16653308 kB
SwapFree:       16584308 kB
Dirty:               144 kB
Writeback:             0 kB
AnonPages:       2749164 kB
Mapped:           610576 kB
Shmem:            494188 kB
Slab:             127228 kB
SReclaimable:      86088 kB
SUnreclaim:        41140 kB
KernelStack:        9776 kB
PageTables:        47080 kB
NFS_Unstable:          0 kB
Bounce:                0 kB
WritebackTmp:          0 kB
CommitLimit:    24808032 kB
Committed_AS:    8388140 kB
VmallocTotal:   34359738367 kB
VmallocUsed:      384752 kB
VmallocChunk:   34359343192 kB
HardwareCorrupted:     0 kB
AnonHugePages:   1103872 kB
CmaTotal:              0 kB
CmaFree:               0 kB
HugePages_Total:       0
HugePages_Free:        0
HugePages_Rsvd:        0
HugePages_Surp:        0
Hugepagesize:       2048 kB
DirectMap4k:      179628 kB
DirectMap2M:    12279808 kB
DirectMap1G:     4194304 kB


CPU:total 4 (2 cores per cpu, 2 threads per core) family 6 model 61 stepping 4, cmov, cx8, fxsr, mmx, sse, sse2, sse3, ssse3, sse4.1, sse4.2, popcnt, avx, avx2, aes, clmul, erms, rtm, 3dnowpref, lzcnt, ht, tsc, tscinvbit, bmi1, bmi2, adx

/proc/cpuinfo:
processor	: 0
vendor_id	: GenuineIntel
cpu family	: 6
model		: 61
model name	: Intel(R) Core(TM) i7-5600U CPU @ 2.60GHz
stepping	: 4
microcode	: 0x19
cpu MHz		: 2062.632
cache size	: 4096 KB
physical id	: 0
siblings	: 4
core id		: 0
cpu cores	: 2
apicid		: 0
initial apicid	: 0
fpu		: yes
fpu_exception	: yes
cpuid level	: 20
wp		: yes
flags		: fpu vme de pse tsc msr pae mce cx8 apic sep mtrr pge mca cmov pat pse36 clflush dts acpi mmx fxsr sse sse2 ss ht tm pbe syscall nx pdpe1gb rdtscp lm constant_tsc arch_perfmon pebs bts rep_good nopl xtopology nonstop_tsc aperfmperf eagerfpu pni pclmulqdq dtes64 monitor ds_cpl vmx smx est tm2 ssse3 fma cx16 xtpr pdcm pcid sse4_1 sse4_2 x2apic movbe popcnt tsc_deadline_timer aes xsave avx f16c rdrand lahf_lm abm 3dnowprefetch ida arat epb pln pts dtherm tpr_shadow vnmi flexpriority ept vpid fsgsbase tsc_adjust bmi1 hle avx2 smep bmi2 erms invpcid rtm rdseed adx smap xsaveopt
bugs		:
bogomips	: 5188.48
clflush size	: 64
cache_alignment	: 64
address sizes	: 39 bits physical, 48 bits virtual
power management:

processor	: 1
vendor_id	: GenuineIntel
cpu family	: 6
model		: 61
model name	: Intel(R) Core(TM) i7-5600U CPU @ 2.60GHz
stepping	: 4
microcode	: 0x19
cpu MHz		: 2064.359
cache size	: 4096 KB
physical id	: 0
siblings	: 4
core id		: 0
cpu cores	: 2
apicid		: 1
initial apicid	: 1
fpu		: yes
fpu_exception	: yes
cpuid level	: 20
wp		: yes
flags		: fpu vme de pse tsc msr pae mce cx8 apic sep mtrr pge mca cmov pat pse36 clflush dts acpi mmx fxsr sse sse2 ss ht tm pbe syscall nx pdpe1gb rdtscp lm constant_tsc arch_perfmon pebs bts rep_good nopl xtopology nonstop_tsc aperfmperf eagerfpu pni pclmulqdq dtes64 monitor ds_cpl vmx smx est tm2 ssse3 fma cx16 xtpr pdcm pcid sse4_1 sse4_2 x2apic movbe popcnt tsc_deadline_timer aes xsave avx f16c rdrand lahf_lm abm 3dnowprefetch ida arat epb pln pts dtherm tpr_shadow vnmi flexpriority ept vpid fsgsbase tsc_adjust bmi1 hle avx2 smep bmi2 erms invpcid rtm rdseed adx smap xsaveopt
bugs		:
bogomips	: 5188.48
clflush size	: 64
cache_alignment	: 64
address sizes	: 39 bits physical, 48 bits virtual
power management:

processor	: 2
vendor_id	: GenuineIntel
cpu family	: 6
model		: 61
model name	: Intel(R) Core(TM) i7-5600U CPU @ 2.60GHz
stepping	: 4
microcode	: 0x19
cpu MHz		: 2064.359
cache size	: 4096 KB
physical id	: 0
siblings	: 4
core id		: 1
cpu cores	: 2
apicid		: 2
initial apicid	: 2
fpu		: yes
fpu_exception	: yes
cpuid level	: 20
wp		: yes
flags		: fpu vme de pse tsc msr pae mce cx8 apic sep mtrr pge mca cmov pat pse36 clflush dts acpi mmx fxsr sse sse2 ss ht tm pbe syscall nx pdpe1gb rdtscp lm constant_tsc arch_perfmon pebs bts rep_good nopl xtopology nonstop_tsc aperfmperf eagerfpu pni pclmulqdq dtes64 monitor ds_cpl vmx smx est tm2 ssse3 fma cx16 xtpr pdcm pcid sse4_1 sse4_2 x2apic movbe popcnt tsc_deadline_timer aes xsave avx f16c rdrand lahf_lm abm 3dnowprefetch ida arat epb pln pts dtherm tpr_shadow vnmi flexpriority ept vpid fsgsbase tsc_adjust bmi1 hle avx2 smep bmi2 erms invpcid rtm rdseed adx smap xsaveopt
bugs		:
bogomips	: 5188.48
clflush size	: 64
cache_alignment	: 64
address sizes	: 39 bits physical, 48 bits virtual
power management:

processor	: 3
vendor_id	: GenuineIntel
cpu family	: 6
model		: 61
model name	: Intel(R) Core(TM) i7-5600U CPU @ 2.60GHz
stepping	: 4
microcode	: 0x19
cpu MHz		: 2041.507
cache size	: 4096 KB
physical id	: 0
siblings	: 4
core id		: 1
cpu cores	: 2
apicid		: 3
initial apicid	: 3
fpu		: yes
fpu_exception	: yes
cpuid level	: 20
wp		: yes
flags		: fpu vme de pse tsc msr pae mce cx8 apic sep mtrr pge mca cmov pat pse36 clflush dts acpi mmx fxsr sse sse2 ss ht tm pbe syscall nx pdpe1gb rdtscp lm constant_tsc arch_perfmon pebs bts rep_good nopl xtopology nonstop_tsc aperfmperf eagerfpu pni pclmulqdq dtes64 monitor ds_cpl vmx smx est tm2 ssse3 fma cx16 xtpr pdcm pcid sse4_1 sse4_2 x2apic movbe popcnt tsc_deadline_timer aes xsave avx f16c rdrand lahf_lm abm 3dnowprefetch ida arat epb pln pts dtherm tpr_shadow vnmi flexpriority ept vpid fsgsbase tsc_adjust bmi1 hle avx2 smep bmi2 erms invpcid rtm rdseed adx smap xsaveopt
bugs		:
bogomips	: 5188.48
clflush size	: 64
cache_alignment	: 64
address sizes	: 39 bits physical, 48 bits virtual
power management:



Memory: 4k page, physical 16309452k(11535904k free), swap 16653308k(16584308k free)

vm_info: Java HotSpot(TM) 64-Bit Server VM (25.51-b03) for linux-amd64 JRE (1.8.0_51-b16), built on Jun  8 2015 19:28:07 by "java_re" with gcc 4.3.0 20080428 (Red Hat 4.3.0-8)

time: Sat Oct 10 15:27:31 2015
elapsed time: 14 seconds (0d 0h 0m 14s)

