#
# A fatal error has been detected by the Java Runtime Environment:
#
#  SIGSEGV (0xb) at pc=0x00007f3d238eb998, pid=7846, tid=139900893726464
#
# JRE version: Java(TM) SE Runtime Environment (8.0_51-b16) (build 1.8.0_51-b16)
# Java VM: Java HotSpot(TM) 64-Bit Server VM (25.51-b03 mixed mode linux-amd64 compressed oops)
# Problematic frame:
# C  [i965_dri.so+0x3c9998]
#
# Failed to write core dump. Core dumps have been disabled. To enable core dumping, try "ulimit -c unlimited" before starting Java again
#
# If you would like to submit a bug report, please visit:
#   http://bugreport.java.com/bugreport/crash.jsp
# The crash happened outside the Java Virtual Machine in native code.
# See problematic frame for where to report the bug.
#

---------------  T H R E A D  ---------------

Current thread (0x00007f3da0683000):  JavaThread "main-Display-.x11_:0-1-EDT-1" daemon [_thread_in_native, id=7886, stack(0x00007f3d37030000,0x00007f3d37131000)]

siginfo: si_signo: 11 (SIGSEGV), si_code: 1 (SEGV_MAPERR), si_addr: 0x0000000100000000

Registers:
RAX=0x00007f3d238eb990, RBX=0x00007f3d1804f900, RCX=0x0000000000000000, RDX=0x0000000000000001
RSP=0x00007f3d3712e500, RBP=0x00007f3d240222b0, RSI=0x00007f3d1804f9e0, RDI=0x0000000100000000
R8 =0x0000000000000000, R9 =0x00007f3d369bcfc0, R10=0x00007f3d9101ce58, R11=0x00007f3da891c090
R12=0x00007f3d2401fdf0, R13=0x0000000000000000, R14=0x00007f3d240234a0, R15=0x0000000000000000
RIP=0x00007f3d238eb998, EFLAGS=0x0000000000010206, CSGSFS=0x0000000000000033, ERR=0x0000000000000004
  TRAPNO=0x000000000000000e

Top of Stack: (sp=0x00007f3d3712e500)
0x00007f3d3712e500:   00007f3d3712e5f0 0000000000000000
0x00007f3d3712e510:   00007f3d1804f900 00007f3d240222b0
0x00007f3d3712e520:   00007f3d2401fdf0 00007f3d369bd04e
0x00007f3d3712e530:   00007f3d3712e568 00007f3d36c0a660
0x00007f3d3712e540:   00007f3d24014b10 00007f3d00000000
0x00007f3d3712e550:   0000000000000000 0000000000000000
0x00007f3d3712e560:   00000007c0154088 00007f3d1804f900
0x00007f3d3712e570:   0000000004200002 00007f3d36d58968
0x00007f3d3712e580:   00007f3d3712e5f0 0000000000000000
0x00007f3d3712e590:   00007f3d36d58968 00007f3d3712e6c0
0x00007f3d3712e5a0:   00007f3da0683000 00007f3d350cfba7
0x00007f3d3712e5b0:   00000000000003d8 00007f3d36996ab0
0x00007f3d3712e5c0:   0000000004200002 00007f3d24014b10
0x00007f3d3712e5d0:   00007f3d3712e688 00007f3da06831f8
0x00007f3d3712e5e0:   00007f3d21910110 00007f3d36996ab0
0x00007f3d3712e5f0:   00007f3d3712e678 00007f3d9101ce84
0x00007f3d3712e600:   0000000000000000 00007f3d54035d98
0x00007f3d3712e610:   00007f3d3712e6f0 00007f3d9156be74
0x00007f3d3712e620:   00007f3d910055d0 0000000700000000
0x00007f3d3712e630:   00007f3d3712e860 00007f3d3712e638
0x00007f3d3712e640:   0000000000000000 00007f3d3712e6c0
0x00007f3d3712e650:   00007f3d36d59c78 0000000000000000
0x00007f3d3712e660:   00007f3d36d58968 0000000000000000
0x00007f3d3712e670:   00007f3d3712e698 00007f3d3712e708
0x00007f3d3712e680:   00007f3d91007ccd 0000000774fb9e70
0x00007f3d3712e690:   00007f3d910137d8 00007f3d36996ab0
0x00007f3d3712e6a0:   00007f3d91007710 0000000004200002
0x00007f3d3712e6b0:   00007f3d3712e6b0 00007f3d24014b10
0x00007f3d3712e6c0:   0000000774fba130 00007f3d3712e6c8
0x00007f3d3712e6d0:   00007f3d36d588b9 00007f3d3712e740
0x00007f3d3712e6e0:   00007f3d36d59c78 0000000000000000
0x00007f3d3712e6f0:   00007f3d36d588c8 00007f3d3712e698 

Instructions: (pc=0x00007f3d238eb998)
0x00007f3d238eb978:   0f 1f 84 00 00 00 00 00 48 83 c4 10 5b 5d 41 5c
0x00007f3d238eb988:   c3 0f 1f 80 00 00 00 00 41 54 55 53 48 83 ec 10
0x00007f3d238eb998:   48 8b 1f 48 85 db 74 3d f6 83 48 05 00 00 01 49
0x00007f3d238eb9a8:   89 f4 89 cd 75 72 83 e2 01 75 5d 83 e5 fd 74 38 

Register to memory mapping:

RAX=0x00007f3d238eb990: <offset 0x3c9990> in /usr/lib/x86_64-linux-gnu/dri/i965_dri.so at 0x00007f3d23522000
RBX=0x00007f3d1804f900 is an unknown value
RCX=0x0000000000000000 is an unknown value
RDX=0x0000000000000001 is an unknown value
RSP=0x00007f3d3712e500 is pointing into the stack for thread: 0x00007f3da0683000
RBP=0x00007f3d240222b0 is an unknown value
RSI=0x00007f3d1804f9e0 is an unknown value
RDI=0x0000000100000000 is an unknown value
R8 =0x0000000000000000 is an unknown value
R9 =0x00007f3d369bcfc0: <offset 0x42fc0> in /usr/lib/x86_64-linux-gnu/mesa/libGL.so.1 at 0x00007f3d3697a000
R10=0x00007f3d9101ce58 is at code_begin+1528 in an Interpreter codelet
method entry point (kind = native)  [0x00007f3d9101c860, 0x00007f3d9101d7a0]  3904 bytes
R11=0x00007f3da891c090: <offset 0x9ad090> in /usr/bin/processing-3.0/java/lib/amd64/server/libjvm.so at 0x00007f3da7f6f000
R12=0x00007f3d2401fdf0 is an unknown value
R13=0x0000000000000000 is an unknown value
R14=0x00007f3d240234a0 is an unknown value
R15=0x0000000000000000 is an unknown value


Stack: [0x00007f3d37030000,0x00007f3d37131000],  sp=0x00007f3d3712e500,  free space=1017k
Native frames: (J=compiled Java code, j=interpreted, Vv=VM code, C=native code)
C  [i965_dri.so+0x3c9998]

Java frames: (J=compiled Java code, j=interpreted, Vv=VM code)
j  jogamp.opengl.x11.glx.GLX.dispatch_glXSwapBuffers0(JJJ)V+0
j  jogamp.opengl.x11.glx.GLX.glXSwapBuffers(JJ)V+41
j  jogamp.opengl.x11.glx.X11GLXDrawable.swapBuffersImpl(Z)V+17
j  jogamp.opengl.GLDrawableImpl.swapBuffers()V+67
j  jogamp.opengl.GLAutoDrawableBase.defaultSwapBuffers()V+23
j  com.jogamp.newt.opengl.GLWindow.swapBuffers()V+1
j  processing.opengl.PJOGL.swapBuffers()V+15
j  processing.opengl.PGraphicsOpenGL.dispose()V+15
j  processing.core.PApplet.dispose()V+28
j  processing.opengl.PSurfaceJOGL$NEWTWindowListener.windowDestroyNotify(Lcom/jogamp/newt/event/WindowEvent;)V+7
j  jogamp.newt.WindowImpl.consumeWindowEvent(Lcom/jogamp/newt/event/WindowEvent;)V+254
j  jogamp.newt.WindowImpl.sendWindowEvent(I)V+14
j  jogamp.newt.WindowImpl$1.run()V+143
j  jogamp.newt.DisplayImpl.runOnEDTIfAvail(ZLjava/lang/Runnable;)V+172
j  jogamp.newt.WindowImpl.runOnEDTIfAvail(ZLjava/lang/Runnable;)V+36
j  jogamp.newt.WindowImpl.destroy()V+11
j  com.jogamp.newt.opengl.GLWindow.destroy()V+4
j  jogamp.opengl.GLAutoDrawableBase.destroyAvoidAwareOfLocking()V+31
j  jogamp.opengl.GLAutoDrawableBase.defaultWindowDestroyNotifyOp()V+43
j  com.jogamp.newt.opengl.GLWindow.access$000(Lcom/jogamp/newt/opengl/GLWindow;)V+1
j  com.jogamp.newt.opengl.GLWindow$1.run()V+4
j  jogamp.newt.WindowImpl.windowDestroyNotify(Z)Z+147
v  ~StubRoutines::call_stub
J 1587  jogamp.newt.driver.x11.DisplayDriver.DispatchMessages0(JJJII)V (0 bytes) @ 0x00007f3d9162127f [0x00007f3d91621240+0x3f]
J 1586 C1 jogamp.newt.driver.x11.DisplayDriver.dispatchMessagesNative()V (66 bytes) @ 0x00007f3d91622b14 [0x00007f3d91622780+0x394]
J 1595 C1 jogamp.newt.DisplayImpl.dispatchMessages()V (116 bytes) @ 0x00007f3d9162b434 [0x00007f3d9162a9e0+0xa54]
J 1594 C1 jogamp.newt.DisplayImpl$7.run()V (8 bytes) @ 0x00007f3d9162238c [0x00007f3d91622280+0x10c]
j  jogamp.newt.DefaultEDTUtil$NEDT.run()V+67
v  ~StubRoutines::call_stub

---------------  P R O C E S S  ---------------

Java Threads: ( => current thread )
  0x00007f3d18131000 JavaThread "Thread-6" [_thread_blocked, id=7908, stack(0x00007f3d20dd7000,0x00007f3d20ed8000)]
  0x00007f3d1811d000 JavaThread "Java Sound Event Dispatcher" daemon [_thread_blocked, id=7903, stack(0x00007f3d20ed8000,0x00007f3d20fd9000)]
  0x00007f3da000f800 JavaThread "DestroyJavaVM" [_thread_blocked, id=7847, stack(0x00007f3da9a2f000,0x00007f3da9b30000)]
  0x00007f3da06f4000 JavaThread "Thread-2" [_thread_blocked, id=7889, stack(0x00007f3d217fb000,0x00007f3d218fc000)]
  0x00007f3da06e2000 JavaThread "main-SharedResourceRunner" daemon [_thread_blocked, id=7888, stack(0x00007f3d23ca5000,0x00007f3d23da6000)]
  0x00007f3da06b8800 JavaThread "main-SharedResourceRunner" daemon [_thread_blocked, id=7887, stack(0x00007f3d34f36000,0x00007f3d35037000)]
=>0x00007f3da0683000 JavaThread "main-Display-.x11_:0-1-EDT-1" daemon [_thread_in_native, id=7886, stack(0x00007f3d37030000,0x00007f3d37131000)]
  0x00007f3da04fe800 JavaThread "process reaper" daemon [_thread_blocked, id=7879, stack(0x00007f3d7883e000,0x00007f3d78877000)]
  0x00007f3da02ac800 JavaThread "AWT-XAWT" daemon [_thread_in_native, id=7875, stack(0x00007f3d78d90000,0x00007f3d78e91000)]
  0x00007f3da028c800 JavaThread "Java2D Disposer" daemon [_thread_blocked, id=7874, stack(0x00007f3d792a1000,0x00007f3d793a2000)]
  0x00007f3da00d8800 JavaThread "Service Thread" daemon [_thread_blocked, id=7872, stack(0x00007f3d7afee000,0x00007f3d7b0ef000)]
  0x00007f3da00d3800 JavaThread "C1 CompilerThread2" daemon [_thread_blocked, id=7871, stack(0x00007f3d7b0ef000,0x00007f3d7b1f0000)]
  0x00007f3da00d1800 JavaThread "C2 CompilerThread1" daemon [_thread_blocked, id=7870, stack(0x00007f3d7b1f0000,0x00007f3d7b2f1000)]
  0x00007f3da00ce800 JavaThread "C2 CompilerThread0" daemon [_thread_blocked, id=7869, stack(0x00007f3d7b2f1000,0x00007f3d7b3f2000)]
  0x00007f3d64001000 JavaThread "JDWP Command Reader" daemon [_thread_in_native, id=7863, stack(0x00007f3d7b3f2000,0x00007f3d7b4f3000)]
  0x00007f3da00cc800 JavaThread "JDWP Event Helper Thread" daemon [_thread_blocked, id=7858, stack(0x00007f3d7b4f3000,0x00007f3d7b5f4000)]
  0x00007f3da00c9000 JavaThread "JDWP Transport Listener: dt_socket" daemon [_thread_blocked, id=7857, stack(0x00007f3d7b5f4000,0x00007f3d7b6f5000)]
  0x00007f3da00bb800 JavaThread "Signal Dispatcher" daemon [_thread_blocked, id=7856, stack(0x00007f3d7b8f9000,0x00007f3d7b9fa000)]
  0x00007f3da0084800 JavaThread "Finalizer" daemon [_thread_blocked, id=7855, stack(0x00007f3d7b9fa000,0x00007f3d7bafb000)]
  0x00007f3da0082800 JavaThread "Reference Handler" daemon [_thread_blocked, id=7854, stack(0x00007f3d7bafb000,0x00007f3d7bbfc000)]

Other Threads:
  0x00007f3da007d000 VMThread [stack: 0x00007f3d7bbfc000,0x00007f3d7bcfd000] [id=7853]
  0x00007f3da00db800 WatcherThread [stack: 0x00007f3d7aeed000,0x00007f3d7afee000] [id=7873]

VM state:not at safepoint (normal execution)

VM Mutex/Monitor currently owned by a thread: None

Heap:
 PSYoungGen      total 139264K, used 100858K [0x000000076d100000, 0x000000077df00000, 0x00000007c0000000)
  eden space 129024K, 74% used [0x000000076d100000,0x0000000772ec0a30,0x0000000774f00000)
  from space 10240K, 47% used [0x0000000774f00000,0x00000007753be0a0,0x0000000775900000)
  to   space 9216K, 0% used [0x000000077d600000,0x000000077d600000,0x000000077df00000)
 ParOldGen       total 171008K, used 48K [0x00000006c7200000, 0x00000006d1900000, 0x000000076d100000)
  object space 171008K, 0% used [0x00000006c7200000,0x00000006c720c000,0x00000006d1900000)
 Metaspace       used 17369K, capacity 17550K, committed 17792K, reserved 1064960K
  class space    used 1575K, capacity 1662K, committed 1664K, reserved 1048576K

Card table byte_map: [0x00007f3da5528000,0x00007f3da5cf0000] byte_map_base: 0x00007f3da1eef000

Marking Bits: (ParMarkBitMap*) 0x00007f3da8f0d660
 Begin Bits: [0x00007f3d89390000, 0x00007f3d8d1c8000)
 End Bits:   [0x00007f3d8d1c8000, 0x00007f3d91000000)

Polling page: 0x00007f3da9b54000

CodeCache: size=245760Kb used=6641Kb max_used=6641Kb free=239118Kb
 bounds [0x00007f3d91000000, 0x00007f3d91690000, 0x00007f3da0000000]
 total_blobs=2644 nmethods=1689 adapters=877
 compilation: enabled

Compilation events (10 events):
Event: 4.922 Thread 0x00007f3da00d3800 nmethod 1695 0x00007f3d91680a10 code [0x00007f3d91680b80, 0x00007f3d91680dc8]
Event: 4.923 Thread 0x00007f3da00d3800 1696       3       processing.core.PGraphics::noStroke (6 bytes)
Event: 4.924 Thread 0x00007f3da00d3800 nmethod 1696 0x00007f3d91680ed0 code [0x00007f3d91681020, 0x00007f3d91681170]
Event: 5.045 Thread 0x00007f3da00d3800 1697       3       com.sun.media.sound.DirectAudioDevice::access$2400 (11 bytes)
Event: 5.045 Thread 0x00007f3da00d3800 nmethod 1697 0x00007f3d91681210 code [0x00007f3d91681380, 0x00007f3d91681528]
Event: 5.162 Thread 0x00007f3da00d3800 1699       1       java.util.concurrent.locks.AbstractOwnableSynchronizer::setExclusiveOwnerThread (6 bytes)
Event: 5.163 Thread 0x00007f3da00d3800 nmethod 1699 0x00007f3d91681990 code [0x00007f3d91681ae0, 0x00007f3d91681c10]
Event: 5.171 Thread 0x00007f3da00d3800 1700       3       jogamp.opengl.GLBufferStateTracker::getBoundBufferObject (221 bytes)
Event: 5.172 Thread 0x00007f3da00d3800 nmethod 1700 0x00007f3d91681c90 code [0x00007f3d91681e60, 0x00007f3d91682498]
Event: 5.172 Thread 0x00007f3da00d3800 1701       3       com.jogamp.common.util.IntIntHashMap::get (52 bytes)

GC Heap History (10 events):
Event: 2.289 GC heap before
{Heap before GC invocations=1 (full 0):
 PSYoungGen      total 74752K, used 64512K [0x000000076d100000, 0x0000000772400000, 0x00000007c0000000)
  eden space 64512K, 100% used [0x000000076d100000,0x0000000771000000,0x0000000771000000)
  from space 10240K, 0% used [0x0000000771a00000,0x0000000771a00000,0x0000000772400000)
  to   space 10240K, 0% used [0x0000000771000000,0x0000000771000000,0x0000000771a00000)
 ParOldGen       total 171008K, used 0K [0x00000006c7200000, 0x00000006d1900000, 0x000000076d100000)
  object space 171008K, 0% used [0x00000006c7200000,0x00000006c7200000,0x00000006d1900000)
 Metaspace       used 17158K, capacity 17358K, committed 17536K, reserved 1064960K
  class space    used 1575K, capacity 1662K, committed 1664K, reserved 1048576K
Event: 2.306 GC heap after
Heap after GC invocations=1 (full 0):
 PSYoungGen      total 74752K, used 8915K [0x000000076d100000, 0x0000000772400000, 0x00000007c0000000)
  eden space 64512K, 0% used [0x000000076d100000,0x000000076d100000,0x0000000771000000)
  from space 10240K, 87% used [0x0000000771000000,0x00000007718b4e78,0x0000000771a00000)
  to   space 10240K, 0% used [0x0000000771a00000,0x0000000771a00000,0x0000000772400000)
 ParOldGen       total 171008K, used 16K [0x00000006c7200000, 0x00000006d1900000, 0x000000076d100000)
  object space 171008K, 0% used [0x00000006c7200000,0x00000006c7204000,0x00000006d1900000)
 Metaspace       used 17158K, capacity 17358K, committed 17536K, reserved 1064960K
  class space    used 1575K, capacity 1662K, committed 1664K, reserved 1048576K
}
Event: 3.010 GC heap before
{Heap before GC invocations=2 (full 0):
 PSYoungGen      total 74752K, used 73427K [0x000000076d100000, 0x0000000772400000, 0x00000007c0000000)
  eden space 64512K, 100% used [0x000000076d100000,0x0000000771000000,0x0000000771000000)
  from space 10240K, 87% used [0x0000000771000000,0x00000007718b4e78,0x0000000771a00000)
  to   space 10240K, 0% used [0x0000000771a00000,0x0000000771a00000,0x0000000772400000)
 ParOldGen       total 171008K, used 16K [0x00000006c7200000, 0x00000006d1900000, 0x000000076d100000)
  object space 171008K, 0% used [0x00000006c7200000,0x00000006c7204000,0x00000006d1900000)
 Metaspace       used 17244K, capacity 17486K, committed 17792K, reserved 1064960K
  class space    used 1575K, capacity 1662K, committed 1664K, reserved 1048576K
Event: 3.021 GC heap after
Heap after GC invocations=2 (full 0):
 PSYoungGen      total 74752K, used 4794K [0x000000076d100000, 0x0000000776300000, 0x00000007c0000000)
  eden space 64512K, 0% used [0x000000076d100000,0x000000076d100000,0x0000000771000000)
  from space 10240K, 46% used [0x0000000771a00000,0x0000000771eaeb40,0x0000000772400000)
  to   space 10240K, 0% used [0x0000000771000000,0x0000000771000000,0x0000000771a00000)
 ParOldGen       total 171008K, used 24K [0x00000006c7200000, 0x00000006d1900000, 0x000000076d100000)
  object space 171008K, 0% used [0x00000006c7200000,0x00000006c7206000,0x00000006d1900000)
 Metaspace       used 17244K, capacity 17486K, committed 17792K, reserved 1064960K
  class space    used 1575K, capacity 1662K, committed 1664K, reserved 1048576K
}
Event: 3.479 GC heap before
{Heap before GC invocations=3 (full 0):
 PSYoungGen      total 74752K, used 69306K [0x000000076d100000, 0x0000000776300000, 0x00000007c0000000)
  eden space 64512K, 100% used [0x000000076d100000,0x0000000771000000,0x0000000771000000)
  from space 10240K, 46% used [0x0000000771a00000,0x0000000771eaeb40,0x0000000772400000)
  to   space 10240K, 0% used [0x0000000771000000,0x0000000771000000,0x0000000771a00000)
 ParOldGen       total 171008K, used 24K [0x00000006c7200000, 0x00000006d1900000, 0x000000076d100000)
  object space 171008K, 0% used [0x00000006c7200000,0x00000006c7206000,0x00000006d1900000)
 Metaspace       used 17266K, capacity 17486K, committed 17792K, reserved 1064960K
  class space    used 1575K, capacity 1662K, committed 1664K, reserved 1048576K
Event: 3.489 GC heap after
Heap after GC invocations=3 (full 0):
 PSYoungGen      total 74752K, used 4840K [0x000000076d100000, 0x0000000776300000, 0x00000007c0000000)
  eden space 64512K, 0% used [0x000000076d100000,0x000000076d100000,0x0000000771000000)
  from space 10240K, 47% used [0x0000000771000000,0x00000007714ba070,0x0000000771a00000)
  to   space 10240K, 0% used [0x0000000775900000,0x0000000775900000,0x0000000776300000)
 ParOldGen       total 171008K, used 32K [0x00000006c7200000, 0x00000006d1900000, 0x000000076d100000)
  object space 171008K, 0% used [0x00000006c7200000,0x00000006c7208000,0x00000006d1900000)
 Metaspace       used 17266K, capacity 17486K, committed 17792K, reserved 1064960K
  class space    used 1575K, capacity 1662K, committed 1664K, reserved 1048576K
}
Event: 3.909 GC heap before
{Heap before GC invocations=4 (full 0):
 PSYoungGen      total 74752K, used 69352K [0x000000076d100000, 0x0000000776300000, 0x00000007c0000000)
  eden space 64512K, 100% used [0x000000076d100000,0x0000000771000000,0x0000000771000000)
  from space 10240K, 47% used [0x0000000771000000,0x00000007714ba070,0x0000000771a00000)
  to   space 10240K, 0% used [0x0000000775900000,0x0000000775900000,0x0000000776300000)
 ParOldGen       total 171008K, used 32K [0x00000006c7200000, 0x00000006d1900000, 0x000000076d100000)
  object space 171008K, 0% used [0x00000006c7200000,0x00000006c7208000,0x00000006d1900000)
 Metaspace       used 17284K, capacity 17486K, committed 17792K, reserved 1064960K
  class space    used 1575K, capacity 1662K, committed 1664K, reserved 1048576K
Event: 3.916 GC heap after
Heap after GC invocations=4 (full 0):
 PSYoungGen      total 139264K, used 4904K [0x000000076d100000, 0x0000000776300000, 0x00000007c0000000)
  eden space 129024K, 0% used [0x000000076d100000,0x000000076d100000,0x0000000774f00000)
  from space 10240K, 47% used [0x0000000775900000,0x0000000775dca090,0x0000000776300000)
  to   space 10240K, 0% used [0x0000000774f00000,0x0000000774f00000,0x0000000775900000)
 ParOldGen       total 171008K, used 40K [0x00000006c7200000, 0x00000006d1900000, 0x000000076d100000)
  object space 171008K, 0% used [0x00000006c7200000,0x00000006c720a000,0x00000006d1900000)
 Metaspace       used 17284K, capacity 17486K, committed 17792K, reserved 1064960K
  class space    used 1575K, capacity 1662K, committed 1664K, reserved 1048576K
}
Event: 4.635 GC heap before
{Heap before GC invocations=5 (full 0):
 PSYoungGen      total 139264K, used 133928K [0x000000076d100000, 0x0000000776300000, 0x00000007c0000000)
  eden space 129024K, 100% used [0x000000076d100000,0x0000000774f00000,0x0000000774f00000)
  from space 10240K, 47% used [0x0000000775900000,0x0000000775dca090,0x0000000776300000)
  to   space 10240K, 0% used [0x0000000774f00000,0x0000000774f00000,0x0000000775900000)
 ParOldGen       total 171008K, used 40K [0x00000006c7200000, 0x00000006d1900000, 0x000000076d100000)
  object space 171008K, 0% used [0x00000006c7200000,0x00000006c720a000,0x00000006d1900000)
 Metaspace       used 17343K, capacity 17550K, committed 17792K, reserved 1064960K
  class space    used 1575K, capacity 1662K, committed 1664K, reserved 1048576K
Event: 4.644 GC heap after
Heap after GC invocations=5 (full 0):
 PSYoungGen      total 139264K, used 4856K [0x000000076d100000, 0x000000077df00000, 0x00000007c0000000)
  eden space 129024K, 0% used [0x000000076d100000,0x000000076d100000,0x0000000774f00000)
  from space 10240K, 47% used [0x0000000774f00000,0x00000007753be0a0,0x0000000775900000)
  to   space 9216K, 0% used [0x000000077d600000,0x000000077d600000,0x000000077df00000)
 ParOldGen       total 171008K, used 48K [0x00000006c7200000, 0x00000006d1900000, 0x000000076d100000)
  object space 171008K, 0% used [0x00000006c7200000,0x00000006c720c000,0x00000006d1900000)
 Metaspace       used 17343K, capacity 17550K, committed 17792K, reserved 1064960K
  class space    used 1575K, capacity 1662K, committed 1664K, reserved 1048576K
}

Deoptimization events (10 events):
Event: 1.652 Thread 0x00007f3da06b8800 Uncommon trap: reason=class_check action=maybe_recompile pc=0x00007f3d91374770 method=com.jogamp.common.os.DynamicLibraryBundle.toolDynamicLookupFunction(Ljava/lang/String;)J @ 18
Event: 1.652 Thread 0x00007f3da06b8800 Uncommon trap: reason=class_check action=maybe_recompile pc=0x00007f3d9137a4c4 method=com.jogamp.common.os.DynamicLibraryBundle.dynamicLookupFunction(Ljava/lang/String;)J @ 80
Event: 1.652 Thread 0x00007f3da06b8800 Uncommon trap: reason=class_check action=maybe_recompile pc=0x00007f3d91374770 method=com.jogamp.common.os.DynamicLibraryBundle.toolDynamicLookupFunction(Ljava/lang/String;)J @ 18
Event: 1.653 Thread 0x00007f3da06b8800 Uncommon trap: reason=class_check action=maybe_recompile pc=0x00007f3d9137a4c4 method=com.jogamp.common.os.DynamicLibraryBundle.dynamicLookupFunction(Ljava/lang/String;)J @ 80
Event: 1.653 Thread 0x00007f3da06b8800 Uncommon trap: reason=class_check action=maybe_recompile pc=0x00007f3d91374770 method=com.jogamp.common.os.DynamicLibraryBundle.toolDynamicLookupFunction(Ljava/lang/String;)J @ 18
Event: 1.653 Thread 0x00007f3da06b8800 Uncommon trap: reason=class_check action=maybe_recompile pc=0x00007f3d9137a4c4 method=com.jogamp.common.os.DynamicLibraryBundle.dynamicLookupFunction(Ljava/lang/String;)J @ 80
Event: 1.653 Thread 0x00007f3da06b8800 Uncommon trap: reason=class_check action=maybe_recompile pc=0x00007f3d91374770 method=com.jogamp.common.os.DynamicLibraryBundle.toolDynamicLookupFunction(Ljava/lang/String;)J @ 18
Event: 1.765 Thread 0x00007f3da000f800 Uncommon trap: reason=unstable_if action=reinterpret pc=0x00007f3d9139416c method=java.lang.reflect.AccessibleObject.setAccessible0(Ljava/lang/reflect/AccessibleObject;Z)V @ 4
Event: 1.889 Thread 0x00007f3da06f5000 Uncommon trap: reason=unstable_if action=reinterpret pc=0x00007f3d912d59b0 method=sun.misc.MetaIndex.mayContain(Ljava/lang/String;)Z @ 38
Event: 1.951 Thread 0x00007f3da06f5000 Uncommon trap: reason=unstable_if action=reinterpret pc=0x00007f3d913bd74c method=javax.sound.sampled.AudioFormat.matches(Ljavax/sound/sampled/AudioFormat;)Z @ 112

Internal exceptions (10 events):
Event: 0.694 Thread 0x00007f3da000f800 Exception <a 'java/security/PrivilegedActionException'> (0x000000076d66e380) thrown at [/HUDSON/workspace/8-2-build-linux-amd64/jdk8u51/3951/hotspot/src/share/vm/prims/jvm.cpp, line 1382]
Event: 0.695 Thread 0x00007f3da000f800 Exception <a 'java/security/PrivilegedActionException'> (0x000000076d66e538) thrown at [/HUDSON/workspace/8-2-build-linux-amd64/jdk8u51/3951/hotspot/src/share/vm/prims/jvm.cpp, line 1382]
Event: 0.695 Thread 0x00007f3da000f800 Exception <a 'java/security/PrivilegedActionException'> (0x000000076d6707f0) thrown at [/HUDSON/workspace/8-2-build-linux-amd64/jdk8u51/3951/hotspot/src/share/vm/prims/jvm.cpp, line 1382]
Event: 0.695 Thread 0x00007f3da000f800 Exception <a 'java/security/PrivilegedActionException'> (0x000000076d6709a8) thrown at [/HUDSON/workspace/8-2-build-linux-amd64/jdk8u51/3951/hotspot/src/share/vm/prims/jvm.cpp, line 1382]
Event: 0.701 Thread 0x00007f3da000f800 Exception <a 'java/io/FileNotFoundException'> (0x000000076d67a700) thrown at [/HUDSON/workspace/8-2-build-linux-amd64/jdk8u51/3951/hotspot/src/share/vm/prims/jni.cpp, line 709]
Event: 0.701 Thread 0x00007f3da000f800 Exception <a 'java/io/FileNotFoundException'> (0x000000076d67b088) thrown at [/HUDSON/workspace/8-2-build-linux-amd64/jdk8u51/3951/hotspot/src/share/vm/prims/jni.cpp, line 709]
Event: 0.765 Thread 0x00007f3da000f800 Exception <a 'java/lang/NoSuchFieldError': method resolution failed> (0x000000076d780fe8) thrown at [/HUDSON/workspace/8-2-build-linux-amd64/jdk8u51/3951/hotspot/src/share/vm/prims/methodHandles.cpp, line 1125]
Event: 0.767 Thread 0x00007f3da000f800 Exception <a 'java/lang/NoSuchFieldError': method resolution failed> (0x000000076d78f9a8) thrown at [/HUDSON/workspace/8-2-build-linux-amd64/jdk8u51/3951/hotspot/src/share/vm/prims/methodHandles.cpp, line 1125]
Event: 1.619 Thread 0x00007f3da000f800 Exception <a 'java/lang/InterruptedException'> (0x000000076f292828) thrown at [/HUDSON/workspace/8-2-build-linux-amd64/jdk8u51/3951/hotspot/src/share/vm/runtime/objectMonitor.cpp, line 1683]
Event: 1.760 Thread 0x00007f3da000f800 Exception <a 'java/lang/InterruptedException'> (0x000000076f29dcc8) thrown at [/HUDSON/workspace/8-2-build-linux-amd64/jdk8u51/3951/hotspot/src/share/vm/runtime/objectMonitor.cpp, line 1683]

Events (10 events):
Event: 4.518 Thread 0x00007f3da06f5000 DEOPT PACKING pc=0x00007f3d915d3825 sp=0x00007f3d217f8ef0
Event: 4.518 Thread 0x00007f3da06f5000 DEOPT UNPACKING pc=0x00007f3d91047633 sp=0x00007f3d217f8c68 mode 0
Event: 4.518 Thread 0x00007f3da06f5000 DEOPT PACKING pc=0x00007f3d915d82ef sp=0x00007f3d217f8f60
Event: 4.518 Thread 0x00007f3da06f5000 DEOPT UNPACKING pc=0x00007f3d91047633 sp=0x00007f3d217f8cb8 mode 0
Event: 4.518 Thread 0x00007f3da06f5000 DEOPT PACKING pc=0x00007f3d915dd5fd sp=0x00007f3d217f8f40
Event: 4.518 Thread 0x00007f3da06f5000 DEOPT UNPACKING pc=0x00007f3d91047633 sp=0x00007f3d217f8c98 mode 0
Event: 4.627 Executing VM operation: EnableBiasedLocking
Event: 4.627 Executing VM operation: EnableBiasedLocking done
Event: 4.635 Executing VM operation: ParallelGCFailedAllocation
Event: 4.644 Executing VM operation: ParallelGCFailedAllocation done


Dynamic libraries:
00400000-00401000 r-xp 00000000 08:02 6695910                            /usr/bin/processing-3.0/java/bin/java
00600000-00601000 rw-p 00000000 08:02 6695910                            /usr/bin/processing-3.0/java/bin/java
01f3b000-01f5c000 rw-p 00000000 00:00 0                                  [heap]
6c7200000-6d1900000 rw-p 00000000 00:00 0 
6d1900000-76d100000 ---p 00000000 00:00 0 
76d100000-77df00000 rw-p 00000000 00:00 0 
77df00000-7c0000000 ---p 00000000 00:00 0 
7c0000000-7c01a0000 rw-p 00000000 00:00 0 
7c01a0000-800000000 ---p 00000000 00:00 0 
7f3cfbfff000-7f3d00000000 r--s 00000000 00:16 18791                      /run/shm/pulse-shm-3302753902
7f3d00000000-7f3d00021000 rw-p 00000000 00:00 0 
7f3d00021000-7f3d04000000 ---p 00000000 00:00 0 
7f3d04000000-7f3d04021000 rw-p 00000000 00:00 0 
7f3d04021000-7f3d08000000 ---p 00000000 00:00 0 
7f3d08000000-7f3d08021000 rw-p 00000000 00:00 0 
7f3d08021000-7f3d0c000000 ---p 00000000 00:00 0 
7f3d0e0a5000-7f3d0e0a6000 ---p 00000000 00:00 0 
7f3d0e0a6000-7f3d0e8a6000 rw-p 00000000 00:00 0 
7f3d0e8a6000-7f3d0e8a7000 ---p 00000000 00:00 0 
7f3d0e8a7000-7f3d0f0a7000 rw-p 00000000 00:00 0                          [stack:7904]
7f3d0f0a7000-7f3d130a8000 rw-s 00000000 00:16 125718                     /run/shm/pulse-shm-637391926
7f3d130a8000-7f3d130ae000 r-xp 00000000 08:02 6947199                    /usr/lib/x86_64-linux-gnu/alsa-lib/libasound_module_pcm_pulse.so
7f3d130ae000-7f3d132ad000 ---p 00006000 08:02 6947199                    /usr/lib/x86_64-linux-gnu/alsa-lib/libasound_module_pcm_pulse.so
7f3d132ad000-7f3d132ae000 r--p 00005000 08:02 6947199                    /usr/lib/x86_64-linux-gnu/alsa-lib/libasound_module_pcm_pulse.so
7f3d132ae000-7f3d132af000 rw-p 00006000 08:02 6947199                    /usr/lib/x86_64-linux-gnu/alsa-lib/libasound_module_pcm_pulse.so
7f3d132af000-7f3d132c6000 r-xp 00000000 08:02 13635816                   /lib/x86_64-linux-gnu/libresolv-2.19.so
7f3d132c6000-7f3d134c6000 ---p 00017000 08:02 13635816                   /lib/x86_64-linux-gnu/libresolv-2.19.so
7f3d134c6000-7f3d134c7000 r--p 00017000 08:02 13635816                   /lib/x86_64-linux-gnu/libresolv-2.19.so
7f3d134c7000-7f3d134c8000 rw-p 00018000 08:02 13635816                   /lib/x86_64-linux-gnu/libresolv-2.19.so
7f3d134c8000-7f3d134ca000 rw-p 00000000 00:00 0 
7f3d134ca000-7f3d134d1000 r-xp 00000000 08:02 6562227                    /usr/lib/x86_64-linux-gnu/libogg.so.0.8.1
7f3d134d1000-7f3d136d1000 ---p 00007000 08:02 6562227                    /usr/lib/x86_64-linux-gnu/libogg.so.0.8.1
7f3d136d1000-7f3d136d2000 r--p 00007000 08:02 6562227                    /usr/lib/x86_64-linux-gnu/libogg.so.0.8.1
7f3d136d2000-7f3d136d3000 rw-p 00008000 08:02 6562227                    /usr/lib/x86_64-linux-gnu/libogg.so.0.8.1
7f3d136d3000-7f3d136ff000 r-xp 00000000 08:02 6562501                    /usr/lib/x86_64-linux-gnu/libvorbis.so.0.4.5
7f3d136ff000-7f3d138fe000 ---p 0002c000 08:02 6562501                    /usr/lib/x86_64-linux-gnu/libvorbis.so.0.4.5
7f3d138fe000-7f3d138ff000 r--p 0002b000 08:02 6562501                    /usr/lib/x86_64-linux-gnu/libvorbis.so.0.4.5
7f3d138ff000-7f3d13900000 rw-p 0002c000 08:02 6562501                    /usr/lib/x86_64-linux-gnu/libvorbis.so.0.4.5
7f3d13900000-7f3d13bb3000 r-xp 00000000 08:02 6562503                    /usr/lib/x86_64-linux-gnu/libvorbisenc.so.2.0.8
7f3d13bb3000-7f3d13db2000 ---p 002b3000 08:02 6562503                    /usr/lib/x86_64-linux-gnu/libvorbisenc.so.2.0.8
7f3d13db2000-7f3d13dce000 r--p 002b2000 08:02 6562503                    /usr/lib/x86_64-linux-gnu/libvorbisenc.so.2.0.8
7f3d13dce000-7f3d13dcf000 rw-p 002ce000 08:02 6562503                    /usr/lib/x86_64-linux-gnu/libvorbisenc.so.2.0.8
7f3d13dcf000-7f3d13dff000 r-xp 00000000 08:02 6561366                    /usr/lib/x86_64-linux-gnu/libFLAC.so.8.3.0
7f3d13dff000-7f3d13ffe000 ---p 00030000 08:02 6561366                    /usr/lib/x86_64-linux-gnu/libFLAC.so.8.3.0
7f3d13ffe000-7f3d13fff000 r--p 0002f000 08:02 6561366                    /usr/lib/x86_64-linux-gnu/libFLAC.so.8.3.0
7f3d13fff000-7f3d14000000 rw-p 00030000 08:02 6561366                    /usr/lib/x86_64-linux-gnu/libFLAC.so.8.3.0
7f3d14000000-7f3d14021000 rw-p 00000000 00:00 0 
7f3d14021000-7f3d18000000 ---p 00000000 00:00 0 
7f3d18000000-7f3d1860c000 rw-p 00000000 00:00 0 
7f3d1860c000-7f3d1c000000 ---p 00000000 00:00 0 
7f3d1c000000-7f3d1f082000 rw-p 00000000 00:00 0 
7f3d1f082000-7f3d20000000 ---p 00000000 00:00 0 
7f3d200a4000-7f3d200a9000 r-xp 00000000 08:02 6561598                    /usr/lib/x86_64-linux-gnu/libasyncns.so.0.3.1
7f3d200a9000-7f3d202a8000 ---p 00005000 08:02 6561598                    /usr/lib/x86_64-linux-gnu/libasyncns.so.0.3.1
7f3d202a8000-7f3d202a9000 r--p 00004000 08:02 6561598                    /usr/lib/x86_64-linux-gnu/libasyncns.so.0.3.1
7f3d202a9000-7f3d202aa000 rw-p 00005000 08:02 6561598                    /usr/lib/x86_64-linux-gnu/libasyncns.so.0.3.1
7f3d202aa000-7f3d2030b000 r-xp 00000000 08:02 6562384                    /usr/lib/x86_64-linux-gnu/libsndfile.so.1.0.25
7f3d2030b000-7f3d2050b000 ---p 00061000 08:02 6562384                    /usr/lib/x86_64-linux-gnu/libsndfile.so.1.0.25
7f3d2050b000-7f3d2050d000 r--p 00061000 08:02 6562384                    /usr/lib/x86_64-linux-gnu/libsndfile.so.1.0.25
7f3d2050d000-7f3d2050e000 rw-p 00063000 08:02 6562384                    /usr/lib/x86_64-linux-gnu/libsndfile.so.1.0.25
7f3d2050e000-7f3d20512000 rw-p 00000000 00:00 0 
7f3d20512000-7f3d2051a000 r-xp 00000000 08:02 13635850                   /lib/x86_64-linux-gnu/libwrap.so.0.7.6
7f3d2051a000-7f3d20719000 ---p 00008000 08:02 13635850                   /lib/x86_64-linux-gnu/libwrap.so.0.7.6
7f3d20719000-7f3d2071a000 r--p 00007000 08:02 13635850                   /lib/x86_64-linux-gnu/libwrap.so.0.7.6
7f3d2071a000-7f3d2071b000 rw-p 00008000 08:02 13635850                   /lib/x86_64-linux-gnu/libwrap.so.0.7.6
7f3d2071b000-7f3d2071c000 rw-p 00000000 00:00 0 
7f3d2071c000-7f3d20782000 r-xp 00000000 08:02 6948471                    /usr/lib/x86_64-linux-gnu/pulseaudio/libpulsecommon-4.0.so
7f3d20782000-7f3d20981000 ---p 00066000 08:02 6948471                    /usr/lib/x86_64-linux-gnu/pulseaudio/libpulsecommon-4.0.so
7f3d20981000-7f3d20982000 r--p 00065000 08:02 6948471                    /usr/lib/x86_64-linux-gnu/pulseaudio/libpulsecommon-4.0.so
7f3d20982000-7f3d20983000 rw-p 00066000 08:02 6948471                    /usr/lib/x86_64-linux-gnu/pulseaudio/libpulsecommon-4.0.so
7f3d20983000-7f3d2098d000 r-xp 00000000 08:02 13635730                   /lib/x86_64-linux-gnu/libjson-c.so.2.0.0
7f3d2098d000-7f3d20b8c000 ---p 0000a000 08:02 13635730                   /lib/x86_64-linux-gnu/libjson-c.so.2.0.0
7f3d20b8c000-7f3d20b8d000 r--p 00009000 08:02 13635730                   /lib/x86_64-linux-gnu/libjson-c.so.2.0.0
7f3d20b8d000-7f3d20b8e000 rw-p 0000a000 08:02 13635730                   /lib/x86_64-linux-gnu/libjson-c.so.2.0.0
7f3d20b8e000-7f3d20bd5000 r-xp 00000000 08:02 6562296                    /usr/lib/x86_64-linux-gnu/libpulse.so.0.16.2
7f3d20bd5000-7f3d20dd5000 ---p 00047000 08:02 6562296                    /usr/lib/x86_64-linux-gnu/libpulse.so.0.16.2
7f3d20dd5000-7f3d20dd6000 r--p 00047000 08:02 6562296                    /usr/lib/x86_64-linux-gnu/libpulse.so.0.16.2
7f3d20dd6000-7f3d20dd7000 rw-p 00048000 08:02 6562296                    /usr/lib/x86_64-linux-gnu/libpulse.so.0.16.2
7f3d20dd7000-7f3d20dda000 ---p 00000000 00:00 0 
7f3d20dda000-7f3d20ed8000 rw-p 00000000 00:00 0                          [stack:7908]
7f3d20ed8000-7f3d20edb000 ---p 00000000 00:00 0 
7f3d20edb000-7f3d20fd9000 rw-p 00000000 00:00 0                          [stack:7903]
7f3d20fd9000-7f3d210c2000 r-xp 00000000 08:02 6561590                    /usr/lib/x86_64-linux-gnu/libasound.so.2.0.0
7f3d210c2000-7f3d212c1000 ---p 000e9000 08:02 6561590                    /usr/lib/x86_64-linux-gnu/libasound.so.2.0.0
7f3d212c1000-7f3d212c8000 r--p 000e8000 08:02 6561590                    /usr/lib/x86_64-linux-gnu/libasound.so.2.0.0
7f3d212c8000-7f3d212c9000 rw-p 000ef000 08:02 6561590                    /usr/lib/x86_64-linux-gnu/libasound.so.2.0.0
7f3d212e2000-7f3d212ea000 rw-s 00000000 00:05 125737                     /drm mm object (deleted)
7f3d212ea000-7f3d212f9000 r-xp 00000000 08:02 8012164                    /usr/bin/processing-3.0/java/lib/amd64/libjsoundalsa.so
7f3d212f9000-7f3d214f8000 ---p 0000f000 08:02 8012164                    /usr/bin/processing-3.0/java/lib/amd64/libjsoundalsa.so
7f3d214f8000-7f3d214f9000 rw-p 0000e000 08:02 8012164                    /usr/bin/processing-3.0/java/lib/amd64/libjsoundalsa.so
7f3d214f9000-7f3d214fa000 r-xp 00000000 08:02 8012181                    /usr/bin/processing-3.0/java/lib/amd64/libjsound.so
7f3d214fa000-7f3d216f9000 ---p 00001000 08:02 8012181                    /usr/bin/processing-3.0/java/lib/amd64/libjsound.so
7f3d216f9000-7f3d216fa000 rw-p 00000000 08:02 8012181                    /usr/bin/processing-3.0/java/lib/amd64/libjsound.so
7f3d216fa000-7f3d216fd000 ---p 00000000 00:00 0 
7f3d216fd000-7f3d217fb000 rw-p 00000000 00:00 0 
7f3d217fb000-7f3d217fe000 ---p 00000000 00:00 0 
7f3d217fe000-7f3d21abc000 rw-p 00000000 00:00 0                          [stack:7889]
7f3d21abc000-7f3d21afc000 ---p 00000000 00:00 0 
7f3d21afc000-7f3d21b40000 r-xp 00000000 08:02 13635704                   /lib/x86_64-linux-gnu/libdbus-1.so.3.7.6
7f3d21b40000-7f3d21d3f000 ---p 00044000 08:02 13635704                   /lib/x86_64-linux-gnu/libdbus-1.so.3.7.6
7f3d21d3f000-7f3d21d40000 r--p 00043000 08:02 13635704                   /lib/x86_64-linux-gnu/libdbus-1.so.3.7.6
7f3d21d40000-7f3d21d41000 rw-p 00044000 08:02 13635704                   /lib/x86_64-linux-gnu/libdbus-1.so.3.7.6
7f3d21d41000-7f3d21d49000 r-xp 00000000 08:02 13635752                   /lib/x86_64-linux-gnu/libnih-dbus.so.1.0.0
7f3d21d49000-7f3d21f49000 ---p 00008000 08:02 13635752                   /lib/x86_64-linux-gnu/libnih-dbus.so.1.0.0
7f3d21f49000-7f3d21f4a000 r--p 00008000 08:02 13635752                   /lib/x86_64-linux-gnu/libnih-dbus.so.1.0.0
7f3d21f4a000-7f3d21f4b000 rw-p 00009000 08:02 13635752                   /lib/x86_64-linux-gnu/libnih-dbus.so.1.0.0
7f3d21f4b000-7f3d21f62000 r-xp 00000000 08:02 13635754                   /lib/x86_64-linux-gnu/libnih.so.1.0.0
7f3d21f62000-7f3d22161000 ---p 00017000 08:02 13635754                   /lib/x86_64-linux-gnu/libnih.so.1.0.0
7f3d22161000-7f3d22162000 r--p 00016000 08:02 13635754                   /lib/x86_64-linux-gnu/libnih.so.1.0.0
7f3d22162000-7f3d22163000 rw-p 00017000 08:02 13635754                   /lib/x86_64-linux-gnu/libnih.so.1.0.0
7f3d22163000-7f3d2217c000 r-xp 00000000 08:02 13635695                   /lib/x86_64-linux-gnu/libcgmanager.so.0.0.0
7f3d2217c000-7f3d2237b000 ---p 00019000 08:02 13635695                   /lib/x86_64-linux-gnu/libcgmanager.so.0.0.0
7f3d2237b000-7f3d2237d000 r--p 00018000 08:02 13635695                   /lib/x86_64-linux-gnu/libcgmanager.so.0.0.0
7f3d2237d000-7f3d2237e000 rw-p 0001a000 08:02 13635695                   /lib/x86_64-linux-gnu/libcgmanager.so.0.0.0
7f3d2237e000-7f3d2238e000 r-xp 00000000 08:02 13635838                   /lib/x86_64-linux-gnu/libudev.so.1.3.5
7f3d2238e000-7f3d2258d000 ---p 00010000 08:02 13635838                   /lib/x86_64-linux-gnu/libudev.so.1.3.5
7f3d2258d000-7f3d2258e000 r--p 0000f000 08:02 13635838                   /lib/x86_64-linux-gnu/libudev.so.1.3.5
7f3d2258e000-7f3d2258f000 rw-p 00010000 08:02 13635838                   /lib/x86_64-linux-gnu/libudev.so.1.3.5
7f3d2258f000-7f3d225c6000 r-xp 00000000 08:02 6562454                    /usr/lib/x86_64-linux-gnu/libtxc_dxtn_s2tc.so.0.0.0
7f3d225c6000-7f3d227c5000 ---p 00037000 08:02 6562454                    /usr/lib/x86_64-linux-gnu/libtxc_dxtn_s2tc.so.0.0.0
7f3d227c5000-7f3d227c6000 r--p 00036000 08:02 6562454                    /usr/lib/x86_64-linux-gnu/libtxc_dxtn_s2tc.so.0.0.0
7f3d227c6000-7f3d227c7000 rw-p 00037000 08:02 6562454                    /usr/lib/x86_64-linux-gnu/libtxc_dxtn_s2tc.so.0.0.0
7f3d227c7000-7f3d227df000 r-xp 00000000 08:02 13635853                   /lib/x86_64-linux-gnu/libz.so.1.2.8
7f3d227df000-7f3d229de000 ---p 00018000 08:02 13635853                   /lib/x86_64-linux-gnu/libz.so.1.2.8
7f3d229de000-7f3d229df000 r--p 00017000 08:02 13635853                   /lib/x86_64-linux-gnu/libz.so.1.2.8
7f3d229df000-7f3d229e0000 rw-p 00018000 08:02 13635853                   /lib/x86_64-linux-gnu/libz.so.1.2.8
7f3d229e0000-7f3d229e8000 r-xp 00000000 08:02 6562259                    /usr/lib/x86_64-linux-gnu/libpciaccess.so.0.11.1
7f3d229e8000-7f3d22be7000 ---p 00008000 08:02 6562259                    /usr/lib/x86_64-linux-gnu/libpciaccess.so.0.11.1
7f3d22be7000-7f3d22be8000 r--p 00007000 08:02 6562259                    /usr/lib/x86_64-linux-gnu/libpciaccess.so.0.11.1
7f3d22be8000-7f3d22be9000 rw-p 00008000 08:02 6562259                    /usr/lib/x86_64-linux-gnu/libpciaccess.so.0.11.1
7f3d22be9000-7f3d22ccf000 r-xp 00000000 08:02 6562412                    /usr/lib/x86_64-linux-gnu/libstdc++.so.6.0.19
7f3d22ccf000-7f3d22ece000 ---p 000e6000 08:02 6562412                    /usr/lib/x86_64-linux-gnu/libstdc++.so.6.0.19
7f3d22ece000-7f3d22ed6000 r--p 000e5000 08:02 6562412                    /usr/lib/x86_64-linux-gnu/libstdc++.so.6.0.19
7f3d22ed6000-7f3d22ed8000 rw-p 000ed000 08:02 6562412                    /usr/lib/x86_64-linux-gnu/libstdc++.so.6.0.19
7f3d22ed8000-7f3d22eed000 rw-p 00000000 00:00 0 
7f3d22eed000-7f3d22ef9000 r-xp 00000000 08:02 6561756                    /usr/lib/x86_64-linux-gnu/libdrm_radeon.so.1.0.1
7f3d22ef9000-7f3d230f8000 ---p 0000c000 08:02 6561756                    /usr/lib/x86_64-linux-gnu/libdrm_radeon.so.1.0.1
7f3d230f8000-7f3d230f9000 r--p 0000b000 08:02 6561756                    /usr/lib/x86_64-linux-gnu/libdrm_radeon.so.1.0.1
7f3d230f9000-7f3d230fa000 rw-p 0000c000 08:02 6561756                    /usr/lib/x86_64-linux-gnu/libdrm_radeon.so.1.0.1
7f3d230fa000-7f3d23100000 r-xp 00000000 08:02 6561754                    /usr/lib/x86_64-linux-gnu/libdrm_nouveau.so.2.0.0
7f3d23100000-7f3d232ff000 ---p 00006000 08:02 6561754                    /usr/lib/x86_64-linux-gnu/libdrm_nouveau.so.2.0.0
7f3d232ff000-7f3d23300000 r--p 00005000 08:02 6561754                    /usr/lib/x86_64-linux-gnu/libdrm_nouveau.so.2.0.0
7f3d23300000-7f3d23301000 rw-p 00006000 08:02 6561754                    /usr/lib/x86_64-linux-gnu/libdrm_nouveau.so.2.0.0
7f3d23301000-7f3d23321000 r-xp 00000000 08:02 6561752                    /usr/lib/x86_64-linux-gnu/libdrm_intel.so.1.0.0
7f3d23321000-7f3d23520000 ---p 00020000 08:02 6561752                    /usr/lib/x86_64-linux-gnu/libdrm_intel.so.1.0.0
7f3d23520000-7f3d23521000 r--p 0001f000 08:02 6561752                    /usr/lib/x86_64-linux-gnu/libdrm_intel.so.1.0.0
7f3d23521000-7f3d23522000 rw-p 00020000 08:02 6561752                    /usr/lib/x86_64-linux-gnu/libdrm_intel.so.1.0.0
7f3d23522000-7f3d23a76000 r-xp 00000000 08:02 6947244                    /usr/lib/x86_64-linux-gnu/dri/i965_dri.so
7f3d23a76000-7f3d23c76000 ---p 00554000 08:02 6947244                    /usr/lib/x86_64-linux-gnu/dri/i965_dri.so
7f3d23c76000-7f3d23c97000 r--p 00554000 08:02 6947244                    /usr/lib/x86_64-linux-gnu/dri/i965_dri.so
7f3d23c97000-7f3d23c9e000 rw-p 00575000 08:02 6947244                    /usr/lib/x86_64-linux-gnu/dri/i965_dri.so
7f3d23c9e000-7f3d23ca5000 rw-p 00000000 00:00 0 
7f3d23ca5000-7f3d23ca8000 ---p 00000000 00:00 0 
7f3d23ca8000-7f3d23da6000 rw-p 00000000 00:00 0                          [stack:7888]
7f3d23da6000-7f3d23dff000 r-xp 00000000 08:02 4721838                    /tmp/jogamp_0000/file_cache/jln4943886026709440049/jln2744142701932364607/libjogl_mobile.so
7f3d23dff000-7f3d23fff000 ---p 00059000 08:02 4721838                    /tmp/jogamp_0000/file_cache/jln4943886026709440049/jln2744142701932364607/libjogl_mobile.so
7f3d23fff000-7f3d24000000 rw-p 00059000 08:02 4721838                    /tmp/jogamp_0000/file_cache/jln4943886026709440049/jln2744142701932364607/libjogl_mobile.so
7f3d24000000-7f3d2474c000 rw-p 00000000 00:00 0 
7f3d2474c000-7f3d28000000 ---p 00000000 00:00 0 
7f3d28000000-7f3d2aded000 rw-p 00000000 00:00 0 
7f3d2aded000-7f3d2c000000 ---p 00000000 00:00 0 
7f3d2c000000-7f3d2c021000 rw-p 00000000 00:00 0 
7f3d2c021000-7f3d30000000 ---p 00000000 00:00 0 
7f3d30000000-7f3d30021000 rw-p 00000000 00:00 0 
7f3d30021000-7f3d34000000 ---p 00000000 00:00 0 
7f3d34001000-7f3d34002000 rw-p 00000000 00:00 0 
7f3d34002000-7f3d34004000 rw-s 1d3eb8000 00:06 10208                     /dev/dri/card0
7f3d34004000-7f3d34005000 rw-s 1d3eb7000 00:06 10208                     /dev/dri/card0
7f3d34005000-7f3d34006000 rw-s 81000000 00:06 94744                      /dev/snd/pcmC2D0p
7f3d34006000-7f3d34007000 r--s 80000000 00:06 94744                      /dev/snd/pcmC2D0p
7f3d34007000-7f3d3400e000 r--s 00000000 08:02 6947811                    /usr/lib/x86_64-linux-gnu/gconv/gconv-modules.cache
7f3d3400e000-7f3d34021000 r--s 00344000 08:02 6695996                    /usr/bin/processing-3.0/java/lib/resources.jar
7f3d34021000-7f3d340c1000 rw-s 1d3e17000 00:06 10208                     /dev/dri/card0
7f3d340c1000-7f3d340c9000 rw-s 00000000 00:05 128142                     /drm mm object (deleted)
7f3d340c9000-7f3d340ca000 rw-s 1d3e16000 00:06 10208                     /dev/dri/card0
7f3d340ca000-7f3d340d1000 r-xp 00000000 08:02 6561790                    /usr/lib/x86_64-linux-gnu/libffi.so.6.0.1
7f3d340d1000-7f3d342d0000 ---p 00007000 08:02 6561790                    /usr/lib/x86_64-linux-gnu/libffi.so.6.0.1
7f3d342d0000-7f3d342d1000 r--p 00006000 08:02 6561790                    /usr/lib/x86_64-linux-gnu/libffi.so.6.0.1
7f3d342d1000-7f3d342d2000 rw-p 00007000 08:02 6561790                    /usr/lib/x86_64-linux-gnu/libffi.so.6.0.1
7f3d342d2000-7f3d342de000 r-xp 00000000 08:02 6561843                    /usr/lib/x86_64-linux-gnu/libgbm.so.1.0.0
7f3d342de000-7f3d344de000 ---p 0000c000 08:02 6561843                    /usr/lib/x86_64-linux-gnu/libgbm.so.1.0.0
7f3d344de000-7f3d344df000 r--p 0000c000 08:02 6561843                    /usr/lib/x86_64-linux-gnu/libgbm.so.1.0.0
7f3d344df000-7f3d344e0000 rw-p 0000d000 08:02 6561843                    /usr/lib/x86_64-linux-gnu/libgbm.so.1.0.0
7f3d344e0000-7f3d344ef000 r-xp 00000000 08:02 6562520                    /usr/lib/x86_64-linux-gnu/libwayland-server.so.0.1.0
7f3d344ef000-7f3d346ee000 ---p 0000f000 08:02 6562520                    /usr/lib/x86_64-linux-gnu/libwayland-server.so.0.1.0
7f3d346ee000-7f3d346f0000 r--p 0000e000 08:02 6562520                    /usr/lib/x86_64-linux-gnu/libwayland-server.so.0.1.0
7f3d346f0000-7f3d346f1000 rw-p 00010000 08:02 6562520                    /usr/lib/x86_64-linux-gnu/libwayland-server.so.0.1.0
7f3d346f1000-7f3d346fc000 r-xp 00000000 08:02 6562514                    /usr/lib/x86_64-linux-gnu/libwayland-client.so.0.2.0
7f3d346fc000-7f3d348fb000 ---p 0000b000 08:02 6562514                    /usr/lib/x86_64-linux-gnu/libwayland-client.so.0.2.0
7f3d348fb000-7f3d348fd000 r--p 0000a000 08:02 6562514                    /usr/lib/x86_64-linux-gnu/libwayland-client.so.0.2.0
7f3d348fd000-7f3d348fe000 rw-p 0000c000 08:02 6562514                    /usr/lib/x86_64-linux-gnu/libwayland-client.so.0.2.0
7f3d348fe000-7f3d34903000 r-xp 00000000 08:02 6562570                    /usr/lib/x86_64-linux-gnu/libxcb-xfixes.so.0.0.0
7f3d34903000-7f3d34b03000 ---p 00005000 08:02 6562570                    /usr/lib/x86_64-linux-gnu/libxcb-xfixes.so.0.0.0
7f3d34b03000-7f3d34b04000 r--p 00005000 08:02 6562570                    /usr/lib/x86_64-linux-gnu/libxcb-xfixes.so.0.0.0
7f3d34b04000-7f3d34b05000 rw-p 00006000 08:02 6562570                    /usr/lib/x86_64-linux-gnu/libxcb-xfixes.so.0.0.0
7f3d34b05000-7f3d34b2c000 r-xp 00000000 08:02 6948353                    /usr/lib/x86_64-linux-gnu/mesa-egl/libEGL.so.1.0.0
7f3d34b2c000-7f3d34d2c000 ---p 00027000 08:02 6948353                    /usr/lib/x86_64-linux-gnu/mesa-egl/libEGL.so.1.0.0
7f3d34d2c000-7f3d34d2d000 r--p 00027000 08:02 6948353                    /usr/lib/x86_64-linux-gnu/mesa-egl/libEGL.so.1.0.0
7f3d34d2d000-7f3d34d2e000 rw-p 00028000 08:02 6948353                    /usr/lib/x86_64-linux-gnu/mesa-egl/libEGL.so.1.0.0
7f3d34d2e000-7f3d34d2f000 rw-p 00000000 00:00 0 
7f3d34d2f000-7f3d34d35000 r-xp 00000000 08:02 6948357                    /usr/lib/x86_64-linux-gnu/mesa-egl/libGLESv2.so.2.0.0
7f3d34d35000-7f3d34f34000 ---p 00006000 08:02 6948357                    /usr/lib/x86_64-linux-gnu/mesa-egl/libGLESv2.so.2.0.0
7f3d34f34000-7f3d34f35000 r--p 00005000 08:02 6948357                    /usr/lib/x86_64-linux-gnu/mesa-egl/libGLESv2.so.2.0.0
7f3d34f35000-7f3d34f36000 rw-p 00006000 08:02 6948357                    /usr/lib/x86_64-linux-gnu/mesa-egl/libGLESv2.so.2.0.0
7f3d34f36000-7f3d34f39000 ---p 00000000 00:00 0 
7f3d34f39000-7f3d35037000 rw-p 00000000 00:00 0                          [stack:7887]
7f3d35037000-7f3d350ea000 r-xp 00000000 08:02 4721833                    /tmp/jogamp_0000/file_cache/jln4943886026709440049/jln2744142701932364607/libjogl_desktop.so
7f3d350ea000-7f3d352ea000 ---p 000b3000 08:02 4721833                    /tmp/jogamp_0000/file_cache/jln4943886026709440049/jln2744142701932364607/libjogl_desktop.so
7f3d352ea000-7f3d352eb000 rw-p 000b3000 08:02 4721833                    /tmp/jogamp_0000/file_cache/jln4943886026709440049/jln2744142701932364607/libjogl_desktop.so
7f3d352eb000-7f3d352f6000 r-xp 00000000 08:02 6561750                    /usr/lib/x86_64-linux-gnu/libdrm.so.2.4.0
7f3d352f6000-7f3d354f5000 ---p 0000b000 08:02 6561750                    /usr/lib/x86_64-linux-gnu/libdrm.so.2.4.0
7f3d354f5000-7f3d354f6000 r--p 0000a000 08:02 6561750                    /usr/lib/x86_64-linux-gnu/libdrm.so.2.4.0
7f3d354f6000-7f3d354f7000 rw-p 0000b000 08:02 6561750                    /usr/lib/x86_64-linux-gnu/libdrm.so.2.4.0
7f3d354f7000-7f3d354f8000 r-xp 00000000 08:02 6562584                    /usr/lib/x86_64-linux-gnu/libxshmfence.so.1.0.0
7f3d354f8000-7f3d356f7000 ---p 00001000 08:02 6562584                    /usr/lib/x86_64-linux-gnu/libxshmfence.so.1.0.0
7f3d356f7000-7f3d356f8000 r--p 00000000 08:02 6562584                    /usr/lib/x86_64-linux-gnu/libxshmfence.so.1.0.0
7f3d356f8000-7f3d356f9000 rw-p 00001000 08:02 6562584                    /usr/lib/x86_64-linux-gnu/libxshmfence.so.1.0.0
7f3d356f9000-7f3d356fe000 r-xp 00000000 08:02 6562566                    /usr/lib/x86_64-linux-gnu/libxcb-sync.so.1.0.0
7f3d356fe000-7f3d358fd000 ---p 00005000 08:02 6562566                    /usr/lib/x86_64-linux-gnu/libxcb-sync.so.1.0.0
7f3d358fd000-7f3d358fe000 r--p 00004000 08:02 6562566                    /usr/lib/x86_64-linux-gnu/libxcb-sync.so.1.0.0
7f3d358fe000-7f3d358ff000 rw-p 00005000 08:02 6562566                    /usr/lib/x86_64-linux-gnu/libxcb-sync.so.1.0.0
7f3d358ff000-7f3d35901000 r-xp 00000000 08:02 6562554                    /usr/lib/x86_64-linux-gnu/libxcb-present.so.0.0.0
7f3d35901000-7f3d35b00000 ---p 00002000 08:02 6562554                    /usr/lib/x86_64-linux-gnu/libxcb-present.so.0.0.0
7f3d35b00000-7f3d35b01000 r--p 00001000 08:02 6562554                    /usr/lib/x86_64-linux-gnu/libxcb-present.so.0.0.0
7f3d35b01000-7f3d35b02000 rw-p 00002000 08:02 6562554                    /usr/lib/x86_64-linux-gnu/libxcb-present.so.0.0.0
7f3d35b02000-7f3d35b04000 r-xp 00000000 08:02 6562544                    /usr/lib/x86_64-linux-gnu/libxcb-dri3.so.0.0.0
7f3d35b04000-7f3d35d03000 ---p 00002000 08:02 6562544                    /usr/lib/x86_64-linux-gnu/libxcb-dri3.so.0.0.0
7f3d35d03000-7f3d35d04000 r--p 00001000 08:02 6562544                    /usr/lib/x86_64-linux-gnu/libxcb-dri3.so.0.0.0
7f3d35d04000-7f3d35d05000 rw-p 00002000 08:02 6562544                    /usr/lib/x86_64-linux-gnu/libxcb-dri3.so.0.0.0
7f3d35d05000-7f3d35d08000 r-xp 00000000 08:02 6562542                    /usr/lib/x86_64-linux-gnu/libxcb-dri2.so.0.0.0
7f3d35d08000-7f3d35f08000 ---p 00003000 08:02 6562542                    /usr/lib/x86_64-linux-gnu/libxcb-dri2.so.0.0.0
7f3d35f08000-7f3d35f09000 r--p 00003000 08:02 6562542                    /usr/lib/x86_64-linux-gnu/libxcb-dri2.so.0.0.0
7f3d35f09000-7f3d35f0a000 rw-p 00004000 08:02 6562542                    /usr/lib/x86_64-linux-gnu/libxcb-dri2.so.0.0.0
7f3d35f0a000-7f3d35f1f000 r-xp 00000000 08:02 6562546                    /usr/lib/x86_64-linux-gnu/libxcb-glx.so.0.0.0
7f3d35f1f000-7f3d3611e000 ---p 00015000 08:02 6562546                    /usr/lib/x86_64-linux-gnu/libxcb-glx.so.0.0.0
7f3d3611e000-7f3d36120000 r--p 00014000 08:02 6562546                    /usr/lib/x86_64-linux-gnu/libxcb-glx.so.0.0.0
7f3d36120000-7f3d36121000 rw-p 00016000 08:02 6562546                    /usr/lib/x86_64-linux-gnu/libxcb-glx.so.0.0.0
7f3d36121000-7f3d36122000 r-xp 00000000 08:02 6561502                    /usr/lib/x86_64-linux-gnu/libX11-xcb.so.1.0.0
7f3d36122000-7f3d36321000 ---p 00001000 08:02 6561502                    /usr/lib/x86_64-linux-gnu/libX11-xcb.so.1.0.0
7f3d36321000-7f3d36322000 r--p 00000000 08:02 6561502                    /usr/lib/x86_64-linux-gnu/libX11-xcb.so.1.0.0
7f3d36322000-7f3d36323000 rw-p 00001000 08:02 6561502                    /usr/lib/x86_64-linux-gnu/libX11-xcb.so.1.0.0
7f3d36323000-7f3d36325000 r-xp 00000000 08:02 6561517                    /usr/lib/x86_64-linux-gnu/libXdamage.so.1.1.0
7f3d36325000-7f3d36524000 ---p 00002000 08:02 6561517                    /usr/lib/x86_64-linux-gnu/libXdamage.so.1.1.0
7f3d36524000-7f3d36525000 r--p 00001000 08:02 6561517                    /usr/lib/x86_64-linux-gnu/libXdamage.so.1.1.0
7f3d36525000-7f3d36526000 rw-p 00002000 08:02 6561517                    /usr/lib/x86_64-linux-gnu/libXdamage.so.1.1.0
7f3d36526000-7f3d3654b000 r-xp 00000000 08:02 6561895                    /usr/lib/x86_64-linux-gnu/libglapi.so.0.0.0
7f3d3654b000-7f3d3674b000 ---p 00025000 08:02 6561895                    /usr/lib/x86_64-linux-gnu/libglapi.so.0.0.0
7f3d3674b000-7f3d3674e000 r--p 00025000 08:02 6561895                    /usr/lib/x86_64-linux-gnu/libglapi.so.0.0.0
7f3d3674e000-7f3d3674f000 rw-p 00028000 08:02 6561895                    /usr/lib/x86_64-linux-gnu/libglapi.so.0.0.0
7f3d3674f000-7f3d36750000 rw-p 00000000 00:00 0 
7f3d36750000-7f3d36777000 r-xp 00000000 08:02 13637323                   /lib/x86_64-linux-gnu/libexpat.so.1.6.0
7f3d36777000-7f3d36977000 ---p 00027000 08:02 13637323                   /lib/x86_64-linux-gnu/libexpat.so.1.6.0
7f3d36977000-7f3d36979000 r--p 00027000 08:02 13637323                   /lib/x86_64-linux-gnu/libexpat.so.1.6.0
7f3d36979000-7f3d3697a000 rw-p 00029000 08:02 13637323                   /lib/x86_64-linux-gnu/libexpat.so.1.6.0
7f3d3697a000-7f3d36a08000 r-xp 00000000 08:02 6948350                    /usr/lib/x86_64-linux-gnu/mesa/libGL.so.1.2.0
7f3d36a08000-7f3d36c07000 ---p 0008e000 08:02 6948350                    /usr/lib/x86_64-linux-gnu/mesa/libGL.so.1.2.0
7f3d36c07000-7f3d36c0a000 r--p 0008d000 08:02 6948350                    /usr/lib/x86_64-linux-gnu/mesa/libGL.so.1.2.0
7f3d36c0a000-7f3d36c0b000 rw-p 00090000 08:02 6948350                    /usr/lib/x86_64-linux-gnu/mesa/libGL.so.1.2.0
7f3d36c0b000-7f3d36e0c000 rw-p 00000000 00:00 0 
7f3d36e0c000-7f3d36e0e000 r-xp 00000000 08:02 6561531                    /usr/lib/x86_64-linux-gnu/libXinerama.so.1.0.0
7f3d36e0e000-7f3d3700d000 ---p 00002000 08:02 6561531                    /usr/lib/x86_64-linux-gnu/libXinerama.so.1.0.0
7f3d3700d000-7f3d3700e000 r--p 00001000 08:02 6561531                    /usr/lib/x86_64-linux-gnu/libXinerama.so.1.0.0
7f3d3700e000-7f3d3700f000 rw-p 00002000 08:02 6561531                    /usr/lib/x86_64-linux-gnu/libXinerama.so.1.0.0
7f3d3700f000-7f3d37017000 rw-s 00000000 00:05 128116                     /drm mm object (deleted)
7f3d37017000-7f3d37018000 rw-s 1d3e15000 00:06 10208                     /dev/dri/card0
7f3d37018000-7f3d37020000 rw-s 00000000 00:05 125634                     /drm mm object (deleted)
7f3d37020000-7f3d37028000 rw-s 00000000 00:05 127496                     /drm mm object (deleted)
7f3d37028000-7f3d37030000 rw-s 00000000 00:05 128051                     /drm mm object (deleted)
7f3d37030000-7f3d37033000 ---p 00000000 00:00 0 
7f3d37033000-7f3d375e1000 rw-p 00000000 00:00 0                          [stack:7886]
7f3d375e1000-7f3d375f0000 r-xp 00000000 08:02 4721843                    /tmp/jogamp_0000/file_cache/jln4943886026709440049/jln2744142701932364607/libnewt.so
7f3d375f0000-7f3d377ef000 ---p 0000f000 08:02 4721843                    /tmp/jogamp_0000/file_cache/jln4943886026709440049/jln2744142701932364607/libnewt.so
7f3d377ef000-7f3d377f0000 rw-p 0000e000 08:02 4721843                    /tmp/jogamp_0000/file_cache/jln4943886026709440049/jln2744142701932364607/libnewt.so
7f3d377f0000-7f3d377f7000 r-xp 00000000 08:02 4721842                    /tmp/jogamp_0000/file_cache/jln4943886026709440049/jln2744142701932364607/libnativewindow_x11.so
7f3d377f7000-7f3d379f6000 ---p 00007000 08:02 4721842                    /tmp/jogamp_0000/file_cache/jln4943886026709440049/jln2744142701932364607/libnativewindow_x11.so
7f3d379f6000-7f3d379f7000 rw-p 00006000 08:02 4721842                    /tmp/jogamp_0000/file_cache/jln4943886026709440049/jln2744142701932364607/libnativewindow_x11.so
7f3d379f7000-7f3d379fb000 r-xp 00000000 08:02 6561559                    /usr/lib/x86_64-linux-gnu/libXxf86vm.so.1.0.0
7f3d379fb000-7f3d37bfb000 ---p 00004000 08:02 6561559                    /usr/lib/x86_64-linux-gnu/libXxf86vm.so.1.0.0
7f3d37bfb000-7f3d37bfc000 r--p 00004000 08:02 6561559                    /usr/lib/x86_64-linux-gnu/libXxf86vm.so.1.0.0
7f3d37bfc000-7f3d37bfd000 rw-p 00005000 08:02 6561559                    /usr/lib/x86_64-linux-gnu/libXxf86vm.so.1.0.0
7f3d37bfd000-7f3d37bff000 r-xp 00000000 08:02 4721841                    /tmp/jogamp_0000/file_cache/jln4943886026709440049/jln2744142701932364607/libnativewindow_awt.so
7f3d37bff000-7f3d37dfe000 ---p 00002000 08:02 4721841                    /tmp/jogamp_0000/file_cache/jln4943886026709440049/jln2744142701932364607/libnativewindow_awt.so
7f3d37dfe000-7f3d37dff000 rw-p 00001000 08:02 4721841                    /tmp/jogamp_0000/file_cache/jln4943886026709440049/jln2744142701932364607/libnativewindow_awt.so
7f3d37dff000-7f3d37e00000 r-xp 00000000 08:02 8012156                    /usr/bin/processing-3.0/java/lib/amd64/libjawt.so
7f3d37e00000-7f3d37fff000 ---p 00001000 08:02 8012156                    /usr/bin/processing-3.0/java/lib/amd64/libjawt.so
7f3d37fff000-7f3d38000000 rw-p 00000000 08:02 8012156                    /usr/bin/processing-3.0/java/lib/amd64/libjawt.so
7f3d38000000-7f3d38021000 rw-p 00000000 00:00 0 
7f3d38021000-7f3d3c000000 ---p 00000000 00:00 0 
7f3d3c000000-7f3d3c021000 rw-p 00000000 00:00 0 
7f3d3c021000-7f3d40000000 ---p 00000000 00:00 0 
7f3d40000000-7f3d40021000 rw-p 00000000 00:00 0 
7f3d40021000-7f3d44000000 ---p 00000000 00:00 0 
7f3d44000000-7f3d44021000 rw-p 00000000 00:00 0 
7f3d44021000-7f3d48000000 ---p 00000000 00:00 0 
7f3d48000000-7f3d4853a000 rw-p 00000000 00:00 0 
7f3d4853a000-7f3d4c000000 ---p 00000000 00:00 0 
7f3d4c000000-7f3d4c021000 rw-p 00000000 00:00 0 
7f3d4c021000-7f3d50000000 ---p 00000000 00:00 0 
7f3d50000000-7f3d514da000 rw-p 00000000 00:00 0 
7f3d514da000-7f3d54000000 ---p 00000000 00:00 0 
7f3d54000000-7f3d54b55000 rw-p 00000000 00:00 0 
7f3d54b55000-7f3d58000000 ---p 00000000 00:00 0 
7f3d58000000-7f3d58021000 rw-p 00000000 00:00 0 
7f3d58021000-7f3d5c000000 ---p 00000000 00:00 0 
7f3d5c000000-7f3d5c021000 rw-p 00000000 00:00 0 
7f3d5c021000-7f3d60000000 ---p 00000000 00:00 0 
7f3d60000000-7f3d60021000 rw-p 00000000 00:00 0 
7f3d60021000-7f3d64000000 ---p 00000000 00:00 0 
7f3d64000000-7f3d64021000 rw-p 00000000 00:00 0 
7f3d64021000-7f3d68000000 ---p 00000000 00:00 0 
7f3d68000000-7f3d68021000 rw-p 00000000 00:00 0 
7f3d68021000-7f3d6c000000 ---p 00000000 00:00 0 
7f3d6c000000-7f3d6c021000 rw-p 00000000 00:00 0 
7f3d6c021000-7f3d70000000 ---p 00000000 00:00 0 
7f3d70000000-7f3d70021000 rw-p 00000000 00:00 0 
7f3d70021000-7f3d74000000 ---p 00000000 00:00 0 
7f3d74000000-7f3d74021000 rw-p 00000000 00:00 0 
7f3d74021000-7f3d78000000 ---p 00000000 00:00 0 
7f3d78000000-7f3d78001000 rwxp 00000000 00:00 0 
7f3d78001000-7f3d78009000 rw-s 00000000 00:05 128091                     /drm mm object (deleted)
7f3d78009000-7f3d7800a000 rw-s 1d3e14000 00:06 10208                     /dev/dri/card0
7f3d7800a000-7f3d78012000 rw-s 00000000 00:05 128040                     /drm mm object (deleted)
7f3d78012000-7f3d78015000 ---p 00000000 00:00 0 
7f3d78015000-7f3d78113000 rw-p 00000000 00:00 0 
7f3d78113000-7f3d78115000 r-xp 00000000 08:02 4721830                    /tmp/jogamp_0000/file_cache/jln4943886026709440049/jln2744142701932364607/libgluegen-rt.so
7f3d78115000-7f3d78314000 ---p 00002000 08:02 4721830                    /tmp/jogamp_0000/file_cache/jln4943886026709440049/jln2744142701932364607/libgluegen-rt.so
7f3d78314000-7f3d78315000 rw-p 00001000 08:02 4721830                    /tmp/jogamp_0000/file_cache/jln4943886026709440049/jln2744142701932364607/libgluegen-rt.so
7f3d78315000-7f3d78318000 ---p 00000000 00:00 0 
7f3d78318000-7f3d78416000 rw-p 00000000 00:00 0 
7f3d78416000-7f3d78427000 r-xp 00000000 08:02 8012203                    /usr/bin/processing-3.0/java/lib/amd64/libnio.so
7f3d78427000-7f3d78626000 ---p 00011000 08:02 8012203                    /usr/bin/processing-3.0/java/lib/amd64/libnio.so
7f3d78626000-7f3d78627000 rw-p 00010000 08:02 8012203                    /usr/bin/processing-3.0/java/lib/amd64/libnio.so
7f3d78627000-7f3d7863d000 r-xp 00000000 08:02 8012151                    /usr/bin/processing-3.0/java/lib/amd64/libnet.so
7f3d7863d000-7f3d7883d000 ---p 00016000 08:02 8012151                    /usr/bin/processing-3.0/java/lib/amd64/libnet.so
7f3d7883d000-7f3d7883e000 rw-p 00016000 08:02 8012151                    /usr/bin/processing-3.0/java/lib/amd64/libnet.so
7f3d7883e000-7f3d78841000 ---p 00000000 00:00 0 
7f3d78841000-7f3d78877000 rw-p 00000000 00:00 0                          [stack:7879]
7f3d78877000-7f3d78878000 r--p 00000000 00:00 0 
7f3d78878000-7f3d7887c000 r--s 00095000 08:02 6696012                    /usr/bin/processing-3.0/java/lib/jsse.jar
7f3d7887c000-7f3d78a7c000 rw-p 00000000 00:00 0 
7f3d78a7c000-7f3d78a7f000 r--s 00041000 08:02 8014028                    /usr/bin/processing-3.0/modes/java/mode/org.netbeans.swing.outline.jar
7f3d78a7f000-7f3d78a84000 r--s 00038000 08:02 8014038                    /usr/bin/processing-3.0/modes/java/mode/org.eclipse.text.jar
7f3d78a84000-7f3d78a98000 r--s 00121000 08:02 8014045                    /usr/bin/processing-3.0/modes/java/mode/org.eclipse.osgi.jar
7f3d78a98000-7f3d78ad0000 r--s 00515000 08:02 8014044                    /usr/bin/processing-3.0/modes/java/mode/org.eclipse.jdt.core.jar
7f3d78ad0000-7f3d78ad3000 r--s 0001c000 08:02 8014042                    /usr/bin/processing-3.0/modes/java/mode/org.eclipse.equinox.preferences.jar
7f3d78ad3000-7f3d78ad6000 r--s 00018000 08:02 8014034                    /usr/bin/processing-3.0/modes/java/mode/org.eclipse.equinox.common.jar
7f3d78ad6000-7f3d78ad8000 r--s 00011000 08:02 8014037                    /usr/bin/processing-3.0/modes/java/mode/org.eclipse.core.runtime.jar
7f3d78ad8000-7f3d78ae3000 r--s 000c1000 08:02 8014040                    /usr/bin/processing-3.0/modes/java/mode/org.eclipse.core.resources.jar
7f3d78ae3000-7f3d78ae5000 r--s 00016000 08:02 8014027                    /usr/bin/processing-3.0/modes/java/mode/org.eclipse.core.jobs.jar
7f3d78ae5000-7f3d78ae7000 r--s 00015000 08:02 8014029                    /usr/bin/processing-3.0/modes/java/mode/org.eclipse.core.contenttype.jar
7f3d78ae7000-7f3d78aec000 r--s 0003f000 08:02 8014032                    /usr/bin/processing-3.0/modes/java/mode/jsoup-1.7.1.jar
7f3d78aec000-7f3d78af9000 r--s 000cb000 08:02 8014036                    /usr/bin/processing-3.0/modes/java/mode/jdimodel.jar
7f3d78af9000-7f3d78afd000 r--s 0000e000 08:02 8014030                    /usr/bin/processing-3.0/modes/java/mode/jdi.jar
7f3d78afd000-7f3d78b03000 r--s 0007d000 08:02 8014033                    /usr/bin/processing-3.0/modes/java/mode/JavaMode.jar
7f3d78b03000-7f3d78b5e000 r--s 009e2000 08:02 8014039                    /usr/bin/processing-3.0/modes/java/mode/com.ibm.icu.jar
7f3d78b5e000-7f3d78b68000 r--s 00097000 08:02 6695776                    /usr/bin/processing-3.0/lib/pde.jar
7f3d78b68000-7f3d78b86000 r--s 001bb000 08:02 6695851                    /usr/bin/processing-3.0/lib/ant.jar
7f3d78b86000-7f3d78b8f000 r-xp 00000000 08:02 6561541                    /usr/lib/x86_64-linux-gnu/libXrandr.so.2.2.0
7f3d78b8f000-7f3d78d8e000 ---p 00009000 08:02 6561541                    /usr/lib/x86_64-linux-gnu/libXrandr.so.2.2.0
7f3d78d8e000-7f3d78d8f000 r--p 00008000 08:02 6561541                    /usr/lib/x86_64-linux-gnu/libXrandr.so.2.2.0
7f3d78d8f000-7f3d78d90000 rw-p 00009000 08:02 6561541                    /usr/lib/x86_64-linux-gnu/libXrandr.so.2.2.0
7f3d78d90000-7f3d78d93000 ---p 00000000 00:00 0 
7f3d78d93000-7f3d78e91000 rw-p 00000000 00:00 0                          [stack:7875]
7f3d78e91000-7f3d78e96000 r-xp 00000000 08:02 6561523                    /usr/lib/x86_64-linux-gnu/libXfixes.so.3.1.0
7f3d78e96000-7f3d79095000 ---p 00005000 08:02 6561523                    /usr/lib/x86_64-linux-gnu/libXfixes.so.3.1.0
7f3d79095000-7f3d79096000 r--p 00004000 08:02 6561523                    /usr/lib/x86_64-linux-gnu/libXfixes.so.3.1.0
7f3d79096000-7f3d79097000 rw-p 00005000 08:02 6561523                    /usr/lib/x86_64-linux-gnu/libXfixes.so.3.1.0
7f3d79097000-7f3d790a0000 r-xp 00000000 08:02 6561515                    /usr/lib/x86_64-linux-gnu/libXcursor.so.1.0.2
7f3d790a0000-7f3d7929f000 ---p 00009000 08:02 6561515                    /usr/lib/x86_64-linux-gnu/libXcursor.so.1.0.2
7f3d7929f000-7f3d792a0000 r--p 00008000 08:02 6561515                    /usr/lib/x86_64-linux-gnu/libXcursor.so.1.0.2
7f3d792a0000-7f3d792a1000 rw-p 00009000 08:02 6561515                    /usr/lib/x86_64-linux-gnu/libXcursor.so.1.0.2
7f3d792a1000-7f3d792a4000 ---p 00000000 00:00 0 
7f3d792a4000-7f3d793a2000 rw-p 00000000 00:00 0                          [stack:7874]
7f3d793a2000-7f3d793b8000 r-xp 00000000 08:02 13635717                   /lib/x86_64-linux-gnu/libgcc_s.so.1
7f3d793b8000-7f3d795b7000 ---p 00016000 08:02 13635717                   /lib/x86_64-linux-gnu/libgcc_s.so.1
7f3d795b7000-7f3d795b8000 rw-p 00015000 08:02 13635717                   /lib/x86_64-linux-gnu/libgcc_s.so.1
7f3d795b8000-7f3d7961e000 r-xp 00000000 08:02 8012146                    /usr/bin/processing-3.0/java/lib/amd64/libfontmanager.so
7f3d7961e000-7f3d7981d000 ---p 00066000 08:02 8012146                    /usr/bin/processing-3.0/java/lib/amd64/libfontmanager.so
7f3d7981d000-7f3d79821000 rw-p 00065000 08:02 8012146                    /usr/bin/processing-3.0/java/lib/amd64/libfontmanager.so
7f3d79821000-7f3d79832000 rw-p 00000000 00:00 0 
7f3d79832000-7f3d79837000 r-xp 00000000 08:02 6561519                    /usr/lib/x86_64-linux-gnu/libXdmcp.so.6.0.0
7f3d79837000-7f3d79a36000 ---p 00005000 08:02 6561519                    /usr/lib/x86_64-linux-gnu/libXdmcp.so.6.0.0
7f3d79a36000-7f3d79a37000 r--p 00004000 08:02 6561519                    /usr/lib/x86_64-linux-gnu/libXdmcp.so.6.0.0
7f3d79a37000-7f3d79a38000 rw-p 00005000 08:02 6561519                    /usr/lib/x86_64-linux-gnu/libXdmcp.so.6.0.0
7f3d79a38000-7f3d79a3a000 r-xp 00000000 08:02 6561508                    /usr/lib/x86_64-linux-gnu/libXau.so.6.0.0
7f3d79a3a000-7f3d79c3a000 ---p 00002000 08:02 6561508                    /usr/lib/x86_64-linux-gnu/libXau.so.6.0.0
7f3d79c3a000-7f3d79c3b000 r--p 00002000 08:02 6561508                    /usr/lib/x86_64-linux-gnu/libXau.so.6.0.0
7f3d79c3b000-7f3d79c3c000 rw-p 00003000 08:02 6561508                    /usr/lib/x86_64-linux-gnu/libXau.so.6.0.0
7f3d79c3c000-7f3d79c59000 r-xp 00000000 08:02 6562574                    /usr/lib/x86_64-linux-gnu/libxcb.so.1.1.0
7f3d79c59000-7f3d79e59000 ---p 0001d000 08:02 6562574                    /usr/lib/x86_64-linux-gnu/libxcb.so.1.1.0
7f3d79e59000-7f3d79e5a000 r--p 0001d000 08:02 6562574                    /usr/lib/x86_64-linux-gnu/libxcb.so.1.1.0
7f3d79e5a000-7f3d79e5b000 rw-p 0001e000 08:02 6562574                    /usr/lib/x86_64-linux-gnu/libxcb.so.1.1.0
7f3d79e5b000-7f3d79e6a000 r-xp 00000000 08:02 6561529                    /usr/lib/x86_64-linux-gnu/libXi.so.6.1.0
7f3d79e6a000-7f3d7a069000 ---p 0000f000 08:02 6561529                    /usr/lib/x86_64-linux-gnu/libXi.so.6.1.0
7f3d7a069000-7f3d7a06a000 r--p 0000e000 08:02 6561529                    /usr/lib/x86_64-linux-gnu/libXi.so.6.1.0
7f3d7a06a000-7f3d7a06b000 rw-p 0000f000 08:02 6561529                    /usr/lib/x86_64-linux-gnu/libXi.so.6.1.0
7f3d7a06b000-7f3d7a070000 r-xp 00000000 08:02 6561549                    /usr/lib/x86_64-linux-gnu/libXtst.so.6.1.0
7f3d7a070000-7f3d7a26f000 ---p 00005000 08:02 6561549                    /usr/lib/x86_64-linux-gnu/libXtst.so.6.1.0
7f3d7a26f000-7f3d7a270000 r--p 00004000 08:02 6561549                    /usr/lib/x86_64-linux-gnu/libXtst.so.6.1.0
7f3d7a270000-7f3d7a271000 rw-p 00005000 08:02 6561549                    /usr/lib/x86_64-linux-gnu/libXtst.so.6.1.0
7f3d7a271000-7f3d7a27a000 r-xp 00000000 08:02 6561543                    /usr/lib/x86_64-linux-gnu/libXrender.so.1.3.0
7f3d7a27a000-7f3d7a479000 ---p 00009000 08:02 6561543                    /usr/lib/x86_64-linux-gnu/libXrender.so.1.3.0
7f3d7a479000-7f3d7a47a000 r--p 00008000 08:02 6561543                    /usr/lib/x86_64-linux-gnu/libXrender.so.1.3.0
7f3d7a47a000-7f3d7a47b000 rw-p 00009000 08:02 6561543                    /usr/lib/x86_64-linux-gnu/libXrender.so.1.3.0
7f3d7a47b000-7f3d7a5ab000 r-xp 00000000 08:02 6561504                    /usr/lib/x86_64-linux-gnu/libX11.so.6.3.0
7f3d7a5ab000-7f3d7a7ab000 ---p 00130000 08:02 6561504                    /usr/lib/x86_64-linux-gnu/libX11.so.6.3.0
7f3d7a7ab000-7f3d7a7ac000 r--p 00130000 08:02 6561504                    /usr/lib/x86_64-linux-gnu/libX11.so.6.3.0
7f3d7a7ac000-7f3d7a7b0000 rw-p 00131000 08:02 6561504                    /usr/lib/x86_64-linux-gnu/libX11.so.6.3.0
7f3d7a7b0000-7f3d7a7c1000 r-xp 00000000 08:02 6561521                    /usr/lib/x86_64-linux-gnu/libXext.so.6.4.0
7f3d7a7c1000-7f3d7a9c0000 ---p 00011000 08:02 6561521                    /usr/lib/x86_64-linux-gnu/libXext.so.6.4.0
7f3d7a9c0000-7f3d7a9c1000 r--p 00010000 08:02 6561521                    /usr/lib/x86_64-linux-gnu/libXext.so.6.4.0
7f3d7a9c1000-7f3d7a9c2000 rw-p 00011000 08:02 6561521                    /usr/lib/x86_64-linux-gnu/libXext.so.6.4.0
7f3d7a9c2000-7f3d7aa16000 r-xp 00000000 08:02 8012182                    /usr/bin/processing-3.0/java/lib/amd64/libawt_xawt.so
7f3d7aa16000-7f3d7ac16000 ---p 00054000 08:02 8012182                    /usr/bin/processing-3.0/java/lib/amd64/libawt_xawt.so
7f3d7ac16000-7f3d7ac1a000 rw-p 00054000 08:02 8012182                    /usr/bin/processing-3.0/java/lib/amd64/libawt_xawt.so
7f3d7ac1a000-7f3d7ac1b000 rw-p 00000000 00:00 0 
7f3d7ac1b000-7f3d7acbd000 r-xp 00000000 08:02 8012174                    /usr/bin/processing-3.0/java/lib/amd64/libawt.so
7f3d7acbd000-7f3d7aebd000 ---p 000a2000 08:02 8012174                    /usr/bin/processing-3.0/java/lib/amd64/libawt.so
7f3d7aebd000-7f3d7aec9000 rw-p 000a2000 08:02 8012174                    /usr/bin/processing-3.0/java/lib/amd64/libawt.so
7f3d7aec9000-7f3d7aeed000 rw-p 00000000 00:00 0 
7f3d7aeed000-7f3d7aeee000 ---p 00000000 00:00 0 
7f3d7aeee000-7f3d7afee000 rw-p 00000000 00:00 0                          [stack:7873]
7f3d7afee000-7f3d7aff1000 ---p 00000000 00:00 0 
7f3d7aff1000-7f3d7b0ef000 rw-p 00000000 00:00 0                          [stack:7872]
7f3d7b0ef000-7f3d7b0f2000 ---p 00000000 00:00 0 
7f3d7b0f2000-7f3d7b1f0000 rw-p 00000000 00:00 0                          [stack:7871]
7f3d7b1f0000-7f3d7b1f3000 ---p 00000000 00:00 0 
7f3d7b1f3000-7f3d7b2f1000 rw-p 00000000 00:00 0                          [stack:7870]
7f3d7b2f1000-7f3d7b2f4000 ---p 00000000 00:00 0 
7f3d7b2f4000-7f3d7b3f2000 rw-p 00000000 00:00 0                          [stack:7869]
7f3d7b3f2000-7f3d7b3f5000 ---p 00000000 00:00 0 
7f3d7b3f5000-7f3d7b4f3000 rw-p 00000000 00:00 0                          [stack:7863]
7f3d7b4f3000-7f3d7b4f6000 ---p 00000000 00:00 0 
7f3d7b4f6000-7f3d7b5f4000 rw-p 00000000 00:00 0                          [stack:7858]
7f3d7b5f4000-7f3d7b5f7000 ---p 00000000 00:00 0 
7f3d7b5f7000-7f3d7b6f5000 rw-p 00000000 00:00 0                          [stack:7857]
7f3d7b6f5000-7f3d7b6f9000 r-xp 00000000 08:02 8012175                    /usr/bin/processing-3.0/java/lib/amd64/libdt_socket.so
7f3d7b6f9000-7f3d7b8f8000 ---p 00004000 08:02 8012175                    /usr/bin/processing-3.0/java/lib/amd64/libdt_socket.so
7f3d7b8f8000-7f3d7b8f9000 rw-p 00003000 08:02 8012175                    /usr/bin/processing-3.0/java/lib/amd64/libdt_socket.so
7f3d7b8f9000-7f3d7b8fc000 ---p 00000000 00:00 0 
7f3d7b8fc000-7f3d7b9fa000 rw-p 00000000 00:00 0                          [stack:7856]
7f3d7b9fa000-7f3d7b9fd000 ---p 00000000 00:00 0 
7f3d7b9fd000-7f3d7bafb000 rw-p 00000000 00:00 0                          [stack:7855]
7f3d7bafb000-7f3d7bafe000 ---p 00000000 00:00 0 
7f3d7bafe000-7f3d7bbfc000 rw-p 00000000 00:00 0                          [stack:7854]
7f3d7bbfc000-7f3d7bbfd000 ---p 00000000 00:00 0 
7f3d7bbfd000-7f3d7c000000 rw-p 00000000 00:00 0                          [stack:7853]
7f3d7c000000-7f3d7c021000 rw-p 00000000 00:00 0 
7f3d7c021000-7f3d80000000 ---p 00000000 00:00 0 
7f3d80000000-7f3d80021000 rw-p 00000000 00:00 0 
7f3d80021000-7f3d84000000 ---p 00000000 00:00 0 
7f3d84000000-7f3d84021000 rw-p 00000000 00:00 0 
7f3d84021000-7f3d88000000 ---p 00000000 00:00 0 
7f3d88000000-7f3d88001000 r--s 00003000 08:02 8014046                    /usr/bin/processing-3.0/modes/java/mode/jdtCompilerAdapter.jar
7f3d88001000-7f3d88002000 r--s 00003000 08:02 8014035                    /usr/bin/processing-3.0/modes/java/mode/classpath-explorer-1.0.jar
7f3d88002000-7f3d88007000 r--s 00068000 08:02 8014043                    /usr/bin/processing-3.0/modes/java/mode/antlr.jar
7f3d88007000-7f3d8801b000 r--s 00127000 08:02 6695832                    /usr/bin/processing-3.0/lib/jna.jar
7f3d8801b000-7f3d8801d000 r--s 00002000 08:02 6695836                    /usr/bin/processing-3.0/lib/ant-launcher.jar
7f3d8801d000-7f3d8801f000 r--s 00005000 08:02 4591938                    /home/akelly/sketchbook/libraries/minim/library/mp3spi1.9.5.jar
7f3d8801f000-7f3d88020000 r--s 0000b000 08:02 4591937                    /home/akelly/sketchbook/libraries/minim/library/jsminim.jar
7f3d88020000-7f3d88024000 r--s 00040000 08:02 4591936                    /home/akelly/sketchbook/libraries/minim/library/jl1.0.1.jar
7f3d88024000-7f3d88027000 r--s 00017000 08:02 4591933                    /home/akelly/sketchbook/libraries/minim/library/tritonus_share.jar
7f3d88027000-7f3d88041000 r--s 01689000 08:02 6569030                    /usr/bin/processing-3.0/core/library/jogl-java-src.zip
7f3d88041000-7f3d88064000 r--s 00308000 08:02 6569034                    /usr/bin/processing-3.0/core/library/jogl-all.jar
7f3d88064000-7f3d91000000 rw-p 00000000 00:00 0 
7f3d91000000-7f3d91690000 rwxp 00000000 00:00 0 
7f3d91690000-7f3da0000000 ---p 00000000 00:00 0 
7f3da0000000-7f3da0821000 rw-p 00000000 00:00 0 
7f3da0821000-7f3da4000000 ---p 00000000 00:00 0 
7f3da4000000-7f3da4003000 r--s 00016000 08:02 4591932                    /home/akelly/sketchbook/libraries/minim/library/minim.jar
7f3da4003000-7f3da400b000 r--s 003d3000 08:02 6569026                    /usr/bin/processing-3.0/core/library/gluegen-java-src.zip
7f3da400b000-7f3da41df000 rw-p 00000000 00:00 0 
7f3da41df000-7f3da43b7000 r--s 03d0c000 08:02 6695974                    /usr/bin/processing-3.0/java/lib/rt.jar
7f3da43b7000-7f3da4bf4000 rw-p 00000000 00:00 0 
7f3da4bf4000-7f3da4bf5000 ---p 00000000 00:00 0 
7f3da4bf5000-7f3da4cf5000 rw-p 00000000 00:00 0                          [stack:7852]
7f3da4cf5000-7f3da4cf6000 ---p 00000000 00:00 0 
7f3da4cf6000-7f3da4df6000 rw-p 00000000 00:00 0                          [stack:7851]
7f3da4df6000-7f3da4df7000 ---p 00000000 00:00 0 
7f3da4df7000-7f3da4ef7000 rw-p 00000000 00:00 0                          [stack:7850]
7f3da4ef7000-7f3da4ef8000 ---p 00000000 00:00 0 
7f3da4ef8000-7f3da504c000 rw-p 00000000 00:00 0                          [stack:7849]
7f3da504c000-7f3da5528000 ---p 00000000 00:00 0 
7f3da5528000-7f3da557c000 rw-p 00000000 00:00 0 
7f3da557c000-7f3da5a57000 ---p 00000000 00:00 0 
7f3da5a57000-7f3da5adf000 rw-p 00000000 00:00 0 
7f3da5adf000-7f3da5cef000 ---p 00000000 00:00 0 
7f3da5cef000-7f3da5d0b000 rw-p 00000000 00:00 0 
7f3da5d0b000-7f3da60b0000 ---p 00000000 00:00 0 
7f3da60b0000-7f3da60ca000 r-xp 00000000 08:02 8012189                    /usr/bin/processing-3.0/java/lib/amd64/libzip.so
7f3da60ca000-7f3da62ca000 ---p 0001a000 08:02 8012189                    /usr/bin/processing-3.0/java/lib/amd64/libzip.so
7f3da62ca000-7f3da62cb000 rw-p 0001a000 08:02 8012189                    /usr/bin/processing-3.0/java/lib/amd64/libzip.so
7f3da62cb000-7f3da62d6000 r-xp 00000000 08:02 13635765                   /lib/x86_64-linux-gnu/libnss_files-2.19.so
7f3da62d6000-7f3da64d5000 ---p 0000b000 08:02 13635765                   /lib/x86_64-linux-gnu/libnss_files-2.19.so
7f3da64d5000-7f3da64d6000 r--p 0000a000 08:02 13635765                   /lib/x86_64-linux-gnu/libnss_files-2.19.so
7f3da64d6000-7f3da64d7000 rw-p 0000b000 08:02 13635765                   /lib/x86_64-linux-gnu/libnss_files-2.19.so
7f3da64d7000-7f3da64e2000 r-xp 00000000 08:02 13635775                   /lib/x86_64-linux-gnu/libnss_nis-2.19.so
7f3da64e2000-7f3da66e1000 ---p 0000b000 08:02 13635775                   /lib/x86_64-linux-gnu/libnss_nis-2.19.so
7f3da66e1000-7f3da66e2000 r--p 0000a000 08:02 13635775                   /lib/x86_64-linux-gnu/libnss_nis-2.19.so
7f3da66e2000-7f3da66e3000 rw-p 0000b000 08:02 13635775                   /lib/x86_64-linux-gnu/libnss_nis-2.19.so
7f3da66e3000-7f3da66fa000 r-xp 00000000 08:02 13635759                   /lib/x86_64-linux-gnu/libnsl-2.19.so
7f3da66fa000-7f3da68f9000 ---p 00017000 08:02 13635759                   /lib/x86_64-linux-gnu/libnsl-2.19.so
7f3da68f9000-7f3da68fa000 r--p 00016000 08:02 13635759                   /lib/x86_64-linux-gnu/libnsl-2.19.so
7f3da68fa000-7f3da68fb000 rw-p 00017000 08:02 13635759                   /lib/x86_64-linux-gnu/libnsl-2.19.so
7f3da68fb000-7f3da68fd000 rw-p 00000000 00:00 0 
7f3da68fd000-7f3da6906000 r-xp 00000000 08:02 13635761                   /lib/x86_64-linux-gnu/libnss_compat-2.19.so
7f3da6906000-7f3da6b05000 ---p 00009000 08:02 13635761                   /lib/x86_64-linux-gnu/libnss_compat-2.19.so
7f3da6b05000-7f3da6b06000 r--p 00008000 08:02 13635761                   /lib/x86_64-linux-gnu/libnss_compat-2.19.so
7f3da6b06000-7f3da6b07000 rw-p 00009000 08:02 13635761                   /lib/x86_64-linux-gnu/libnss_compat-2.19.so
7f3da6b07000-7f3da71e9000 r--p 00000000 08:02 6560506                    /usr/lib/locale/locale-archive
7f3da71e9000-7f3da71eb000 r-xp 00000000 08:02 8012169                    /usr/bin/processing-3.0/java/lib/amd64/libnpt.so
7f3da71eb000-7f3da73eb000 ---p 00002000 08:02 8012169                    /usr/bin/processing-3.0/java/lib/amd64/libnpt.so
7f3da73eb000-7f3da73ec000 rw-p 00002000 08:02 8012169                    /usr/bin/processing-3.0/java/lib/amd64/libnpt.so
7f3da73ec000-7f3da7425000 r-xp 00000000 08:02 8012184                    /usr/bin/processing-3.0/java/lib/amd64/libjdwp.so
7f3da7425000-7f3da7624000 ---p 00039000 08:02 8012184                    /usr/bin/processing-3.0/java/lib/amd64/libjdwp.so
7f3da7624000-7f3da7626000 rw-p 00038000 08:02 8012184                    /usr/bin/processing-3.0/java/lib/amd64/libjdwp.so
7f3da7626000-7f3da7650000 r-xp 00000000 08:02 8012204                    /usr/bin/processing-3.0/java/lib/amd64/libjava.so
7f3da7650000-7f3da7850000 ---p 0002a000 08:02 8012204                    /usr/bin/processing-3.0/java/lib/amd64/libjava.so
7f3da7850000-7f3da7852000 rw-p 0002a000 08:02 8012204                    /usr/bin/processing-3.0/java/lib/amd64/libjava.so
7f3da7852000-7f3da785f000 r-xp 00000000 08:02 8012148                    /usr/bin/processing-3.0/java/lib/amd64/libverify.so
7f3da785f000-7f3da7a5f000 ---p 0000d000 08:02 8012148                    /usr/bin/processing-3.0/java/lib/amd64/libverify.so
7f3da7a5f000-7f3da7a61000 rw-p 0000d000 08:02 8012148                    /usr/bin/processing-3.0/java/lib/amd64/libverify.so
7f3da7a61000-7f3da7a68000 r-xp 00000000 08:02 13635818                   /lib/x86_64-linux-gnu/librt-2.19.so
7f3da7a68000-7f3da7c67000 ---p 00007000 08:02 13635818                   /lib/x86_64-linux-gnu/librt-2.19.so
7f3da7c67000-7f3da7c68000 r--p 00006000 08:02 13635818                   /lib/x86_64-linux-gnu/librt-2.19.so
7f3da7c68000-7f3da7c69000 rw-p 00007000 08:02 13635818                   /lib/x86_64-linux-gnu/librt-2.19.so
7f3da7c69000-7f3da7d6e000 r-xp 00000000 08:02 13635740                   /lib/x86_64-linux-gnu/libm-2.19.so
7f3da7d6e000-7f3da7f6d000 ---p 00105000 08:02 13635740                   /lib/x86_64-linux-gnu/libm-2.19.so
7f3da7f6d000-7f3da7f6e000 r--p 00104000 08:02 13635740                   /lib/x86_64-linux-gnu/libm-2.19.so
7f3da7f6e000-7f3da7f6f000 rw-p 00105000 08:02 13635740                   /lib/x86_64-linux-gnu/libm-2.19.so
7f3da7f6f000-7f3da8c1d000 r-xp 00000000 08:02 8012167                    /usr/bin/processing-3.0/java/lib/amd64/server/libjvm.so
7f3da8c1d000-7f3da8e1d000 ---p 00cae000 08:02 8012167                    /usr/bin/processing-3.0/java/lib/amd64/server/libjvm.so
7f3da8e1d000-7f3da8ef4000 rw-p 00cae000 08:02 8012167                    /usr/bin/processing-3.0/java/lib/amd64/server/libjvm.so
7f3da8ef4000-7f3da8f38000 rw-p 00000000 00:00 0 
7f3da8f38000-7f3da90f3000 r-xp 00000000 08:02 13635690                   /lib/x86_64-linux-gnu/libc-2.19.so
7f3da90f3000-7f3da92f2000 ---p 001bb000 08:02 13635690                   /lib/x86_64-linux-gnu/libc-2.19.so
7f3da92f2000-7f3da92f6000 r--p 001ba000 08:02 13635690                   /lib/x86_64-linux-gnu/libc-2.19.so
7f3da92f6000-7f3da92f8000 rw-p 001be000 08:02 13635690                   /lib/x86_64-linux-gnu/libc-2.19.so
7f3da92f8000-7f3da92fd000 rw-p 00000000 00:00 0 
7f3da92fd000-7f3da9300000 r-xp 00000000 08:02 13635707                   /lib/x86_64-linux-gnu/libdl-2.19.so
7f3da9300000-7f3da94ff000 ---p 00003000 08:02 13635707                   /lib/x86_64-linux-gnu/libdl-2.19.so
7f3da94ff000-7f3da9500000 r--p 00002000 08:02 13635707                   /lib/x86_64-linux-gnu/libdl-2.19.so
7f3da9500000-7f3da9501000 rw-p 00003000 08:02 13635707                   /lib/x86_64-linux-gnu/libdl-2.19.so
7f3da9501000-7f3da9516000 r-xp 00000000 08:02 8012145                    /usr/bin/processing-3.0/java/lib/amd64/jli/libjli.so
7f3da9516000-7f3da9716000 ---p 00015000 08:02 8012145                    /usr/bin/processing-3.0/java/lib/amd64/jli/libjli.so
7f3da9716000-7f3da9717000 rw-p 00015000 08:02 8012145                    /usr/bin/processing-3.0/java/lib/amd64/jli/libjli.so
7f3da9717000-7f3da9730000 r-xp 00000000 08:02 13635810                   /lib/x86_64-linux-gnu/libpthread-2.19.so
7f3da9730000-7f3da992f000 ---p 00019000 08:02 13635810                   /lib/x86_64-linux-gnu/libpthread-2.19.so
7f3da992f000-7f3da9930000 r--p 00018000 08:02 13635810                   /lib/x86_64-linux-gnu/libpthread-2.19.so
7f3da9930000-7f3da9931000 rw-p 00019000 08:02 13635810                   /lib/x86_64-linux-gnu/libpthread-2.19.so
7f3da9931000-7f3da9935000 rw-p 00000000 00:00 0 
7f3da9935000-7f3da9958000 r-xp 00000000 08:02 13635666                   /lib/x86_64-linux-gnu/ld-2.19.so
7f3da9958000-7f3da9959000 r--s 00002000 08:02 4591935                    /home/akelly/sketchbook/libraries/minim/library/tritonus_aos.jar
7f3da9959000-7f3da995a000 r--s 00001000 08:02 6569033                    /usr/bin/processing-3.0/core/library/gluegen-rt-natives-macosx-universal.jar
7f3da995a000-7f3da995c000 r--s 00038000 08:02 6569032                    /usr/bin/processing-3.0/core/library/jogl-all-natives-windows-amd64.jar
7f3da995c000-7f3da995d000 r--s 00034000 08:02 6569031                    /usr/bin/processing-3.0/core/library/jogl-all-natives-linux-amd64.jar
7f3da995d000-7f3da995e000 r--s 00001000 08:02 6569036                    /usr/bin/processing-3.0/core/library/gluegen-rt-natives-windows-i586.jar
7f3da995e000-7f3da9a2f000 rw-p 00000000 00:00 0 
7f3da9a2f000-7f3da9a32000 ---p 00000000 00:00 0 
7f3da9a32000-7f3da9b34000 rw-p 00000000 00:00 0                          [stack:7847]
7f3da9b34000-7f3da9b3a000 r--s 0004a000 08:02 6569021                    /usr/bin/processing-3.0/core/library/gluegen-rt.jar
7f3da9b3a000-7f3da9b3b000 r--s 00000000 08:02 6569035                    /usr/bin/processing-3.0/core/library/gluegen-rt-natives-linux-armv6hf.jar
7f3da9b3b000-7f3da9b3c000 r--s 00031000 08:02 6569019                    /usr/bin/processing-3.0/core/library/jogl-all-natives-windows-i586.jar
7f3da9b3c000-7f3da9b3d000 r--s 00001000 08:02 6569022                    /usr/bin/processing-3.0/core/library/gluegen-rt-natives-windows-amd64.jar
7f3da9b3d000-7f3da9b3f000 r--s 0006c000 08:02 6569020                    /usr/bin/processing-3.0/core/library/jogl-all-natives-macosx-universal.jar
7f3da9b3f000-7f3da9b44000 r--s 000f0000 08:02 6569027                    /usr/bin/processing-3.0/core/library/core.jar
7f3da9b44000-7f3da9b46000 r--s 00000000 08:02 6569025                    /usr/bin/processing-3.0/core/library/gluegen-rt-natives-linux-amd64.jar
7f3da9b46000-7f3da9b47000 r--s 00026000 08:02 6569028                    /usr/bin/processing-3.0/core/library/jogl-all-natives-linux-armv6hf.jar
7f3da9b47000-7f3da9b48000 r--s 00032000 08:02 6569024                    /usr/bin/processing-3.0/core/library/jogl-all-natives-linux-i586.jar
7f3da9b48000-7f3da9b4a000 r--s 00000000 08:02 6569023                    /usr/bin/processing-3.0/core/library/gluegen-rt-natives-linux-i586.jar
7f3da9b4a000-7f3da9b4b000 rw-p 00000000 00:00 0 
7f3da9b4b000-7f3da9b53000 rw-s 00000000 08:02 4325410                    /tmp/hsperfdata_akelly/7846
7f3da9b53000-7f3da9b54000 rw-p 00000000 00:00 0 
7f3da9b54000-7f3da9b55000 r--p 00000000 00:00 0 
7f3da9b55000-7f3da9b57000 rw-p 00000000 00:00 0 
7f3da9b57000-7f3da9b58000 r--p 00022000 08:02 13635666                   /lib/x86_64-linux-gnu/ld-2.19.so
7f3da9b58000-7f3da9b59000 rw-p 00023000 08:02 13635666                   /lib/x86_64-linux-gnu/ld-2.19.so
7f3da9b59000-7f3da9b5a000 rw-p 00000000 00:00 0 
7ffe0f9a2000-7ffe0f9c5000 rw-p 00000000 00:00 0                          [stack]
7ffe0f9da000-7ffe0f9dc000 r--p 00000000 00:00 0                          [vvar]
7ffe0f9dc000-7ffe0f9de000 r-xp 00000000 00:00 0                          [vdso]
ffffffffff600000-ffffffffff601000 r-xp 00000000 00:00 0                  [vsyscall]

VM Arguments:
jvm_args: -agentlib:jdwp=transport=dt_socket,address=8761,server=y,suspend=y -Djava.library.path=:/usr/bin/processing-3.0/core/library:/home/akelly/sketchbook/libraries/minim/library:/usr/java/packages/lib/amd64:/usr/lib64:/lib64:/lib:/usr/lib -ea 
java_command: processing.core.PApplet --display=1 --sketch-path=/home/akelly/sketchbook/_audioVisualizer/_audioVisualizer/build build
java_class_path (initial): /home/akelly/sketchbook/_audioVisualizer/_audioVisualizer/build/build-tmp:/usr/bin/processing-3.0/core/library/gluegen-rt-natives-linux-i586.jar:/usr/bin/processing-3.0/core/library/jogl-all-natives-linux-i586.jar:/usr/bin/processing-3.0/core/library/jogl-all-natives-linux-armv6hf.jar:/usr/bin/processing-3.0/core/library/gluegen-rt-natives-linux-amd64.jar:/usr/bin/processing-3.0/core/library/core.jar:/usr/bin/processing-3.0/core/library/jogl-all-natives-macosx-universal.jar:/usr/bin/processing-3.0/core/library/gluegen-rt-natives-windows-amd64.jar:/usr/bin/processing-3.0/core/library/jogl-all-natives-windows-i586.jar:/usr/bin/processing-3.0/core/library/gluegen-rt-natives-linux-armv6hf.jar:/usr/bin/processing-3.0/core/library/gluegen-rt.jar:/usr/bin/processing-3.0/core/library/gluegen-rt-natives-windows-i586.jar:/usr/bin/processing-3.0/core/library/jogl-all.jar:/usr/bin/processing-3.0/core/library/jogl-all-natives-linux-amd64.jar:/usr/bin/processing-3.0/core/library/jogl-all-natives-windows-amd64.jar:/usr/bin/processing-3.0/core/library/gluegen-java-src.zip:/usr/bin/processing-3.0/core/library/jogl-java-src.zip:/usr/bin/processing-3.0/core/library/gluegen-rt-natives-macosx-universal.jar:/usr/bin/processing-3.0/core/library/gluegen-rt-natives-linux-i586.jar:/usr/bin/processing-3.0/core/library/jogl-all-natives-linux-i586.jar:/usr/bin/processing-3.0/core/library/jogl-all-natives-linux-armv6hf.jar:/usr/bin/processing-3.0/core/library/gluegen-rt-natives-linux-amd64.jar:/usr/bin/processing-3.0/core/library/core.jar:/usr/bin/processing-3.0/core/library/jogl-all-natives-macosx-universal.jar:/usr/bin/processing-3.0/core/library/gluegen-rt-natives-windows-amd64.jar:/usr/bin/processing-3.0/core/library/jogl-all-natives-windows-i586.jar:/usr/bin/processing-3.0/core/library/gluegen-rt-natives-linux-armv6hf.jar:/usr/bin/processing-3.0/core/library/gluegen-rt.jar:/usr/bin/processing-3.0/core/library/gluegen-rt-natives-windows-i586.jar:/usr/bin/processi
Launcher Type: SUN_STANDARD

Environment Variables:
PATH=/usr/bin/processing-3.0/java/bin:/usr/local/sbin:/usr/local/bin:/usr/sbin:/usr/bin:/sbin:/bin:/usr/games:/usr/local/games
SHELL=/bin/bash
DISPLAY=:0

Signal Handlers:
SIGSEGV: [libjvm.so+0xaad540], sa_mask[0]=11111111011111111101111111111110, sa_flags=SA_RESTART|SA_SIGINFO
SIGBUS: [libjvm.so+0xaad540], sa_mask[0]=11111111011111111101111111111110, sa_flags=SA_RESTART|SA_SIGINFO
SIGFPE: [libjvm.so+0x90b6b0], sa_mask[0]=11111111011111111101111111111110, sa_flags=SA_RESTART|SA_SIGINFO
SIGPIPE: [libjvm.so+0x90b6b0], sa_mask[0]=11111111011111111101111111111110, sa_flags=SA_RESTART|SA_SIGINFO
SIGXFSZ: [libjvm.so+0x90b6b0], sa_mask[0]=11111111011111111101111111111110, sa_flags=SA_RESTART|SA_SIGINFO
SIGILL: [libjvm.so+0x90b6b0], sa_mask[0]=11111111011111111101111111111110, sa_flags=SA_RESTART|SA_SIGINFO
SIGUSR1: SIG_DFL, sa_mask[0]=00000000000000000000000000000000, sa_flags=none
SIGUSR2: [libjvm.so+0x90ccf0], sa_mask[0]=00100000000000000000000000000000, sa_flags=SA_RESTART|SA_SIGINFO
SIGHUP: [libjvm.so+0x90e040], sa_mask[0]=11111111011111111101111111111110, sa_flags=SA_RESTART|SA_SIGINFO
SIGINT: [libjvm.so+0x90e040], sa_mask[0]=11111111011111111101111111111110, sa_flags=SA_RESTART|SA_SIGINFO
SIGTERM: [libjvm.so+0x90e040], sa_mask[0]=11111111011111111101111111111110, sa_flags=SA_RESTART|SA_SIGINFO
SIGQUIT: [libjvm.so+0x90e040], sa_mask[0]=11111111011111111101111111111110, sa_flags=SA_RESTART|SA_SIGINFO


---------------  S Y S T E M  ---------------

OS:DISTRIB_ID=Ubuntu
DISTRIB_RELEASE=14.04
DISTRIB_CODENAME=trusty
DISTRIB_DESCRIPTION="Ubuntu 14.04.3 LTS"

uname:Linux 3.19.0-28-generic #30~14.04.1-Ubuntu SMP Tue Sep 1 09:32:55 UTC 2015 x86_64
libc:glibc 2.19 NPTL 2.19 
rlimit: STACK 8192k, CORE 0k, NPROC 63284, NOFILE 4096, AS infinity
load average:1.31 2.50 3.14

/proc/meminfo:
MemTotal:       16309452 kB
MemFree:        11504584 kB
MemAvailable:   12666528 kB
Buffers:          114836 kB
Cached:          1638888 kB
SwapCached:           40 kB
Active:          3848728 kB
Inactive:         695104 kB
Active(anon):    2927752 kB
Inactive(anon):   328356 kB
Active(file):     920976 kB
Inactive(file):   366748 kB
Unevictable:          92 kB
Mlocked:              92 kB
SwapTotal:      16653308 kB
SwapFree:       16584340 kB
Dirty:              2084 kB
Writeback:             0 kB
AnonPages:       2790208 kB
Mapped:           577396 kB
Shmem:            466004 kB
Slab:             127408 kB
SReclaimable:      86328 kB
SUnreclaim:        41080 kB
KernelStack:       10144 kB
PageTables:        50132 kB
NFS_Unstable:          0 kB
Bounce:                0 kB
WritebackTmp:          0 kB
CommitLimit:    24808032 kB
Committed_AS:    8474420 kB
VmallocTotal:   34359738367 kB
VmallocUsed:      385160 kB
VmallocChunk:   34359343192 kB
HardwareCorrupted:     0 kB
AnonHugePages:    831488 kB
CmaTotal:              0 kB
CmaFree:               0 kB
HugePages_Total:       0
HugePages_Free:        0
HugePages_Rsvd:        0
HugePages_Surp:        0
Hugepagesize:       2048 kB
DirectMap4k:      193964 kB
DirectMap2M:    12265472 kB
DirectMap1G:     4194304 kB


CPU:total 4 (2 cores per cpu, 2 threads per core) family 6 model 61 stepping 4, cmov, cx8, fxsr, mmx, sse, sse2, sse3, ssse3, sse4.1, sse4.2, popcnt, avx, avx2, aes, clmul, erms, rtm, 3dnowpref, lzcnt, ht, tsc, tscinvbit, bmi1, bmi2, adx

/proc/cpuinfo:
processor	: 0
vendor_id	: GenuineIntel
cpu family	: 6
model		: 61
model name	: Intel(R) Core(TM) i7-5600U CPU @ 2.60GHz
stepping	: 4
microcode	: 0x19
cpu MHz		: 3040.070
cache size	: 4096 KB
physical id	: 0
siblings	: 4
core id		: 0
cpu cores	: 2
apicid		: 0
initial apicid	: 0
fpu		: yes
fpu_exception	: yes
cpuid level	: 20
wp		: yes
flags		: fpu vme de pse tsc msr pae mce cx8 apic sep mtrr pge mca cmov pat pse36 clflush dts acpi mmx fxsr sse sse2 ss ht tm pbe syscall nx pdpe1gb rdtscp lm constant_tsc arch_perfmon pebs bts rep_good nopl xtopology nonstop_tsc aperfmperf eagerfpu pni pclmulqdq dtes64 monitor ds_cpl vmx smx est tm2 ssse3 fma cx16 xtpr pdcm pcid sse4_1 sse4_2 x2apic movbe popcnt tsc_deadline_timer aes xsave avx f16c rdrand lahf_lm abm 3dnowprefetch ida arat epb pln pts dtherm tpr_shadow vnmi flexpriority ept vpid fsgsbase tsc_adjust bmi1 hle avx2 smep bmi2 erms invpcid rtm rdseed adx smap xsaveopt
bugs		:
bogomips	: 5188.48
clflush size	: 64
cache_alignment	: 64
address sizes	: 39 bits physical, 48 bits virtual
power management:

processor	: 1
vendor_id	: GenuineIntel
cpu family	: 6
model		: 61
model name	: Intel(R) Core(TM) i7-5600U CPU @ 2.60GHz
stepping	: 4
microcode	: 0x19
cpu MHz		: 3029.406
cache size	: 4096 KB
physical id	: 0
siblings	: 4
core id		: 0
cpu cores	: 2
apicid		: 1
initial apicid	: 1
fpu		: yes
fpu_exception	: yes
cpuid level	: 20
wp		: yes
flags		: fpu vme de pse tsc msr pae mce cx8 apic sep mtrr pge mca cmov pat pse36 clflush dts acpi mmx fxsr sse sse2 ss ht tm pbe syscall nx pdpe1gb rdtscp lm constant_tsc arch_perfmon pebs bts rep_good nopl xtopology nonstop_tsc aperfmperf eagerfpu pni pclmulqdq dtes64 monitor ds_cpl vmx smx est tm2 ssse3 fma cx16 xtpr pdcm pcid sse4_1 sse4_2 x2apic movbe popcnt tsc_deadline_timer aes xsave avx f16c rdrand lahf_lm abm 3dnowprefetch ida arat epb pln pts dtherm tpr_shadow vnmi flexpriority ept vpid fsgsbase tsc_adjust bmi1 hle avx2 smep bmi2 erms invpcid rtm rdseed adx smap xsaveopt
bugs		:
bogomips	: 5188.48
clflush size	: 64
cache_alignment	: 64
address sizes	: 39 bits physical, 48 bits virtual
power management:

processor	: 2
vendor_id	: GenuineIntel
cpu family	: 6
model		: 61
model name	: Intel(R) Core(TM) i7-5600U CPU @ 2.60GHz
stepping	: 4
microcode	: 0x19
cpu MHz		: 2920.531
cache size	: 4096 KB
physical id	: 0
siblings	: 4
core id		: 1
cpu cores	: 2
apicid		: 2
initial apicid	: 2
fpu		: yes
fpu_exception	: yes
cpuid level	: 20
wp		: yes
flags		: fpu vme de pse tsc msr pae mce cx8 apic sep mtrr pge mca cmov pat pse36 clflush dts acpi mmx fxsr sse sse2 ss ht tm pbe syscall nx pdpe1gb rdtscp lm constant_tsc arch_perfmon pebs bts rep_good nopl xtopology nonstop_tsc aperfmperf eagerfpu pni pclmulqdq dtes64 monitor ds_cpl vmx smx est tm2 ssse3 fma cx16 xtpr pdcm pcid sse4_1 sse4_2 x2apic movbe popcnt tsc_deadline_timer aes xsave avx f16c rdrand lahf_lm abm 3dnowprefetch ida arat epb pln pts dtherm tpr_shadow vnmi flexpriority ept vpid fsgsbase tsc_adjust bmi1 hle avx2 smep bmi2 erms invpcid rtm rdseed adx smap xsaveopt
bugs		:
bogomips	: 5188.48
clflush size	: 64
cache_alignment	: 64
address sizes	: 39 bits physical, 48 bits virtual
power management:

processor	: 3
vendor_id	: GenuineIntel
cpu family	: 6
model		: 61
model name	: Intel(R) Core(TM) i7-5600U CPU @ 2.60GHz
stepping	: 4
microcode	: 0x19
cpu MHz		: 3040.679
cache size	: 4096 KB
physical id	: 0
siblings	: 4
core id		: 1
cpu cores	: 2
apicid		: 3
initial apicid	: 3
fpu		: yes
fpu_exception	: yes
cpuid level	: 20
wp		: yes
flags		: fpu vme de pse tsc msr pae mce cx8 apic sep mtrr pge mca cmov pat pse36 clflush dts acpi mmx fxsr sse sse2 ss ht tm pbe syscall nx pdpe1gb rdtscp lm constant_tsc arch_perfmon pebs bts rep_good nopl xtopology nonstop_tsc aperfmperf eagerfpu pni pclmulqdq dtes64 monitor ds_cpl vmx smx est tm2 ssse3 fma cx16 xtpr pdcm pcid sse4_1 sse4_2 x2apic movbe popcnt tsc_deadline_timer aes xsave avx f16c rdrand lahf_lm abm 3dnowprefetch ida arat epb pln pts dtherm tpr_shadow vnmi flexpriority ept vpid fsgsbase tsc_adjust bmi1 hle avx2 smep bmi2 erms invpcid rtm rdseed adx smap xsaveopt
bugs		:
bogomips	: 5188.48
clflush size	: 64
cache_alignment	: 64
address sizes	: 39 bits physical, 48 bits virtual
power management:



Memory: 4k page, physical 16309452k(11504584k free), swap 16653308k(16584340k free)

vm_info: Java HotSpot(TM) 64-Bit Server VM (25.51-b03) for linux-amd64 JRE (1.8.0_51-b16), built on Jun  8 2015 19:28:07 by "java_re" with gcc 4.3.0 20080428 (Red Hat 4.3.0-8)

time: Sat Oct 10 15:39:46 2015
elapsed time: 5 seconds (0d 0h 0m 5s)

