#
# A fatal error has been detected by the Java Runtime Environment:
#
#  SIGSEGV (0xb) at pc=0x00007f63fad87998, pid=6129, tid=140068919031552
#
# JRE version: Java(TM) SE Runtime Environment (8.0_51-b16) (build 1.8.0_51-b16)
# Java VM: Java HotSpot(TM) 64-Bit Server VM (25.51-b03 mixed mode linux-amd64 compressed oops)
# Problematic frame:
# C  [i965_dri.so+0x3c9998]
#
# Failed to write core dump. Core dumps have been disabled. To enable core dumping, try "ulimit -c unlimited" before starting Java again
#
# If you would like to submit a bug report, please visit:
#   http://bugreport.java.com/bugreport/crash.jsp
# The crash happened outside the Java Virtual Machine in native code.
# See problematic frame for where to report the bug.
#

---------------  T H R E A D  ---------------

Current thread (0x00007f64746c5000):  JavaThread "main-Display-.x11_:0-1-EDT-1" daemon [_thread_in_native, id=6170, stack(0x00007f645619b000,0x00007f645629c000)]

siginfo: si_signo: 11 (SIGSEGV), si_code: 1 (SEGV_MAPERR), si_addr: 0x0000000100000000

Registers:
RAX=0x00007f63fad87990, RBX=0x00007f6408050510, RCX=0x0000000000000000, RDX=0x0000000000000001
RSP=0x00007f6456299180, RBP=0x00007f6400022280, RSI=0x00007f64080505f0, RDI=0x0000000100000000
R8 =0x0000000000000000, R9 =0x00007f6455b48fc0, R10=0x00007f646501ce58, R11=0x00007f647be26090
R12=0x00007f640001fdc0, R13=0x0000000000000000, R14=0x00007f6400023470, R15=0x0000000000000000
RIP=0x00007f63fad87998, EFLAGS=0x0000000000010202, CSGSFS=0x0000000000000033, ERR=0x0000000000000004
  TRAPNO=0x000000000000000e

Top of Stack: (sp=0x00007f6456299180)
0x00007f6456299180:   00007f6456299270 0000000000000000
0x00007f6456299190:   00007f6408050510 00007f6400022280
0x00007f64562991a0:   00007f640001fdc0 00007f6455b4904e
0x00007f64562991b0:   00007f64562991e8 00007f6455d96660
0x00007f64562991c0:   00007f6400014b10 00007f6400000000
0x00007f64562991d0:   0000000000000000 0000000000000000
0x00007f64562991e0:   0000000000000000 00007f6408050510
0x00007f64562991f0:   0000000006a00002 00007f6455ee7198
0x00007f6456299200:   00007f6456299270 0000000000000000
0x00007f6456299210:   00007f6455ee7198 00007f6456299340
0x00007f6456299220:   00007f64746c5000 00007f645425bba7
0x00007f6456299230:   00000000000003d8 00007f6455b22ab0
0x00007f6456299240:   0000000006a00002 00007f6400014b10
0x00007f6456299250:   00007f6456299308 00007f64746c51f8
0x00007f6456299260:   0000000000000031 00007f6455b22ab0
0x00007f6456299270:   00007f64562992f8 00007f646501ce84
0x00007f6456299280:   00007f6456299368 00007f646546cab4
0x00007f6456299290:   00007f6456299498 00007f646502df03
0x00007f64562992a0:   0000000006a00002 0000000700000000
0x00007f64562992b0:   00007f64562992b0 00007f64562992b8
0x00007f64562992c0:   0000000000000000 00007f6456299340
0x00007f64562992d0:   00007f6455ee84f0 0000000000000000
0x00007f64562992e0:   00007f6455ee7198 0000000000000000
0x00007f64562992f0:   00007f6456299318 00007f6456299388
0x00007f6456299300:   00007f6465007ccd 00000006c7319788
0x00007f6456299310:   00007f64650137d8 00007f6455b22ab0
0x00007f6456299320:   00007f6455ef29b8 0000000006a00002
0x00007f6456299330:   00007f6455ed7230 00007f6400014b10
0x00007f6456299340:   00000006c77278f8 00007f6456299348
0x00007f6456299350:   00007f6455ee70e9 00007f64562993c0
0x00007f6456299360:   00007f6455ee84f0 0000000000000000
0x00007f6456299370:   00007f6455ee70f8 00007f6456299318 

Instructions: (pc=0x00007f63fad87998)
0x00007f63fad87978:   0f 1f 84 00 00 00 00 00 48 83 c4 10 5b 5d 41 5c
0x00007f63fad87988:   c3 0f 1f 80 00 00 00 00 41 54 55 53 48 83 ec 10
0x00007f63fad87998:   48 8b 1f 48 85 db 74 3d f6 83 48 05 00 00 01 49
0x00007f63fad879a8:   89 f4 89 cd 75 72 83 e2 01 75 5d 83 e5 fd 74 38 

Register to memory mapping:

RAX=0x00007f63fad87990: <offset 0x3c9990> in /usr/lib/x86_64-linux-gnu/dri/i965_dri.so at 0x00007f63fa9be000
RBX=0x00007f6408050510 is an unknown value
RCX=0x0000000000000000 is an unknown value
RDX=0x0000000000000001 is an unknown value
RSP=0x00007f6456299180 is pointing into the stack for thread: 0x00007f64746c5000
RBP=0x00007f6400022280 is an unknown value
RSI=0x00007f64080505f0 is an unknown value
RDI=0x0000000100000000 is an unknown value
R8 =0x0000000000000000 is an unknown value
R9 =0x00007f6455b48fc0: <offset 0x42fc0> in /usr/lib/x86_64-linux-gnu/mesa/libGL.so.1 at 0x00007f6455b06000
R10=0x00007f646501ce58 is at code_begin+1528 in an Interpreter codelet
method entry point (kind = native)  [0x00007f646501c860, 0x00007f646501d7a0]  3904 bytes
R11=0x00007f647be26090: <offset 0x9ad090> in /usr/bin/processing-3.0/java/lib/amd64/server/libjvm.so at 0x00007f647b479000
R12=0x00007f640001fdc0 is an unknown value
R13=0x0000000000000000 is an unknown value
R14=0x00007f6400023470 is an unknown value
R15=0x0000000000000000 is an unknown value


Stack: [0x00007f645619b000,0x00007f645629c000],  sp=0x00007f6456299180,  free space=1016k
Native frames: (J=compiled Java code, j=interpreted, Vv=VM code, C=native code)
C  [i965_dri.so+0x3c9998]

Java frames: (J=compiled Java code, j=interpreted, Vv=VM code)
j  jogamp.opengl.x11.glx.GLX.dispatch_glXSwapBuffers0(JJJ)V+0
j  jogamp.opengl.x11.glx.GLX.glXSwapBuffers(JJ)V+41
j  jogamp.opengl.x11.glx.X11GLXDrawable.swapBuffersImpl(Z)V+17
j  jogamp.opengl.GLDrawableImpl.swapBuffers()V+67
j  jogamp.opengl.GLAutoDrawableBase.defaultSwapBuffers()V+23
j  com.jogamp.newt.opengl.GLWindow.swapBuffers()V+1
j  processing.opengl.PJOGL.swapBuffers()V+15
j  processing.opengl.PGraphicsOpenGL.dispose()V+15
j  processing.core.PApplet.dispose()V+28
j  processing.opengl.PSurfaceJOGL$NEWTWindowListener.windowDestroyNotify(Lcom/jogamp/newt/event/WindowEvent;)V+7
j  jogamp.newt.WindowImpl.consumeWindowEvent(Lcom/jogamp/newt/event/WindowEvent;)V+254
j  jogamp.newt.WindowImpl.sendWindowEvent(I)V+14
j  jogamp.newt.WindowImpl$1.run()V+143
j  jogamp.newt.DisplayImpl.runOnEDTIfAvail(ZLjava/lang/Runnable;)V+172
j  jogamp.newt.WindowImpl.runOnEDTIfAvail(ZLjava/lang/Runnable;)V+36
j  jogamp.newt.WindowImpl.destroy()V+11
j  com.jogamp.newt.opengl.GLWindow.destroy()V+4
j  jogamp.opengl.GLAutoDrawableBase.destroyAvoidAwareOfLocking()V+31
j  jogamp.opengl.GLAutoDrawableBase.defaultWindowDestroyNotifyOp()V+43
j  com.jogamp.newt.opengl.GLWindow.access$000(Lcom/jogamp/newt/opengl/GLWindow;)V+1
j  com.jogamp.newt.opengl.GLWindow$1.run()V+4
j  jogamp.newt.WindowImpl.windowDestroyNotify(Z)Z+147
v  ~StubRoutines::call_stub
J 1383  jogamp.newt.driver.x11.DisplayDriver.DispatchMessages0(JJJII)V (0 bytes) @ 0x00007f646557d93f [0x00007f646557d900+0x3f]
J 1382 C1 jogamp.newt.driver.x11.DisplayDriver.dispatchMessagesNative()V (66 bytes) @ 0x00007f646557ce54 [0x00007f646557cac0+0x394]
J 1258 C1 jogamp.newt.DisplayImpl.dispatchMessages()V (116 bytes) @ 0x00007f646550b434 [0x00007f646550a9e0+0xa54]
J 1257 C1 jogamp.newt.DisplayImpl$7.run()V (8 bytes) @ 0x00007f646550a58c [0x00007f646550a480+0x10c]
j  jogamp.newt.DefaultEDTUtil$NEDT.run()V+67
v  ~StubRoutines::call_stub

---------------  P R O C E S S  ---------------

Java Threads: ( => current thread )
  0x00007f640812f800 JavaThread "Thread-6" [_thread_blocked, id=6192, stack(0x00007f63f8496000,0x00007f63f8597000)]
  0x00007f640811e000 JavaThread "Java Sound Event Dispatcher" daemon [_thread_blocked, id=6187, stack(0x00007f63f8597000,0x00007f63f8698000)]
  0x00007f647400f800 JavaThread "DestroyJavaVM" [_thread_blocked, id=6131, stack(0x00007f647cf39000,0x00007f647d03a000)]
  0x00007f6474735000 JavaThread "Thread-2" [_thread_blocked, id=6173, stack(0x00007f6456b62000,0x00007f6456c63000)]
  0x00007f6474727800 JavaThread "main-SharedResourceRunner" daemon [_thread_blocked, id=6172, stack(0x00007f6440088000,0x00007f6440189000)]
  0x00007f6474700800 JavaThread "main-SharedResourceRunner" daemon [_thread_blocked, id=6171, stack(0x00007f64540c2000,0x00007f64541c3000)]
=>0x00007f64746c5000 JavaThread "main-Display-.x11_:0-1-EDT-1" daemon [_thread_in_native, id=6170, stack(0x00007f645619b000,0x00007f645629c000)]
  0x00007f6474506000 JavaThread "process reaper" daemon [_thread_blocked, id=6163, stack(0x00007f64579b8000,0x00007f64579f1000)]
  0x00007f64742b4000 JavaThread "AWT-XAWT" daemon [_thread_in_native, id=6159, stack(0x00007f6457eff000,0x00007f6458000000)]
  0x00007f6474294000 JavaThread "Java2D Disposer" daemon [_thread_blocked, id=6158, stack(0x00007f645c439000,0x00007f645c53a000)]
  0x00007f64740d8800 JavaThread "Service Thread" daemon [_thread_blocked, id=6156, stack(0x00007f645e1a7000,0x00007f645e2a8000)]
  0x00007f64740d3000 JavaThread "C1 CompilerThread2" daemon [_thread_blocked, id=6155, stack(0x00007f645e2a8000,0x00007f645e3a9000)]
  0x00007f64740d1800 JavaThread "C2 CompilerThread1" daemon [_thread_blocked, id=6154, stack(0x00007f645e3a9000,0x00007f645e4aa000)]
  0x00007f64740ce800 JavaThread "C2 CompilerThread0" daemon [_thread_blocked, id=6153, stack(0x00007f645e4aa000,0x00007f645e5ab000)]
  0x00007f642c001000 JavaThread "JDWP Command Reader" daemon [_thread_in_native, id=6147, stack(0x00007f645e5ab000,0x00007f645e6ac000)]
  0x00007f64740cc800 JavaThread "JDWP Event Helper Thread" daemon [_thread_blocked, id=6144, stack(0x00007f645e6ac000,0x00007f645e7ad000)]
  0x00007f64740c9000 JavaThread "JDWP Transport Listener: dt_socket" daemon [_thread_blocked, id=6143, stack(0x00007f645e7ad000,0x00007f645e8ae000)]
  0x00007f64740bb800 JavaThread "Signal Dispatcher" daemon [_thread_blocked, id=6142, stack(0x00007f645eab2000,0x00007f645ebb3000)]
  0x00007f6474084800 JavaThread "Finalizer" daemon [_thread_blocked, id=6138, stack(0x00007f645ebb3000,0x00007f645ecb4000)]
  0x00007f6474082800 JavaThread "Reference Handler" daemon [_thread_blocked, id=6137, stack(0x00007f645ecb4000,0x00007f645edb5000)]

Other Threads:
  0x00007f647407d000 VMThread [stack: 0x00007f645edb5000,0x00007f645eeb6000] [id=6136]
  0x00007f64740db000 WatcherThread [stack: 0x00007f645e0a6000,0x00007f645e1a7000] [id=6157]

VM state:not at safepoint (normal execution)

VM Mutex/Monitor currently owned by a thread: None

Heap:
 PSYoungGen      total 54784K, used 25395K [0x000000076d100000, 0x0000000771100000, 0x00000007c0000000)
  eden space 47104K, 53% used [0x000000076d100000,0x000000076e9b79c0,0x000000076ff00000)
  from space 7680K, 1% used [0x0000000770980000,0x00000007709952f0,0x0000000771100000)
  to   space 9216K, 0% used [0x000000076ff00000,0x000000076ff00000,0x0000000770800000)
 ParOldGen       total 171008K, used 8462K [0x00000006c7200000, 0x00000006d1900000, 0x000000076d100000)
  object space 171008K, 4% used [0x00000006c7200000,0x00000006c7a43900,0x00000006d1900000)
 Metaspace       used 17185K, capacity 17382K, committed 17536K, reserved 1064960K
  class space    used 1554K, capacity 1630K, committed 1664K, reserved 1048576K

Card table byte_map: [0x00007f6478a32000,0x00007f64791fa000] byte_map_base: 0x00007f64753f9000

Marking Bits: (ParMarkBitMap*) 0x00007f647c417660
 Begin Bits: [0x00007f6440390000, 0x00007f64441c8000)
 End Bits:   [0x00007f64441c8000, 0x00007f6448000000)

Polling page: 0x00007f647d05e000

CodeCache: size=245760Kb used=6767Kb max_used=6778Kb free=238993Kb
 bounds [0x00007f6465000000, 0x00007f64656b0000, 0x00007f6474000000]
 total_blobs=2527 nmethods=1572 adapters=877
 compilation: enabled

Compilation events (10 events):
Event: 19.335 Thread 0x00007f64740ce800 1577       4       processing.opengl.PShader::setCommonUniforms (225 bytes)
Event: 19.396 Thread 0x00007f64740ce800 nmethod 1577 0x00007f646569d310 code [0x00007f646569d620, 0x00007f646569f5b0]
Event: 19.427 Thread 0x00007f64740d3000 1578       3       sun.misc.FloatingDecimal$BinaryToASCIIBuffer::dtoa (1509 bytes)
Event: 19.438 Thread 0x00007f64740d3000 nmethod 1578 0x00007f64656a1c50 code [0x00007f64656a20a0, 0x00007f64656a4a38]
Event: 20.019 Thread 0x00007f64740d3000 1579       3       ddf.minim.analysis.FFT::sin (7 bytes)
Event: 20.019 Thread 0x00007f64740d3000 nmethod 1579 0x00007f6465694650 code [0x00007f64656947c0, 0x00007f6465694930]
Event: 20.491 Thread 0x00007f64740d1800 1580       4       ddf.minim.javasound.FloatSampleBuffer::getChannel (31 bytes)
Event: 20.492 Thread 0x00007f64740d1800 nmethod 1580 0x00007f6465692d90 code [0x00007f6465692ee0, 0x00007f6465693018]
Event: 20.593 Thread 0x00007f64740ce800 1581       4       java.util.HashMap$Values::iterator (12 bytes)
Event: 20.595 Thread 0x00007f64740ce800 nmethod 1581 0x00007f6465692990 code [0x00007f6465692ae0, 0x00007f6465692c38]

GC Heap History (10 events):
Event: 18.317 GC heap before
{Heap before GC invocations=18 (full 0):
 PSYoungGen      total 64512K, used 52288K [0x000000076d100000, 0x0000000772680000, 0x00000007c0000000)
  eden space 52224K, 100% used [0x000000076d100000,0x0000000770400000,0x0000000770400000)
  from space 12288K, 0% used [0x0000000770e80000,0x0000000770e90000,0x0000000771a80000)
  to   space 11776K, 0% used [0x0000000771b00000,0x0000000771b00000,0x0000000772680000)
 ParOldGen       total 171008K, used 8462K [0x00000006c7200000, 0x00000006d1900000, 0x000000076d100000)
  object space 171008K, 4% used [0x00000006c7200000,0x00000006c7a43900,0x00000006d1900000)
 Metaspace       used 17164K, capacity 17318K, committed 17536K, reserved 1064960K
  class space    used 1554K, capacity 1630K, committed 1664K, reserved 1048576K
Event: 18.318 GC heap after
Heap after GC invocations=18 (full 0):
 PSYoungGen      total 51712K, used 84K [0x000000076d100000, 0x0000000771b80000, 0x00000007c0000000)
  eden space 51200K, 0% used [0x000000076d100000,0x000000076d100000,0x0000000770300000)
  from space 512K, 16% used [0x0000000771b00000,0x0000000771b152f0,0x0000000771b80000)
  to   space 11264K, 0% used [0x0000000770580000,0x0000000770580000,0x0000000771080000)
 ParOldGen       total 171008K, used 8462K [0x00000006c7200000, 0x00000006d1900000, 0x000000076d100000)
  object space 171008K, 4% used [0x00000006c7200000,0x00000006c7a43900,0x00000006d1900000)
 Metaspace       used 17164K, capacity 17318K, committed 17536K, reserved 1064960K
  class space    used 1554K, capacity 1630K, committed 1664K, reserved 1048576K
}
Event: 18.931 GC heap before
{Heap before GC invocations=19 (full 0):
 PSYoungGen      total 51712K, used 51284K [0x000000076d100000, 0x0000000771b80000, 0x00000007c0000000)
  eden space 51200K, 100% used [0x000000076d100000,0x0000000770300000,0x0000000770300000)
  from space 512K, 16% used [0x0000000771b00000,0x0000000771b152f0,0x0000000771b80000)
  to   space 11264K, 0% used [0x0000000770580000,0x0000000770580000,0x0000000771080000)
 ParOldGen       total 171008K, used 8462K [0x00000006c7200000, 0x00000006d1900000, 0x000000076d100000)
  object space 171008K, 4% used [0x00000006c7200000,0x00000006c7a43900,0x00000006d1900000)
 Metaspace       used 17164K, capacity 17318K, committed 17536K, reserved 1064960K
  class space    used 1554K, capacity 1630K, committed 1664K, reserved 1048576K
Event: 18.935 GC heap after
Heap after GC invocations=19 (full 0):
 PSYoungGen      total 61440K, used 64K [0x000000076d100000, 0x0000000771b80000, 0x00000007c0000000)
  eden space 50176K, 0% used [0x000000076d100000,0x000000076d100000,0x0000000770200000)
  from space 11264K, 0% used [0x0000000770580000,0x0000000770590000,0x0000000771080000)
  to   space 10752K, 0% used [0x0000000771100000,0x0000000771100000,0x0000000771b80000)
 ParOldGen       total 171008K, used 8462K [0x00000006c7200000, 0x00000006d1900000, 0x000000076d100000)
  object space 171008K, 4% used [0x00000006c7200000,0x00000006c7a43900,0x00000006d1900000)
 Metaspace       used 17164K, capacity 17318K, committed 17536K, reserved 1064960K
  class space    used 1554K, capacity 1630K, committed 1664K, reserved 1048576K
}
Event: 19.540 GC heap before
{Heap before GC invocations=20 (full 0):
 PSYoungGen      total 61440K, used 50240K [0x000000076d100000, 0x0000000771b80000, 0x00000007c0000000)
  eden space 50176K, 100% used [0x000000076d100000,0x0000000770200000,0x0000000770200000)
  from space 11264K, 0% used [0x0000000770580000,0x0000000770590000,0x0000000771080000)
  to   space 10752K, 0% used [0x0000000771100000,0x0000000771100000,0x0000000771b80000)
 ParOldGen       total 171008K, used 8462K [0x00000006c7200000, 0x00000006d1900000, 0x000000076d100000)
  object space 171008K, 4% used [0x00000006c7200000,0x00000006c7a43900,0x00000006d1900000)
 Metaspace       used 17184K, capacity 17382K, committed 17536K, reserved 1064960K
  class space    used 1554K, capacity 1630K, committed 1664K, reserved 1048576K
Event: 19.542 GC heap after
Heap after GC invocations=20 (full 0):
 PSYoungGen      total 53248K, used 52K [0x000000076d100000, 0x0000000771500000, 0x00000007c0000000)
  eden space 49152K, 0% used [0x000000076d100000,0x000000076d100000,0x0000000770100000)
  from space 4096K, 1% used [0x0000000771100000,0x000000077110d2f0,0x0000000771500000)
  to   space 10240K, 0% used [0x0000000770100000,0x0000000770100000,0x0000000770b00000)
 ParOldGen       total 171008K, used 8462K [0x00000006c7200000, 0x00000006d1900000, 0x000000076d100000)
  object space 171008K, 4% used [0x00000006c7200000,0x00000006c7a43900,0x00000006d1900000)
 Metaspace       used 17184K, capacity 17382K, committed 17536K, reserved 1064960K
  class space    used 1554K, capacity 1630K, committed 1664K, reserved 1048576K
}
Event: 19.969 GC heap before
{Heap before GC invocations=21 (full 0):
 PSYoungGen      total 53248K, used 49204K [0x000000076d100000, 0x0000000771500000, 0x00000007c0000000)
  eden space 49152K, 100% used [0x000000076d100000,0x0000000770100000,0x0000000770100000)
  from space 4096K, 1% used [0x0000000771100000,0x000000077110d2f0,0x0000000771500000)
  to   space 10240K, 0% used [0x0000000770100000,0x0000000770100000,0x0000000770b00000)
 ParOldGen       total 171008K, used 8462K [0x00000006c7200000, 0x00000006d1900000, 0x000000076d100000)
  object space 171008K, 4% used [0x00000006c7200000,0x00000006c7a43900,0x00000006d1900000)
 Metaspace       used 17184K, capacity 17382K, committed 17536K, reserved 1064960K
  class space    used 1554K, capacity 1630K, committed 1664K, reserved 1048576K
Event: 19.970 GC heap after
Heap after GC invocations=21 (full 0):
 PSYoungGen      total 48640K, used 116K [0x000000076d100000, 0x0000000771300000, 0x00000007c0000000)
  eden space 48128K, 0% used [0x000000076d100000,0x000000076d100000,0x0000000770000000)
  from space 512K, 22% used [0x0000000770100000,0x000000077011d2f0,0x0000000770180000)
  to   space 9728K, 0% used [0x0000000770980000,0x0000000770980000,0x0000000771300000)
 ParOldGen       total 171008K, used 8462K [0x00000006c7200000, 0x00000006d1900000, 0x000000076d100000)
  object space 171008K, 4% used [0x00000006c7200000,0x00000006c7a43900,0x00000006d1900000)
 Metaspace       used 17184K, capacity 17382K, committed 17536K, reserved 1064960K
  class space    used 1554K, capacity 1630K, committed 1664K, reserved 1048576K
}
Event: 20.440 GC heap before
{Heap before GC invocations=22 (full 0):
 PSYoungGen      total 48640K, used 48244K [0x000000076d100000, 0x0000000771300000, 0x00000007c0000000)
  eden space 48128K, 100% used [0x000000076d100000,0x0000000770000000,0x0000000770000000)
  from space 512K, 22% used [0x0000000770100000,0x000000077011d2f0,0x0000000770180000)
  to   space 9728K, 0% used [0x0000000770980000,0x0000000770980000,0x0000000771300000)
 ParOldGen       total 171008K, used 8462K [0x00000006c7200000, 0x00000006d1900000, 0x000000076d100000)
  object space 171008K, 4% used [0x00000006c7200000,0x00000006c7a43900,0x00000006d1900000)
 Metaspace       used 17184K, capacity 17382K, committed 17536K, reserved 1064960K
  class space    used 1554K, capacity 1630K, committed 1664K, reserved 1048576K
Event: 20.442 GC heap after
Heap after GC invocations=22 (full 0):
 PSYoungGen      total 54784K, used 84K [0x000000076d100000, 0x0000000771100000, 0x00000007c0000000)
  eden space 47104K, 0% used [0x000000076d100000,0x000000076d100000,0x000000076ff00000)
  from space 7680K, 1% used [0x0000000770980000,0x00000007709952f0,0x0000000771100000)
  to   space 9216K, 0% used [0x000000076ff00000,0x000000076ff00000,0x0000000770800000)
 ParOldGen       total 171008K, used 8462K [0x00000006c7200000, 0x00000006d1900000, 0x000000076d100000)
  object space 171008K, 4% used [0x00000006c7200000,0x00000006c7a43900,0x00000006d1900000)
 Metaspace       used 17184K, capacity 17382K, committed 17536K, reserved 1064960K
  class space    used 1554K, capacity 1630K, committed 1664K, reserved 1048576K
}

Deoptimization events (10 events):
Event: 3.508 Thread 0x00007f6474736800 Uncommon trap: reason=unstable_if action=reinterpret pc=0x00007f64653e7d50 method=processing.core.PApplet.max(II)I @ 2
Event: 3.629 Thread 0x00007f6474736800 Uncommon trap: reason=unstable_if action=reinterpret pc=0x00007f6465400b5c method=processing.opengl.PGraphicsOpenGL$Tessellator.addLineSegment3D(IIIII[SZ)I @ 68
Event: 4.605 Thread 0x00007f6474736800 Uncommon trap: reason=unstable_if action=reinterpret pc=0x00007f64654a4e64 method=processing.core.PApplet.max(III)I @ 2
Event: 4.605 Thread 0x00007f6474736800 Uncommon trap: reason=unstable_if action=reinterpret pc=0x00007f646540b9d8 method=processing.core.PApplet.min(III)I @ 2
Event: 4.605 Thread 0x00007f6474736800 Uncommon trap: reason=unstable_if action=reinterpret pc=0x00007f64653e7f9c method=processing.core.PApplet.max(III)I @ 2
Event: 12.719 Thread 0x00007f640812f800 Uncommon trap: reason=unstable_if action=reinterpret pc=0x00007f64654ed5ac method=ddf.minim.javasound.FloatSampleTools.quantize16(FF)I @ 21
Event: 12.719 Thread 0x00007f640812f800 Uncommon trap: reason=unstable_if action=reinterpret pc=0x00007f64653d28d0 method=ddf.minim.javasound.FloatSampleTools.quantize16(FF)I @ 21
Event: 17.836 Thread 0x00007f640812f800 Uncommon trap: reason=unstable_if action=reinterpret pc=0x00007f64656264d4 method=ddf.minim.javasound.FloatSampleTools.quantize16(FF)I @ 32
Event: 17.912 Thread 0x00007f640812f800 Uncommon trap: reason=unstable_if action=reinterpret pc=0x00007f64655d6490 method=ddf.minim.javasound.FloatSampleTools.quantize16(FF)I @ 32
Event: 19.427 Thread 0x00007f6474736800 Uncommon trap: reason=unstable_if action=reinterpret pc=0x00007f646561efd4 method=sun.misc.FloatingDecimal$BinaryToASCIIBuffer.dtoa(IJIZ)V @ 522

Internal exceptions (10 events):
Event: 0.967 Thread 0x00007f647400f800 Exception <a 'java/security/PrivilegedActionException'> (0x000000076d7b0d20) thrown at [/HUDSON/workspace/8-2-build-linux-amd64/jdk8u51/3951/hotspot/src/share/vm/prims/jvm.cpp, line 1382]
Event: 0.968 Thread 0x00007f647400f800 Exception <a 'java/security/PrivilegedActionException'> (0x000000076d7b0ed8) thrown at [/HUDSON/workspace/8-2-build-linux-amd64/jdk8u51/3951/hotspot/src/share/vm/prims/jvm.cpp, line 1382]
Event: 0.968 Thread 0x00007f647400f800 Exception <a 'java/security/PrivilegedActionException'> (0x000000076d7b3190) thrown at [/HUDSON/workspace/8-2-build-linux-amd64/jdk8u51/3951/hotspot/src/share/vm/prims/jvm.cpp, line 1382]
Event: 0.968 Thread 0x00007f647400f800 Exception <a 'java/security/PrivilegedActionException'> (0x000000076d7b3348) thrown at [/HUDSON/workspace/8-2-build-linux-amd64/jdk8u51/3951/hotspot/src/share/vm/prims/jvm.cpp, line 1382]
Event: 0.976 Thread 0x00007f647400f800 Exception <a 'java/io/FileNotFoundException'> (0x000000076d7bd0a0) thrown at [/HUDSON/workspace/8-2-build-linux-amd64/jdk8u51/3951/hotspot/src/share/vm/prims/jni.cpp, line 709]
Event: 0.976 Thread 0x00007f647400f800 Exception <a 'java/io/FileNotFoundException'> (0x000000076d7bda28) thrown at [/HUDSON/workspace/8-2-build-linux-amd64/jdk8u51/3951/hotspot/src/share/vm/prims/jni.cpp, line 709]
Event: 1.098 Thread 0x00007f647400f800 Exception <a 'java/lang/NoSuchFieldError': method resolution failed> (0x000000076d8c3988) thrown at [/HUDSON/workspace/8-2-build-linux-amd64/jdk8u51/3951/hotspot/src/share/vm/prims/methodHandles.cpp, line 1125]
Event: 1.104 Thread 0x00007f647400f800 Exception <a 'java/lang/NoSuchFieldError': method resolution failed> (0x000000076d8d2348) thrown at [/HUDSON/workspace/8-2-build-linux-amd64/jdk8u51/3951/hotspot/src/share/vm/prims/methodHandles.cpp, line 1125]
Event: 2.633 Thread 0x00007f647400f800 Exception <a 'java/lang/InterruptedException'> (0x000000076f3da220) thrown at [/HUDSON/workspace/8-2-build-linux-amd64/jdk8u51/3951/hotspot/src/share/vm/runtime/objectMonitor.cpp, line 1683]
Event: 2.919 Thread 0x00007f647400f800 Exception <a 'java/lang/InterruptedException'> (0x000000076f3e56c0) thrown at [/HUDSON/workspace/8-2-build-linux-amd64/jdk8u51/3951/hotspot/src/share/vm/runtime/objectMonitor.cpp, line 1683]

Events (10 events):
Event: 18.935 Executing VM operation: ParallelGCFailedAllocation done
Event: 19.427 Thread 0x00007f6474736800 Uncommon trap: trap_request=0xffffff65 fr.pc=0x00007f646561efd4
Event: 19.427 Thread 0x00007f6474736800 DEOPT PACKING pc=0x00007f646561efd4 sp=0x00007f645758dbc0
Event: 19.427 Thread 0x00007f6474736800 DEOPT UNPACKING pc=0x00007f6465005229 sp=0x00007f645758db00 mode 2
Event: 19.540 Executing VM operation: ParallelGCFailedAllocation
Event: 19.542 Executing VM operation: ParallelGCFailedAllocation done
Event: 19.969 Executing VM operation: ParallelGCFailedAllocation
Event: 19.970 Executing VM operation: ParallelGCFailedAllocation done
Event: 20.440 Executing VM operation: ParallelGCFailedAllocation
Event: 20.442 Executing VM operation: ParallelGCFailedAllocation done


Dynamic libraries:
00400000-00401000 r-xp 00000000 08:02 6695910                            /usr/bin/processing-3.0/java/bin/java
00600000-00601000 rw-p 00000000 08:02 6695910                            /usr/bin/processing-3.0/java/bin/java
00f74000-00f95000 rw-p 00000000 00:00 0                                  [heap]
6c7200000-6d1900000 rw-p 00000000 00:00 0 
6d1900000-76d100000 ---p 00000000 00:00 0 
76d100000-771100000 rw-p 00000000 00:00 0 
771100000-7c0000000 ---p 00000000 00:00 0 
7c0000000-7c01a0000 rw-p 00000000 00:00 0 
7c01a0000-800000000 ---p 00000000 00:00 0 
7f63d7fff000-7f63dc000000 r--s 00000000 00:16 18791                      /run/shm/pulse-shm-3302753902
7f63dc000000-7f63dc021000 rw-p 00000000 00:00 0 
7f63dc021000-7f63e0000000 ---p 00000000 00:00 0 
7f63e0000000-7f63e0296000 rw-p 00000000 00:00 0 
7f63e0296000-7f63e4000000 ---p 00000000 00:00 0 
7f63e4000000-7f63e4021000 rw-p 00000000 00:00 0 
7f63e4021000-7f63e8000000 ---p 00000000 00:00 0 
7f63e97c6000-7f63e97c7000 ---p 00000000 00:00 0 
7f63e97c7000-7f63e9fc7000 rw-p 00000000 00:00 0 
7f63e9fc7000-7f63e9fc8000 ---p 00000000 00:00 0 
7f63e9fc8000-7f63ea7c8000 rw-p 00000000 00:00 0                          [stack:6188]
7f63ea7c8000-7f63ee7c9000 rw-s 00000000 00:16 100417                     /run/shm/pulse-shm-2317351130
7f63ee7c9000-7f63ee7cf000 r-xp 00000000 08:02 6947199                    /usr/lib/x86_64-linux-gnu/alsa-lib/libasound_module_pcm_pulse.so
7f63ee7cf000-7f63ee9ce000 ---p 00006000 08:02 6947199                    /usr/lib/x86_64-linux-gnu/alsa-lib/libasound_module_pcm_pulse.so
7f63ee9ce000-7f63ee9cf000 r--p 00005000 08:02 6947199                    /usr/lib/x86_64-linux-gnu/alsa-lib/libasound_module_pcm_pulse.so
7f63ee9cf000-7f63ee9d0000 rw-p 00006000 08:02 6947199                    /usr/lib/x86_64-linux-gnu/alsa-lib/libasound_module_pcm_pulse.so
7f63ee9d0000-7f63ee9e7000 r-xp 00000000 08:02 13635816                   /lib/x86_64-linux-gnu/libresolv-2.19.so
7f63ee9e7000-7f63eebe7000 ---p 00017000 08:02 13635816                   /lib/x86_64-linux-gnu/libresolv-2.19.so
7f63eebe7000-7f63eebe8000 r--p 00017000 08:02 13635816                   /lib/x86_64-linux-gnu/libresolv-2.19.so
7f63eebe8000-7f63eebe9000 rw-p 00018000 08:02 13635816                   /lib/x86_64-linux-gnu/libresolv-2.19.so
7f63eebe9000-7f63eebeb000 rw-p 00000000 00:00 0 
7f63eebeb000-7f63eebf2000 r-xp 00000000 08:02 6562227                    /usr/lib/x86_64-linux-gnu/libogg.so.0.8.1
7f63eebf2000-7f63eedf2000 ---p 00007000 08:02 6562227                    /usr/lib/x86_64-linux-gnu/libogg.so.0.8.1
7f63eedf2000-7f63eedf3000 r--p 00007000 08:02 6562227                    /usr/lib/x86_64-linux-gnu/libogg.so.0.8.1
7f63eedf3000-7f63eedf4000 rw-p 00008000 08:02 6562227                    /usr/lib/x86_64-linux-gnu/libogg.so.0.8.1
7f63eedf4000-7f63eee20000 r-xp 00000000 08:02 6562501                    /usr/lib/x86_64-linux-gnu/libvorbis.so.0.4.5
7f63eee20000-7f63ef01f000 ---p 0002c000 08:02 6562501                    /usr/lib/x86_64-linux-gnu/libvorbis.so.0.4.5
7f63ef01f000-7f63ef020000 r--p 0002b000 08:02 6562501                    /usr/lib/x86_64-linux-gnu/libvorbis.so.0.4.5
7f63ef020000-7f63ef021000 rw-p 0002c000 08:02 6562501                    /usr/lib/x86_64-linux-gnu/libvorbis.so.0.4.5
7f63ef021000-7f63ef2d4000 r-xp 00000000 08:02 6562503                    /usr/lib/x86_64-linux-gnu/libvorbisenc.so.2.0.8
7f63ef2d4000-7f63ef4d3000 ---p 002b3000 08:02 6562503                    /usr/lib/x86_64-linux-gnu/libvorbisenc.so.2.0.8
7f63ef4d3000-7f63ef4ef000 r--p 002b2000 08:02 6562503                    /usr/lib/x86_64-linux-gnu/libvorbisenc.so.2.0.8
7f63ef4ef000-7f63ef4f0000 rw-p 002ce000 08:02 6562503                    /usr/lib/x86_64-linux-gnu/libvorbisenc.so.2.0.8
7f63ef4f0000-7f63ef520000 r-xp 00000000 08:02 6561366                    /usr/lib/x86_64-linux-gnu/libFLAC.so.8.3.0
7f63ef520000-7f63ef71f000 ---p 00030000 08:02 6561366                    /usr/lib/x86_64-linux-gnu/libFLAC.so.8.3.0
7f63ef71f000-7f63ef720000 r--p 0002f000 08:02 6561366                    /usr/lib/x86_64-linux-gnu/libFLAC.so.8.3.0
7f63ef720000-7f63ef721000 rw-p 00030000 08:02 6561366                    /usr/lib/x86_64-linux-gnu/libFLAC.so.8.3.0
7f63ef721000-7f63ef726000 r-xp 00000000 08:02 6561598                    /usr/lib/x86_64-linux-gnu/libasyncns.so.0.3.1
7f63ef726000-7f63ef925000 ---p 00005000 08:02 6561598                    /usr/lib/x86_64-linux-gnu/libasyncns.so.0.3.1
7f63ef925000-7f63ef926000 r--p 00004000 08:02 6561598                    /usr/lib/x86_64-linux-gnu/libasyncns.so.0.3.1
7f63ef926000-7f63ef927000 rw-p 00005000 08:02 6561598                    /usr/lib/x86_64-linux-gnu/libasyncns.so.0.3.1
7f63ef927000-7f63ef988000 r-xp 00000000 08:02 6562384                    /usr/lib/x86_64-linux-gnu/libsndfile.so.1.0.25
7f63ef988000-7f63efb88000 ---p 00061000 08:02 6562384                    /usr/lib/x86_64-linux-gnu/libsndfile.so.1.0.25
7f63efb88000-7f63efb8a000 r--p 00061000 08:02 6562384                    /usr/lib/x86_64-linux-gnu/libsndfile.so.1.0.25
7f63efb8a000-7f63efb8b000 rw-p 00063000 08:02 6562384                    /usr/lib/x86_64-linux-gnu/libsndfile.so.1.0.25
7f63efb8b000-7f63efb8f000 rw-p 00000000 00:00 0 
7f63efb8f000-7f63efb97000 r-xp 00000000 08:02 13635850                   /lib/x86_64-linux-gnu/libwrap.so.0.7.6
7f63efb97000-7f63efd96000 ---p 00008000 08:02 13635850                   /lib/x86_64-linux-gnu/libwrap.so.0.7.6
7f63efd96000-7f63efd97000 r--p 00007000 08:02 13635850                   /lib/x86_64-linux-gnu/libwrap.so.0.7.6
7f63efd97000-7f63efd98000 rw-p 00008000 08:02 13635850                   /lib/x86_64-linux-gnu/libwrap.so.0.7.6
7f63efd98000-7f63efd99000 rw-p 00000000 00:00 0 
7f63efd99000-7f63efdff000 r-xp 00000000 08:02 6948471                    /usr/lib/x86_64-linux-gnu/pulseaudio/libpulsecommon-4.0.so
7f63efdff000-7f63efffe000 ---p 00066000 08:02 6948471                    /usr/lib/x86_64-linux-gnu/pulseaudio/libpulsecommon-4.0.so
7f63efffe000-7f63effff000 r--p 00065000 08:02 6948471                    /usr/lib/x86_64-linux-gnu/pulseaudio/libpulsecommon-4.0.so
7f63effff000-7f63f0000000 rw-p 00066000 08:02 6948471                    /usr/lib/x86_64-linux-gnu/pulseaudio/libpulsecommon-4.0.so
7f63f0000000-7f63f3096000 rw-p 00000000 00:00 0 
7f63f3096000-7f63f4000000 ---p 00000000 00:00 0 
7f63f4000000-7f63f6ded000 rw-p 00000000 00:00 0 
7f63f6ded000-7f63f8000000 ---p 00000000 00:00 0 
7f63f8042000-7f63f804c000 r-xp 00000000 08:02 13635730                   /lib/x86_64-linux-gnu/libjson-c.so.2.0.0
7f63f804c000-7f63f824b000 ---p 0000a000 08:02 13635730                   /lib/x86_64-linux-gnu/libjson-c.so.2.0.0
7f63f824b000-7f63f824c000 r--p 00009000 08:02 13635730                   /lib/x86_64-linux-gnu/libjson-c.so.2.0.0
7f63f824c000-7f63f824d000 rw-p 0000a000 08:02 13635730                   /lib/x86_64-linux-gnu/libjson-c.so.2.0.0
7f63f824d000-7f63f8294000 r-xp 00000000 08:02 6562296                    /usr/lib/x86_64-linux-gnu/libpulse.so.0.16.2
7f63f8294000-7f63f8494000 ---p 00047000 08:02 6562296                    /usr/lib/x86_64-linux-gnu/libpulse.so.0.16.2
7f63f8494000-7f63f8495000 r--p 00047000 08:02 6562296                    /usr/lib/x86_64-linux-gnu/libpulse.so.0.16.2
7f63f8495000-7f63f8496000 rw-p 00048000 08:02 6562296                    /usr/lib/x86_64-linux-gnu/libpulse.so.0.16.2
7f63f8496000-7f63f8499000 ---p 00000000 00:00 0 
7f63f8499000-7f63f8597000 rw-p 00000000 00:00 0                          [stack:6192]
7f63f8597000-7f63f859a000 ---p 00000000 00:00 0 
7f63f859a000-7f63f8698000 rw-p 00000000 00:00 0                          [stack:6187]
7f63f8698000-7f63f8781000 r-xp 00000000 08:02 6561590                    /usr/lib/x86_64-linux-gnu/libasound.so.2.0.0
7f63f8781000-7f63f8980000 ---p 000e9000 08:02 6561590                    /usr/lib/x86_64-linux-gnu/libasound.so.2.0.0
7f63f8980000-7f63f8987000 r--p 000e8000 08:02 6561590                    /usr/lib/x86_64-linux-gnu/libasound.so.2.0.0
7f63f8987000-7f63f8988000 rw-p 000ef000 08:02 6561590                    /usr/lib/x86_64-linux-gnu/libasound.so.2.0.0
7f63f8988000-7f63f8997000 r-xp 00000000 08:02 8012164                    /usr/bin/processing-3.0/java/lib/amd64/libjsoundalsa.so
7f63f8997000-7f63f8b96000 ---p 0000f000 08:02 8012164                    /usr/bin/processing-3.0/java/lib/amd64/libjsoundalsa.so
7f63f8b96000-7f63f8b97000 rw-p 0000e000 08:02 8012164                    /usr/bin/processing-3.0/java/lib/amd64/libjsoundalsa.so
7f63f8b97000-7f63f8b98000 r-xp 00000000 08:02 8012181                    /usr/bin/processing-3.0/java/lib/amd64/libjsound.so
7f63f8b98000-7f63f8d97000 ---p 00001000 08:02 8012181                    /usr/bin/processing-3.0/java/lib/amd64/libjsound.so
7f63f8d97000-7f63f8d98000 rw-p 00000000 08:02 8012181                    /usr/bin/processing-3.0/java/lib/amd64/libjsound.so
7f63f8d98000-7f63f8f18000 rw-p 00000000 00:00 0 
7f63f8f18000-7f63f8f98000 ---p 00000000 00:00 0 
7f63f8f98000-7f63f8fdc000 r-xp 00000000 08:02 13635704                   /lib/x86_64-linux-gnu/libdbus-1.so.3.7.6
7f63f8fdc000-7f63f91db000 ---p 00044000 08:02 13635704                   /lib/x86_64-linux-gnu/libdbus-1.so.3.7.6
7f63f91db000-7f63f91dc000 r--p 00043000 08:02 13635704                   /lib/x86_64-linux-gnu/libdbus-1.so.3.7.6
7f63f91dc000-7f63f91dd000 rw-p 00044000 08:02 13635704                   /lib/x86_64-linux-gnu/libdbus-1.so.3.7.6
7f63f91dd000-7f63f91e5000 r-xp 00000000 08:02 13635752                   /lib/x86_64-linux-gnu/libnih-dbus.so.1.0.0
7f63f91e5000-7f63f93e5000 ---p 00008000 08:02 13635752                   /lib/x86_64-linux-gnu/libnih-dbus.so.1.0.0
7f63f93e5000-7f63f93e6000 r--p 00008000 08:02 13635752                   /lib/x86_64-linux-gnu/libnih-dbus.so.1.0.0
7f63f93e6000-7f63f93e7000 rw-p 00009000 08:02 13635752                   /lib/x86_64-linux-gnu/libnih-dbus.so.1.0.0
7f63f93e7000-7f63f93fe000 r-xp 00000000 08:02 13635754                   /lib/x86_64-linux-gnu/libnih.so.1.0.0
7f63f93fe000-7f63f95fd000 ---p 00017000 08:02 13635754                   /lib/x86_64-linux-gnu/libnih.so.1.0.0
7f63f95fd000-7f63f95fe000 r--p 00016000 08:02 13635754                   /lib/x86_64-linux-gnu/libnih.so.1.0.0
7f63f95fe000-7f63f95ff000 rw-p 00017000 08:02 13635754                   /lib/x86_64-linux-gnu/libnih.so.1.0.0
7f63f95ff000-7f63f9618000 r-xp 00000000 08:02 13635695                   /lib/x86_64-linux-gnu/libcgmanager.so.0.0.0
7f63f9618000-7f63f9817000 ---p 00019000 08:02 13635695                   /lib/x86_64-linux-gnu/libcgmanager.so.0.0.0
7f63f9817000-7f63f9819000 r--p 00018000 08:02 13635695                   /lib/x86_64-linux-gnu/libcgmanager.so.0.0.0
7f63f9819000-7f63f981a000 rw-p 0001a000 08:02 13635695                   /lib/x86_64-linux-gnu/libcgmanager.so.0.0.0
7f63f981a000-7f63f982a000 r-xp 00000000 08:02 13635838                   /lib/x86_64-linux-gnu/libudev.so.1.3.5
7f63f982a000-7f63f9a29000 ---p 00010000 08:02 13635838                   /lib/x86_64-linux-gnu/libudev.so.1.3.5
7f63f9a29000-7f63f9a2a000 r--p 0000f000 08:02 13635838                   /lib/x86_64-linux-gnu/libudev.so.1.3.5
7f63f9a2a000-7f63f9a2b000 rw-p 00010000 08:02 13635838                   /lib/x86_64-linux-gnu/libudev.so.1.3.5
7f63f9a2b000-7f63f9a62000 r-xp 00000000 08:02 6562454                    /usr/lib/x86_64-linux-gnu/libtxc_dxtn_s2tc.so.0.0.0
7f63f9a62000-7f63f9c61000 ---p 00037000 08:02 6562454                    /usr/lib/x86_64-linux-gnu/libtxc_dxtn_s2tc.so.0.0.0
7f63f9c61000-7f63f9c62000 r--p 00036000 08:02 6562454                    /usr/lib/x86_64-linux-gnu/libtxc_dxtn_s2tc.so.0.0.0
7f63f9c62000-7f63f9c63000 rw-p 00037000 08:02 6562454                    /usr/lib/x86_64-linux-gnu/libtxc_dxtn_s2tc.so.0.0.0
7f63f9c63000-7f63f9c7b000 r-xp 00000000 08:02 13635853                   /lib/x86_64-linux-gnu/libz.so.1.2.8
7f63f9c7b000-7f63f9e7a000 ---p 00018000 08:02 13635853                   /lib/x86_64-linux-gnu/libz.so.1.2.8
7f63f9e7a000-7f63f9e7b000 r--p 00017000 08:02 13635853                   /lib/x86_64-linux-gnu/libz.so.1.2.8
7f63f9e7b000-7f63f9e7c000 rw-p 00018000 08:02 13635853                   /lib/x86_64-linux-gnu/libz.so.1.2.8
7f63f9e7c000-7f63f9e84000 r-xp 00000000 08:02 6562259                    /usr/lib/x86_64-linux-gnu/libpciaccess.so.0.11.1
7f63f9e84000-7f63fa083000 ---p 00008000 08:02 6562259                    /usr/lib/x86_64-linux-gnu/libpciaccess.so.0.11.1
7f63fa083000-7f63fa084000 r--p 00007000 08:02 6562259                    /usr/lib/x86_64-linux-gnu/libpciaccess.so.0.11.1
7f63fa084000-7f63fa085000 rw-p 00008000 08:02 6562259                    /usr/lib/x86_64-linux-gnu/libpciaccess.so.0.11.1
7f63fa085000-7f63fa16b000 r-xp 00000000 08:02 6562412                    /usr/lib/x86_64-linux-gnu/libstdc++.so.6.0.19
7f63fa16b000-7f63fa36a000 ---p 000e6000 08:02 6562412                    /usr/lib/x86_64-linux-gnu/libstdc++.so.6.0.19
7f63fa36a000-7f63fa372000 r--p 000e5000 08:02 6562412                    /usr/lib/x86_64-linux-gnu/libstdc++.so.6.0.19
7f63fa372000-7f63fa374000 rw-p 000ed000 08:02 6562412                    /usr/lib/x86_64-linux-gnu/libstdc++.so.6.0.19
7f63fa374000-7f63fa389000 rw-p 00000000 00:00 0 
7f63fa389000-7f63fa395000 r-xp 00000000 08:02 6561756                    /usr/lib/x86_64-linux-gnu/libdrm_radeon.so.1.0.1
7f63fa395000-7f63fa594000 ---p 0000c000 08:02 6561756                    /usr/lib/x86_64-linux-gnu/libdrm_radeon.so.1.0.1
7f63fa594000-7f63fa595000 r--p 0000b000 08:02 6561756                    /usr/lib/x86_64-linux-gnu/libdrm_radeon.so.1.0.1
7f63fa595000-7f63fa596000 rw-p 0000c000 08:02 6561756                    /usr/lib/x86_64-linux-gnu/libdrm_radeon.so.1.0.1
7f63fa596000-7f63fa59c000 r-xp 00000000 08:02 6561754                    /usr/lib/x86_64-linux-gnu/libdrm_nouveau.so.2.0.0
7f63fa59c000-7f63fa79b000 ---p 00006000 08:02 6561754                    /usr/lib/x86_64-linux-gnu/libdrm_nouveau.so.2.0.0
7f63fa79b000-7f63fa79c000 r--p 00005000 08:02 6561754                    /usr/lib/x86_64-linux-gnu/libdrm_nouveau.so.2.0.0
7f63fa79c000-7f63fa79d000 rw-p 00006000 08:02 6561754                    /usr/lib/x86_64-linux-gnu/libdrm_nouveau.so.2.0.0
7f63fa79d000-7f63fa7bd000 r-xp 00000000 08:02 6561752                    /usr/lib/x86_64-linux-gnu/libdrm_intel.so.1.0.0
7f63fa7bd000-7f63fa9bc000 ---p 00020000 08:02 6561752                    /usr/lib/x86_64-linux-gnu/libdrm_intel.so.1.0.0
7f63fa9bc000-7f63fa9bd000 r--p 0001f000 08:02 6561752                    /usr/lib/x86_64-linux-gnu/libdrm_intel.so.1.0.0
7f63fa9bd000-7f63fa9be000 rw-p 00020000 08:02 6561752                    /usr/lib/x86_64-linux-gnu/libdrm_intel.so.1.0.0
7f63fa9be000-7f63faf12000 r-xp 00000000 08:02 6947244                    /usr/lib/x86_64-linux-gnu/dri/i965_dri.so
7f63faf12000-7f63fb112000 ---p 00554000 08:02 6947244                    /usr/lib/x86_64-linux-gnu/dri/i965_dri.so
7f63fb112000-7f63fb133000 r--p 00554000 08:02 6947244                    /usr/lib/x86_64-linux-gnu/dri/i965_dri.so
7f63fb133000-7f63fb13a000 rw-p 00575000 08:02 6947244                    /usr/lib/x86_64-linux-gnu/dri/i965_dri.so
7f63fb13a000-7f63fb141000 rw-p 00000000 00:00 0 
7f63fb141000-7f63fb19a000 r-xp 00000000 08:02 4721825                    /tmp/jogamp_0000/file_cache/jln7614628906212682969/jln5851063117855604299/libjogl_mobile.so
7f63fb19a000-7f63fb39a000 ---p 00059000 08:02 4721825                    /tmp/jogamp_0000/file_cache/jln7614628906212682969/jln5851063117855604299/libjogl_mobile.so
7f63fb39a000-7f63fb39b000 rw-p 00059000 08:02 4721825                    /tmp/jogamp_0000/file_cache/jln7614628906212682969/jln5851063117855604299/libjogl_mobile.so
7f63fb39b000-7f63fb3a2000 r-xp 00000000 08:02 6561790                    /usr/lib/x86_64-linux-gnu/libffi.so.6.0.1
7f63fb3a2000-7f63fb5a1000 ---p 00007000 08:02 6561790                    /usr/lib/x86_64-linux-gnu/libffi.so.6.0.1
7f63fb5a1000-7f63fb5a2000 r--p 00006000 08:02 6561790                    /usr/lib/x86_64-linux-gnu/libffi.so.6.0.1
7f63fb5a2000-7f63fb5a3000 rw-p 00007000 08:02 6561790                    /usr/lib/x86_64-linux-gnu/libffi.so.6.0.1
7f63fb5a3000-7f63fb5af000 r-xp 00000000 08:02 6561843                    /usr/lib/x86_64-linux-gnu/libgbm.so.1.0.0
7f63fb5af000-7f63fb7af000 ---p 0000c000 08:02 6561843                    /usr/lib/x86_64-linux-gnu/libgbm.so.1.0.0
7f63fb7af000-7f63fb7b0000 r--p 0000c000 08:02 6561843                    /usr/lib/x86_64-linux-gnu/libgbm.so.1.0.0
7f63fb7b0000-7f63fb7b1000 rw-p 0000d000 08:02 6561843                    /usr/lib/x86_64-linux-gnu/libgbm.so.1.0.0
7f63fb7b1000-7f63fb7c0000 r-xp 00000000 08:02 6562520                    /usr/lib/x86_64-linux-gnu/libwayland-server.so.0.1.0
7f63fb7c0000-7f63fb9bf000 ---p 0000f000 08:02 6562520                    /usr/lib/x86_64-linux-gnu/libwayland-server.so.0.1.0
7f63fb9bf000-7f63fb9c1000 r--p 0000e000 08:02 6562520                    /usr/lib/x86_64-linux-gnu/libwayland-server.so.0.1.0
7f63fb9c1000-7f63fb9c2000 rw-p 00010000 08:02 6562520                    /usr/lib/x86_64-linux-gnu/libwayland-server.so.0.1.0
7f63fb9c2000-7f63fb9cd000 r-xp 00000000 08:02 6562514                    /usr/lib/x86_64-linux-gnu/libwayland-client.so.0.2.0
7f63fb9cd000-7f63fbbcc000 ---p 0000b000 08:02 6562514                    /usr/lib/x86_64-linux-gnu/libwayland-client.so.0.2.0
7f63fbbcc000-7f63fbbce000 r--p 0000a000 08:02 6562514                    /usr/lib/x86_64-linux-gnu/libwayland-client.so.0.2.0
7f63fbbce000-7f63fbbcf000 rw-p 0000c000 08:02 6562514                    /usr/lib/x86_64-linux-gnu/libwayland-client.so.0.2.0
7f63fbbcf000-7f63fbbd4000 r-xp 00000000 08:02 6562570                    /usr/lib/x86_64-linux-gnu/libxcb-xfixes.so.0.0.0
7f63fbbd4000-7f63fbdd4000 ---p 00005000 08:02 6562570                    /usr/lib/x86_64-linux-gnu/libxcb-xfixes.so.0.0.0
7f63fbdd4000-7f63fbdd5000 r--p 00005000 08:02 6562570                    /usr/lib/x86_64-linux-gnu/libxcb-xfixes.so.0.0.0
7f63fbdd5000-7f63fbdd6000 rw-p 00006000 08:02 6562570                    /usr/lib/x86_64-linux-gnu/libxcb-xfixes.so.0.0.0
7f63fbdd6000-7f63fbdfd000 r-xp 00000000 08:02 6948353                    /usr/lib/x86_64-linux-gnu/mesa-egl/libEGL.so.1.0.0
7f63fbdfd000-7f63fbffd000 ---p 00027000 08:02 6948353                    /usr/lib/x86_64-linux-gnu/mesa-egl/libEGL.so.1.0.0
7f63fbffd000-7f63fbffe000 r--p 00027000 08:02 6948353                    /usr/lib/x86_64-linux-gnu/mesa-egl/libEGL.so.1.0.0
7f63fbffe000-7f63fbfff000 rw-p 00028000 08:02 6948353                    /usr/lib/x86_64-linux-gnu/mesa-egl/libEGL.so.1.0.0
7f63fbfff000-7f63fc000000 rw-p 00000000 00:00 0 
7f63fc000000-7f63fc021000 rw-p 00000000 00:00 0 
7f63fc021000-7f6400000000 ---p 00000000 00:00 0 
7f6400000000-7f640074b000 rw-p 00000000 00:00 0 
7f640074b000-7f6404000000 ---p 00000000 00:00 0 
7f6404000000-7f6404021000 rw-p 00000000 00:00 0 
7f6404021000-7f6408000000 ---p 00000000 00:00 0 
7f6408000000-7f64089d0000 rw-p 00000000 00:00 0 
7f64089d0000-7f640c000000 ---p 00000000 00:00 0 
7f640c000000-7f640c021000 rw-p 00000000 00:00 0 
7f640c021000-7f6410000000 ---p 00000000 00:00 0 
7f6410000000-7f6410021000 rw-p 00000000 00:00 0 
7f6410021000-7f6414000000 ---p 00000000 00:00 0 
7f6414000000-7f6414021000 rw-p 00000000 00:00 0 
7f6414021000-7f6418000000 ---p 00000000 00:00 0 
7f6418000000-7f6418021000 rw-p 00000000 00:00 0 
7f6418021000-7f641c000000 ---p 00000000 00:00 0 
7f641c000000-7f641eb58000 rw-p 00000000 00:00 0 
7f641eb58000-7f6420000000 ---p 00000000 00:00 0 
7f6420000000-7f6420532000 rw-p 00000000 00:00 0 
7f6420532000-7f6424000000 ---p 00000000 00:00 0 
7f6424000000-7f6424021000 rw-p 00000000 00:00 0 
7f6424021000-7f6428000000 ---p 00000000 00:00 0 
7f6428000000-7f642a736000 rw-p 00000000 00:00 0 
7f642a736000-7f642c000000 ---p 00000000 00:00 0 
7f642c000000-7f642c021000 rw-p 00000000 00:00 0 
7f642c021000-7f6430000000 ---p 00000000 00:00 0 
7f6430000000-7f6430021000 rw-p 00000000 00:00 0 
7f6430021000-7f6434000000 ---p 00000000 00:00 0 
7f6434000000-7f6434021000 rw-p 00000000 00:00 0 
7f6434021000-7f6438000000 ---p 00000000 00:00 0 
7f6438000000-7f6438021000 rw-p 00000000 00:00 0 
7f6438021000-7f643c000000 ---p 00000000 00:00 0 
7f643c000000-7f643c021000 rw-p 00000000 00:00 0 
7f643c021000-7f6440000000 ---p 00000000 00:00 0 
7f6440056000-7f644005e000 rw-s 00000000 00:05 99947                      /drm mm object (deleted)
7f644005e000-7f6440066000 rw-s 00000000 00:05 99933                      /drm mm object (deleted)
7f6440066000-7f644006e000 rw-s 00000000 00:05 99012                      /drm mm object (deleted)
7f644006e000-7f6440075000 r--s 00000000 08:02 6947811                    /usr/lib/x86_64-linux-gnu/gconv/gconv-modules.cache
7f6440075000-7f6440088000 r--s 00344000 08:02 6695996                    /usr/bin/processing-3.0/java/lib/resources.jar
7f6440088000-7f644008b000 ---p 00000000 00:00 0 
7f644008b000-7f6440189000 rw-p 00000000 00:00 0                          [stack:6172]
7f6440189000-7f644018f000 r-xp 00000000 08:02 6948357                    /usr/lib/x86_64-linux-gnu/mesa-egl/libGLESv2.so.2.0.0
7f644018f000-7f644038e000 ---p 00006000 08:02 6948357                    /usr/lib/x86_64-linux-gnu/mesa-egl/libGLESv2.so.2.0.0
7f644038e000-7f644038f000 r--p 00005000 08:02 6948357                    /usr/lib/x86_64-linux-gnu/mesa-egl/libGLESv2.so.2.0.0
7f644038f000-7f6440390000 rw-p 00006000 08:02 6948357                    /usr/lib/x86_64-linux-gnu/mesa-egl/libGLESv2.so.2.0.0
7f6440390000-7f6448000000 rw-p 00000000 00:00 0 
7f6448000000-7f6448021000 rw-p 00000000 00:00 0 
7f6448021000-7f644c000000 ---p 00000000 00:00 0 
7f644c000000-7f644c021000 rw-p 00000000 00:00 0 
7f644c021000-7f6450000000 ---p 00000000 00:00 0 
7f6450000000-7f6450021000 rw-p 00000000 00:00 0 
7f6450021000-7f6454000000 ---p 00000000 00:00 0 
7f6454002000-7f64540a2000 rw-s 1aade2000 00:06 10208                     /dev/dri/card0
7f64540a2000-7f64540aa000 rw-s 00000000 00:05 100377                     /drm mm object (deleted)
7f64540aa000-7f64540b2000 rw-s 00000000 00:05 100372                     /drm mm object (deleted)
7f64540b2000-7f64540ba000 rw-s 00000000 00:05 98936                      /drm mm object (deleted)
7f64540ba000-7f64540c2000 rw-s 00000000 00:05 98899                      /drm mm object (deleted)
7f64540c2000-7f64540c5000 ---p 00000000 00:00 0 
7f64540c5000-7f64541c3000 rw-p 00000000 00:00 0                          [stack:6171]
7f64541c3000-7f6454276000 r-xp 00000000 08:02 4721824                    /tmp/jogamp_0000/file_cache/jln7614628906212682969/jln5851063117855604299/libjogl_desktop.so
7f6454276000-7f6454476000 ---p 000b3000 08:02 4721824                    /tmp/jogamp_0000/file_cache/jln7614628906212682969/jln5851063117855604299/libjogl_desktop.so
7f6454476000-7f6454477000 rw-p 000b3000 08:02 4721824                    /tmp/jogamp_0000/file_cache/jln7614628906212682969/jln5851063117855604299/libjogl_desktop.so
7f6454477000-7f6454482000 r-xp 00000000 08:02 6561750                    /usr/lib/x86_64-linux-gnu/libdrm.so.2.4.0
7f6454482000-7f6454681000 ---p 0000b000 08:02 6561750                    /usr/lib/x86_64-linux-gnu/libdrm.so.2.4.0
7f6454681000-7f6454682000 r--p 0000a000 08:02 6561750                    /usr/lib/x86_64-linux-gnu/libdrm.so.2.4.0
7f6454682000-7f6454683000 rw-p 0000b000 08:02 6561750                    /usr/lib/x86_64-linux-gnu/libdrm.so.2.4.0
7f6454683000-7f6454684000 r-xp 00000000 08:02 6562584                    /usr/lib/x86_64-linux-gnu/libxshmfence.so.1.0.0
7f6454684000-7f6454883000 ---p 00001000 08:02 6562584                    /usr/lib/x86_64-linux-gnu/libxshmfence.so.1.0.0
7f6454883000-7f6454884000 r--p 00000000 08:02 6562584                    /usr/lib/x86_64-linux-gnu/libxshmfence.so.1.0.0
7f6454884000-7f6454885000 rw-p 00001000 08:02 6562584                    /usr/lib/x86_64-linux-gnu/libxshmfence.so.1.0.0
7f6454885000-7f645488a000 r-xp 00000000 08:02 6562566                    /usr/lib/x86_64-linux-gnu/libxcb-sync.so.1.0.0
7f645488a000-7f6454a89000 ---p 00005000 08:02 6562566                    /usr/lib/x86_64-linux-gnu/libxcb-sync.so.1.0.0
7f6454a89000-7f6454a8a000 r--p 00004000 08:02 6562566                    /usr/lib/x86_64-linux-gnu/libxcb-sync.so.1.0.0
7f6454a8a000-7f6454a8b000 rw-p 00005000 08:02 6562566                    /usr/lib/x86_64-linux-gnu/libxcb-sync.so.1.0.0
7f6454a8b000-7f6454a8d000 r-xp 00000000 08:02 6562554                    /usr/lib/x86_64-linux-gnu/libxcb-present.so.0.0.0
7f6454a8d000-7f6454c8c000 ---p 00002000 08:02 6562554                    /usr/lib/x86_64-linux-gnu/libxcb-present.so.0.0.0
7f6454c8c000-7f6454c8d000 r--p 00001000 08:02 6562554                    /usr/lib/x86_64-linux-gnu/libxcb-present.so.0.0.0
7f6454c8d000-7f6454c8e000 rw-p 00002000 08:02 6562554                    /usr/lib/x86_64-linux-gnu/libxcb-present.so.0.0.0
7f6454c8e000-7f6454c90000 r-xp 00000000 08:02 6562544                    /usr/lib/x86_64-linux-gnu/libxcb-dri3.so.0.0.0
7f6454c90000-7f6454e8f000 ---p 00002000 08:02 6562544                    /usr/lib/x86_64-linux-gnu/libxcb-dri3.so.0.0.0
7f6454e8f000-7f6454e90000 r--p 00001000 08:02 6562544                    /usr/lib/x86_64-linux-gnu/libxcb-dri3.so.0.0.0
7f6454e90000-7f6454e91000 rw-p 00002000 08:02 6562544                    /usr/lib/x86_64-linux-gnu/libxcb-dri3.so.0.0.0
7f6454e91000-7f6454e94000 r-xp 00000000 08:02 6562542                    /usr/lib/x86_64-linux-gnu/libxcb-dri2.so.0.0.0
7f6454e94000-7f6455094000 ---p 00003000 08:02 6562542                    /usr/lib/x86_64-linux-gnu/libxcb-dri2.so.0.0.0
7f6455094000-7f6455095000 r--p 00003000 08:02 6562542                    /usr/lib/x86_64-linux-gnu/libxcb-dri2.so.0.0.0
7f6455095000-7f6455096000 rw-p 00004000 08:02 6562542                    /usr/lib/x86_64-linux-gnu/libxcb-dri2.so.0.0.0
7f6455096000-7f64550ab000 r-xp 00000000 08:02 6562546                    /usr/lib/x86_64-linux-gnu/libxcb-glx.so.0.0.0
7f64550ab000-7f64552aa000 ---p 00015000 08:02 6562546                    /usr/lib/x86_64-linux-gnu/libxcb-glx.so.0.0.0
7f64552aa000-7f64552ac000 r--p 00014000 08:02 6562546                    /usr/lib/x86_64-linux-gnu/libxcb-glx.so.0.0.0
7f64552ac000-7f64552ad000 rw-p 00016000 08:02 6562546                    /usr/lib/x86_64-linux-gnu/libxcb-glx.so.0.0.0
7f64552ad000-7f64552ae000 r-xp 00000000 08:02 6561502                    /usr/lib/x86_64-linux-gnu/libX11-xcb.so.1.0.0
7f64552ae000-7f64554ad000 ---p 00001000 08:02 6561502                    /usr/lib/x86_64-linux-gnu/libX11-xcb.so.1.0.0
7f64554ad000-7f64554ae000 r--p 00000000 08:02 6561502                    /usr/lib/x86_64-linux-gnu/libX11-xcb.so.1.0.0
7f64554ae000-7f64554af000 rw-p 00001000 08:02 6561502                    /usr/lib/x86_64-linux-gnu/libX11-xcb.so.1.0.0
7f64554af000-7f64554b1000 r-xp 00000000 08:02 6561517                    /usr/lib/x86_64-linux-gnu/libXdamage.so.1.1.0
7f64554b1000-7f64556b0000 ---p 00002000 08:02 6561517                    /usr/lib/x86_64-linux-gnu/libXdamage.so.1.1.0
7f64556b0000-7f64556b1000 r--p 00001000 08:02 6561517                    /usr/lib/x86_64-linux-gnu/libXdamage.so.1.1.0
7f64556b1000-7f64556b2000 rw-p 00002000 08:02 6561517                    /usr/lib/x86_64-linux-gnu/libXdamage.so.1.1.0
7f64556b2000-7f64556d7000 r-xp 00000000 08:02 6561895                    /usr/lib/x86_64-linux-gnu/libglapi.so.0.0.0
7f64556d7000-7f64558d7000 ---p 00025000 08:02 6561895                    /usr/lib/x86_64-linux-gnu/libglapi.so.0.0.0
7f64558d7000-7f64558da000 r--p 00025000 08:02 6561895                    /usr/lib/x86_64-linux-gnu/libglapi.so.0.0.0
7f64558da000-7f64558db000 rw-p 00028000 08:02 6561895                    /usr/lib/x86_64-linux-gnu/libglapi.so.0.0.0
7f64558db000-7f64558dc000 rw-p 00000000 00:00 0 
7f64558dc000-7f6455903000 r-xp 00000000 08:02 13637323                   /lib/x86_64-linux-gnu/libexpat.so.1.6.0
7f6455903000-7f6455b03000 ---p 00027000 08:02 13637323                   /lib/x86_64-linux-gnu/libexpat.so.1.6.0
7f6455b03000-7f6455b05000 r--p 00027000 08:02 13637323                   /lib/x86_64-linux-gnu/libexpat.so.1.6.0
7f6455b05000-7f6455b06000 rw-p 00029000 08:02 13637323                   /lib/x86_64-linux-gnu/libexpat.so.1.6.0
7f6455b06000-7f6455b94000 r-xp 00000000 08:02 6948350                    /usr/lib/x86_64-linux-gnu/mesa/libGL.so.1.2.0
7f6455b94000-7f6455d93000 ---p 0008e000 08:02 6948350                    /usr/lib/x86_64-linux-gnu/mesa/libGL.so.1.2.0
7f6455d93000-7f6455d96000 r--p 0008d000 08:02 6948350                    /usr/lib/x86_64-linux-gnu/mesa/libGL.so.1.2.0
7f6455d96000-7f6455d97000 rw-p 00090000 08:02 6948350                    /usr/lib/x86_64-linux-gnu/mesa/libGL.so.1.2.0
7f6455d97000-7f6455f98000 rw-p 00000000 00:00 0 
7f6455f98000-7f6455f9a000 r-xp 00000000 08:02 6561531                    /usr/lib/x86_64-linux-gnu/libXinerama.so.1.0.0
7f6455f9a000-7f6456199000 ---p 00002000 08:02 6561531                    /usr/lib/x86_64-linux-gnu/libXinerama.so.1.0.0
7f6456199000-7f645619a000 r--p 00001000 08:02 6561531                    /usr/lib/x86_64-linux-gnu/libXinerama.so.1.0.0
7f645619a000-7f645619b000 rw-p 00002000 08:02 6561531                    /usr/lib/x86_64-linux-gnu/libXinerama.so.1.0.0
7f645619b000-7f645619e000 ---p 00000000 00:00 0 
7f645619e000-7f645674c000 rw-p 00000000 00:00 0                          [stack:6170]
7f645674c000-7f645675b000 r-xp 00000000 08:02 4721830                    /tmp/jogamp_0000/file_cache/jln7614628906212682969/jln5851063117855604299/libnewt.so
7f645675b000-7f645695a000 ---p 0000f000 08:02 4721830                    /tmp/jogamp_0000/file_cache/jln7614628906212682969/jln5851063117855604299/libnewt.so
7f645695a000-7f645695b000 rw-p 0000e000 08:02 4721830                    /tmp/jogamp_0000/file_cache/jln7614628906212682969/jln5851063117855604299/libnewt.so
7f645695b000-7f6456962000 r-xp 00000000 08:02 4721827                    /tmp/jogamp_0000/file_cache/jln7614628906212682969/jln5851063117855604299/libnativewindow_x11.so
7f6456962000-7f6456b61000 ---p 00007000 08:02 4721827                    /tmp/jogamp_0000/file_cache/jln7614628906212682969/jln5851063117855604299/libnativewindow_x11.so
7f6456b61000-7f6456b62000 rw-p 00006000 08:02 4721827                    /tmp/jogamp_0000/file_cache/jln7614628906212682969/jln5851063117855604299/libnativewindow_x11.so
7f6456b62000-7f6456b65000 ---p 00000000 00:00 0 
7f6456b65000-7f6456c63000 rw-p 00000000 00:00 0                          [stack:6173]
7f6456c63000-7f6456c67000 r-xp 00000000 08:02 6561559                    /usr/lib/x86_64-linux-gnu/libXxf86vm.so.1.0.0
7f6456c67000-7f6456e67000 ---p 00004000 08:02 6561559                    /usr/lib/x86_64-linux-gnu/libXxf86vm.so.1.0.0
7f6456e67000-7f6456e68000 r--p 00004000 08:02 6561559                    /usr/lib/x86_64-linux-gnu/libXxf86vm.so.1.0.0
7f6456e68000-7f6456e69000 rw-p 00005000 08:02 6561559                    /usr/lib/x86_64-linux-gnu/libXxf86vm.so.1.0.0
7f6456e69000-7f6456e6b000 rw-s 1aae83000 00:06 10208                     /dev/dri/card0
7f6456e6b000-7f6456e6c000 rw-s 1aae82000 00:06 10208                     /dev/dri/card0
7f6456e6c000-7f6456e6d000 rw-s 81000000 00:06 94744                      /dev/snd/pcmC2D0p
7f6456e6d000-7f6456e6e000 r--s 80000000 00:06 94744                      /dev/snd/pcmC2D0p
7f6456e6e000-7f6456e6f000 rw-s 1aade1000 00:06 10208                     /dev/dri/card0
7f6456e6f000-7f6456e70000 rw-p 00000000 00:00 0 
7f6456e70000-7f6456e71000 rwxp 00000000 00:00 0 
7f6456e71000-7f6456e79000 rw-s 00000000 00:05 98256                      /drm mm object (deleted)
7f6456e79000-7f6456e81000 rw-s 00000000 00:05 98296                      /drm mm object (deleted)
7f6456e81000-7f6456e82000 rw-s 1aaddf000 00:06 10208                     /dev/dri/card0
7f6456e82000-7f6456e8a000 rw-s 00000000 00:05 98245                      /drm mm object (deleted)
7f6456e8a000-7f6456e8c000 r-xp 00000000 08:02 4721826                    /tmp/jogamp_0000/file_cache/jln7614628906212682969/jln5851063117855604299/libnativewindow_awt.so
7f6456e8c000-7f645708b000 ---p 00002000 08:02 4721826                    /tmp/jogamp_0000/file_cache/jln7614628906212682969/jln5851063117855604299/libnativewindow_awt.so
7f645708b000-7f645708c000 rw-p 00001000 08:02 4721826                    /tmp/jogamp_0000/file_cache/jln7614628906212682969/jln5851063117855604299/libnativewindow_awt.so
7f645708c000-7f645708d000 r-xp 00000000 08:02 8012156                    /usr/bin/processing-3.0/java/lib/amd64/libjawt.so
7f645708d000-7f645728c000 ---p 00001000 08:02 8012156                    /usr/bin/processing-3.0/java/lib/amd64/libjawt.so
7f645728c000-7f645728d000 rw-p 00000000 08:02 8012156                    /usr/bin/processing-3.0/java/lib/amd64/libjawt.so
7f645728d000-7f645728f000 r-xp 00000000 08:02 4721823                    /tmp/jogamp_0000/file_cache/jln7614628906212682969/jln5851063117855604299/libgluegen-rt.so
7f645728f000-7f645748e000 ---p 00002000 08:02 4721823                    /tmp/jogamp_0000/file_cache/jln7614628906212682969/jln5851063117855604299/libgluegen-rt.so
7f645748e000-7f645748f000 rw-p 00001000 08:02 4721823                    /tmp/jogamp_0000/file_cache/jln7614628906212682969/jln5851063117855604299/libgluegen-rt.so
7f645748f000-7f6457492000 ---p 00000000 00:00 0 
7f6457492000-7f6457590000 rw-p 00000000 00:00 0 
7f6457590000-7f64575a1000 r-xp 00000000 08:02 8012203                    /usr/bin/processing-3.0/java/lib/amd64/libnio.so
7f64575a1000-7f64577a0000 ---p 00011000 08:02 8012203                    /usr/bin/processing-3.0/java/lib/amd64/libnio.so
7f64577a0000-7f64577a1000 rw-p 00010000 08:02 8012203                    /usr/bin/processing-3.0/java/lib/amd64/libnio.so
7f64577a1000-7f64577b7000 r-xp 00000000 08:02 8012151                    /usr/bin/processing-3.0/java/lib/amd64/libnet.so
7f64577b7000-7f64579b7000 ---p 00016000 08:02 8012151                    /usr/bin/processing-3.0/java/lib/amd64/libnet.so
7f64579b7000-7f64579b8000 rw-p 00016000 08:02 8012151                    /usr/bin/processing-3.0/java/lib/amd64/libnet.so
7f64579b8000-7f64579bb000 ---p 00000000 00:00 0 
7f64579bb000-7f64579f1000 rw-p 00000000 00:00 0                          [stack:6163]
7f64579f1000-7f64579f5000 r--s 00095000 08:02 6696012                    /usr/bin/processing-3.0/java/lib/jsse.jar
7f64579f5000-7f6457bf5000 rw-p 00000000 00:00 0 
7f6457bf5000-7f6457bf8000 r--s 00041000 08:02 8014028                    /usr/bin/processing-3.0/modes/java/mode/org.netbeans.swing.outline.jar
7f6457bf8000-7f6457bfd000 r--s 00038000 08:02 8014038                    /usr/bin/processing-3.0/modes/java/mode/org.eclipse.text.jar
7f6457bfd000-7f6457c11000 r--s 00121000 08:02 8014045                    /usr/bin/processing-3.0/modes/java/mode/org.eclipse.osgi.jar
7f6457c11000-7f6457c49000 r--s 00515000 08:02 8014044                    /usr/bin/processing-3.0/modes/java/mode/org.eclipse.jdt.core.jar
7f6457c49000-7f6457c4c000 r--s 0001c000 08:02 8014042                    /usr/bin/processing-3.0/modes/java/mode/org.eclipse.equinox.preferences.jar
7f6457c4c000-7f6457c4f000 r--s 00018000 08:02 8014034                    /usr/bin/processing-3.0/modes/java/mode/org.eclipse.equinox.common.jar
7f6457c4f000-7f6457c51000 r--s 00011000 08:02 8014037                    /usr/bin/processing-3.0/modes/java/mode/org.eclipse.core.runtime.jar
7f6457c51000-7f6457c5c000 r--s 000c1000 08:02 8014040                    /usr/bin/processing-3.0/modes/java/mode/org.eclipse.core.resources.jar
7f6457c5c000-7f6457c5e000 r--s 00016000 08:02 8014027                    /usr/bin/processing-3.0/modes/java/mode/org.eclipse.core.jobs.jar
7f6457c5e000-7f6457c60000 r--s 00015000 08:02 8014029                    /usr/bin/processing-3.0/modes/java/mode/org.eclipse.core.contenttype.jar
7f6457c60000-7f6457c65000 r--s 0003f000 08:02 8014032                    /usr/bin/processing-3.0/modes/java/mode/jsoup-1.7.1.jar
7f6457c65000-7f6457c72000 r--s 000cb000 08:02 8014036                    /usr/bin/processing-3.0/modes/java/mode/jdimodel.jar
7f6457c72000-7f6457ccd000 r--s 009e2000 08:02 8014039                    /usr/bin/processing-3.0/modes/java/mode/com.ibm.icu.jar
7f6457ccd000-7f6457cd7000 r--s 00097000 08:02 6695776                    /usr/bin/processing-3.0/lib/pde.jar
7f6457cd7000-7f6457cf5000 r--s 001bb000 08:02 6695851                    /usr/bin/processing-3.0/lib/ant.jar
7f6457cf5000-7f6457cfe000 r-xp 00000000 08:02 6561541                    /usr/lib/x86_64-linux-gnu/libXrandr.so.2.2.0
7f6457cfe000-7f6457efd000 ---p 00009000 08:02 6561541                    /usr/lib/x86_64-linux-gnu/libXrandr.so.2.2.0
7f6457efd000-7f6457efe000 r--p 00008000 08:02 6561541                    /usr/lib/x86_64-linux-gnu/libXrandr.so.2.2.0
7f6457efe000-7f6457eff000 rw-p 00009000 08:02 6561541                    /usr/lib/x86_64-linux-gnu/libXrandr.so.2.2.0
7f6457eff000-7f6457f02000 ---p 00000000 00:00 0 
7f6457f02000-7f6458000000 rw-p 00000000 00:00 0                          [stack:6159]
7f6458000000-7f6458021000 rw-p 00000000 00:00 0 
7f6458021000-7f645c000000 ---p 00000000 00:00 0 
7f645c000000-7f645c006000 r--s 0007d000 08:02 8014033                    /usr/bin/processing-3.0/modes/java/mode/JavaMode.jar
7f645c006000-7f645c029000 r--s 00308000 08:02 6569034                    /usr/bin/processing-3.0/core/library/jogl-all.jar
7f645c029000-7f645c02e000 r-xp 00000000 08:02 6561523                    /usr/lib/x86_64-linux-gnu/libXfixes.so.3.1.0
7f645c02e000-7f645c22d000 ---p 00005000 08:02 6561523                    /usr/lib/x86_64-linux-gnu/libXfixes.so.3.1.0
7f645c22d000-7f645c22e000 r--p 00004000 08:02 6561523                    /usr/lib/x86_64-linux-gnu/libXfixes.so.3.1.0
7f645c22e000-7f645c22f000 rw-p 00005000 08:02 6561523                    /usr/lib/x86_64-linux-gnu/libXfixes.so.3.1.0
7f645c22f000-7f645c238000 r-xp 00000000 08:02 6561515                    /usr/lib/x86_64-linux-gnu/libXcursor.so.1.0.2
7f645c238000-7f645c437000 ---p 00009000 08:02 6561515                    /usr/lib/x86_64-linux-gnu/libXcursor.so.1.0.2
7f645c437000-7f645c438000 r--p 00008000 08:02 6561515                    /usr/lib/x86_64-linux-gnu/libXcursor.so.1.0.2
7f645c438000-7f645c439000 rw-p 00009000 08:02 6561515                    /usr/lib/x86_64-linux-gnu/libXcursor.so.1.0.2
7f645c439000-7f645c43c000 ---p 00000000 00:00 0 
7f645c43c000-7f645c53a000 rw-p 00000000 00:00 0                          [stack:6158]
7f645c53a000-7f645c550000 r-xp 00000000 08:02 13635717                   /lib/x86_64-linux-gnu/libgcc_s.so.1
7f645c550000-7f645c74f000 ---p 00016000 08:02 13635717                   /lib/x86_64-linux-gnu/libgcc_s.so.1
7f645c74f000-7f645c750000 rw-p 00015000 08:02 13635717                   /lib/x86_64-linux-gnu/libgcc_s.so.1
7f645c750000-7f645c7b6000 r-xp 00000000 08:02 8012146                    /usr/bin/processing-3.0/java/lib/amd64/libfontmanager.so
7f645c7b6000-7f645c9b5000 ---p 00066000 08:02 8012146                    /usr/bin/processing-3.0/java/lib/amd64/libfontmanager.so
7f645c9b5000-7f645c9b9000 rw-p 00065000 08:02 8012146                    /usr/bin/processing-3.0/java/lib/amd64/libfontmanager.so
7f645c9b9000-7f645c9ca000 rw-p 00000000 00:00 0 
7f645c9ca000-7f645c9cf000 r-xp 00000000 08:02 6561519                    /usr/lib/x86_64-linux-gnu/libXdmcp.so.6.0.0
7f645c9cf000-7f645cbce000 ---p 00005000 08:02 6561519                    /usr/lib/x86_64-linux-gnu/libXdmcp.so.6.0.0
7f645cbce000-7f645cbcf000 r--p 00004000 08:02 6561519                    /usr/lib/x86_64-linux-gnu/libXdmcp.so.6.0.0
7f645cbcf000-7f645cbd0000 rw-p 00005000 08:02 6561519                    /usr/lib/x86_64-linux-gnu/libXdmcp.so.6.0.0
7f645cbd0000-7f645cbd2000 r-xp 00000000 08:02 6561508                    /usr/lib/x86_64-linux-gnu/libXau.so.6.0.0
7f645cbd2000-7f645cdd2000 ---p 00002000 08:02 6561508                    /usr/lib/x86_64-linux-gnu/libXau.so.6.0.0
7f645cdd2000-7f645cdd3000 r--p 00002000 08:02 6561508                    /usr/lib/x86_64-linux-gnu/libXau.so.6.0.0
7f645cdd3000-7f645cdd4000 rw-p 00003000 08:02 6561508                    /usr/lib/x86_64-linux-gnu/libXau.so.6.0.0
7f645cdd4000-7f645cdf1000 r-xp 00000000 08:02 6562574                    /usr/lib/x86_64-linux-gnu/libxcb.so.1.1.0
7f645cdf1000-7f645cff1000 ---p 0001d000 08:02 6562574                    /usr/lib/x86_64-linux-gnu/libxcb.so.1.1.0
7f645cff1000-7f645cff2000 r--p 0001d000 08:02 6562574                    /usr/lib/x86_64-linux-gnu/libxcb.so.1.1.0
7f645cff2000-7f645cff3000 rw-p 0001e000 08:02 6562574                    /usr/lib/x86_64-linux-gnu/libxcb.so.1.1.0
7f645cff3000-7f645d002000 r-xp 00000000 08:02 6561529                    /usr/lib/x86_64-linux-gnu/libXi.so.6.1.0
7f645d002000-7f645d201000 ---p 0000f000 08:02 6561529                    /usr/lib/x86_64-linux-gnu/libXi.so.6.1.0
7f645d201000-7f645d202000 r--p 0000e000 08:02 6561529                    /usr/lib/x86_64-linux-gnu/libXi.so.6.1.0
7f645d202000-7f645d203000 rw-p 0000f000 08:02 6561529                    /usr/lib/x86_64-linux-gnu/libXi.so.6.1.0
7f645d203000-7f645d208000 r-xp 00000000 08:02 6561549                    /usr/lib/x86_64-linux-gnu/libXtst.so.6.1.0
7f645d208000-7f645d407000 ---p 00005000 08:02 6561549                    /usr/lib/x86_64-linux-gnu/libXtst.so.6.1.0
7f645d407000-7f645d408000 r--p 00004000 08:02 6561549                    /usr/lib/x86_64-linux-gnu/libXtst.so.6.1.0
7f645d408000-7f645d409000 rw-p 00005000 08:02 6561549                    /usr/lib/x86_64-linux-gnu/libXtst.so.6.1.0
7f645d409000-7f645d412000 r-xp 00000000 08:02 6561543                    /usr/lib/x86_64-linux-gnu/libXrender.so.1.3.0
7f645d412000-7f645d611000 ---p 00009000 08:02 6561543                    /usr/lib/x86_64-linux-gnu/libXrender.so.1.3.0
7f645d611000-7f645d612000 r--p 00008000 08:02 6561543                    /usr/lib/x86_64-linux-gnu/libXrender.so.1.3.0
7f645d612000-7f645d613000 rw-p 00009000 08:02 6561543                    /usr/lib/x86_64-linux-gnu/libXrender.so.1.3.0
7f645d613000-7f645d743000 r-xp 00000000 08:02 6561504                    /usr/lib/x86_64-linux-gnu/libX11.so.6.3.0
7f645d743000-7f645d943000 ---p 00130000 08:02 6561504                    /usr/lib/x86_64-linux-gnu/libX11.so.6.3.0
7f645d943000-7f645d944000 r--p 00130000 08:02 6561504                    /usr/lib/x86_64-linux-gnu/libX11.so.6.3.0
7f645d944000-7f645d948000 rw-p 00131000 08:02 6561504                    /usr/lib/x86_64-linux-gnu/libX11.so.6.3.0
7f645d948000-7f645d959000 r-xp 00000000 08:02 6561521                    /usr/lib/x86_64-linux-gnu/libXext.so.6.4.0
7f645d959000-7f645db58000 ---p 00011000 08:02 6561521                    /usr/lib/x86_64-linux-gnu/libXext.so.6.4.0
7f645db58000-7f645db59000 r--p 00010000 08:02 6561521                    /usr/lib/x86_64-linux-gnu/libXext.so.6.4.0
7f645db59000-7f645db5a000 rw-p 00011000 08:02 6561521                    /usr/lib/x86_64-linux-gnu/libXext.so.6.4.0
7f645db5a000-7f645db5b000 r--p 00000000 00:00 0 
7f645db5b000-7f645db5c000 r--s 00003000 08:02 8014046                    /usr/bin/processing-3.0/modes/java/mode/jdtCompilerAdapter.jar
7f645db5c000-7f645db61000 r--s 00068000 08:02 8014043                    /usr/bin/processing-3.0/modes/java/mode/antlr.jar
7f645db61000-7f645db7b000 r--s 01689000 08:02 6569030                    /usr/bin/processing-3.0/core/library/jogl-java-src.zip
7f645db7b000-7f645dbcf000 r-xp 00000000 08:02 8012182                    /usr/bin/processing-3.0/java/lib/amd64/libawt_xawt.so
7f645dbcf000-7f645ddcf000 ---p 00054000 08:02 8012182                    /usr/bin/processing-3.0/java/lib/amd64/libawt_xawt.so
7f645ddcf000-7f645ddd3000 rw-p 00054000 08:02 8012182                    /usr/bin/processing-3.0/java/lib/amd64/libawt_xawt.so
7f645ddd3000-7f645ddd4000 rw-p 00000000 00:00 0 
7f645ddd4000-7f645de76000 r-xp 00000000 08:02 8012174                    /usr/bin/processing-3.0/java/lib/amd64/libawt.so
7f645de76000-7f645e076000 ---p 000a2000 08:02 8012174                    /usr/bin/processing-3.0/java/lib/amd64/libawt.so
7f645e076000-7f645e082000 rw-p 000a2000 08:02 8012174                    /usr/bin/processing-3.0/java/lib/amd64/libawt.so
7f645e082000-7f645e0a6000 rw-p 00000000 00:00 0 
7f645e0a6000-7f645e0a7000 ---p 00000000 00:00 0 
7f645e0a7000-7f645e1a7000 rw-p 00000000 00:00 0                          [stack:6157]
7f645e1a7000-7f645e1aa000 ---p 00000000 00:00 0 
7f645e1aa000-7f645e2a8000 rw-p 00000000 00:00 0                          [stack:6156]
7f645e2a8000-7f645e2ab000 ---p 00000000 00:00 0 
7f645e2ab000-7f645e3a9000 rw-p 00000000 00:00 0                          [stack:6155]
7f645e3a9000-7f645e3ac000 ---p 00000000 00:00 0 
7f645e3ac000-7f645e4aa000 rw-p 00000000 00:00 0                          [stack:6154]
7f645e4aa000-7f645e4ad000 ---p 00000000 00:00 0 
7f645e4ad000-7f645e5ab000 rw-p 00000000 00:00 0                          [stack:6153]
7f645e5ab000-7f645e5ae000 ---p 00000000 00:00 0 
7f645e5ae000-7f645e6ac000 rw-p 00000000 00:00 0                          [stack:6147]
7f645e6ac000-7f645e6af000 ---p 00000000 00:00 0 
7f645e6af000-7f645e7ad000 rw-p 00000000 00:00 0                          [stack:6144]
7f645e7ad000-7f645e7b0000 ---p 00000000 00:00 0 
7f645e7b0000-7f645e8ae000 rw-p 00000000 00:00 0                          [stack:6143]
7f645e8ae000-7f645e8b2000 r-xp 00000000 08:02 8012175                    /usr/bin/processing-3.0/java/lib/amd64/libdt_socket.so
7f645e8b2000-7f645eab1000 ---p 00004000 08:02 8012175                    /usr/bin/processing-3.0/java/lib/amd64/libdt_socket.so
7f645eab1000-7f645eab2000 rw-p 00003000 08:02 8012175                    /usr/bin/processing-3.0/java/lib/amd64/libdt_socket.so
7f645eab2000-7f645eab5000 ---p 00000000 00:00 0 
7f645eab5000-7f645ebb3000 rw-p 00000000 00:00 0                          [stack:6142]
7f645ebb3000-7f645ebb6000 ---p 00000000 00:00 0 
7f645ebb6000-7f645ecb4000 rw-p 00000000 00:00 0                          [stack:6138]
7f645ecb4000-7f645ecb7000 ---p 00000000 00:00 0 
7f645ecb7000-7f645edb5000 rw-p 00000000 00:00 0                          [stack:6137]
7f645edb5000-7f645edb6000 ---p 00000000 00:00 0 
7f645edb6000-7f645fe28000 rw-p 00000000 00:00 0                          [stack:6136]
7f645fe28000-7f6460000000 r--s 03d0c000 08:02 6695974                    /usr/bin/processing-3.0/java/lib/rt.jar
7f6460000000-7f6460021000 rw-p 00000000 00:00 0 
7f6460021000-7f6464000000 ---p 00000000 00:00 0 
7f6464000000-7f6464004000 r--s 0000e000 08:02 8014030                    /usr/bin/processing-3.0/modes/java/mode/jdi.jar
7f6464004000-7f6464018000 r--s 00127000 08:02 6695832                    /usr/bin/processing-3.0/lib/jna.jar
7f6464018000-7f6465000000 rw-p 00000000 00:00 0 
7f6465000000-7f64656b0000 rwxp 00000000 00:00 0 
7f64656b0000-7f6474000000 ---p 00000000 00:00 0 
7f6474000000-7f6474862000 rw-p 00000000 00:00 0 
7f6474862000-7f6478000000 ---p 00000000 00:00 0 
7f6478000000-7f6478001000 r--s 00003000 08:02 8014035                    /usr/bin/processing-3.0/modes/java/mode/classpath-explorer-1.0.jar
7f6478001000-7f6478003000 r--s 00002000 08:02 6695836                    /usr/bin/processing-3.0/lib/ant-launcher.jar
7f6478003000-7f6478005000 r--s 00005000 08:02 4591938                    /home/akelly/sketchbook/libraries/minim/library/mp3spi1.9.5.jar
7f6478005000-7f6478006000 r--s 0000b000 08:02 4591937                    /home/akelly/sketchbook/libraries/minim/library/jsminim.jar
7f6478006000-7f647800a000 r--s 00040000 08:02 4591936                    /home/akelly/sketchbook/libraries/minim/library/jl1.0.1.jar
7f647800a000-7f647800d000 r--s 00017000 08:02 4591933                    /home/akelly/sketchbook/libraries/minim/library/tritonus_share.jar
7f647800d000-7f6478010000 r--s 00016000 08:02 4591932                    /home/akelly/sketchbook/libraries/minim/library/minim.jar
7f6478010000-7f6478018000 r--s 003d3000 08:02 6569026                    /usr/bin/processing-3.0/core/library/gluegen-java-src.zip
7f6478018000-7f64780fe000 rw-p 00000000 00:00 0 
7f64780fe000-7f64780ff000 ---p 00000000 00:00 0 
7f64780ff000-7f64781ff000 rw-p 00000000 00:00 0                          [stack:6135]
7f64781ff000-7f6478200000 ---p 00000000 00:00 0 
7f6478200000-7f6478300000 rw-p 00000000 00:00 0                          [stack:6134]
7f6478300000-7f6478301000 ---p 00000000 00:00 0 
7f6478301000-7f6478401000 rw-p 00000000 00:00 0                          [stack:6133]
7f6478401000-7f6478402000 ---p 00000000 00:00 0 
7f6478402000-7f6478556000 rw-p 00000000 00:00 0                          [stack:6132]
7f6478556000-7f6478a32000 ---p 00000000 00:00 0 
7f6478a32000-7f6478a86000 rw-p 00000000 00:00 0 
7f6478a86000-7f6478f61000 ---p 00000000 00:00 0 
7f6478f61000-7f6478f82000 rw-p 00000000 00:00 0 
7f6478f82000-7f64791f9000 ---p 00000000 00:00 0 
7f64791f9000-7f6479215000 rw-p 00000000 00:00 0 
7f6479215000-7f64795ba000 ---p 00000000 00:00 0 
7f64795ba000-7f64795d4000 r-xp 00000000 08:02 8012189                    /usr/bin/processing-3.0/java/lib/amd64/libzip.so
7f64795d4000-7f64797d4000 ---p 0001a000 08:02 8012189                    /usr/bin/processing-3.0/java/lib/amd64/libzip.so
7f64797d4000-7f64797d5000 rw-p 0001a000 08:02 8012189                    /usr/bin/processing-3.0/java/lib/amd64/libzip.so
7f64797d5000-7f64797e0000 r-xp 00000000 08:02 13635765                   /lib/x86_64-linux-gnu/libnss_files-2.19.so
7f64797e0000-7f64799df000 ---p 0000b000 08:02 13635765                   /lib/x86_64-linux-gnu/libnss_files-2.19.so
7f64799df000-7f64799e0000 r--p 0000a000 08:02 13635765                   /lib/x86_64-linux-gnu/libnss_files-2.19.so
7f64799e0000-7f64799e1000 rw-p 0000b000 08:02 13635765                   /lib/x86_64-linux-gnu/libnss_files-2.19.so
7f64799e1000-7f64799ec000 r-xp 00000000 08:02 13635775                   /lib/x86_64-linux-gnu/libnss_nis-2.19.so
7f64799ec000-7f6479beb000 ---p 0000b000 08:02 13635775                   /lib/x86_64-linux-gnu/libnss_nis-2.19.so
7f6479beb000-7f6479bec000 r--p 0000a000 08:02 13635775                   /lib/x86_64-linux-gnu/libnss_nis-2.19.so
7f6479bec000-7f6479bed000 rw-p 0000b000 08:02 13635775                   /lib/x86_64-linux-gnu/libnss_nis-2.19.so
7f6479bed000-7f6479c04000 r-xp 00000000 08:02 13635759                   /lib/x86_64-linux-gnu/libnsl-2.19.so
7f6479c04000-7f6479e03000 ---p 00017000 08:02 13635759                   /lib/x86_64-linux-gnu/libnsl-2.19.so
7f6479e03000-7f6479e04000 r--p 00016000 08:02 13635759                   /lib/x86_64-linux-gnu/libnsl-2.19.so
7f6479e04000-7f6479e05000 rw-p 00017000 08:02 13635759                   /lib/x86_64-linux-gnu/libnsl-2.19.so
7f6479e05000-7f6479e07000 rw-p 00000000 00:00 0 
7f6479e07000-7f6479e10000 r-xp 00000000 08:02 13635761                   /lib/x86_64-linux-gnu/libnss_compat-2.19.so
7f6479e10000-7f647a00f000 ---p 00009000 08:02 13635761                   /lib/x86_64-linux-gnu/libnss_compat-2.19.so
7f647a00f000-7f647a010000 r--p 00008000 08:02 13635761                   /lib/x86_64-linux-gnu/libnss_compat-2.19.so
7f647a010000-7f647a011000 rw-p 00009000 08:02 13635761                   /lib/x86_64-linux-gnu/libnss_compat-2.19.so
7f647a011000-7f647a6f3000 r--p 00000000 08:02 6560506                    /usr/lib/locale/locale-archive
7f647a6f3000-7f647a6f5000 r-xp 00000000 08:02 8012169                    /usr/bin/processing-3.0/java/lib/amd64/libnpt.so
7f647a6f5000-7f647a8f5000 ---p 00002000 08:02 8012169                    /usr/bin/processing-3.0/java/lib/amd64/libnpt.so
7f647a8f5000-7f647a8f6000 rw-p 00002000 08:02 8012169                    /usr/bin/processing-3.0/java/lib/amd64/libnpt.so
7f647a8f6000-7f647a92f000 r-xp 00000000 08:02 8012184                    /usr/bin/processing-3.0/java/lib/amd64/libjdwp.so
7f647a92f000-7f647ab2e000 ---p 00039000 08:02 8012184                    /usr/bin/processing-3.0/java/lib/amd64/libjdwp.so
7f647ab2e000-7f647ab30000 rw-p 00038000 08:02 8012184                    /usr/bin/processing-3.0/java/lib/amd64/libjdwp.so
7f647ab30000-7f647ab5a000 r-xp 00000000 08:02 8012204                    /usr/bin/processing-3.0/java/lib/amd64/libjava.so
7f647ab5a000-7f647ad5a000 ---p 0002a000 08:02 8012204                    /usr/bin/processing-3.0/java/lib/amd64/libjava.so
7f647ad5a000-7f647ad5c000 rw-p 0002a000 08:02 8012204                    /usr/bin/processing-3.0/java/lib/amd64/libjava.so
7f647ad5c000-7f647ad69000 r-xp 00000000 08:02 8012148                    /usr/bin/processing-3.0/java/lib/amd64/libverify.so
7f647ad69000-7f647af69000 ---p 0000d000 08:02 8012148                    /usr/bin/processing-3.0/java/lib/amd64/libverify.so
7f647af69000-7f647af6b000 rw-p 0000d000 08:02 8012148                    /usr/bin/processing-3.0/java/lib/amd64/libverify.so
7f647af6b000-7f647af72000 r-xp 00000000 08:02 13635818                   /lib/x86_64-linux-gnu/librt-2.19.so
7f647af72000-7f647b171000 ---p 00007000 08:02 13635818                   /lib/x86_64-linux-gnu/librt-2.19.so
7f647b171000-7f647b172000 r--p 00006000 08:02 13635818                   /lib/x86_64-linux-gnu/librt-2.19.so
7f647b172000-7f647b173000 rw-p 00007000 08:02 13635818                   /lib/x86_64-linux-gnu/librt-2.19.so
7f647b173000-7f647b278000 r-xp 00000000 08:02 13635740                   /lib/x86_64-linux-gnu/libm-2.19.so
7f647b278000-7f647b477000 ---p 00105000 08:02 13635740                   /lib/x86_64-linux-gnu/libm-2.19.so
7f647b477000-7f647b478000 r--p 00104000 08:02 13635740                   /lib/x86_64-linux-gnu/libm-2.19.so
7f647b478000-7f647b479000 rw-p 00105000 08:02 13635740                   /lib/x86_64-linux-gnu/libm-2.19.so
7f647b479000-7f647c127000 r-xp 00000000 08:02 8012167                    /usr/bin/processing-3.0/java/lib/amd64/server/libjvm.so
7f647c127000-7f647c327000 ---p 00cae000 08:02 8012167                    /usr/bin/processing-3.0/java/lib/amd64/server/libjvm.so
7f647c327000-7f647c3fe000 rw-p 00cae000 08:02 8012167                    /usr/bin/processing-3.0/java/lib/amd64/server/libjvm.so
7f647c3fe000-7f647c442000 rw-p 00000000 00:00 0 
7f647c442000-7f647c5fd000 r-xp 00000000 08:02 13635690                   /lib/x86_64-linux-gnu/libc-2.19.so
7f647c5fd000-7f647c7fc000 ---p 001bb000 08:02 13635690                   /lib/x86_64-linux-gnu/libc-2.19.so
7f647c7fc000-7f647c800000 r--p 001ba000 08:02 13635690                   /lib/x86_64-linux-gnu/libc-2.19.so
7f647c800000-7f647c802000 rw-p 001be000 08:02 13635690                   /lib/x86_64-linux-gnu/libc-2.19.so
7f647c802000-7f647c807000 rw-p 00000000 00:00 0 
7f647c807000-7f647c80a000 r-xp 00000000 08:02 13635707                   /lib/x86_64-linux-gnu/libdl-2.19.so
7f647c80a000-7f647ca09000 ---p 00003000 08:02 13635707                   /lib/x86_64-linux-gnu/libdl-2.19.so
7f647ca09000-7f647ca0a000 r--p 00002000 08:02 13635707                   /lib/x86_64-linux-gnu/libdl-2.19.so
7f647ca0a000-7f647ca0b000 rw-p 00003000 08:02 13635707                   /lib/x86_64-linux-gnu/libdl-2.19.so
7f647ca0b000-7f647ca20000 r-xp 00000000 08:02 8012145                    /usr/bin/processing-3.0/java/lib/amd64/jli/libjli.so
7f647ca20000-7f647cc20000 ---p 00015000 08:02 8012145                    /usr/bin/processing-3.0/java/lib/amd64/jli/libjli.so
7f647cc20000-7f647cc21000 rw-p 00015000 08:02 8012145                    /usr/bin/processing-3.0/java/lib/amd64/jli/libjli.so
7f647cc21000-7f647cc3a000 r-xp 00000000 08:02 13635810                   /lib/x86_64-linux-gnu/libpthread-2.19.so
7f647cc3a000-7f647ce39000 ---p 00019000 08:02 13635810                   /lib/x86_64-linux-gnu/libpthread-2.19.so
7f647ce39000-7f647ce3a000 r--p 00018000 08:02 13635810                   /lib/x86_64-linux-gnu/libpthread-2.19.so
7f647ce3a000-7f647ce3b000 rw-p 00019000 08:02 13635810                   /lib/x86_64-linux-gnu/libpthread-2.19.so
7f647ce3b000-7f647ce3f000 rw-p 00000000 00:00 0 
7f647ce3f000-7f647ce62000 r-xp 00000000 08:02 13635666                   /lib/x86_64-linux-gnu/ld-2.19.so
7f647ce62000-7f647ce63000 r--s 00002000 08:02 4591935                    /home/akelly/sketchbook/libraries/minim/library/tritonus_aos.jar
7f647ce63000-7f647ce64000 r--s 00001000 08:02 6569033                    /usr/bin/processing-3.0/core/library/gluegen-rt-natives-macosx-universal.jar
7f647ce64000-7f647ce66000 r--s 00038000 08:02 6569032                    /usr/bin/processing-3.0/core/library/jogl-all-natives-windows-amd64.jar
7f647ce66000-7f647ce67000 r--s 00034000 08:02 6569031                    /usr/bin/processing-3.0/core/library/jogl-all-natives-linux-amd64.jar
7f647ce67000-7f647ce68000 r--s 00001000 08:02 6569036                    /usr/bin/processing-3.0/core/library/gluegen-rt-natives-windows-i586.jar
7f647ce68000-7f647cf39000 rw-p 00000000 00:00 0 
7f647cf39000-7f647cf3c000 ---p 00000000 00:00 0 
7f647cf3c000-7f647d03e000 rw-p 00000000 00:00 0                          [stack:6131]
7f647d03e000-7f647d044000 r--s 0004a000 08:02 6569021                    /usr/bin/processing-3.0/core/library/gluegen-rt.jar
7f647d044000-7f647d045000 r--s 00000000 08:02 6569035                    /usr/bin/processing-3.0/core/library/gluegen-rt-natives-linux-armv6hf.jar
7f647d045000-7f647d046000 r--s 00031000 08:02 6569019                    /usr/bin/processing-3.0/core/library/jogl-all-natives-windows-i586.jar
7f647d046000-7f647d047000 r--s 00001000 08:02 6569022                    /usr/bin/processing-3.0/core/library/gluegen-rt-natives-windows-amd64.jar
7f647d047000-7f647d049000 r--s 0006c000 08:02 6569020                    /usr/bin/processing-3.0/core/library/jogl-all-natives-macosx-universal.jar
7f647d049000-7f647d04e000 r--s 000f0000 08:02 6569027                    /usr/bin/processing-3.0/core/library/core.jar
7f647d04e000-7f647d050000 r--s 00000000 08:02 6569025                    /usr/bin/processing-3.0/core/library/gluegen-rt-natives-linux-amd64.jar
7f647d050000-7f647d051000 r--s 00026000 08:02 6569028                    /usr/bin/processing-3.0/core/library/jogl-all-natives-linux-armv6hf.jar
7f647d051000-7f647d052000 r--s 00032000 08:02 6569024                    /usr/bin/processing-3.0/core/library/jogl-all-natives-linux-i586.jar
7f647d052000-7f647d054000 r--s 00000000 08:02 6569023                    /usr/bin/processing-3.0/core/library/gluegen-rt-natives-linux-i586.jar
7f647d054000-7f647d055000 rw-p 00000000 00:00 0 
7f647d055000-7f647d05d000 rw-s 00000000 08:02 4325810                    /tmp/hsperfdata_akelly/6129
7f647d05d000-7f647d05e000 rw-p 00000000 00:00 0 
7f647d05e000-7f647d05f000 r--p 00000000 00:00 0 
7f647d05f000-7f647d061000 rw-p 00000000 00:00 0 
7f647d061000-7f647d062000 r--p 00022000 08:02 13635666                   /lib/x86_64-linux-gnu/ld-2.19.so
7f647d062000-7f647d063000 rw-p 00023000 08:02 13635666                   /lib/x86_64-linux-gnu/ld-2.19.so
7f647d063000-7f647d064000 rw-p 00000000 00:00 0 
7fff82dd3000-7fff82df6000 rw-p 00000000 00:00 0                          [stack]
7fff82df6000-7fff82df8000 r--p 00000000 00:00 0                          [vvar]
7fff82df8000-7fff82dfa000 r-xp 00000000 00:00 0                          [vdso]
ffffffffff600000-ffffffffff601000 r-xp 00000000 00:00 0                  [vsyscall]

VM Arguments:
jvm_args: -agentlib:jdwp=transport=dt_socket,address=8140,server=y,suspend=y -Djava.library.path=:/usr/bin/processing-3.0/core/library:/home/akelly/sketchbook/libraries/minim/library:/usr/java/packages/lib/amd64:/usr/lib64:/lib64:/lib:/usr/lib -ea 
java_command: processing.core.PApplet --display=1 --sketch-path=/home/akelly/sketchbook/_audioVisualizer/_audioVisualizer/build build
java_class_path (initial): /home/akelly/sketchbook/_audioVisualizer/_audioVisualizer/build/build-tmp:/usr/bin/processing-3.0/core/library/gluegen-rt-natives-linux-i586.jar:/usr/bin/processing-3.0/core/library/jogl-all-natives-linux-i586.jar:/usr/bin/processing-3.0/core/library/jogl-all-natives-linux-armv6hf.jar:/usr/bin/processing-3.0/core/library/gluegen-rt-natives-linux-amd64.jar:/usr/bin/processing-3.0/core/library/core.jar:/usr/bin/processing-3.0/core/library/jogl-all-natives-macosx-universal.jar:/usr/bin/processing-3.0/core/library/gluegen-rt-natives-windows-amd64.jar:/usr/bin/processing-3.0/core/library/jogl-all-natives-windows-i586.jar:/usr/bin/processing-3.0/core/library/gluegen-rt-natives-linux-armv6hf.jar:/usr/bin/processing-3.0/core/library/gluegen-rt.jar:/usr/bin/processing-3.0/core/library/gluegen-rt-natives-windows-i586.jar:/usr/bin/processing-3.0/core/library/jogl-all.jar:/usr/bin/processing-3.0/core/library/jogl-all-natives-linux-amd64.jar:/usr/bin/processing-3.0/core/library/jogl-all-natives-windows-amd64.jar:/usr/bin/processing-3.0/core/library/gluegen-java-src.zip:/usr/bin/processing-3.0/core/library/jogl-java-src.zip:/usr/bin/processing-3.0/core/library/gluegen-rt-natives-macosx-universal.jar:/usr/bin/processing-3.0/core/library/gluegen-rt-natives-linux-i586.jar:/usr/bin/processing-3.0/core/library/jogl-all-natives-linux-i586.jar:/usr/bin/processing-3.0/core/library/jogl-all-natives-linux-armv6hf.jar:/usr/bin/processing-3.0/core/library/gluegen-rt-natives-linux-amd64.jar:/usr/bin/processing-3.0/core/library/core.jar:/usr/bin/processing-3.0/core/library/jogl-all-natives-macosx-universal.jar:/usr/bin/processing-3.0/core/library/gluegen-rt-natives-windows-amd64.jar:/usr/bin/processing-3.0/core/library/jogl-all-natives-windows-i586.jar:/usr/bin/processing-3.0/core/library/gluegen-rt-natives-linux-armv6hf.jar:/usr/bin/processing-3.0/core/library/gluegen-rt.jar:/usr/bin/processing-3.0/core/library/gluegen-rt-natives-windows-i586.jar:/usr/bin/processi
Launcher Type: SUN_STANDARD

Environment Variables:
PATH=/usr/bin/processing-3.0/java/bin:/usr/local/sbin:/usr/local/bin:/usr/sbin:/usr/bin:/sbin:/bin:/usr/games:/usr/local/games
SHELL=/bin/bash
DISPLAY=:0

Signal Handlers:
SIGSEGV: [libjvm.so+0xaad540], sa_mask[0]=11111111011111111101111111111110, sa_flags=SA_RESTART|SA_SIGINFO
SIGBUS: [libjvm.so+0xaad540], sa_mask[0]=11111111011111111101111111111110, sa_flags=SA_RESTART|SA_SIGINFO
SIGFPE: [libjvm.so+0x90b6b0], sa_mask[0]=11111111011111111101111111111110, sa_flags=SA_RESTART|SA_SIGINFO
SIGPIPE: [libjvm.so+0x90b6b0], sa_mask[0]=11111111011111111101111111111110, sa_flags=SA_RESTART|SA_SIGINFO
SIGXFSZ: [libjvm.so+0x90b6b0], sa_mask[0]=11111111011111111101111111111110, sa_flags=SA_RESTART|SA_SIGINFO
SIGILL: [libjvm.so+0x90b6b0], sa_mask[0]=11111111011111111101111111111110, sa_flags=SA_RESTART|SA_SIGINFO
SIGUSR1: SIG_DFL, sa_mask[0]=00000000000000000000000000000000, sa_flags=none
SIGUSR2: [libjvm.so+0x90ccf0], sa_mask[0]=00100000000000000000000000000000, sa_flags=SA_RESTART|SA_SIGINFO
SIGHUP: [libjvm.so+0x90e040], sa_mask[0]=11111111011111111101111111111110, sa_flags=SA_RESTART|SA_SIGINFO
SIGINT: [libjvm.so+0x90e040], sa_mask[0]=11111111011111111101111111111110, sa_flags=SA_RESTART|SA_SIGINFO
SIGTERM: [libjvm.so+0x90e040], sa_mask[0]=11111111011111111101111111111110, sa_flags=SA_RESTART|SA_SIGINFO
SIGQUIT: [libjvm.so+0x90e040], sa_mask[0]=11111111011111111101111111111110, sa_flags=SA_RESTART|SA_SIGINFO


---------------  S Y S T E M  ---------------

OS:DISTRIB_ID=Ubuntu
DISTRIB_RELEASE=14.04
DISTRIB_CODENAME=trusty
DISTRIB_DESCRIPTION="Ubuntu 14.04.3 LTS"

uname:Linux 3.19.0-28-generic #30~14.04.1-Ubuntu SMP Tue Sep 1 09:32:55 UTC 2015 x86_64
libc:glibc 2.19 NPTL 2.19 
rlimit: STACK 8192k, CORE 0k, NPROC 63284, NOFILE 4096, AS infinity
load average:3.09 2.97 2.20

/proc/meminfo:
MemTotal:       16309452 kB
MemFree:        11607044 kB
MemAvailable:   12724456 kB
Buffers:          111560 kB
Cached:          1798976 kB
SwapCached:           40 kB
Active:          3545868 kB
Inactive:         891788 kB
Active(anon):    2677632 kB
Inactive(anon):   516872 kB
Active(file):     868236 kB
Inactive(file):   374916 kB
Unevictable:          92 kB
Mlocked:              92 kB
SwapTotal:      16653308 kB
SwapFree:       16584300 kB
Dirty:              2296 kB
Writeback:             0 kB
AnonPages:       2526984 kB
Mapped:           594940 kB
Shmem:            667388 kB
Slab:             128468 kB
SReclaimable:      86408 kB
SUnreclaim:        42060 kB
KernelStack:       10704 kB
PageTables:        49360 kB
NFS_Unstable:          0 kB
Bounce:                0 kB
WritebackTmp:          0 kB
CommitLimit:    24808032 kB
Committed_AS:    7952580 kB
VmallocTotal:   34359738367 kB
VmallocUsed:      385476 kB
VmallocChunk:   34359343192 kB
HardwareCorrupted:     0 kB
AnonHugePages:   1112064 kB
CmaTotal:              0 kB
CmaFree:               0 kB
HugePages_Total:       0
HugePages_Free:        0
HugePages_Rsvd:        0
HugePages_Surp:        0
Hugepagesize:       2048 kB
DirectMap4k:      173484 kB
DirectMap2M:    11237376 kB
DirectMap1G:     5242880 kB


CPU:total 4 (2 cores per cpu, 2 threads per core) family 6 model 61 stepping 4, cmov, cx8, fxsr, mmx, sse, sse2, sse3, ssse3, sse4.1, sse4.2, popcnt, avx, avx2, aes, clmul, erms, rtm, 3dnowpref, lzcnt, ht, tsc, tscinvbit, bmi1, bmi2, adx

/proc/cpuinfo:
processor	: 0
vendor_id	: GenuineIntel
cpu family	: 6
model		: 61
model name	: Intel(R) Core(TM) i7-5600U CPU @ 2.60GHz
stepping	: 4
microcode	: 0x19
cpu MHz		: 1997.429
cache size	: 4096 KB
physical id	: 0
siblings	: 4
core id		: 0
cpu cores	: 2
apicid		: 0
initial apicid	: 0
fpu		: yes
fpu_exception	: yes
cpuid level	: 20
wp		: yes
flags		: fpu vme de pse tsc msr pae mce cx8 apic sep mtrr pge mca cmov pat pse36 clflush dts acpi mmx fxsr sse sse2 ss ht tm pbe syscall nx pdpe1gb rdtscp lm constant_tsc arch_perfmon pebs bts rep_good nopl xtopology nonstop_tsc aperfmperf eagerfpu pni pclmulqdq dtes64 monitor ds_cpl vmx smx est tm2 ssse3 fma cx16 xtpr pdcm pcid sse4_1 sse4_2 x2apic movbe popcnt tsc_deadline_timer aes xsave avx f16c rdrand lahf_lm abm 3dnowprefetch ida arat epb pln pts dtherm tpr_shadow vnmi flexpriority ept vpid fsgsbase tsc_adjust bmi1 hle avx2 smep bmi2 erms invpcid rtm rdseed adx smap xsaveopt
bugs		:
bogomips	: 5188.48
clflush size	: 64
cache_alignment	: 64
address sizes	: 39 bits physical, 48 bits virtual
power management:

processor	: 1
vendor_id	: GenuineIntel
cpu family	: 6
model		: 61
model name	: Intel(R) Core(TM) i7-5600U CPU @ 2.60GHz
stepping	: 4
microcode	: 0x19
cpu MHz		: 1991.335
cache size	: 4096 KB
physical id	: 0
siblings	: 4
core id		: 0
cpu cores	: 2
apicid		: 1
initial apicid	: 1
fpu		: yes
fpu_exception	: yes
cpuid level	: 20
wp		: yes
flags		: fpu vme de pse tsc msr pae mce cx8 apic sep mtrr pge mca cmov pat pse36 clflush dts acpi mmx fxsr sse sse2 ss ht tm pbe syscall nx pdpe1gb rdtscp lm constant_tsc arch_perfmon pebs bts rep_good nopl xtopology nonstop_tsc aperfmperf eagerfpu pni pclmulqdq dtes64 monitor ds_cpl vmx smx est tm2 ssse3 fma cx16 xtpr pdcm pcid sse4_1 sse4_2 x2apic movbe popcnt tsc_deadline_timer aes xsave avx f16c rdrand lahf_lm abm 3dnowprefetch ida arat epb pln pts dtherm tpr_shadow vnmi flexpriority ept vpid fsgsbase tsc_adjust bmi1 hle avx2 smep bmi2 erms invpcid rtm rdseed adx smap xsaveopt
bugs		:
bogomips	: 5188.48
clflush size	: 64
cache_alignment	: 64
address sizes	: 39 bits physical, 48 bits virtual
power management:

processor	: 2
vendor_id	: GenuineIntel
cpu family	: 6
model		: 61
model name	: Intel(R) Core(TM) i7-5600U CPU @ 2.60GHz
stepping	: 4
microcode	: 0x19
cpu MHz		: 2041.812
cache size	: 4096 KB
physical id	: 0
siblings	: 4
core id		: 1
cpu cores	: 2
apicid		: 2
initial apicid	: 2
fpu		: yes
fpu_exception	: yes
cpuid level	: 20
wp		: yes
flags		: fpu vme de pse tsc msr pae mce cx8 apic sep mtrr pge mca cmov pat pse36 clflush dts acpi mmx fxsr sse sse2 ss ht tm pbe syscall nx pdpe1gb rdtscp lm constant_tsc arch_perfmon pebs bts rep_good nopl xtopology nonstop_tsc aperfmperf eagerfpu pni pclmulqdq dtes64 monitor ds_cpl vmx smx est tm2 ssse3 fma cx16 xtpr pdcm pcid sse4_1 sse4_2 x2apic movbe popcnt tsc_deadline_timer aes xsave avx f16c rdrand lahf_lm abm 3dnowprefetch ida arat epb pln pts dtherm tpr_shadow vnmi flexpriority ept vpid fsgsbase tsc_adjust bmi1 hle avx2 smep bmi2 erms invpcid rtm rdseed adx smap xsaveopt
bugs		:
bogomips	: 5188.48
clflush size	: 64
cache_alignment	: 64
address sizes	: 39 bits physical, 48 bits virtual
power management:

processor	: 3
vendor_id	: GenuineIntel
cpu family	: 6
model		: 61
model name	: Intel(R) Core(TM) i7-5600U CPU @ 2.60GHz
stepping	: 4
microcode	: 0x19
cpu MHz		: 1989.203
cache size	: 4096 KB
physical id	: 0
siblings	: 4
core id		: 1
cpu cores	: 2
apicid		: 3
initial apicid	: 3
fpu		: yes
fpu_exception	: yes
cpuid level	: 20
wp		: yes
flags		: fpu vme de pse tsc msr pae mce cx8 apic sep mtrr pge mca cmov pat pse36 clflush dts acpi mmx fxsr sse sse2 ss ht tm pbe syscall nx pdpe1gb rdtscp lm constant_tsc arch_perfmon pebs bts rep_good nopl xtopology nonstop_tsc aperfmperf eagerfpu pni pclmulqdq dtes64 monitor ds_cpl vmx smx est tm2 ssse3 fma cx16 xtpr pdcm pcid sse4_1 sse4_2 x2apic movbe popcnt tsc_deadline_timer aes xsave avx f16c rdrand lahf_lm abm 3dnowprefetch ida arat epb pln pts dtherm tpr_shadow vnmi flexpriority ept vpid fsgsbase tsc_adjust bmi1 hle avx2 smep bmi2 erms invpcid rtm rdseed adx smap xsaveopt
bugs		:
bogomips	: 5188.48
clflush size	: 64
cache_alignment	: 64
address sizes	: 39 bits physical, 48 bits virtual
power management:



Memory: 4k page, physical 16309452k(11607044k free), swap 16653308k(16584300k free)

vm_info: Java HotSpot(TM) 64-Bit Server VM (25.51-b03) for linux-amd64 JRE (1.8.0_51-b16), built on Jun  8 2015 19:28:07 by "java_re" with gcc 4.3.0 20080428 (Red Hat 4.3.0-8)

time: Sat Oct 10 15:15:49 2015
elapsed time: 20 seconds (0d 0h 0m 20s)

