#
# A fatal error has been detected by the Java Runtime Environment:
#
#  SIGSEGV (0xb) at pc=0x00007f5d6903b998, pid=10128, tid=140040702990080
#
# JRE version: Java(TM) SE Runtime Environment (8.0_51-b16) (build 1.8.0_51-b16)
# Java VM: Java HotSpot(TM) 64-Bit Server VM (25.51-b03 mixed mode linux-amd64 compressed oops)
# Problematic frame:
# C  [i965_dri.so+0x3c9998]
#
# Failed to write core dump. Core dumps have been disabled. To enable core dumping, try "ulimit -c unlimited" before starting Java again
#
# If you would like to submit a bug report, please visit:
#   http://bugreport.java.com/bugreport/crash.jsp
# The crash happened outside the Java Virtual Machine in native code.
# See problematic frame for where to report the bug.
#

---------------  T H R E A D  ---------------

Current thread (0x00007f5de06ab800):  JavaThread "main-Display-.x11_:0-1-EDT-1" daemon [_thread_in_native, id=10168, stack(0x00007f5dc44b1000,0x00007f5dc45b2000)]

siginfo: si_signo: 11 (SIGSEGV), si_code: 1 (SEGV_MAPERR), si_addr: 0x0000000100000000

Registers:
RAX=0x00007f5d6903b990, RBX=0x00007f5d6c050000, RCX=0x0000000000000000, RDX=0x0000000000000001
RSP=0x00007f5dc45af190, RBP=0x00007f5d6402bfa0, RSI=0x00007f5d6c0500e0, RDI=0x0000000100000000
R8 =0x0000000000000000, R9 =0x00007f5db0140fc0, R10=0x00007f5dd0e6ff47, R11=0x0000000000000000
R12=0x00007f5d64029a50, R13=0x0000000000000000, R14=0x00007f5d6402d190, R15=0x0000000000000000
RIP=0x00007f5d6903b998, EFLAGS=0x0000000000010206, CSGSFS=0x0000000000000033, ERR=0x0000000000000004
  TRAPNO=0x000000000000000e

Top of Stack: (sp=0x00007f5dc45af190)
0x00007f5dc45af190:   00007f5dc45af280 0000000000000000
0x00007f5dc45af1a0:   00007f5d6c050000 00007f5d6402bfa0
0x00007f5dc45af1b0:   00007f5d64029a50 00007f5db014104e
0x00007f5dc45af1c0:   00007f5dc45af1f8 00007f5db038e660
0x00007f5dc45af1d0:   00007f5d6401e720 00007f5d00000000
0x00007f5dc45af1e0:   0000000000000000 0000000000000000
0x00007f5dc45af1f0:   00007f5dc45af500 00007f5d6c050000
0x00007f5dc45af200:   0000000004200002 00000007c0122058
0x00007f5dc45af210:   00007f5dc45af280 0000000000000000
0x00007f5dc45af220:   00007f5dc45af518 00007f5dc45af2c0
0x00007f5dc45af230:   00007f5de06ab800 00007f5d6a755ba7
0x00007f5dc45af240:   0000000000000000 00007f5db011aab0
0x00007f5dc45af250:   0000000004200002 00007f5d6401e720
0x00007f5dc45af260:   00007f5dc45af2c0 00007f5de06ab9f8
0x00007f5dc45af270:   00007f5dc41e1510 00007f5db011aab0
0x00007f5dc45af280:   00007f5dc45af2d0 00007f5dd0e6ffbd
0x00007f5dc45af290:   fffffffe00000000 0000000000000000
0x00007f5dc45af2a0:   00000006c78aa140 00000006c78aa150
0x00007f5dc45af2b0:   00000000000003d8 00007f5de0651970
0x00007f5dc45af2c0:   00000006c784c5a0 00000007c0169668
0x00007f5dc45af2d0:   00007f5dc45af560 00007f5dd0e7303c
0x00007f5dc45af2e0:   00000006c78aa068 00000006c78aa078
0x00007f5dc45af2f0:   fffffffe00000000 0000000000000000
0x00007f5dc45af300:   0000000000000031 00000006c78aa150
0x00007f5dc45af310:   00007f5dc45af518 00007f5dd07e0f03
0x00007f5dc45af320:   00007f5dc45af560 00007f5dd0cab574
0x00007f5dc45af330:   00007f5dc45af560 00007f5dc45af518
0x00007f5dc45af340:   0000000000000031 00000006c78aa078
0x00007f5dc45af350:   00000006c78aa130 00007f5d00000000
0x00007f5dc45af360:   00007f5dc45af560 00007f5dd0dc84a4
0x00007f5dc45af370:   00007f5dc45af518 00007f5dd07e0f03
0x00007f5dc45af380:   00007f5dd07b85d0 00007f5d00000000 

Instructions: (pc=0x00007f5d6903b998)
0x00007f5d6903b978:   0f 1f 84 00 00 00 00 00 48 83 c4 10 5b 5d 41 5c
0x00007f5d6903b988:   c3 0f 1f 80 00 00 00 00 41 54 55 53 48 83 ec 10
0x00007f5d6903b998:   48 8b 1f 48 85 db 74 3d f6 83 48 05 00 00 01 49
0x00007f5d6903b9a8:   89 f4 89 cd 75 72 83 e2 01 75 5d 83 e5 fd 74 38 

Register to memory mapping:

RAX=0x00007f5d6903b990: <offset 0x3c9990> in /usr/lib/x86_64-linux-gnu/dri/i965_dri.so at 0x00007f5d68c72000
RBX=0x00007f5d6c050000 is an unknown value
RCX=0x0000000000000000 is an unknown value
RDX=0x0000000000000001 is an unknown value
RSP=0x00007f5dc45af190 is pointing into the stack for thread: 0x00007f5de06ab800
RBP=0x00007f5d6402bfa0 is an unknown value
RSI=0x00007f5d6c0500e0 is an unknown value
RDI=0x0000000100000000 is an unknown value
R8 =0x0000000000000000 is an unknown value
R9 =0x00007f5db0140fc0: <offset 0x42fc0> in /usr/lib/x86_64-linux-gnu/mesa/libGL.so.1 at 0x00007f5db00fe000
R10=0x00007f5dd0e6ff47 is at entry_point+71 in (nmethod*)0x00007f5dd0e6fd90
R11=0x0000000000000000 is an unknown value
R12=0x00007f5d64029a50 is an unknown value
R13=0x0000000000000000 is an unknown value
R14=0x00007f5d6402d190 is an unknown value
R15=0x0000000000000000 is an unknown value


Stack: [0x00007f5dc44b1000,0x00007f5dc45b2000],  sp=0x00007f5dc45af190,  free space=1016k
Native frames: (J=compiled Java code, j=interpreted, Vv=VM code, C=native code)
C  [i965_dri.so+0x3c9998]

Java frames: (J=compiled Java code, j=interpreted, Vv=VM code)
J 1757  jogamp.opengl.x11.glx.GLX.dispatch_glXSwapBuffers0(JJJ)V (0 bytes) @ 0x00007f5dd0e6ff47 [0x00007f5dd0e6ff00+0x47]
J 1756 C1 jogamp.opengl.x11.glx.GLX.glXSwapBuffers(JJ)V (45 bytes) @ 0x00007f5dd0e7303c [0x00007f5dd0e72620+0xa1c]
J 1755 C1 jogamp.opengl.x11.glx.X11GLXDrawable.swapBuffersImpl(Z)V (21 bytes) @ 0x00007f5dd0e7218c [0x00007f5dd0e71ee0+0x2ac]
J 1754 C1 jogamp.opengl.GLDrawableImpl.swapBuffers()V (138 bytes) @ 0x00007f5dd0e70a74 [0x00007f5dd0e703a0+0x6d4]
j  jogamp.opengl.GLAutoDrawableBase.defaultSwapBuffers()V+23
j  com.jogamp.newt.opengl.GLWindow.swapBuffers()V+1
j  processing.opengl.PJOGL.swapBuffers()V+15
j  processing.opengl.PGraphicsOpenGL.dispose()V+15
j  processing.core.PApplet.dispose()V+28
j  processing.opengl.PSurfaceJOGL$NEWTWindowListener.windowDestroyNotify(Lcom/jogamp/newt/event/WindowEvent;)V+7
j  jogamp.newt.WindowImpl.consumeWindowEvent(Lcom/jogamp/newt/event/WindowEvent;)V+254
j  jogamp.newt.WindowImpl.sendWindowEvent(I)V+14
j  jogamp.newt.WindowImpl$1.run()V+143
j  jogamp.newt.DisplayImpl.runOnEDTIfAvail(ZLjava/lang/Runnable;)V+172
j  jogamp.newt.WindowImpl.runOnEDTIfAvail(ZLjava/lang/Runnable;)V+36
j  jogamp.newt.WindowImpl.destroy()V+11
j  com.jogamp.newt.opengl.GLWindow.destroy()V+4
j  jogamp.opengl.GLAutoDrawableBase.destroyAvoidAwareOfLocking()V+31
j  jogamp.opengl.GLAutoDrawableBase.defaultWindowDestroyNotifyOp()V+43
j  com.jogamp.newt.opengl.GLWindow.access$000(Lcom/jogamp/newt/opengl/GLWindow;)V+1
j  com.jogamp.newt.opengl.GLWindow$1.run()V+4
j  jogamp.newt.WindowImpl.windowDestroyNotify(Z)Z+147
v  ~StubRoutines::call_stub
J 1453  jogamp.newt.driver.x11.DisplayDriver.DispatchMessages0(JJJII)V (0 bytes) @ 0x00007f5dd0d5447f [0x00007f5dd0d54440+0x3f]
J 1452 C1 jogamp.newt.driver.x11.DisplayDriver.dispatchMessagesNative()V (66 bytes) @ 0x00007f5dd0d58094 [0x00007f5dd0d57d00+0x394]
J 1380 C1 jogamp.newt.DisplayImpl.dispatchMessages()V (116 bytes) @ 0x00007f5dd0d0aff4 [0x00007f5dd0d0a5a0+0xa54]
J 1379 C1 jogamp.newt.DisplayImpl$7.run()V (8 bytes) @ 0x00007f5dd0d0be4c [0x00007f5dd0d0bd40+0x10c]
j  jogamp.newt.DefaultEDTUtil$NEDT.run()V+67
v  ~StubRoutines::call_stub

---------------  P R O C E S S  ---------------

Java Threads: ( => current thread )
  0x00007f5d6c132000 JavaThread "Thread-6" [_thread_blocked, id=10190, stack(0x00007f5d5e61a000,0x00007f5d5e71b000)]
  0x00007f5d6c11d800 JavaThread "Java Sound Event Dispatcher" daemon [_thread_blocked, id=10185, stack(0x00007f5d5e71b000,0x00007f5d5e81c000)]
  0x00007f5de000f800 JavaThread "DestroyJavaVM" [_thread_blocked, id=10130, stack(0x00007f5de724f000,0x00007f5de7350000)]
  0x00007f5de0715000 JavaThread "Thread-2" [_thread_blocked, id=10171, stack(0x00007f5dc4e78000,0x00007f5dc4f79000)]
  0x00007f5de070a000 JavaThread "main-SharedResourceRunner" daemon [_thread_blocked, id=10170, stack(0x00007f5d693f5000,0x00007f5d694f6000)]
  0x00007f5de06e0800 JavaThread "main-SharedResourceRunner" daemon [_thread_blocked, id=10169, stack(0x00007f5d6a5bc000,0x00007f5d6a6bd000)]
=>0x00007f5de06ab800 JavaThread "main-Display-.x11_:0-1-EDT-1" daemon [_thread_in_native, id=10168, stack(0x00007f5dc44b1000,0x00007f5dc45b2000)]
  0x00007f5de050e800 JavaThread "process reaper" daemon [_thread_blocked, id=10161, stack(0x00007f5dc5cce000,0x00007f5dc5d07000)]
  0x00007f5de02bc000 JavaThread "AWT-XAWT" daemon [_thread_in_native, id=10157, stack(0x00007f5dc6175000,0x00007f5dc6276000)]
  0x00007f5de029c800 JavaThread "Java2D Disposer" daemon [_thread_blocked, id=10156, stack(0x00007f5dc6686000,0x00007f5dc6787000)]
  0x00007f5de00e0800 JavaThread "Service Thread" daemon [_thread_blocked, id=10154, stack(0x00007f5dcc4d1000,0x00007f5dcc5d2000)]
  0x00007f5de00d3800 JavaThread "C1 CompilerThread2" daemon [_thread_blocked, id=10153, stack(0x00007f5dcc5d2000,0x00007f5dcc6d3000)]
  0x00007f5de00d1800 JavaThread "C2 CompilerThread1" daemon [_thread_blocked, id=10152, stack(0x00007f5dcc6d3000,0x00007f5dcc7d4000)]
  0x00007f5de00ce800 JavaThread "C2 CompilerThread0" daemon [_thread_blocked, id=10151, stack(0x00007f5dcc7d4000,0x00007f5dcc8d5000)]
  0x00007f5da0001000 JavaThread "JDWP Command Reader" daemon [_thread_in_native, id=10145, stack(0x00007f5dcc8d5000,0x00007f5dcc9d6000)]
  0x00007f5de00cc800 JavaThread "JDWP Event Helper Thread" daemon [_thread_blocked, id=10140, stack(0x00007f5dcc9d6000,0x00007f5dccad7000)]
  0x00007f5de00c9000 JavaThread "JDWP Transport Listener: dt_socket" daemon [_thread_blocked, id=10139, stack(0x00007f5dccad7000,0x00007f5dccbd8000)]
  0x00007f5de00bb800 JavaThread "Signal Dispatcher" daemon [_thread_blocked, id=10138, stack(0x00007f5dccddc000,0x00007f5dccedd000)]
  0x00007f5de0084800 JavaThread "Finalizer" daemon [_thread_blocked, id=10137, stack(0x00007f5dccedd000,0x00007f5dccfde000)]
  0x00007f5de0082800 JavaThread "Reference Handler" daemon [_thread_blocked, id=10136, stack(0x00007f5dccfde000,0x00007f5dcd0df000)]

Other Threads:
  0x00007f5de007d000 VMThread [stack: 0x00007f5dcd0df000,0x00007f5dcd1e0000] [id=10135]
  0x00007f5de00e3800 WatcherThread [stack: 0x00007f5dcc3d0000,0x00007f5dcc4d1000] [id=10155]

VM state:not at safepoint (normal execution)

VM Mutex/Monitor currently owned by a thread: None

Heap:
 PSYoungGen      total 88064K, used 43853K [0x000000076d100000, 0x0000000773e80000, 0x00000007c0000000)
  eden space 87552K, 49% used [0x000000076d100000,0x000000076fbbb660,0x0000000772680000)
  from space 512K, 18% used [0x0000000772900000,0x0000000772918000,0x0000000772980000)
  to   space 12288K, 0% used [0x0000000773280000,0x0000000773280000,0x0000000773e80000)
 ParOldGen       total 171008K, used 9853K [0x00000006c7200000, 0x00000006d1900000, 0x000000076d100000)
  object space 171008K, 5% used [0x00000006c7200000,0x00000006c7b9f400,0x00000006d1900000)
 Metaspace       used 17407K, capacity 17642K, committed 17792K, reserved 1064960K
  class space    used 1550K, capacity 1630K, committed 1664K, reserved 1048576K

Card table byte_map: [0x00007f5dcfc2b000,0x00007f5dd03f3000] byte_map_base: 0x00007f5dcc5f2000

Marking Bits: (ParMarkBitMap*) 0x00007f5de672d660
 Begin Bits: [0x00007f5db0390000, 0x00007f5db41c8000)
 End Bits:   [0x00007f5db41c8000, 0x00007f5db8000000)

Polling page: 0x00007f5de7374000

CodeCache: size=245760Kb used=7081Kb max_used=7081Kb free=238678Kb
 bounds [0x00007f5dd07b3000, 0x00007f5dd0eb3000, 0x00007f5ddf7b3000]
 total_blobs=2771 nmethods=1816 adapters=877
 compilation: enabled

Compilation events (10 events):
Event: 24.536 Thread 0x00007f5de00d3800 1814       3       processing.opengl.PGL::beginRender (400 bytes)
Event: 24.538 Thread 0x00007f5de00d3800 nmethod 1814 0x00007f5dd0e9d0d0 code [0x00007f5dd0e9d3a0, 0x00007f5dd0e9e658]
Event: 24.538 Thread 0x00007f5de00d3800 1815       3       processing.opengl.PGL::getDrawFramebuffer (37 bytes)
Event: 24.539 Thread 0x00007f5de00d3800 nmethod 1815 0x00007f5dd0e9ead0 code [0x00007f5dd0e9ec60, 0x00007f5dd0e9eff8]
Event: 24.539 Thread 0x00007f5de00d3800 1816       3       processing.opengl.PGL::getReadFramebuffer (20 bytes)
Event: 24.539 Thread 0x00007f5de00d3800 nmethod 1816 0x00007f5dd0e9f110 code [0x00007f5dd0e9f280, 0x00007f5dd0e9f508]
Event: 24.539 Thread 0x00007f5de00d3800 1817       3       processing.opengl.PGraphicsOpenGL::setGLSettings (390 bytes)
Event: 24.546 Thread 0x00007f5de00d3800 nmethod 1817 0x00007f5dd0e9f5d0 code [0x00007f5dd0e9fa40, 0x00007f5dd0ea22a8]
Event: 24.546 Thread 0x00007f5de00d3800 1818       3       processing.opengl.PJOGL::depthFunc (11 bytes)
Event: 24.546 Thread 0x00007f5de00d3800 nmethod 1818 0x00007f5dd0ea3010 code [0x00007f5dd0ea3180, 0x00007f5dd0ea33a8]

GC Heap History (10 events):
Event: 19.237 GC heap before
{Heap before GC invocations=13 (full 0):
 PSYoungGen      total 111616K, used 100960K [0x000000076d100000, 0x0000000774f80000, 0x00000007c0000000)
  eden space 100864K, 100% used [0x000000076d100000,0x0000000773380000,0x0000000773380000)
  from space 10752K, 0% used [0x0000000774500000,0x0000000774518000,0x0000000774f80000)
  to   space 14336K, 0% used [0x0000000773380000,0x0000000773380000,0x0000000774180000)
 ParOldGen       total 171008K, used 9813K [0x00000006c7200000, 0x00000006d1900000, 0x000000076d100000)
  object space 171008K, 5% used [0x00000006c7200000,0x00000006c7b95400,0x00000006d1900000)
 Metaspace       used 17348K, capacity 17578K, committed 17792K, reserved 1064960K
  class space    used 1550K, capacity 1630K, committed 1664K, reserved 1048576K
Event: 19.238 GC heap after
Heap after GC invocations=13 (full 0):
 PSYoungGen      total 98304K, used 64K [0x000000076d100000, 0x0000000774c80000, 0x00000007c0000000)
  eden space 97792K, 0% used [0x000000076d100000,0x000000076d100000,0x0000000773080000)
  from space 512K, 12% used [0x0000000773380000,0x0000000773390000,0x0000000773400000)
  to   space 14336K, 0% used [0x0000000773e80000,0x0000000773e80000,0x0000000774c80000)
 ParOldGen       total 171008K, used 9821K [0x00000006c7200000, 0x00000006d1900000, 0x000000076d100000)
  object space 171008K, 5% used [0x00000006c7200000,0x00000006c7b97400,0x00000006d1900000)
 Metaspace       used 17348K, capacity 17578K, committed 17792K, reserved 1064960K
  class space    used 1550K, capacity 1630K, committed 1664K, reserved 1048576K
}
Event: 20.442 GC heap before
{Heap before GC invocations=14 (full 0):
 PSYoungGen      total 98304K, used 97856K [0x000000076d100000, 0x0000000774c80000, 0x00000007c0000000)
  eden space 97792K, 100% used [0x000000076d100000,0x0000000773080000,0x0000000773080000)
  from space 512K, 12% used [0x0000000773380000,0x0000000773390000,0x0000000773400000)
  to   space 14336K, 0% used [0x0000000773e80000,0x0000000773e80000,0x0000000774c80000)
 ParOldGen       total 171008K, used 9821K [0x00000006c7200000, 0x00000006d1900000, 0x000000076d100000)
  object space 171008K, 5% used [0x00000006c7200000,0x00000006c7b97400,0x00000006d1900000)
 Metaspace       used 17390K, capacity 17642K, committed 17792K, reserved 1064960K
  class space    used 1550K, capacity 1630K, committed 1664K, reserved 1048576K
Event: 20.444 GC heap after
Heap after GC invocations=14 (full 0):
 PSYoungGen      total 105984K, used 64K [0x000000076d100000, 0x0000000774900000, 0x00000007c0000000)
  eden space 95232K, 0% used [0x000000076d100000,0x000000076d100000,0x0000000772e00000)
  from space 10752K, 0% used [0x0000000773e80000,0x0000000773e90000,0x0000000774900000)
  to   space 13824K, 0% used [0x0000000772e00000,0x0000000772e00000,0x0000000773b80000)
 ParOldGen       total 171008K, used 9837K [0x00000006c7200000, 0x00000006d1900000, 0x000000076d100000)
  object space 171008K, 5% used [0x00000006c7200000,0x00000006c7b9b400,0x00000006d1900000)
 Metaspace       used 17390K, capacity 17642K, committed 17792K, reserved 1064960K
  class space    used 1550K, capacity 1630K, committed 1664K, reserved 1048576K
}
Event: 21.635 GC heap before
{Heap before GC invocations=15 (full 0):
 PSYoungGen      total 105984K, used 95296K [0x000000076d100000, 0x0000000774900000, 0x00000007c0000000)
  eden space 95232K, 100% used [0x000000076d100000,0x0000000772e00000,0x0000000772e00000)
  from space 10752K, 0% used [0x0000000773e80000,0x0000000773e90000,0x0000000774900000)
  to   space 13824K, 0% used [0x0000000772e00000,0x0000000772e00000,0x0000000773b80000)
 ParOldGen       total 171008K, used 9837K [0x00000006c7200000, 0x00000006d1900000, 0x000000076d100000)
  object space 171008K, 5% used [0x00000006c7200000,0x00000006c7b9b400,0x00000006d1900000)
 Metaspace       used 17391K, capacity 17642K, committed 17792K, reserved 1064960K
  class space    used 1550K, capacity 1630K, committed 1664K, reserved 1048576K
Event: 21.637 GC heap after
Heap after GC invocations=15 (full 0):
 PSYoungGen      total 93184K, used 32K [0x000000076d100000, 0x0000000774580000, 0x00000007c0000000)
  eden space 92672K, 0% used [0x000000076d100000,0x000000076d100000,0x0000000772b80000)
  from space 512K, 6% used [0x0000000772e00000,0x0000000772e08000,0x0000000772e80000)
  to   space 13312K, 0% used [0x0000000773880000,0x0000000773880000,0x0000000774580000)
 ParOldGen       total 171008K, used 9845K [0x00000006c7200000, 0x00000006d1900000, 0x000000076d100000)
  object space 171008K, 5% used [0x00000006c7200000,0x00000006c7b9d400,0x00000006d1900000)
 Metaspace       used 17391K, capacity 17642K, committed 17792K, reserved 1064960K
  class space    used 1550K, capacity 1630K, committed 1664K, reserved 1048576K
}
Event: 22.878 GC heap before
{Heap before GC invocations=16 (full 0):
 PSYoungGen      total 93184K, used 92704K [0x000000076d100000, 0x0000000774580000, 0x00000007c0000000)
  eden space 92672K, 100% used [0x000000076d100000,0x0000000772b80000,0x0000000772b80000)
  from space 512K, 6% used [0x0000000772e00000,0x0000000772e08000,0x0000000772e80000)
  to   space 13312K, 0% used [0x0000000773880000,0x0000000773880000,0x0000000774580000)
 ParOldGen       total 171008K, used 9845K [0x00000006c7200000, 0x00000006d1900000, 0x000000076d100000)
  object space 171008K, 5% used [0x00000006c7200000,0x00000006c7b9d400,0x00000006d1900000)
 Metaspace       used 17392K, capacity 17642K, committed 17792K, reserved 1064960K
  class space    used 1550K, capacity 1630K, committed 1664K, reserved 1048576K
Event: 22.880 GC heap after
Heap after GC invocations=16 (full 0):
 PSYoungGen      total 99840K, used 32K [0x000000076d100000, 0x0000000774200000, 0x00000007c0000000)
  eden space 90112K, 0% used [0x000000076d100000,0x000000076d100000,0x0000000772900000)
  from space 9728K, 0% used [0x0000000773880000,0x0000000773888000,0x0000000774200000)
  to   space 12800K, 0% used [0x0000000772900000,0x0000000772900000,0x0000000773580000)
 ParOldGen       total 171008K, used 9845K [0x00000006c7200000, 0x00000006d1900000, 0x000000076d100000)
  object space 171008K, 5% used [0x00000006c7200000,0x00000006c7b9d400,0x00000006d1900000)
 Metaspace       used 17392K, capacity 17642K, committed 17792K, reserved 1064960K
  class space    used 1550K, capacity 1630K, committed 1664K, reserved 1048576K
}
Event: 24.035 GC heap before
{Heap before GC invocations=17 (full 0):
 PSYoungGen      total 99840K, used 90144K [0x000000076d100000, 0x0000000774200000, 0x00000007c0000000)
  eden space 90112K, 100% used [0x000000076d100000,0x0000000772900000,0x0000000772900000)
  from space 9728K, 0% used [0x0000000773880000,0x0000000773888000,0x0000000774200000)
  to   space 12800K, 0% used [0x0000000772900000,0x0000000772900000,0x0000000773580000)
 ParOldGen       total 171008K, used 9845K [0x00000006c7200000, 0x00000006d1900000, 0x000000076d100000)
  object space 171008K, 5% used [0x00000006c7200000,0x00000006c7b9d400,0x00000006d1900000)
 Metaspace       used 17392K, capacity 17642K, committed 17792K, reserved 1064960K
  class space    used 1550K, capacity 1630K, committed 1664K, reserved 1048576K
Event: 24.036 GC heap after
Heap after GC invocations=17 (full 0):
 PSYoungGen      total 88064K, used 96K [0x000000076d100000, 0x0000000773e80000, 0x00000007c0000000)
  eden space 87552K, 0% used [0x000000076d100000,0x000000076d100000,0x0000000772680000)
  from space 512K, 18% used [0x0000000772900000,0x0000000772918000,0x0000000772980000)
  to   space 12288K, 0% used [0x0000000773280000,0x0000000773280000,0x0000000773e80000)
 ParOldGen       total 171008K, used 9853K [0x00000006c7200000, 0x00000006d1900000, 0x000000076d100000)
  object space 171008K, 5% used [0x00000006c7200000,0x00000006c7b9f400,0x00000006d1900000)
 Metaspace       used 17392K, capacity 17642K, committed 17792K, reserved 1064960K
  class space    used 1550K, capacity 1630K, committed 1664K, reserved 1048576K
}

Deoptimization events (10 events):
Event: 2.278 Thread 0x00007f5de06e0800 Uncommon trap: reason=class_check action=maybe_recompile pc=0x00007f5dd0b3ac04 method=com.jogamp.common.os.DynamicLibraryBundle.dynamicLookupFunction(Ljava/lang/String;)J @ 80
Event: 2.278 Thread 0x00007f5de06e0800 Uncommon trap: reason=class_check action=maybe_recompile pc=0x00007f5dd0b2b970 method=com.jogamp.common.os.DynamicLibraryBundle.toolDynamicLookupFunction(Ljava/lang/String;)J @ 18
Event: 2.445 Thread 0x00007f5de000f800 Uncommon trap: reason=unstable_if action=reinterpret pc=0x00007f5dd0b4866c method=java.lang.reflect.AccessibleObject.setAccessible0(Ljava/lang/reflect/AccessibleObject;Z)V @ 4
Event: 2.602 Thread 0x00007f5de0714000 Uncommon trap: reason=unstable_if action=reinterpret pc=0x00007f5dd0a70830 method=sun.misc.MetaIndex.mayContain(Ljava/lang/String;)Z @ 38
Event: 2.696 Thread 0x00007f5de0714000 Uncommon trap: reason=unstable_if action=reinterpret pc=0x00007f5dd0b8628c method=javax.sound.sampled.AudioFormat.matches(Ljavax/sound/sampled/AudioFormat;)Z @ 112
Event: 2.935 Thread 0x00007f5de0714000 Uncommon trap: reason=unstable_if action=reinterpret pc=0x00007f5dd0bc7890 method=processing.core.PApplet.max(II)I @ 2
Event: 3.091 Thread 0x00007f5de0714000 Uncommon trap: reason=unstable_if action=reinterpret pc=0x00007f5dd0c030f4 method=processing.opengl.PGraphicsOpenGL$Tessellator.addLineSegment3D(IIIII[SZ)I @ 68
Event: 6.267 Thread 0x00007f5de0714000 Uncommon trap: reason=unstable_if action=reinterpret pc=0x00007f5dd0d2dc30 method=sun.misc.FloatingDecimal$BinaryToASCIIBuffer.dtoa(IJIZ)V @ 522
Event: 21.780 Thread 0x00007f5de0714000 Uncommon trap: reason=unstable_if action=reinterpret pc=0x00007f5dd0da4408 method=sun.misc.FloatingDecimal$BinaryToASCIIBuffer.estimateDecExp(JI)I @ 66
Event: 21.780 Thread 0x00007f5de0714000 Uncommon trap: reason=unstable_if action=reinterpret pc=0x00007f5dd0d51600 method=sun.misc.FloatingDecimal$BinaryToASCIIBuffer.getChars([C)I @ 47

Internal exceptions (10 events):
Event: 0.937 Thread 0x00007f5de000f800 Exception <a 'java/security/PrivilegedActionException'> (0x000000076d66e380) thrown at [/HUDSON/workspace/8-2-build-linux-amd64/jdk8u51/3951/hotspot/src/share/vm/prims/jvm.cpp, line 1382]
Event: 0.937 Thread 0x00007f5de000f800 Exception <a 'java/security/PrivilegedActionException'> (0x000000076d66e538) thrown at [/HUDSON/workspace/8-2-build-linux-amd64/jdk8u51/3951/hotspot/src/share/vm/prims/jvm.cpp, line 1382]
Event: 0.937 Thread 0x00007f5de000f800 Exception <a 'java/security/PrivilegedActionException'> (0x000000076d6707f0) thrown at [/HUDSON/workspace/8-2-build-linux-amd64/jdk8u51/3951/hotspot/src/share/vm/prims/jvm.cpp, line 1382]
Event: 0.937 Thread 0x00007f5de000f800 Exception <a 'java/security/PrivilegedActionException'> (0x000000076d6709a8) thrown at [/HUDSON/workspace/8-2-build-linux-amd64/jdk8u51/3951/hotspot/src/share/vm/prims/jvm.cpp, line 1382]
Event: 0.945 Thread 0x00007f5de000f800 Exception <a 'java/io/FileNotFoundException'> (0x000000076d67a700) thrown at [/HUDSON/workspace/8-2-build-linux-amd64/jdk8u51/3951/hotspot/src/share/vm/prims/jni.cpp, line 709]
Event: 0.945 Thread 0x00007f5de000f800 Exception <a 'java/io/FileNotFoundException'> (0x000000076d67b088) thrown at [/HUDSON/workspace/8-2-build-linux-amd64/jdk8u51/3951/hotspot/src/share/vm/prims/jni.cpp, line 709]
Event: 1.055 Thread 0x00007f5de000f800 Exception <a 'java/lang/NoSuchFieldError': method resolution failed> (0x000000076d780fe8) thrown at [/HUDSON/workspace/8-2-build-linux-amd64/jdk8u51/3951/hotspot/src/share/vm/prims/methodHandles.cpp, line 1125]
Event: 1.060 Thread 0x00007f5de000f800 Exception <a 'java/lang/NoSuchFieldError': method resolution failed> (0x000000076d78f9a8) thrown at [/HUDSON/workspace/8-2-build-linux-amd64/jdk8u51/3951/hotspot/src/share/vm/prims/methodHandles.cpp, line 1125]
Event: 2.230 Thread 0x00007f5de000f800 Exception <a 'java/lang/InterruptedException'> (0x000000076f292868) thrown at [/HUDSON/workspace/8-2-build-linux-amd64/jdk8u51/3951/hotspot/src/share/vm/runtime/objectMonitor.cpp, line 1683]
Event: 2.439 Thread 0x00007f5de000f800 Exception <a 'java/lang/InterruptedException'> (0x000000076f29dd08) thrown at [/HUDSON/workspace/8-2-build-linux-amd64/jdk8u51/3951/hotspot/src/share/vm/runtime/objectMonitor.cpp, line 1683]

Events (10 events):
Event: 24.414 Thread 0x00007f5de0714000 DEOPT PACKING pc=0x00007f5dd0e5d6ec sp=0x00007f5dc58a3fb0
Event: 24.414 Thread 0x00007f5de0714000 DEOPT UNPACKING pc=0x00007f5dd07fa633 sp=0x00007f5dc58a3d08 mode 1
Event: 24.448 Thread 0x00007f5de0714000 DEOPT PACKING pc=0x00007f5dd0e90e89 sp=0x00007f5dc58a3f60
Event: 24.448 Thread 0x00007f5de0714000 DEOPT UNPACKING pc=0x00007f5dd07fa633 sp=0x00007f5dc58a3cf8 mode 1
Event: 24.448 Thread 0x00007f5de0714000 DEOPT PACKING pc=0x00007f5dd0e5d6ec sp=0x00007f5dc58a3ff0
Event: 24.448 Thread 0x00007f5de0714000 DEOPT UNPACKING pc=0x00007f5dd07fa633 sp=0x00007f5dc58a3d48 mode 1
Event: 24.532 Thread 0x00007f5de0714000 DEOPT PACKING pc=0x00007f5dd0e90e89 sp=0x00007f5dc58a3f60
Event: 24.532 Thread 0x00007f5de0714000 DEOPT UNPACKING pc=0x00007f5dd07fa633 sp=0x00007f5dc58a3cf8 mode 1
Event: 24.532 Thread 0x00007f5de0714000 DEOPT PACKING pc=0x00007f5dd0e5d6ec sp=0x00007f5dc58a3ff0
Event: 24.532 Thread 0x00007f5de0714000 DEOPT UNPACKING pc=0x00007f5dd07fa633 sp=0x00007f5dc58a3d48 mode 1


Dynamic libraries:
00400000-00401000 r-xp 00000000 08:02 6695910                            /usr/bin/processing-3.0/java/bin/java
00600000-00601000 rw-p 00000000 08:02 6695910                            /usr/bin/processing-3.0/java/bin/java
0214b000-0216c000 rw-p 00000000 00:00 0                                  [heap]
6c7200000-6d1900000 rw-p 00000000 00:00 0 
6d1900000-76d100000 ---p 00000000 00:00 0 
76d100000-773e80000 rw-p 00000000 00:00 0 
773e80000-7c0000000 ---p 00000000 00:00 0 
7c0000000-7c01a0000 rw-p 00000000 00:00 0 
7c01a0000-800000000 ---p 00000000 00:00 0 
7f5d3ffff000-7f5d44000000 r--s 00000000 00:16 18791                      /run/shm/pulse-shm-3302753902
7f5d44000000-7f5d44021000 rw-p 00000000 00:00 0 
7f5d44021000-7f5d48000000 ---p 00000000 00:00 0 
7f5d48000000-7f5d4828e000 rw-p 00000000 00:00 0 
7f5d4828e000-7f5d4c000000 ---p 00000000 00:00 0 
7f5d4c000000-7f5d4c021000 rw-p 00000000 00:00 0 
7f5d4c021000-7f5d50000000 ---p 00000000 00:00 0 
7f5d537fe000-7f5d537ff000 ---p 00000000 00:00 0 
7f5d537ff000-7f5d53fff000 rw-p 00000000 00:00 0 
7f5d53fff000-7f5d58000000 rw-s 00000000 00:16 166234                     /run/shm/pulse-shm-2452541842
7f5d58000000-7f5d5ae0e000 rw-p 00000000 00:00 0 
7f5d5ae0e000-7f5d5c000000 ---p 00000000 00:00 0 
7f5d5c18e000-7f5d5c18f000 ---p 00000000 00:00 0 
7f5d5c18f000-7f5d5c98f000 rw-p 00000000 00:00 0                          [stack:10186]
7f5d5c98f000-7f5d5c995000 r-xp 00000000 08:02 6947199                    /usr/lib/x86_64-linux-gnu/alsa-lib/libasound_module_pcm_pulse.so
7f5d5c995000-7f5d5cb94000 ---p 00006000 08:02 6947199                    /usr/lib/x86_64-linux-gnu/alsa-lib/libasound_module_pcm_pulse.so
7f5d5cb94000-7f5d5cb95000 r--p 00005000 08:02 6947199                    /usr/lib/x86_64-linux-gnu/alsa-lib/libasound_module_pcm_pulse.so
7f5d5cb95000-7f5d5cb96000 rw-p 00006000 08:02 6947199                    /usr/lib/x86_64-linux-gnu/alsa-lib/libasound_module_pcm_pulse.so
7f5d5cb96000-7f5d5cbad000 r-xp 00000000 08:02 13635816                   /lib/x86_64-linux-gnu/libresolv-2.19.so
7f5d5cbad000-7f5d5cdad000 ---p 00017000 08:02 13635816                   /lib/x86_64-linux-gnu/libresolv-2.19.so
7f5d5cdad000-7f5d5cdae000 r--p 00017000 08:02 13635816                   /lib/x86_64-linux-gnu/libresolv-2.19.so
7f5d5cdae000-7f5d5cdaf000 rw-p 00018000 08:02 13635816                   /lib/x86_64-linux-gnu/libresolv-2.19.so
7f5d5cdaf000-7f5d5cdb1000 rw-p 00000000 00:00 0 
7f5d5cdb1000-7f5d5cdb8000 r-xp 00000000 08:02 6562227                    /usr/lib/x86_64-linux-gnu/libogg.so.0.8.1
7f5d5cdb8000-7f5d5cfb8000 ---p 00007000 08:02 6562227                    /usr/lib/x86_64-linux-gnu/libogg.so.0.8.1
7f5d5cfb8000-7f5d5cfb9000 r--p 00007000 08:02 6562227                    /usr/lib/x86_64-linux-gnu/libogg.so.0.8.1
7f5d5cfb9000-7f5d5cfba000 rw-p 00008000 08:02 6562227                    /usr/lib/x86_64-linux-gnu/libogg.so.0.8.1
7f5d5cfba000-7f5d5cfe6000 r-xp 00000000 08:02 6562501                    /usr/lib/x86_64-linux-gnu/libvorbis.so.0.4.5
7f5d5cfe6000-7f5d5d1e5000 ---p 0002c000 08:02 6562501                    /usr/lib/x86_64-linux-gnu/libvorbis.so.0.4.5
7f5d5d1e5000-7f5d5d1e6000 r--p 0002b000 08:02 6562501                    /usr/lib/x86_64-linux-gnu/libvorbis.so.0.4.5
7f5d5d1e6000-7f5d5d1e7000 rw-p 0002c000 08:02 6562501                    /usr/lib/x86_64-linux-gnu/libvorbis.so.0.4.5
7f5d5d1e7000-7f5d5d49a000 r-xp 00000000 08:02 6562503                    /usr/lib/x86_64-linux-gnu/libvorbisenc.so.2.0.8
7f5d5d49a000-7f5d5d699000 ---p 002b3000 08:02 6562503                    /usr/lib/x86_64-linux-gnu/libvorbisenc.so.2.0.8
7f5d5d699000-7f5d5d6b5000 r--p 002b2000 08:02 6562503                    /usr/lib/x86_64-linux-gnu/libvorbisenc.so.2.0.8
7f5d5d6b5000-7f5d5d6b6000 rw-p 002ce000 08:02 6562503                    /usr/lib/x86_64-linux-gnu/libvorbisenc.so.2.0.8
7f5d5d6b6000-7f5d5d6e6000 r-xp 00000000 08:02 6561366                    /usr/lib/x86_64-linux-gnu/libFLAC.so.8.3.0
7f5d5d6e6000-7f5d5d8e5000 ---p 00030000 08:02 6561366                    /usr/lib/x86_64-linux-gnu/libFLAC.so.8.3.0
7f5d5d8e5000-7f5d5d8e6000 r--p 0002f000 08:02 6561366                    /usr/lib/x86_64-linux-gnu/libFLAC.so.8.3.0
7f5d5d8e6000-7f5d5d8e7000 rw-p 00030000 08:02 6561366                    /usr/lib/x86_64-linux-gnu/libFLAC.so.8.3.0
7f5d5d8e7000-7f5d5d8ec000 r-xp 00000000 08:02 6561598                    /usr/lib/x86_64-linux-gnu/libasyncns.so.0.3.1
7f5d5d8ec000-7f5d5daeb000 ---p 00005000 08:02 6561598                    /usr/lib/x86_64-linux-gnu/libasyncns.so.0.3.1
7f5d5daeb000-7f5d5daec000 r--p 00004000 08:02 6561598                    /usr/lib/x86_64-linux-gnu/libasyncns.so.0.3.1
7f5d5daec000-7f5d5daed000 rw-p 00005000 08:02 6561598                    /usr/lib/x86_64-linux-gnu/libasyncns.so.0.3.1
7f5d5daed000-7f5d5db4e000 r-xp 00000000 08:02 6562384                    /usr/lib/x86_64-linux-gnu/libsndfile.so.1.0.25
7f5d5db4e000-7f5d5dd4e000 ---p 00061000 08:02 6562384                    /usr/lib/x86_64-linux-gnu/libsndfile.so.1.0.25
7f5d5dd4e000-7f5d5dd50000 r--p 00061000 08:02 6562384                    /usr/lib/x86_64-linux-gnu/libsndfile.so.1.0.25
7f5d5dd50000-7f5d5dd51000 rw-p 00063000 08:02 6562384                    /usr/lib/x86_64-linux-gnu/libsndfile.so.1.0.25
7f5d5dd51000-7f5d5dd55000 rw-p 00000000 00:00 0 
7f5d5dd55000-7f5d5dd5d000 r-xp 00000000 08:02 13635850                   /lib/x86_64-linux-gnu/libwrap.so.0.7.6
7f5d5dd5d000-7f5d5df5c000 ---p 00008000 08:02 13635850                   /lib/x86_64-linux-gnu/libwrap.so.0.7.6
7f5d5df5c000-7f5d5df5d000 r--p 00007000 08:02 13635850                   /lib/x86_64-linux-gnu/libwrap.so.0.7.6
7f5d5df5d000-7f5d5df5e000 rw-p 00008000 08:02 13635850                   /lib/x86_64-linux-gnu/libwrap.so.0.7.6
7f5d5df5e000-7f5d5df5f000 rw-p 00000000 00:00 0 
7f5d5df5f000-7f5d5dfc5000 r-xp 00000000 08:02 6948471                    /usr/lib/x86_64-linux-gnu/pulseaudio/libpulsecommon-4.0.so
7f5d5dfc5000-7f5d5e1c4000 ---p 00066000 08:02 6948471                    /usr/lib/x86_64-linux-gnu/pulseaudio/libpulsecommon-4.0.so
7f5d5e1c4000-7f5d5e1c5000 r--p 00065000 08:02 6948471                    /usr/lib/x86_64-linux-gnu/pulseaudio/libpulsecommon-4.0.so
7f5d5e1c5000-7f5d5e1c6000 rw-p 00066000 08:02 6948471                    /usr/lib/x86_64-linux-gnu/pulseaudio/libpulsecommon-4.0.so
7f5d5e1c6000-7f5d5e1d0000 r-xp 00000000 08:02 13635730                   /lib/x86_64-linux-gnu/libjson-c.so.2.0.0
7f5d5e1d0000-7f5d5e3cf000 ---p 0000a000 08:02 13635730                   /lib/x86_64-linux-gnu/libjson-c.so.2.0.0
7f5d5e3cf000-7f5d5e3d0000 r--p 00009000 08:02 13635730                   /lib/x86_64-linux-gnu/libjson-c.so.2.0.0
7f5d5e3d0000-7f5d5e3d1000 rw-p 0000a000 08:02 13635730                   /lib/x86_64-linux-gnu/libjson-c.so.2.0.0
7f5d5e3d1000-7f5d5e418000 r-xp 00000000 08:02 6562296                    /usr/lib/x86_64-linux-gnu/libpulse.so.0.16.2
7f5d5e418000-7f5d5e618000 ---p 00047000 08:02 6562296                    /usr/lib/x86_64-linux-gnu/libpulse.so.0.16.2
7f5d5e618000-7f5d5e619000 r--p 00047000 08:02 6562296                    /usr/lib/x86_64-linux-gnu/libpulse.so.0.16.2
7f5d5e619000-7f5d5e61a000 rw-p 00048000 08:02 6562296                    /usr/lib/x86_64-linux-gnu/libpulse.so.0.16.2
7f5d5e61a000-7f5d5e61d000 ---p 00000000 00:00 0 
7f5d5e61d000-7f5d5e71b000 rw-p 00000000 00:00 0                          [stack:10190]
7f5d5e71b000-7f5d5e71e000 ---p 00000000 00:00 0 
7f5d5e71e000-7f5d5e81c000 rw-p 00000000 00:00 0                          [stack:10185]
7f5d5e81c000-7f5d5e905000 r-xp 00000000 08:02 6561590                    /usr/lib/x86_64-linux-gnu/libasound.so.2.0.0
7f5d5e905000-7f5d5eb04000 ---p 000e9000 08:02 6561590                    /usr/lib/x86_64-linux-gnu/libasound.so.2.0.0
7f5d5eb04000-7f5d5eb0b000 r--p 000e8000 08:02 6561590                    /usr/lib/x86_64-linux-gnu/libasound.so.2.0.0
7f5d5eb0b000-7f5d5eb0c000 rw-p 000ef000 08:02 6561590                    /usr/lib/x86_64-linux-gnu/libasound.so.2.0.0
7f5d5eb0c000-7f5d5eb1b000 r-xp 00000000 08:02 8012164                    /usr/bin/processing-3.0/java/lib/amd64/libjsoundalsa.so
7f5d5eb1b000-7f5d5ed1a000 ---p 0000f000 08:02 8012164                    /usr/bin/processing-3.0/java/lib/amd64/libjsoundalsa.so
7f5d5ed1a000-7f5d5ed1b000 rw-p 0000e000 08:02 8012164                    /usr/bin/processing-3.0/java/lib/amd64/libjsoundalsa.so
7f5d5ed1b000-7f5d5ed1c000 r-xp 00000000 08:02 8012181                    /usr/bin/processing-3.0/java/lib/amd64/libjsound.so
7f5d5ed1c000-7f5d5ef1b000 ---p 00001000 08:02 8012181                    /usr/bin/processing-3.0/java/lib/amd64/libjsound.so
7f5d5ef1b000-7f5d5ef1c000 rw-p 00000000 08:02 8012181                    /usr/bin/processing-3.0/java/lib/amd64/libjsound.so
7f5d5ef1c000-7f5d5f0dc000 rw-p 00000000 00:00 0 
7f5d5f0dc000-7f5d5f11c000 ---p 00000000 00:00 0 
7f5d5f11c000-7f5d5f160000 r-xp 00000000 08:02 13635704                   /lib/x86_64-linux-gnu/libdbus-1.so.3.7.6
7f5d5f160000-7f5d5f35f000 ---p 00044000 08:02 13635704                   /lib/x86_64-linux-gnu/libdbus-1.so.3.7.6
7f5d5f35f000-7f5d5f360000 r--p 00043000 08:02 13635704                   /lib/x86_64-linux-gnu/libdbus-1.so.3.7.6
7f5d5f360000-7f5d5f361000 rw-p 00044000 08:02 13635704                   /lib/x86_64-linux-gnu/libdbus-1.so.3.7.6
7f5d5f361000-7f5d5f369000 r-xp 00000000 08:02 13635752                   /lib/x86_64-linux-gnu/libnih-dbus.so.1.0.0
7f5d5f369000-7f5d5f569000 ---p 00008000 08:02 13635752                   /lib/x86_64-linux-gnu/libnih-dbus.so.1.0.0
7f5d5f569000-7f5d5f56a000 r--p 00008000 08:02 13635752                   /lib/x86_64-linux-gnu/libnih-dbus.so.1.0.0
7f5d5f56a000-7f5d5f56b000 rw-p 00009000 08:02 13635752                   /lib/x86_64-linux-gnu/libnih-dbus.so.1.0.0
7f5d5f56b000-7f5d5f582000 r-xp 00000000 08:02 13635754                   /lib/x86_64-linux-gnu/libnih.so.1.0.0
7f5d5f582000-7f5d5f781000 ---p 00017000 08:02 13635754                   /lib/x86_64-linux-gnu/libnih.so.1.0.0
7f5d5f781000-7f5d5f782000 r--p 00016000 08:02 13635754                   /lib/x86_64-linux-gnu/libnih.so.1.0.0
7f5d5f782000-7f5d5f783000 rw-p 00017000 08:02 13635754                   /lib/x86_64-linux-gnu/libnih.so.1.0.0
7f5d5f783000-7f5d5f79c000 r-xp 00000000 08:02 13635695                   /lib/x86_64-linux-gnu/libcgmanager.so.0.0.0
7f5d5f79c000-7f5d5f99b000 ---p 00019000 08:02 13635695                   /lib/x86_64-linux-gnu/libcgmanager.so.0.0.0
7f5d5f99b000-7f5d5f99d000 r--p 00018000 08:02 13635695                   /lib/x86_64-linux-gnu/libcgmanager.so.0.0.0
7f5d5f99d000-7f5d5f99e000 rw-p 0001a000 08:02 13635695                   /lib/x86_64-linux-gnu/libcgmanager.so.0.0.0
7f5d5f99e000-7f5d5f9ae000 r-xp 00000000 08:02 13635838                   /lib/x86_64-linux-gnu/libudev.so.1.3.5
7f5d5f9ae000-7f5d5fbad000 ---p 00010000 08:02 13635838                   /lib/x86_64-linux-gnu/libudev.so.1.3.5
7f5d5fbad000-7f5d5fbae000 r--p 0000f000 08:02 13635838                   /lib/x86_64-linux-gnu/libudev.so.1.3.5
7f5d5fbae000-7f5d5fbaf000 rw-p 00010000 08:02 13635838                   /lib/x86_64-linux-gnu/libudev.so.1.3.5
7f5d5fbaf000-7f5d5fbe6000 r-xp 00000000 08:02 6562454                    /usr/lib/x86_64-linux-gnu/libtxc_dxtn_s2tc.so.0.0.0
7f5d5fbe6000-7f5d5fde5000 ---p 00037000 08:02 6562454                    /usr/lib/x86_64-linux-gnu/libtxc_dxtn_s2tc.so.0.0.0
7f5d5fde5000-7f5d5fde6000 r--p 00036000 08:02 6562454                    /usr/lib/x86_64-linux-gnu/libtxc_dxtn_s2tc.so.0.0.0
7f5d5fde6000-7f5d5fde7000 rw-p 00037000 08:02 6562454                    /usr/lib/x86_64-linux-gnu/libtxc_dxtn_s2tc.so.0.0.0
7f5d5fde7000-7f5d5fdff000 r-xp 00000000 08:02 13635853                   /lib/x86_64-linux-gnu/libz.so.1.2.8
7f5d5fdff000-7f5d5fffe000 ---p 00018000 08:02 13635853                   /lib/x86_64-linux-gnu/libz.so.1.2.8
7f5d5fffe000-7f5d5ffff000 r--p 00017000 08:02 13635853                   /lib/x86_64-linux-gnu/libz.so.1.2.8
7f5d5ffff000-7f5d60000000 rw-p 00018000 08:02 13635853                   /lib/x86_64-linux-gnu/libz.so.1.2.8
7f5d60000000-7f5d62ded000 rw-p 00000000 00:00 0 
7f5d62ded000-7f5d64000000 ---p 00000000 00:00 0 
7f5d64000000-7f5d649d5000 rw-p 00000000 00:00 0 
7f5d649d5000-7f5d68000000 ---p 00000000 00:00 0 
7f5d68030000-7f5d68130000 rw-s 148f06000 00:06 10208                     /dev/dri/card0
7f5d68130000-7f5d68138000 r-xp 00000000 08:02 6562259                    /usr/lib/x86_64-linux-gnu/libpciaccess.so.0.11.1
7f5d68138000-7f5d68337000 ---p 00008000 08:02 6562259                    /usr/lib/x86_64-linux-gnu/libpciaccess.so.0.11.1
7f5d68337000-7f5d68338000 r--p 00007000 08:02 6562259                    /usr/lib/x86_64-linux-gnu/libpciaccess.so.0.11.1
7f5d68338000-7f5d68339000 rw-p 00008000 08:02 6562259                    /usr/lib/x86_64-linux-gnu/libpciaccess.so.0.11.1
7f5d68339000-7f5d6841f000 r-xp 00000000 08:02 6562412                    /usr/lib/x86_64-linux-gnu/libstdc++.so.6.0.19
7f5d6841f000-7f5d6861e000 ---p 000e6000 08:02 6562412                    /usr/lib/x86_64-linux-gnu/libstdc++.so.6.0.19
7f5d6861e000-7f5d68626000 r--p 000e5000 08:02 6562412                    /usr/lib/x86_64-linux-gnu/libstdc++.so.6.0.19
7f5d68626000-7f5d68628000 rw-p 000ed000 08:02 6562412                    /usr/lib/x86_64-linux-gnu/libstdc++.so.6.0.19
7f5d68628000-7f5d6863d000 rw-p 00000000 00:00 0 
7f5d6863d000-7f5d68649000 r-xp 00000000 08:02 6561756                    /usr/lib/x86_64-linux-gnu/libdrm_radeon.so.1.0.1
7f5d68649000-7f5d68848000 ---p 0000c000 08:02 6561756                    /usr/lib/x86_64-linux-gnu/libdrm_radeon.so.1.0.1
7f5d68848000-7f5d68849000 r--p 0000b000 08:02 6561756                    /usr/lib/x86_64-linux-gnu/libdrm_radeon.so.1.0.1
7f5d68849000-7f5d6884a000 rw-p 0000c000 08:02 6561756                    /usr/lib/x86_64-linux-gnu/libdrm_radeon.so.1.0.1
7f5d6884a000-7f5d68850000 r-xp 00000000 08:02 6561754                    /usr/lib/x86_64-linux-gnu/libdrm_nouveau.so.2.0.0
7f5d68850000-7f5d68a4f000 ---p 00006000 08:02 6561754                    /usr/lib/x86_64-linux-gnu/libdrm_nouveau.so.2.0.0
7f5d68a4f000-7f5d68a50000 r--p 00005000 08:02 6561754                    /usr/lib/x86_64-linux-gnu/libdrm_nouveau.so.2.0.0
7f5d68a50000-7f5d68a51000 rw-p 00006000 08:02 6561754                    /usr/lib/x86_64-linux-gnu/libdrm_nouveau.so.2.0.0
7f5d68a51000-7f5d68a71000 r-xp 00000000 08:02 6561752                    /usr/lib/x86_64-linux-gnu/libdrm_intel.so.1.0.0
7f5d68a71000-7f5d68c70000 ---p 00020000 08:02 6561752                    /usr/lib/x86_64-linux-gnu/libdrm_intel.so.1.0.0
7f5d68c70000-7f5d68c71000 r--p 0001f000 08:02 6561752                    /usr/lib/x86_64-linux-gnu/libdrm_intel.so.1.0.0
7f5d68c71000-7f5d68c72000 rw-p 00020000 08:02 6561752                    /usr/lib/x86_64-linux-gnu/libdrm_intel.so.1.0.0
7f5d68c72000-7f5d691c6000 r-xp 00000000 08:02 6947244                    /usr/lib/x86_64-linux-gnu/dri/i965_dri.so
7f5d691c6000-7f5d693c6000 ---p 00554000 08:02 6947244                    /usr/lib/x86_64-linux-gnu/dri/i965_dri.so
7f5d693c6000-7f5d693e7000 r--p 00554000 08:02 6947244                    /usr/lib/x86_64-linux-gnu/dri/i965_dri.so
7f5d693e7000-7f5d693ee000 rw-p 00575000 08:02 6947244                    /usr/lib/x86_64-linux-gnu/dri/i965_dri.so
7f5d693ee000-7f5d693f5000 rw-p 00000000 00:00 0 
7f5d693f5000-7f5d693f8000 ---p 00000000 00:00 0 
7f5d693f8000-7f5d694f6000 rw-p 00000000 00:00 0                          [stack:10170]
7f5d694f6000-7f5d6954f000 r-xp 00000000 08:02 4461996                    /tmp/jogamp_0000/file_cache/jln8627387413840203111/jln5020816027678840524/libjogl_mobile.so
7f5d6954f000-7f5d6974f000 ---p 00059000 08:02 4461996                    /tmp/jogamp_0000/file_cache/jln8627387413840203111/jln5020816027678840524/libjogl_mobile.so
7f5d6974f000-7f5d69750000 rw-p 00059000 08:02 4461996                    /tmp/jogamp_0000/file_cache/jln8627387413840203111/jln5020816027678840524/libjogl_mobile.so
7f5d69750000-7f5d69757000 r-xp 00000000 08:02 6561790                    /usr/lib/x86_64-linux-gnu/libffi.so.6.0.1
7f5d69757000-7f5d69956000 ---p 00007000 08:02 6561790                    /usr/lib/x86_64-linux-gnu/libffi.so.6.0.1
7f5d69956000-7f5d69957000 r--p 00006000 08:02 6561790                    /usr/lib/x86_64-linux-gnu/libffi.so.6.0.1
7f5d69957000-7f5d69958000 rw-p 00007000 08:02 6561790                    /usr/lib/x86_64-linux-gnu/libffi.so.6.0.1
7f5d69958000-7f5d69964000 r-xp 00000000 08:02 6561843                    /usr/lib/x86_64-linux-gnu/libgbm.so.1.0.0
7f5d69964000-7f5d69b64000 ---p 0000c000 08:02 6561843                    /usr/lib/x86_64-linux-gnu/libgbm.so.1.0.0
7f5d69b64000-7f5d69b65000 r--p 0000c000 08:02 6561843                    /usr/lib/x86_64-linux-gnu/libgbm.so.1.0.0
7f5d69b65000-7f5d69b66000 rw-p 0000d000 08:02 6561843                    /usr/lib/x86_64-linux-gnu/libgbm.so.1.0.0
7f5d69b66000-7f5d69b75000 r-xp 00000000 08:02 6562520                    /usr/lib/x86_64-linux-gnu/libwayland-server.so.0.1.0
7f5d69b75000-7f5d69d74000 ---p 0000f000 08:02 6562520                    /usr/lib/x86_64-linux-gnu/libwayland-server.so.0.1.0
7f5d69d74000-7f5d69d76000 r--p 0000e000 08:02 6562520                    /usr/lib/x86_64-linux-gnu/libwayland-server.so.0.1.0
7f5d69d76000-7f5d69d77000 rw-p 00010000 08:02 6562520                    /usr/lib/x86_64-linux-gnu/libwayland-server.so.0.1.0
7f5d69d77000-7f5d69d82000 r-xp 00000000 08:02 6562514                    /usr/lib/x86_64-linux-gnu/libwayland-client.so.0.2.0
7f5d69d82000-7f5d69f81000 ---p 0000b000 08:02 6562514                    /usr/lib/x86_64-linux-gnu/libwayland-client.so.0.2.0
7f5d69f81000-7f5d69f83000 r--p 0000a000 08:02 6562514                    /usr/lib/x86_64-linux-gnu/libwayland-client.so.0.2.0
7f5d69f83000-7f5d69f84000 rw-p 0000c000 08:02 6562514                    /usr/lib/x86_64-linux-gnu/libwayland-client.so.0.2.0
7f5d69f84000-7f5d69f89000 r-xp 00000000 08:02 6562570                    /usr/lib/x86_64-linux-gnu/libxcb-xfixes.so.0.0.0
7f5d69f89000-7f5d6a189000 ---p 00005000 08:02 6562570                    /usr/lib/x86_64-linux-gnu/libxcb-xfixes.so.0.0.0
7f5d6a189000-7f5d6a18a000 r--p 00005000 08:02 6562570                    /usr/lib/x86_64-linux-gnu/libxcb-xfixes.so.0.0.0
7f5d6a18a000-7f5d6a18b000 rw-p 00006000 08:02 6562570                    /usr/lib/x86_64-linux-gnu/libxcb-xfixes.so.0.0.0
7f5d6a18b000-7f5d6a1b2000 r-xp 00000000 08:02 6948353                    /usr/lib/x86_64-linux-gnu/mesa-egl/libEGL.so.1.0.0
7f5d6a1b2000-7f5d6a3b2000 ---p 00027000 08:02 6948353                    /usr/lib/x86_64-linux-gnu/mesa-egl/libEGL.so.1.0.0
7f5d6a3b2000-7f5d6a3b3000 r--p 00027000 08:02 6948353                    /usr/lib/x86_64-linux-gnu/mesa-egl/libEGL.so.1.0.0
7f5d6a3b3000-7f5d6a3b4000 rw-p 00028000 08:02 6948353                    /usr/lib/x86_64-linux-gnu/mesa-egl/libEGL.so.1.0.0
7f5d6a3b4000-7f5d6a3b5000 rw-p 00000000 00:00 0 
7f5d6a3b5000-7f5d6a3bb000 r-xp 00000000 08:02 6948357                    /usr/lib/x86_64-linux-gnu/mesa-egl/libGLESv2.so.2.0.0
7f5d6a3bb000-7f5d6a5ba000 ---p 00006000 08:02 6948357                    /usr/lib/x86_64-linux-gnu/mesa-egl/libGLESv2.so.2.0.0
7f5d6a5ba000-7f5d6a5bb000 r--p 00005000 08:02 6948357                    /usr/lib/x86_64-linux-gnu/mesa-egl/libGLESv2.so.2.0.0
7f5d6a5bb000-7f5d6a5bc000 rw-p 00006000 08:02 6948357                    /usr/lib/x86_64-linux-gnu/mesa-egl/libGLESv2.so.2.0.0
7f5d6a5bc000-7f5d6a5bf000 ---p 00000000 00:00 0 
7f5d6a5bf000-7f5d6a6bd000 rw-p 00000000 00:00 0                          [stack:10169]
7f5d6a6bd000-7f5d6a770000 r-xp 00000000 08:02 4461995                    /tmp/jogamp_0000/file_cache/jln8627387413840203111/jln5020816027678840524/libjogl_desktop.so
7f5d6a770000-7f5d6a970000 ---p 000b3000 08:02 4461995                    /tmp/jogamp_0000/file_cache/jln8627387413840203111/jln5020816027678840524/libjogl_desktop.so
7f5d6a970000-7f5d6a971000 rw-p 000b3000 08:02 4461995                    /tmp/jogamp_0000/file_cache/jln8627387413840203111/jln5020816027678840524/libjogl_desktop.so
7f5d6a971000-7f5d6a97c000 r-xp 00000000 08:02 6561750                    /usr/lib/x86_64-linux-gnu/libdrm.so.2.4.0
7f5d6a97c000-7f5d6ab7b000 ---p 0000b000 08:02 6561750                    /usr/lib/x86_64-linux-gnu/libdrm.so.2.4.0
7f5d6ab7b000-7f5d6ab7c000 r--p 0000a000 08:02 6561750                    /usr/lib/x86_64-linux-gnu/libdrm.so.2.4.0
7f5d6ab7c000-7f5d6ab7d000 rw-p 0000b000 08:02 6561750                    /usr/lib/x86_64-linux-gnu/libdrm.so.2.4.0
7f5d6ab7d000-7f5d6ab7e000 r-xp 00000000 08:02 6562584                    /usr/lib/x86_64-linux-gnu/libxshmfence.so.1.0.0
7f5d6ab7e000-7f5d6ad7d000 ---p 00001000 08:02 6562584                    /usr/lib/x86_64-linux-gnu/libxshmfence.so.1.0.0
7f5d6ad7d000-7f5d6ad7e000 r--p 00000000 08:02 6562584                    /usr/lib/x86_64-linux-gnu/libxshmfence.so.1.0.0
7f5d6ad7e000-7f5d6ad7f000 rw-p 00001000 08:02 6562584                    /usr/lib/x86_64-linux-gnu/libxshmfence.so.1.0.0
7f5d6ad7f000-7f5d6ad84000 r-xp 00000000 08:02 6562566                    /usr/lib/x86_64-linux-gnu/libxcb-sync.so.1.0.0
7f5d6ad84000-7f5d6af83000 ---p 00005000 08:02 6562566                    /usr/lib/x86_64-linux-gnu/libxcb-sync.so.1.0.0
7f5d6af83000-7f5d6af84000 r--p 00004000 08:02 6562566                    /usr/lib/x86_64-linux-gnu/libxcb-sync.so.1.0.0
7f5d6af84000-7f5d6af85000 rw-p 00005000 08:02 6562566                    /usr/lib/x86_64-linux-gnu/libxcb-sync.so.1.0.0
7f5d6af85000-7f5d6af87000 r-xp 00000000 08:02 6562554                    /usr/lib/x86_64-linux-gnu/libxcb-present.so.0.0.0
7f5d6af87000-7f5d6b186000 ---p 00002000 08:02 6562554                    /usr/lib/x86_64-linux-gnu/libxcb-present.so.0.0.0
7f5d6b186000-7f5d6b187000 r--p 00001000 08:02 6562554                    /usr/lib/x86_64-linux-gnu/libxcb-present.so.0.0.0
7f5d6b187000-7f5d6b188000 rw-p 00002000 08:02 6562554                    /usr/lib/x86_64-linux-gnu/libxcb-present.so.0.0.0
7f5d6b188000-7f5d6b18a000 r-xp 00000000 08:02 6562544                    /usr/lib/x86_64-linux-gnu/libxcb-dri3.so.0.0.0
7f5d6b18a000-7f5d6b389000 ---p 00002000 08:02 6562544                    /usr/lib/x86_64-linux-gnu/libxcb-dri3.so.0.0.0
7f5d6b389000-7f5d6b38a000 r--p 00001000 08:02 6562544                    /usr/lib/x86_64-linux-gnu/libxcb-dri3.so.0.0.0
7f5d6b38a000-7f5d6b38b000 rw-p 00002000 08:02 6562544                    /usr/lib/x86_64-linux-gnu/libxcb-dri3.so.0.0.0
7f5d6b38b000-7f5d6b38e000 r-xp 00000000 08:02 6562542                    /usr/lib/x86_64-linux-gnu/libxcb-dri2.so.0.0.0
7f5d6b38e000-7f5d6b58e000 ---p 00003000 08:02 6562542                    /usr/lib/x86_64-linux-gnu/libxcb-dri2.so.0.0.0
7f5d6b58e000-7f5d6b58f000 r--p 00003000 08:02 6562542                    /usr/lib/x86_64-linux-gnu/libxcb-dri2.so.0.0.0
7f5d6b58f000-7f5d6b590000 rw-p 00004000 08:02 6562542                    /usr/lib/x86_64-linux-gnu/libxcb-dri2.so.0.0.0
7f5d6b590000-7f5d6b5a5000 r-xp 00000000 08:02 6562546                    /usr/lib/x86_64-linux-gnu/libxcb-glx.so.0.0.0
7f5d6b5a5000-7f5d6b7a4000 ---p 00015000 08:02 6562546                    /usr/lib/x86_64-linux-gnu/libxcb-glx.so.0.0.0
7f5d6b7a4000-7f5d6b7a6000 r--p 00014000 08:02 6562546                    /usr/lib/x86_64-linux-gnu/libxcb-glx.so.0.0.0
7f5d6b7a6000-7f5d6b7a7000 rw-p 00016000 08:02 6562546                    /usr/lib/x86_64-linux-gnu/libxcb-glx.so.0.0.0
7f5d6b7a7000-7f5d6b7a8000 r-xp 00000000 08:02 6561502                    /usr/lib/x86_64-linux-gnu/libX11-xcb.so.1.0.0
7f5d6b7a8000-7f5d6b9a7000 ---p 00001000 08:02 6561502                    /usr/lib/x86_64-linux-gnu/libX11-xcb.so.1.0.0
7f5d6b9a7000-7f5d6b9a8000 r--p 00000000 08:02 6561502                    /usr/lib/x86_64-linux-gnu/libX11-xcb.so.1.0.0
7f5d6b9a8000-7f5d6b9a9000 rw-p 00001000 08:02 6561502                    /usr/lib/x86_64-linux-gnu/libX11-xcb.so.1.0.0
7f5d6b9a9000-7f5d6b9ab000 r-xp 00000000 08:02 6561517                    /usr/lib/x86_64-linux-gnu/libXdamage.so.1.1.0
7f5d6b9ab000-7f5d6bbaa000 ---p 00002000 08:02 6561517                    /usr/lib/x86_64-linux-gnu/libXdamage.so.1.1.0
7f5d6bbaa000-7f5d6bbab000 r--p 00001000 08:02 6561517                    /usr/lib/x86_64-linux-gnu/libXdamage.so.1.1.0
7f5d6bbab000-7f5d6bbac000 rw-p 00002000 08:02 6561517                    /usr/lib/x86_64-linux-gnu/libXdamage.so.1.1.0
7f5d6bbac000-7f5d6bbd1000 r-xp 00000000 08:02 6561895                    /usr/lib/x86_64-linux-gnu/libglapi.so.0.0.0
7f5d6bbd1000-7f5d6bdd1000 ---p 00025000 08:02 6561895                    /usr/lib/x86_64-linux-gnu/libglapi.so.0.0.0
7f5d6bdd1000-7f5d6bdd4000 r--p 00025000 08:02 6561895                    /usr/lib/x86_64-linux-gnu/libglapi.so.0.0.0
7f5d6bdd4000-7f5d6bdd5000 rw-p 00028000 08:02 6561895                    /usr/lib/x86_64-linux-gnu/libglapi.so.0.0.0
7f5d6bdd5000-7f5d6bdd6000 rw-p 00000000 00:00 0 
7f5d6bdd6000-7f5d6bdfd000 r-xp 00000000 08:02 13637323                   /lib/x86_64-linux-gnu/libexpat.so.1.6.0
7f5d6bdfd000-7f5d6bffd000 ---p 00027000 08:02 13637323                   /lib/x86_64-linux-gnu/libexpat.so.1.6.0
7f5d6bffd000-7f5d6bfff000 r--p 00027000 08:02 13637323                   /lib/x86_64-linux-gnu/libexpat.so.1.6.0
7f5d6bfff000-7f5d6c000000 rw-p 00029000 08:02 13637323                   /lib/x86_64-linux-gnu/libexpat.so.1.6.0
7f5d6c000000-7f5d6cbc7000 rw-p 00000000 00:00 0 
7f5d6cbc7000-7f5d70000000 ---p 00000000 00:00 0 
7f5d70000000-7f5d70021000 rw-p 00000000 00:00 0 
7f5d70021000-7f5d74000000 ---p 00000000 00:00 0 
7f5d74000000-7f5d74021000 rw-p 00000000 00:00 0 
7f5d74021000-7f5d78000000 ---p 00000000 00:00 0 
7f5d78000000-7f5d78021000 rw-p 00000000 00:00 0 
7f5d78021000-7f5d7c000000 ---p 00000000 00:00 0 
7f5d7c000000-7f5d7c021000 rw-p 00000000 00:00 0 
7f5d7c021000-7f5d80000000 ---p 00000000 00:00 0 
7f5d80000000-7f5d80021000 rw-p 00000000 00:00 0 
7f5d80021000-7f5d84000000 ---p 00000000 00:00 0 
7f5d84000000-7f5d84447000 rw-p 00000000 00:00 0 
7f5d84447000-7f5d88000000 ---p 00000000 00:00 0 
7f5d88000000-7f5d88021000 rw-p 00000000 00:00 0 
7f5d88021000-7f5d8c000000 ---p 00000000 00:00 0 
7f5d8c000000-7f5d8c350000 rw-p 00000000 00:00 0 
7f5d8c350000-7f5d90000000 ---p 00000000 00:00 0 
7f5d90000000-7f5d90b70000 rw-p 00000000 00:00 0 
7f5d90b70000-7f5d94000000 ---p 00000000 00:00 0 
7f5d94000000-7f5d94021000 rw-p 00000000 00:00 0 
7f5d94021000-7f5d98000000 ---p 00000000 00:00 0 
7f5d98000000-7f5d98021000 rw-p 00000000 00:00 0 
7f5d98021000-7f5d9c000000 ---p 00000000 00:00 0 
7f5d9c000000-7f5d9c021000 rw-p 00000000 00:00 0 
7f5d9c021000-7f5da0000000 ---p 00000000 00:00 0 
7f5da0000000-7f5da0021000 rw-p 00000000 00:00 0 
7f5da0021000-7f5da4000000 ---p 00000000 00:00 0 
7f5da4000000-7f5da4021000 rw-p 00000000 00:00 0 
7f5da4021000-7f5da8000000 ---p 00000000 00:00 0 
7f5da8000000-7f5da8021000 rw-p 00000000 00:00 0 
7f5da8021000-7f5dac000000 ---p 00000000 00:00 0 
7f5dac000000-7f5dac021000 rw-p 00000000 00:00 0 
7f5dac021000-7f5db0000000 ---p 00000000 00:00 0 
7f5db00fe000-7f5db018c000 r-xp 00000000 08:02 6948350                    /usr/lib/x86_64-linux-gnu/mesa/libGL.so.1.2.0
7f5db018c000-7f5db038b000 ---p 0008e000 08:02 6948350                    /usr/lib/x86_64-linux-gnu/mesa/libGL.so.1.2.0
7f5db038b000-7f5db038e000 r--p 0008d000 08:02 6948350                    /usr/lib/x86_64-linux-gnu/mesa/libGL.so.1.2.0
7f5db038e000-7f5db038f000 rw-p 00090000 08:02 6948350                    /usr/lib/x86_64-linux-gnu/mesa/libGL.so.1.2.0
7f5db038f000-7f5db8000000 rw-p 00000000 00:00 0 
7f5db8000000-7f5db8021000 rw-p 00000000 00:00 0 
7f5db8021000-7f5dbc000000 ---p 00000000 00:00 0 
7f5dbc000000-7f5dbc021000 rw-p 00000000 00:00 0 
7f5dbc021000-7f5dc0000000 ---p 00000000 00:00 0 
7f5dc0000000-7f5dc0021000 rw-p 00000000 00:00 0 
7f5dc0021000-7f5dc4000000 ---p 00000000 00:00 0 
7f5dc4053000-7f5dc4054000 rw-p 00000000 00:00 0 
7f5dc4054000-7f5dc405c000 rw-s 00000000 00:05 167170                     /drm mm object (deleted)
7f5dc405c000-7f5dc4064000 rw-s 00000000 00:05 167991                     /drm mm object (deleted)
7f5dc4064000-7f5dc406c000 rw-s 00000000 00:05 166284                     /drm mm object (deleted)
7f5dc406c000-7f5dc4074000 rw-s 00000000 00:05 166242                     /drm mm object (deleted)
7f5dc4074000-7f5dc407b000 r--s 00000000 08:02 6947811                    /usr/lib/x86_64-linux-gnu/gconv/gconv-modules.cache
7f5dc407b000-7f5dc408e000 r--s 00344000 08:02 6695996                    /usr/bin/processing-3.0/java/lib/resources.jar
7f5dc408e000-7f5dc4096000 rw-s 00000000 00:05 165706                     /drm mm object (deleted)
7f5dc4096000-7f5dc409e000 rw-s 00000000 00:05 167948                     /drm mm object (deleted)
7f5dc409e000-7f5dc40a6000 rw-s 00000000 00:05 167114                     /drm mm object (deleted)
7f5dc40a6000-7f5dc40ae000 rw-s 00000000 00:05 167937                     /drm mm object (deleted)
7f5dc40ae000-7f5dc42ae000 rw-p 00000000 00:00 0 
7f5dc42ae000-7f5dc42b0000 r-xp 00000000 08:02 6561531                    /usr/lib/x86_64-linux-gnu/libXinerama.so.1.0.0
7f5dc42b0000-7f5dc44af000 ---p 00002000 08:02 6561531                    /usr/lib/x86_64-linux-gnu/libXinerama.so.1.0.0
7f5dc44af000-7f5dc44b0000 r--p 00001000 08:02 6561531                    /usr/lib/x86_64-linux-gnu/libXinerama.so.1.0.0
7f5dc44b0000-7f5dc44b1000 rw-p 00002000 08:02 6561531                    /usr/lib/x86_64-linux-gnu/libXinerama.so.1.0.0
7f5dc44b1000-7f5dc44b4000 ---p 00000000 00:00 0 
7f5dc44b4000-7f5dc4a62000 rw-p 00000000 00:00 0                          [stack:10168]
7f5dc4a62000-7f5dc4a71000 r-xp 00000000 08:02 4461999                    /tmp/jogamp_0000/file_cache/jln8627387413840203111/jln5020816027678840524/libnewt.so
7f5dc4a71000-7f5dc4c70000 ---p 0000f000 08:02 4461999                    /tmp/jogamp_0000/file_cache/jln8627387413840203111/jln5020816027678840524/libnewt.so
7f5dc4c70000-7f5dc4c71000 rw-p 0000e000 08:02 4461999                    /tmp/jogamp_0000/file_cache/jln8627387413840203111/jln5020816027678840524/libnewt.so
7f5dc4c71000-7f5dc4c78000 r-xp 00000000 08:02 4461998                    /tmp/jogamp_0000/file_cache/jln8627387413840203111/jln5020816027678840524/libnativewindow_x11.so
7f5dc4c78000-7f5dc4e77000 ---p 00007000 08:02 4461998                    /tmp/jogamp_0000/file_cache/jln8627387413840203111/jln5020816027678840524/libnativewindow_x11.so
7f5dc4e77000-7f5dc4e78000 rw-p 00006000 08:02 4461998                    /tmp/jogamp_0000/file_cache/jln8627387413840203111/jln5020816027678840524/libnativewindow_x11.so
7f5dc4e78000-7f5dc4e7b000 ---p 00000000 00:00 0 
7f5dc4e7b000-7f5dc4f79000 rw-p 00000000 00:00 0                          [stack:10171]
7f5dc4f79000-7f5dc4f7d000 r-xp 00000000 08:02 6561559                    /usr/lib/x86_64-linux-gnu/libXxf86vm.so.1.0.0
7f5dc4f7d000-7f5dc517d000 ---p 00004000 08:02 6561559                    /usr/lib/x86_64-linux-gnu/libXxf86vm.so.1.0.0
7f5dc517d000-7f5dc517e000 r--p 00004000 08:02 6561559                    /usr/lib/x86_64-linux-gnu/libXxf86vm.so.1.0.0
7f5dc517e000-7f5dc517f000 rw-p 00005000 08:02 6561559                    /usr/lib/x86_64-linux-gnu/libXxf86vm.so.1.0.0
7f5dc517f000-7f5dc5181000 rw-s 149007000 00:06 10208                     /dev/dri/card0
7f5dc5181000-7f5dc5182000 rw-s 149006000 00:06 10208                     /dev/dri/card0
7f5dc5182000-7f5dc5183000 rw-s 81000000 00:06 94744                      /dev/snd/pcmC2D0p
7f5dc5183000-7f5dc5184000 r--s 80000000 00:06 94744                      /dev/snd/pcmC2D0p
7f5dc5184000-7f5dc5185000 rw-s 148f05000 00:06 10208                     /dev/dri/card0
7f5dc5185000-7f5dc5186000 rw-s 148f04000 00:06 10208                     /dev/dri/card0
7f5dc5186000-7f5dc5187000 rwxp 00000000 00:00 0 
7f5dc5187000-7f5dc518f000 rw-s 00000000 00:05 166133                     /drm mm object (deleted)
7f5dc518f000-7f5dc5197000 rw-s 00000000 00:05 166173                     /drm mm object (deleted)
7f5dc5197000-7f5dc5198000 rw-s 148f03000 00:06 10208                     /dev/dri/card0
7f5dc5198000-7f5dc51a0000 rw-s 00000000 00:05 166122                     /drm mm object (deleted)
7f5dc51a0000-7f5dc51a2000 r-xp 00000000 08:02 4461997                    /tmp/jogamp_0000/file_cache/jln8627387413840203111/jln5020816027678840524/libnativewindow_awt.so
7f5dc51a2000-7f5dc53a1000 ---p 00002000 08:02 4461997                    /tmp/jogamp_0000/file_cache/jln8627387413840203111/jln5020816027678840524/libnativewindow_awt.so
7f5dc53a1000-7f5dc53a2000 rw-p 00001000 08:02 4461997                    /tmp/jogamp_0000/file_cache/jln8627387413840203111/jln5020816027678840524/libnativewindow_awt.so
7f5dc53a2000-7f5dc53a3000 r-xp 00000000 08:02 8012156                    /usr/bin/processing-3.0/java/lib/amd64/libjawt.so
7f5dc53a3000-7f5dc55a2000 ---p 00001000 08:02 8012156                    /usr/bin/processing-3.0/java/lib/amd64/libjawt.so
7f5dc55a2000-7f5dc55a3000 rw-p 00000000 08:02 8012156                    /usr/bin/processing-3.0/java/lib/amd64/libjawt.so
7f5dc55a3000-7f5dc55a5000 r-xp 00000000 08:02 4461994                    /tmp/jogamp_0000/file_cache/jln8627387413840203111/jln5020816027678840524/libgluegen-rt.so
7f5dc55a5000-7f5dc57a4000 ---p 00002000 08:02 4461994                    /tmp/jogamp_0000/file_cache/jln8627387413840203111/jln5020816027678840524/libgluegen-rt.so
7f5dc57a4000-7f5dc57a5000 rw-p 00001000 08:02 4461994                    /tmp/jogamp_0000/file_cache/jln8627387413840203111/jln5020816027678840524/libgluegen-rt.so
7f5dc57a5000-7f5dc57a8000 ---p 00000000 00:00 0 
7f5dc57a8000-7f5dc58a6000 rw-p 00000000 00:00 0 
7f5dc58a6000-7f5dc58b7000 r-xp 00000000 08:02 8012203                    /usr/bin/processing-3.0/java/lib/amd64/libnio.so
7f5dc58b7000-7f5dc5ab6000 ---p 00011000 08:02 8012203                    /usr/bin/processing-3.0/java/lib/amd64/libnio.so
7f5dc5ab6000-7f5dc5ab7000 rw-p 00010000 08:02 8012203                    /usr/bin/processing-3.0/java/lib/amd64/libnio.so
7f5dc5ab7000-7f5dc5acd000 r-xp 00000000 08:02 8012151                    /usr/bin/processing-3.0/java/lib/amd64/libnet.so
7f5dc5acd000-7f5dc5ccd000 ---p 00016000 08:02 8012151                    /usr/bin/processing-3.0/java/lib/amd64/libnet.so
7f5dc5ccd000-7f5dc5cce000 rw-p 00016000 08:02 8012151                    /usr/bin/processing-3.0/java/lib/amd64/libnet.so
7f5dc5cce000-7f5dc5cd1000 ---p 00000000 00:00 0 
7f5dc5cd1000-7f5dc5d07000 rw-p 00000000 00:00 0                          [stack:10161]
7f5dc5d07000-7f5dc5d08000 r--p 00000000 00:00 0 
7f5dc5d08000-7f5dc5d0c000 r--s 00095000 08:02 6696012                    /usr/bin/processing-3.0/java/lib/jsse.jar
7f5dc5d0c000-7f5dc5f0c000 rw-p 00000000 00:00 0 
7f5dc5f0c000-7f5dc5f0f000 r--s 00041000 08:02 8014028                    /usr/bin/processing-3.0/modes/java/mode/org.netbeans.swing.outline.jar
7f5dc5f0f000-7f5dc5f14000 r--s 00038000 08:02 8014038                    /usr/bin/processing-3.0/modes/java/mode/org.eclipse.text.jar
7f5dc5f14000-7f5dc5f28000 r--s 00121000 08:02 8014045                    /usr/bin/processing-3.0/modes/java/mode/org.eclipse.osgi.jar
7f5dc5f28000-7f5dc5f60000 r--s 00515000 08:02 8014044                    /usr/bin/processing-3.0/modes/java/mode/org.eclipse.jdt.core.jar
7f5dc5f60000-7f5dc5f6b000 r--s 000c1000 08:02 8014040                    /usr/bin/processing-3.0/modes/java/mode/org.eclipse.core.resources.jar
7f5dc5f6b000-7f5dc5f74000 r-xp 00000000 08:02 6561541                    /usr/lib/x86_64-linux-gnu/libXrandr.so.2.2.0
7f5dc5f74000-7f5dc6173000 ---p 00009000 08:02 6561541                    /usr/lib/x86_64-linux-gnu/libXrandr.so.2.2.0
7f5dc6173000-7f5dc6174000 r--p 00008000 08:02 6561541                    /usr/lib/x86_64-linux-gnu/libXrandr.so.2.2.0
7f5dc6174000-7f5dc6175000 rw-p 00009000 08:02 6561541                    /usr/lib/x86_64-linux-gnu/libXrandr.so.2.2.0
7f5dc6175000-7f5dc6178000 ---p 00000000 00:00 0 
7f5dc6178000-7f5dc6276000 rw-p 00000000 00:00 0                          [stack:10157]
7f5dc6276000-7f5dc627b000 r-xp 00000000 08:02 6561523                    /usr/lib/x86_64-linux-gnu/libXfixes.so.3.1.0
7f5dc627b000-7f5dc647a000 ---p 00005000 08:02 6561523                    /usr/lib/x86_64-linux-gnu/libXfixes.so.3.1.0
7f5dc647a000-7f5dc647b000 r--p 00004000 08:02 6561523                    /usr/lib/x86_64-linux-gnu/libXfixes.so.3.1.0
7f5dc647b000-7f5dc647c000 rw-p 00005000 08:02 6561523                    /usr/lib/x86_64-linux-gnu/libXfixes.so.3.1.0
7f5dc647c000-7f5dc6485000 r-xp 00000000 08:02 6561515                    /usr/lib/x86_64-linux-gnu/libXcursor.so.1.0.2
7f5dc6485000-7f5dc6684000 ---p 00009000 08:02 6561515                    /usr/lib/x86_64-linux-gnu/libXcursor.so.1.0.2
7f5dc6684000-7f5dc6685000 r--p 00008000 08:02 6561515                    /usr/lib/x86_64-linux-gnu/libXcursor.so.1.0.2
7f5dc6685000-7f5dc6686000 rw-p 00009000 08:02 6561515                    /usr/lib/x86_64-linux-gnu/libXcursor.so.1.0.2
7f5dc6686000-7f5dc6689000 ---p 00000000 00:00 0 
7f5dc6689000-7f5dc6787000 rw-p 00000000 00:00 0                          [stack:10156]
7f5dc6787000-7f5dc679d000 r-xp 00000000 08:02 13635717                   /lib/x86_64-linux-gnu/libgcc_s.so.1
7f5dc679d000-7f5dc699c000 ---p 00016000 08:02 13635717                   /lib/x86_64-linux-gnu/libgcc_s.so.1
7f5dc699c000-7f5dc699d000 rw-p 00015000 08:02 13635717                   /lib/x86_64-linux-gnu/libgcc_s.so.1
7f5dc699d000-7f5dc6a03000 r-xp 00000000 08:02 8012146                    /usr/bin/processing-3.0/java/lib/amd64/libfontmanager.so
7f5dc6a03000-7f5dc6c02000 ---p 00066000 08:02 8012146                    /usr/bin/processing-3.0/java/lib/amd64/libfontmanager.so
7f5dc6c02000-7f5dc6c06000 rw-p 00065000 08:02 8012146                    /usr/bin/processing-3.0/java/lib/amd64/libfontmanager.so
7f5dc6c06000-7f5dc6c17000 rw-p 00000000 00:00 0 
7f5dc6c17000-7f5dc6c1c000 r-xp 00000000 08:02 6561519                    /usr/lib/x86_64-linux-gnu/libXdmcp.so.6.0.0
7f5dc6c1c000-7f5dc6e1b000 ---p 00005000 08:02 6561519                    /usr/lib/x86_64-linux-gnu/libXdmcp.so.6.0.0
7f5dc6e1b000-7f5dc6e1c000 r--p 00004000 08:02 6561519                    /usr/lib/x86_64-linux-gnu/libXdmcp.so.6.0.0
7f5dc6e1c000-7f5dc6e1d000 rw-p 00005000 08:02 6561519                    /usr/lib/x86_64-linux-gnu/libXdmcp.so.6.0.0
7f5dc6e1d000-7f5dc6e1f000 r-xp 00000000 08:02 6561508                    /usr/lib/x86_64-linux-gnu/libXau.so.6.0.0
7f5dc6e1f000-7f5dc701f000 ---p 00002000 08:02 6561508                    /usr/lib/x86_64-linux-gnu/libXau.so.6.0.0
7f5dc701f000-7f5dc7020000 r--p 00002000 08:02 6561508                    /usr/lib/x86_64-linux-gnu/libXau.so.6.0.0
7f5dc7020000-7f5dc7021000 rw-p 00003000 08:02 6561508                    /usr/lib/x86_64-linux-gnu/libXau.so.6.0.0
7f5dc7021000-7f5dc703e000 r-xp 00000000 08:02 6562574                    /usr/lib/x86_64-linux-gnu/libxcb.so.1.1.0
7f5dc703e000-7f5dc723e000 ---p 0001d000 08:02 6562574                    /usr/lib/x86_64-linux-gnu/libxcb.so.1.1.0
7f5dc723e000-7f5dc723f000 r--p 0001d000 08:02 6562574                    /usr/lib/x86_64-linux-gnu/libxcb.so.1.1.0
7f5dc723f000-7f5dc7240000 rw-p 0001e000 08:02 6562574                    /usr/lib/x86_64-linux-gnu/libxcb.so.1.1.0
7f5dc7240000-7f5dc724f000 r-xp 00000000 08:02 6561529                    /usr/lib/x86_64-linux-gnu/libXi.so.6.1.0
7f5dc724f000-7f5dc744e000 ---p 0000f000 08:02 6561529                    /usr/lib/x86_64-linux-gnu/libXi.so.6.1.0
7f5dc744e000-7f5dc744f000 r--p 0000e000 08:02 6561529                    /usr/lib/x86_64-linux-gnu/libXi.so.6.1.0
7f5dc744f000-7f5dc7450000 rw-p 0000f000 08:02 6561529                    /usr/lib/x86_64-linux-gnu/libXi.so.6.1.0
7f5dc7450000-7f5dc7455000 r-xp 00000000 08:02 6561549                    /usr/lib/x86_64-linux-gnu/libXtst.so.6.1.0
7f5dc7455000-7f5dc7654000 ---p 00005000 08:02 6561549                    /usr/lib/x86_64-linux-gnu/libXtst.so.6.1.0
7f5dc7654000-7f5dc7655000 r--p 00004000 08:02 6561549                    /usr/lib/x86_64-linux-gnu/libXtst.so.6.1.0
7f5dc7655000-7f5dc7656000 rw-p 00005000 08:02 6561549                    /usr/lib/x86_64-linux-gnu/libXtst.so.6.1.0
7f5dc7656000-7f5dc765f000 r-xp 00000000 08:02 6561543                    /usr/lib/x86_64-linux-gnu/libXrender.so.1.3.0
7f5dc765f000-7f5dc785e000 ---p 00009000 08:02 6561543                    /usr/lib/x86_64-linux-gnu/libXrender.so.1.3.0
7f5dc785e000-7f5dc785f000 r--p 00008000 08:02 6561543                    /usr/lib/x86_64-linux-gnu/libXrender.so.1.3.0
7f5dc785f000-7f5dc7860000 rw-p 00009000 08:02 6561543                    /usr/lib/x86_64-linux-gnu/libXrender.so.1.3.0
7f5dc7860000-7f5dc7990000 r-xp 00000000 08:02 6561504                    /usr/lib/x86_64-linux-gnu/libX11.so.6.3.0
7f5dc7990000-7f5dc7b90000 ---p 00130000 08:02 6561504                    /usr/lib/x86_64-linux-gnu/libX11.so.6.3.0
7f5dc7b90000-7f5dc7b91000 r--p 00130000 08:02 6561504                    /usr/lib/x86_64-linux-gnu/libX11.so.6.3.0
7f5dc7b91000-7f5dc7b95000 rw-p 00131000 08:02 6561504                    /usr/lib/x86_64-linux-gnu/libX11.so.6.3.0
7f5dc7b95000-7f5dc7ba6000 r-xp 00000000 08:02 6561521                    /usr/lib/x86_64-linux-gnu/libXext.so.6.4.0
7f5dc7ba6000-7f5dc7da5000 ---p 00011000 08:02 6561521                    /usr/lib/x86_64-linux-gnu/libXext.so.6.4.0
7f5dc7da5000-7f5dc7da6000 r--p 00010000 08:02 6561521                    /usr/lib/x86_64-linux-gnu/libXext.so.6.4.0
7f5dc7da6000-7f5dc7da7000 rw-p 00011000 08:02 6561521                    /usr/lib/x86_64-linux-gnu/libXext.so.6.4.0
7f5dc7da7000-7f5dc7dfb000 r-xp 00000000 08:02 8012182                    /usr/bin/processing-3.0/java/lib/amd64/libawt_xawt.so
7f5dc7dfb000-7f5dc7ffb000 ---p 00054000 08:02 8012182                    /usr/bin/processing-3.0/java/lib/amd64/libawt_xawt.so
7f5dc7ffb000-7f5dc7fff000 rw-p 00054000 08:02 8012182                    /usr/bin/processing-3.0/java/lib/amd64/libawt_xawt.so
7f5dc7fff000-7f5dc8000000 rw-p 00000000 00:00 0 
7f5dc8000000-7f5dc8021000 rw-p 00000000 00:00 0 
7f5dc8021000-7f5dcc000000 ---p 00000000 00:00 0 
7f5dcc000000-7f5dcc003000 r--s 0001c000 08:02 8014042                    /usr/bin/processing-3.0/modes/java/mode/org.eclipse.equinox.preferences.jar
7f5dcc003000-7f5dcc006000 r--s 00018000 08:02 8014034                    /usr/bin/processing-3.0/modes/java/mode/org.eclipse.equinox.common.jar
7f5dcc006000-7f5dcc008000 r--s 00011000 08:02 8014037                    /usr/bin/processing-3.0/modes/java/mode/org.eclipse.core.runtime.jar
7f5dcc008000-7f5dcc00a000 r--s 00016000 08:02 8014027                    /usr/bin/processing-3.0/modes/java/mode/org.eclipse.core.jobs.jar
7f5dcc00a000-7f5dcc00c000 r--s 00015000 08:02 8014029                    /usr/bin/processing-3.0/modes/java/mode/org.eclipse.core.contenttype.jar
7f5dcc00c000-7f5dcc011000 r--s 0003f000 08:02 8014032                    /usr/bin/processing-3.0/modes/java/mode/jsoup-1.7.1.jar
7f5dcc011000-7f5dcc012000 r--s 00003000 08:02 8014046                    /usr/bin/processing-3.0/modes/java/mode/jdtCompilerAdapter.jar
7f5dcc012000-7f5dcc01f000 r--s 000cb000 08:02 8014036                    /usr/bin/processing-3.0/modes/java/mode/jdimodel.jar
7f5dcc01f000-7f5dcc023000 r--s 0000e000 08:02 8014030                    /usr/bin/processing-3.0/modes/java/mode/jdi.jar
7f5dcc023000-7f5dcc029000 r--s 0007d000 08:02 8014033                    /usr/bin/processing-3.0/modes/java/mode/JavaMode.jar
7f5dcc029000-7f5dcc084000 r--s 009e2000 08:02 8014039                    /usr/bin/processing-3.0/modes/java/mode/com.ibm.icu.jar
7f5dcc084000-7f5dcc085000 r--s 00003000 08:02 8014035                    /usr/bin/processing-3.0/modes/java/mode/classpath-explorer-1.0.jar
7f5dcc085000-7f5dcc08f000 r--s 00097000 08:02 6695776                    /usr/bin/processing-3.0/lib/pde.jar
7f5dcc08f000-7f5dcc0a3000 r--s 00127000 08:02 6695832                    /usr/bin/processing-3.0/lib/jna.jar
7f5dcc0a3000-7f5dcc0c1000 r--s 001bb000 08:02 6695851                    /usr/bin/processing-3.0/lib/ant.jar
7f5dcc0c1000-7f5dcc0db000 r--s 01689000 08:02 6569030                    /usr/bin/processing-3.0/core/library/jogl-java-src.zip
7f5dcc0db000-7f5dcc0fe000 r--s 00308000 08:02 6569034                    /usr/bin/processing-3.0/core/library/jogl-all.jar
7f5dcc0fe000-7f5dcc1a0000 r-xp 00000000 08:02 8012174                    /usr/bin/processing-3.0/java/lib/amd64/libawt.so
7f5dcc1a0000-7f5dcc3a0000 ---p 000a2000 08:02 8012174                    /usr/bin/processing-3.0/java/lib/amd64/libawt.so
7f5dcc3a0000-7f5dcc3ac000 rw-p 000a2000 08:02 8012174                    /usr/bin/processing-3.0/java/lib/amd64/libawt.so
7f5dcc3ac000-7f5dcc3d0000 rw-p 00000000 00:00 0 
7f5dcc3d0000-7f5dcc3d1000 ---p 00000000 00:00 0 
7f5dcc3d1000-7f5dcc4d1000 rw-p 00000000 00:00 0                          [stack:10155]
7f5dcc4d1000-7f5dcc4d4000 ---p 00000000 00:00 0 
7f5dcc4d4000-7f5dcc5d2000 rw-p 00000000 00:00 0                          [stack:10154]
7f5dcc5d2000-7f5dcc5d5000 ---p 00000000 00:00 0 
7f5dcc5d5000-7f5dcc6d3000 rw-p 00000000 00:00 0                          [stack:10153]
7f5dcc6d3000-7f5dcc6d6000 ---p 00000000 00:00 0 
7f5dcc6d6000-7f5dcc7d4000 rw-p 00000000 00:00 0                          [stack:10152]
7f5dcc7d4000-7f5dcc7d7000 ---p 00000000 00:00 0 
7f5dcc7d7000-7f5dcc8d5000 rw-p 00000000 00:00 0                          [stack:10151]
7f5dcc8d5000-7f5dcc8d8000 ---p 00000000 00:00 0 
7f5dcc8d8000-7f5dcc9d6000 rw-p 00000000 00:00 0                          [stack:10145]
7f5dcc9d6000-7f5dcc9d9000 ---p 00000000 00:00 0 
7f5dcc9d9000-7f5dccad7000 rw-p 00000000 00:00 0                          [stack:10140]
7f5dccad7000-7f5dccada000 ---p 00000000 00:00 0 
7f5dccada000-7f5dccbd8000 rw-p 00000000 00:00 0                          [stack:10139]
7f5dccbd8000-7f5dccbdc000 r-xp 00000000 08:02 8012175                    /usr/bin/processing-3.0/java/lib/amd64/libdt_socket.so
7f5dccbdc000-7f5dccddb000 ---p 00004000 08:02 8012175                    /usr/bin/processing-3.0/java/lib/amd64/libdt_socket.so
7f5dccddb000-7f5dccddc000 rw-p 00003000 08:02 8012175                    /usr/bin/processing-3.0/java/lib/amd64/libdt_socket.so
7f5dccddc000-7f5dccddf000 ---p 00000000 00:00 0 
7f5dccddf000-7f5dccedd000 rw-p 00000000 00:00 0                          [stack:10138]
7f5dccedd000-7f5dccee0000 ---p 00000000 00:00 0 
7f5dccee0000-7f5dccfde000 rw-p 00000000 00:00 0                          [stack:10137]
7f5dccfde000-7f5dccfe1000 ---p 00000000 00:00 0 
7f5dccfe1000-7f5dcd0df000 rw-p 00000000 00:00 0                          [stack:10136]
7f5dcd0df000-7f5dcd0e0000 ---p 00000000 00:00 0 
7f5dcd0e0000-7f5dce1e3000 rw-p 00000000 00:00 0                          [stack:10135]
7f5dce1e3000-7f5dce3bb000 r--s 03d0c000 08:02 6695974                    /usr/bin/processing-3.0/java/lib/rt.jar
7f5dce3bb000-7f5dcf3f8000 rw-p 00000000 00:00 0 
7f5dcf3f8000-7f5dcf3f9000 ---p 00000000 00:00 0 
7f5dcf3f9000-7f5dcf4f9000 rw-p 00000000 00:00 0                          [stack:10134]
7f5dcf4f9000-7f5dcf4fa000 ---p 00000000 00:00 0 
7f5dcf4fa000-7f5dcf5fa000 rw-p 00000000 00:00 0                          [stack:10133]
7f5dcf5fa000-7f5dcf5fb000 ---p 00000000 00:00 0 
7f5dcf5fb000-7f5dcf74f000 rw-p 00000000 00:00 0                          [stack:10132]
7f5dcf74f000-7f5dcfc2b000 ---p 00000000 00:00 0 
7f5dcfc2b000-7f5dcfc7f000 rw-p 00000000 00:00 0 
7f5dcfc7f000-7f5dd015a000 ---p 00000000 00:00 0 
7f5dd015a000-7f5dd0192000 rw-p 00000000 00:00 0 
7f5dd0192000-7f5dd03f2000 ---p 00000000 00:00 0 
7f5dd03f2000-7f5dd040f000 rw-p 00000000 00:00 0 
7f5dd040f000-7f5dd07b3000 ---p 00000000 00:00 0 
7f5dd07b3000-7f5dd0eb3000 rwxp 00000000 00:00 0 
7f5dd0eb3000-7f5ddf7b3000 ---p 00000000 00:00 0 
7f5ddf7b3000-7f5ddf7cd000 r-xp 00000000 08:02 8012189                    /usr/bin/processing-3.0/java/lib/amd64/libzip.so
7f5ddf7cd000-7f5ddf9cd000 ---p 0001a000 08:02 8012189                    /usr/bin/processing-3.0/java/lib/amd64/libzip.so
7f5ddf9cd000-7f5ddf9ce000 rw-p 0001a000 08:02 8012189                    /usr/bin/processing-3.0/java/lib/amd64/libzip.so
7f5ddf9ce000-7f5ddf9d9000 r-xp 00000000 08:02 13635765                   /lib/x86_64-linux-gnu/libnss_files-2.19.so
7f5ddf9d9000-7f5ddfbd8000 ---p 0000b000 08:02 13635765                   /lib/x86_64-linux-gnu/libnss_files-2.19.so
7f5ddfbd8000-7f5ddfbd9000 r--p 0000a000 08:02 13635765                   /lib/x86_64-linux-gnu/libnss_files-2.19.so
7f5ddfbd9000-7f5ddfbda000 rw-p 0000b000 08:02 13635765                   /lib/x86_64-linux-gnu/libnss_files-2.19.so
7f5ddfbda000-7f5ddfbe5000 r-xp 00000000 08:02 13635775                   /lib/x86_64-linux-gnu/libnss_nis-2.19.so
7f5ddfbe5000-7f5ddfde4000 ---p 0000b000 08:02 13635775                   /lib/x86_64-linux-gnu/libnss_nis-2.19.so
7f5ddfde4000-7f5ddfde5000 r--p 0000a000 08:02 13635775                   /lib/x86_64-linux-gnu/libnss_nis-2.19.so
7f5ddfde5000-7f5ddfde6000 rw-p 0000b000 08:02 13635775                   /lib/x86_64-linux-gnu/libnss_nis-2.19.so
7f5ddfde6000-7f5ddfdfd000 r-xp 00000000 08:02 13635759                   /lib/x86_64-linux-gnu/libnsl-2.19.so
7f5ddfdfd000-7f5ddfffc000 ---p 00017000 08:02 13635759                   /lib/x86_64-linux-gnu/libnsl-2.19.so
7f5ddfffc000-7f5ddfffd000 r--p 00016000 08:02 13635759                   /lib/x86_64-linux-gnu/libnsl-2.19.so
7f5ddfffd000-7f5ddfffe000 rw-p 00017000 08:02 13635759                   /lib/x86_64-linux-gnu/libnsl-2.19.so
7f5ddfffe000-7f5de0000000 rw-p 00000000 00:00 0 
7f5de0000000-7f5de0849000 rw-p 00000000 00:00 0 
7f5de0849000-7f5de4000000 ---p 00000000 00:00 0 
7f5de4000000-7f5de4005000 r--s 00068000 08:02 8014043                    /usr/bin/processing-3.0/modes/java/mode/antlr.jar
7f5de4005000-7f5de4007000 r--s 00002000 08:02 6695836                    /usr/bin/processing-3.0/lib/ant-launcher.jar
7f5de4007000-7f5de4009000 r--s 00005000 08:02 4591938                    /home/akelly/sketchbook/libraries/minim/library/mp3spi1.9.5.jar
7f5de4009000-7f5de400a000 r--s 0000b000 08:02 4591937                    /home/akelly/sketchbook/libraries/minim/library/jsminim.jar
7f5de400a000-7f5de400e000 r--s 00040000 08:02 4591936                    /home/akelly/sketchbook/libraries/minim/library/jl1.0.1.jar
7f5de400e000-7f5de4011000 r--s 00017000 08:02 4591933                    /home/akelly/sketchbook/libraries/minim/library/tritonus_share.jar
7f5de4011000-7f5de4014000 r--s 00016000 08:02 4591932                    /home/akelly/sketchbook/libraries/minim/library/minim.jar
7f5de4014000-7f5de401c000 r--s 003d3000 08:02 6569026                    /usr/bin/processing-3.0/core/library/gluegen-java-src.zip
7f5de401c000-7f5de401d000 ---p 00000000 00:00 0 
7f5de401d000-7f5de411d000 rw-p 00000000 00:00 0                          [stack:10131]
7f5de411d000-7f5de4126000 r-xp 00000000 08:02 13635761                   /lib/x86_64-linux-gnu/libnss_compat-2.19.so
7f5de4126000-7f5de4325000 ---p 00009000 08:02 13635761                   /lib/x86_64-linux-gnu/libnss_compat-2.19.so
7f5de4325000-7f5de4326000 r--p 00008000 08:02 13635761                   /lib/x86_64-linux-gnu/libnss_compat-2.19.so
7f5de4326000-7f5de4327000 rw-p 00009000 08:02 13635761                   /lib/x86_64-linux-gnu/libnss_compat-2.19.so
7f5de4327000-7f5de4a09000 r--p 00000000 08:02 6560506                    /usr/lib/locale/locale-archive
7f5de4a09000-7f5de4a0b000 r-xp 00000000 08:02 8012169                    /usr/bin/processing-3.0/java/lib/amd64/libnpt.so
7f5de4a0b000-7f5de4c0b000 ---p 00002000 08:02 8012169                    /usr/bin/processing-3.0/java/lib/amd64/libnpt.so
7f5de4c0b000-7f5de4c0c000 rw-p 00002000 08:02 8012169                    /usr/bin/processing-3.0/java/lib/amd64/libnpt.so
7f5de4c0c000-7f5de4c45000 r-xp 00000000 08:02 8012184                    /usr/bin/processing-3.0/java/lib/amd64/libjdwp.so
7f5de4c45000-7f5de4e44000 ---p 00039000 08:02 8012184                    /usr/bin/processing-3.0/java/lib/amd64/libjdwp.so
7f5de4e44000-7f5de4e46000 rw-p 00038000 08:02 8012184                    /usr/bin/processing-3.0/java/lib/amd64/libjdwp.so
7f5de4e46000-7f5de4e70000 r-xp 00000000 08:02 8012204                    /usr/bin/processing-3.0/java/lib/amd64/libjava.so
7f5de4e70000-7f5de5070000 ---p 0002a000 08:02 8012204                    /usr/bin/processing-3.0/java/lib/amd64/libjava.so
7f5de5070000-7f5de5072000 rw-p 0002a000 08:02 8012204                    /usr/bin/processing-3.0/java/lib/amd64/libjava.so
7f5de5072000-7f5de507f000 r-xp 00000000 08:02 8012148                    /usr/bin/processing-3.0/java/lib/amd64/libverify.so
7f5de507f000-7f5de527f000 ---p 0000d000 08:02 8012148                    /usr/bin/processing-3.0/java/lib/amd64/libverify.so
7f5de527f000-7f5de5281000 rw-p 0000d000 08:02 8012148                    /usr/bin/processing-3.0/java/lib/amd64/libverify.so
7f5de5281000-7f5de5288000 r-xp 00000000 08:02 13635818                   /lib/x86_64-linux-gnu/librt-2.19.so
7f5de5288000-7f5de5487000 ---p 00007000 08:02 13635818                   /lib/x86_64-linux-gnu/librt-2.19.so
7f5de5487000-7f5de5488000 r--p 00006000 08:02 13635818                   /lib/x86_64-linux-gnu/librt-2.19.so
7f5de5488000-7f5de5489000 rw-p 00007000 08:02 13635818                   /lib/x86_64-linux-gnu/librt-2.19.so
7f5de5489000-7f5de558e000 r-xp 00000000 08:02 13635740                   /lib/x86_64-linux-gnu/libm-2.19.so
7f5de558e000-7f5de578d000 ---p 00105000 08:02 13635740                   /lib/x86_64-linux-gnu/libm-2.19.so
7f5de578d000-7f5de578e000 r--p 00104000 08:02 13635740                   /lib/x86_64-linux-gnu/libm-2.19.so
7f5de578e000-7f5de578f000 rw-p 00105000 08:02 13635740                   /lib/x86_64-linux-gnu/libm-2.19.so
7f5de578f000-7f5de643d000 r-xp 00000000 08:02 8012167                    /usr/bin/processing-3.0/java/lib/amd64/server/libjvm.so
7f5de643d000-7f5de663d000 ---p 00cae000 08:02 8012167                    /usr/bin/processing-3.0/java/lib/amd64/server/libjvm.so
7f5de663d000-7f5de6714000 rw-p 00cae000 08:02 8012167                    /usr/bin/processing-3.0/java/lib/amd64/server/libjvm.so
7f5de6714000-7f5de6758000 rw-p 00000000 00:00 0 
7f5de6758000-7f5de6913000 r-xp 00000000 08:02 13635690                   /lib/x86_64-linux-gnu/libc-2.19.so
7f5de6913000-7f5de6b12000 ---p 001bb000 08:02 13635690                   /lib/x86_64-linux-gnu/libc-2.19.so
7f5de6b12000-7f5de6b16000 r--p 001ba000 08:02 13635690                   /lib/x86_64-linux-gnu/libc-2.19.so
7f5de6b16000-7f5de6b18000 rw-p 001be000 08:02 13635690                   /lib/x86_64-linux-gnu/libc-2.19.so
7f5de6b18000-7f5de6b1d000 rw-p 00000000 00:00 0 
7f5de6b1d000-7f5de6b20000 r-xp 00000000 08:02 13635707                   /lib/x86_64-linux-gnu/libdl-2.19.so
7f5de6b20000-7f5de6d1f000 ---p 00003000 08:02 13635707                   /lib/x86_64-linux-gnu/libdl-2.19.so
7f5de6d1f000-7f5de6d20000 r--p 00002000 08:02 13635707                   /lib/x86_64-linux-gnu/libdl-2.19.so
7f5de6d20000-7f5de6d21000 rw-p 00003000 08:02 13635707                   /lib/x86_64-linux-gnu/libdl-2.19.so
7f5de6d21000-7f5de6d36000 r-xp 00000000 08:02 8012145                    /usr/bin/processing-3.0/java/lib/amd64/jli/libjli.so
7f5de6d36000-7f5de6f36000 ---p 00015000 08:02 8012145                    /usr/bin/processing-3.0/java/lib/amd64/jli/libjli.so
7f5de6f36000-7f5de6f37000 rw-p 00015000 08:02 8012145                    /usr/bin/processing-3.0/java/lib/amd64/jli/libjli.so
7f5de6f37000-7f5de6f50000 r-xp 00000000 08:02 13635810                   /lib/x86_64-linux-gnu/libpthread-2.19.so
7f5de6f50000-7f5de714f000 ---p 00019000 08:02 13635810                   /lib/x86_64-linux-gnu/libpthread-2.19.so
7f5de714f000-7f5de7150000 r--p 00018000 08:02 13635810                   /lib/x86_64-linux-gnu/libpthread-2.19.so
7f5de7150000-7f5de7151000 rw-p 00019000 08:02 13635810                   /lib/x86_64-linux-gnu/libpthread-2.19.so
7f5de7151000-7f5de7155000 rw-p 00000000 00:00 0 
7f5de7155000-7f5de7178000 r-xp 00000000 08:02 13635666                   /lib/x86_64-linux-gnu/ld-2.19.so
7f5de7178000-7f5de7179000 r--s 00002000 08:02 4591935                    /home/akelly/sketchbook/libraries/minim/library/tritonus_aos.jar
7f5de7179000-7f5de717a000 r--s 00001000 08:02 6569033                    /usr/bin/processing-3.0/core/library/gluegen-rt-natives-macosx-universal.jar
7f5de717a000-7f5de717c000 r--s 00038000 08:02 6569032                    /usr/bin/processing-3.0/core/library/jogl-all-natives-windows-amd64.jar
7f5de717c000-7f5de717d000 r--s 00034000 08:02 6569031                    /usr/bin/processing-3.0/core/library/jogl-all-natives-linux-amd64.jar
7f5de717d000-7f5de717e000 r--s 00001000 08:02 6569036                    /usr/bin/processing-3.0/core/library/gluegen-rt-natives-windows-i586.jar
7f5de717e000-7f5de724f000 rw-p 00000000 00:00 0 
7f5de724f000-7f5de7252000 ---p 00000000 00:00 0 
7f5de7252000-7f5de7354000 rw-p 00000000 00:00 0                          [stack:10130]
7f5de7354000-7f5de735a000 r--s 0004a000 08:02 6569021                    /usr/bin/processing-3.0/core/library/gluegen-rt.jar
7f5de735a000-7f5de735b000 r--s 00000000 08:02 6569035                    /usr/bin/processing-3.0/core/library/gluegen-rt-natives-linux-armv6hf.jar
7f5de735b000-7f5de735c000 r--s 00031000 08:02 6569019                    /usr/bin/processing-3.0/core/library/jogl-all-natives-windows-i586.jar
7f5de735c000-7f5de735d000 r--s 00001000 08:02 6569022                    /usr/bin/processing-3.0/core/library/gluegen-rt-natives-windows-amd64.jar
7f5de735d000-7f5de735f000 r--s 0006c000 08:02 6569020                    /usr/bin/processing-3.0/core/library/jogl-all-natives-macosx-universal.jar
7f5de735f000-7f5de7364000 r--s 000f0000 08:02 6569027                    /usr/bin/processing-3.0/core/library/core.jar
7f5de7364000-7f5de7366000 r--s 00000000 08:02 6569025                    /usr/bin/processing-3.0/core/library/gluegen-rt-natives-linux-amd64.jar
7f5de7366000-7f5de7367000 r--s 00026000 08:02 6569028                    /usr/bin/processing-3.0/core/library/jogl-all-natives-linux-armv6hf.jar
7f5de7367000-7f5de7368000 r--s 00032000 08:02 6569024                    /usr/bin/processing-3.0/core/library/jogl-all-natives-linux-i586.jar
7f5de7368000-7f5de736a000 r--s 00000000 08:02 6569023                    /usr/bin/processing-3.0/core/library/gluegen-rt-natives-linux-i586.jar
7f5de736a000-7f5de736b000 rw-p 00000000 00:00 0 
7f5de736b000-7f5de7373000 rw-s 00000000 08:02 4325390                    /tmp/hsperfdata_akelly/10128
7f5de7373000-7f5de7374000 rw-p 00000000 00:00 0 
7f5de7374000-7f5de7375000 r--p 00000000 00:00 0 
7f5de7375000-7f5de7377000 rw-p 00000000 00:00 0 
7f5de7377000-7f5de7378000 r--p 00022000 08:02 13635666                   /lib/x86_64-linux-gnu/ld-2.19.so
7f5de7378000-7f5de7379000 rw-p 00023000 08:02 13635666                   /lib/x86_64-linux-gnu/ld-2.19.so
7f5de7379000-7f5de737a000 rw-p 00000000 00:00 0 
7ffe99bb8000-7ffe99bdb000 rw-p 00000000 00:00 0                          [stack]
7ffe99bf5000-7ffe99bf7000 r--p 00000000 00:00 0                          [vvar]
7ffe99bf7000-7ffe99bf9000 r-xp 00000000 00:00 0                          [vdso]
ffffffffff600000-ffffffffff601000 r-xp 00000000 00:00 0                  [vsyscall]

VM Arguments:
jvm_args: -agentlib:jdwp=transport=dt_socket,address=8210,server=y,suspend=y -Djava.library.path=:/usr/bin/processing-3.0/core/library:/home/akelly/sketchbook/libraries/minim/library:/usr/java/packages/lib/amd64:/usr/lib64:/lib64:/lib:/usr/lib -ea 
java_command: processing.core.PApplet --display=1 --sketch-path=/home/akelly/sketchbook/_audioVisualizer/_audioVisualizer/build build
java_class_path (initial): /home/akelly/sketchbook/_audioVisualizer/_audioVisualizer/build/build-tmp:/usr/bin/processing-3.0/core/library/gluegen-rt-natives-linux-i586.jar:/usr/bin/processing-3.0/core/library/jogl-all-natives-linux-i586.jar:/usr/bin/processing-3.0/core/library/jogl-all-natives-linux-armv6hf.jar:/usr/bin/processing-3.0/core/library/gluegen-rt-natives-linux-amd64.jar:/usr/bin/processing-3.0/core/library/core.jar:/usr/bin/processing-3.0/core/library/jogl-all-natives-macosx-universal.jar:/usr/bin/processing-3.0/core/library/gluegen-rt-natives-windows-amd64.jar:/usr/bin/processing-3.0/core/library/jogl-all-natives-windows-i586.jar:/usr/bin/processing-3.0/core/library/gluegen-rt-natives-linux-armv6hf.jar:/usr/bin/processing-3.0/core/library/gluegen-rt.jar:/usr/bin/processing-3.0/core/library/gluegen-rt-natives-windows-i586.jar:/usr/bin/processing-3.0/core/library/jogl-all.jar:/usr/bin/processing-3.0/core/library/jogl-all-natives-linux-amd64.jar:/usr/bin/processing-3.0/core/library/jogl-all-natives-windows-amd64.jar:/usr/bin/processing-3.0/core/library/gluegen-java-src.zip:/usr/bin/processing-3.0/core/library/jogl-java-src.zip:/usr/bin/processing-3.0/core/library/gluegen-rt-natives-macosx-universal.jar:/usr/bin/processing-3.0/core/library/gluegen-rt-natives-linux-i586.jar:/usr/bin/processing-3.0/core/library/jogl-all-natives-linux-i586.jar:/usr/bin/processing-3.0/core/library/jogl-all-natives-linux-armv6hf.jar:/usr/bin/processing-3.0/core/library/gluegen-rt-natives-linux-amd64.jar:/usr/bin/processing-3.0/core/library/core.jar:/usr/bin/processing-3.0/core/library/jogl-all-natives-macosx-universal.jar:/usr/bin/processing-3.0/core/library/gluegen-rt-natives-windows-amd64.jar:/usr/bin/processing-3.0/core/library/jogl-all-natives-windows-i586.jar:/usr/bin/processing-3.0/core/library/gluegen-rt-natives-linux-armv6hf.jar:/usr/bin/processing-3.0/core/library/gluegen-rt.jar:/usr/bin/processing-3.0/core/library/gluegen-rt-natives-windows-i586.jar:/usr/bin/processi
Launcher Type: SUN_STANDARD

Environment Variables:
PATH=/usr/bin/processing-3.0/java/bin:/usr/local/sbin:/usr/local/bin:/usr/sbin:/usr/bin:/sbin:/bin:/usr/games:/usr/local/games
SHELL=/bin/bash
DISPLAY=:0

Signal Handlers:
SIGSEGV: [libjvm.so+0xaad540], sa_mask[0]=11111111011111111101111111111110, sa_flags=SA_RESTART|SA_SIGINFO
SIGBUS: [libjvm.so+0xaad540], sa_mask[0]=11111111011111111101111111111110, sa_flags=SA_RESTART|SA_SIGINFO
SIGFPE: [libjvm.so+0x90b6b0], sa_mask[0]=11111111011111111101111111111110, sa_flags=SA_RESTART|SA_SIGINFO
SIGPIPE: [libjvm.so+0x90b6b0], sa_mask[0]=11111111011111111101111111111110, sa_flags=SA_RESTART|SA_SIGINFO
SIGXFSZ: [libjvm.so+0x90b6b0], sa_mask[0]=11111111011111111101111111111110, sa_flags=SA_RESTART|SA_SIGINFO
SIGILL: [libjvm.so+0x90b6b0], sa_mask[0]=11111111011111111101111111111110, sa_flags=SA_RESTART|SA_SIGINFO
SIGUSR1: SIG_DFL, sa_mask[0]=00000000000000000000000000000000, sa_flags=none
SIGUSR2: [libjvm.so+0x90ccf0], sa_mask[0]=00100000000000000000000000000000, sa_flags=SA_RESTART|SA_SIGINFO
SIGHUP: [libjvm.so+0x90e040], sa_mask[0]=11111111011111111101111111111110, sa_flags=SA_RESTART|SA_SIGINFO
SIGINT: [libjvm.so+0x90e040], sa_mask[0]=11111111011111111101111111111110, sa_flags=SA_RESTART|SA_SIGINFO
SIGTERM: [libjvm.so+0x90e040], sa_mask[0]=11111111011111111101111111111110, sa_flags=SA_RESTART|SA_SIGINFO
SIGQUIT: [libjvm.so+0x90e040], sa_mask[0]=11111111011111111101111111111110, sa_flags=SA_RESTART|SA_SIGINFO


---------------  S Y S T E M  ---------------

OS:DISTRIB_ID=Ubuntu
DISTRIB_RELEASE=14.04
DISTRIB_CODENAME=trusty
DISTRIB_DESCRIPTION="Ubuntu 14.04.3 LTS"

uname:Linux 3.19.0-28-generic #30~14.04.1-Ubuntu SMP Tue Sep 1 09:32:55 UTC 2015 x86_64
libc:glibc 2.19 NPTL 2.19 
rlimit: STACK 8192k, CORE 0k, NPROC 63284, NOFILE 4096, AS infinity
load average:3.24 3.07 2.67

/proc/meminfo:
MemTotal:       16309452 kB
MemFree:        10685180 kB
MemAvailable:   11931052 kB
Buffers:          119340 kB
Cached:          2221560 kB
SwapCached:           48 kB
Active:          4039780 kB
Inactive:        1314092 kB
Active(anon):    3096348 kB
Inactive(anon):   886860 kB
Active(file):     943432 kB
Inactive(file):   427232 kB
Unevictable:          92 kB
Mlocked:              92 kB
SwapTotal:      16653308 kB
SwapFree:       16584364 kB
Dirty:              2360 kB
Writeback:             0 kB
AnonPages:       3013140 kB
Mapped:          1039328 kB
Shmem:            970240 kB
Slab:             129844 kB
SReclaimable:      88300 kB
SUnreclaim:        41544 kB
KernelStack:       10480 kB
PageTables:        53504 kB
NFS_Unstable:          0 kB
Bounce:                0 kB
WritebackTmp:          0 kB
CommitLimit:    24808032 kB
Committed_AS:    9470996 kB
VmallocTotal:   34359738367 kB
VmallocUsed:      384868 kB
VmallocChunk:   34359343192 kB
HardwareCorrupted:     0 kB
AnonHugePages:   1038336 kB
CmaTotal:              0 kB
CmaFree:               0 kB
HugePages_Total:       0
HugePages_Free:        0
HugePages_Rsvd:        0
HugePages_Surp:        0
Hugepagesize:       2048 kB
DirectMap4k:      206252 kB
DirectMap2M:    12253184 kB
DirectMap1G:     4194304 kB


CPU:total 4 (2 cores per cpu, 2 threads per core) family 6 model 61 stepping 4, cmov, cx8, fxsr, mmx, sse, sse2, sse3, ssse3, sse4.1, sse4.2, popcnt, avx, avx2, aes, clmul, erms, rtm, 3dnowpref, lzcnt, ht, tsc, tscinvbit, bmi1, bmi2, adx

/proc/cpuinfo:
processor	: 0
vendor_id	: GenuineIntel
cpu family	: 6
model		: 61
model name	: Intel(R) Core(TM) i7-5600U CPU @ 2.60GHz
stepping	: 4
microcode	: 0x19
cpu MHz		: 1814.312
cache size	: 4096 KB
physical id	: 0
siblings	: 4
core id		: 0
cpu cores	: 2
apicid		: 0
initial apicid	: 0
fpu		: yes
fpu_exception	: yes
cpuid level	: 20
wp		: yes
flags		: fpu vme de pse tsc msr pae mce cx8 apic sep mtrr pge mca cmov pat pse36 clflush dts acpi mmx fxsr sse sse2 ss ht tm pbe syscall nx pdpe1gb rdtscp lm constant_tsc arch_perfmon pebs bts rep_good nopl xtopology nonstop_tsc aperfmperf eagerfpu pni pclmulqdq dtes64 monitor ds_cpl vmx smx est tm2 ssse3 fma cx16 xtpr pdcm pcid sse4_1 sse4_2 x2apic movbe popcnt tsc_deadline_timer aes xsave avx f16c rdrand lahf_lm abm 3dnowprefetch ida arat epb pln pts dtherm tpr_shadow vnmi flexpriority ept vpid fsgsbase tsc_adjust bmi1 hle avx2 smep bmi2 erms invpcid rtm rdseed adx smap xsaveopt
bugs		:
bogomips	: 5188.48
clflush size	: 64
cache_alignment	: 64
address sizes	: 39 bits physical, 48 bits virtual
power management:

processor	: 1
vendor_id	: GenuineIntel
cpu family	: 6
model		: 61
model name	: Intel(R) Core(TM) i7-5600U CPU @ 2.60GHz
stepping	: 4
microcode	: 0x19
cpu MHz		: 1844.781
cache size	: 4096 KB
physical id	: 0
siblings	: 4
core id		: 0
cpu cores	: 2
apicid		: 1
initial apicid	: 1
fpu		: yes
fpu_exception	: yes
cpuid level	: 20
wp		: yes
flags		: fpu vme de pse tsc msr pae mce cx8 apic sep mtrr pge mca cmov pat pse36 clflush dts acpi mmx fxsr sse sse2 ss ht tm pbe syscall nx pdpe1gb rdtscp lm constant_tsc arch_perfmon pebs bts rep_good nopl xtopology nonstop_tsc aperfmperf eagerfpu pni pclmulqdq dtes64 monitor ds_cpl vmx smx est tm2 ssse3 fma cx16 xtpr pdcm pcid sse4_1 sse4_2 x2apic movbe popcnt tsc_deadline_timer aes xsave avx f16c rdrand lahf_lm abm 3dnowprefetch ida arat epb pln pts dtherm tpr_shadow vnmi flexpriority ept vpid fsgsbase tsc_adjust bmi1 hle avx2 smep bmi2 erms invpcid rtm rdseed adx smap xsaveopt
bugs		:
bogomips	: 5188.48
clflush size	: 64
cache_alignment	: 64
address sizes	: 39 bits physical, 48 bits virtual
power management:

processor	: 2
vendor_id	: GenuineIntel
cpu family	: 6
model		: 61
model name	: Intel(R) Core(TM) i7-5600U CPU @ 2.60GHz
stepping	: 4
microcode	: 0x19
cpu MHz		: 1899.828
cache size	: 4096 KB
physical id	: 0
siblings	: 4
core id		: 1
cpu cores	: 2
apicid		: 2
initial apicid	: 2
fpu		: yes
fpu_exception	: yes
cpuid level	: 20
wp		: yes
flags		: fpu vme de pse tsc msr pae mce cx8 apic sep mtrr pge mca cmov pat pse36 clflush dts acpi mmx fxsr sse sse2 ss ht tm pbe syscall nx pdpe1gb rdtscp lm constant_tsc arch_perfmon pebs bts rep_good nopl xtopology nonstop_tsc aperfmperf eagerfpu pni pclmulqdq dtes64 monitor ds_cpl vmx smx est tm2 ssse3 fma cx16 xtpr pdcm pcid sse4_1 sse4_2 x2apic movbe popcnt tsc_deadline_timer aes xsave avx f16c rdrand lahf_lm abm 3dnowprefetch ida arat epb pln pts dtherm tpr_shadow vnmi flexpriority ept vpid fsgsbase tsc_adjust bmi1 hle avx2 smep bmi2 erms invpcid rtm rdseed adx smap xsaveopt
bugs		:
bogomips	: 5188.48
clflush size	: 64
cache_alignment	: 64
address sizes	: 39 bits physical, 48 bits virtual
power management:

processor	: 3
vendor_id	: GenuineIntel
cpu family	: 6
model		: 61
model name	: Intel(R) Core(TM) i7-5600U CPU @ 2.60GHz
stepping	: 4
microcode	: 0x19
cpu MHz		: 1899.828
cache size	: 4096 KB
physical id	: 0
siblings	: 4
core id		: 1
cpu cores	: 2
apicid		: 3
initial apicid	: 3
fpu		: yes
fpu_exception	: yes
cpuid level	: 20
wp		: yes
flags		: fpu vme de pse tsc msr pae mce cx8 apic sep mtrr pge mca cmov pat pse36 clflush dts acpi mmx fxsr sse sse2 ss ht tm pbe syscall nx pdpe1gb rdtscp lm constant_tsc arch_perfmon pebs bts rep_good nopl xtopology nonstop_tsc aperfmperf eagerfpu pni pclmulqdq dtes64 monitor ds_cpl vmx smx est tm2 ssse3 fma cx16 xtpr pdcm pcid sse4_1 sse4_2 x2apic movbe popcnt tsc_deadline_timer aes xsave avx f16c rdrand lahf_lm abm 3dnowprefetch ida arat epb pln pts dtherm tpr_shadow vnmi flexpriority ept vpid fsgsbase tsc_adjust bmi1 hle avx2 smep bmi2 erms invpcid rtm rdseed adx smap xsaveopt
bugs		:
bogomips	: 5188.48
clflush size	: 64
cache_alignment	: 64
address sizes	: 39 bits physical, 48 bits virtual
power management:



Memory: 4k page, physical 16309452k(10685180k free), swap 16653308k(16584364k free)

vm_info: Java HotSpot(TM) 64-Bit Server VM (25.51-b03) for linux-amd64 JRE (1.8.0_51-b16), built on Jun  8 2015 19:28:07 by "java_re" with gcc 4.3.0 20080428 (Red Hat 4.3.0-8)

time: Sat Oct 10 16:15:41 2015
elapsed time: 24 seconds (0d 0h 0m 24s)

