#
# A fatal error has been detected by the Java Runtime Environment:
#
#  SIGSEGV (0xb) at pc=0x00007f852d03b998, pid=8873, tid=140210424309504
#
# JRE version: Java(TM) SE Runtime Environment (8.0_51-b16) (build 1.8.0_51-b16)
# Java VM: Java HotSpot(TM) 64-Bit Server VM (25.51-b03 mixed mode linux-amd64 compressed oops)
# Problematic frame:
# C  [i965_dri.so+0x3c9998]
#
# Failed to write core dump. Core dumps have been disabled. To enable core dumping, try "ulimit -c unlimited" before starting Java again
#
# If you would like to submit a bug report, please visit:
#   http://bugreport.java.com/bugreport/crash.jsp
# The crash happened outside the Java Virtual Machine in native code.
# See problematic frame for where to report the bug.
#

---------------  T H R E A D  ---------------

Current thread (0x00007f85a472a800):  JavaThread "main-Display-.x11_:0-1-EDT-1" daemon [_thread_in_native, id=8913, stack(0x00007f854878e000,0x00007f854888f000)]

siginfo: si_signo: 11 (SIGSEGV), si_code: 1 (SEGV_MAPERR), si_addr: 0x0000000100000000

Registers:
RAX=0x00007f852d03b990, RBX=0x00007f851004f900, RCX=0x0000000000000000, RDX=0x0000000000000001
RSP=0x00007f854888c180, RBP=0x00007f85280222c0, RSI=0x00007f851004f9e0, RDI=0x0000000100000000
R8 =0x0000000000000000, R9 =0x00007f854813bfc0, R10=0x00007f85947cfe58, R11=0x00007f85aa089090
R12=0x00007f852801fd70, R13=0x0000000000000000, R14=0x00007f85280234b0, R15=0x0000000000000000
RIP=0x00007f852d03b998, EFLAGS=0x0000000000010202, CSGSFS=0x0000000000000033, ERR=0x0000000000000004
  TRAPNO=0x000000000000000e

Top of Stack: (sp=0x00007f854888c180)
0x00007f854888c180:   00007f854888c270 0000000000000000
0x00007f854888c190:   00007f851004f900 00007f85280222c0
0x00007f854888c1a0:   00007f852801fd70 00007f854813c04e
0x00007f854888c1b0:   00007f854888c1e8 00007f8548389660
0x00007f854888c1c0:   00007f8528014b10 00007f8500000000
0x00007f854888c1d0:   0000000000000000 0000000000000000
0x00007f854888c1e0:   00000007c0154c78 00007f851004f900
0x00007f854888c1f0:   0000000004200002 00007f85484d6768
0x00007f854888c200:   00007f854888c270 0000000000000000
0x00007f854888c210:   00007f85484d6768 00007f854888c340
0x00007f854888c220:   00007f85a472a800 00007f852e755ba7
0x00007f854888c230:   00000006c74bdec8 00007f8548115ab0
0x00007f854888c240:   0000000004200002 00007f8528014b10
0x00007f854888c250:   00007f854888c308 00007f85a472a9f8
0x00007f854888c260:   00007f8522f2ff40 00007f8548115ab0
0x00007f854888c270:   00007f854888c2f8 00007f85947cfe84
0x00007f854888c280:   0000000000000000 00007f855405f038
0x00007f854888c290:   0000000000000031 00000006c74bded8
0x00007f854888c2a0:   00007f85947b85d0 0000000700000000
0x00007f854888c2b0:   00007f854888c468 00007f854888c2b8
0x00007f854888c2c0:   0000000000000000 00007f854888c340
0x00007f854888c2d0:   00007f85484d7a78 0000000000000000
0x00007f854888c2e0:   00007f85484d6768 0000000000000000
0x00007f854888c2f0:   00007f854888c318 00007f854888c388
0x00007f854888c300:   00007f85947baccd 00000006c72f3610
0x00007f854888c310:   00007f85947c67d8 00007f8548115ab0
0x00007f854888c320:   00007f854888c498 0000000004200002
0x00007f854888c330:   00007f85947b85d0 00007f8528014b10
0x00007f854888c340:   00000006c72f38d0 00007f854888c348
0x00007f854888c350:   00007f85484d66b9 00007f854888c3c0
0x00007f854888c360:   00007f85484d7a78 0000000000000000
0x00007f854888c370:   00007f85484d66c8 00007f854888c318 

Instructions: (pc=0x00007f852d03b998)
0x00007f852d03b978:   0f 1f 84 00 00 00 00 00 48 83 c4 10 5b 5d 41 5c
0x00007f852d03b988:   c3 0f 1f 80 00 00 00 00 41 54 55 53 48 83 ec 10
0x00007f852d03b998:   48 8b 1f 48 85 db 74 3d f6 83 48 05 00 00 01 49
0x00007f852d03b9a8:   89 f4 89 cd 75 72 83 e2 01 75 5d 83 e5 fd 74 38 

Register to memory mapping:

RAX=0x00007f852d03b990: <offset 0x3c9990> in /usr/lib/x86_64-linux-gnu/dri/i965_dri.so at 0x00007f852cc72000
RBX=0x00007f851004f900 is an unknown value
RCX=0x0000000000000000 is an unknown value
RDX=0x0000000000000001 is an unknown value
RSP=0x00007f854888c180 is pointing into the stack for thread: 0x00007f85a472a800
RBP=0x00007f85280222c0 is an unknown value
RSI=0x00007f851004f9e0 is an unknown value
RDI=0x0000000100000000 is an unknown value
R8 =0x0000000000000000 is an unknown value
R9 =0x00007f854813bfc0: <offset 0x42fc0> in /usr/lib/x86_64-linux-gnu/mesa/libGL.so.1 at 0x00007f85480f9000
R10=0x00007f85947cfe58 is at code_begin+1528 in an Interpreter codelet
method entry point (kind = native)  [0x00007f85947cf860, 0x00007f85947d07a0]  3904 bytes
R11=0x00007f85aa089090: <offset 0x9ad090> in /usr/bin/processing-3.0/java/lib/amd64/server/libjvm.so at 0x00007f85a96dc000
R12=0x00007f852801fd70 is an unknown value
R13=0x0000000000000000 is an unknown value
R14=0x00007f85280234b0 is an unknown value
R15=0x0000000000000000 is an unknown value


Stack: [0x00007f854878e000,0x00007f854888f000],  sp=0x00007f854888c180,  free space=1016k
Native frames: (J=compiled Java code, j=interpreted, Vv=VM code, C=native code)
C  [i965_dri.so+0x3c9998]

Java frames: (J=compiled Java code, j=interpreted, Vv=VM code)
j  jogamp.opengl.x11.glx.GLX.dispatch_glXSwapBuffers0(JJJ)V+0
j  jogamp.opengl.x11.glx.GLX.glXSwapBuffers(JJ)V+41
j  jogamp.opengl.x11.glx.X11GLXDrawable.swapBuffersImpl(Z)V+17
j  jogamp.opengl.GLDrawableImpl.swapBuffers()V+67
j  jogamp.opengl.GLAutoDrawableBase.defaultSwapBuffers()V+23
j  com.jogamp.newt.opengl.GLWindow.swapBuffers()V+1
j  processing.opengl.PJOGL.swapBuffers()V+15
j  processing.opengl.PGraphicsOpenGL.dispose()V+15
j  processing.core.PApplet.dispose()V+28
j  processing.opengl.PSurfaceJOGL$NEWTWindowListener.windowDestroyNotify(Lcom/jogamp/newt/event/WindowEvent;)V+7
j  jogamp.newt.WindowImpl.consumeWindowEvent(Lcom/jogamp/newt/event/WindowEvent;)V+254
j  jogamp.newt.WindowImpl.sendWindowEvent(I)V+14
j  jogamp.newt.WindowImpl$1.run()V+143
j  jogamp.newt.DisplayImpl.runOnEDTIfAvail(ZLjava/lang/Runnable;)V+172
j  jogamp.newt.WindowImpl.runOnEDTIfAvail(ZLjava/lang/Runnable;)V+36
j  jogamp.newt.WindowImpl.destroy()V+11
j  com.jogamp.newt.opengl.GLWindow.destroy()V+4
j  jogamp.opengl.GLAutoDrawableBase.destroyAvoidAwareOfLocking()V+31
j  jogamp.opengl.GLAutoDrawableBase.defaultWindowDestroyNotifyOp()V+43
j  com.jogamp.newt.opengl.GLWindow.access$000(Lcom/jogamp/newt/opengl/GLWindow;)V+1
j  com.jogamp.newt.opengl.GLWindow$1.run()V+4
j  jogamp.newt.WindowImpl.windowDestroyNotify(Z)Z+147
v  ~StubRoutines::call_stub
J 1561  jogamp.newt.driver.x11.DisplayDriver.DispatchMessages0(JJJII)V (0 bytes) @ 0x00007f8594d8acbf [0x00007f8594d8ac80+0x3f]
J 1560 C1 jogamp.newt.driver.x11.DisplayDriver.dispatchMessagesNative()V (66 bytes) @ 0x00007f8594d8a62c [0x00007f8594d8a500+0x12c]
J 1563 C1 jogamp.newt.DisplayImpl.dispatchMessages()V (116 bytes) @ 0x00007f8594d89a5c [0x00007f8594d896e0+0x37c]
J 1562 C1 jogamp.newt.DisplayImpl$7.run()V (8 bytes) @ 0x00007f8594d89334 [0x00007f8594d892c0+0x74]
j  jogamp.newt.DefaultEDTUtil$NEDT.run()V+67
v  ~StubRoutines::call_stub

---------------  P R O C E S S  ---------------

Java Threads: ( => current thread )
  0x00007f8510130800 JavaThread "Thread-6" [_thread_blocked, id=8935, stack(0x00007f8522519000,0x00007f852261a000)]
  0x00007f851011d000 JavaThread "Java Sound Event Dispatcher" daemon [_thread_blocked, id=8930, stack(0x00007f852261a000,0x00007f852271b000)]
  0x00007f85a400f800 JavaThread "DestroyJavaVM" [_thread_blocked, id=8875, stack(0x00007f85ab19c000,0x00007f85ab29d000)]
  0x00007f85a479d800 JavaThread "Thread-2" [_thread_blocked, id=8916, stack(0x00007f852c02f000,0x00007f852c130000)]
  0x00007f85a478d000 JavaThread "main-SharedResourceRunner" daemon [_thread_blocked, id=8915, stack(0x00007f852d3f5000,0x00007f852d4f6000)]
  0x00007f85a4766800 JavaThread "main-SharedResourceRunner" daemon [_thread_blocked, id=8914, stack(0x00007f852e5bc000,0x00007f852e6bd000)]
=>0x00007f85a472a800 JavaThread "main-Display-.x11_:0-1-EDT-1" daemon [_thread_in_native, id=8913, stack(0x00007f854878e000,0x00007f854888f000)]
  0x00007f85a4535800 JavaThread "process reaper" daemon [_thread_blocked, id=8906, stack(0x00007f8549fab000,0x00007f8549fe4000)]
  0x00007f85a429b800 JavaThread "AWT-XAWT" daemon [_thread_in_native, id=8902, stack(0x00007f854a4cf000,0x00007f854a5d0000)]
  0x00007f85a427b800 JavaThread "Java2D Disposer" daemon [_thread_blocked, id=8901, stack(0x00007f8588082000,0x00007f8588183000)]
  0x00007f85a40e0800 JavaThread "Service Thread" daemon [_thread_blocked, id=8899, stack(0x00007f85887af000,0x00007f85888b0000)]
  0x00007f85a40d3800 JavaThread "C1 CompilerThread2" daemon [_thread_blocked, id=8898, stack(0x00007f85888b0000,0x00007f85889b1000)]
  0x00007f85a40d1800 JavaThread "C2 CompilerThread1" daemon [_thread_blocked, id=8897, stack(0x00007f85889b1000,0x00007f8588ab2000)]
  0x00007f85a40ce800 JavaThread "C2 CompilerThread0" daemon [_thread_blocked, id=8896, stack(0x00007f8588ab2000,0x00007f8588bb3000)]
  0x00007f8568001000 JavaThread "JDWP Command Reader" daemon [_thread_in_native, id=8890, stack(0x00007f8588bb3000,0x00007f8588cb4000)]
  0x00007f85a40cc800 JavaThread "JDWP Event Helper Thread" daemon [_thread_blocked, id=8885, stack(0x00007f8588cb4000,0x00007f8588db5000)]
  0x00007f85a40c9000 JavaThread "JDWP Transport Listener: dt_socket" daemon [_thread_blocked, id=8884, stack(0x00007f8588db5000,0x00007f8588eb6000)]
  0x00007f85a40bb800 JavaThread "Signal Dispatcher" daemon [_thread_blocked, id=8883, stack(0x00007f85890ba000,0x00007f85891bb000)]
  0x00007f85a4084800 JavaThread "Finalizer" daemon [_thread_blocked, id=8882, stack(0x00007f85891bb000,0x00007f85892bc000)]
  0x00007f85a4082800 JavaThread "Reference Handler" daemon [_thread_blocked, id=8881, stack(0x00007f85892bc000,0x00007f85893bd000)]

Other Threads:
  0x00007f85a407d000 VMThread [stack: 0x00007f85893bd000,0x00007f85894be000] [id=8880]
  0x00007f85a40e3000 WatcherThread [stack: 0x00007f85886ae000,0x00007f85887af000] [id=8900]

VM state:not at safepoint (normal execution)

VM Mutex/Monitor currently owned by a thread: None

Heap:
 PSYoungGen      total 266752K, used 139908K [0x000000076d100000, 0x000000078dc00000, 0x00000007c0000000)
  eden space 258048K, 54% used [0x000000076d100000,0x0000000775989370,0x000000077cd00000)
  from space 8704K, 1% used [0x000000077cd00000,0x000000077cd18000,0x000000077d580000)
  to   space 9728K, 0% used [0x000000078d280000,0x000000078d280000,0x000000078dc00000)
 ParOldGen       total 171008K, used 4802K [0x00000006c7200000, 0x00000006d1900000, 0x000000076d100000)
  object space 171008K, 2% used [0x00000006c7200000,0x00000006c76b0a68,0x00000006d1900000)
 Metaspace       used 17522K, capacity 17682K, committed 17792K, reserved 1064960K
  class space    used 1576K, capacity 1662K, committed 1664K, reserved 1048576K

Card table byte_map: [0x00007f8593c2b000,0x00007f85943f3000] byte_map_base: 0x00007f85905f2000

Marking Bits: (ParMarkBitMap*) 0x00007f85aa67a660
 Begin Bits: [0x00007f858b687000, 0x00007f858f4bf000)
 End Bits:   [0x00007f858f4bf000, 0x00007f85932f7000)

Polling page: 0x00007f85ab2c1000

CodeCache: size=245760Kb used=7576Kb max_used=7576Kb free=238183Kb
 bounds [0x00007f85947b3000, 0x00007f8594f23000, 0x00007f85a37b3000]
 total_blobs=2811 nmethods=1856 adapters=877
 compilation: enabled

Compilation events (10 events):
Event: 7.756 Thread 0x00007f85a40d3800 1867       3       jogamp.opengl.gl4.GL4bcImpl::glBufferData (24 bytes)
Event: 7.758 Thread 0x00007f85a40d3800 nmethod 1867 0x00007f8594f16190 code [0x00007f8594f16300, 0x00007f8594f16568]
Event: 7.758 Thread 0x00007f85a40d3800 1866       3       processing.opengl.PJOGL::bufferData (16 bytes)
Event: 7.759 Thread 0x00007f85a40d3800 nmethod 1866 0x00007f8594f134d0 code [0x00007f8594f13640, 0x00007f8594f13888]
Event: 7.759 Thread 0x00007f85a40d3800 1868       3       jogamp.opengl.gl4.GL4bcImpl$1::create (14 bytes)
Event: 7.760 Thread 0x00007f85a40d3800 nmethod 1868 0x00007f8594f12fd0 code [0x00007f8594f13140, 0x00007f8594f13388]
Event: 7.760 Thread 0x00007f85a40d3800 1869       3       com.jogamp.common.util.IntObjectHashMap::get (52 bytes)
Event: 7.760 Thread 0x00007f85a40d3800 nmethod 1869 0x00007f8594f1e4d0 code [0x00007f8594f1e640, 0x00007f8594f1e8d0]
Event: 7.783 Thread 0x00007f85a40d3800 1870       3       jogamp.opengl.gl4.GL4bcImpl::checkBufferObject (186 bytes)
Event: 7.787 Thread 0x00007f85a40d3800 nmethod 1870 0x00007f8594f1ea50 code [0x00007f8594f1ed40, 0x00007f8594f202f8]

GC Heap History (10 events):
Event: 3.270 GC heap before
{Heap before GC invocations=3 (full 0):
 PSYoungGen      total 74752K, used 69358K [0x000000076d100000, 0x0000000776300000, 0x00000007c0000000)
  eden space 64512K, 100% used [0x000000076d100000,0x0000000771000000,0x0000000771000000)
  from space 10240K, 47% used [0x0000000771a00000,0x0000000771ebb930,0x0000000772400000)
  to   space 10240K, 0% used [0x0000000771000000,0x0000000771000000,0x0000000771a00000)
 ParOldGen       total 171008K, used 24K [0x00000006c7200000, 0x00000006d1900000, 0x000000076d100000)
  object space 171008K, 0% used [0x00000006c7200000,0x00000006c7206000,0x00000006d1900000)
 Metaspace       used 17288K, capacity 17490K, committed 17792K, reserved 1064960K
  class space    used 1576K, capacity 1662K, committed 1664K, reserved 1048576K
Event: 3.278 GC heap after
Heap after GC invocations=3 (full 0):
 PSYoungGen      total 74752K, used 4906K [0x000000076d100000, 0x0000000776300000, 0x00000007c0000000)
  eden space 64512K, 0% used [0x000000076d100000,0x000000076d100000,0x0000000771000000)
  from space 10240K, 47% used [0x0000000771000000,0x00000007714cab30,0x0000000771a00000)
  to   space 10240K, 0% used [0x0000000775900000,0x0000000775900000,0x0000000776300000)
 ParOldGen       total 171008K, used 32K [0x00000006c7200000, 0x00000006d1900000, 0x000000076d100000)
  object space 171008K, 0% used [0x00000006c7200000,0x00000006c7208000,0x00000006d1900000)
 Metaspace       used 17288K, capacity 17490K, committed 17792K, reserved 1064960K
  class space    used 1576K, capacity 1662K, committed 1664K, reserved 1048576K
}
Event: 3.776 GC heap before
{Heap before GC invocations=4 (full 0):
 PSYoungGen      total 74752K, used 69418K [0x000000076d100000, 0x0000000776300000, 0x00000007c0000000)
  eden space 64512K, 100% used [0x000000076d100000,0x0000000771000000,0x0000000771000000)
  from space 10240K, 47% used [0x0000000771000000,0x00000007714cab30,0x0000000771a00000)
  to   space 10240K, 0% used [0x0000000775900000,0x0000000775900000,0x0000000776300000)
 ParOldGen       total 171008K, used 32K [0x00000006c7200000, 0x00000006d1900000, 0x000000076d100000)
  object space 171008K, 0% used [0x00000006c7200000,0x00000006c7208000,0x00000006d1900000)
 Metaspace       used 17306K, capacity 17490K, committed 17792K, reserved 1064960K
  class space    used 1576K, capacity 1662K, committed 1664K, reserved 1048576K
Event: 3.789 GC heap after
Heap after GC invocations=4 (full 0):
 PSYoungGen      total 139264K, used 4824K [0x000000076d100000, 0x0000000776300000, 0x00000007c0000000)
  eden space 129024K, 0% used [0x000000076d100000,0x000000076d100000,0x0000000774f00000)
  from space 10240K, 47% used [0x0000000775900000,0x0000000775db6080,0x0000000776300000)
  to   space 10240K, 0% used [0x0000000774f00000,0x0000000774f00000,0x0000000775900000)
 ParOldGen       total 171008K, used 40K [0x00000006c7200000, 0x00000006d1900000, 0x000000076d100000)
  object space 171008K, 0% used [0x00000006c7200000,0x00000006c720a000,0x00000006d1900000)
 Metaspace       used 17306K, capacity 17490K, committed 17792K, reserved 1064960K
  class space    used 1576K, capacity 1662K, committed 1664K, reserved 1048576K
}
Event: 4.721 GC heap before
{Heap before GC invocations=5 (full 0):
 PSYoungGen      total 139264K, used 133848K [0x000000076d100000, 0x0000000776300000, 0x00000007c0000000)
  eden space 129024K, 100% used [0x000000076d100000,0x0000000774f00000,0x0000000774f00000)
  from space 10240K, 47% used [0x0000000775900000,0x0000000775db6080,0x0000000776300000)
  to   space 10240K, 0% used [0x0000000774f00000,0x0000000774f00000,0x0000000775900000)
 ParOldGen       total 171008K, used 40K [0x00000006c7200000, 0x00000006d1900000, 0x000000076d100000)
  object space 171008K, 0% used [0x00000006c7200000,0x00000006c720a000,0x00000006d1900000)
 Metaspace       used 17365K, capacity 17554K, committed 17792K, reserved 1064960K
  class space    used 1576K, capacity 1662K, committed 1664K, reserved 1048576K
Event: 4.735 GC heap after
Heap after GC invocations=5 (full 0):
 PSYoungGen      total 139264K, used 4798K [0x000000076d100000, 0x000000077df00000, 0x00000007c0000000)
  eden space 129024K, 0% used [0x000000076d100000,0x000000076d100000,0x0000000774f00000)
  from space 10240K, 46% used [0x0000000774f00000,0x00000007753af960,0x0000000775900000)
  to   space 9216K, 0% used [0x000000077d600000,0x000000077d600000,0x000000077df00000)
 ParOldGen       total 171008K, used 48K [0x00000006c7200000, 0x00000006d1900000, 0x000000076d100000)
  object space 171008K, 0% used [0x00000006c7200000,0x00000006c720c000,0x00000006d1900000)
 Metaspace       used 17365K, capacity 17554K, committed 17792K, reserved 1064960K
  class space    used 1576K, capacity 1662K, committed 1664K, reserved 1048576K
}
Event: 5.483 GC heap before
{Heap before GC invocations=6 (full 0):
 PSYoungGen      total 139264K, used 133822K [0x000000076d100000, 0x000000077df00000, 0x00000007c0000000)
  eden space 129024K, 100% used [0x000000076d100000,0x0000000774f00000,0x0000000774f00000)
  from space 10240K, 46% used [0x0000000774f00000,0x00000007753af960,0x0000000775900000)
  to   space 9216K, 0% used [0x000000077d600000,0x000000077d600000,0x000000077df00000)
 ParOldGen       total 171008K, used 48K [0x00000006c7200000, 0x00000006d1900000, 0x000000076d100000)
  object space 171008K, 0% used [0x00000006c7200000,0x00000006c720c000,0x00000006d1900000)
 Metaspace       used 17394K, capacity 17618K, committed 17792K, reserved 1064960K
  class space    used 1576K, capacity 1662K, committed 1664K, reserved 1048576K
Event: 5.491 GC heap after
Heap after GC invocations=6 (full 0):
 PSYoungGen      total 266240K, used 4840K [0x000000076d100000, 0x000000077de00000, 0x00000007c0000000)
  eden space 258048K, 0% used [0x000000076d100000,0x000000076d100000,0x000000077cd00000)
  from space 8192K, 59% used [0x000000077d600000,0x000000077daba090,0x000000077de00000)
  to   space 8704K, 0% used [0x000000077cd00000,0x000000077cd00000,0x000000077d580000)
 ParOldGen       total 171008K, used 56K [0x00000006c7200000, 0x00000006d1900000, 0x000000076d100000)
  object space 171008K, 0% used [0x00000006c7200000,0x00000006c720e000,0x00000006d1900000)
 Metaspace       used 17394K, capacity 17618K, committed 17792K, reserved 1064960K
  class space    used 1576K, capacity 1662K, committed 1664K, reserved 1048576K
}
Event: 6.983 GC heap before
{Heap before GC invocations=7 (full 0):
 PSYoungGen      total 266240K, used 262888K [0x000000076d100000, 0x000000077de00000, 0x00000007c0000000)
  eden space 258048K, 100% used [0x000000076d100000,0x000000077cd00000,0x000000077cd00000)
  from space 8192K, 59% used [0x000000077d600000,0x000000077daba090,0x000000077de00000)
  to   space 8704K, 0% used [0x000000077cd00000,0x000000077cd00000,0x000000077d580000)
 ParOldGen       total 171008K, used 56K [0x00000006c7200000, 0x00000006d1900000, 0x000000076d100000)
  object space 171008K, 0% used [0x00000006c7200000,0x00000006c720e000,0x00000006d1900000)
 Metaspace       used 17460K, capacity 17682K, committed 17792K, reserved 1064960K
  class space    used 1576K, capacity 1662K, committed 1664K, reserved 1048576K
Event: 6.992 GC heap after
Heap after GC invocations=7 (full 0):
 PSYoungGen      total 266752K, used 96K [0x000000076d100000, 0x000000078dc00000, 0x00000007c0000000)
  eden space 258048K, 0% used [0x000000076d100000,0x000000076d100000,0x000000077cd00000)
  from space 8704K, 1% used [0x000000077cd00000,0x000000077cd18000,0x000000077d580000)
  to   space 9728K, 0% used [0x000000078d280000,0x000000078d280000,0x000000078dc00000)
 ParOldGen       total 171008K, used 4802K [0x00000006c7200000, 0x00000006d1900000, 0x000000076d100000)
  object space 171008K, 2% used [0x00000006c7200000,0x00000006c76b0a68,0x00000006d1900000)
 Metaspace       used 17460K, capacity 17682K, committed 17792K, reserved 1064960K
  class space    used 1576K, capacity 1662K, committed 1664K, reserved 1048576K
}

Deoptimization events (8 events):
Event: 0.610 Thread 0x00007f85a400f800 Uncommon trap: reason=unstable_if action=reinterpret pc=0x00007f85948f9a5c method=java.lang.String.indexOf(II)I @ 49
Event: 0.822 Thread 0x00007f85a400f800 Uncommon trap: reason=unstable_if action=reinterpret pc=0x00007f8594987b3c method=java.lang.String.indexOf([CII[CIII)I @ 3
Event: 1.610 Thread 0x00007f85a400f800 Uncommon trap: reason=unstable_if action=reinterpret pc=0x00007f8594b595ac method=java.lang.reflect.AccessibleObject.setAccessible0(Ljava/lang/reflect/AccessibleObject;Z)V @ 4
Event: 1.728 Thread 0x00007f85a479f000 Uncommon trap: reason=unstable_if action=reinterpret pc=0x00007f8594a7c4b4 method=sun.misc.MetaIndex.mayContain(Ljava/lang/String;)Z @ 38
Event: 1.782 Thread 0x00007f85a479f000 Uncommon trap: reason=unstable_if action=reinterpret pc=0x00007f8594b87f8c method=javax.sound.sampled.AudioFormat.matches(Ljavax/sound/sampled/AudioFormat;)Z @ 112
Event: 2.099 Thread 0x00007f8510130800 Uncommon trap: reason=unstable_if action=reinterpret pc=0x00007f8594b9540c method=ddf.minim.javasound.FloatSampleTools.quantize16(FF)I @ 32
Event: 2.660 Thread 0x00007f8510130800 Uncommon trap: reason=unstable_if action=reinterpret pc=0x00007f8594cbcad0 method=ddf.minim.javasound.FloatSampleTools.quantize16(FF)I @ 21
Event: 3.608 Thread 0x00007f85a479f000 Uncommon trap: reason=unstable_if action=reinterpret pc=0x00007f8594cf8480 method=processing.core.PApplet.constrain(FFF)F @ 13

Internal exceptions (10 events):
Event: 0.575 Thread 0x00007f85a400f800 Exception <a 'java/security/PrivilegedActionException'> (0x000000076d66e380) thrown at [/HUDSON/workspace/8-2-build-linux-amd64/jdk8u51/3951/hotspot/src/share/vm/prims/jvm.cpp, line 1382]
Event: 0.575 Thread 0x00007f85a400f800 Exception <a 'java/security/PrivilegedActionException'> (0x000000076d66e538) thrown at [/HUDSON/workspace/8-2-build-linux-amd64/jdk8u51/3951/hotspot/src/share/vm/prims/jvm.cpp, line 1382]
Event: 0.576 Thread 0x00007f85a400f800 Exception <a 'java/security/PrivilegedActionException'> (0x000000076d6707f0) thrown at [/HUDSON/workspace/8-2-build-linux-amd64/jdk8u51/3951/hotspot/src/share/vm/prims/jvm.cpp, line 1382]
Event: 0.576 Thread 0x00007f85a400f800 Exception <a 'java/security/PrivilegedActionException'> (0x000000076d6709a8) thrown at [/HUDSON/workspace/8-2-build-linux-amd64/jdk8u51/3951/hotspot/src/share/vm/prims/jvm.cpp, line 1382]
Event: 0.580 Thread 0x00007f85a400f800 Exception <a 'java/io/FileNotFoundException'> (0x000000076d67a700) thrown at [/HUDSON/workspace/8-2-build-linux-amd64/jdk8u51/3951/hotspot/src/share/vm/prims/jni.cpp, line 709]
Event: 0.580 Thread 0x00007f85a400f800 Exception <a 'java/io/FileNotFoundException'> (0x000000076d67b088) thrown at [/HUDSON/workspace/8-2-build-linux-amd64/jdk8u51/3951/hotspot/src/share/vm/prims/jni.cpp, line 709]
Event: 0.635 Thread 0x00007f85a400f800 Exception <a 'java/lang/NoSuchFieldError': method resolution failed> (0x000000076d780fe8) thrown at [/HUDSON/workspace/8-2-build-linux-amd64/jdk8u51/3951/hotspot/src/share/vm/prims/methodHandles.cpp, line 1125]
Event: 0.638 Thread 0x00007f85a400f800 Exception <a 'java/lang/NoSuchFieldError': method resolution failed> (0x000000076d78f9a8) thrown at [/HUDSON/workspace/8-2-build-linux-amd64/jdk8u51/3951/hotspot/src/share/vm/prims/methodHandles.cpp, line 1125]
Event: 1.457 Thread 0x00007f85a400f800 Exception <a 'java/lang/InterruptedException'> (0x000000076f2928a8) thrown at [/HUDSON/workspace/8-2-build-linux-amd64/jdk8u51/3951/hotspot/src/share/vm/runtime/objectMonitor.cpp, line 1683]
Event: 1.607 Thread 0x00007f85a400f800 Exception <a 'java/lang/InterruptedException'> (0x000000076f29dd48) thrown at [/HUDSON/workspace/8-2-build-linux-amd64/jdk8u51/3951/hotspot/src/share/vm/runtime/objectMonitor.cpp, line 1683]

Events (10 events):
Event: 7.726 Thread 0x00007f85a479f000 DEOPT UNPACKING pc=0x00007f85947fa633 sp=0x00007f8522f19f38 mode 1
Event: 7.742 Thread 0x00007f85a479f000 DEOPT PACKING pc=0x00007f8594eed5ec sp=0x00007f8522f1a1d0
Event: 7.742 Thread 0x00007f85a479f000 DEOPT UNPACKING pc=0x00007f85947fa633 sp=0x00007f8522f19f38 mode 1
Event: 7.758 Thread 0x00007f85a479f000 DEOPT PACKING pc=0x00007f8594eed5ec sp=0x00007f8522f1a1d0
Event: 7.758 Thread 0x00007f85a479f000 DEOPT UNPACKING pc=0x00007f85947fa633 sp=0x00007f8522f19f38 mode 1
Event: 7.771 Thread 0x00007f85a479f000 DEOPT PACKING pc=0x00007f8594eed5ec sp=0x00007f8522f1a1d0
Event: 7.771 Thread 0x00007f85a479f000 DEOPT UNPACKING pc=0x00007f85947fa633 sp=0x00007f8522f19f38 mode 1
Event: 7.784 Thread 0x00007f85a479f000 DEOPT PACKING pc=0x00007f8594eed5ec sp=0x00007f8522f1a1d0
Event: 7.784 Thread 0x00007f85a479f000 DEOPT UNPACKING pc=0x00007f85947fa633 sp=0x00007f8522f19f38 mode 1
Event: 7.801 Thread 0x00007f85a479f000 Thread exited: 0x00007f85a479f000


Dynamic libraries:
00400000-00401000 r-xp 00000000 08:02 6695910                            /usr/bin/processing-3.0/java/bin/java
00600000-00601000 rw-p 00000000 08:02 6695910                            /usr/bin/processing-3.0/java/bin/java
023c3000-023e4000 rw-p 00000000 00:00 0                                  [heap]
6c7200000-6d1900000 rw-p 00000000 00:00 0 
6d1900000-76d100000 ---p 00000000 00:00 0 
76d100000-78dc00000 rw-p 00000000 00:00 0 
78dc00000-7c0000000 ---p 00000000 00:00 0 
7c0000000-7c01a0000 rw-p 00000000 00:00 0 
7c01a0000-800000000 ---p 00000000 00:00 0 
7f84f4000000-7f84f4291000 rw-p 00000000 00:00 0 
7f84f4291000-7f84f8000000 ---p 00000000 00:00 0 
7f84fffff000-7f8504000000 r--s 00000000 00:16 18791                      /run/shm/pulse-shm-3302753902
7f8504000000-7f8504021000 rw-p 00000000 00:00 0 
7f8504021000-7f8508000000 ---p 00000000 00:00 0 
7f850b3fe000-7f850b5fe000 rw-s 149103000 00:06 10208                     /dev/dri/card0
7f850b5fe000-7f850b7fe000 rw-s 148f03000 00:06 10208                     /dev/dri/card0
7f850b7fe000-7f850b7ff000 ---p 00000000 00:00 0 
7f850b7ff000-7f850bfff000 rw-p 00000000 00:00 0 
7f850bfff000-7f8510000000 rw-s 00000000 00:16 145270                     /run/shm/pulse-shm-1200709621
7f8510000000-7f851060e000 rw-p 00000000 00:00 0 
7f851060e000-7f8514000000 ---p 00000000 00:00 0 
7f8514000000-7f8514021000 rw-p 00000000 00:00 0 
7f8514021000-7f8518000000 ---p 00000000 00:00 0 
7f8518000000-7f8518021000 rw-p 00000000 00:00 0 
7f8518021000-7f851c000000 ---p 00000000 00:00 0 
7f851c000000-7f851f08a000 rw-p 00000000 00:00 0 
7f851f08a000-7f8520000000 ---p 00000000 00:00 0 
7f852008d000-7f852008e000 ---p 00000000 00:00 0 
7f852008e000-7f852088e000 rw-p 00000000 00:00 0                          [stack:8931]
7f852088e000-7f8520894000 r-xp 00000000 08:02 6947199                    /usr/lib/x86_64-linux-gnu/alsa-lib/libasound_module_pcm_pulse.so
7f8520894000-7f8520a93000 ---p 00006000 08:02 6947199                    /usr/lib/x86_64-linux-gnu/alsa-lib/libasound_module_pcm_pulse.so
7f8520a93000-7f8520a94000 r--p 00005000 08:02 6947199                    /usr/lib/x86_64-linux-gnu/alsa-lib/libasound_module_pcm_pulse.so
7f8520a94000-7f8520a95000 rw-p 00006000 08:02 6947199                    /usr/lib/x86_64-linux-gnu/alsa-lib/libasound_module_pcm_pulse.so
7f8520a95000-7f8520aac000 r-xp 00000000 08:02 13635816                   /lib/x86_64-linux-gnu/libresolv-2.19.so
7f8520aac000-7f8520cac000 ---p 00017000 08:02 13635816                   /lib/x86_64-linux-gnu/libresolv-2.19.so
7f8520cac000-7f8520cad000 r--p 00017000 08:02 13635816                   /lib/x86_64-linux-gnu/libresolv-2.19.so
7f8520cad000-7f8520cae000 rw-p 00018000 08:02 13635816                   /lib/x86_64-linux-gnu/libresolv-2.19.so
7f8520cae000-7f8520cb0000 rw-p 00000000 00:00 0 
7f8520cb0000-7f8520cb7000 r-xp 00000000 08:02 6562227                    /usr/lib/x86_64-linux-gnu/libogg.so.0.8.1
7f8520cb7000-7f8520eb7000 ---p 00007000 08:02 6562227                    /usr/lib/x86_64-linux-gnu/libogg.so.0.8.1
7f8520eb7000-7f8520eb8000 r--p 00007000 08:02 6562227                    /usr/lib/x86_64-linux-gnu/libogg.so.0.8.1
7f8520eb8000-7f8520eb9000 rw-p 00008000 08:02 6562227                    /usr/lib/x86_64-linux-gnu/libogg.so.0.8.1
7f8520eb9000-7f8520ee5000 r-xp 00000000 08:02 6562501                    /usr/lib/x86_64-linux-gnu/libvorbis.so.0.4.5
7f8520ee5000-7f85210e4000 ---p 0002c000 08:02 6562501                    /usr/lib/x86_64-linux-gnu/libvorbis.so.0.4.5
7f85210e4000-7f85210e5000 r--p 0002b000 08:02 6562501                    /usr/lib/x86_64-linux-gnu/libvorbis.so.0.4.5
7f85210e5000-7f85210e6000 rw-p 0002c000 08:02 6562501                    /usr/lib/x86_64-linux-gnu/libvorbis.so.0.4.5
7f85210e6000-7f8521399000 r-xp 00000000 08:02 6562503                    /usr/lib/x86_64-linux-gnu/libvorbisenc.so.2.0.8
7f8521399000-7f8521598000 ---p 002b3000 08:02 6562503                    /usr/lib/x86_64-linux-gnu/libvorbisenc.so.2.0.8
7f8521598000-7f85215b4000 r--p 002b2000 08:02 6562503                    /usr/lib/x86_64-linux-gnu/libvorbisenc.so.2.0.8
7f85215b4000-7f85215b5000 rw-p 002ce000 08:02 6562503                    /usr/lib/x86_64-linux-gnu/libvorbisenc.so.2.0.8
7f85215b5000-7f85215e5000 r-xp 00000000 08:02 6561366                    /usr/lib/x86_64-linux-gnu/libFLAC.so.8.3.0
7f85215e5000-7f85217e4000 ---p 00030000 08:02 6561366                    /usr/lib/x86_64-linux-gnu/libFLAC.so.8.3.0
7f85217e4000-7f85217e5000 r--p 0002f000 08:02 6561366                    /usr/lib/x86_64-linux-gnu/libFLAC.so.8.3.0
7f85217e5000-7f85217e6000 rw-p 00030000 08:02 6561366                    /usr/lib/x86_64-linux-gnu/libFLAC.so.8.3.0
7f85217e6000-7f85217eb000 r-xp 00000000 08:02 6561598                    /usr/lib/x86_64-linux-gnu/libasyncns.so.0.3.1
7f85217eb000-7f85219ea000 ---p 00005000 08:02 6561598                    /usr/lib/x86_64-linux-gnu/libasyncns.so.0.3.1
7f85219ea000-7f85219eb000 r--p 00004000 08:02 6561598                    /usr/lib/x86_64-linux-gnu/libasyncns.so.0.3.1
7f85219eb000-7f85219ec000 rw-p 00005000 08:02 6561598                    /usr/lib/x86_64-linux-gnu/libasyncns.so.0.3.1
7f85219ec000-7f8521a4d000 r-xp 00000000 08:02 6562384                    /usr/lib/x86_64-linux-gnu/libsndfile.so.1.0.25
7f8521a4d000-7f8521c4d000 ---p 00061000 08:02 6562384                    /usr/lib/x86_64-linux-gnu/libsndfile.so.1.0.25
7f8521c4d000-7f8521c4f000 r--p 00061000 08:02 6562384                    /usr/lib/x86_64-linux-gnu/libsndfile.so.1.0.25
7f8521c4f000-7f8521c50000 rw-p 00063000 08:02 6562384                    /usr/lib/x86_64-linux-gnu/libsndfile.so.1.0.25
7f8521c50000-7f8521c54000 rw-p 00000000 00:00 0 
7f8521c54000-7f8521c5c000 r-xp 00000000 08:02 13635850                   /lib/x86_64-linux-gnu/libwrap.so.0.7.6
7f8521c5c000-7f8521e5b000 ---p 00008000 08:02 13635850                   /lib/x86_64-linux-gnu/libwrap.so.0.7.6
7f8521e5b000-7f8521e5c000 r--p 00007000 08:02 13635850                   /lib/x86_64-linux-gnu/libwrap.so.0.7.6
7f8521e5c000-7f8521e5d000 rw-p 00008000 08:02 13635850                   /lib/x86_64-linux-gnu/libwrap.so.0.7.6
7f8521e5d000-7f8521e5e000 rw-p 00000000 00:00 0 
7f8521e5e000-7f8521ec4000 r-xp 00000000 08:02 6948471                    /usr/lib/x86_64-linux-gnu/pulseaudio/libpulsecommon-4.0.so
7f8521ec4000-7f85220c3000 ---p 00066000 08:02 6948471                    /usr/lib/x86_64-linux-gnu/pulseaudio/libpulsecommon-4.0.so
7f85220c3000-7f85220c4000 r--p 00065000 08:02 6948471                    /usr/lib/x86_64-linux-gnu/pulseaudio/libpulsecommon-4.0.so
7f85220c4000-7f85220c5000 rw-p 00066000 08:02 6948471                    /usr/lib/x86_64-linux-gnu/pulseaudio/libpulsecommon-4.0.so
7f85220c5000-7f85220cf000 r-xp 00000000 08:02 13635730                   /lib/x86_64-linux-gnu/libjson-c.so.2.0.0
7f85220cf000-7f85222ce000 ---p 0000a000 08:02 13635730                   /lib/x86_64-linux-gnu/libjson-c.so.2.0.0
7f85222ce000-7f85222cf000 r--p 00009000 08:02 13635730                   /lib/x86_64-linux-gnu/libjson-c.so.2.0.0
7f85222cf000-7f85222d0000 rw-p 0000a000 08:02 13635730                   /lib/x86_64-linux-gnu/libjson-c.so.2.0.0
7f85222d0000-7f8522317000 r-xp 00000000 08:02 6562296                    /usr/lib/x86_64-linux-gnu/libpulse.so.0.16.2
7f8522317000-7f8522517000 ---p 00047000 08:02 6562296                    /usr/lib/x86_64-linux-gnu/libpulse.so.0.16.2
7f8522517000-7f8522518000 r--p 00047000 08:02 6562296                    /usr/lib/x86_64-linux-gnu/libpulse.so.0.16.2
7f8522518000-7f8522519000 rw-p 00048000 08:02 6562296                    /usr/lib/x86_64-linux-gnu/libpulse.so.0.16.2
7f8522519000-7f852251c000 ---p 00000000 00:00 0 
7f852251c000-7f852261a000 rw-p 00000000 00:00 0                          [stack:8935]
7f852261a000-7f852261d000 ---p 00000000 00:00 0 
7f852261d000-7f852271b000 rw-p 00000000 00:00 0                          [stack:8930]
7f852271b000-7f8522804000 r-xp 00000000 08:02 6561590                    /usr/lib/x86_64-linux-gnu/libasound.so.2.0.0
7f8522804000-7f8522a03000 ---p 000e9000 08:02 6561590                    /usr/lib/x86_64-linux-gnu/libasound.so.2.0.0
7f8522a03000-7f8522a0a000 r--p 000e8000 08:02 6561590                    /usr/lib/x86_64-linux-gnu/libasound.so.2.0.0
7f8522a0a000-7f8522a0b000 rw-p 000ef000 08:02 6561590                    /usr/lib/x86_64-linux-gnu/libasound.so.2.0.0
7f8522a0b000-7f8522a1a000 r-xp 00000000 08:02 8012164                    /usr/bin/processing-3.0/java/lib/amd64/libjsoundalsa.so
7f8522a1a000-7f8522c19000 ---p 0000f000 08:02 8012164                    /usr/bin/processing-3.0/java/lib/amd64/libjsoundalsa.so
7f8522c19000-7f8522c1a000 rw-p 0000e000 08:02 8012164                    /usr/bin/processing-3.0/java/lib/amd64/libjsoundalsa.so
7f8522c1a000-7f8522c1b000 r-xp 00000000 08:02 8012181                    /usr/bin/processing-3.0/java/lib/amd64/libjsound.so
7f8522c1b000-7f8522e1a000 ---p 00001000 08:02 8012181                    /usr/bin/processing-3.0/java/lib/amd64/libjsound.so
7f8522e1a000-7f8522e1b000 rw-p 00000000 08:02 8012181                    /usr/bin/processing-3.0/java/lib/amd64/libjsound.so
7f8522e1b000-7f8522e1e000 ---p 00000000 00:00 0 
7f8522e1e000-7f85230dc000 rw-p 00000000 00:00 0 
7f85230dc000-7f852311c000 ---p 00000000 00:00 0 
7f852311c000-7f8523160000 r-xp 00000000 08:02 13635704                   /lib/x86_64-linux-gnu/libdbus-1.so.3.7.6
7f8523160000-7f852335f000 ---p 00044000 08:02 13635704                   /lib/x86_64-linux-gnu/libdbus-1.so.3.7.6
7f852335f000-7f8523360000 r--p 00043000 08:02 13635704                   /lib/x86_64-linux-gnu/libdbus-1.so.3.7.6
7f8523360000-7f8523361000 rw-p 00044000 08:02 13635704                   /lib/x86_64-linux-gnu/libdbus-1.so.3.7.6
7f8523361000-7f8523369000 r-xp 00000000 08:02 13635752                   /lib/x86_64-linux-gnu/libnih-dbus.so.1.0.0
7f8523369000-7f8523569000 ---p 00008000 08:02 13635752                   /lib/x86_64-linux-gnu/libnih-dbus.so.1.0.0
7f8523569000-7f852356a000 r--p 00008000 08:02 13635752                   /lib/x86_64-linux-gnu/libnih-dbus.so.1.0.0
7f852356a000-7f852356b000 rw-p 00009000 08:02 13635752                   /lib/x86_64-linux-gnu/libnih-dbus.so.1.0.0
7f852356b000-7f8523582000 r-xp 00000000 08:02 13635754                   /lib/x86_64-linux-gnu/libnih.so.1.0.0
7f8523582000-7f8523781000 ---p 00017000 08:02 13635754                   /lib/x86_64-linux-gnu/libnih.so.1.0.0
7f8523781000-7f8523782000 r--p 00016000 08:02 13635754                   /lib/x86_64-linux-gnu/libnih.so.1.0.0
7f8523782000-7f8523783000 rw-p 00017000 08:02 13635754                   /lib/x86_64-linux-gnu/libnih.so.1.0.0
7f8523783000-7f852379c000 r-xp 00000000 08:02 13635695                   /lib/x86_64-linux-gnu/libcgmanager.so.0.0.0
7f852379c000-7f852399b000 ---p 00019000 08:02 13635695                   /lib/x86_64-linux-gnu/libcgmanager.so.0.0.0
7f852399b000-7f852399d000 r--p 00018000 08:02 13635695                   /lib/x86_64-linux-gnu/libcgmanager.so.0.0.0
7f852399d000-7f852399e000 rw-p 0001a000 08:02 13635695                   /lib/x86_64-linux-gnu/libcgmanager.so.0.0.0
7f852399e000-7f85239ae000 r-xp 00000000 08:02 13635838                   /lib/x86_64-linux-gnu/libudev.so.1.3.5
7f85239ae000-7f8523bad000 ---p 00010000 08:02 13635838                   /lib/x86_64-linux-gnu/libudev.so.1.3.5
7f8523bad000-7f8523bae000 r--p 0000f000 08:02 13635838                   /lib/x86_64-linux-gnu/libudev.so.1.3.5
7f8523bae000-7f8523baf000 rw-p 00010000 08:02 13635838                   /lib/x86_64-linux-gnu/libudev.so.1.3.5
7f8523baf000-7f8523be6000 r-xp 00000000 08:02 6562454                    /usr/lib/x86_64-linux-gnu/libtxc_dxtn_s2tc.so.0.0.0
7f8523be6000-7f8523de5000 ---p 00037000 08:02 6562454                    /usr/lib/x86_64-linux-gnu/libtxc_dxtn_s2tc.so.0.0.0
7f8523de5000-7f8523de6000 r--p 00036000 08:02 6562454                    /usr/lib/x86_64-linux-gnu/libtxc_dxtn_s2tc.so.0.0.0
7f8523de6000-7f8523de7000 rw-p 00037000 08:02 6562454                    /usr/lib/x86_64-linux-gnu/libtxc_dxtn_s2tc.so.0.0.0
7f8523de7000-7f8523dff000 r-xp 00000000 08:02 13635853                   /lib/x86_64-linux-gnu/libz.so.1.2.8
7f8523dff000-7f8523ffe000 ---p 00018000 08:02 13635853                   /lib/x86_64-linux-gnu/libz.so.1.2.8
7f8523ffe000-7f8523fff000 r--p 00017000 08:02 13635853                   /lib/x86_64-linux-gnu/libz.so.1.2.8
7f8523fff000-7f8524000000 rw-p 00018000 08:02 13635853                   /lib/x86_64-linux-gnu/libz.so.1.2.8
7f8524000000-7f8526ded000 rw-p 00000000 00:00 0 
7f8526ded000-7f8528000000 ---p 00000000 00:00 0 
7f8528000000-7f8528753000 rw-p 00000000 00:00 0 
7f8528753000-7f852c000000 ---p 00000000 00:00 0 
7f852c02f000-7f852c032000 ---p 00000000 00:00 0 
7f852c032000-7f852c130000 rw-p 00000000 00:00 0                          [stack:8916]
7f852c130000-7f852c138000 r-xp 00000000 08:02 6562259                    /usr/lib/x86_64-linux-gnu/libpciaccess.so.0.11.1
7f852c138000-7f852c337000 ---p 00008000 08:02 6562259                    /usr/lib/x86_64-linux-gnu/libpciaccess.so.0.11.1
7f852c337000-7f852c338000 r--p 00007000 08:02 6562259                    /usr/lib/x86_64-linux-gnu/libpciaccess.so.0.11.1
7f852c338000-7f852c339000 rw-p 00008000 08:02 6562259                    /usr/lib/x86_64-linux-gnu/libpciaccess.so.0.11.1
7f852c339000-7f852c41f000 r-xp 00000000 08:02 6562412                    /usr/lib/x86_64-linux-gnu/libstdc++.so.6.0.19
7f852c41f000-7f852c61e000 ---p 000e6000 08:02 6562412                    /usr/lib/x86_64-linux-gnu/libstdc++.so.6.0.19
7f852c61e000-7f852c626000 r--p 000e5000 08:02 6562412                    /usr/lib/x86_64-linux-gnu/libstdc++.so.6.0.19
7f852c626000-7f852c628000 rw-p 000ed000 08:02 6562412                    /usr/lib/x86_64-linux-gnu/libstdc++.so.6.0.19
7f852c628000-7f852c63d000 rw-p 00000000 00:00 0 
7f852c63d000-7f852c649000 r-xp 00000000 08:02 6561756                    /usr/lib/x86_64-linux-gnu/libdrm_radeon.so.1.0.1
7f852c649000-7f852c848000 ---p 0000c000 08:02 6561756                    /usr/lib/x86_64-linux-gnu/libdrm_radeon.so.1.0.1
7f852c848000-7f852c849000 r--p 0000b000 08:02 6561756                    /usr/lib/x86_64-linux-gnu/libdrm_radeon.so.1.0.1
7f852c849000-7f852c84a000 rw-p 0000c000 08:02 6561756                    /usr/lib/x86_64-linux-gnu/libdrm_radeon.so.1.0.1
7f852c84a000-7f852c850000 r-xp 00000000 08:02 6561754                    /usr/lib/x86_64-linux-gnu/libdrm_nouveau.so.2.0.0
7f852c850000-7f852ca4f000 ---p 00006000 08:02 6561754                    /usr/lib/x86_64-linux-gnu/libdrm_nouveau.so.2.0.0
7f852ca4f000-7f852ca50000 r--p 00005000 08:02 6561754                    /usr/lib/x86_64-linux-gnu/libdrm_nouveau.so.2.0.0
7f852ca50000-7f852ca51000 rw-p 00006000 08:02 6561754                    /usr/lib/x86_64-linux-gnu/libdrm_nouveau.so.2.0.0
7f852ca51000-7f852ca71000 r-xp 00000000 08:02 6561752                    /usr/lib/x86_64-linux-gnu/libdrm_intel.so.1.0.0
7f852ca71000-7f852cc70000 ---p 00020000 08:02 6561752                    /usr/lib/x86_64-linux-gnu/libdrm_intel.so.1.0.0
7f852cc70000-7f852cc71000 r--p 0001f000 08:02 6561752                    /usr/lib/x86_64-linux-gnu/libdrm_intel.so.1.0.0
7f852cc71000-7f852cc72000 rw-p 00020000 08:02 6561752                    /usr/lib/x86_64-linux-gnu/libdrm_intel.so.1.0.0
7f852cc72000-7f852d1c6000 r-xp 00000000 08:02 6947244                    /usr/lib/x86_64-linux-gnu/dri/i965_dri.so
7f852d1c6000-7f852d3c6000 ---p 00554000 08:02 6947244                    /usr/lib/x86_64-linux-gnu/dri/i965_dri.so
7f852d3c6000-7f852d3e7000 r--p 00554000 08:02 6947244                    /usr/lib/x86_64-linux-gnu/dri/i965_dri.so
7f852d3e7000-7f852d3ee000 rw-p 00575000 08:02 6947244                    /usr/lib/x86_64-linux-gnu/dri/i965_dri.so
7f852d3ee000-7f852d3f5000 rw-p 00000000 00:00 0 
7f852d3f5000-7f852d3f8000 ---p 00000000 00:00 0 
7f852d3f8000-7f852d4f6000 rw-p 00000000 00:00 0                          [stack:8915]
7f852d4f6000-7f852d54f000 r-xp 00000000 08:02 4721848                    /tmp/jogamp_0000/file_cache/jln2803149357882592514/jln97665927502602014/libjogl_mobile.so
7f852d54f000-7f852d74f000 ---p 00059000 08:02 4721848                    /tmp/jogamp_0000/file_cache/jln2803149357882592514/jln97665927502602014/libjogl_mobile.so
7f852d74f000-7f852d750000 rw-p 00059000 08:02 4721848                    /tmp/jogamp_0000/file_cache/jln2803149357882592514/jln97665927502602014/libjogl_mobile.so
7f852d750000-7f852d757000 r-xp 00000000 08:02 6561790                    /usr/lib/x86_64-linux-gnu/libffi.so.6.0.1
7f852d757000-7f852d956000 ---p 00007000 08:02 6561790                    /usr/lib/x86_64-linux-gnu/libffi.so.6.0.1
7f852d956000-7f852d957000 r--p 00006000 08:02 6561790                    /usr/lib/x86_64-linux-gnu/libffi.so.6.0.1
7f852d957000-7f852d958000 rw-p 00007000 08:02 6561790                    /usr/lib/x86_64-linux-gnu/libffi.so.6.0.1
7f852d958000-7f852d964000 r-xp 00000000 08:02 6561843                    /usr/lib/x86_64-linux-gnu/libgbm.so.1.0.0
7f852d964000-7f852db64000 ---p 0000c000 08:02 6561843                    /usr/lib/x86_64-linux-gnu/libgbm.so.1.0.0
7f852db64000-7f852db65000 r--p 0000c000 08:02 6561843                    /usr/lib/x86_64-linux-gnu/libgbm.so.1.0.0
7f852db65000-7f852db66000 rw-p 0000d000 08:02 6561843                    /usr/lib/x86_64-linux-gnu/libgbm.so.1.0.0
7f852db66000-7f852db75000 r-xp 00000000 08:02 6562520                    /usr/lib/x86_64-linux-gnu/libwayland-server.so.0.1.0
7f852db75000-7f852dd74000 ---p 0000f000 08:02 6562520                    /usr/lib/x86_64-linux-gnu/libwayland-server.so.0.1.0
7f852dd74000-7f852dd76000 r--p 0000e000 08:02 6562520                    /usr/lib/x86_64-linux-gnu/libwayland-server.so.0.1.0
7f852dd76000-7f852dd77000 rw-p 00010000 08:02 6562520                    /usr/lib/x86_64-linux-gnu/libwayland-server.so.0.1.0
7f852dd77000-7f852dd82000 r-xp 00000000 08:02 6562514                    /usr/lib/x86_64-linux-gnu/libwayland-client.so.0.2.0
7f852dd82000-7f852df81000 ---p 0000b000 08:02 6562514                    /usr/lib/x86_64-linux-gnu/libwayland-client.so.0.2.0
7f852df81000-7f852df83000 r--p 0000a000 08:02 6562514                    /usr/lib/x86_64-linux-gnu/libwayland-client.so.0.2.0
7f852df83000-7f852df84000 rw-p 0000c000 08:02 6562514                    /usr/lib/x86_64-linux-gnu/libwayland-client.so.0.2.0
7f852df84000-7f852df89000 r-xp 00000000 08:02 6562570                    /usr/lib/x86_64-linux-gnu/libxcb-xfixes.so.0.0.0
7f852df89000-7f852e189000 ---p 00005000 08:02 6562570                    /usr/lib/x86_64-linux-gnu/libxcb-xfixes.so.0.0.0
7f852e189000-7f852e18a000 r--p 00005000 08:02 6562570                    /usr/lib/x86_64-linux-gnu/libxcb-xfixes.so.0.0.0
7f852e18a000-7f852e18b000 rw-p 00006000 08:02 6562570                    /usr/lib/x86_64-linux-gnu/libxcb-xfixes.so.0.0.0
7f852e18b000-7f852e1b2000 r-xp 00000000 08:02 6948353                    /usr/lib/x86_64-linux-gnu/mesa-egl/libEGL.so.1.0.0
7f852e1b2000-7f852e3b2000 ---p 00027000 08:02 6948353                    /usr/lib/x86_64-linux-gnu/mesa-egl/libEGL.so.1.0.0
7f852e3b2000-7f852e3b3000 r--p 00027000 08:02 6948353                    /usr/lib/x86_64-linux-gnu/mesa-egl/libEGL.so.1.0.0
7f852e3b3000-7f852e3b4000 rw-p 00028000 08:02 6948353                    /usr/lib/x86_64-linux-gnu/mesa-egl/libEGL.so.1.0.0
7f852e3b4000-7f852e3b5000 rw-p 00000000 00:00 0 
7f852e3b5000-7f852e3bb000 r-xp 00000000 08:02 6948357                    /usr/lib/x86_64-linux-gnu/mesa-egl/libGLESv2.so.2.0.0
7f852e3bb000-7f852e5ba000 ---p 00006000 08:02 6948357                    /usr/lib/x86_64-linux-gnu/mesa-egl/libGLESv2.so.2.0.0
7f852e5ba000-7f852e5bb000 r--p 00005000 08:02 6948357                    /usr/lib/x86_64-linux-gnu/mesa-egl/libGLESv2.so.2.0.0
7f852e5bb000-7f852e5bc000 rw-p 00006000 08:02 6948357                    /usr/lib/x86_64-linux-gnu/mesa-egl/libGLESv2.so.2.0.0
7f852e5bc000-7f852e5bf000 ---p 00000000 00:00 0 
7f852e5bf000-7f852e6bd000 rw-p 00000000 00:00 0                          [stack:8914]
7f852e6bd000-7f852e770000 r-xp 00000000 08:02 4721847                    /tmp/jogamp_0000/file_cache/jln2803149357882592514/jln97665927502602014/libjogl_desktop.so
7f852e770000-7f852e970000 ---p 000b3000 08:02 4721847                    /tmp/jogamp_0000/file_cache/jln2803149357882592514/jln97665927502602014/libjogl_desktop.so
7f852e970000-7f852e971000 rw-p 000b3000 08:02 4721847                    /tmp/jogamp_0000/file_cache/jln2803149357882592514/jln97665927502602014/libjogl_desktop.so
7f852e971000-7f852e97c000 r-xp 00000000 08:02 6561750                    /usr/lib/x86_64-linux-gnu/libdrm.so.2.4.0
7f852e97c000-7f852eb7b000 ---p 0000b000 08:02 6561750                    /usr/lib/x86_64-linux-gnu/libdrm.so.2.4.0
7f852eb7b000-7f852eb7c000 r--p 0000a000 08:02 6561750                    /usr/lib/x86_64-linux-gnu/libdrm.so.2.4.0
7f852eb7c000-7f852eb7d000 rw-p 0000b000 08:02 6561750                    /usr/lib/x86_64-linux-gnu/libdrm.so.2.4.0
7f852eb7d000-7f852eb7e000 r-xp 00000000 08:02 6562584                    /usr/lib/x86_64-linux-gnu/libxshmfence.so.1.0.0
7f852eb7e000-7f852ed7d000 ---p 00001000 08:02 6562584                    /usr/lib/x86_64-linux-gnu/libxshmfence.so.1.0.0
7f852ed7d000-7f852ed7e000 r--p 00000000 08:02 6562584                    /usr/lib/x86_64-linux-gnu/libxshmfence.so.1.0.0
7f852ed7e000-7f852ed7f000 rw-p 00001000 08:02 6562584                    /usr/lib/x86_64-linux-gnu/libxshmfence.so.1.0.0
7f852ed7f000-7f852ed84000 r-xp 00000000 08:02 6562566                    /usr/lib/x86_64-linux-gnu/libxcb-sync.so.1.0.0
7f852ed84000-7f852ef83000 ---p 00005000 08:02 6562566                    /usr/lib/x86_64-linux-gnu/libxcb-sync.so.1.0.0
7f852ef83000-7f852ef84000 r--p 00004000 08:02 6562566                    /usr/lib/x86_64-linux-gnu/libxcb-sync.so.1.0.0
7f852ef84000-7f852ef85000 rw-p 00005000 08:02 6562566                    /usr/lib/x86_64-linux-gnu/libxcb-sync.so.1.0.0
7f852ef85000-7f852ef87000 r-xp 00000000 08:02 6562554                    /usr/lib/x86_64-linux-gnu/libxcb-present.so.0.0.0
7f852ef87000-7f852f186000 ---p 00002000 08:02 6562554                    /usr/lib/x86_64-linux-gnu/libxcb-present.so.0.0.0
7f852f186000-7f852f187000 r--p 00001000 08:02 6562554                    /usr/lib/x86_64-linux-gnu/libxcb-present.so.0.0.0
7f852f187000-7f852f188000 rw-p 00002000 08:02 6562554                    /usr/lib/x86_64-linux-gnu/libxcb-present.so.0.0.0
7f852f188000-7f852f18a000 r-xp 00000000 08:02 6562544                    /usr/lib/x86_64-linux-gnu/libxcb-dri3.so.0.0.0
7f852f18a000-7f852f389000 ---p 00002000 08:02 6562544                    /usr/lib/x86_64-linux-gnu/libxcb-dri3.so.0.0.0
7f852f389000-7f852f38a000 r--p 00001000 08:02 6562544                    /usr/lib/x86_64-linux-gnu/libxcb-dri3.so.0.0.0
7f852f38a000-7f852f38b000 rw-p 00002000 08:02 6562544                    /usr/lib/x86_64-linux-gnu/libxcb-dri3.so.0.0.0
7f852f38b000-7f852f38e000 r-xp 00000000 08:02 6562542                    /usr/lib/x86_64-linux-gnu/libxcb-dri2.so.0.0.0
7f852f38e000-7f852f58e000 ---p 00003000 08:02 6562542                    /usr/lib/x86_64-linux-gnu/libxcb-dri2.so.0.0.0
7f852f58e000-7f852f58f000 r--p 00003000 08:02 6562542                    /usr/lib/x86_64-linux-gnu/libxcb-dri2.so.0.0.0
7f852f58f000-7f852f590000 rw-p 00004000 08:02 6562542                    /usr/lib/x86_64-linux-gnu/libxcb-dri2.so.0.0.0
7f852f590000-7f852f5a5000 r-xp 00000000 08:02 6562546                    /usr/lib/x86_64-linux-gnu/libxcb-glx.so.0.0.0
7f852f5a5000-7f852f7a4000 ---p 00015000 08:02 6562546                    /usr/lib/x86_64-linux-gnu/libxcb-glx.so.0.0.0
7f852f7a4000-7f852f7a6000 r--p 00014000 08:02 6562546                    /usr/lib/x86_64-linux-gnu/libxcb-glx.so.0.0.0
7f852f7a6000-7f852f7a7000 rw-p 00016000 08:02 6562546                    /usr/lib/x86_64-linux-gnu/libxcb-glx.so.0.0.0
7f852f7a7000-7f852f7a8000 r-xp 00000000 08:02 6561502                    /usr/lib/x86_64-linux-gnu/libX11-xcb.so.1.0.0
7f852f7a8000-7f852f9a7000 ---p 00001000 08:02 6561502                    /usr/lib/x86_64-linux-gnu/libX11-xcb.so.1.0.0
7f852f9a7000-7f852f9a8000 r--p 00000000 08:02 6561502                    /usr/lib/x86_64-linux-gnu/libX11-xcb.so.1.0.0
7f852f9a8000-7f852f9a9000 rw-p 00001000 08:02 6561502                    /usr/lib/x86_64-linux-gnu/libX11-xcb.so.1.0.0
7f852f9a9000-7f852f9ab000 r-xp 00000000 08:02 6561517                    /usr/lib/x86_64-linux-gnu/libXdamage.so.1.1.0
7f852f9ab000-7f852fbaa000 ---p 00002000 08:02 6561517                    /usr/lib/x86_64-linux-gnu/libXdamage.so.1.1.0
7f852fbaa000-7f852fbab000 r--p 00001000 08:02 6561517                    /usr/lib/x86_64-linux-gnu/libXdamage.so.1.1.0
7f852fbab000-7f852fbac000 rw-p 00002000 08:02 6561517                    /usr/lib/x86_64-linux-gnu/libXdamage.so.1.1.0
7f852fbac000-7f852fbd1000 r-xp 00000000 08:02 6561895                    /usr/lib/x86_64-linux-gnu/libglapi.so.0.0.0
7f852fbd1000-7f852fdd1000 ---p 00025000 08:02 6561895                    /usr/lib/x86_64-linux-gnu/libglapi.so.0.0.0
7f852fdd1000-7f852fdd4000 r--p 00025000 08:02 6561895                    /usr/lib/x86_64-linux-gnu/libglapi.so.0.0.0
7f852fdd4000-7f852fdd5000 rw-p 00028000 08:02 6561895                    /usr/lib/x86_64-linux-gnu/libglapi.so.0.0.0
7f852fdd5000-7f852fdd6000 rw-p 00000000 00:00 0 
7f852fdd6000-7f852fdfd000 r-xp 00000000 08:02 13637323                   /lib/x86_64-linux-gnu/libexpat.so.1.6.0
7f852fdfd000-7f852fffd000 ---p 00027000 08:02 13637323                   /lib/x86_64-linux-gnu/libexpat.so.1.6.0
7f852fffd000-7f852ffff000 r--p 00027000 08:02 13637323                   /lib/x86_64-linux-gnu/libexpat.so.1.6.0
7f852ffff000-7f8530000000 rw-p 00029000 08:02 13637323                   /lib/x86_64-linux-gnu/libexpat.so.1.6.0
7f8530000000-7f8530021000 rw-p 00000000 00:00 0 
7f8530021000-7f8534000000 ---p 00000000 00:00 0 
7f8534000000-7f8534021000 rw-p 00000000 00:00 0 
7f8534021000-7f8538000000 ---p 00000000 00:00 0 
7f8538000000-7f8538021000 rw-p 00000000 00:00 0 
7f8538021000-7f853c000000 ---p 00000000 00:00 0 
7f853c000000-7f853c021000 rw-p 00000000 00:00 0 
7f853c021000-7f8540000000 ---p 00000000 00:00 0 
7f8540000000-7f8540021000 rw-p 00000000 00:00 0 
7f8540021000-7f8544000000 ---p 00000000 00:00 0 
7f8544000000-7f8544021000 rw-p 00000000 00:00 0 
7f8544021000-7f8548000000 ---p 00000000 00:00 0 
7f8548017000-7f854801f000 rw-s 00000000 00:05 145288                     /drm mm object (deleted)
7f854801f000-7f8548026000 r--s 00000000 08:02 6947811                    /usr/lib/x86_64-linux-gnu/gconv/gconv-modules.cache
7f8548026000-7f8548039000 r--s 00344000 08:02 6695996                    /usr/bin/processing-3.0/java/lib/resources.jar
7f85480d8000-7f85480d9000 rw-p 00000000 00:00 0 
7f85480d9000-7f85480e1000 rw-s 00000000 00:05 143246                     /drm mm object (deleted)
7f85480e1000-7f85480e9000 rw-s 00000000 00:05 143220                     /drm mm object (deleted)
7f85480e9000-7f85480f1000 rw-s 00000000 00:05 143269                     /drm mm object (deleted)
7f85480f1000-7f85480f9000 rw-s 00000000 00:05 143209                     /drm mm object (deleted)
7f85480f9000-7f8548187000 r-xp 00000000 08:02 6948350                    /usr/lib/x86_64-linux-gnu/mesa/libGL.so.1.2.0
7f8548187000-7f8548386000 ---p 0008e000 08:02 6948350                    /usr/lib/x86_64-linux-gnu/mesa/libGL.so.1.2.0
7f8548386000-7f8548389000 r--p 0008d000 08:02 6948350                    /usr/lib/x86_64-linux-gnu/mesa/libGL.so.1.2.0
7f8548389000-7f854838a000 rw-p 00090000 08:02 6948350                    /usr/lib/x86_64-linux-gnu/mesa/libGL.so.1.2.0
7f854838a000-7f854858b000 rw-p 00000000 00:00 0 
7f854858b000-7f854858d000 r-xp 00000000 08:02 6561531                    /usr/lib/x86_64-linux-gnu/libXinerama.so.1.0.0
7f854858d000-7f854878c000 ---p 00002000 08:02 6561531                    /usr/lib/x86_64-linux-gnu/libXinerama.so.1.0.0
7f854878c000-7f854878d000 r--p 00001000 08:02 6561531                    /usr/lib/x86_64-linux-gnu/libXinerama.so.1.0.0
7f854878d000-7f854878e000 rw-p 00002000 08:02 6561531                    /usr/lib/x86_64-linux-gnu/libXinerama.so.1.0.0
7f854878e000-7f8548791000 ---p 00000000 00:00 0 
7f8548791000-7f8548d3f000 rw-p 00000000 00:00 0                          [stack:8913]
7f8548d3f000-7f8548d4e000 r-xp 00000000 08:02 4721851                    /tmp/jogamp_0000/file_cache/jln2803149357882592514/jln97665927502602014/libnewt.so
7f8548d4e000-7f8548f4d000 ---p 0000f000 08:02 4721851                    /tmp/jogamp_0000/file_cache/jln2803149357882592514/jln97665927502602014/libnewt.so
7f8548f4d000-7f8548f4e000 rw-p 0000e000 08:02 4721851                    /tmp/jogamp_0000/file_cache/jln2803149357882592514/jln97665927502602014/libnewt.so
7f8548f4e000-7f8548f55000 r-xp 00000000 08:02 4721850                    /tmp/jogamp_0000/file_cache/jln2803149357882592514/jln97665927502602014/libnativewindow_x11.so
7f8548f55000-7f8549154000 ---p 00007000 08:02 4721850                    /tmp/jogamp_0000/file_cache/jln2803149357882592514/jln97665927502602014/libnativewindow_x11.so
7f8549154000-7f8549155000 rw-p 00006000 08:02 4721850                    /tmp/jogamp_0000/file_cache/jln2803149357882592514/jln97665927502602014/libnativewindow_x11.so
7f8549155000-7f8549158000 ---p 00000000 00:00 0 
7f8549158000-7f8549256000 rw-p 00000000 00:00 0 
7f8549256000-7f854925a000 r-xp 00000000 08:02 6561559                    /usr/lib/x86_64-linux-gnu/libXxf86vm.so.1.0.0
7f854925a000-7f854945a000 ---p 00004000 08:02 6561559                    /usr/lib/x86_64-linux-gnu/libXxf86vm.so.1.0.0
7f854945a000-7f854945b000 r--p 00004000 08:02 6561559                    /usr/lib/x86_64-linux-gnu/libXxf86vm.so.1.0.0
7f854945b000-7f854945c000 rw-p 00005000 08:02 6561559                    /usr/lib/x86_64-linux-gnu/libXxf86vm.so.1.0.0
7f854945c000-7f854945e000 rw-s 1d3e98000 00:06 10208                     /dev/dri/card0
7f854945e000-7f854945f000 rw-s 1d3e97000 00:06 10208                     /dev/dri/card0
7f854945f000-7f8549460000 rw-s 81000000 00:06 94744                      /dev/snd/pcmC2D0p
7f8549460000-7f8549461000 r--s 80000000 00:06 94744                      /dev/snd/pcmC2D0p
7f8549461000-7f8549462000 rw-s 1d3df6000 00:06 10208                     /dev/dri/card0
7f8549462000-7f8549463000 rw-s 1d3df5000 00:06 10208                     /dev/dri/card0
7f8549463000-7f8549464000 rwxp 00000000 00:00 0 
7f8549464000-7f854946c000 rw-s 00000000 00:05 144227                     /drm mm object (deleted)
7f854946c000-7f8549474000 rw-s 00000000 00:05 144267                     /drm mm object (deleted)
7f8549474000-7f8549475000 rw-s 1d3df4000 00:06 10208                     /dev/dri/card0
7f8549475000-7f854947d000 rw-s 00000000 00:05 144216                     /drm mm object (deleted)
7f854947d000-7f854947f000 r-xp 00000000 08:02 4721849                    /tmp/jogamp_0000/file_cache/jln2803149357882592514/jln97665927502602014/libnativewindow_awt.so
7f854947f000-7f854967e000 ---p 00002000 08:02 4721849                    /tmp/jogamp_0000/file_cache/jln2803149357882592514/jln97665927502602014/libnativewindow_awt.so
7f854967e000-7f854967f000 rw-p 00001000 08:02 4721849                    /tmp/jogamp_0000/file_cache/jln2803149357882592514/jln97665927502602014/libnativewindow_awt.so
7f854967f000-7f8549680000 r-xp 00000000 08:02 8012156                    /usr/bin/processing-3.0/java/lib/amd64/libjawt.so
7f8549680000-7f854987f000 ---p 00001000 08:02 8012156                    /usr/bin/processing-3.0/java/lib/amd64/libjawt.so
7f854987f000-7f8549880000 rw-p 00000000 08:02 8012156                    /usr/bin/processing-3.0/java/lib/amd64/libjawt.so
7f8549880000-7f8549882000 r-xp 00000000 08:02 4721845                    /tmp/jogamp_0000/file_cache/jln2803149357882592514/jln97665927502602014/libgluegen-rt.so
7f8549882000-7f8549a81000 ---p 00002000 08:02 4721845                    /tmp/jogamp_0000/file_cache/jln2803149357882592514/jln97665927502602014/libgluegen-rt.so
7f8549a81000-7f8549a82000 rw-p 00001000 08:02 4721845                    /tmp/jogamp_0000/file_cache/jln2803149357882592514/jln97665927502602014/libgluegen-rt.so
7f8549a82000-7f8549a85000 ---p 00000000 00:00 0 
7f8549a85000-7f8549b83000 rw-p 00000000 00:00 0 
7f8549b83000-7f8549b94000 r-xp 00000000 08:02 8012203                    /usr/bin/processing-3.0/java/lib/amd64/libnio.so
7f8549b94000-7f8549d93000 ---p 00011000 08:02 8012203                    /usr/bin/processing-3.0/java/lib/amd64/libnio.so
7f8549d93000-7f8549d94000 rw-p 00010000 08:02 8012203                    /usr/bin/processing-3.0/java/lib/amd64/libnio.so
7f8549d94000-7f8549daa000 r-xp 00000000 08:02 8012151                    /usr/bin/processing-3.0/java/lib/amd64/libnet.so
7f8549daa000-7f8549faa000 ---p 00016000 08:02 8012151                    /usr/bin/processing-3.0/java/lib/amd64/libnet.so
7f8549faa000-7f8549fab000 rw-p 00016000 08:02 8012151                    /usr/bin/processing-3.0/java/lib/amd64/libnet.so
7f8549fab000-7f8549fae000 ---p 00000000 00:00 0 
7f8549fae000-7f8549fe4000 rw-p 00000000 00:00 0                          [stack:8906]
7f8549fe4000-7f8549fe5000 r--p 00000000 00:00 0 
7f8549fe5000-7f8549fe9000 r--s 00095000 08:02 6696012                    /usr/bin/processing-3.0/java/lib/jsse.jar
7f8549fe9000-7f854a1e9000 rw-p 00000000 00:00 0 
7f854a1e9000-7f854a1ec000 r--s 00041000 08:02 8014028                    /usr/bin/processing-3.0/modes/java/mode/org.netbeans.swing.outline.jar
7f854a1ec000-7f854a1f1000 r--s 00038000 08:02 8014038                    /usr/bin/processing-3.0/modes/java/mode/org.eclipse.text.jar
7f854a1f1000-7f854a205000 r--s 00121000 08:02 8014045                    /usr/bin/processing-3.0/modes/java/mode/org.eclipse.osgi.jar
7f854a205000-7f854a23d000 r--s 00515000 08:02 8014044                    /usr/bin/processing-3.0/modes/java/mode/org.eclipse.jdt.core.jar
7f854a23d000-7f854a240000 r--s 0001c000 08:02 8014042                    /usr/bin/processing-3.0/modes/java/mode/org.eclipse.equinox.preferences.jar
7f854a240000-7f854a243000 r--s 00018000 08:02 8014034                    /usr/bin/processing-3.0/modes/java/mode/org.eclipse.equinox.common.jar
7f854a243000-7f854a245000 r--s 00011000 08:02 8014037                    /usr/bin/processing-3.0/modes/java/mode/org.eclipse.core.runtime.jar
7f854a245000-7f854a250000 r--s 000c1000 08:02 8014040                    /usr/bin/processing-3.0/modes/java/mode/org.eclipse.core.resources.jar
7f854a250000-7f854a252000 r--s 00016000 08:02 8014027                    /usr/bin/processing-3.0/modes/java/mode/org.eclipse.core.jobs.jar
7f854a252000-7f854a257000 r--s 0003f000 08:02 8014032                    /usr/bin/processing-3.0/modes/java/mode/jsoup-1.7.1.jar
7f854a257000-7f854a264000 r--s 000cb000 08:02 8014036                    /usr/bin/processing-3.0/modes/java/mode/jdimodel.jar
7f854a264000-7f854a26a000 r--s 0007d000 08:02 8014033                    /usr/bin/processing-3.0/modes/java/mode/JavaMode.jar
7f854a26a000-7f854a2c5000 r--s 009e2000 08:02 8014039                    /usr/bin/processing-3.0/modes/java/mode/com.ibm.icu.jar
7f854a2c5000-7f854a2ce000 r-xp 00000000 08:02 6561541                    /usr/lib/x86_64-linux-gnu/libXrandr.so.2.2.0
7f854a2ce000-7f854a4cd000 ---p 00009000 08:02 6561541                    /usr/lib/x86_64-linux-gnu/libXrandr.so.2.2.0
7f854a4cd000-7f854a4ce000 r--p 00008000 08:02 6561541                    /usr/lib/x86_64-linux-gnu/libXrandr.so.2.2.0
7f854a4ce000-7f854a4cf000 rw-p 00009000 08:02 6561541                    /usr/lib/x86_64-linux-gnu/libXrandr.so.2.2.0
7f854a4cf000-7f854a4d2000 ---p 00000000 00:00 0 
7f854a4d2000-7f854a5d0000 rw-p 00000000 00:00 0                          [stack:8902]
7f854a5d0000-7f854a5d5000 r-xp 00000000 08:02 6561523                    /usr/lib/x86_64-linux-gnu/libXfixes.so.3.1.0
7f854a5d5000-7f854a7d4000 ---p 00005000 08:02 6561523                    /usr/lib/x86_64-linux-gnu/libXfixes.so.3.1.0
7f854a7d4000-7f854a7d5000 r--p 00004000 08:02 6561523                    /usr/lib/x86_64-linux-gnu/libXfixes.so.3.1.0
7f854a7d5000-7f854a7d6000 rw-p 00005000 08:02 6561523                    /usr/lib/x86_64-linux-gnu/libXfixes.so.3.1.0
7f854a7d6000-7f854a7df000 r-xp 00000000 08:02 6561515                    /usr/lib/x86_64-linux-gnu/libXcursor.so.1.0.2
7f854a7df000-7f854a9de000 ---p 00009000 08:02 6561515                    /usr/lib/x86_64-linux-gnu/libXcursor.so.1.0.2
7f854a9de000-7f854a9df000 r--p 00008000 08:02 6561515                    /usr/lib/x86_64-linux-gnu/libXcursor.so.1.0.2
7f854a9df000-7f854a9e0000 rw-p 00009000 08:02 6561515                    /usr/lib/x86_64-linux-gnu/libXcursor.so.1.0.2
7f854a9e0000-7f854a9f6000 r-xp 00000000 08:02 13635717                   /lib/x86_64-linux-gnu/libgcc_s.so.1
7f854a9f6000-7f854abf5000 ---p 00016000 08:02 13635717                   /lib/x86_64-linux-gnu/libgcc_s.so.1
7f854abf5000-7f854abf6000 rw-p 00015000 08:02 13635717                   /lib/x86_64-linux-gnu/libgcc_s.so.1
7f854abf6000-7f854ac5c000 r-xp 00000000 08:02 8012146                    /usr/bin/processing-3.0/java/lib/amd64/libfontmanager.so
7f854ac5c000-7f854ae5b000 ---p 00066000 08:02 8012146                    /usr/bin/processing-3.0/java/lib/amd64/libfontmanager.so
7f854ae5b000-7f854ae5f000 rw-p 00065000 08:02 8012146                    /usr/bin/processing-3.0/java/lib/amd64/libfontmanager.so
7f854ae5f000-7f854ae70000 rw-p 00000000 00:00 0 
7f854ae70000-7f854ae75000 r-xp 00000000 08:02 6561519                    /usr/lib/x86_64-linux-gnu/libXdmcp.so.6.0.0
7f854ae75000-7f854b074000 ---p 00005000 08:02 6561519                    /usr/lib/x86_64-linux-gnu/libXdmcp.so.6.0.0
7f854b074000-7f854b075000 r--p 00004000 08:02 6561519                    /usr/lib/x86_64-linux-gnu/libXdmcp.so.6.0.0
7f854b075000-7f854b076000 rw-p 00005000 08:02 6561519                    /usr/lib/x86_64-linux-gnu/libXdmcp.so.6.0.0
7f854b076000-7f854b078000 r-xp 00000000 08:02 6561508                    /usr/lib/x86_64-linux-gnu/libXau.so.6.0.0
7f854b078000-7f854b278000 ---p 00002000 08:02 6561508                    /usr/lib/x86_64-linux-gnu/libXau.so.6.0.0
7f854b278000-7f854b279000 r--p 00002000 08:02 6561508                    /usr/lib/x86_64-linux-gnu/libXau.so.6.0.0
7f854b279000-7f854b27a000 rw-p 00003000 08:02 6561508                    /usr/lib/x86_64-linux-gnu/libXau.so.6.0.0
7f854b27a000-7f854b297000 r-xp 00000000 08:02 6562574                    /usr/lib/x86_64-linux-gnu/libxcb.so.1.1.0
7f854b297000-7f854b497000 ---p 0001d000 08:02 6562574                    /usr/lib/x86_64-linux-gnu/libxcb.so.1.1.0
7f854b497000-7f854b498000 r--p 0001d000 08:02 6562574                    /usr/lib/x86_64-linux-gnu/libxcb.so.1.1.0
7f854b498000-7f854b499000 rw-p 0001e000 08:02 6562574                    /usr/lib/x86_64-linux-gnu/libxcb.so.1.1.0
7f854b499000-7f854b4a8000 r-xp 00000000 08:02 6561529                    /usr/lib/x86_64-linux-gnu/libXi.so.6.1.0
7f854b4a8000-7f854b6a7000 ---p 0000f000 08:02 6561529                    /usr/lib/x86_64-linux-gnu/libXi.so.6.1.0
7f854b6a7000-7f854b6a8000 r--p 0000e000 08:02 6561529                    /usr/lib/x86_64-linux-gnu/libXi.so.6.1.0
7f854b6a8000-7f854b6a9000 rw-p 0000f000 08:02 6561529                    /usr/lib/x86_64-linux-gnu/libXi.so.6.1.0
7f854b6a9000-7f854b6ae000 r-xp 00000000 08:02 6561549                    /usr/lib/x86_64-linux-gnu/libXtst.so.6.1.0
7f854b6ae000-7f854b8ad000 ---p 00005000 08:02 6561549                    /usr/lib/x86_64-linux-gnu/libXtst.so.6.1.0
7f854b8ad000-7f854b8ae000 r--p 00004000 08:02 6561549                    /usr/lib/x86_64-linux-gnu/libXtst.so.6.1.0
7f854b8ae000-7f854b8af000 rw-p 00005000 08:02 6561549                    /usr/lib/x86_64-linux-gnu/libXtst.so.6.1.0
7f854b8af000-7f854b8b8000 r-xp 00000000 08:02 6561543                    /usr/lib/x86_64-linux-gnu/libXrender.so.1.3.0
7f854b8b8000-7f854bab7000 ---p 00009000 08:02 6561543                    /usr/lib/x86_64-linux-gnu/libXrender.so.1.3.0
7f854bab7000-7f854bab8000 r--p 00008000 08:02 6561543                    /usr/lib/x86_64-linux-gnu/libXrender.so.1.3.0
7f854bab8000-7f854bab9000 rw-p 00009000 08:02 6561543                    /usr/lib/x86_64-linux-gnu/libXrender.so.1.3.0
7f854bab9000-7f854bbe9000 r-xp 00000000 08:02 6561504                    /usr/lib/x86_64-linux-gnu/libX11.so.6.3.0
7f854bbe9000-7f854bde9000 ---p 00130000 08:02 6561504                    /usr/lib/x86_64-linux-gnu/libX11.so.6.3.0
7f854bde9000-7f854bdea000 r--p 00130000 08:02 6561504                    /usr/lib/x86_64-linux-gnu/libX11.so.6.3.0
7f854bdea000-7f854bdee000 rw-p 00131000 08:02 6561504                    /usr/lib/x86_64-linux-gnu/libX11.so.6.3.0
7f854bdee000-7f854bdff000 r-xp 00000000 08:02 6561521                    /usr/lib/x86_64-linux-gnu/libXext.so.6.4.0
7f854bdff000-7f854bffe000 ---p 00011000 08:02 6561521                    /usr/lib/x86_64-linux-gnu/libXext.so.6.4.0
7f854bffe000-7f854bfff000 r--p 00010000 08:02 6561521                    /usr/lib/x86_64-linux-gnu/libXext.so.6.4.0
7f854bfff000-7f854c000000 rw-p 00011000 08:02 6561521                    /usr/lib/x86_64-linux-gnu/libXext.so.6.4.0
7f854c000000-7f854c78b000 rw-p 00000000 00:00 0 
7f854c78b000-7f8550000000 ---p 00000000 00:00 0 
7f8550000000-7f8550021000 rw-p 00000000 00:00 0 
7f8550021000-7f8554000000 ---p 00000000 00:00 0 
7f8554000000-7f85560cb000 rw-p 00000000 00:00 0 
7f85560cb000-7f8558000000 ---p 00000000 00:00 0 
7f8558000000-7f8559b01000 rw-p 00000000 00:00 0 
7f8559b01000-7f855c000000 ---p 00000000 00:00 0 
7f855c000000-7f855c021000 rw-p 00000000 00:00 0 
7f855c021000-7f8560000000 ---p 00000000 00:00 0 
7f8560000000-7f8560021000 rw-p 00000000 00:00 0 
7f8560021000-7f8564000000 ---p 00000000 00:00 0 
7f8564000000-7f8564021000 rw-p 00000000 00:00 0 
7f8564021000-7f8568000000 ---p 00000000 00:00 0 
7f8568000000-7f8568021000 rw-p 00000000 00:00 0 
7f8568021000-7f856c000000 ---p 00000000 00:00 0 
7f856c000000-7f856c021000 rw-p 00000000 00:00 0 
7f856c021000-7f8570000000 ---p 00000000 00:00 0 
7f8570000000-7f8570021000 rw-p 00000000 00:00 0 
7f8570021000-7f8574000000 ---p 00000000 00:00 0 
7f8574000000-7f8574021000 rw-p 00000000 00:00 0 
7f8574021000-7f8578000000 ---p 00000000 00:00 0 
7f8578000000-7f8578021000 rw-p 00000000 00:00 0 
7f8578021000-7f857c000000 ---p 00000000 00:00 0 
7f857c000000-7f857c021000 rw-p 00000000 00:00 0 
7f857c021000-7f8580000000 ---p 00000000 00:00 0 
7f8580000000-7f8580021000 rw-p 00000000 00:00 0 
7f8580021000-7f8584000000 ---p 00000000 00:00 0 
7f8584000000-7f8584021000 rw-p 00000000 00:00 0 
7f8584021000-7f8588000000 ---p 00000000 00:00 0 
7f8588000000-7f8588004000 r--s 0000e000 08:02 8014030                    /usr/bin/processing-3.0/modes/java/mode/jdi.jar
7f8588004000-7f8588009000 r--s 00068000 08:02 8014043                    /usr/bin/processing-3.0/modes/java/mode/antlr.jar
7f8588009000-7f8588013000 r--s 00097000 08:02 6695776                    /usr/bin/processing-3.0/lib/pde.jar
7f8588013000-7f8588027000 r--s 00127000 08:02 6695832                    /usr/bin/processing-3.0/lib/jna.jar
7f8588027000-7f8588045000 r--s 001bb000 08:02 6695851                    /usr/bin/processing-3.0/lib/ant.jar
7f8588045000-7f858805f000 r--s 01689000 08:02 6569030                    /usr/bin/processing-3.0/core/library/jogl-java-src.zip
7f858805f000-7f8588082000 r--s 00308000 08:02 6569034                    /usr/bin/processing-3.0/core/library/jogl-all.jar
7f8588082000-7f8588085000 ---p 00000000 00:00 0 
7f8588085000-7f8588183000 rw-p 00000000 00:00 0                          [stack:8901]
7f8588183000-7f85881d7000 r-xp 00000000 08:02 8012182                    /usr/bin/processing-3.0/java/lib/amd64/libawt_xawt.so
7f85881d7000-7f85883d7000 ---p 00054000 08:02 8012182                    /usr/bin/processing-3.0/java/lib/amd64/libawt_xawt.so
7f85883d7000-7f85883db000 rw-p 00054000 08:02 8012182                    /usr/bin/processing-3.0/java/lib/amd64/libawt_xawt.so
7f85883db000-7f85883dc000 rw-p 00000000 00:00 0 
7f85883dc000-7f858847e000 r-xp 00000000 08:02 8012174                    /usr/bin/processing-3.0/java/lib/amd64/libawt.so
7f858847e000-7f858867e000 ---p 000a2000 08:02 8012174                    /usr/bin/processing-3.0/java/lib/amd64/libawt.so
7f858867e000-7f858868a000 rw-p 000a2000 08:02 8012174                    /usr/bin/processing-3.0/java/lib/amd64/libawt.so
7f858868a000-7f85886ae000 rw-p 00000000 00:00 0 
7f85886ae000-7f85886af000 ---p 00000000 00:00 0 
7f85886af000-7f85887af000 rw-p 00000000 00:00 0                          [stack:8900]
7f85887af000-7f85887b2000 ---p 00000000 00:00 0 
7f85887b2000-7f85888b0000 rw-p 00000000 00:00 0                          [stack:8899]
7f85888b0000-7f85888b3000 ---p 00000000 00:00 0 
7f85888b3000-7f85889b1000 rw-p 00000000 00:00 0                          [stack:8898]
7f85889b1000-7f85889b4000 ---p 00000000 00:00 0 
7f85889b4000-7f8588ab2000 rw-p 00000000 00:00 0                          [stack:8897]
7f8588ab2000-7f8588ab5000 ---p 00000000 00:00 0 
7f8588ab5000-7f8588bb3000 rw-p 00000000 00:00 0                          [stack:8896]
7f8588bb3000-7f8588bb6000 ---p 00000000 00:00 0 
7f8588bb6000-7f8588cb4000 rw-p 00000000 00:00 0                          [stack:8890]
7f8588cb4000-7f8588cb7000 ---p 00000000 00:00 0 
7f8588cb7000-7f8588db5000 rw-p 00000000 00:00 0                          [stack:8885]
7f8588db5000-7f8588db8000 ---p 00000000 00:00 0 
7f8588db8000-7f8588eb6000 rw-p 00000000 00:00 0                          [stack:8884]
7f8588eb6000-7f8588eba000 r-xp 00000000 08:02 8012175                    /usr/bin/processing-3.0/java/lib/amd64/libdt_socket.so
7f8588eba000-7f85890b9000 ---p 00004000 08:02 8012175                    /usr/bin/processing-3.0/java/lib/amd64/libdt_socket.so
7f85890b9000-7f85890ba000 rw-p 00003000 08:02 8012175                    /usr/bin/processing-3.0/java/lib/amd64/libdt_socket.so
7f85890ba000-7f85890bd000 ---p 00000000 00:00 0 
7f85890bd000-7f85891bb000 rw-p 00000000 00:00 0                          [stack:8883]
7f85891bb000-7f85891be000 ---p 00000000 00:00 0 
7f85891be000-7f85892bc000 rw-p 00000000 00:00 0                          [stack:8882]
7f85892bc000-7f85892bf000 ---p 00000000 00:00 0 
7f85892bf000-7f85893bd000 rw-p 00000000 00:00 0                          [stack:8881]
7f85893bd000-7f85893be000 ---p 00000000 00:00 0 
7f85893be000-7f858a472000 rw-p 00000000 00:00 0                          [stack:8880]
7f858a472000-7f858a64a000 r--s 03d0c000 08:02 6695974                    /usr/bin/processing-3.0/java/lib/rt.jar
7f858a64a000-7f85932f7000 rw-p 00000000 00:00 0 
7f85932f7000-7f85932f8000 ---p 00000000 00:00 0 
7f85932f8000-7f85933f8000 rw-p 00000000 00:00 0                          [stack:8879]
7f85933f8000-7f85933f9000 ---p 00000000 00:00 0 
7f85933f9000-7f85934f9000 rw-p 00000000 00:00 0                          [stack:8878]
7f85934f9000-7f85934fa000 ---p 00000000 00:00 0 
7f85934fa000-7f85935fa000 rw-p 00000000 00:00 0                          [stack:8877]
7f85935fa000-7f85935fb000 ---p 00000000 00:00 0 
7f85935fb000-7f859374f000 rw-p 00000000 00:00 0                          [stack:8876]
7f859374f000-7f8593c2b000 ---p 00000000 00:00 0 
7f8593c2b000-7f8593c7f000 rw-p 00000000 00:00 0 
7f8593c7f000-7f859415a000 ---p 00000000 00:00 0 
7f859415a000-7f8594260000 rw-p 00000000 00:00 0 
7f8594260000-7f85943f2000 ---p 00000000 00:00 0 
7f85943f2000-7f8594411000 rw-p 00000000 00:00 0 
7f8594411000-7f85947b3000 ---p 00000000 00:00 0 
7f85947b3000-7f8594f23000 rwxp 00000000 00:00 0 
7f8594f23000-7f85a37b3000 ---p 00000000 00:00 0 
7f85a37b3000-7f85a37cd000 r-xp 00000000 08:02 8012189                    /usr/bin/processing-3.0/java/lib/amd64/libzip.so
7f85a37cd000-7f85a39cd000 ---p 0001a000 08:02 8012189                    /usr/bin/processing-3.0/java/lib/amd64/libzip.so
7f85a39cd000-7f85a39ce000 rw-p 0001a000 08:02 8012189                    /usr/bin/processing-3.0/java/lib/amd64/libzip.so
7f85a39ce000-7f85a39d9000 r-xp 00000000 08:02 13635765                   /lib/x86_64-linux-gnu/libnss_files-2.19.so
7f85a39d9000-7f85a3bd8000 ---p 0000b000 08:02 13635765                   /lib/x86_64-linux-gnu/libnss_files-2.19.so
7f85a3bd8000-7f85a3bd9000 r--p 0000a000 08:02 13635765                   /lib/x86_64-linux-gnu/libnss_files-2.19.so
7f85a3bd9000-7f85a3bda000 rw-p 0000b000 08:02 13635765                   /lib/x86_64-linux-gnu/libnss_files-2.19.so
7f85a3bda000-7f85a3be5000 r-xp 00000000 08:02 13635775                   /lib/x86_64-linux-gnu/libnss_nis-2.19.so
7f85a3be5000-7f85a3de4000 ---p 0000b000 08:02 13635775                   /lib/x86_64-linux-gnu/libnss_nis-2.19.so
7f85a3de4000-7f85a3de5000 r--p 0000a000 08:02 13635775                   /lib/x86_64-linux-gnu/libnss_nis-2.19.so
7f85a3de5000-7f85a3de6000 rw-p 0000b000 08:02 13635775                   /lib/x86_64-linux-gnu/libnss_nis-2.19.so
7f85a3de6000-7f85a3dfd000 r-xp 00000000 08:02 13635759                   /lib/x86_64-linux-gnu/libnsl-2.19.so
7f85a3dfd000-7f85a3ffc000 ---p 00017000 08:02 13635759                   /lib/x86_64-linux-gnu/libnsl-2.19.so
7f85a3ffc000-7f85a3ffd000 r--p 00016000 08:02 13635759                   /lib/x86_64-linux-gnu/libnsl-2.19.so
7f85a3ffd000-7f85a3ffe000 rw-p 00017000 08:02 13635759                   /lib/x86_64-linux-gnu/libnsl-2.19.so
7f85a3ffe000-7f85a4000000 rw-p 00000000 00:00 0 
7f85a4000000-7f85a48c8000 rw-p 00000000 00:00 0 
7f85a48c8000-7f85a8000000 ---p 00000000 00:00 0 
7f85a8000000-7f85a8002000 r--s 00015000 08:02 8014029                    /usr/bin/processing-3.0/modes/java/mode/org.eclipse.core.contenttype.jar
7f85a8002000-7f85a8003000 r--s 00003000 08:02 8014046                    /usr/bin/processing-3.0/modes/java/mode/jdtCompilerAdapter.jar
7f85a8003000-7f85a8004000 r--s 00003000 08:02 8014035                    /usr/bin/processing-3.0/modes/java/mode/classpath-explorer-1.0.jar
7f85a8004000-7f85a8006000 r--s 00002000 08:02 6695836                    /usr/bin/processing-3.0/lib/ant-launcher.jar
7f85a8006000-7f85a8008000 r--s 00005000 08:02 4591938                    /home/akelly/sketchbook/libraries/minim/library/mp3spi1.9.5.jar
7f85a8008000-7f85a8009000 r--s 0000b000 08:02 4591937                    /home/akelly/sketchbook/libraries/minim/library/jsminim.jar
7f85a8009000-7f85a800d000 r--s 00040000 08:02 4591936                    /home/akelly/sketchbook/libraries/minim/library/jl1.0.1.jar
7f85a800d000-7f85a8010000 r--s 00017000 08:02 4591933                    /home/akelly/sketchbook/libraries/minim/library/tritonus_share.jar
7f85a8010000-7f85a8013000 r--s 00016000 08:02 4591932                    /home/akelly/sketchbook/libraries/minim/library/minim.jar
7f85a8013000-7f85a801b000 r--s 003d3000 08:02 6569026                    /usr/bin/processing-3.0/core/library/gluegen-java-src.zip
7f85a801b000-7f85a806a000 rw-p 00000000 00:00 0 
7f85a806a000-7f85a8073000 r-xp 00000000 08:02 13635761                   /lib/x86_64-linux-gnu/libnss_compat-2.19.so
7f85a8073000-7f85a8272000 ---p 00009000 08:02 13635761                   /lib/x86_64-linux-gnu/libnss_compat-2.19.so
7f85a8272000-7f85a8273000 r--p 00008000 08:02 13635761                   /lib/x86_64-linux-gnu/libnss_compat-2.19.so
7f85a8273000-7f85a8274000 rw-p 00009000 08:02 13635761                   /lib/x86_64-linux-gnu/libnss_compat-2.19.so
7f85a8274000-7f85a8956000 r--p 00000000 08:02 6560506                    /usr/lib/locale/locale-archive
7f85a8956000-7f85a8958000 r-xp 00000000 08:02 8012169                    /usr/bin/processing-3.0/java/lib/amd64/libnpt.so
7f85a8958000-7f85a8b58000 ---p 00002000 08:02 8012169                    /usr/bin/processing-3.0/java/lib/amd64/libnpt.so
7f85a8b58000-7f85a8b59000 rw-p 00002000 08:02 8012169                    /usr/bin/processing-3.0/java/lib/amd64/libnpt.so
7f85a8b59000-7f85a8b92000 r-xp 00000000 08:02 8012184                    /usr/bin/processing-3.0/java/lib/amd64/libjdwp.so
7f85a8b92000-7f85a8d91000 ---p 00039000 08:02 8012184                    /usr/bin/processing-3.0/java/lib/amd64/libjdwp.so
7f85a8d91000-7f85a8d93000 rw-p 00038000 08:02 8012184                    /usr/bin/processing-3.0/java/lib/amd64/libjdwp.so
7f85a8d93000-7f85a8dbd000 r-xp 00000000 08:02 8012204                    /usr/bin/processing-3.0/java/lib/amd64/libjava.so
7f85a8dbd000-7f85a8fbd000 ---p 0002a000 08:02 8012204                    /usr/bin/processing-3.0/java/lib/amd64/libjava.so
7f85a8fbd000-7f85a8fbf000 rw-p 0002a000 08:02 8012204                    /usr/bin/processing-3.0/java/lib/amd64/libjava.so
7f85a8fbf000-7f85a8fcc000 r-xp 00000000 08:02 8012148                    /usr/bin/processing-3.0/java/lib/amd64/libverify.so
7f85a8fcc000-7f85a91cc000 ---p 0000d000 08:02 8012148                    /usr/bin/processing-3.0/java/lib/amd64/libverify.so
7f85a91cc000-7f85a91ce000 rw-p 0000d000 08:02 8012148                    /usr/bin/processing-3.0/java/lib/amd64/libverify.so
7f85a91ce000-7f85a91d5000 r-xp 00000000 08:02 13635818                   /lib/x86_64-linux-gnu/librt-2.19.so
7f85a91d5000-7f85a93d4000 ---p 00007000 08:02 13635818                   /lib/x86_64-linux-gnu/librt-2.19.so
7f85a93d4000-7f85a93d5000 r--p 00006000 08:02 13635818                   /lib/x86_64-linux-gnu/librt-2.19.so
7f85a93d5000-7f85a93d6000 rw-p 00007000 08:02 13635818                   /lib/x86_64-linux-gnu/librt-2.19.so
7f85a93d6000-7f85a94db000 r-xp 00000000 08:02 13635740                   /lib/x86_64-linux-gnu/libm-2.19.so
7f85a94db000-7f85a96da000 ---p 00105000 08:02 13635740                   /lib/x86_64-linux-gnu/libm-2.19.so
7f85a96da000-7f85a96db000 r--p 00104000 08:02 13635740                   /lib/x86_64-linux-gnu/libm-2.19.so
7f85a96db000-7f85a96dc000 rw-p 00105000 08:02 13635740                   /lib/x86_64-linux-gnu/libm-2.19.so
7f85a96dc000-7f85aa38a000 r-xp 00000000 08:02 8012167                    /usr/bin/processing-3.0/java/lib/amd64/server/libjvm.so
7f85aa38a000-7f85aa58a000 ---p 00cae000 08:02 8012167                    /usr/bin/processing-3.0/java/lib/amd64/server/libjvm.so
7f85aa58a000-7f85aa661000 rw-p 00cae000 08:02 8012167                    /usr/bin/processing-3.0/java/lib/amd64/server/libjvm.so
7f85aa661000-7f85aa6a5000 rw-p 00000000 00:00 0 
7f85aa6a5000-7f85aa860000 r-xp 00000000 08:02 13635690                   /lib/x86_64-linux-gnu/libc-2.19.so
7f85aa860000-7f85aaa5f000 ---p 001bb000 08:02 13635690                   /lib/x86_64-linux-gnu/libc-2.19.so
7f85aaa5f000-7f85aaa63000 r--p 001ba000 08:02 13635690                   /lib/x86_64-linux-gnu/libc-2.19.so
7f85aaa63000-7f85aaa65000 rw-p 001be000 08:02 13635690                   /lib/x86_64-linux-gnu/libc-2.19.so
7f85aaa65000-7f85aaa6a000 rw-p 00000000 00:00 0 
7f85aaa6a000-7f85aaa6d000 r-xp 00000000 08:02 13635707                   /lib/x86_64-linux-gnu/libdl-2.19.so
7f85aaa6d000-7f85aac6c000 ---p 00003000 08:02 13635707                   /lib/x86_64-linux-gnu/libdl-2.19.so
7f85aac6c000-7f85aac6d000 r--p 00002000 08:02 13635707                   /lib/x86_64-linux-gnu/libdl-2.19.so
7f85aac6d000-7f85aac6e000 rw-p 00003000 08:02 13635707                   /lib/x86_64-linux-gnu/libdl-2.19.so
7f85aac6e000-7f85aac83000 r-xp 00000000 08:02 8012145                    /usr/bin/processing-3.0/java/lib/amd64/jli/libjli.so
7f85aac83000-7f85aae83000 ---p 00015000 08:02 8012145                    /usr/bin/processing-3.0/java/lib/amd64/jli/libjli.so
7f85aae83000-7f85aae84000 rw-p 00015000 08:02 8012145                    /usr/bin/processing-3.0/java/lib/amd64/jli/libjli.so
7f85aae84000-7f85aae9d000 r-xp 00000000 08:02 13635810                   /lib/x86_64-linux-gnu/libpthread-2.19.so
7f85aae9d000-7f85ab09c000 ---p 00019000 08:02 13635810                   /lib/x86_64-linux-gnu/libpthread-2.19.so
7f85ab09c000-7f85ab09d000 r--p 00018000 08:02 13635810                   /lib/x86_64-linux-gnu/libpthread-2.19.so
7f85ab09d000-7f85ab09e000 rw-p 00019000 08:02 13635810                   /lib/x86_64-linux-gnu/libpthread-2.19.so
7f85ab09e000-7f85ab0a2000 rw-p 00000000 00:00 0 
7f85ab0a2000-7f85ab0c5000 r-xp 00000000 08:02 13635666                   /lib/x86_64-linux-gnu/ld-2.19.so
7f85ab0c5000-7f85ab0c6000 r--s 00002000 08:02 4591935                    /home/akelly/sketchbook/libraries/minim/library/tritonus_aos.jar
7f85ab0c6000-7f85ab0c7000 r--s 00001000 08:02 6569033                    /usr/bin/processing-3.0/core/library/gluegen-rt-natives-macosx-universal.jar
7f85ab0c7000-7f85ab0c9000 r--s 00038000 08:02 6569032                    /usr/bin/processing-3.0/core/library/jogl-all-natives-windows-amd64.jar
7f85ab0c9000-7f85ab0ca000 r--s 00034000 08:02 6569031                    /usr/bin/processing-3.0/core/library/jogl-all-natives-linux-amd64.jar
7f85ab0ca000-7f85ab0cb000 r--s 00001000 08:02 6569036                    /usr/bin/processing-3.0/core/library/gluegen-rt-natives-windows-i586.jar
7f85ab0cb000-7f85ab19c000 rw-p 00000000 00:00 0 
7f85ab19c000-7f85ab19f000 ---p 00000000 00:00 0 
7f85ab19f000-7f85ab2a1000 rw-p 00000000 00:00 0                          [stack:8875]
7f85ab2a1000-7f85ab2a7000 r--s 0004a000 08:02 6569021                    /usr/bin/processing-3.0/core/library/gluegen-rt.jar
7f85ab2a7000-7f85ab2a8000 r--s 00000000 08:02 6569035                    /usr/bin/processing-3.0/core/library/gluegen-rt-natives-linux-armv6hf.jar
7f85ab2a8000-7f85ab2a9000 r--s 00031000 08:02 6569019                    /usr/bin/processing-3.0/core/library/jogl-all-natives-windows-i586.jar
7f85ab2a9000-7f85ab2aa000 r--s 00001000 08:02 6569022                    /usr/bin/processing-3.0/core/library/gluegen-rt-natives-windows-amd64.jar
7f85ab2aa000-7f85ab2ac000 r--s 0006c000 08:02 6569020                    /usr/bin/processing-3.0/core/library/jogl-all-natives-macosx-universal.jar
7f85ab2ac000-7f85ab2b1000 r--s 000f0000 08:02 6569027                    /usr/bin/processing-3.0/core/library/core.jar
7f85ab2b1000-7f85ab2b3000 r--s 00000000 08:02 6569025                    /usr/bin/processing-3.0/core/library/gluegen-rt-natives-linux-amd64.jar
7f85ab2b3000-7f85ab2b4000 r--s 00026000 08:02 6569028                    /usr/bin/processing-3.0/core/library/jogl-all-natives-linux-armv6hf.jar
7f85ab2b4000-7f85ab2b5000 r--s 00032000 08:02 6569024                    /usr/bin/processing-3.0/core/library/jogl-all-natives-linux-i586.jar
7f85ab2b5000-7f85ab2b7000 r--s 00000000 08:02 6569023                    /usr/bin/processing-3.0/core/library/gluegen-rt-natives-linux-i586.jar
7f85ab2b7000-7f85ab2b8000 rw-p 00000000 00:00 0 
7f85ab2b8000-7f85ab2c0000 rw-s 00000000 08:02 4325390                    /tmp/hsperfdata_akelly/8873
7f85ab2c0000-7f85ab2c1000 rw-p 00000000 00:00 0 
7f85ab2c1000-7f85ab2c2000 r--p 00000000 00:00 0 
7f85ab2c2000-7f85ab2c4000 rw-p 00000000 00:00 0 
7f85ab2c4000-7f85ab2c5000 r--p 00022000 08:02 13635666                   /lib/x86_64-linux-gnu/ld-2.19.so
7f85ab2c5000-7f85ab2c6000 rw-p 00023000 08:02 13635666                   /lib/x86_64-linux-gnu/ld-2.19.so
7f85ab2c6000-7f85ab2c7000 rw-p 00000000 00:00 0 
7fff1a01f000-7fff1a042000 rw-p 00000000 00:00 0                          [stack]
7fff1a18d000-7fff1a18f000 r--p 00000000 00:00 0                          [vvar]
7fff1a18f000-7fff1a191000 r-xp 00000000 00:00 0                          [vdso]
ffffffffff600000-ffffffffff601000 r-xp 00000000 00:00 0                  [vsyscall]

VM Arguments:
jvm_args: -agentlib:jdwp=transport=dt_socket,address=8591,server=y,suspend=y -Djava.library.path=:/usr/bin/processing-3.0/core/library:/home/akelly/sketchbook/libraries/minim/library:/usr/java/packages/lib/amd64:/usr/lib64:/lib64:/lib:/usr/lib -ea 
java_command: processing.core.PApplet --display=1 --sketch-path=/home/akelly/sketchbook/_audioVisualizer/_audioVisualizer/build build
java_class_path (initial): /home/akelly/sketchbook/_audioVisualizer/_audioVisualizer/build/build-tmp:/usr/bin/processing-3.0/core/library/gluegen-rt-natives-linux-i586.jar:/usr/bin/processing-3.0/core/library/jogl-all-natives-linux-i586.jar:/usr/bin/processing-3.0/core/library/jogl-all-natives-linux-armv6hf.jar:/usr/bin/processing-3.0/core/library/gluegen-rt-natives-linux-amd64.jar:/usr/bin/processing-3.0/core/library/core.jar:/usr/bin/processing-3.0/core/library/jogl-all-natives-macosx-universal.jar:/usr/bin/processing-3.0/core/library/gluegen-rt-natives-windows-amd64.jar:/usr/bin/processing-3.0/core/library/jogl-all-natives-windows-i586.jar:/usr/bin/processing-3.0/core/library/gluegen-rt-natives-linux-armv6hf.jar:/usr/bin/processing-3.0/core/library/gluegen-rt.jar:/usr/bin/processing-3.0/core/library/gluegen-rt-natives-windows-i586.jar:/usr/bin/processing-3.0/core/library/jogl-all.jar:/usr/bin/processing-3.0/core/library/jogl-all-natives-linux-amd64.jar:/usr/bin/processing-3.0/core/library/jogl-all-natives-windows-amd64.jar:/usr/bin/processing-3.0/core/library/gluegen-java-src.zip:/usr/bin/processing-3.0/core/library/jogl-java-src.zip:/usr/bin/processing-3.0/core/library/gluegen-rt-natives-macosx-universal.jar:/usr/bin/processing-3.0/core/library/gluegen-rt-natives-linux-i586.jar:/usr/bin/processing-3.0/core/library/jogl-all-natives-linux-i586.jar:/usr/bin/processing-3.0/core/library/jogl-all-natives-linux-armv6hf.jar:/usr/bin/processing-3.0/core/library/gluegen-rt-natives-linux-amd64.jar:/usr/bin/processing-3.0/core/library/core.jar:/usr/bin/processing-3.0/core/library/jogl-all-natives-macosx-universal.jar:/usr/bin/processing-3.0/core/library/gluegen-rt-natives-windows-amd64.jar:/usr/bin/processing-3.0/core/library/jogl-all-natives-windows-i586.jar:/usr/bin/processing-3.0/core/library/gluegen-rt-natives-linux-armv6hf.jar:/usr/bin/processing-3.0/core/library/gluegen-rt.jar:/usr/bin/processing-3.0/core/library/gluegen-rt-natives-windows-i586.jar:/usr/bin/processi
Launcher Type: SUN_STANDARD

Environment Variables:
PATH=/usr/bin/processing-3.0/java/bin:/usr/local/sbin:/usr/local/bin:/usr/sbin:/usr/bin:/sbin:/bin:/usr/games:/usr/local/games
SHELL=/bin/bash
DISPLAY=:0

Signal Handlers:
SIGSEGV: [libjvm.so+0xaad540], sa_mask[0]=11111111011111111101111111111110, sa_flags=SA_RESTART|SA_SIGINFO
SIGBUS: [libjvm.so+0xaad540], sa_mask[0]=11111111011111111101111111111110, sa_flags=SA_RESTART|SA_SIGINFO
SIGFPE: [libjvm.so+0x90b6b0], sa_mask[0]=11111111011111111101111111111110, sa_flags=SA_RESTART|SA_SIGINFO
SIGPIPE: [libjvm.so+0x90b6b0], sa_mask[0]=11111111011111111101111111111110, sa_flags=SA_RESTART|SA_SIGINFO
SIGXFSZ: [libjvm.so+0x90b6b0], sa_mask[0]=11111111011111111101111111111110, sa_flags=SA_RESTART|SA_SIGINFO
SIGILL: [libjvm.so+0x90b6b0], sa_mask[0]=11111111011111111101111111111110, sa_flags=SA_RESTART|SA_SIGINFO
SIGUSR1: SIG_DFL, sa_mask[0]=00000000000000000000000000000000, sa_flags=none
SIGUSR2: [libjvm.so+0x90ccf0], sa_mask[0]=00100000000000000000000000000000, sa_flags=SA_RESTART|SA_SIGINFO
SIGHUP: [libjvm.so+0x90e040], sa_mask[0]=11111111011111111101111111111110, sa_flags=SA_RESTART|SA_SIGINFO
SIGINT: [libjvm.so+0x90e040], sa_mask[0]=11111111011111111101111111111110, sa_flags=SA_RESTART|SA_SIGINFO
SIGTERM: [libjvm.so+0x90e040], sa_mask[0]=11111111011111111101111111111110, sa_flags=SA_RESTART|SA_SIGINFO
SIGQUIT: [libjvm.so+0x90e040], sa_mask[0]=11111111011111111101111111111110, sa_flags=SA_RESTART|SA_SIGINFO


---------------  S Y S T E M  ---------------

OS:DISTRIB_ID=Ubuntu
DISTRIB_RELEASE=14.04
DISTRIB_CODENAME=trusty
DISTRIB_DESCRIPTION="Ubuntu 14.04.3 LTS"

uname:Linux 3.19.0-28-generic #30~14.04.1-Ubuntu SMP Tue Sep 1 09:32:55 UTC 2015 x86_64
libc:glibc 2.19 NPTL 2.19 
rlimit: STACK 8192k, CORE 0k, NPROC 63284, NOFILE 4096, AS infinity
load average:2.83 2.53 2.65

/proc/meminfo:
MemTotal:       16309452 kB
MemFree:        10970552 kB
MemAvailable:   12170284 kB
Buffers:          116472 kB
Cached:          1781016 kB
SwapCached:           48 kB
Active:          4231132 kB
Inactive:         838776 kB
Active(anon):    3303012 kB
Inactive(anon):   441860 kB
Active(file):     928120 kB
Inactive(file):   396916 kB
Unevictable:          92 kB
Mlocked:              92 kB
SwapTotal:      16653308 kB
SwapFree:       16584364 kB
Dirty:              2236 kB
Writeback:             0 kB
AnonPages:       3172564 kB
Mapped:           586224 kB
Shmem:            572456 kB
Slab:             128900 kB
SReclaimable:      87276 kB
SUnreclaim:        41624 kB
KernelStack:       10576 kB
PageTables:        52684 kB
NFS_Unstable:          0 kB
Bounce:                0 kB
WritebackTmp:          0 kB
CommitLimit:    24808032 kB
Committed_AS:    9443620 kB
VmallocTotal:   34359738367 kB
VmallocUsed:      384844 kB
VmallocChunk:   34359343192 kB
HardwareCorrupted:     0 kB
AnonHugePages:    956416 kB
CmaTotal:              0 kB
CmaFree:               0 kB
HugePages_Total:       0
HugePages_Free:        0
HugePages_Rsvd:        0
HugePages_Surp:        0
Hugepagesize:       2048 kB
DirectMap4k:      200108 kB
DirectMap2M:    12259328 kB
DirectMap1G:     4194304 kB


CPU:total 4 (2 cores per cpu, 2 threads per core) family 6 model 61 stepping 4, cmov, cx8, fxsr, mmx, sse, sse2, sse3, ssse3, sse4.1, sse4.2, popcnt, avx, avx2, aes, clmul, erms, rtm, 3dnowpref, lzcnt, ht, tsc, tscinvbit, bmi1, bmi2, adx

/proc/cpuinfo:
processor	: 0
vendor_id	: GenuineIntel
cpu family	: 6
model		: 61
model name	: Intel(R) Core(TM) i7-5600U CPU @ 2.60GHz
stepping	: 4
microcode	: 0x19
cpu MHz		: 1859.406
cache size	: 4096 KB
physical id	: 0
siblings	: 4
core id		: 0
cpu cores	: 2
apicid		: 0
initial apicid	: 0
fpu		: yes
fpu_exception	: yes
cpuid level	: 20
wp		: yes
flags		: fpu vme de pse tsc msr pae mce cx8 apic sep mtrr pge mca cmov pat pse36 clflush dts acpi mmx fxsr sse sse2 ss ht tm pbe syscall nx pdpe1gb rdtscp lm constant_tsc arch_perfmon pebs bts rep_good nopl xtopology nonstop_tsc aperfmperf eagerfpu pni pclmulqdq dtes64 monitor ds_cpl vmx smx est tm2 ssse3 fma cx16 xtpr pdcm pcid sse4_1 sse4_2 x2apic movbe popcnt tsc_deadline_timer aes xsave avx f16c rdrand lahf_lm abm 3dnowprefetch ida arat epb pln pts dtherm tpr_shadow vnmi flexpriority ept vpid fsgsbase tsc_adjust bmi1 hle avx2 smep bmi2 erms invpcid rtm rdseed adx smap xsaveopt
bugs		:
bogomips	: 5188.48
clflush size	: 64
cache_alignment	: 64
address sizes	: 39 bits physical, 48 bits virtual
power management:

processor	: 1
vendor_id	: GenuineIntel
cpu family	: 6
model		: 61
model name	: Intel(R) Core(TM) i7-5600U CPU @ 2.60GHz
stepping	: 4
microcode	: 0x19
cpu MHz		: 1899.929
cache size	: 4096 KB
physical id	: 0
siblings	: 4
core id		: 0
cpu cores	: 2
apicid		: 1
initial apicid	: 1
fpu		: yes
fpu_exception	: yes
cpuid level	: 20
wp		: yes
flags		: fpu vme de pse tsc msr pae mce cx8 apic sep mtrr pge mca cmov pat pse36 clflush dts acpi mmx fxsr sse sse2 ss ht tm pbe syscall nx pdpe1gb rdtscp lm constant_tsc arch_perfmon pebs bts rep_good nopl xtopology nonstop_tsc aperfmperf eagerfpu pni pclmulqdq dtes64 monitor ds_cpl vmx smx est tm2 ssse3 fma cx16 xtpr pdcm pcid sse4_1 sse4_2 x2apic movbe popcnt tsc_deadline_timer aes xsave avx f16c rdrand lahf_lm abm 3dnowprefetch ida arat epb pln pts dtherm tpr_shadow vnmi flexpriority ept vpid fsgsbase tsc_adjust bmi1 hle avx2 smep bmi2 erms invpcid rtm rdseed adx smap xsaveopt
bugs		:
bogomips	: 5188.48
clflush size	: 64
cache_alignment	: 64
address sizes	: 39 bits physical, 48 bits virtual
power management:

processor	: 2
vendor_id	: GenuineIntel
cpu family	: 6
model		: 61
model name	: Intel(R) Core(TM) i7-5600U CPU @ 2.60GHz
stepping	: 4
microcode	: 0x19
cpu MHz		: 1842.140
cache size	: 4096 KB
physical id	: 0
siblings	: 4
core id		: 1
cpu cores	: 2
apicid		: 2
initial apicid	: 2
fpu		: yes
fpu_exception	: yes
cpuid level	: 20
wp		: yes
flags		: fpu vme de pse tsc msr pae mce cx8 apic sep mtrr pge mca cmov pat pse36 clflush dts acpi mmx fxsr sse sse2 ss ht tm pbe syscall nx pdpe1gb rdtscp lm constant_tsc arch_perfmon pebs bts rep_good nopl xtopology nonstop_tsc aperfmperf eagerfpu pni pclmulqdq dtes64 monitor ds_cpl vmx smx est tm2 ssse3 fma cx16 xtpr pdcm pcid sse4_1 sse4_2 x2apic movbe popcnt tsc_deadline_timer aes xsave avx f16c rdrand lahf_lm abm 3dnowprefetch ida arat epb pln pts dtherm tpr_shadow vnmi flexpriority ept vpid fsgsbase tsc_adjust bmi1 hle avx2 smep bmi2 erms invpcid rtm rdseed adx smap xsaveopt
bugs		:
bogomips	: 5188.48
clflush size	: 64
cache_alignment	: 64
address sizes	: 39 bits physical, 48 bits virtual
power management:

processor	: 3
vendor_id	: GenuineIntel
cpu family	: 6
model		: 61
model name	: Intel(R) Core(TM) i7-5600U CPU @ 2.60GHz
stepping	: 4
microcode	: 0x19
cpu MHz		: 1848.234
cache size	: 4096 KB
physical id	: 0
siblings	: 4
core id		: 1
cpu cores	: 2
apicid		: 3
initial apicid	: 3
fpu		: yes
fpu_exception	: yes
cpuid level	: 20
wp		: yes
flags		: fpu vme de pse tsc msr pae mce cx8 apic sep mtrr pge mca cmov pat pse36 clflush dts acpi mmx fxsr sse sse2 ss ht tm pbe syscall nx pdpe1gb rdtscp lm constant_tsc arch_perfmon pebs bts rep_good nopl xtopology nonstop_tsc aperfmperf eagerfpu pni pclmulqdq dtes64 monitor ds_cpl vmx smx est tm2 ssse3 fma cx16 xtpr pdcm pcid sse4_1 sse4_2 x2apic movbe popcnt tsc_deadline_timer aes xsave avx f16c rdrand lahf_lm abm 3dnowprefetch ida arat epb pln pts dtherm tpr_shadow vnmi flexpriority ept vpid fsgsbase tsc_adjust bmi1 hle avx2 smep bmi2 erms invpcid rtm rdseed adx smap xsaveopt
bugs		:
bogomips	: 5188.48
clflush size	: 64
cache_alignment	: 64
address sizes	: 39 bits physical, 48 bits virtual
power management:



Memory: 4k page, physical 16309452k(10970552k free), swap 16653308k(16584364k free)

vm_info: Java HotSpot(TM) 64-Bit Server VM (25.51-b03) for linux-amd64 JRE (1.8.0_51-b16), built on Jun  8 2015 19:28:07 by "java_re" with gcc 4.3.0 20080428 (Red Hat 4.3.0-8)

time: Sat Oct 10 15:52:08 2015
elapsed time: 7 seconds (0d 0h 0m 7s)

